[2024-12-17T17:40:18.935+0000] {__init__.py:54} DEBUG - Loading core task runner: StandardTaskRunner
[2024-12-17T17:40:18.962+0000] {base_task_runner.py:73} DEBUG - Planning to run as the  user
[2024-12-17T17:40:18.969+0000] {local_task_job_runner.py:123} INFO - ::group::Pre task execution logs
[2024-12-17T17:40:18.987+0000] {taskinstance.py:2625} DEBUG - <TaskInstance: tiktok_dag.load_usernames manual__2024-12-17T17:40:15.433042+00:00 [queued]> dependency 'Trigger Rule' PASSED: True, The task instance did not have any upstream tasks.
[2024-12-17T17:40:18.989+0000] {taskinstance.py:2625} DEBUG - <TaskInstance: tiktok_dag.load_usernames manual__2024-12-17T17:40:15.433042+00:00 [queued]> dependency 'Task Instance State' PASSED: True, Task state queued was valid.
[2024-12-17T17:40:18.991+0000] {taskinstance.py:2625} DEBUG - <TaskInstance: tiktok_dag.load_usernames manual__2024-12-17T17:40:15.433042+00:00 [queued]> dependency 'Task Instance Not Running' PASSED: True, Task is not in running state.
[2024-12-17T17:40:18.991+0000] {taskinstance.py:2625} DEBUG - <TaskInstance: tiktok_dag.load_usernames manual__2024-12-17T17:40:15.433042+00:00 [queued]> dependency 'Not In Retry Period' PASSED: True, The task instance was not marked for retrying.
[2024-12-17T17:40:18.992+0000] {taskinstance.py:2625} DEBUG - <TaskInstance: tiktok_dag.load_usernames manual__2024-12-17T17:40:15.433042+00:00 [queued]> dependency 'Previous Dagrun State' PASSED: True, The task did not have depends_on_past set.
[2024-12-17T17:40:19.000+0000] {taskinstance.py:2613} INFO - Dependencies all met for dep_context=non-requeueable deps ti=<TaskInstance: tiktok_dag.load_usernames manual__2024-12-17T17:40:15.433042+00:00 [queued]>
[2024-12-17T17:40:19.001+0000] {taskinstance.py:2625} DEBUG - <TaskInstance: tiktok_dag.load_usernames manual__2024-12-17T17:40:15.433042+00:00 [queued]> dependency 'Trigger Rule' PASSED: True, The task instance did not have any upstream tasks.
[2024-12-17T17:40:19.001+0000] {taskinstance.py:2625} DEBUG - <TaskInstance: tiktok_dag.load_usernames manual__2024-12-17T17:40:15.433042+00:00 [queued]> dependency 'Not In Retry Period' PASSED: True, The task instance was not marked for retrying.
[2024-12-17T17:40:19.002+0000] {taskinstance.py:2625} DEBUG - <TaskInstance: tiktok_dag.load_usernames manual__2024-12-17T17:40:15.433042+00:00 [queued]> dependency 'Previous Dagrun State' PASSED: True, The task did not have depends_on_past set.
[2024-12-17T17:40:19.002+0000] {taskinstance.py:2625} DEBUG - <TaskInstance: tiktok_dag.load_usernames manual__2024-12-17T17:40:15.433042+00:00 [queued]> dependency 'Task Concurrency' PASSED: True, Task concurrency is not set.
[2024-12-17T17:40:19.010+0000] {taskinstance.py:2625} DEBUG - <TaskInstance: tiktok_dag.load_usernames manual__2024-12-17T17:40:15.433042+00:00 [queued]> dependency 'Pool Slots Available' PASSED: True, There are enough open slots in default_pool to execute the task
[2024-12-17T17:40:19.014+0000] {taskinstance.py:2613} INFO - Dependencies all met for dep_context=requeueable deps ti=<TaskInstance: tiktok_dag.load_usernames manual__2024-12-17T17:40:15.433042+00:00 [queued]>
[2024-12-17T17:40:19.015+0000] {taskinstance.py:2866} INFO - Starting attempt 1 of 2
[2024-12-17T17:40:19.033+0000] {taskinstance.py:2889} INFO - Executing <Task(PythonOperator): load_usernames> on 2024-12-17 17:40:15.433042+00:00
[2024-12-17T17:40:19.045+0000] {logging_mixin.py:190} WARNING - /home/***/.local/lib/python3.12/site-packages/***/task/task_runner/standard_task_runner.py:70 DeprecationWarning: This process (pid=1618) is multi-threaded, use of fork() may lead to deadlocks in the child.
[2024-12-17T17:40:19.047+0000] {standard_task_runner.py:72} INFO - Started process 1620 to run task
[2024-12-17T17:40:19.045+0000] {standard_task_runner.py:104} INFO - Running: ['***', 'tasks', 'run', 'tiktok_dag', 'load_usernames', 'manual__2024-12-17T17:40:15.433042+00:00', '--job-id', '53', '--raw', '--subdir', 'DAGS_FOLDER/tiktok_dag.py', '--cfg-path', '/tmp/tmpxav03g2_']
[2024-12-17T17:40:19.048+0000] {standard_task_runner.py:105} INFO - Job 53: Subtask load_usernames
[2024-12-17T17:40:19.049+0000] {cli_action_loggers.py:79} DEBUG - Calling callbacks: [<function default_action_log at 0x7f8722155da0>]
[2024-12-17T17:40:19.111+0000] {task_command.py:467} INFO - Running <TaskInstance: tiktok_dag.load_usernames manual__2024-12-17T17:40:15.433042+00:00 [running]> on host 8ee198177aea
[2024-12-17T17:40:19.168+0000] {taskinstance.py:2384} DEBUG - Clearing XCom data
[2024-12-17T17:40:19.186+0000] {retries.py:95} DEBUG - Running RenderedTaskInstanceFields.write with retries. Try 1 of 3
[2024-12-17T17:40:19.213+0000] {retries.py:95} DEBUG - Running RenderedTaskInstanceFields._do_delete_old_records with retries. Try 1 of 3
[2024-12-17T17:40:19.227+0000] {taskinstance.py:3132} INFO - Exporting env vars: AIRFLOW_CTX_DAG_OWNER='***' AIRFLOW_CTX_DAG_ID='tiktok_dag' AIRFLOW_CTX_TASK_ID='load_usernames' AIRFLOW_CTX_EXECUTION_DATE='2024-12-17T17:40:15.433042+00:00' AIRFLOW_CTX_TRY_NUMBER='1' AIRFLOW_CTX_DAG_RUN_ID='manual__2024-12-17T17:40:15.433042+00:00'
[2024-12-17T17:40:19.228+0000] {__init__.py:115} DEBUG - Preparing lineage inlets and outlets
[2024-12-17T17:40:19.229+0000] {__init__.py:154} DEBUG - inlets: [], outlets: []
[2024-12-17T17:40:19.230+0000] {taskinstance.py:731} INFO - ::endgroup::
[2024-12-17T17:40:19.257+0000] {tiktok_dag.py:43} INFO - Successfully loaded 3 usernames from /opt/***/dags/influencers.csv
[2024-12-17T17:40:19.258+0000] {tiktok_dag.py:44} INFO - Usernames loaded: ['mrbeast', 'jadeanna', 'feyenoord']
[2024-12-17T17:40:19.277+0000] {python.py:240} INFO - Done. Returned value was: None
[2024-12-17T17:40:19.278+0000] {__init__.py:77} DEBUG - Lineage called with inlets: [], outlets: []
[2024-12-17T17:40:19.289+0000] {taskinstance.py:340} INFO - ::group::Post task execution logs
[2024-12-17T17:40:19.291+0000] {taskinstance.py:352} INFO - Marking task as SUCCESS. dag_id=tiktok_dag, task_id=load_usernames, run_id=manual__2024-12-17T17:40:15.433042+00:00, execution_date=20241217T174015, start_date=20241217T174019, end_date=20241217T174019
[2024-12-17T17:40:19.305+0000] {cli_action_loggers.py:98} DEBUG - Calling callbacks: []
[2024-12-17T17:40:19.344+0000] {local_task_job_runner.py:266} INFO - Task exited with return code 0
[2024-12-17T17:40:19.357+0000] {taskinstance.py:3859} DEBUG - Skip locked rows, rollback
[2024-12-17T17:40:19.359+0000] {local_task_job_runner.py:245} INFO - ::endgroup::
