[2024-12-17T17:04:46.121+0000] {__init__.py:54} DEBUG - Loading core task runner: StandardTaskRunner
[2024-12-17T17:04:46.157+0000] {base_task_runner.py:73} DEBUG - Planning to run as the  user
[2024-12-17T17:04:46.168+0000] {local_task_job_runner.py:123} INFO - ::group::Pre task execution logs
[2024-12-17T17:04:46.185+0000] {taskinstance.py:2625} DEBUG - <TaskInstance: tiktok_dag.load_usernames manual__2024-12-17T17:04:43.722179+00:00 [queued]> dependency 'Trigger Rule' PASSED: True, The task instance did not have any upstream tasks.
[2024-12-17T17:04:46.186+0000] {taskinstance.py:2625} DEBUG - <TaskInstance: tiktok_dag.load_usernames manual__2024-12-17T17:04:43.722179+00:00 [queued]> dependency 'Task Instance State' PASSED: True, Task state queued was valid.
[2024-12-17T17:04:46.187+0000] {taskinstance.py:2625} DEBUG - <TaskInstance: tiktok_dag.load_usernames manual__2024-12-17T17:04:43.722179+00:00 [queued]> dependency 'Task Instance Not Running' PASSED: True, Task is not in running state.
[2024-12-17T17:04:46.188+0000] {taskinstance.py:2625} DEBUG - <TaskInstance: tiktok_dag.load_usernames manual__2024-12-17T17:04:43.722179+00:00 [queued]> dependency 'Not In Retry Period' PASSED: True, The task instance was not marked for retrying.
[2024-12-17T17:04:46.189+0000] {taskinstance.py:2625} DEBUG - <TaskInstance: tiktok_dag.load_usernames manual__2024-12-17T17:04:43.722179+00:00 [queued]> dependency 'Previous Dagrun State' PASSED: True, The task did not have depends_on_past set.
[2024-12-17T17:04:46.201+0000] {taskinstance.py:2613} INFO - Dependencies all met for dep_context=non-requeueable deps ti=<TaskInstance: tiktok_dag.load_usernames manual__2024-12-17T17:04:43.722179+00:00 [queued]>
[2024-12-17T17:04:46.202+0000] {taskinstance.py:2625} DEBUG - <TaskInstance: tiktok_dag.load_usernames manual__2024-12-17T17:04:43.722179+00:00 [queued]> dependency 'Trigger Rule' PASSED: True, The task instance did not have any upstream tasks.
[2024-12-17T17:04:46.203+0000] {taskinstance.py:2625} DEBUG - <TaskInstance: tiktok_dag.load_usernames manual__2024-12-17T17:04:43.722179+00:00 [queued]> dependency 'Not In Retry Period' PASSED: True, The task instance was not marked for retrying.
[2024-12-17T17:04:46.203+0000] {taskinstance.py:2625} DEBUG - <TaskInstance: tiktok_dag.load_usernames manual__2024-12-17T17:04:43.722179+00:00 [queued]> dependency 'Previous Dagrun State' PASSED: True, The task did not have depends_on_past set.
[2024-12-17T17:04:46.204+0000] {taskinstance.py:2625} DEBUG - <TaskInstance: tiktok_dag.load_usernames manual__2024-12-17T17:04:43.722179+00:00 [queued]> dependency 'Task Concurrency' PASSED: True, Task concurrency is not set.
[2024-12-17T17:04:46.211+0000] {taskinstance.py:2625} DEBUG - <TaskInstance: tiktok_dag.load_usernames manual__2024-12-17T17:04:43.722179+00:00 [queued]> dependency 'Pool Slots Available' PASSED: True, There are enough open slots in default_pool to execute the task
[2024-12-17T17:04:46.216+0000] {taskinstance.py:2613} INFO - Dependencies all met for dep_context=requeueable deps ti=<TaskInstance: tiktok_dag.load_usernames manual__2024-12-17T17:04:43.722179+00:00 [queued]>
[2024-12-17T17:04:46.217+0000] {taskinstance.py:2866} INFO - Starting attempt 1 of 2
[2024-12-17T17:04:46.237+0000] {taskinstance.py:2889} INFO - Executing <Task(PythonOperator): load_usernames> on 2024-12-17 17:04:43.722179+00:00
[2024-12-17T17:04:46.249+0000] {standard_task_runner.py:104} INFO - Running: ['***', 'tasks', 'run', 'tiktok_dag', 'load_usernames', 'manual__2024-12-17T17:04:43.722179+00:00', '--job-id', '49', '--raw', '--subdir', 'DAGS_FOLDER/tiktok_dag.py', '--cfg-path', '/tmp/tmp7_l2cr2e']
[2024-12-17T17:04:46.250+0000] {logging_mixin.py:190} WARNING - /home/***/.local/lib/python3.12/site-packages/***/task/task_runner/standard_task_runner.py:70 DeprecationWarning: This process (pid=329) is multi-threaded, use of fork() may lead to deadlocks in the child.
[2024-12-17T17:04:46.253+0000] {standard_task_runner.py:72} INFO - Started process 331 to run task
[2024-12-17T17:04:46.252+0000] {standard_task_runner.py:105} INFO - Job 49: Subtask load_usernames
[2024-12-17T17:04:46.254+0000] {cli_action_loggers.py:79} DEBUG - Calling callbacks: [<function default_action_log at 0x7f8722155da0>]
[2024-12-17T17:04:46.322+0000] {task_command.py:467} INFO - Running <TaskInstance: tiktok_dag.load_usernames manual__2024-12-17T17:04:43.722179+00:00 [running]> on host 8ee198177aea
[2024-12-17T17:04:46.382+0000] {taskinstance.py:2384} DEBUG - Clearing XCom data
[2024-12-17T17:04:46.412+0000] {retries.py:95} DEBUG - Running RenderedTaskInstanceFields.write with retries. Try 1 of 3
[2024-12-17T17:04:46.444+0000] {retries.py:95} DEBUG - Running RenderedTaskInstanceFields._do_delete_old_records with retries. Try 1 of 3
[2024-12-17T17:04:46.454+0000] {taskinstance.py:3132} INFO - Exporting env vars: AIRFLOW_CTX_DAG_OWNER='***' AIRFLOW_CTX_DAG_ID='tiktok_dag' AIRFLOW_CTX_TASK_ID='load_usernames' AIRFLOW_CTX_EXECUTION_DATE='2024-12-17T17:04:43.722179+00:00' AIRFLOW_CTX_TRY_NUMBER='1' AIRFLOW_CTX_DAG_RUN_ID='manual__2024-12-17T17:04:43.722179+00:00'
[2024-12-17T17:04:46.456+0000] {__init__.py:115} DEBUG - Preparing lineage inlets and outlets
[2024-12-17T17:04:46.457+0000] {__init__.py:154} DEBUG - inlets: [], outlets: []
[2024-12-17T17:04:46.459+0000] {taskinstance.py:731} INFO - ::endgroup::
[2024-12-17T17:04:46.520+0000] {tiktok_dag.py:43} INFO - Successfully loaded 3 usernames from /opt/***/dags/influencers.csv
[2024-12-17T17:04:46.521+0000] {tiktok_dag.py:44} INFO - Usernames loaded: ['mrbeast', 'jadeanna', 'feyenoord']
[2024-12-17T17:04:46.545+0000] {python.py:240} INFO - Done. Returned value was: None
[2024-12-17T17:04:46.546+0000] {__init__.py:77} DEBUG - Lineage called with inlets: [], outlets: []
[2024-12-17T17:04:46.557+0000] {taskinstance.py:340} INFO - ::group::Post task execution logs
[2024-12-17T17:04:46.559+0000] {taskinstance.py:352} INFO - Marking task as SUCCESS. dag_id=tiktok_dag, task_id=load_usernames, run_id=manual__2024-12-17T17:04:43.722179+00:00, execution_date=20241217T170443, start_date=20241217T170446, end_date=20241217T170446
[2024-12-17T17:04:46.573+0000] {cli_action_loggers.py:98} DEBUG - Calling callbacks: []
[2024-12-17T17:04:46.592+0000] {local_task_job_runner.py:266} INFO - Task exited with return code 0
[2024-12-17T17:04:46.628+0000] {dagrun.py:968} DEBUG - number of tis tasks for <DagRun tiktok_dag @ 2024-12-17 17:04:43.722179+00:00: manual__2024-12-17T17:04:43.722179+00:00, state:running, queued_at: 2024-12-17 17:04:43.752113+00:00. externally triggered: True>: 2 task(s)
[2024-12-17T17:04:46.630+0000] {dagrun.py:989} DEBUG - number of scheduleable tasks for <DagRun tiktok_dag @ 2024-12-17 17:04:43.722179+00:00: manual__2024-12-17T17:04:43.722179+00:00, state:running, queued_at: 2024-12-17 17:04:43.752113+00:00. externally triggered: True>: 1 task(s)
[2024-12-17T17:04:46.632+0000] {taskinstance.py:2625} DEBUG - <TaskInstance: tiktok_dag.fetch_all_user_data manual__2024-12-17T17:04:43.722179+00:00 [None]> dependency 'Previous Dagrun State' PASSED: True, The task did not have depends_on_past set.
[2024-12-17T17:04:46.633+0000] {taskinstance.py:2625} DEBUG - <TaskInstance: tiktok_dag.fetch_all_user_data manual__2024-12-17T17:04:43.722179+00:00 [None]> dependency 'Not In Retry Period' PASSED: True, The task instance was not marked for retrying.
[2024-12-17T17:04:46.634+0000] {taskinstance.py:2613} DEBUG - Dependencies all met for dep_context=None ti=<TaskInstance: tiktok_dag.fetch_all_user_data manual__2024-12-17T17:04:43.722179+00:00 [None]>
[2024-12-17T17:04:46.644+0000] {taskinstance.py:3895} INFO - 1 downstream tasks scheduled from follow-on schedule check
[2024-12-17T17:04:46.650+0000] {local_task_job_runner.py:245} INFO - ::endgroup::
