[2024-12-09T18:11:48.993+0000] {local_task_job_runner.py:123} INFO - ::group::Pre task execution logs
[2024-12-09T18:11:49.151+0000] {taskinstance.py:2613} INFO - Dependencies all met for dep_context=non-requeueable deps ti=<TaskInstance: example_bash_operator.also_run_this scheduled__2024-12-08T00:00:00+00:00 [queued]>
[2024-12-09T18:11:49.538+0000] {taskinstance.py:2613} INFO - Dependencies all met for dep_context=requeueable deps ti=<TaskInstance: example_bash_operator.also_run_this scheduled__2024-12-08T00:00:00+00:00 [queued]>
[2024-12-09T18:11:49.542+0000] {taskinstance.py:2866} INFO - Starting attempt 1 of 1
[2024-12-09T18:11:49.866+0000] {taskinstance.py:2889} INFO - Executing <Task(BashOperator): also_run_this> on 2024-12-08 00:00:00+00:00
[2024-12-09T18:11:49.879+0000] {standard_task_runner.py:104} INFO - Running: ['***', 'tasks', 'run', 'example_bash_operator', 'also_run_this', 'scheduled__2024-12-08T00:00:00+00:00', '--job-id', '13', '--raw', '--subdir', '/home/***/.local/lib/python3.12/site-packages/***/example_dags/example_bash_operator.py', '--cfg-path', '/tmp/tmp11b1rran']
[2024-12-09T18:11:49.881+0000] {standard_task_runner.py:105} INFO - Job 13: Subtask also_run_this
[2024-12-09T18:11:49.881+0000] {logging_mixin.py:190} WARNING - /home/***/.local/lib/python3.12/site-packages/***/task/task_runner/standard_task_runner.py:70 DeprecationWarning: This process (pid=10829) is multi-threaded, use of fork() may lead to deadlocks in the child.
[2024-12-09T18:11:49.883+0000] {standard_task_runner.py:72} INFO - Started process 10915 to run task
[2024-12-09T18:11:50.822+0000] {task_command.py:467} INFO - Running <TaskInstance: example_bash_operator.also_run_this scheduled__2024-12-08T00:00:00+00:00 [running]> on host ad295016f549
[2024-12-09T18:11:51.644+0000] {taskinstance.py:3132} INFO - Exporting env vars: AIRFLOW_CTX_DAG_OWNER='***' AIRFLOW_CTX_DAG_ID='example_bash_operator' AIRFLOW_CTX_TASK_ID='also_run_this' AIRFLOW_CTX_EXECUTION_DATE='2024-12-08T00:00:00+00:00' AIRFLOW_CTX_TRY_NUMBER='1' AIRFLOW_CTX_DAG_RUN_ID='scheduled__2024-12-08T00:00:00+00:00'
[2024-12-09T18:11:51.650+0000] {logging_mixin.py:190} INFO - Task instance is in running state
[2024-12-09T18:11:51.651+0000] {logging_mixin.py:190} INFO -  Previous state of the Task instance: queued
[2024-12-09T18:11:51.652+0000] {logging_mixin.py:190} INFO - Current task name:also_run_this state:running start_date:2024-12-09 18:11:49.157313+00:00
[2024-12-09T18:11:51.657+0000] {logging_mixin.py:190} INFO - Dag name:example_bash_operator and current dag run status:running
[2024-12-09T18:11:51.667+0000] {taskinstance.py:731} INFO - ::endgroup::
[2024-12-09T18:11:51.683+0000] {subprocess.py:78} INFO - Tmp dir root location: /tmp
[2024-12-09T18:11:51.750+0000] {subprocess.py:88} INFO - Running command: ['/usr/bin/bash', '-c', 'echo "ti_key=example_bash_operator__also_run_this__20241208"']
[2024-12-09T18:11:51.860+0000] {subprocess.py:99} INFO - Output:
[2024-12-09T18:11:52.400+0000] {subprocess.py:106} INFO - ti_key=example_bash_operator__also_run_this__20241208
[2024-12-09T18:11:52.408+0000] {subprocess.py:110} INFO - Command exited with return code 0
[2024-12-09T18:11:52.541+0000] {taskinstance.py:340} INFO - ::group::Post task execution logs
[2024-12-09T18:11:52.543+0000] {taskinstance.py:352} INFO - Marking task as SUCCESS. dag_id=example_bash_operator, task_id=also_run_this, run_id=scheduled__2024-12-08T00:00:00+00:00, execution_date=20241208T000000, start_date=20241209T181149, end_date=20241209T181152
[2024-12-09T18:11:52.591+0000] {logging_mixin.py:190} INFO - Task instance in success state
[2024-12-09T18:11:52.593+0000] {logging_mixin.py:190} INFO -  Previous state of the Task instance: running
[2024-12-09T18:11:52.595+0000] {logging_mixin.py:190} INFO - Dag name:example_bash_operator queued_at:2024-12-09 18:11:37.429497+00:00
[2024-12-09T18:11:52.605+0000] {logging_mixin.py:190} INFO - Task hostname:ad295016f549 operator:BashOperator
[2024-12-09T18:11:52.664+0000] {local_task_job_runner.py:266} INFO - Task exited with return code 0
[2024-12-09T18:11:52.698+0000] {local_task_job_runner.py:245} INFO - ::endgroup::
