[2024-12-18T19:50:34.777+0000] {__init__.py:54} DEBUG - Loading core task runner: StandardTaskRunner
[2024-12-18T19:50:34.802+0000] {base_task_runner.py:73} DEBUG - Planning to run as the  user
[2024-12-18T19:50:34.808+0000] {local_task_job_runner.py:123} INFO - ::group::Pre task execution logs
[2024-12-18T19:50:34.825+0000] {taskinstance.py:2625} DEBUG - <TaskInstance: tiktok_dag.fetch_all_user_data manual__2024-12-18T19:50:30.494340+00:00 [queued]> dependency 'Previous Dagrun State' PASSED: True, The task did not have depends_on_past set.
[2024-12-18T19:50:34.826+0000] {taskinstance.py:2625} DEBUG - <TaskInstance: tiktok_dag.fetch_all_user_data manual__2024-12-18T19:50:30.494340+00:00 [queued]> dependency 'Task Instance Not Running' PASSED: True, Task is not in running state.
[2024-12-18T19:50:34.828+0000] {taskinstance.py:2625} DEBUG - <TaskInstance: tiktok_dag.fetch_all_user_data manual__2024-12-18T19:50:30.494340+00:00 [queued]> dependency 'Task Instance State' PASSED: True, Task state queued was valid.
[2024-12-18T19:50:34.836+0000] {taskinstance.py:2625} DEBUG - <TaskInstance: tiktok_dag.fetch_all_user_data manual__2024-12-18T19:50:30.494340+00:00 [queued]> dependency 'Not In Retry Period' PASSED: True, The task instance was not marked for retrying.
[2024-12-18T19:50:34.838+0000] {taskinstance.py:2613} INFO - Dependencies all met for dep_context=non-requeueable deps ti=<TaskInstance: tiktok_dag.fetch_all_user_data manual__2024-12-18T19:50:30.494340+00:00 [queued]>
[2024-12-18T19:50:34.845+0000] {taskinstance.py:2625} DEBUG - <TaskInstance: tiktok_dag.fetch_all_user_data manual__2024-12-18T19:50:30.494340+00:00 [queued]> dependency 'Pool Slots Available' PASSED: True, There are enough open slots in default_pool to execute the task
[2024-12-18T19:50:34.846+0000] {taskinstance.py:2625} DEBUG - <TaskInstance: tiktok_dag.fetch_all_user_data manual__2024-12-18T19:50:30.494340+00:00 [queued]> dependency 'Previous Dagrun State' PASSED: True, The task did not have depends_on_past set.
[2024-12-18T19:50:34.851+0000] {taskinstance.py:2625} DEBUG - <TaskInstance: tiktok_dag.fetch_all_user_data manual__2024-12-18T19:50:30.494340+00:00 [queued]> dependency 'Task Concurrency' PASSED: True, Task concurrency is not set.
[2024-12-18T19:50:34.852+0000] {taskinstance.py:2625} DEBUG - <TaskInstance: tiktok_dag.fetch_all_user_data manual__2024-12-18T19:50:30.494340+00:00 [queued]> dependency 'Not In Retry Period' PASSED: True, The task instance was not marked for retrying.
[2024-12-18T19:50:34.853+0000] {taskinstance.py:2613} INFO - Dependencies all met for dep_context=requeueable deps ti=<TaskInstance: tiktok_dag.fetch_all_user_data manual__2024-12-18T19:50:30.494340+00:00 [queued]>
[2024-12-18T19:50:34.853+0000] {taskinstance.py:2866} INFO - Starting attempt 1 of 2
[2024-12-18T19:50:34.876+0000] {taskinstance.py:2889} INFO - Executing <Task(PythonOperator): fetch_all_user_data> on 2024-12-18 19:50:30.494340+00:00
[2024-12-18T19:50:34.888+0000] {logging_mixin.py:190} WARNING - /home/***/.local/lib/python3.12/site-packages/***/task/task_runner/standard_task_runner.py:70 DeprecationWarning: This process (pid=1644) is multi-threaded, use of fork() may lead to deadlocks in the child.
[2024-12-18T19:50:34.890+0000] {standard_task_runner.py:72} INFO - Started process 1649 to run task
[2024-12-18T19:50:34.889+0000] {standard_task_runner.py:104} INFO - Running: ['***', 'tasks', 'run', 'tiktok_dag', 'fetch_all_user_data', 'manual__2024-12-18T19:50:30.494340+00:00', '--job-id', '83', '--raw', '--subdir', 'DAGS_FOLDER/tiktok_dag.py', '--cfg-path', '/tmp/tmpne5q97oz']
[2024-12-18T19:50:34.894+0000] {standard_task_runner.py:105} INFO - Job 83: Subtask fetch_all_user_data
[2024-12-18T19:50:34.895+0000] {cli_action_loggers.py:79} DEBUG - Calling callbacks: [<function default_action_log at 0x7f2a69185da0>]
[2024-12-18T19:50:34.958+0000] {task_command.py:467} INFO - Running <TaskInstance: tiktok_dag.fetch_all_user_data manual__2024-12-18T19:50:30.494340+00:00 [running]> on host 00d1ef865b53
[2024-12-18T19:50:35.029+0000] {taskinstance.py:2384} DEBUG - Clearing XCom data
[2024-12-18T19:50:35.047+0000] {retries.py:95} DEBUG - Running RenderedTaskInstanceFields.write with retries. Try 1 of 3
[2024-12-18T19:50:35.074+0000] {retries.py:95} DEBUG - Running RenderedTaskInstanceFields._do_delete_old_records with retries. Try 1 of 3
[2024-12-18T19:50:35.086+0000] {taskinstance.py:3132} INFO - Exporting env vars: AIRFLOW_CTX_DAG_OWNER='***' AIRFLOW_CTX_DAG_ID='tiktok_dag' AIRFLOW_CTX_TASK_ID='fetch_all_user_data' AIRFLOW_CTX_EXECUTION_DATE='2024-12-18T19:50:30.494340+00:00' AIRFLOW_CTX_TRY_NUMBER='1' AIRFLOW_CTX_DAG_RUN_ID='manual__2024-12-18T19:50:30.494340+00:00'
[2024-12-18T19:50:35.087+0000] {__init__.py:115} DEBUG - Preparing lineage inlets and outlets
[2024-12-18T19:50:35.088+0000] {__init__.py:154} DEBUG - inlets: [], outlets: []
[2024-12-18T19:50:35.089+0000] {taskinstance.py:731} INFO - ::endgroup::
[2024-12-18T19:50:35.110+0000] {tiktok_dag.py:51} INFO - Fetching data for all usernames...
[2024-12-18T19:50:35.124+0000] {tiktok_dag.py:53} INFO - Usernames pulled from XCom: ['mrbeast', 'jadeanna', 'feyenoord']
[2024-12-18T19:50:35.125+0000] {tiktok_dag.py:59} INFO - Fetching data for username: mrbeast
[2024-12-18T19:50:35.127+0000] {tiktok_etl.py:114} INFO - Checking token expiry: {'token': 'Bearer clt.2.2FPqi0MGZIXZZ3clzQTNgyPDqxrcckxt1d-KDYDU4OFr7UMQYh3pHDTym9rRjGwCNZCJ-Oh2yVQv7VAjzbHf8w*0', 'expires_at': 1734447290.981219}
[2024-12-18T19:50:35.128+0000] {tiktok_etl.py:77} INFO - Fetching new token...
[2024-12-18T19:50:35.129+0000] {tiktok_etl.py:87} INFO - Requesting TikTok API with URL: https://open.tiktokapis.com/v2/oauth/token/, Headers: {'Content-Type': 'application/x-www-form-urlencoded'}, Body: {'client_key': 'awppjtwldd6o69ll', 'client_secret': 'prK149Sj8dYCkxgvuXMHkaEMG8pw2yIL', 'grant_type': 'client_credentials'}
[2024-12-18T19:50:35.132+0000] {connectionpool.py:1051} DEBUG - Starting new HTTPS connection (1): open.tiktokapis.com:443
[2024-12-18T19:50:36.015+0000] {connectionpool.py:546} DEBUG - https://open.tiktokapis.com:443 "POST /v2/oauth/token/ HTTP/11" 200 153
[2024-12-18T19:50:36.024+0000] {tiktok_etl.py:103} INFO - New token obtained: Bearer clt.2.6mssWgcTtVli3K3ThuQRJ-eSvBzZNVjFXki08MeLPqrgA_fNGm3xKQTx0jCooZ-aMHrqr1UIs8YRdDoWOYDw9Q*2, expires at 2024-12-18 21:50:36.020201
[2024-12-18T19:50:36.026+0000] {tiktok_etl.py:133} INFO - Now in function tiktok_get_user_info, getting mrbeast
[2024-12-18T19:50:36.028+0000] {tiktok_etl.py:140} INFO - Requesting TikTok API with URL: https://open.tiktokapis.com/v2/research/user/info/, Headers: {'Authorization': 'Bearer clt.2.6mssWgcTtVli3K3ThuQRJ-eSvBzZNVjFXki08MeLPqrgA_fNGm3xKQTx0jCooZ-aMHrqr1UIs8YRdDoWOYDw9Q*2', 'Content-Type': 'application/json'}, Body: {'username': 'mrbeast'}
[2024-12-18T19:50:36.032+0000] {connectionpool.py:1051} DEBUG - Starting new HTTPS connection (1): open.tiktokapis.com:443
[2024-12-18T19:50:36.570+0000] {connectionpool.py:546} DEBUG - https://open.tiktokapis.com:443 "POST /v2/research/user/info/?fields=display_name%2Cbio_description%2Cis_verified%2Cfollower_count%2Cfollowing_count%2Clikes_count%2Cvideo_count HTTP/11" 200 234
[2024-12-18T19:50:36.576+0000] {tiktok_etl.py:143} INFO - Call is done...
[2024-12-18T19:50:36.592+0000] {tiktok_etl.py:150} INFO - Now in function tiktok_get_user_info, getting resp {'data': {'bio_description': 'I want to make the world a better place', 'display_name': 'MrBeast', 'follower_count': 106706734, 'following_count': 362, 'is_verified': True, 'likes_count': 1057791729, 'video_count': 388}, 'error': {'code': 'ok', 'message': '', 'log_id': '20241218195035473078509B3996164BB9'}}
[2024-12-18T19:50:36.611+0000] {logging_mixin.py:190} WARNING - /home/***/.local/lib/python3.12/site-packages/pymongo/_csot.py:119 UserWarning: MongoClient opened before fork. May not be entirely fork-safe, proceed with caution. See PyMongo's documentation for details: https://www.mongodb.com/docs/languages/python/pymongo-driver/current/faq/#is-pymongo-fork-safe-
[2024-12-18T19:50:36.640+0000] {logger.py:100} DEBUG - {"message": "Server selection started", "selector": "<function writable_server_selector at 0x7f2a4f2cdb20>", "operation": "insert", "topologyDescription": "<TopologyDescription id: 6763278ac64eeac7e0abe689, topology_type: Unknown, servers: [<ServerDescription ('mongodb', 27017) server_type: Unknown, rtt: None>]>", "clientId": {"$oid": "6763278ac64eeac7e0abe689"}}
[2024-12-18T19:50:36.654+0000] {logger.py:100} DEBUG - {"message": "Waiting for suitable server to become available", "selector": "<function writable_server_selector at 0x7f2a4f2cdb20>", "operation": "insert", "topologyDescription": "<TopologyDescription id: 6763278ac64eeac7e0abe689, topology_type: Unknown, servers: [<ServerDescription ('mongodb', 27017) server_type: Unknown, rtt: None>]>", "clientId": {"$oid": "6763278ac64eeac7e0abe689"}, "remainingTimeMS": 29}
[2024-12-18T19:50:36.658+0000] {logger.py:100} DEBUG - {"message": "Server selection succeeded", "selector": "<function writable_server_selector at 0x7f2a4f2cdb20>", "operation": "insert", "topologyDescription": "<TopologyDescription id: 6763278ac64eeac7e0abe689, topology_type: Single, servers: [<ServerDescription ('mongodb', 27017) server_type: Standalone, rtt: 0.018781560997013003>]>", "clientId": {"$oid": "6763278ac64eeac7e0abe689"}, "serverHost": "mongodb", "serverPort": 27017}
[2024-12-18T19:50:36.756+0000] {logger.py:100} DEBUG - {"clientId": {"$oid": "6763278ac64eeac7e0abe689"}, "message": "Command started", "command": "{\"insert\": \"user_info\", \"ordered\": true, \"lsid\": {\"id\": {\"$binary\": {\"base64\": \"bupz1UGmSGG6HEpv2ZBqbw==\", \"subType\": \"04\"}}}, \"$db\": \"tiktok_db\", \"documents\": [{\"bio_description\": \"I want to make the world a better place\", \"display_name\": \"MrBeast\", \"follower_count\": 106706734, \"following_count\": 362, \"is_verified\": true, \"likes_count\": 1057791729, \"video_count\": 388, \"username\": \"mrbeast\", \"timestamp\": {\"$date\": \"2024-12-18T19:50:36.606Z\"}, \"_id\": {\"$oid\": \"6763278c349cc0b253abe68a\"}}]}", "commandName": "insert", "databaseName": "tiktok_db", "requestId": 596516649, "operationId": 596516649, "driverConnectionId": 1, "serverConnectionId": 221, "serverHost": "mongodb", "serverPort": 27017}
[2024-12-18T19:50:36.781+0000] {logger.py:100} DEBUG - {"clientId": {"$oid": "6763278ac64eeac7e0abe689"}, "message": "Command succeeded", "durationMS": 25.506999999999998, "reply": "{\"n\": 1, \"ok\": 1.0}", "commandName": "insert", "databaseName": "tiktok_db", "requestId": 596516649, "operationId": 596516649, "driverConnectionId": 1, "serverConnectionId": 221, "serverHost": "mongodb", "serverPort": 27017}
[2024-12-18T19:50:36.786+0000] {tiktok_etl.py:204} INFO - Data for mrbeast inserted into MongoDB successfully.
[2024-12-18T19:50:36.940+0000] {tiktok_dag.py:62} INFO - Successfully fetched data for username: mrbeast
[2024-12-18T19:50:36.941+0000] {tiktok_dag.py:59} INFO - Fetching data for username: jadeanna
[2024-12-18T19:50:36.942+0000] {tiktok_etl.py:114} INFO - Checking token expiry: {'token': 'Bearer clt.2.6mssWgcTtVli3K3ThuQRJ-eSvBzZNVjFXki08MeLPqrgA_fNGm3xKQTx0jCooZ-aMHrqr1UIs8YRdDoWOYDw9Q*2', 'expires_at': 1734558636.0202012}
[2024-12-18T19:50:36.943+0000] {tiktok_etl.py:133} INFO - Now in function tiktok_get_user_info, getting jadeanna
[2024-12-18T19:50:36.946+0000] {tiktok_etl.py:140} INFO - Requesting TikTok API with URL: https://open.tiktokapis.com/v2/research/user/info/, Headers: {'Authorization': 'Bearer clt.2.6mssWgcTtVli3K3ThuQRJ-eSvBzZNVjFXki08MeLPqrgA_fNGm3xKQTx0jCooZ-aMHrqr1UIs8YRdDoWOYDw9Q*2', 'Content-Type': 'application/json'}, Body: {'username': 'jadeanna'}
[2024-12-18T19:50:36.949+0000] {connectionpool.py:1051} DEBUG - Starting new HTTPS connection (1): open.tiktokapis.com:443
[2024-12-18T19:50:37.228+0000] {connectionpool.py:546} DEBUG - https://open.tiktokapis.com:443 "POST /v2/research/user/info/?fields=display_name%2Cbio_description%2Cis_verified%2Cfollower_count%2Cfollowing_count%2Clikes_count%2Cvideo_count HTTP/11" 200 293
[2024-12-18T19:50:37.232+0000] {tiktok_etl.py:143} INFO - Call is done...
[2024-12-18T19:50:37.233+0000] {tiktok_etl.py:150} INFO - Now in function tiktok_get_user_info, getting resp {'data': {'video_count': 2517, 'bio_description': '🧸 founder @bi yù \n🎙️ 1/4 @Confession Club \n💌 jadeanna@ad-venturestudios.com', 'display_name': 'Jade Anna', 'follower_count': 1786475, 'following_count': 1392, 'is_verified': True, 'likes_count': 152867561}, 'error': {'code': 'ok', 'message': '', 'log_id': '20241218195036DF44F403A750800DE448'}}
[2024-12-18T19:50:37.234+0000] {logger.py:100} DEBUG - {"message": "Server selection started", "selector": "<function writable_server_selector at 0x7f2a4f2cdb20>", "operation": "insert", "topologyDescription": "<TopologyDescription id: 6763278ac64eeac7e0abe689, topology_type: Single, servers: [<ServerDescription ('mongodb', 27017) server_type: Standalone, rtt: 0.018781560997013003>]>", "clientId": {"$oid": "6763278ac64eeac7e0abe689"}}
[2024-12-18T19:50:37.236+0000] {logger.py:100} DEBUG - {"message": "Server selection succeeded", "selector": "<function writable_server_selector at 0x7f2a4f2cdb20>", "operation": "insert", "topologyDescription": "<TopologyDescription id: 6763278ac64eeac7e0abe689, topology_type: Single, servers: [<ServerDescription ('mongodb', 27017) server_type: Standalone, rtt: 0.018781560997013003>]>", "clientId": {"$oid": "6763278ac64eeac7e0abe689"}, "serverHost": "mongodb", "serverPort": 27017}
[2024-12-18T19:50:37.237+0000] {logger.py:100} DEBUG - {"clientId": {"$oid": "6763278ac64eeac7e0abe689"}, "message": "Command started", "command": "{\"insert\": \"user_info\", \"ordered\": true, \"lsid\": {\"id\": {\"$binary\": {\"base64\": \"bupz1UGmSGG6HEpv2ZBqbw==\", \"subType\": \"04\"}}}, \"$db\": \"tiktok_db\", \"documents\": [{\"video_count\": 2517, \"bio_description\": \"\\ud83e\\uddf8 founder @bi y\\u00f9 \\n\\ud83c\\udf99\\ufe0f 1/4 @Confession Club \\n\\ud83d\\udc8c jadeanna@ad-venturestudios.com\", \"display_name\": \"Jade Anna\", \"follower_count\": 1786475, \"following_count\": 1392, \"is_verified\": true, \"likes_count\": 152867561, \"username\": \"jadeanna\", \"timestamp\": {\"$date\": \"2024-12-18T19:50:37.234Z\"}, \"_id\": {\"$oid\": \"6763278d349cc0b253abe68c\"}}]}", "commandName": "insert", "databaseName": "tiktok_db", "requestId": 1189641421, "operationId": 1189641421, "driverConnectionId": 1, "serverConnectionId": 221, "serverHost": "mongodb", "serverPort": 27017}
[2024-12-18T19:50:37.240+0000] {logger.py:100} DEBUG - {"clientId": {"$oid": "6763278ac64eeac7e0abe689"}, "message": "Command succeeded", "durationMS": 3.2230000000000003, "reply": "{\"n\": 1, \"ok\": 1.0}", "commandName": "insert", "databaseName": "tiktok_db", "requestId": 1189641421, "operationId": 1189641421, "driverConnectionId": 1, "serverConnectionId": 221, "serverHost": "mongodb", "serverPort": 27017}
[2024-12-18T19:50:37.243+0000] {tiktok_etl.py:204} INFO - Data for jadeanna inserted into MongoDB successfully.
[2024-12-18T19:50:37.272+0000] {tiktok_dag.py:62} INFO - Successfully fetched data for username: jadeanna
[2024-12-18T19:50:37.273+0000] {tiktok_dag.py:59} INFO - Fetching data for username: feyenoord
[2024-12-18T19:50:37.274+0000] {tiktok_etl.py:114} INFO - Checking token expiry: {'token': 'Bearer clt.2.6mssWgcTtVli3K3ThuQRJ-eSvBzZNVjFXki08MeLPqrgA_fNGm3xKQTx0jCooZ-aMHrqr1UIs8YRdDoWOYDw9Q*2', 'expires_at': 1734558636.0202012}
[2024-12-18T19:50:37.275+0000] {tiktok_etl.py:133} INFO - Now in function tiktok_get_user_info, getting feyenoord
[2024-12-18T19:50:37.276+0000] {tiktok_etl.py:140} INFO - Requesting TikTok API with URL: https://open.tiktokapis.com/v2/research/user/info/, Headers: {'Authorization': 'Bearer clt.2.6mssWgcTtVli3K3ThuQRJ-eSvBzZNVjFXki08MeLPqrgA_fNGm3xKQTx0jCooZ-aMHrqr1UIs8YRdDoWOYDw9Q*2', 'Content-Type': 'application/json'}, Body: {'username': 'feyenoord'}
[2024-12-18T19:50:37.278+0000] {connectionpool.py:1051} DEBUG - Starting new HTTPS connection (1): open.tiktokapis.com:443
[2024-12-18T19:50:37.581+0000] {connectionpool.py:546} DEBUG - https://open.tiktokapis.com:443 "POST /v2/research/user/info/?fields=display_name%2Cbio_description%2Cis_verified%2Cfollower_count%2Cfollowing_count%2Clikes_count%2Cvideo_count HTTP/11" 200 288
[2024-12-18T19:50:37.582+0000] {tiktok_etl.py:143} INFO - Call is done...
[2024-12-18T19:50:37.583+0000] {tiktok_etl.py:150} INFO - Now in function tiktok_get_user_info, getting resp {'data': {'likes_count': 33319111, 'video_count': 1104, 'bio_description': 'The official TikTok account of Feyenoord Rotterdam. \n\n𝙵𝚘𝚞𝚗𝚍𝚎𝚍 in 𝟷𝟿𝟶𝟾', 'display_name': 'Feyenoord', 'follower_count': 1792461, 'following_count': 16, 'is_verified': True}, 'error': {'code': 'ok', 'message': '', 'log_id': '2024121819503673FDE7D67D28B0102953'}}
[2024-12-18T19:50:37.584+0000] {logger.py:100} DEBUG - {"message": "Server selection started", "selector": "<function writable_server_selector at 0x7f2a4f2cdb20>", "operation": "insert", "topologyDescription": "<TopologyDescription id: 6763278ac64eeac7e0abe689, topology_type: Single, servers: [<ServerDescription ('mongodb', 27017) server_type: Standalone, rtt: 0.018781560997013003>]>", "clientId": {"$oid": "6763278ac64eeac7e0abe689"}}
[2024-12-18T19:50:37.584+0000] {logger.py:100} DEBUG - {"message": "Server selection succeeded", "selector": "<function writable_server_selector at 0x7f2a4f2cdb20>", "operation": "insert", "topologyDescription": "<TopologyDescription id: 6763278ac64eeac7e0abe689, topology_type: Single, servers: [<ServerDescription ('mongodb', 27017) server_type: Standalone, rtt: 0.018781560997013003>]>", "clientId": {"$oid": "6763278ac64eeac7e0abe689"}, "serverHost": "mongodb", "serverPort": 27017}
[2024-12-18T19:50:37.585+0000] {logger.py:100} DEBUG - {"clientId": {"$oid": "6763278ac64eeac7e0abe689"}, "message": "Command started", "command": "{\"insert\": \"user_info\", \"ordered\": true, \"lsid\": {\"id\": {\"$binary\": {\"base64\": \"bupz1UGmSGG6HEpv2ZBqbw==\", \"subType\": \"04\"}}}, \"$db\": \"tiktok_db\", \"documents\": [{\"likes_count\": 33319111, \"video_count\": 1104, \"bio_description\": \"The official TikTok account of Feyenoord Rotterdam. \\n\\n\\ud835\\ude75\\ud835\\ude98\\ud835\\ude9e\\ud835\\ude97\\ud835\\ude8d\\ud835\\ude8e\\ud835\\ude8d in \\ud835\\udff7\\ud835\\udfff\\ud835\\udff6\\ud835\\udffe\", \"display_name\": \"Feyenoord\", \"follower_count\": 1792461, \"following_count\": 16, \"is_verified\": true, \"username\": \"feyenoord\", \"timestamp\": {\"$date\": \"2024-12-18T19:50:37.583Z\"}, \"_id\": {\"$oid\": \"6763278d349cc0b253abe68e\"}}]}", "commandName": "insert", "databaseName": "tiktok_db", "requestId": 1025202362, "operationId": 1025202362, "driverConnectionId": 1, "serverConnectionId": 221, "serverHost": "mongodb", "serverPort": 27017}
[2024-12-18T19:50:37.587+0000] {logger.py:100} DEBUG - {"clientId": {"$oid": "6763278ac64eeac7e0abe689"}, "message": "Command succeeded", "durationMS": 1.7229999999999999, "reply": "{\"n\": 1, \"ok\": 1.0}", "commandName": "insert", "databaseName": "tiktok_db", "requestId": 1025202362, "operationId": 1025202362, "driverConnectionId": 1, "serverConnectionId": 221, "serverHost": "mongodb", "serverPort": 27017}
[2024-12-18T19:50:37.588+0000] {tiktok_etl.py:204} INFO - Data for feyenoord inserted into MongoDB successfully.
[2024-12-18T19:50:37.609+0000] {tiktok_dag.py:62} INFO - Successfully fetched data for username: feyenoord
[2024-12-18T19:50:37.610+0000] {python.py:240} INFO - Done. Returned value was: None
[2024-12-18T19:50:37.613+0000] {__init__.py:77} DEBUG - Lineage called with inlets: [], outlets: []
[2024-12-18T19:50:37.626+0000] {taskinstance.py:340} INFO - ::group::Post task execution logs
[2024-12-18T19:50:37.627+0000] {taskinstance.py:352} INFO - Marking task as SUCCESS. dag_id=tiktok_dag, task_id=fetch_all_user_data, run_id=manual__2024-12-18T19:50:30.494340+00:00, execution_date=20241218T195030, start_date=20241218T195034, end_date=20241218T195037
[2024-12-18T19:50:37.643+0000] {cli_action_loggers.py:98} DEBUG - Calling callbacks: []
[2024-12-18T19:50:37.679+0000] {local_task_job_runner.py:266} INFO - Task exited with return code 0
[2024-12-18T19:50:37.700+0000] {dagrun.py:968} DEBUG - number of tis tasks for <DagRun tiktok_dag @ 2024-12-18 19:50:30.494340+00:00: manual__2024-12-18T19:50:30.494340+00:00, state:running, queued_at: 2024-12-18 19:50:30.597572+00:00. externally triggered: True>: 2 task(s)
[2024-12-18T19:50:37.701+0000] {taskinstance.py:3895} INFO - 0 downstream tasks scheduled from follow-on schedule check
[2024-12-18T19:50:37.705+0000] {local_task_job_runner.py:245} INFO - ::endgroup::
