[2024-12-18T20:23:38.133+0000] {__init__.py:54} DEBUG - Loading core task runner: StandardTaskRunner
[2024-12-18T20:23:38.161+0000] {base_task_runner.py:73} DEBUG - Planning to run as the  user
[2024-12-18T20:23:38.168+0000] {local_task_job_runner.py:123} INFO - ::group::Pre task execution logs
[2024-12-18T20:23:38.181+0000] {taskinstance.py:2625} DEBUG - <TaskInstance: tiktok_dag.fetch_all_user_data manual__2024-12-18T20:23:32.949324+00:00 [queued]> dependency 'Previous Dagrun State' PASSED: True, The task did not have depends_on_past set.
[2024-12-18T20:23:38.182+0000] {taskinstance.py:2625} DEBUG - <TaskInstance: tiktok_dag.fetch_all_user_data manual__2024-12-18T20:23:32.949324+00:00 [queued]> dependency 'Task Instance Not Running' PASSED: True, Task is not in running state.
[2024-12-18T20:23:38.183+0000] {taskinstance.py:2625} DEBUG - <TaskInstance: tiktok_dag.fetch_all_user_data manual__2024-12-18T20:23:32.949324+00:00 [queued]> dependency 'Task Instance State' PASSED: True, Task state queued was valid.
[2024-12-18T20:23:38.192+0000] {taskinstance.py:2625} DEBUG - <TaskInstance: tiktok_dag.fetch_all_user_data manual__2024-12-18T20:23:32.949324+00:00 [queued]> dependency 'Not In Retry Period' PASSED: True, The task instance was not marked for retrying.
[2024-12-18T20:23:38.193+0000] {taskinstance.py:2613} INFO - Dependencies all met for dep_context=non-requeueable deps ti=<TaskInstance: tiktok_dag.fetch_all_user_data manual__2024-12-18T20:23:32.949324+00:00 [queued]>
[2024-12-18T20:23:38.199+0000] {taskinstance.py:2625} DEBUG - <TaskInstance: tiktok_dag.fetch_all_user_data manual__2024-12-18T20:23:32.949324+00:00 [queued]> dependency 'Pool Slots Available' PASSED: True, There are enough open slots in default_pool to execute the task
[2024-12-18T20:23:38.200+0000] {taskinstance.py:2625} DEBUG - <TaskInstance: tiktok_dag.fetch_all_user_data manual__2024-12-18T20:23:32.949324+00:00 [queued]> dependency 'Previous Dagrun State' PASSED: True, The task did not have depends_on_past set.
[2024-12-18T20:23:38.205+0000] {taskinstance.py:2625} DEBUG - <TaskInstance: tiktok_dag.fetch_all_user_data manual__2024-12-18T20:23:32.949324+00:00 [queued]> dependency 'Task Concurrency' PASSED: True, Task concurrency is not set.
[2024-12-18T20:23:38.208+0000] {taskinstance.py:2625} DEBUG - <TaskInstance: tiktok_dag.fetch_all_user_data manual__2024-12-18T20:23:32.949324+00:00 [queued]> dependency 'Not In Retry Period' PASSED: True, The task instance was not marked for retrying.
[2024-12-18T20:23:38.209+0000] {taskinstance.py:2613} INFO - Dependencies all met for dep_context=requeueable deps ti=<TaskInstance: tiktok_dag.fetch_all_user_data manual__2024-12-18T20:23:32.949324+00:00 [queued]>
[2024-12-18T20:23:38.209+0000] {taskinstance.py:2866} INFO - Starting attempt 1 of 2
[2024-12-18T20:23:38.231+0000] {taskinstance.py:2889} INFO - Executing <Task(PythonOperator): fetch_all_user_data> on 2024-12-18 20:23:32.949324+00:00
[2024-12-18T20:23:38.247+0000] {logging_mixin.py:190} WARNING - /home/***/.local/lib/python3.12/site-packages/***/task/task_runner/standard_task_runner.py:70 DeprecationWarning: This process (pid=3562) is multi-threaded, use of fork() may lead to deadlocks in the child.
[2024-12-18T20:23:38.244+0000] {standard_task_runner.py:104} INFO - Running: ['***', 'tasks', 'run', 'tiktok_dag', 'fetch_all_user_data', 'manual__2024-12-18T20:23:32.949324+00:00', '--job-id', '89', '--raw', '--subdir', 'DAGS_FOLDER/tiktok_dag.py', '--cfg-path', '/tmp/tmpxil4h4lz']
[2024-12-18T20:23:38.249+0000] {standard_task_runner.py:72} INFO - Started process 3567 to run task
[2024-12-18T20:23:38.249+0000] {standard_task_runner.py:105} INFO - Job 89: Subtask fetch_all_user_data
[2024-12-18T20:23:38.251+0000] {cli_action_loggers.py:79} DEBUG - Calling callbacks: [<function default_action_log at 0x7f2a69185da0>]
[2024-12-18T20:23:38.322+0000] {task_command.py:467} INFO - Running <TaskInstance: tiktok_dag.fetch_all_user_data manual__2024-12-18T20:23:32.949324+00:00 [running]> on host 00d1ef865b53
[2024-12-18T20:23:38.395+0000] {taskinstance.py:2384} DEBUG - Clearing XCom data
[2024-12-18T20:23:38.411+0000] {retries.py:95} DEBUG - Running RenderedTaskInstanceFields.write with retries. Try 1 of 3
[2024-12-18T20:23:38.436+0000] {retries.py:95} DEBUG - Running RenderedTaskInstanceFields._do_delete_old_records with retries. Try 1 of 3
[2024-12-18T20:23:38.448+0000] {taskinstance.py:3132} INFO - Exporting env vars: AIRFLOW_CTX_DAG_OWNER='***' AIRFLOW_CTX_DAG_ID='tiktok_dag' AIRFLOW_CTX_TASK_ID='fetch_all_user_data' AIRFLOW_CTX_EXECUTION_DATE='2024-12-18T20:23:32.949324+00:00' AIRFLOW_CTX_TRY_NUMBER='1' AIRFLOW_CTX_DAG_RUN_ID='manual__2024-12-18T20:23:32.949324+00:00'
[2024-12-18T20:23:38.449+0000] {__init__.py:115} DEBUG - Preparing lineage inlets and outlets
[2024-12-18T20:23:38.450+0000] {__init__.py:154} DEBUG - inlets: [], outlets: []
[2024-12-18T20:23:38.451+0000] {taskinstance.py:731} INFO - ::endgroup::
[2024-12-18T20:23:38.468+0000] {tiktok_dag.py:51} INFO - Fetching data for all usernames...
[2024-12-18T20:23:38.482+0000] {tiktok_dag.py:53} INFO - Usernames pulled from XCom: ['mrbeast', 'jadeanna', 'feyenoord']
[2024-12-18T20:23:38.483+0000] {tiktok_dag.py:59} INFO - Fetching data for username: mrbeast
[2024-12-18T20:23:38.483+0000] {tiktok_etl.py:114} INFO - Checking token expiry: {'token': 'Bearer clt.2.2FPqi0MGZIXZZ3clzQTNgyPDqxrcckxt1d-KDYDU4OFr7UMQYh3pHDTym9rRjGwCNZCJ-Oh2yVQv7VAjzbHf8w*0', 'expires_at': 1734447290.981219}
[2024-12-18T20:23:38.484+0000] {tiktok_etl.py:77} INFO - Fetching new token...
[2024-12-18T20:23:38.485+0000] {tiktok_etl.py:87} INFO - Requesting TikTok API with URL: https://open.tiktokapis.com/v2/oauth/token/, Headers: {'Content-Type': 'application/x-www-form-urlencoded'}, Body: {'client_key': 'awppjtwldd6o69ll', 'client_secret': 'prK149Sj8dYCkxgvuXMHkaEMG8pw2yIL', 'grant_type': 'client_credentials'}
[2024-12-18T20:23:38.488+0000] {connectionpool.py:1051} DEBUG - Starting new HTTPS connection (1): open.tiktokapis.com:443
[2024-12-18T20:23:39.146+0000] {connectionpool.py:546} DEBUG - https://open.tiktokapis.com:443 "POST /v2/oauth/token/ HTTP/11" 200 153
[2024-12-18T20:23:39.149+0000] {tiktok_etl.py:103} INFO - New token obtained: Bearer clt.2.6mssWgcTtVli3K3ThuQRJ4RMp-WQXblXR_sEe9JMX38kN2pkkwulXaHmF_VB2K9UoNKasXgxQPs44z2RcnB_fQ*2, expires at 2024-12-18 22:23:39.148802
[2024-12-18T20:23:39.150+0000] {tiktok_etl.py:133} INFO - Now in function tiktok_get_user_info, getting mrbeast
[2024-12-18T20:23:39.151+0000] {tiktok_etl.py:140} INFO - Requesting TikTok API with URL: https://open.tiktokapis.com/v2/research/user/info/, Headers: {'Authorization': 'Bearer clt.2.6mssWgcTtVli3K3ThuQRJ4RMp-WQXblXR_sEe9JMX38kN2pkkwulXaHmF_VB2K9UoNKasXgxQPs44z2RcnB_fQ*2', 'Content-Type': 'application/json'}, Body: {'username': 'mrbeast'}
[2024-12-18T20:23:39.154+0000] {connectionpool.py:1051} DEBUG - Starting new HTTPS connection (1): open.tiktokapis.com:443
[2024-12-18T20:23:39.663+0000] {connectionpool.py:546} DEBUG - https://open.tiktokapis.com:443 "POST /v2/research/user/info/?fields=display_name%2Cbio_description%2Cis_verified%2Cfollower_count%2Cfollowing_count%2Clikes_count%2Cvideo_count HTTP/11" 200 235
[2024-12-18T20:23:39.664+0000] {tiktok_etl.py:143} INFO - Call is done...
[2024-12-18T20:23:39.665+0000] {tiktok_etl.py:150} INFO - Now in function tiktok_get_user_info, getting resp {'data': {'bio_description': 'I want to make the world a better place', 'display_name': 'MrBeast', 'follower_count': 106706914, 'following_count': 362, 'is_verified': True, 'likes_count': 1057838892, 'video_count': 388}, 'error': {'code': 'ok', 'message': '', 'log_id': '2024121820233829B54F10EBF6EB17F2B4'}}
[2024-12-18T20:23:39.668+0000] {logging_mixin.py:190} WARNING - /home/***/.local/lib/python3.12/site-packages/pymongo/_csot.py:119 UserWarning: MongoClient opened before fork. May not be entirely fork-safe, proceed with caution. See PyMongo's documentation for details: https://www.mongodb.com/docs/languages/python/pymongo-driver/current/faq/#is-pymongo-fork-safe-
[2024-12-18T20:23:39.670+0000] {logger.py:100} DEBUG - {"message": "Server selection started", "selector": "<function writable_server_selector at 0x7f2a4f2c9d00>", "operation": "insert", "topologyDescription": "<TopologyDescription id: 67632f491decb0a8a1c7a4ac, topology_type: Unknown, servers: [<ServerDescription ('mongodb', 27017) server_type: Unknown, rtt: None>]>", "clientId": {"$oid": "67632f491decb0a8a1c7a4ac"}}
[2024-12-18T20:23:39.672+0000] {logger.py:100} DEBUG - {"message": "Waiting for suitable server to become available", "selector": "<function writable_server_selector at 0x7f2a4f2c9d00>", "operation": "insert", "topologyDescription": "<TopologyDescription id: 67632f491decb0a8a1c7a4ac, topology_type: Unknown, servers: [<ServerDescription ('mongodb', 27017) server_type: Unknown, rtt: None>]>", "clientId": {"$oid": "67632f491decb0a8a1c7a4ac"}, "remainingTimeMS": 29}
[2024-12-18T20:23:39.676+0000] {logger.py:100} DEBUG - {"message": "Server selection succeeded", "selector": "<function writable_server_selector at 0x7f2a4f2c9d00>", "operation": "insert", "topologyDescription": "<TopologyDescription id: 67632f491decb0a8a1c7a4ac, topology_type: Single, servers: [<ServerDescription ('mongodb', 27017) server_type: Standalone, rtt: 0.0017341019993182272>]>", "clientId": {"$oid": "67632f491decb0a8a1c7a4ac"}, "serverHost": "mongodb", "serverPort": 27017}
[2024-12-18T20:23:39.703+0000] {logger.py:100} DEBUG - {"clientId": {"$oid": "67632f491decb0a8a1c7a4ac"}, "message": "Command started", "command": "{\"insert\": \"user_info\", \"ordered\": true, \"lsid\": {\"id\": {\"$binary\": {\"base64\": \"X8oGdp0tT9ebCekFSswzEw==\", \"subType\": \"04\"}}}, \"$db\": \"tiktok_db\", \"documents\": [{\"bio_description\": \"I want to make the world a better place\", \"display_name\": \"MrBeast\", \"follower_count\": 106706914, \"following_count\": 362, \"is_verified\": true, \"likes_count\": 1057838892, \"video_count\": 388, \"username\": \"mrbeast\", \"timestamp\": {\"$date\": \"2024-12-18T20:23:39.665Z\"}, \"_id\": {\"$oid\": \"67632f4b1350ec14c6c7a4ad\"}}]}", "commandName": "insert", "databaseName": "tiktok_db", "requestId": 596516649, "operationId": 596516649, "driverConnectionId": 1, "serverConnectionId": 451, "serverHost": "mongodb", "serverPort": 27017}
[2024-12-18T20:23:39.707+0000] {logger.py:100} DEBUG - {"clientId": {"$oid": "67632f491decb0a8a1c7a4ac"}, "message": "Command succeeded", "durationMS": 3.328, "reply": "{\"n\": 1, \"ok\": 1.0}", "commandName": "insert", "databaseName": "tiktok_db", "requestId": 596516649, "operationId": 596516649, "driverConnectionId": 1, "serverConnectionId": 451, "serverHost": "mongodb", "serverPort": 27017}
[2024-12-18T20:23:39.708+0000] {tiktok_etl.py:204} INFO - Data for mrbeast inserted into MongoDB successfully.
[2024-12-18T20:23:39.733+0000] {tiktok_dag.py:62} INFO - Successfully fetched data for username: mrbeast
[2024-12-18T20:23:39.734+0000] {tiktok_dag.py:59} INFO - Fetching data for username: jadeanna
[2024-12-18T20:23:39.735+0000] {tiktok_etl.py:114} INFO - Checking token expiry: {'token': 'Bearer clt.2.6mssWgcTtVli3K3ThuQRJ4RMp-WQXblXR_sEe9JMX38kN2pkkwulXaHmF_VB2K9UoNKasXgxQPs44z2RcnB_fQ*2', 'expires_at': 1734560619.1488023}
[2024-12-18T20:23:39.735+0000] {tiktok_etl.py:133} INFO - Now in function tiktok_get_user_info, getting jadeanna
[2024-12-18T20:23:39.736+0000] {tiktok_etl.py:140} INFO - Requesting TikTok API with URL: https://open.tiktokapis.com/v2/research/user/info/, Headers: {'Authorization': 'Bearer clt.2.6mssWgcTtVli3K3ThuQRJ4RMp-WQXblXR_sEe9JMX38kN2pkkwulXaHmF_VB2K9UoNKasXgxQPs44z2RcnB_fQ*2', 'Content-Type': 'application/json'}, Body: {'username': 'jadeanna'}
[2024-12-18T20:23:39.737+0000] {connectionpool.py:1051} DEBUG - Starting new HTTPS connection (1): open.tiktokapis.com:443
[2024-12-18T20:23:40.013+0000] {connectionpool.py:546} DEBUG - https://open.tiktokapis.com:443 "POST /v2/research/user/info/?fields=display_name%2Cbio_description%2Cis_verified%2Cfollower_count%2Cfollowing_count%2Clikes_count%2Cvideo_count HTTP/11" 200 291
[2024-12-18T20:23:40.015+0000] {tiktok_etl.py:143} INFO - Call is done...
[2024-12-18T20:23:40.015+0000] {tiktok_etl.py:150} INFO - Now in function tiktok_get_user_info, getting resp {'data': {'bio_description': '🧸 founder @bi yù \n🎙️ 1/4 @Confession Club \n💌 jadeanna@ad-venturestudios.com', 'display_name': 'Jade Anna', 'follower_count': 1786476, 'following_count': 1392, 'is_verified': True, 'likes_count': 152868847, 'video_count': 2517}, 'error': {'code': 'ok', 'message': '', 'log_id': '20241218202338EC2C28714930DE116321'}}
[2024-12-18T20:23:40.016+0000] {logger.py:100} DEBUG - {"message": "Server selection started", "selector": "<function writable_server_selector at 0x7f2a4f2c9d00>", "operation": "insert", "topologyDescription": "<TopologyDescription id: 67632f491decb0a8a1c7a4ac, topology_type: Single, servers: [<ServerDescription ('mongodb', 27017) server_type: Standalone, rtt: 0.0017341019993182272>]>", "clientId": {"$oid": "67632f491decb0a8a1c7a4ac"}}
[2024-12-18T20:23:40.017+0000] {logger.py:100} DEBUG - {"message": "Server selection succeeded", "selector": "<function writable_server_selector at 0x7f2a4f2c9d00>", "operation": "insert", "topologyDescription": "<TopologyDescription id: 67632f491decb0a8a1c7a4ac, topology_type: Single, servers: [<ServerDescription ('mongodb', 27017) server_type: Standalone, rtt: 0.0017341019993182272>]>", "clientId": {"$oid": "67632f491decb0a8a1c7a4ac"}, "serverHost": "mongodb", "serverPort": 27017}
[2024-12-18T20:23:40.018+0000] {logger.py:100} DEBUG - {"clientId": {"$oid": "67632f491decb0a8a1c7a4ac"}, "message": "Command started", "command": "{\"insert\": \"user_info\", \"ordered\": true, \"lsid\": {\"id\": {\"$binary\": {\"base64\": \"X8oGdp0tT9ebCekFSswzEw==\", \"subType\": \"04\"}}}, \"$db\": \"tiktok_db\", \"documents\": [{\"bio_description\": \"\\ud83e\\uddf8 founder @bi y\\u00f9 \\n\\ud83c\\udf99\\ufe0f 1/4 @Confession Club \\n\\ud83d\\udc8c jadeanna@ad-venturestudios.com\", \"display_name\": \"Jade Anna\", \"follower_count\": 1786476, \"following_count\": 1392, \"is_verified\": true, \"likes_count\": 152868847, \"video_count\": 2517, \"username\": \"jadeanna\", \"timestamp\": {\"$date\": \"2024-12-18T20:23:40.016Z\"}, \"_id\": {\"$oid\": \"67632f4c1350ec14c6c7a4af\"}}]}", "commandName": "insert", "databaseName": "tiktok_db", "requestId": 1189641421, "operationId": 1189641421, "driverConnectionId": 1, "serverConnectionId": 451, "serverHost": "mongodb", "serverPort": 27017}
[2024-12-18T20:23:40.020+0000] {logger.py:100} DEBUG - {"clientId": {"$oid": "67632f491decb0a8a1c7a4ac"}, "message": "Command succeeded", "durationMS": 1.832, "reply": "{\"n\": 1, \"ok\": 1.0}", "commandName": "insert", "databaseName": "tiktok_db", "requestId": 1189641421, "operationId": 1189641421, "driverConnectionId": 1, "serverConnectionId": 451, "serverHost": "mongodb", "serverPort": 27017}
[2024-12-18T20:23:40.021+0000] {tiktok_etl.py:204} INFO - Data for jadeanna inserted into MongoDB successfully.
[2024-12-18T20:23:40.039+0000] {tiktok_dag.py:62} INFO - Successfully fetched data for username: jadeanna
[2024-12-18T20:23:40.043+0000] {tiktok_dag.py:59} INFO - Fetching data for username: feyenoord
[2024-12-18T20:23:40.043+0000] {tiktok_etl.py:114} INFO - Checking token expiry: {'token': 'Bearer clt.2.6mssWgcTtVli3K3ThuQRJ4RMp-WQXblXR_sEe9JMX38kN2pkkwulXaHmF_VB2K9UoNKasXgxQPs44z2RcnB_fQ*2', 'expires_at': 1734560619.1488023}
[2024-12-18T20:23:40.044+0000] {tiktok_etl.py:133} INFO - Now in function tiktok_get_user_info, getting feyenoord
[2024-12-18T20:23:40.045+0000] {tiktok_etl.py:140} INFO - Requesting TikTok API with URL: https://open.tiktokapis.com/v2/research/user/info/, Headers: {'Authorization': 'Bearer clt.2.6mssWgcTtVli3K3ThuQRJ4RMp-WQXblXR_sEe9JMX38kN2pkkwulXaHmF_VB2K9UoNKasXgxQPs44z2RcnB_fQ*2', 'Content-Type': 'application/json'}, Body: {'username': 'feyenoord'}
[2024-12-18T20:23:40.046+0000] {connectionpool.py:1051} DEBUG - Starting new HTTPS connection (1): open.tiktokapis.com:443
[2024-12-18T20:23:40.367+0000] {connectionpool.py:546} DEBUG - https://open.tiktokapis.com:443 "POST /v2/research/user/info/?fields=display_name%2Cbio_description%2Cis_verified%2Cfollower_count%2Cfollowing_count%2Clikes_count%2Cvideo_count HTTP/11" 200 288
[2024-12-18T20:23:40.369+0000] {tiktok_etl.py:143} INFO - Call is done...
[2024-12-18T20:23:40.369+0000] {tiktok_etl.py:150} INFO - Now in function tiktok_get_user_info, getting resp {'data': {'display_name': 'Feyenoord', 'follower_count': 1792480, 'following_count': 16, 'is_verified': True, 'likes_count': 33319498, 'video_count': 1104, 'bio_description': 'The official TikTok account of Feyenoord Rotterdam. \n\n𝙵𝚘𝚞𝚗𝚍𝚎𝚍 in 𝟷𝟿𝟶𝟾'}, 'error': {'code': 'ok', 'message': '', 'log_id': '20241218202339EC2C28714930DE116328'}}
[2024-12-18T20:23:40.370+0000] {logger.py:100} DEBUG - {"message": "Server selection started", "selector": "<function writable_server_selector at 0x7f2a4f2c9d00>", "operation": "insert", "topologyDescription": "<TopologyDescription id: 67632f491decb0a8a1c7a4ac, topology_type: Single, servers: [<ServerDescription ('mongodb', 27017) server_type: Standalone, rtt: 0.0017341019993182272>]>", "clientId": {"$oid": "67632f491decb0a8a1c7a4ac"}}
[2024-12-18T20:23:40.372+0000] {logger.py:100} DEBUG - {"message": "Server selection succeeded", "selector": "<function writable_server_selector at 0x7f2a4f2c9d00>", "operation": "insert", "topologyDescription": "<TopologyDescription id: 67632f491decb0a8a1c7a4ac, topology_type: Single, servers: [<ServerDescription ('mongodb', 27017) server_type: Standalone, rtt: 0.0017341019993182272>]>", "clientId": {"$oid": "67632f491decb0a8a1c7a4ac"}, "serverHost": "mongodb", "serverPort": 27017}
[2024-12-18T20:23:40.373+0000] {logger.py:100} DEBUG - {"clientId": {"$oid": "67632f491decb0a8a1c7a4ac"}, "message": "Command started", "command": "{\"insert\": \"user_info\", \"ordered\": true, \"lsid\": {\"id\": {\"$binary\": {\"base64\": \"X8oGdp0tT9ebCekFSswzEw==\", \"subType\": \"04\"}}}, \"$db\": \"tiktok_db\", \"documents\": [{\"display_name\": \"Feyenoord\", \"follower_count\": 1792480, \"following_count\": 16, \"is_verified\": true, \"likes_count\": 33319498, \"video_count\": 1104, \"bio_description\": \"The official TikTok account of Feyenoord Rotterdam. \\n\\n\\ud835\\ude75\\ud835\\ude98\\ud835\\ude9e\\ud835\\ude97\\ud835\\ude8d\\ud835\\ude8e\\ud835\\ude8d in \\ud835\\udff7\\ud835\\udfff\\ud835\\udff6\\ud835\\udffe\", \"username\": \"feyenoord\", \"timestamp\": {\"$date\": \"2024-12-18T20:23:40.370Z\"}, \"_id\": {\"$oid\": \"67632f4c1350ec14c6c7a4b1\"}}]}", "commandName": "insert", "databaseName": "tiktok_db", "requestId": 1025202362, "operationId": 1025202362, "driverConnectionId": 1, "serverConnectionId": 451, "serverHost": "mongodb", "serverPort": 27017}
[2024-12-18T20:23:40.377+0000] {logger.py:100} DEBUG - {"clientId": {"$oid": "67632f491decb0a8a1c7a4ac"}, "message": "Command succeeded", "durationMS": 3.456, "reply": "{\"n\": 1, \"ok\": 1.0}", "commandName": "insert", "databaseName": "tiktok_db", "requestId": 1025202362, "operationId": 1025202362, "driverConnectionId": 1, "serverConnectionId": 451, "serverHost": "mongodb", "serverPort": 27017}
[2024-12-18T20:23:40.378+0000] {tiktok_etl.py:204} INFO - Data for feyenoord inserted into MongoDB successfully.
[2024-12-18T20:23:40.406+0000] {tiktok_dag.py:62} INFO - Successfully fetched data for username: feyenoord
[2024-12-18T20:23:40.407+0000] {python.py:240} INFO - Done. Returned value was: None
[2024-12-18T20:23:40.410+0000] {__init__.py:77} DEBUG - Lineage called with inlets: [], outlets: []
[2024-12-18T20:23:40.423+0000] {taskinstance.py:340} INFO - ::group::Post task execution logs
[2024-12-18T20:23:40.423+0000] {taskinstance.py:352} INFO - Marking task as SUCCESS. dag_id=tiktok_dag, task_id=fetch_all_user_data, run_id=manual__2024-12-18T20:23:32.949324+00:00, execution_date=20241218T202332, start_date=20241218T202338, end_date=20241218T202340
[2024-12-18T20:23:40.443+0000] {cli_action_loggers.py:98} DEBUG - Calling callbacks: []
[2024-12-18T20:23:40.487+0000] {local_task_job_runner.py:266} INFO - Task exited with return code 0
[2024-12-18T20:23:40.505+0000] {dagrun.py:968} DEBUG - number of tis tasks for <DagRun tiktok_dag @ 2024-12-18 20:23:32.949324+00:00: manual__2024-12-18T20:23:32.949324+00:00, state:running, queued_at: 2024-12-18 20:23:33.026697+00:00. externally triggered: True>: 2 task(s)
[2024-12-18T20:23:40.506+0000] {taskinstance.py:3895} INFO - 0 downstream tasks scheduled from follow-on schedule check
[2024-12-18T20:23:40.512+0000] {local_task_job_runner.py:245} INFO - ::endgroup::
