[2024-12-19T19:51:33.691+0000] {__init__.py:54} DEBUG - Loading core task runner: StandardTaskRunner
[2024-12-19T19:51:33.737+0000] {base_task_runner.py:73} DEBUG - Planning to run as the  user
[2024-12-19T19:51:33.764+0000] {local_task_job_runner.py:123} INFO - ::group::Pre task execution logs
[2024-12-19T19:51:33.804+0000] {taskinstance.py:2625} DEBUG - <TaskInstance: tiktok_video_dag.load_usernames manual__2024-12-19T19:51:15.901901+00:00 [queued]> dependency 'Previous Dagrun State' PASSED: True, The task did not have depends_on_past set.
[2024-12-19T19:51:33.806+0000] {taskinstance.py:2625} DEBUG - <TaskInstance: tiktok_video_dag.load_usernames manual__2024-12-19T19:51:15.901901+00:00 [queued]> dependency 'Task Instance Not Running' PASSED: True, Task is not in running state.
[2024-12-19T19:51:33.807+0000] {taskinstance.py:2625} DEBUG - <TaskInstance: tiktok_video_dag.load_usernames manual__2024-12-19T19:51:15.901901+00:00 [queued]> dependency 'Task Instance State' PASSED: True, Task state queued was valid.
[2024-12-19T19:51:33.815+0000] {taskinstance.py:2625} DEBUG - <TaskInstance: tiktok_video_dag.load_usernames manual__2024-12-19T19:51:15.901901+00:00 [queued]> dependency 'Trigger Rule' PASSED: True, The task instance did not have any upstream tasks.
[2024-12-19T19:51:33.860+0000] {taskinstance.py:2625} DEBUG - <TaskInstance: tiktok_video_dag.load_usernames manual__2024-12-19T19:51:15.901901+00:00 [queued]> dependency 'Not In Retry Period' PASSED: True, The task instance was not marked for retrying.
[2024-12-19T19:51:33.864+0000] {taskinstance.py:2613} INFO - Dependencies all met for dep_context=non-requeueable deps ti=<TaskInstance: tiktok_video_dag.load_usernames manual__2024-12-19T19:51:15.901901+00:00 [queued]>
[2024-12-19T19:51:33.929+0000] {taskinstance.py:2625} DEBUG - <TaskInstance: tiktok_video_dag.load_usernames manual__2024-12-19T19:51:15.901901+00:00 [queued]> dependency 'Pool Slots Available' PASSED: True, There are enough open slots in default_pool to execute the task
[2024-12-19T19:51:33.945+0000] {taskinstance.py:2625} DEBUG - <TaskInstance: tiktok_video_dag.load_usernames manual__2024-12-19T19:51:15.901901+00:00 [queued]> dependency 'Previous Dagrun State' PASSED: True, The task did not have depends_on_past set.
[2024-12-19T19:51:33.961+0000] {taskinstance.py:2625} DEBUG - <TaskInstance: tiktok_video_dag.load_usernames manual__2024-12-19T19:51:15.901901+00:00 [queued]> dependency 'Trigger Rule' PASSED: True, The task instance did not have any upstream tasks.
[2024-12-19T19:51:33.983+0000] {taskinstance.py:2625} DEBUG - <TaskInstance: tiktok_video_dag.load_usernames manual__2024-12-19T19:51:15.901901+00:00 [queued]> dependency 'Task Concurrency' PASSED: True, Task concurrency is not set.
[2024-12-19T19:51:33.984+0000] {taskinstance.py:2625} DEBUG - <TaskInstance: tiktok_video_dag.load_usernames manual__2024-12-19T19:51:15.901901+00:00 [queued]> dependency 'Not In Retry Period' PASSED: True, The task instance was not marked for retrying.
[2024-12-19T19:51:33.985+0000] {taskinstance.py:2613} INFO - Dependencies all met for dep_context=requeueable deps ti=<TaskInstance: tiktok_video_dag.load_usernames manual__2024-12-19T19:51:15.901901+00:00 [queued]>
[2024-12-19T19:51:33.987+0000] {taskinstance.py:2866} INFO - Starting attempt 1 of 2
[2024-12-19T19:51:35.683+0000] {taskinstance.py:2889} INFO - Executing <Task(PythonOperator): load_usernames> on 2024-12-19 19:51:15.901901+00:00
[2024-12-19T19:51:35.760+0000] {logging_mixin.py:190} WARNING - /home/***/.local/lib/python3.12/site-packages/***/task/task_runner/standard_task_runner.py:70 DeprecationWarning: This process (pid=26378) is multi-threaded, use of fork() may lead to deadlocks in the child.
[2024-12-19T19:51:36.137+0000] {standard_task_runner.py:72} INFO - Started process 26391 to run task
[2024-12-19T19:51:36.324+0000] {logger.py:100} DEBUG - {"topologyId": {"$oid": "6764794202e33936bed295a7"}, "message": "Starting topology monitoring"}
[2024-12-19T19:51:36.332+0000] {logger.py:100} DEBUG - {"topologyId": {"$oid": "6764794202e33936bed295a7"}, "previousDescription": "<TopologyDescription id: 6764794202e33936bed295a7, topology_type: Unknown, servers: []>", "newDescription": "<TopologyDescription id: 6764794202e33936bed295a7, topology_type: Unknown, servers: [<ServerDescription ('mongodb', 27017) server_type: Unknown, rtt: None>]>", "message": "Topology description changed"}
[2024-12-19T19:51:36.357+0000] {logger.py:100} DEBUG - {"topologyId": {"$oid": "6764794202e33936bed295a7"}, "serverHost": "mongodb", "serverPort": 27017, "message": "Starting server monitoring"}
[2024-12-19T19:51:36.848+0000] {standard_task_runner.py:104} INFO - Running: ['***', 'tasks', 'run', 'tiktok_video_dag', 'load_usernames', 'manual__2024-12-19T19:51:15.901901+00:00', '--job-id', '92', '--raw', '--subdir', 'DAGS_FOLDER/tiktok_video_dag.py', '--cfg-path', '/tmp/tmpniionkyn']
[2024-12-19T19:51:36.876+0000] {standard_task_runner.py:105} INFO - Job 92: Subtask load_usernames
[2024-12-19T19:51:36.891+0000] {cli_action_loggers.py:79} DEBUG - Calling callbacks: [<function default_action_log at 0x7f2a69185da0>]
[2024-12-19T19:51:37.478+0000] {task_command.py:467} INFO - Running <TaskInstance: tiktok_video_dag.load_usernames manual__2024-12-19T19:51:15.901901+00:00 [running]> on host 00d1ef865b53
[2024-12-19T19:51:37.651+0000] {taskinstance.py:2384} DEBUG - Clearing XCom data
[2024-12-19T19:51:37.794+0000] {retries.py:95} DEBUG - Running RenderedTaskInstanceFields.write with retries. Try 1 of 3
[2024-12-19T19:51:37.924+0000] {retries.py:95} DEBUG - Running RenderedTaskInstanceFields._do_delete_old_records with retries. Try 1 of 3
[2024-12-19T19:51:37.984+0000] {taskinstance.py:3132} INFO - Exporting env vars: AIRFLOW_CTX_DAG_OWNER='***' AIRFLOW_CTX_DAG_ID='tiktok_video_dag' AIRFLOW_CTX_TASK_ID='load_usernames' AIRFLOW_CTX_EXECUTION_DATE='2024-12-19T19:51:15.901901+00:00' AIRFLOW_CTX_TRY_NUMBER='1' AIRFLOW_CTX_DAG_RUN_ID='manual__2024-12-19T19:51:15.901901+00:00'
[2024-12-19T19:51:37.990+0000] {__init__.py:115} DEBUG - Preparing lineage inlets and outlets
[2024-12-19T19:51:38.001+0000] {__init__.py:154} DEBUG - inlets: [], outlets: []
[2024-12-19T19:51:38.016+0000] {taskinstance.py:731} INFO - ::endgroup::
[2024-12-19T19:51:38.271+0000] {tiktok_video_dag.py:43} INFO - Successfully loaded 3 usernames from /opt/***/dags/influencers.csv
[2024-12-19T19:51:38.272+0000] {tiktok_video_dag.py:44} INFO - Usernames loaded: ['mrbeast', 'jadeanna', 'feyenoord']
[2024-12-19T19:51:38.352+0000] {python.py:240} INFO - Done. Returned value was: None
[2024-12-19T19:51:38.356+0000] {__init__.py:77} DEBUG - Lineage called with inlets: [], outlets: []
[2024-12-19T19:51:38.389+0000] {taskinstance.py:340} INFO - ::group::Post task execution logs
[2024-12-19T19:51:38.390+0000] {taskinstance.py:352} INFO - Marking task as SUCCESS. dag_id=tiktok_video_dag, task_id=load_usernames, run_id=manual__2024-12-19T19:51:15.901901+00:00, execution_date=20241219T195115, start_date=20241219T195133, end_date=20241219T195138
[2024-12-19T19:51:38.421+0000] {cli_action_loggers.py:98} DEBUG - Calling callbacks: []
[2024-12-19T19:51:38.460+0000] {local_task_job_runner.py:266} INFO - Task exited with return code 0
[2024-12-19T19:51:38.500+0000] {dagrun.py:968} DEBUG - number of tis tasks for <DagRun tiktok_video_dag @ 2024-12-19 19:51:15.901901+00:00: manual__2024-12-19T19:51:15.901901+00:00, state:running, queued_at: 2024-12-19 19:51:16.366740+00:00. externally triggered: True>: 2 task(s)
[2024-12-19T19:51:38.501+0000] {dagrun.py:989} DEBUG - number of scheduleable tasks for <DagRun tiktok_video_dag @ 2024-12-19 19:51:15.901901+00:00: manual__2024-12-19T19:51:15.901901+00:00, state:running, queued_at: 2024-12-19 19:51:16.366740+00:00. externally triggered: True>: 1 task(s)
[2024-12-19T19:51:38.502+0000] {taskinstance.py:2625} DEBUG - <TaskInstance: tiktok_video_dag.fetch_all_user_video_data manual__2024-12-19T19:51:15.901901+00:00 [None]> dependency 'Not In Retry Period' PASSED: True, The task instance was not marked for retrying.
[2024-12-19T19:51:38.503+0000] {taskinstance.py:2625} DEBUG - <TaskInstance: tiktok_video_dag.fetch_all_user_video_data manual__2024-12-19T19:51:15.901901+00:00 [None]> dependency 'Previous Dagrun State' PASSED: True, The task did not have depends_on_past set.
[2024-12-19T19:51:38.505+0000] {taskinstance.py:2613} DEBUG - Dependencies all met for dep_context=None ti=<TaskInstance: tiktok_video_dag.fetch_all_user_video_data manual__2024-12-19T19:51:15.901901+00:00 [None]>
[2024-12-19T19:51:38.511+0000] {taskinstance.py:3895} INFO - 1 downstream tasks scheduled from follow-on schedule check
[2024-12-19T19:51:38.516+0000] {local_task_job_runner.py:245} INFO - ::endgroup::
