[2024-12-09T18:11:48.286+0000] {local_task_job_runner.py:123} INFO - ::group::Pre task execution logs
[2024-12-09T18:11:48.538+0000] {taskinstance.py:2613} INFO - Dependencies all met for dep_context=non-requeueable deps ti=<TaskInstance: example_bash_operator.also_run_this manual__2024-12-09T18:11:16+00:00 [queued]>
[2024-12-09T18:11:48.662+0000] {taskinstance.py:2613} INFO - Dependencies all met for dep_context=requeueable deps ti=<TaskInstance: example_bash_operator.also_run_this manual__2024-12-09T18:11:16+00:00 [queued]>
[2024-12-09T18:11:48.665+0000] {taskinstance.py:2866} INFO - Starting attempt 1 of 1
[2024-12-09T18:11:48.947+0000] {taskinstance.py:2889} INFO - Executing <Task(BashOperator): also_run_this> on 2024-12-09 18:11:16+00:00
[2024-12-09T18:11:49.026+0000] {standard_task_runner.py:104} INFO - Running: ['***', 'tasks', 'run', 'example_bash_operator', 'also_run_this', 'manual__2024-12-09T18:11:16+00:00', '--job-id', '6', '--raw', '--subdir', '/home/***/.local/lib/python3.12/site-packages/***/example_dags/example_bash_operator.py', '--cfg-path', '/tmp/tmp7veyher0']
[2024-12-09T18:11:49.043+0000] {standard_task_runner.py:105} INFO - Job 6: Subtask also_run_this
[2024-12-09T18:11:49.049+0000] {logging_mixin.py:190} WARNING - /home/***/.local/lib/python3.12/site-packages/***/task/task_runner/standard_task_runner.py:70 DeprecationWarning: This process (pid=10822) is multi-threaded, use of fork() may lead to deadlocks in the child.
[2024-12-09T18:11:49.060+0000] {standard_task_runner.py:72} INFO - Started process 10904 to run task
[2024-12-09T18:11:50.379+0000] {task_command.py:467} INFO - Running <TaskInstance: example_bash_operator.also_run_this manual__2024-12-09T18:11:16+00:00 [running]> on host ad295016f549
[2024-12-09T18:11:51.474+0000] {taskinstance.py:3132} INFO - Exporting env vars: AIRFLOW_CTX_DAG_OWNER='***' AIRFLOW_CTX_DAG_ID='example_bash_operator' AIRFLOW_CTX_TASK_ID='also_run_this' AIRFLOW_CTX_EXECUTION_DATE='2024-12-09T18:11:16+00:00' AIRFLOW_CTX_TRY_NUMBER='1' AIRFLOW_CTX_DAG_RUN_ID='manual__2024-12-09T18:11:16+00:00'
[2024-12-09T18:11:51.497+0000] {logging_mixin.py:190} INFO - Task instance is in running state
[2024-12-09T18:11:51.510+0000] {logging_mixin.py:190} INFO -  Previous state of the Task instance: queued
[2024-12-09T18:11:51.526+0000] {logging_mixin.py:190} INFO - Current task name:also_run_this state:running start_date:2024-12-09 18:11:48.583819+00:00
[2024-12-09T18:11:51.542+0000] {logging_mixin.py:190} INFO - Dag name:example_bash_operator and current dag run status:running
[2024-12-09T18:11:51.563+0000] {taskinstance.py:731} INFO - ::endgroup::
[2024-12-09T18:11:51.653+0000] {subprocess.py:78} INFO - Tmp dir root location: /tmp
[2024-12-09T18:11:51.685+0000] {subprocess.py:88} INFO - Running command: ['/usr/bin/bash', '-c', 'echo "ti_key=example_bash_operator__also_run_this__20241209"']
[2024-12-09T18:11:51.858+0000] {subprocess.py:99} INFO - Output:
[2024-12-09T18:11:52.396+0000] {subprocess.py:106} INFO - ti_key=example_bash_operator__also_run_this__20241209
[2024-12-09T18:11:52.416+0000] {subprocess.py:110} INFO - Command exited with return code 0
[2024-12-09T18:11:52.531+0000] {taskinstance.py:340} INFO - ::group::Post task execution logs
[2024-12-09T18:11:52.533+0000] {taskinstance.py:352} INFO - Marking task as SUCCESS. dag_id=example_bash_operator, task_id=also_run_this, run_id=manual__2024-12-09T18:11:16+00:00, execution_date=20241209T181116, start_date=20241209T181148, end_date=20241209T181152
[2024-12-09T18:11:52.569+0000] {logging_mixin.py:190} INFO - Task instance in success state
[2024-12-09T18:11:52.573+0000] {logging_mixin.py:190} INFO -  Previous state of the Task instance: running
[2024-12-09T18:11:52.576+0000] {logging_mixin.py:190} INFO - Dag name:example_bash_operator queued_at:2024-12-09 18:11:36.701982+00:00
[2024-12-09T18:11:52.586+0000] {logging_mixin.py:190} INFO - Task hostname:ad295016f549 operator:BashOperator
[2024-12-09T18:11:52.646+0000] {local_task_job_runner.py:266} INFO - Task exited with return code 0
[2024-12-09T18:11:52.745+0000] {taskinstance.py:3895} INFO - 0 downstream tasks scheduled from follow-on schedule check
[2024-12-09T18:11:52.781+0000] {local_task_job_runner.py:245} INFO - ::endgroup::
