[2024-12-09T18:11:48.145+0000] {local_task_job_runner.py:123} INFO - ::group::Pre task execution logs
[2024-12-09T18:11:48.300+0000] {taskinstance.py:2613} INFO - Dependencies all met for dep_context=non-requeueable deps ti=<TaskInstance: example_bash_operator.runme_2 manual__2024-12-09T18:11:16+00:00 [queued]>
[2024-12-09T18:11:48.434+0000] {taskinstance.py:2613} INFO - Dependencies all met for dep_context=requeueable deps ti=<TaskInstance: example_bash_operator.runme_2 manual__2024-12-09T18:11:16+00:00 [queued]>
[2024-12-09T18:11:48.437+0000] {taskinstance.py:2866} INFO - Starting attempt 1 of 1
[2024-12-09T18:11:48.833+0000] {taskinstance.py:2889} INFO - Executing <Task(BashOperator): runme_2> on 2024-12-09 18:11:16+00:00
[2024-12-09T18:11:48.872+0000] {logging_mixin.py:190} WARNING - /home/***/.local/lib/python3.12/site-packages/***/task/task_runner/standard_task_runner.py:70 DeprecationWarning: This process (pid=10823) is multi-threaded, use of fork() may lead to deadlocks in the child.
[2024-12-09T18:11:48.882+0000] {standard_task_runner.py:72} INFO - Started process 10898 to run task
[2024-12-09T18:11:48.879+0000] {standard_task_runner.py:104} INFO - Running: ['***', 'tasks', 'run', 'example_bash_operator', 'runme_2', 'manual__2024-12-09T18:11:16+00:00', '--job-id', '8', '--raw', '--subdir', '/home/***/.local/lib/python3.12/site-packages/***/example_dags/example_bash_operator.py', '--cfg-path', '/tmp/tmpunc_g8j2']
[2024-12-09T18:11:48.887+0000] {standard_task_runner.py:105} INFO - Job 8: Subtask runme_2
[2024-12-09T18:11:49.751+0000] {task_command.py:467} INFO - Running <TaskInstance: example_bash_operator.runme_2 manual__2024-12-09T18:11:16+00:00 [running]> on host ad295016f549
[2024-12-09T18:11:51.317+0000] {taskinstance.py:3132} INFO - Exporting env vars: AIRFLOW_CTX_DAG_OWNER='***' AIRFLOW_CTX_DAG_ID='example_bash_operator' AIRFLOW_CTX_TASK_ID='runme_2' AIRFLOW_CTX_EXECUTION_DATE='2024-12-09T18:11:16+00:00' AIRFLOW_CTX_TRY_NUMBER='1' AIRFLOW_CTX_DAG_RUN_ID='manual__2024-12-09T18:11:16+00:00'
[2024-12-09T18:11:51.341+0000] {logging_mixin.py:190} INFO - Task instance is in running state
[2024-12-09T18:11:51.355+0000] {logging_mixin.py:190} INFO -  Previous state of the Task instance: queued
[2024-12-09T18:11:51.361+0000] {logging_mixin.py:190} INFO - Current task name:runme_2 state:running start_date:2024-12-09 18:11:48.355268+00:00
[2024-12-09T18:11:51.361+0000] {logging_mixin.py:190} INFO - Dag name:example_bash_operator and current dag run status:running
[2024-12-09T18:11:51.374+0000] {taskinstance.py:731} INFO - ::endgroup::
[2024-12-09T18:11:51.654+0000] {subprocess.py:78} INFO - Tmp dir root location: /tmp
[2024-12-09T18:11:51.734+0000] {subprocess.py:88} INFO - Running command: ['/usr/bin/bash', '-c', 'echo "example_bash_operator__runme_2__20241209" && sleep 1']
[2024-12-09T18:11:51.859+0000] {subprocess.py:99} INFO - Output:
[2024-12-09T18:11:52.397+0000] {subprocess.py:106} INFO - example_bash_operator__runme_2__20241209
[2024-12-09T18:11:53.405+0000] {subprocess.py:110} INFO - Command exited with return code 0
[2024-12-09T18:11:53.502+0000] {taskinstance.py:340} INFO - ::group::Post task execution logs
[2024-12-09T18:11:53.512+0000] {taskinstance.py:352} INFO - Marking task as SUCCESS. dag_id=example_bash_operator, task_id=runme_2, run_id=manual__2024-12-09T18:11:16+00:00, execution_date=20241209T181116, start_date=20241209T181148, end_date=20241209T181153
[2024-12-09T18:11:53.585+0000] {logging_mixin.py:190} INFO - Task instance in success state
[2024-12-09T18:11:53.588+0000] {logging_mixin.py:190} INFO -  Previous state of the Task instance: running
[2024-12-09T18:11:53.592+0000] {logging_mixin.py:190} INFO - Dag name:example_bash_operator queued_at:2024-12-09 18:11:36.701982+00:00
[2024-12-09T18:11:53.594+0000] {logging_mixin.py:190} INFO - Task hostname:ad295016f549 operator:BashOperator
[2024-12-09T18:11:53.634+0000] {local_task_job_runner.py:266} INFO - Task exited with return code 0
[2024-12-09T18:11:53.734+0000] {taskinstance.py:3895} INFO - 1 downstream tasks scheduled from follow-on schedule check
[2024-12-09T18:11:53.771+0000] {local_task_job_runner.py:245} INFO - ::endgroup::
