[2024-12-07T17:22:35.161+0000] {processor.py:186} INFO - Started process (PID=291) to work on /home/airflow/.local/lib/python3.12/site-packages/airflow/example_dags/example_dataset_alias_with_no_taskflow.py
[2024-12-07T17:22:35.163+0000] {processor.py:914} INFO - Processing file /home/airflow/.local/lib/python3.12/site-packages/airflow/example_dags/example_dataset_alias_with_no_taskflow.py for tasks to queue
[2024-12-07T17:22:35.167+0000] {logging_mixin.py:190} INFO - [2024-12-07T17:22:35.167+0000] {dagbag.py:588} INFO - Filling up the DagBag from /home/airflow/.local/lib/python3.12/site-packages/airflow/example_dags/example_dataset_alias_with_no_taskflow.py
[2024-12-07T17:22:36.883+0000] {processor.py:925} INFO - DAG(s) 'dataset_alias_example_alias_consumer_with_no_taskflow', 'dataset_s3_bucket_producer_with_no_taskflow', 'dataset_alias_example_alias_producer_with_no_taskflow', 'dataset_s3_bucket_consumer_with_no_taskflow' retrieved from /home/airflow/.local/lib/python3.12/site-packages/airflow/example_dags/example_dataset_alias_with_no_taskflow.py
[2024-12-07T17:22:37.099+0000] {logging_mixin.py:190} INFO - [2024-12-07T17:22:37.098+0000] {override.py:1911} INFO - Created Permission View: can delete on DAG:dataset_alias_example_alias_consumer_with_no_taskflow
[2024-12-07T17:22:37.120+0000] {logging_mixin.py:190} INFO - [2024-12-07T17:22:37.120+0000] {override.py:1911} INFO - Created Permission View: can read on DAG:dataset_alias_example_alias_consumer_with_no_taskflow
[2024-12-07T17:22:37.137+0000] {logging_mixin.py:190} INFO - [2024-12-07T17:22:37.137+0000] {override.py:1911} INFO - Created Permission View: can edit on DAG:dataset_alias_example_alias_consumer_with_no_taskflow
[2024-12-07T17:22:37.206+0000] {logging_mixin.py:190} INFO - [2024-12-07T17:22:37.205+0000] {override.py:1911} INFO - Created Permission View: menu access on DAG Run:dataset_alias_example_alias_consumer_with_no_taskflow
[2024-12-07T17:22:37.236+0000] {logging_mixin.py:190} INFO - [2024-12-07T17:22:37.236+0000] {override.py:1911} INFO - Created Permission View: can delete on DAG Run:dataset_alias_example_alias_consumer_with_no_taskflow
[2024-12-07T17:22:37.271+0000] {logging_mixin.py:190} INFO - [2024-12-07T17:22:37.270+0000] {override.py:1911} INFO - Created Permission View: can read on DAG Run:dataset_alias_example_alias_consumer_with_no_taskflow
[2024-12-07T17:22:37.304+0000] {logging_mixin.py:190} INFO - [2024-12-07T17:22:37.303+0000] {override.py:1911} INFO - Created Permission View: can create on DAG Run:dataset_alias_example_alias_consumer_with_no_taskflow
[2024-12-07T17:22:37.342+0000] {logging_mixin.py:190} INFO - [2024-12-07T17:22:37.341+0000] {override.py:1911} INFO - Created Permission View: can delete on DAG:dataset_s3_bucket_producer_with_no_taskflow
[2024-12-07T17:22:37.357+0000] {logging_mixin.py:190} INFO - [2024-12-07T17:22:37.356+0000] {override.py:1911} INFO - Created Permission View: can read on DAG:dataset_s3_bucket_producer_with_no_taskflow
[2024-12-07T17:22:37.371+0000] {logging_mixin.py:190} INFO - [2024-12-07T17:22:37.370+0000] {override.py:1911} INFO - Created Permission View: can edit on DAG:dataset_s3_bucket_producer_with_no_taskflow
[2024-12-07T17:22:37.387+0000] {logging_mixin.py:190} INFO - [2024-12-07T17:22:37.386+0000] {override.py:1911} INFO - Created Permission View: menu access on DAG Run:dataset_s3_bucket_producer_with_no_taskflow
[2024-12-07T17:22:37.400+0000] {logging_mixin.py:190} INFO - [2024-12-07T17:22:37.400+0000] {override.py:1911} INFO - Created Permission View: can delete on DAG Run:dataset_s3_bucket_producer_with_no_taskflow
[2024-12-07T17:22:37.415+0000] {logging_mixin.py:190} INFO - [2024-12-07T17:22:37.414+0000] {override.py:1911} INFO - Created Permission View: can read on DAG Run:dataset_s3_bucket_producer_with_no_taskflow
[2024-12-07T17:22:37.451+0000] {logging_mixin.py:190} INFO - [2024-12-07T17:22:37.450+0000] {override.py:1911} INFO - Created Permission View: can create on DAG Run:dataset_s3_bucket_producer_with_no_taskflow
[2024-12-07T17:22:37.505+0000] {logging_mixin.py:190} INFO - [2024-12-07T17:22:37.505+0000] {override.py:1911} INFO - Created Permission View: can delete on DAG:dataset_alias_example_alias_producer_with_no_taskflow
[2024-12-07T17:22:37.532+0000] {logging_mixin.py:190} INFO - [2024-12-07T17:22:37.531+0000] {override.py:1911} INFO - Created Permission View: can read on DAG:dataset_alias_example_alias_producer_with_no_taskflow
[2024-12-07T17:22:37.553+0000] {logging_mixin.py:190} INFO - [2024-12-07T17:22:37.552+0000] {override.py:1911} INFO - Created Permission View: can edit on DAG:dataset_alias_example_alias_producer_with_no_taskflow
[2024-12-07T17:22:37.580+0000] {logging_mixin.py:190} INFO - [2024-12-07T17:22:37.579+0000] {override.py:1911} INFO - Created Permission View: menu access on DAG Run:dataset_alias_example_alias_producer_with_no_taskflow
[2024-12-07T17:22:37.597+0000] {logging_mixin.py:190} INFO - [2024-12-07T17:22:37.597+0000] {override.py:1911} INFO - Created Permission View: can delete on DAG Run:dataset_alias_example_alias_producer_with_no_taskflow
[2024-12-07T17:22:37.623+0000] {logging_mixin.py:190} INFO - [2024-12-07T17:22:37.623+0000] {override.py:1911} INFO - Created Permission View: can read on DAG Run:dataset_alias_example_alias_producer_with_no_taskflow
[2024-12-07T17:22:37.636+0000] {logging_mixin.py:190} INFO - [2024-12-07T17:22:37.635+0000] {override.py:1911} INFO - Created Permission View: can create on DAG Run:dataset_alias_example_alias_producer_with_no_taskflow
[2024-12-07T17:22:37.664+0000] {logging_mixin.py:190} INFO - [2024-12-07T17:22:37.663+0000] {override.py:1911} INFO - Created Permission View: can delete on DAG:dataset_s3_bucket_consumer_with_no_taskflow
[2024-12-07T17:22:37.680+0000] {logging_mixin.py:190} INFO - [2024-12-07T17:22:37.679+0000] {override.py:1911} INFO - Created Permission View: can read on DAG:dataset_s3_bucket_consumer_with_no_taskflow
[2024-12-07T17:22:37.705+0000] {logging_mixin.py:190} INFO - [2024-12-07T17:22:37.705+0000] {override.py:1911} INFO - Created Permission View: can edit on DAG:dataset_s3_bucket_consumer_with_no_taskflow
[2024-12-07T17:22:37.755+0000] {logging_mixin.py:190} INFO - [2024-12-07T17:22:37.754+0000] {override.py:1911} INFO - Created Permission View: menu access on DAG Run:dataset_s3_bucket_consumer_with_no_taskflow
[2024-12-07T17:22:37.780+0000] {logging_mixin.py:190} INFO - [2024-12-07T17:22:37.780+0000] {override.py:1911} INFO - Created Permission View: can delete on DAG Run:dataset_s3_bucket_consumer_with_no_taskflow
[2024-12-07T17:22:37.810+0000] {logging_mixin.py:190} INFO - [2024-12-07T17:22:37.810+0000] {override.py:1911} INFO - Created Permission View: can read on DAG Run:dataset_s3_bucket_consumer_with_no_taskflow
[2024-12-07T17:22:37.846+0000] {logging_mixin.py:190} INFO - [2024-12-07T17:22:37.845+0000] {override.py:1911} INFO - Created Permission View: can create on DAG Run:dataset_s3_bucket_consumer_with_no_taskflow
[2024-12-07T17:22:37.851+0000] {logging_mixin.py:190} INFO - [2024-12-07T17:22:37.849+0000] {dag.py:3239} INFO - Sync 4 DAGs
[2024-12-07T17:22:37.910+0000] {logging_mixin.py:190} INFO - [2024-12-07T17:22:37.909+0000] {dag.py:3262} INFO - Creating ORM DAG for dataset_s3_bucket_producer_with_no_taskflow
[2024-12-07T17:22:37.912+0000] {logging_mixin.py:190} INFO - [2024-12-07T17:22:37.911+0000] {dag.py:3262} INFO - Creating ORM DAG for dataset_alias_example_alias_consumer_with_no_taskflow
[2024-12-07T17:22:37.914+0000] {logging_mixin.py:190} INFO - [2024-12-07T17:22:37.913+0000] {dag.py:3262} INFO - Creating ORM DAG for dataset_alias_example_alias_producer_with_no_taskflow
[2024-12-07T17:22:37.916+0000] {logging_mixin.py:190} INFO - [2024-12-07T17:22:37.915+0000] {dag.py:3262} INFO - Creating ORM DAG for dataset_s3_bucket_consumer_with_no_taskflow
[2024-12-07T17:22:37.944+0000] {logging_mixin.py:190} INFO - [2024-12-07T17:22:37.943+0000] {dag.py:4180} INFO - Setting next_dagrun for dataset_alias_example_alias_consumer_with_no_taskflow to None, run_after=None
[2024-12-07T17:22:37.947+0000] {logging_mixin.py:190} INFO - [2024-12-07T17:22:37.946+0000] {dag.py:4180} INFO - Setting next_dagrun for dataset_alias_example_alias_producer_with_no_taskflow to None, run_after=None
[2024-12-07T17:22:37.949+0000] {logging_mixin.py:190} INFO - [2024-12-07T17:22:37.949+0000] {dag.py:4180} INFO - Setting next_dagrun for dataset_s3_bucket_consumer_with_no_taskflow to None, run_after=None
[2024-12-07T17:22:37.951+0000] {logging_mixin.py:190} INFO - [2024-12-07T17:22:37.950+0000] {dag.py:4180} INFO - Setting next_dagrun for dataset_s3_bucket_producer_with_no_taskflow to None, run_after=None
[2024-12-07T17:22:38.067+0000] {processor.py:208} INFO - Processing /home/airflow/.local/lib/python3.12/site-packages/airflow/example_dags/example_dataset_alias_with_no_taskflow.py took 2.915 seconds
[2024-12-07T17:23:13.462+0000] {processor.py:186} INFO - Started process (PID=583) to work on /home/airflow/.local/lib/python3.12/site-packages/airflow/example_dags/example_dataset_alias_with_no_taskflow.py
[2024-12-07T17:23:13.464+0000] {processor.py:914} INFO - Processing file /home/airflow/.local/lib/python3.12/site-packages/airflow/example_dags/example_dataset_alias_with_no_taskflow.py for tasks to queue
[2024-12-07T17:23:13.468+0000] {logging_mixin.py:190} INFO - [2024-12-07T17:23:13.468+0000] {dagbag.py:588} INFO - Filling up the DagBag from /home/airflow/.local/lib/python3.12/site-packages/airflow/example_dags/example_dataset_alias_with_no_taskflow.py
[2024-12-07T17:23:15.324+0000] {processor.py:925} INFO - DAG(s) 'dataset_s3_bucket_producer_with_no_taskflow', 'dataset_s3_bucket_consumer_with_no_taskflow', 'dataset_alias_example_alias_producer_with_no_taskflow', 'dataset_alias_example_alias_consumer_with_no_taskflow' retrieved from /home/airflow/.local/lib/python3.12/site-packages/airflow/example_dags/example_dataset_alias_with_no_taskflow.py
[2024-12-07T17:23:15.382+0000] {logging_mixin.py:190} INFO - [2024-12-07T17:23:15.376+0000] {dag.py:3239} INFO - Sync 4 DAGs
[2024-12-07T17:23:15.423+0000] {logging_mixin.py:190} INFO - [2024-12-07T17:23:15.422+0000] {dag.py:4180} INFO - Setting next_dagrun for dataset_alias_example_alias_consumer_with_no_taskflow to None, run_after=None
[2024-12-07T17:23:15.428+0000] {logging_mixin.py:190} INFO - [2024-12-07T17:23:15.427+0000] {dag.py:4180} INFO - Setting next_dagrun for dataset_alias_example_alias_producer_with_no_taskflow to None, run_after=None
[2024-12-07T17:23:15.430+0000] {logging_mixin.py:190} INFO - [2024-12-07T17:23:15.430+0000] {dag.py:4180} INFO - Setting next_dagrun for dataset_s3_bucket_consumer_with_no_taskflow to None, run_after=None
[2024-12-07T17:23:15.433+0000] {logging_mixin.py:190} INFO - [2024-12-07T17:23:15.432+0000] {dag.py:4180} INFO - Setting next_dagrun for dataset_s3_bucket_producer_with_no_taskflow to None, run_after=None
[2024-12-07T17:23:16.534+0000] {processor.py:208} INFO - Processing /home/airflow/.local/lib/python3.12/site-packages/airflow/example_dags/example_dataset_alias_with_no_taskflow.py took 3.081 seconds
[2024-12-07T17:23:58.867+0000] {processor.py:186} INFO - Started process (PID=880) to work on /home/airflow/.local/lib/python3.12/site-packages/airflow/example_dags/example_dataset_alias_with_no_taskflow.py
[2024-12-07T17:23:58.869+0000] {processor.py:914} INFO - Processing file /home/airflow/.local/lib/python3.12/site-packages/airflow/example_dags/example_dataset_alias_with_no_taskflow.py for tasks to queue
[2024-12-07T17:23:58.873+0000] {logging_mixin.py:190} INFO - [2024-12-07T17:23:58.872+0000] {dagbag.py:588} INFO - Filling up the DagBag from /home/airflow/.local/lib/python3.12/site-packages/airflow/example_dags/example_dataset_alias_with_no_taskflow.py
[2024-12-07T17:24:01.096+0000] {processor.py:925} INFO - DAG(s) 'dataset_alias_example_alias_producer_with_no_taskflow', 'dataset_s3_bucket_consumer_with_no_taskflow', 'dataset_alias_example_alias_consumer_with_no_taskflow', 'dataset_s3_bucket_producer_with_no_taskflow' retrieved from /home/airflow/.local/lib/python3.12/site-packages/airflow/example_dags/example_dataset_alias_with_no_taskflow.py
[2024-12-07T17:24:01.241+0000] {logging_mixin.py:190} INFO - [2024-12-07T17:24:01.230+0000] {dag.py:3239} INFO - Sync 4 DAGs
[2024-12-07T17:24:01.350+0000] {logging_mixin.py:190} INFO - [2024-12-07T17:24:01.350+0000] {dag.py:4180} INFO - Setting next_dagrun for dataset_alias_example_alias_consumer_with_no_taskflow to None, run_after=None
[2024-12-07T17:24:01.367+0000] {logging_mixin.py:190} INFO - [2024-12-07T17:24:01.366+0000] {dag.py:4180} INFO - Setting next_dagrun for dataset_alias_example_alias_producer_with_no_taskflow to None, run_after=None
[2024-12-07T17:24:01.379+0000] {logging_mixin.py:190} INFO - [2024-12-07T17:24:01.378+0000] {dag.py:4180} INFO - Setting next_dagrun for dataset_s3_bucket_consumer_with_no_taskflow to None, run_after=None
[2024-12-07T17:24:01.382+0000] {logging_mixin.py:190} INFO - [2024-12-07T17:24:01.381+0000] {dag.py:4180} INFO - Setting next_dagrun for dataset_s3_bucket_producer_with_no_taskflow to None, run_after=None
[2024-12-07T17:24:01.481+0000] {processor.py:208} INFO - Processing /home/airflow/.local/lib/python3.12/site-packages/airflow/example_dags/example_dataset_alias_with_no_taskflow.py took 2.622 seconds
[2024-12-07T17:24:34.560+0000] {processor.py:186} INFO - Started process (PID=1176) to work on /home/airflow/.local/lib/python3.12/site-packages/airflow/example_dags/example_dataset_alias_with_no_taskflow.py
[2024-12-07T17:24:34.567+0000] {processor.py:914} INFO - Processing file /home/airflow/.local/lib/python3.12/site-packages/airflow/example_dags/example_dataset_alias_with_no_taskflow.py for tasks to queue
[2024-12-07T17:24:34.589+0000] {logging_mixin.py:190} INFO - [2024-12-07T17:24:34.587+0000] {dagbag.py:588} INFO - Filling up the DagBag from /home/airflow/.local/lib/python3.12/site-packages/airflow/example_dags/example_dataset_alias_with_no_taskflow.py
[2024-12-07T17:24:36.539+0000] {processor.py:925} INFO - DAG(s) 'dataset_s3_bucket_producer_with_no_taskflow', 'dataset_alias_example_alias_consumer_with_no_taskflow', 'dataset_s3_bucket_consumer_with_no_taskflow', 'dataset_alias_example_alias_producer_with_no_taskflow' retrieved from /home/airflow/.local/lib/python3.12/site-packages/airflow/example_dags/example_dataset_alias_with_no_taskflow.py
[2024-12-07T17:24:36.656+0000] {logging_mixin.py:190} INFO - [2024-12-07T17:24:36.655+0000] {dag.py:3239} INFO - Sync 4 DAGs
[2024-12-07T17:24:36.725+0000] {logging_mixin.py:190} INFO - [2024-12-07T17:24:36.725+0000] {dag.py:4180} INFO - Setting next_dagrun for dataset_alias_example_alias_consumer_with_no_taskflow to None, run_after=None
[2024-12-07T17:24:36.733+0000] {logging_mixin.py:190} INFO - [2024-12-07T17:24:36.731+0000] {dag.py:4180} INFO - Setting next_dagrun for dataset_alias_example_alias_producer_with_no_taskflow to None, run_after=None
[2024-12-07T17:24:36.737+0000] {logging_mixin.py:190} INFO - [2024-12-07T17:24:36.736+0000] {dag.py:4180} INFO - Setting next_dagrun for dataset_s3_bucket_consumer_with_no_taskflow to None, run_after=None
[2024-12-07T17:24:36.740+0000] {logging_mixin.py:190} INFO - [2024-12-07T17:24:36.740+0000] {dag.py:4180} INFO - Setting next_dagrun for dataset_s3_bucket_producer_with_no_taskflow to None, run_after=None
[2024-12-07T17:24:36.921+0000] {processor.py:208} INFO - Processing /home/airflow/.local/lib/python3.12/site-packages/airflow/example_dags/example_dataset_alias_with_no_taskflow.py took 2.392 seconds
[2024-12-07T17:25:07.028+0000] {processor.py:186} INFO - Started process (PID=1487) to work on /home/airflow/.local/lib/python3.12/site-packages/airflow/example_dags/example_dataset_alias_with_no_taskflow.py
[2024-12-07T17:25:07.030+0000] {processor.py:914} INFO - Processing file /home/airflow/.local/lib/python3.12/site-packages/airflow/example_dags/example_dataset_alias_with_no_taskflow.py for tasks to queue
[2024-12-07T17:25:07.033+0000] {logging_mixin.py:190} INFO - [2024-12-07T17:25:07.033+0000] {dagbag.py:588} INFO - Filling up the DagBag from /home/airflow/.local/lib/python3.12/site-packages/airflow/example_dags/example_dataset_alias_with_no_taskflow.py
[2024-12-07T17:25:08.554+0000] {processor.py:925} INFO - DAG(s) 'dataset_alias_example_alias_producer_with_no_taskflow', 'dataset_s3_bucket_consumer_with_no_taskflow', 'dataset_s3_bucket_producer_with_no_taskflow', 'dataset_alias_example_alias_consumer_with_no_taskflow' retrieved from /home/airflow/.local/lib/python3.12/site-packages/airflow/example_dags/example_dataset_alias_with_no_taskflow.py
[2024-12-07T17:25:08.604+0000] {logging_mixin.py:190} INFO - [2024-12-07T17:25:08.603+0000] {dag.py:3239} INFO - Sync 4 DAGs
[2024-12-07T17:25:08.677+0000] {logging_mixin.py:190} INFO - [2024-12-07T17:25:08.677+0000] {dag.py:4180} INFO - Setting next_dagrun for dataset_alias_example_alias_consumer_with_no_taskflow to None, run_after=None
[2024-12-07T17:25:08.684+0000] {logging_mixin.py:190} INFO - [2024-12-07T17:25:08.683+0000] {dag.py:4180} INFO - Setting next_dagrun for dataset_alias_example_alias_producer_with_no_taskflow to None, run_after=None
[2024-12-07T17:25:08.694+0000] {logging_mixin.py:190} INFO - [2024-12-07T17:25:08.693+0000] {dag.py:4180} INFO - Setting next_dagrun for dataset_s3_bucket_consumer_with_no_taskflow to None, run_after=None
[2024-12-07T17:25:08.699+0000] {logging_mixin.py:190} INFO - [2024-12-07T17:25:08.698+0000] {dag.py:4180} INFO - Setting next_dagrun for dataset_s3_bucket_producer_with_no_taskflow to None, run_after=None
[2024-12-07T17:25:08.892+0000] {processor.py:208} INFO - Processing /home/airflow/.local/lib/python3.12/site-packages/airflow/example_dags/example_dataset_alias_with_no_taskflow.py took 1.874 seconds
[2024-12-07T17:25:39.818+0000] {processor.py:186} INFO - Started process (PID=1806) to work on /home/airflow/.local/lib/python3.12/site-packages/airflow/example_dags/example_dataset_alias_with_no_taskflow.py
[2024-12-07T17:25:39.820+0000] {processor.py:914} INFO - Processing file /home/airflow/.local/lib/python3.12/site-packages/airflow/example_dags/example_dataset_alias_with_no_taskflow.py for tasks to queue
[2024-12-07T17:25:39.825+0000] {logging_mixin.py:190} INFO - [2024-12-07T17:25:39.824+0000] {dagbag.py:588} INFO - Filling up the DagBag from /home/airflow/.local/lib/python3.12/site-packages/airflow/example_dags/example_dataset_alias_with_no_taskflow.py
[2024-12-07T17:25:40.910+0000] {processor.py:925} INFO - DAG(s) 'dataset_alias_example_alias_producer_with_no_taskflow', 'dataset_alias_example_alias_consumer_with_no_taskflow', 'dataset_s3_bucket_producer_with_no_taskflow', 'dataset_s3_bucket_consumer_with_no_taskflow' retrieved from /home/airflow/.local/lib/python3.12/site-packages/airflow/example_dags/example_dataset_alias_with_no_taskflow.py
[2024-12-07T17:25:40.962+0000] {logging_mixin.py:190} INFO - [2024-12-07T17:25:40.961+0000] {dag.py:3239} INFO - Sync 4 DAGs
[2024-12-07T17:25:41.059+0000] {logging_mixin.py:190} INFO - [2024-12-07T17:25:41.059+0000] {dag.py:4180} INFO - Setting next_dagrun for dataset_alias_example_alias_consumer_with_no_taskflow to None, run_after=None
[2024-12-07T17:25:41.076+0000] {logging_mixin.py:190} INFO - [2024-12-07T17:25:41.076+0000] {dag.py:4180} INFO - Setting next_dagrun for dataset_alias_example_alias_producer_with_no_taskflow to None, run_after=None
[2024-12-07T17:25:41.084+0000] {logging_mixin.py:190} INFO - [2024-12-07T17:25:41.083+0000] {dag.py:4180} INFO - Setting next_dagrun for dataset_s3_bucket_consumer_with_no_taskflow to None, run_after=None
[2024-12-07T17:25:41.092+0000] {logging_mixin.py:190} INFO - [2024-12-07T17:25:41.092+0000] {dag.py:4180} INFO - Setting next_dagrun for dataset_s3_bucket_producer_with_no_taskflow to None, run_after=None
[2024-12-07T17:25:41.167+0000] {processor.py:208} INFO - Processing /home/airflow/.local/lib/python3.12/site-packages/airflow/example_dags/example_dataset_alias_with_no_taskflow.py took 1.366 seconds
[2024-12-07T17:26:12.024+0000] {processor.py:186} INFO - Started process (PID=2127) to work on /home/airflow/.local/lib/python3.12/site-packages/airflow/example_dags/example_dataset_alias_with_no_taskflow.py
[2024-12-07T17:26:12.026+0000] {processor.py:914} INFO - Processing file /home/airflow/.local/lib/python3.12/site-packages/airflow/example_dags/example_dataset_alias_with_no_taskflow.py for tasks to queue
[2024-12-07T17:26:12.029+0000] {logging_mixin.py:190} INFO - [2024-12-07T17:26:12.029+0000] {dagbag.py:588} INFO - Filling up the DagBag from /home/airflow/.local/lib/python3.12/site-packages/airflow/example_dags/example_dataset_alias_with_no_taskflow.py
[2024-12-07T17:26:13.524+0000] {processor.py:925} INFO - DAG(s) 'dataset_alias_example_alias_consumer_with_no_taskflow', 'dataset_alias_example_alias_producer_with_no_taskflow', 'dataset_s3_bucket_consumer_with_no_taskflow', 'dataset_s3_bucket_producer_with_no_taskflow' retrieved from /home/airflow/.local/lib/python3.12/site-packages/airflow/example_dags/example_dataset_alias_with_no_taskflow.py
[2024-12-07T17:26:13.611+0000] {logging_mixin.py:190} INFO - [2024-12-07T17:26:13.610+0000] {dag.py:3239} INFO - Sync 4 DAGs
[2024-12-07T17:26:13.686+0000] {logging_mixin.py:190} INFO - [2024-12-07T17:26:13.685+0000] {dag.py:4180} INFO - Setting next_dagrun for dataset_alias_example_alias_consumer_with_no_taskflow to None, run_after=None
[2024-12-07T17:26:13.691+0000] {logging_mixin.py:190} INFO - [2024-12-07T17:26:13.691+0000] {dag.py:4180} INFO - Setting next_dagrun for dataset_alias_example_alias_producer_with_no_taskflow to None, run_after=None
[2024-12-07T17:26:13.694+0000] {logging_mixin.py:190} INFO - [2024-12-07T17:26:13.694+0000] {dag.py:4180} INFO - Setting next_dagrun for dataset_s3_bucket_consumer_with_no_taskflow to None, run_after=None
[2024-12-07T17:26:13.698+0000] {logging_mixin.py:190} INFO - [2024-12-07T17:26:13.697+0000] {dag.py:4180} INFO - Setting next_dagrun for dataset_s3_bucket_producer_with_no_taskflow to None, run_after=None
[2024-12-07T17:26:13.756+0000] {processor.py:208} INFO - Processing /home/airflow/.local/lib/python3.12/site-packages/airflow/example_dags/example_dataset_alias_with_no_taskflow.py took 1.743 seconds
[2024-12-07T17:26:44.316+0000] {processor.py:186} INFO - Started process (PID=2442) to work on /home/airflow/.local/lib/python3.12/site-packages/airflow/example_dags/example_dataset_alias_with_no_taskflow.py
[2024-12-07T17:26:44.318+0000] {processor.py:914} INFO - Processing file /home/airflow/.local/lib/python3.12/site-packages/airflow/example_dags/example_dataset_alias_with_no_taskflow.py for tasks to queue
[2024-12-07T17:26:44.323+0000] {logging_mixin.py:190} INFO - [2024-12-07T17:26:44.322+0000] {dagbag.py:588} INFO - Filling up the DagBag from /home/airflow/.local/lib/python3.12/site-packages/airflow/example_dags/example_dataset_alias_with_no_taskflow.py
[2024-12-07T17:26:45.132+0000] {processor.py:925} INFO - DAG(s) 'dataset_s3_bucket_producer_with_no_taskflow', 'dataset_alias_example_alias_producer_with_no_taskflow', 'dataset_alias_example_alias_consumer_with_no_taskflow', 'dataset_s3_bucket_consumer_with_no_taskflow' retrieved from /home/airflow/.local/lib/python3.12/site-packages/airflow/example_dags/example_dataset_alias_with_no_taskflow.py
[2024-12-07T17:26:45.161+0000] {logging_mixin.py:190} INFO - [2024-12-07T17:26:45.160+0000] {dag.py:3239} INFO - Sync 4 DAGs
[2024-12-07T17:26:45.191+0000] {logging_mixin.py:190} INFO - [2024-12-07T17:26:45.191+0000] {dag.py:4180} INFO - Setting next_dagrun for dataset_alias_example_alias_consumer_with_no_taskflow to None, run_after=None
[2024-12-07T17:26:45.195+0000] {logging_mixin.py:190} INFO - [2024-12-07T17:26:45.195+0000] {dag.py:4180} INFO - Setting next_dagrun for dataset_alias_example_alias_producer_with_no_taskflow to None, run_after=None
[2024-12-07T17:26:45.198+0000] {logging_mixin.py:190} INFO - [2024-12-07T17:26:45.198+0000] {dag.py:4180} INFO - Setting next_dagrun for dataset_s3_bucket_consumer_with_no_taskflow to None, run_after=None
[2024-12-07T17:26:45.201+0000] {logging_mixin.py:190} INFO - [2024-12-07T17:26:45.200+0000] {dag.py:4180} INFO - Setting next_dagrun for dataset_s3_bucket_producer_with_no_taskflow to None, run_after=None
[2024-12-07T17:26:45.233+0000] {processor.py:208} INFO - Processing /home/airflow/.local/lib/python3.12/site-packages/airflow/example_dags/example_dataset_alias_with_no_taskflow.py took 0.928 seconds
[2024-12-07T17:27:15.306+0000] {processor.py:186} INFO - Started process (PID=2738) to work on /home/airflow/.local/lib/python3.12/site-packages/airflow/example_dags/example_dataset_alias_with_no_taskflow.py
[2024-12-07T17:27:15.308+0000] {processor.py:914} INFO - Processing file /home/airflow/.local/lib/python3.12/site-packages/airflow/example_dags/example_dataset_alias_with_no_taskflow.py for tasks to queue
[2024-12-07T17:27:15.311+0000] {logging_mixin.py:190} INFO - [2024-12-07T17:27:15.310+0000] {dagbag.py:588} INFO - Filling up the DagBag from /home/airflow/.local/lib/python3.12/site-packages/airflow/example_dags/example_dataset_alias_with_no_taskflow.py
[2024-12-07T17:27:16.009+0000] {processor.py:925} INFO - DAG(s) 'dataset_s3_bucket_producer_with_no_taskflow', 'dataset_alias_example_alias_consumer_with_no_taskflow', 'dataset_s3_bucket_consumer_with_no_taskflow', 'dataset_alias_example_alias_producer_with_no_taskflow' retrieved from /home/airflow/.local/lib/python3.12/site-packages/airflow/example_dags/example_dataset_alias_with_no_taskflow.py
[2024-12-07T17:27:16.044+0000] {logging_mixin.py:190} INFO - [2024-12-07T17:27:16.043+0000] {dag.py:3239} INFO - Sync 4 DAGs
[2024-12-07T17:27:16.078+0000] {logging_mixin.py:190} INFO - [2024-12-07T17:27:16.077+0000] {dag.py:4180} INFO - Setting next_dagrun for dataset_alias_example_alias_consumer_with_no_taskflow to None, run_after=None
[2024-12-07T17:27:16.082+0000] {logging_mixin.py:190} INFO - [2024-12-07T17:27:16.082+0000] {dag.py:4180} INFO - Setting next_dagrun for dataset_alias_example_alias_producer_with_no_taskflow to None, run_after=None
[2024-12-07T17:27:16.085+0000] {logging_mixin.py:190} INFO - [2024-12-07T17:27:16.085+0000] {dag.py:4180} INFO - Setting next_dagrun for dataset_s3_bucket_consumer_with_no_taskflow to None, run_after=None
[2024-12-07T17:27:16.087+0000] {logging_mixin.py:190} INFO - [2024-12-07T17:27:16.087+0000] {dag.py:4180} INFO - Setting next_dagrun for dataset_s3_bucket_producer_with_no_taskflow to None, run_after=None
[2024-12-07T17:27:16.119+0000] {processor.py:208} INFO - Processing /home/airflow/.local/lib/python3.12/site-packages/airflow/example_dags/example_dataset_alias_with_no_taskflow.py took 0.822 seconds
[2024-12-07T17:27:46.592+0000] {processor.py:186} INFO - Started process (PID=3029) to work on /home/airflow/.local/lib/python3.12/site-packages/airflow/example_dags/example_dataset_alias_with_no_taskflow.py
[2024-12-07T17:27:46.594+0000] {processor.py:914} INFO - Processing file /home/airflow/.local/lib/python3.12/site-packages/airflow/example_dags/example_dataset_alias_with_no_taskflow.py for tasks to queue
[2024-12-07T17:27:46.599+0000] {logging_mixin.py:190} INFO - [2024-12-07T17:27:46.598+0000] {dagbag.py:588} INFO - Filling up the DagBag from /home/airflow/.local/lib/python3.12/site-packages/airflow/example_dags/example_dataset_alias_with_no_taskflow.py
[2024-12-07T17:27:47.366+0000] {processor.py:925} INFO - DAG(s) 'dataset_alias_example_alias_consumer_with_no_taskflow', 'dataset_s3_bucket_consumer_with_no_taskflow', 'dataset_s3_bucket_producer_with_no_taskflow', 'dataset_alias_example_alias_producer_with_no_taskflow' retrieved from /home/airflow/.local/lib/python3.12/site-packages/airflow/example_dags/example_dataset_alias_with_no_taskflow.py
[2024-12-07T17:27:47.399+0000] {logging_mixin.py:190} INFO - [2024-12-07T17:27:47.397+0000] {dag.py:3239} INFO - Sync 4 DAGs
[2024-12-07T17:27:47.444+0000] {logging_mixin.py:190} INFO - [2024-12-07T17:27:47.444+0000] {dag.py:4180} INFO - Setting next_dagrun for dataset_alias_example_alias_consumer_with_no_taskflow to None, run_after=None
[2024-12-07T17:27:47.449+0000] {logging_mixin.py:190} INFO - [2024-12-07T17:27:47.448+0000] {dag.py:4180} INFO - Setting next_dagrun for dataset_alias_example_alias_producer_with_no_taskflow to None, run_after=None
[2024-12-07T17:27:47.451+0000] {logging_mixin.py:190} INFO - [2024-12-07T17:27:47.451+0000] {dag.py:4180} INFO - Setting next_dagrun for dataset_s3_bucket_consumer_with_no_taskflow to None, run_after=None
[2024-12-07T17:27:47.454+0000] {logging_mixin.py:190} INFO - [2024-12-07T17:27:47.454+0000] {dag.py:4180} INFO - Setting next_dagrun for dataset_s3_bucket_producer_with_no_taskflow to None, run_after=None
[2024-12-07T17:27:47.489+0000] {processor.py:208} INFO - Processing /home/airflow/.local/lib/python3.12/site-packages/airflow/example_dags/example_dataset_alias_with_no_taskflow.py took 0.911 seconds
[2024-12-07T17:28:18.161+0000] {processor.py:186} INFO - Started process (PID=3294) to work on /home/airflow/.local/lib/python3.12/site-packages/airflow/example_dags/example_dataset_alias_with_no_taskflow.py
[2024-12-07T17:28:18.167+0000] {processor.py:914} INFO - Processing file /home/airflow/.local/lib/python3.12/site-packages/airflow/example_dags/example_dataset_alias_with_no_taskflow.py for tasks to queue
[2024-12-07T17:28:18.171+0000] {logging_mixin.py:190} INFO - [2024-12-07T17:28:18.171+0000] {dagbag.py:588} INFO - Filling up the DagBag from /home/airflow/.local/lib/python3.12/site-packages/airflow/example_dags/example_dataset_alias_with_no_taskflow.py
[2024-12-07T17:28:20.404+0000] {processor.py:925} INFO - DAG(s) 'dataset_s3_bucket_consumer_with_no_taskflow', 'dataset_alias_example_alias_producer_with_no_taskflow', 'dataset_s3_bucket_producer_with_no_taskflow', 'dataset_alias_example_alias_consumer_with_no_taskflow' retrieved from /home/airflow/.local/lib/python3.12/site-packages/airflow/example_dags/example_dataset_alias_with_no_taskflow.py
[2024-12-07T17:28:20.486+0000] {logging_mixin.py:190} INFO - [2024-12-07T17:28:20.483+0000] {dag.py:3239} INFO - Sync 4 DAGs
[2024-12-07T17:28:20.630+0000] {logging_mixin.py:190} INFO - [2024-12-07T17:28:20.629+0000] {dag.py:4180} INFO - Setting next_dagrun for dataset_alias_example_alias_consumer_with_no_taskflow to None, run_after=None
[2024-12-07T17:28:20.638+0000] {logging_mixin.py:190} INFO - [2024-12-07T17:28:20.638+0000] {dag.py:4180} INFO - Setting next_dagrun for dataset_alias_example_alias_producer_with_no_taskflow to None, run_after=None
[2024-12-07T17:28:20.647+0000] {logging_mixin.py:190} INFO - [2024-12-07T17:28:20.646+0000] {dag.py:4180} INFO - Setting next_dagrun for dataset_s3_bucket_consumer_with_no_taskflow to None, run_after=None
[2024-12-07T17:28:20.651+0000] {logging_mixin.py:190} INFO - [2024-12-07T17:28:20.651+0000] {dag.py:4180} INFO - Setting next_dagrun for dataset_s3_bucket_producer_with_no_taskflow to None, run_after=None
[2024-12-07T17:28:20.724+0000] {processor.py:208} INFO - Processing /home/airflow/.local/lib/python3.12/site-packages/airflow/example_dags/example_dataset_alias_with_no_taskflow.py took 2.581 seconds
[2024-12-07T17:28:52.392+0000] {processor.py:186} INFO - Started process (PID=3595) to work on /home/airflow/.local/lib/python3.12/site-packages/airflow/example_dags/example_dataset_alias_with_no_taskflow.py
[2024-12-07T17:28:52.408+0000] {processor.py:914} INFO - Processing file /home/airflow/.local/lib/python3.12/site-packages/airflow/example_dags/example_dataset_alias_with_no_taskflow.py for tasks to queue
[2024-12-07T17:28:52.413+0000] {logging_mixin.py:190} INFO - [2024-12-07T17:28:52.413+0000] {dagbag.py:588} INFO - Filling up the DagBag from /home/airflow/.local/lib/python3.12/site-packages/airflow/example_dags/example_dataset_alias_with_no_taskflow.py
[2024-12-07T17:28:54.883+0000] {processor.py:925} INFO - DAG(s) 'dataset_s3_bucket_producer_with_no_taskflow', 'dataset_alias_example_alias_consumer_with_no_taskflow', 'dataset_s3_bucket_consumer_with_no_taskflow', 'dataset_alias_example_alias_producer_with_no_taskflow' retrieved from /home/airflow/.local/lib/python3.12/site-packages/airflow/example_dags/example_dataset_alias_with_no_taskflow.py
[2024-12-07T17:28:55.023+0000] {logging_mixin.py:190} INFO - [2024-12-07T17:28:55.022+0000] {dag.py:3239} INFO - Sync 4 DAGs
[2024-12-07T17:28:55.103+0000] {logging_mixin.py:190} INFO - [2024-12-07T17:28:55.103+0000] {dag.py:4180} INFO - Setting next_dagrun for dataset_alias_example_alias_consumer_with_no_taskflow to None, run_after=None
[2024-12-07T17:28:55.110+0000] {logging_mixin.py:190} INFO - [2024-12-07T17:28:55.109+0000] {dag.py:4180} INFO - Setting next_dagrun for dataset_alias_example_alias_producer_with_no_taskflow to None, run_after=None
[2024-12-07T17:28:55.114+0000] {logging_mixin.py:190} INFO - [2024-12-07T17:28:55.114+0000] {dag.py:4180} INFO - Setting next_dagrun for dataset_s3_bucket_consumer_with_no_taskflow to None, run_after=None
[2024-12-07T17:28:55.119+0000] {logging_mixin.py:190} INFO - [2024-12-07T17:28:55.118+0000] {dag.py:4180} INFO - Setting next_dagrun for dataset_s3_bucket_producer_with_no_taskflow to None, run_after=None
[2024-12-07T17:28:55.197+0000] {processor.py:208} INFO - Processing /home/airflow/.local/lib/python3.12/site-packages/airflow/example_dags/example_dataset_alias_with_no_taskflow.py took 2.829 seconds
[2024-12-07T17:29:25.407+0000] {processor.py:186} INFO - Started process (PID=3913) to work on /home/airflow/.local/lib/python3.12/site-packages/airflow/example_dags/example_dataset_alias_with_no_taskflow.py
[2024-12-07T17:29:25.409+0000] {processor.py:914} INFO - Processing file /home/airflow/.local/lib/python3.12/site-packages/airflow/example_dags/example_dataset_alias_with_no_taskflow.py for tasks to queue
[2024-12-07T17:29:25.413+0000] {logging_mixin.py:190} INFO - [2024-12-07T17:29:25.412+0000] {dagbag.py:588} INFO - Filling up the DagBag from /home/airflow/.local/lib/python3.12/site-packages/airflow/example_dags/example_dataset_alias_with_no_taskflow.py
[2024-12-07T17:29:26.283+0000] {processor.py:925} INFO - DAG(s) 'dataset_alias_example_alias_consumer_with_no_taskflow', 'dataset_alias_example_alias_producer_with_no_taskflow', 'dataset_s3_bucket_producer_with_no_taskflow', 'dataset_s3_bucket_consumer_with_no_taskflow' retrieved from /home/airflow/.local/lib/python3.12/site-packages/airflow/example_dags/example_dataset_alias_with_no_taskflow.py
[2024-12-07T17:29:26.324+0000] {logging_mixin.py:190} INFO - [2024-12-07T17:29:26.323+0000] {dag.py:3239} INFO - Sync 4 DAGs
[2024-12-07T17:29:26.362+0000] {logging_mixin.py:190} INFO - [2024-12-07T17:29:26.361+0000] {dag.py:4180} INFO - Setting next_dagrun for dataset_alias_example_alias_consumer_with_no_taskflow to None, run_after=None
[2024-12-07T17:29:26.368+0000] {logging_mixin.py:190} INFO - [2024-12-07T17:29:26.367+0000] {dag.py:4180} INFO - Setting next_dagrun for dataset_alias_example_alias_producer_with_no_taskflow to None, run_after=None
[2024-12-07T17:29:26.370+0000] {logging_mixin.py:190} INFO - [2024-12-07T17:29:26.370+0000] {dag.py:4180} INFO - Setting next_dagrun for dataset_s3_bucket_consumer_with_no_taskflow to None, run_after=None
[2024-12-07T17:29:26.373+0000] {logging_mixin.py:190} INFO - [2024-12-07T17:29:26.373+0000] {dag.py:4180} INFO - Setting next_dagrun for dataset_s3_bucket_producer_with_no_taskflow to None, run_after=None
[2024-12-07T17:29:26.439+0000] {processor.py:208} INFO - Processing /home/airflow/.local/lib/python3.12/site-packages/airflow/example_dags/example_dataset_alias_with_no_taskflow.py took 1.042 seconds
[2024-12-07T17:29:56.779+0000] {processor.py:186} INFO - Started process (PID=4209) to work on /home/airflow/.local/lib/python3.12/site-packages/airflow/example_dags/example_dataset_alias_with_no_taskflow.py
[2024-12-07T17:29:56.781+0000] {processor.py:914} INFO - Processing file /home/airflow/.local/lib/python3.12/site-packages/airflow/example_dags/example_dataset_alias_with_no_taskflow.py for tasks to queue
[2024-12-07T17:29:56.784+0000] {logging_mixin.py:190} INFO - [2024-12-07T17:29:56.783+0000] {dagbag.py:588} INFO - Filling up the DagBag from /home/airflow/.local/lib/python3.12/site-packages/airflow/example_dags/example_dataset_alias_with_no_taskflow.py
[2024-12-07T17:29:57.577+0000] {processor.py:925} INFO - DAG(s) 'dataset_s3_bucket_consumer_with_no_taskflow', 'dataset_alias_example_alias_producer_with_no_taskflow', 'dataset_alias_example_alias_consumer_with_no_taskflow', 'dataset_s3_bucket_producer_with_no_taskflow' retrieved from /home/airflow/.local/lib/python3.12/site-packages/airflow/example_dags/example_dataset_alias_with_no_taskflow.py
[2024-12-07T17:29:57.615+0000] {logging_mixin.py:190} INFO - [2024-12-07T17:29:57.614+0000] {dag.py:3239} INFO - Sync 4 DAGs
[2024-12-07T17:29:57.649+0000] {logging_mixin.py:190} INFO - [2024-12-07T17:29:57.649+0000] {dag.py:4180} INFO - Setting next_dagrun for dataset_alias_example_alias_consumer_with_no_taskflow to None, run_after=None
[2024-12-07T17:29:57.653+0000] {logging_mixin.py:190} INFO - [2024-12-07T17:29:57.653+0000] {dag.py:4180} INFO - Setting next_dagrun for dataset_alias_example_alias_producer_with_no_taskflow to None, run_after=None
[2024-12-07T17:29:57.656+0000] {logging_mixin.py:190} INFO - [2024-12-07T17:29:57.656+0000] {dag.py:4180} INFO - Setting next_dagrun for dataset_s3_bucket_consumer_with_no_taskflow to None, run_after=None
[2024-12-07T17:29:57.659+0000] {logging_mixin.py:190} INFO - [2024-12-07T17:29:57.659+0000] {dag.py:4180} INFO - Setting next_dagrun for dataset_s3_bucket_producer_with_no_taskflow to None, run_after=None
[2024-12-07T17:29:57.692+0000] {processor.py:208} INFO - Processing /home/airflow/.local/lib/python3.12/site-packages/airflow/example_dags/example_dataset_alias_with_no_taskflow.py took 0.922 seconds
[2024-12-07T17:30:28.329+0000] {processor.py:186} INFO - Started process (PID=4525) to work on /home/airflow/.local/lib/python3.12/site-packages/airflow/example_dags/example_dataset_alias_with_no_taskflow.py
[2024-12-07T17:30:28.330+0000] {processor.py:914} INFO - Processing file /home/airflow/.local/lib/python3.12/site-packages/airflow/example_dags/example_dataset_alias_with_no_taskflow.py for tasks to queue
[2024-12-07T17:30:28.334+0000] {logging_mixin.py:190} INFO - [2024-12-07T17:30:28.333+0000] {dagbag.py:588} INFO - Filling up the DagBag from /home/airflow/.local/lib/python3.12/site-packages/airflow/example_dags/example_dataset_alias_with_no_taskflow.py
[2024-12-07T17:30:29.575+0000] {processor.py:925} INFO - DAG(s) 'dataset_alias_example_alias_producer_with_no_taskflow', 'dataset_s3_bucket_consumer_with_no_taskflow', 'dataset_s3_bucket_producer_with_no_taskflow', 'dataset_alias_example_alias_consumer_with_no_taskflow' retrieved from /home/airflow/.local/lib/python3.12/site-packages/airflow/example_dags/example_dataset_alias_with_no_taskflow.py
[2024-12-07T17:30:29.608+0000] {logging_mixin.py:190} INFO - [2024-12-07T17:30:29.607+0000] {dag.py:3239} INFO - Sync 4 DAGs
[2024-12-07T17:30:29.645+0000] {logging_mixin.py:190} INFO - [2024-12-07T17:30:29.645+0000] {dag.py:4180} INFO - Setting next_dagrun for dataset_alias_example_alias_consumer_with_no_taskflow to None, run_after=None
[2024-12-07T17:30:29.649+0000] {logging_mixin.py:190} INFO - [2024-12-07T17:30:29.649+0000] {dag.py:4180} INFO - Setting next_dagrun for dataset_alias_example_alias_producer_with_no_taskflow to None, run_after=None
[2024-12-07T17:30:29.653+0000] {logging_mixin.py:190} INFO - [2024-12-07T17:30:29.652+0000] {dag.py:4180} INFO - Setting next_dagrun for dataset_s3_bucket_consumer_with_no_taskflow to None, run_after=None
[2024-12-07T17:30:29.656+0000] {logging_mixin.py:190} INFO - [2024-12-07T17:30:29.656+0000] {dag.py:4180} INFO - Setting next_dagrun for dataset_s3_bucket_producer_with_no_taskflow to None, run_after=None
[2024-12-07T17:30:29.694+0000] {processor.py:208} INFO - Processing /home/airflow/.local/lib/python3.12/site-packages/airflow/example_dags/example_dataset_alias_with_no_taskflow.py took 1.374 seconds
[2024-12-07T17:30:59.821+0000] {processor.py:186} INFO - Started process (PID=4827) to work on /home/airflow/.local/lib/python3.12/site-packages/airflow/example_dags/example_dataset_alias_with_no_taskflow.py
[2024-12-07T17:30:59.823+0000] {processor.py:914} INFO - Processing file /home/airflow/.local/lib/python3.12/site-packages/airflow/example_dags/example_dataset_alias_with_no_taskflow.py for tasks to queue
[2024-12-07T17:30:59.826+0000] {logging_mixin.py:190} INFO - [2024-12-07T17:30:59.826+0000] {dagbag.py:588} INFO - Filling up the DagBag from /home/airflow/.local/lib/python3.12/site-packages/airflow/example_dags/example_dataset_alias_with_no_taskflow.py
[2024-12-07T17:31:00.982+0000] {processor.py:925} INFO - DAG(s) 'dataset_s3_bucket_producer_with_no_taskflow', 'dataset_alias_example_alias_consumer_with_no_taskflow', 'dataset_s3_bucket_consumer_with_no_taskflow', 'dataset_alias_example_alias_producer_with_no_taskflow' retrieved from /home/airflow/.local/lib/python3.12/site-packages/airflow/example_dags/example_dataset_alias_with_no_taskflow.py
[2024-12-07T17:31:01.015+0000] {logging_mixin.py:190} INFO - [2024-12-07T17:31:01.014+0000] {dag.py:3239} INFO - Sync 4 DAGs
[2024-12-07T17:31:01.041+0000] {logging_mixin.py:190} INFO - [2024-12-07T17:31:01.040+0000] {dag.py:4180} INFO - Setting next_dagrun for dataset_alias_example_alias_consumer_with_no_taskflow to None, run_after=None
[2024-12-07T17:31:01.045+0000] {logging_mixin.py:190} INFO - [2024-12-07T17:31:01.044+0000] {dag.py:4180} INFO - Setting next_dagrun for dataset_alias_example_alias_producer_with_no_taskflow to None, run_after=None
[2024-12-07T17:31:01.047+0000] {logging_mixin.py:190} INFO - [2024-12-07T17:31:01.047+0000] {dag.py:4180} INFO - Setting next_dagrun for dataset_s3_bucket_consumer_with_no_taskflow to None, run_after=None
[2024-12-07T17:31:01.049+0000] {logging_mixin.py:190} INFO - [2024-12-07T17:31:01.049+0000] {dag.py:4180} INFO - Setting next_dagrun for dataset_s3_bucket_producer_with_no_taskflow to None, run_after=None
[2024-12-07T17:31:01.076+0000] {processor.py:208} INFO - Processing /home/airflow/.local/lib/python3.12/site-packages/airflow/example_dags/example_dataset_alias_with_no_taskflow.py took 1.262 seconds
[2024-12-07T17:31:31.143+0000] {processor.py:186} INFO - Started process (PID=5148) to work on /home/airflow/.local/lib/python3.12/site-packages/airflow/example_dags/example_dataset_alias_with_no_taskflow.py
[2024-12-07T17:31:31.144+0000] {processor.py:914} INFO - Processing file /home/airflow/.local/lib/python3.12/site-packages/airflow/example_dags/example_dataset_alias_with_no_taskflow.py for tasks to queue
[2024-12-07T17:31:31.147+0000] {logging_mixin.py:190} INFO - [2024-12-07T17:31:31.146+0000] {dagbag.py:588} INFO - Filling up the DagBag from /home/airflow/.local/lib/python3.12/site-packages/airflow/example_dags/example_dataset_alias_with_no_taskflow.py
[2024-12-07T17:31:31.850+0000] {processor.py:925} INFO - DAG(s) 'dataset_alias_example_alias_producer_with_no_taskflow', 'dataset_s3_bucket_producer_with_no_taskflow', 'dataset_alias_example_alias_consumer_with_no_taskflow', 'dataset_s3_bucket_consumer_with_no_taskflow' retrieved from /home/airflow/.local/lib/python3.12/site-packages/airflow/example_dags/example_dataset_alias_with_no_taskflow.py
[2024-12-07T17:31:31.881+0000] {logging_mixin.py:190} INFO - [2024-12-07T17:31:31.880+0000] {dag.py:3239} INFO - Sync 4 DAGs
[2024-12-07T17:31:31.907+0000] {logging_mixin.py:190} INFO - [2024-12-07T17:31:31.907+0000] {dag.py:4180} INFO - Setting next_dagrun for dataset_alias_example_alias_consumer_with_no_taskflow to None, run_after=None
[2024-12-07T17:31:31.911+0000] {logging_mixin.py:190} INFO - [2024-12-07T17:31:31.911+0000] {dag.py:4180} INFO - Setting next_dagrun for dataset_alias_example_alias_producer_with_no_taskflow to None, run_after=None
[2024-12-07T17:31:31.914+0000] {logging_mixin.py:190} INFO - [2024-12-07T17:31:31.914+0000] {dag.py:4180} INFO - Setting next_dagrun for dataset_s3_bucket_consumer_with_no_taskflow to None, run_after=None
[2024-12-07T17:31:31.916+0000] {logging_mixin.py:190} INFO - [2024-12-07T17:31:31.916+0000] {dag.py:4180} INFO - Setting next_dagrun for dataset_s3_bucket_producer_with_no_taskflow to None, run_after=None
[2024-12-07T17:31:31.946+0000] {processor.py:208} INFO - Processing /home/airflow/.local/lib/python3.12/site-packages/airflow/example_dags/example_dataset_alias_with_no_taskflow.py took 0.812 seconds
[2024-12-07T17:32:02.549+0000] {processor.py:186} INFO - Started process (PID=5439) to work on /home/airflow/.local/lib/python3.12/site-packages/airflow/example_dags/example_dataset_alias_with_no_taskflow.py
[2024-12-07T17:32:02.551+0000] {processor.py:914} INFO - Processing file /home/airflow/.local/lib/python3.12/site-packages/airflow/example_dags/example_dataset_alias_with_no_taskflow.py for tasks to queue
[2024-12-07T17:32:02.554+0000] {logging_mixin.py:190} INFO - [2024-12-07T17:32:02.553+0000] {dagbag.py:588} INFO - Filling up the DagBag from /home/airflow/.local/lib/python3.12/site-packages/airflow/example_dags/example_dataset_alias_with_no_taskflow.py
[2024-12-07T17:32:03.248+0000] {processor.py:925} INFO - DAG(s) 'dataset_s3_bucket_producer_with_no_taskflow', 'dataset_s3_bucket_consumer_with_no_taskflow', 'dataset_alias_example_alias_consumer_with_no_taskflow', 'dataset_alias_example_alias_producer_with_no_taskflow' retrieved from /home/airflow/.local/lib/python3.12/site-packages/airflow/example_dags/example_dataset_alias_with_no_taskflow.py
[2024-12-07T17:32:03.276+0000] {logging_mixin.py:190} INFO - [2024-12-07T17:32:03.276+0000] {dag.py:3239} INFO - Sync 4 DAGs
[2024-12-07T17:32:03.305+0000] {logging_mixin.py:190} INFO - [2024-12-07T17:32:03.304+0000] {dag.py:4180} INFO - Setting next_dagrun for dataset_alias_example_alias_consumer_with_no_taskflow to None, run_after=None
[2024-12-07T17:32:03.309+0000] {logging_mixin.py:190} INFO - [2024-12-07T17:32:03.308+0000] {dag.py:4180} INFO - Setting next_dagrun for dataset_alias_example_alias_producer_with_no_taskflow to None, run_after=None
[2024-12-07T17:32:03.311+0000] {logging_mixin.py:190} INFO - [2024-12-07T17:32:03.311+0000] {dag.py:4180} INFO - Setting next_dagrun for dataset_s3_bucket_consumer_with_no_taskflow to None, run_after=None
[2024-12-07T17:32:03.314+0000] {logging_mixin.py:190} INFO - [2024-12-07T17:32:03.313+0000] {dag.py:4180} INFO - Setting next_dagrun for dataset_s3_bucket_producer_with_no_taskflow to None, run_after=None
[2024-12-07T17:32:03.343+0000] {processor.py:208} INFO - Processing /home/airflow/.local/lib/python3.12/site-packages/airflow/example_dags/example_dataset_alias_with_no_taskflow.py took 0.802 seconds
[2024-12-07T17:32:34.149+0000] {processor.py:186} INFO - Started process (PID=5729) to work on /home/airflow/.local/lib/python3.12/site-packages/airflow/example_dags/example_dataset_alias_with_no_taskflow.py
[2024-12-07T17:32:34.151+0000] {processor.py:914} INFO - Processing file /home/airflow/.local/lib/python3.12/site-packages/airflow/example_dags/example_dataset_alias_with_no_taskflow.py for tasks to queue
[2024-12-07T17:32:34.154+0000] {logging_mixin.py:190} INFO - [2024-12-07T17:32:34.154+0000] {dagbag.py:588} INFO - Filling up the DagBag from /home/airflow/.local/lib/python3.12/site-packages/airflow/example_dags/example_dataset_alias_with_no_taskflow.py
[2024-12-07T17:32:34.878+0000] {processor.py:925} INFO - DAG(s) 'dataset_s3_bucket_consumer_with_no_taskflow', 'dataset_alias_example_alias_consumer_with_no_taskflow', 'dataset_alias_example_alias_producer_with_no_taskflow', 'dataset_s3_bucket_producer_with_no_taskflow' retrieved from /home/airflow/.local/lib/python3.12/site-packages/airflow/example_dags/example_dataset_alias_with_no_taskflow.py
[2024-12-07T17:32:34.907+0000] {logging_mixin.py:190} INFO - [2024-12-07T17:32:34.906+0000] {dag.py:3239} INFO - Sync 4 DAGs
[2024-12-07T17:32:34.934+0000] {logging_mixin.py:190} INFO - [2024-12-07T17:32:34.934+0000] {dag.py:4180} INFO - Setting next_dagrun for dataset_alias_example_alias_consumer_with_no_taskflow to None, run_after=None
[2024-12-07T17:32:34.938+0000] {logging_mixin.py:190} INFO - [2024-12-07T17:32:34.938+0000] {dag.py:4180} INFO - Setting next_dagrun for dataset_alias_example_alias_producer_with_no_taskflow to None, run_after=None
[2024-12-07T17:32:34.942+0000] {logging_mixin.py:190} INFO - [2024-12-07T17:32:34.942+0000] {dag.py:4180} INFO - Setting next_dagrun for dataset_s3_bucket_consumer_with_no_taskflow to None, run_after=None
[2024-12-07T17:32:34.944+0000] {logging_mixin.py:190} INFO - [2024-12-07T17:32:34.944+0000] {dag.py:4180} INFO - Setting next_dagrun for dataset_s3_bucket_producer_with_no_taskflow to None, run_after=None
[2024-12-07T17:32:34.974+0000] {processor.py:208} INFO - Processing /home/airflow/.local/lib/python3.12/site-packages/airflow/example_dags/example_dataset_alias_with_no_taskflow.py took 0.838 seconds
[2024-12-07T17:33:05.404+0000] {processor.py:186} INFO - Started process (PID=6019) to work on /home/airflow/.local/lib/python3.12/site-packages/airflow/example_dags/example_dataset_alias_with_no_taskflow.py
[2024-12-07T17:33:05.406+0000] {processor.py:914} INFO - Processing file /home/airflow/.local/lib/python3.12/site-packages/airflow/example_dags/example_dataset_alias_with_no_taskflow.py for tasks to queue
[2024-12-07T17:33:05.409+0000] {logging_mixin.py:190} INFO - [2024-12-07T17:33:05.408+0000] {dagbag.py:588} INFO - Filling up the DagBag from /home/airflow/.local/lib/python3.12/site-packages/airflow/example_dags/example_dataset_alias_with_no_taskflow.py
[2024-12-07T17:33:06.114+0000] {processor.py:925} INFO - DAG(s) 'dataset_alias_example_alias_consumer_with_no_taskflow', 'dataset_s3_bucket_producer_with_no_taskflow', 'dataset_s3_bucket_consumer_with_no_taskflow', 'dataset_alias_example_alias_producer_with_no_taskflow' retrieved from /home/airflow/.local/lib/python3.12/site-packages/airflow/example_dags/example_dataset_alias_with_no_taskflow.py
[2024-12-07T17:33:06.142+0000] {logging_mixin.py:190} INFO - [2024-12-07T17:33:06.141+0000] {dag.py:3239} INFO - Sync 4 DAGs
[2024-12-07T17:33:06.168+0000] {logging_mixin.py:190} INFO - [2024-12-07T17:33:06.168+0000] {dag.py:4180} INFO - Setting next_dagrun for dataset_alias_example_alias_consumer_with_no_taskflow to None, run_after=None
[2024-12-07T17:33:06.172+0000] {logging_mixin.py:190} INFO - [2024-12-07T17:33:06.171+0000] {dag.py:4180} INFO - Setting next_dagrun for dataset_alias_example_alias_producer_with_no_taskflow to None, run_after=None
[2024-12-07T17:33:06.174+0000] {logging_mixin.py:190} INFO - [2024-12-07T17:33:06.174+0000] {dag.py:4180} INFO - Setting next_dagrun for dataset_s3_bucket_consumer_with_no_taskflow to None, run_after=None
[2024-12-07T17:33:06.176+0000] {logging_mixin.py:190} INFO - [2024-12-07T17:33:06.176+0000] {dag.py:4180} INFO - Setting next_dagrun for dataset_s3_bucket_producer_with_no_taskflow to None, run_after=None
[2024-12-07T17:33:06.205+0000] {processor.py:208} INFO - Processing /home/airflow/.local/lib/python3.12/site-packages/airflow/example_dags/example_dataset_alias_with_no_taskflow.py took 0.808 seconds
[2024-12-07T17:33:36.577+0000] {processor.py:186} INFO - Started process (PID=6310) to work on /home/airflow/.local/lib/python3.12/site-packages/airflow/example_dags/example_dataset_alias_with_no_taskflow.py
[2024-12-07T17:33:36.587+0000] {processor.py:914} INFO - Processing file /home/airflow/.local/lib/python3.12/site-packages/airflow/example_dags/example_dataset_alias_with_no_taskflow.py for tasks to queue
[2024-12-07T17:33:36.594+0000] {logging_mixin.py:190} INFO - [2024-12-07T17:33:36.594+0000] {dagbag.py:588} INFO - Filling up the DagBag from /home/airflow/.local/lib/python3.12/site-packages/airflow/example_dags/example_dataset_alias_with_no_taskflow.py
[2024-12-07T17:33:37.479+0000] {processor.py:925} INFO - DAG(s) 'dataset_alias_example_alias_producer_with_no_taskflow', 'dataset_alias_example_alias_consumer_with_no_taskflow', 'dataset_s3_bucket_consumer_with_no_taskflow', 'dataset_s3_bucket_producer_with_no_taskflow' retrieved from /home/airflow/.local/lib/python3.12/site-packages/airflow/example_dags/example_dataset_alias_with_no_taskflow.py
[2024-12-07T17:33:37.546+0000] {logging_mixin.py:190} INFO - [2024-12-07T17:33:37.545+0000] {dag.py:3239} INFO - Sync 4 DAGs
[2024-12-07T17:33:37.630+0000] {logging_mixin.py:190} INFO - [2024-12-07T17:33:37.629+0000] {dag.py:4180} INFO - Setting next_dagrun for dataset_alias_example_alias_consumer_with_no_taskflow to None, run_after=None
[2024-12-07T17:33:37.636+0000] {logging_mixin.py:190} INFO - [2024-12-07T17:33:37.635+0000] {dag.py:4180} INFO - Setting next_dagrun for dataset_alias_example_alias_producer_with_no_taskflow to None, run_after=None
[2024-12-07T17:33:37.641+0000] {logging_mixin.py:190} INFO - [2024-12-07T17:33:37.640+0000] {dag.py:4180} INFO - Setting next_dagrun for dataset_s3_bucket_consumer_with_no_taskflow to None, run_after=None
[2024-12-07T17:33:37.645+0000] {logging_mixin.py:190} INFO - [2024-12-07T17:33:37.645+0000] {dag.py:4180} INFO - Setting next_dagrun for dataset_s3_bucket_producer_with_no_taskflow to None, run_after=None
[2024-12-07T17:33:37.723+0000] {processor.py:208} INFO - Processing /home/airflow/.local/lib/python3.12/site-packages/airflow/example_dags/example_dataset_alias_with_no_taskflow.py took 1.165 seconds
[2024-12-07T17:34:08.161+0000] {processor.py:186} INFO - Started process (PID=6604) to work on /home/airflow/.local/lib/python3.12/site-packages/airflow/example_dags/example_dataset_alias_with_no_taskflow.py
[2024-12-07T17:34:08.163+0000] {processor.py:914} INFO - Processing file /home/airflow/.local/lib/python3.12/site-packages/airflow/example_dags/example_dataset_alias_with_no_taskflow.py for tasks to queue
[2024-12-07T17:34:08.193+0000] {logging_mixin.py:190} INFO - [2024-12-07T17:34:08.192+0000] {dagbag.py:588} INFO - Filling up the DagBag from /home/airflow/.local/lib/python3.12/site-packages/airflow/example_dags/example_dataset_alias_with_no_taskflow.py
[2024-12-07T17:34:09.217+0000] {processor.py:925} INFO - DAG(s) 'dataset_s3_bucket_producer_with_no_taskflow', 'dataset_alias_example_alias_producer_with_no_taskflow', 'dataset_s3_bucket_consumer_with_no_taskflow', 'dataset_alias_example_alias_consumer_with_no_taskflow' retrieved from /home/airflow/.local/lib/python3.12/site-packages/airflow/example_dags/example_dataset_alias_with_no_taskflow.py
[2024-12-07T17:34:09.260+0000] {logging_mixin.py:190} INFO - [2024-12-07T17:34:09.259+0000] {dag.py:3239} INFO - Sync 4 DAGs
[2024-12-07T17:34:09.292+0000] {logging_mixin.py:190} INFO - [2024-12-07T17:34:09.292+0000] {dag.py:4180} INFO - Setting next_dagrun for dataset_alias_example_alias_consumer_with_no_taskflow to None, run_after=None
[2024-12-07T17:34:09.296+0000] {logging_mixin.py:190} INFO - [2024-12-07T17:34:09.295+0000] {dag.py:4180} INFO - Setting next_dagrun for dataset_alias_example_alias_producer_with_no_taskflow to None, run_after=None
[2024-12-07T17:34:09.298+0000] {logging_mixin.py:190} INFO - [2024-12-07T17:34:09.298+0000] {dag.py:4180} INFO - Setting next_dagrun for dataset_s3_bucket_consumer_with_no_taskflow to None, run_after=None
[2024-12-07T17:34:09.300+0000] {logging_mixin.py:190} INFO - [2024-12-07T17:34:09.300+0000] {dag.py:4180} INFO - Setting next_dagrun for dataset_s3_bucket_producer_with_no_taskflow to None, run_after=None
[2024-12-07T17:34:09.340+0000] {processor.py:208} INFO - Processing /home/airflow/.local/lib/python3.12/site-packages/airflow/example_dags/example_dataset_alias_with_no_taskflow.py took 1.210 seconds
[2024-12-07T17:34:39.907+0000] {processor.py:186} INFO - Started process (PID=6897) to work on /home/airflow/.local/lib/python3.12/site-packages/airflow/example_dags/example_dataset_alias_with_no_taskflow.py
[2024-12-07T17:34:39.908+0000] {processor.py:914} INFO - Processing file /home/airflow/.local/lib/python3.12/site-packages/airflow/example_dags/example_dataset_alias_with_no_taskflow.py for tasks to queue
[2024-12-07T17:34:39.912+0000] {logging_mixin.py:190} INFO - [2024-12-07T17:34:39.911+0000] {dagbag.py:588} INFO - Filling up the DagBag from /home/airflow/.local/lib/python3.12/site-packages/airflow/example_dags/example_dataset_alias_with_no_taskflow.py
[2024-12-07T17:34:40.615+0000] {processor.py:925} INFO - DAG(s) 'dataset_s3_bucket_producer_with_no_taskflow', 'dataset_s3_bucket_consumer_with_no_taskflow', 'dataset_alias_example_alias_consumer_with_no_taskflow', 'dataset_alias_example_alias_producer_with_no_taskflow' retrieved from /home/airflow/.local/lib/python3.12/site-packages/airflow/example_dags/example_dataset_alias_with_no_taskflow.py
[2024-12-07T17:34:40.643+0000] {logging_mixin.py:190} INFO - [2024-12-07T17:34:40.643+0000] {dag.py:3239} INFO - Sync 4 DAGs
[2024-12-07T17:34:40.675+0000] {logging_mixin.py:190} INFO - [2024-12-07T17:34:40.675+0000] {dag.py:4180} INFO - Setting next_dagrun for dataset_alias_example_alias_consumer_with_no_taskflow to None, run_after=None
[2024-12-07T17:34:40.687+0000] {logging_mixin.py:190} INFO - [2024-12-07T17:34:40.687+0000] {dag.py:4180} INFO - Setting next_dagrun for dataset_alias_example_alias_producer_with_no_taskflow to None, run_after=None
[2024-12-07T17:34:40.697+0000] {logging_mixin.py:190} INFO - [2024-12-07T17:34:40.696+0000] {dag.py:4180} INFO - Setting next_dagrun for dataset_s3_bucket_consumer_with_no_taskflow to None, run_after=None
[2024-12-07T17:34:40.709+0000] {logging_mixin.py:190} INFO - [2024-12-07T17:34:40.708+0000] {dag.py:4180} INFO - Setting next_dagrun for dataset_s3_bucket_producer_with_no_taskflow to None, run_after=None
[2024-12-07T17:34:40.768+0000] {processor.py:208} INFO - Processing /home/airflow/.local/lib/python3.12/site-packages/airflow/example_dags/example_dataset_alias_with_no_taskflow.py took 0.868 seconds
[2024-12-07T17:35:11.511+0000] {processor.py:186} INFO - Started process (PID=7188) to work on /home/airflow/.local/lib/python3.12/site-packages/airflow/example_dags/example_dataset_alias_with_no_taskflow.py
[2024-12-07T17:35:11.514+0000] {processor.py:914} INFO - Processing file /home/airflow/.local/lib/python3.12/site-packages/airflow/example_dags/example_dataset_alias_with_no_taskflow.py for tasks to queue
[2024-12-07T17:35:11.520+0000] {logging_mixin.py:190} INFO - [2024-12-07T17:35:11.519+0000] {dagbag.py:588} INFO - Filling up the DagBag from /home/airflow/.local/lib/python3.12/site-packages/airflow/example_dags/example_dataset_alias_with_no_taskflow.py
[2024-12-07T17:35:12.523+0000] {processor.py:925} INFO - DAG(s) 'dataset_s3_bucket_consumer_with_no_taskflow', 'dataset_s3_bucket_producer_with_no_taskflow', 'dataset_alias_example_alias_consumer_with_no_taskflow', 'dataset_alias_example_alias_producer_with_no_taskflow' retrieved from /home/airflow/.local/lib/python3.12/site-packages/airflow/example_dags/example_dataset_alias_with_no_taskflow.py
[2024-12-07T17:35:12.588+0000] {logging_mixin.py:190} INFO - [2024-12-07T17:35:12.587+0000] {dag.py:3239} INFO - Sync 4 DAGs
[2024-12-07T17:35:12.627+0000] {logging_mixin.py:190} INFO - [2024-12-07T17:35:12.627+0000] {dag.py:4180} INFO - Setting next_dagrun for dataset_alias_example_alias_consumer_with_no_taskflow to None, run_after=None
[2024-12-07T17:35:12.631+0000] {logging_mixin.py:190} INFO - [2024-12-07T17:35:12.631+0000] {dag.py:4180} INFO - Setting next_dagrun for dataset_alias_example_alias_producer_with_no_taskflow to None, run_after=None
[2024-12-07T17:35:12.637+0000] {logging_mixin.py:190} INFO - [2024-12-07T17:35:12.636+0000] {dag.py:4180} INFO - Setting next_dagrun for dataset_s3_bucket_consumer_with_no_taskflow to None, run_after=None
[2024-12-07T17:35:12.640+0000] {logging_mixin.py:190} INFO - [2024-12-07T17:35:12.640+0000] {dag.py:4180} INFO - Setting next_dagrun for dataset_s3_bucket_producer_with_no_taskflow to None, run_after=None
[2024-12-07T17:35:12.685+0000] {processor.py:208} INFO - Processing /home/airflow/.local/lib/python3.12/site-packages/airflow/example_dags/example_dataset_alias_with_no_taskflow.py took 1.207 seconds
[2024-12-07T17:35:43.449+0000] {processor.py:186} INFO - Started process (PID=7479) to work on /home/airflow/.local/lib/python3.12/site-packages/airflow/example_dags/example_dataset_alias_with_no_taskflow.py
[2024-12-07T17:35:43.452+0000] {processor.py:914} INFO - Processing file /home/airflow/.local/lib/python3.12/site-packages/airflow/example_dags/example_dataset_alias_with_no_taskflow.py for tasks to queue
[2024-12-07T17:35:43.462+0000] {logging_mixin.py:190} INFO - [2024-12-07T17:35:43.461+0000] {dagbag.py:588} INFO - Filling up the DagBag from /home/airflow/.local/lib/python3.12/site-packages/airflow/example_dags/example_dataset_alias_with_no_taskflow.py
[2024-12-07T17:35:46.134+0000] {processor.py:925} INFO - DAG(s) 'dataset_alias_example_alias_consumer_with_no_taskflow', 'dataset_alias_example_alias_producer_with_no_taskflow', 'dataset_s3_bucket_producer_with_no_taskflow', 'dataset_s3_bucket_consumer_with_no_taskflow' retrieved from /home/airflow/.local/lib/python3.12/site-packages/airflow/example_dags/example_dataset_alias_with_no_taskflow.py
[2024-12-07T17:35:46.243+0000] {logging_mixin.py:190} INFO - [2024-12-07T17:35:46.241+0000] {dag.py:3239} INFO - Sync 4 DAGs
[2024-12-07T17:35:46.379+0000] {logging_mixin.py:190} INFO - [2024-12-07T17:35:46.379+0000] {dag.py:4180} INFO - Setting next_dagrun for dataset_alias_example_alias_consumer_with_no_taskflow to None, run_after=None
[2024-12-07T17:35:46.391+0000] {logging_mixin.py:190} INFO - [2024-12-07T17:35:46.389+0000] {dag.py:4180} INFO - Setting next_dagrun for dataset_alias_example_alias_producer_with_no_taskflow to None, run_after=None
[2024-12-07T17:35:46.397+0000] {logging_mixin.py:190} INFO - [2024-12-07T17:35:46.396+0000] {dag.py:4180} INFO - Setting next_dagrun for dataset_s3_bucket_consumer_with_no_taskflow to None, run_after=None
[2024-12-07T17:35:46.405+0000] {logging_mixin.py:190} INFO - [2024-12-07T17:35:46.401+0000] {dag.py:4180} INFO - Setting next_dagrun for dataset_s3_bucket_producer_with_no_taskflow to None, run_after=None
[2024-12-07T17:35:46.530+0000] {processor.py:208} INFO - Processing /home/airflow/.local/lib/python3.12/site-packages/airflow/example_dags/example_dataset_alias_with_no_taskflow.py took 3.096 seconds
[2024-12-07T17:36:17.130+0000] {processor.py:186} INFO - Started process (PID=7785) to work on /home/airflow/.local/lib/python3.12/site-packages/airflow/example_dags/example_dataset_alias_with_no_taskflow.py
[2024-12-07T17:36:17.131+0000] {processor.py:914} INFO - Processing file /home/airflow/.local/lib/python3.12/site-packages/airflow/example_dags/example_dataset_alias_with_no_taskflow.py for tasks to queue
[2024-12-07T17:36:17.134+0000] {logging_mixin.py:190} INFO - [2024-12-07T17:36:17.133+0000] {dagbag.py:588} INFO - Filling up the DagBag from /home/airflow/.local/lib/python3.12/site-packages/airflow/example_dags/example_dataset_alias_with_no_taskflow.py
[2024-12-07T17:36:17.836+0000] {processor.py:925} INFO - DAG(s) 'dataset_alias_example_alias_producer_with_no_taskflow', 'dataset_s3_bucket_producer_with_no_taskflow', 'dataset_alias_example_alias_consumer_with_no_taskflow', 'dataset_s3_bucket_consumer_with_no_taskflow' retrieved from /home/airflow/.local/lib/python3.12/site-packages/airflow/example_dags/example_dataset_alias_with_no_taskflow.py
[2024-12-07T17:36:17.864+0000] {logging_mixin.py:190} INFO - [2024-12-07T17:36:17.864+0000] {dag.py:3239} INFO - Sync 4 DAGs
[2024-12-07T17:36:17.891+0000] {logging_mixin.py:190} INFO - [2024-12-07T17:36:17.891+0000] {dag.py:4180} INFO - Setting next_dagrun for dataset_alias_example_alias_consumer_with_no_taskflow to None, run_after=None
[2024-12-07T17:36:17.895+0000] {logging_mixin.py:190} INFO - [2024-12-07T17:36:17.895+0000] {dag.py:4180} INFO - Setting next_dagrun for dataset_alias_example_alias_producer_with_no_taskflow to None, run_after=None
[2024-12-07T17:36:17.898+0000] {logging_mixin.py:190} INFO - [2024-12-07T17:36:17.898+0000] {dag.py:4180} INFO - Setting next_dagrun for dataset_s3_bucket_consumer_with_no_taskflow to None, run_after=None
[2024-12-07T17:36:17.900+0000] {logging_mixin.py:190} INFO - [2024-12-07T17:36:17.900+0000] {dag.py:4180} INFO - Setting next_dagrun for dataset_s3_bucket_producer_with_no_taskflow to None, run_after=None
[2024-12-07T17:36:17.929+0000] {processor.py:208} INFO - Processing /home/airflow/.local/lib/python3.12/site-packages/airflow/example_dags/example_dataset_alias_with_no_taskflow.py took 0.809 seconds
[2024-12-07T17:36:51.830+0000] {processor.py:186} INFO - Started process (PID=8092) to work on /home/airflow/.local/lib/python3.12/site-packages/airflow/example_dags/example_dataset_alias_with_no_taskflow.py
[2024-12-07T17:36:51.832+0000] {processor.py:914} INFO - Processing file /home/airflow/.local/lib/python3.12/site-packages/airflow/example_dags/example_dataset_alias_with_no_taskflow.py for tasks to queue
[2024-12-07T17:36:51.839+0000] {logging_mixin.py:190} INFO - [2024-12-07T17:36:51.839+0000] {dagbag.py:588} INFO - Filling up the DagBag from /home/airflow/.local/lib/python3.12/site-packages/airflow/example_dags/example_dataset_alias_with_no_taskflow.py
[2024-12-07T17:36:54.417+0000] {processor.py:925} INFO - DAG(s) 'dataset_s3_bucket_consumer_with_no_taskflow', 'dataset_s3_bucket_producer_with_no_taskflow', 'dataset_alias_example_alias_consumer_with_no_taskflow', 'dataset_alias_example_alias_producer_with_no_taskflow' retrieved from /home/airflow/.local/lib/python3.12/site-packages/airflow/example_dags/example_dataset_alias_with_no_taskflow.py
[2024-12-07T17:36:54.481+0000] {logging_mixin.py:190} INFO - [2024-12-07T17:36:54.480+0000] {dag.py:3239} INFO - Sync 4 DAGs
[2024-12-07T17:36:54.578+0000] {logging_mixin.py:190} INFO - [2024-12-07T17:36:54.577+0000] {dag.py:4180} INFO - Setting next_dagrun for dataset_alias_example_alias_consumer_with_no_taskflow to None, run_after=None
[2024-12-07T17:36:54.662+0000] {logging_mixin.py:190} INFO - [2024-12-07T17:36:54.662+0000] {dag.py:4180} INFO - Setting next_dagrun for dataset_alias_example_alias_producer_with_no_taskflow to None, run_after=None
[2024-12-07T17:36:54.736+0000] {logging_mixin.py:190} INFO - [2024-12-07T17:36:54.736+0000] {dag.py:4180} INFO - Setting next_dagrun for dataset_s3_bucket_consumer_with_no_taskflow to None, run_after=None
[2024-12-07T17:36:54.829+0000] {logging_mixin.py:190} INFO - [2024-12-07T17:36:54.829+0000] {dag.py:4180} INFO - Setting next_dagrun for dataset_s3_bucket_producer_with_no_taskflow to None, run_after=None
[2024-12-07T17:36:55.444+0000] {processor.py:208} INFO - Processing /home/airflow/.local/lib/python3.12/site-packages/airflow/example_dags/example_dataset_alias_with_no_taskflow.py took 3.628 seconds
[2024-12-07T17:37:25.846+0000] {processor.py:186} INFO - Started process (PID=8400) to work on /home/airflow/.local/lib/python3.12/site-packages/airflow/example_dags/example_dataset_alias_with_no_taskflow.py
[2024-12-07T17:37:25.859+0000] {processor.py:914} INFO - Processing file /home/airflow/.local/lib/python3.12/site-packages/airflow/example_dags/example_dataset_alias_with_no_taskflow.py for tasks to queue
[2024-12-07T17:37:25.863+0000] {logging_mixin.py:190} INFO - [2024-12-07T17:37:25.862+0000] {dagbag.py:588} INFO - Filling up the DagBag from /home/airflow/.local/lib/python3.12/site-packages/airflow/example_dags/example_dataset_alias_with_no_taskflow.py
[2024-12-07T17:37:27.566+0000] {processor.py:925} INFO - DAG(s) 'dataset_s3_bucket_producer_with_no_taskflow', 'dataset_alias_example_alias_consumer_with_no_taskflow', 'dataset_alias_example_alias_producer_with_no_taskflow', 'dataset_s3_bucket_consumer_with_no_taskflow' retrieved from /home/airflow/.local/lib/python3.12/site-packages/airflow/example_dags/example_dataset_alias_with_no_taskflow.py
[2024-12-07T17:37:27.620+0000] {logging_mixin.py:190} INFO - [2024-12-07T17:37:27.619+0000] {dag.py:3239} INFO - Sync 4 DAGs
[2024-12-07T17:37:27.663+0000] {logging_mixin.py:190} INFO - [2024-12-07T17:37:27.663+0000] {dag.py:4180} INFO - Setting next_dagrun for dataset_alias_example_alias_consumer_with_no_taskflow to None, run_after=None
[2024-12-07T17:37:27.672+0000] {logging_mixin.py:190} INFO - [2024-12-07T17:37:27.672+0000] {dag.py:4180} INFO - Setting next_dagrun for dataset_alias_example_alias_producer_with_no_taskflow to None, run_after=None
[2024-12-07T17:37:27.681+0000] {logging_mixin.py:190} INFO - [2024-12-07T17:37:27.680+0000] {dag.py:4180} INFO - Setting next_dagrun for dataset_s3_bucket_consumer_with_no_taskflow to None, run_after=None
[2024-12-07T17:37:27.684+0000] {logging_mixin.py:190} INFO - [2024-12-07T17:37:27.684+0000] {dag.py:4180} INFO - Setting next_dagrun for dataset_s3_bucket_producer_with_no_taskflow to None, run_after=None
[2024-12-07T17:37:27.749+0000] {processor.py:208} INFO - Processing /home/airflow/.local/lib/python3.12/site-packages/airflow/example_dags/example_dataset_alias_with_no_taskflow.py took 1.920 seconds
[2024-12-07T17:37:58.875+0000] {processor.py:186} INFO - Started process (PID=8719) to work on /home/airflow/.local/lib/python3.12/site-packages/airflow/example_dags/example_dataset_alias_with_no_taskflow.py
[2024-12-07T17:37:58.877+0000] {processor.py:914} INFO - Processing file /home/airflow/.local/lib/python3.12/site-packages/airflow/example_dags/example_dataset_alias_with_no_taskflow.py for tasks to queue
[2024-12-07T17:37:58.882+0000] {logging_mixin.py:190} INFO - [2024-12-07T17:37:58.881+0000] {dagbag.py:588} INFO - Filling up the DagBag from /home/airflow/.local/lib/python3.12/site-packages/airflow/example_dags/example_dataset_alias_with_no_taskflow.py
[2024-12-07T17:38:00.826+0000] {processor.py:925} INFO - DAG(s) 'dataset_alias_example_alias_consumer_with_no_taskflow', 'dataset_s3_bucket_consumer_with_no_taskflow', 'dataset_s3_bucket_producer_with_no_taskflow', 'dataset_alias_example_alias_producer_with_no_taskflow' retrieved from /home/airflow/.local/lib/python3.12/site-packages/airflow/example_dags/example_dataset_alias_with_no_taskflow.py
[2024-12-07T17:38:00.909+0000] {logging_mixin.py:190} INFO - [2024-12-07T17:38:00.908+0000] {dag.py:3239} INFO - Sync 4 DAGs
[2024-12-07T17:38:01.035+0000] {logging_mixin.py:190} INFO - [2024-12-07T17:38:01.035+0000] {dag.py:4180} INFO - Setting next_dagrun for dataset_alias_example_alias_consumer_with_no_taskflow to None, run_after=None
[2024-12-07T17:38:01.044+0000] {logging_mixin.py:190} INFO - [2024-12-07T17:38:01.044+0000] {dag.py:4180} INFO - Setting next_dagrun for dataset_alias_example_alias_producer_with_no_taskflow to None, run_after=None
[2024-12-07T17:38:01.050+0000] {logging_mixin.py:190} INFO - [2024-12-07T17:38:01.049+0000] {dag.py:4180} INFO - Setting next_dagrun for dataset_s3_bucket_consumer_with_no_taskflow to None, run_after=None
[2024-12-07T17:38:01.063+0000] {logging_mixin.py:190} INFO - [2024-12-07T17:38:01.061+0000] {dag.py:4180} INFO - Setting next_dagrun for dataset_s3_bucket_producer_with_no_taskflow to None, run_after=None
[2024-12-07T17:38:01.128+0000] {processor.py:208} INFO - Processing /home/airflow/.local/lib/python3.12/site-packages/airflow/example_dags/example_dataset_alias_with_no_taskflow.py took 2.267 seconds
[2024-12-07T17:38:31.560+0000] {processor.py:186} INFO - Started process (PID=9025) to work on /home/airflow/.local/lib/python3.12/site-packages/airflow/example_dags/example_dataset_alias_with_no_taskflow.py
[2024-12-07T17:38:31.565+0000] {processor.py:914} INFO - Processing file /home/airflow/.local/lib/python3.12/site-packages/airflow/example_dags/example_dataset_alias_with_no_taskflow.py for tasks to queue
[2024-12-07T17:38:31.589+0000] {logging_mixin.py:190} INFO - [2024-12-07T17:38:31.583+0000] {dagbag.py:588} INFO - Filling up the DagBag from /home/airflow/.local/lib/python3.12/site-packages/airflow/example_dags/example_dataset_alias_with_no_taskflow.py
[2024-12-07T17:38:33.563+0000] {processor.py:925} INFO - DAG(s) 'dataset_alias_example_alias_consumer_with_no_taskflow', 'dataset_s3_bucket_consumer_with_no_taskflow', 'dataset_alias_example_alias_producer_with_no_taskflow', 'dataset_s3_bucket_producer_with_no_taskflow' retrieved from /home/airflow/.local/lib/python3.12/site-packages/airflow/example_dags/example_dataset_alias_with_no_taskflow.py
[2024-12-07T17:38:33.649+0000] {logging_mixin.py:190} INFO - [2024-12-07T17:38:33.648+0000] {dag.py:3239} INFO - Sync 4 DAGs
[2024-12-07T17:38:33.752+0000] {logging_mixin.py:190} INFO - [2024-12-07T17:38:33.751+0000] {dag.py:4180} INFO - Setting next_dagrun for dataset_alias_example_alias_consumer_with_no_taskflow to None, run_after=None
[2024-12-07T17:38:33.766+0000] {logging_mixin.py:190} INFO - [2024-12-07T17:38:33.765+0000] {dag.py:4180} INFO - Setting next_dagrun for dataset_alias_example_alias_producer_with_no_taskflow to None, run_after=None
[2024-12-07T17:38:33.771+0000] {logging_mixin.py:190} INFO - [2024-12-07T17:38:33.770+0000] {dag.py:4180} INFO - Setting next_dagrun for dataset_s3_bucket_consumer_with_no_taskflow to None, run_after=None
[2024-12-07T17:38:33.776+0000] {logging_mixin.py:190} INFO - [2024-12-07T17:38:33.775+0000] {dag.py:4180} INFO - Setting next_dagrun for dataset_s3_bucket_producer_with_no_taskflow to None, run_after=None
[2024-12-07T17:38:33.849+0000] {processor.py:208} INFO - Processing /home/airflow/.local/lib/python3.12/site-packages/airflow/example_dags/example_dataset_alias_with_no_taskflow.py took 2.315 seconds
[2024-12-07T17:39:04.179+0000] {processor.py:186} INFO - Started process (PID=9343) to work on /home/airflow/.local/lib/python3.12/site-packages/airflow/example_dags/example_dataset_alias_with_no_taskflow.py
[2024-12-07T17:39:04.181+0000] {processor.py:914} INFO - Processing file /home/airflow/.local/lib/python3.12/site-packages/airflow/example_dags/example_dataset_alias_with_no_taskflow.py for tasks to queue
[2024-12-07T17:39:04.186+0000] {logging_mixin.py:190} INFO - [2024-12-07T17:39:04.186+0000] {dagbag.py:588} INFO - Filling up the DagBag from /home/airflow/.local/lib/python3.12/site-packages/airflow/example_dags/example_dataset_alias_with_no_taskflow.py
[2024-12-07T17:39:05.461+0000] {processor.py:925} INFO - DAG(s) 'dataset_alias_example_alias_producer_with_no_taskflow', 'dataset_alias_example_alias_consumer_with_no_taskflow', 'dataset_s3_bucket_producer_with_no_taskflow', 'dataset_s3_bucket_consumer_with_no_taskflow' retrieved from /home/airflow/.local/lib/python3.12/site-packages/airflow/example_dags/example_dataset_alias_with_no_taskflow.py
[2024-12-07T17:39:05.493+0000] {logging_mixin.py:190} INFO - [2024-12-07T17:39:05.493+0000] {dag.py:3239} INFO - Sync 4 DAGs
[2024-12-07T17:39:05.526+0000] {logging_mixin.py:190} INFO - [2024-12-07T17:39:05.526+0000] {dag.py:4180} INFO - Setting next_dagrun for dataset_alias_example_alias_consumer_with_no_taskflow to None, run_after=None
[2024-12-07T17:39:05.530+0000] {logging_mixin.py:190} INFO - [2024-12-07T17:39:05.529+0000] {dag.py:4180} INFO - Setting next_dagrun for dataset_alias_example_alias_producer_with_no_taskflow to None, run_after=None
[2024-12-07T17:39:05.532+0000] {logging_mixin.py:190} INFO - [2024-12-07T17:39:05.531+0000] {dag.py:4180} INFO - Setting next_dagrun for dataset_s3_bucket_consumer_with_no_taskflow to None, run_after=None
[2024-12-07T17:39:05.534+0000] {logging_mixin.py:190} INFO - [2024-12-07T17:39:05.533+0000] {dag.py:4180} INFO - Setting next_dagrun for dataset_s3_bucket_producer_with_no_taskflow to None, run_after=None
[2024-12-07T17:39:05.562+0000] {processor.py:208} INFO - Processing /home/airflow/.local/lib/python3.12/site-packages/airflow/example_dags/example_dataset_alias_with_no_taskflow.py took 1.394 seconds
[2024-12-07T17:39:35.665+0000] {processor.py:186} INFO - Started process (PID=9648) to work on /home/airflow/.local/lib/python3.12/site-packages/airflow/example_dags/example_dataset_alias_with_no_taskflow.py
[2024-12-07T17:39:35.666+0000] {processor.py:914} INFO - Processing file /home/airflow/.local/lib/python3.12/site-packages/airflow/example_dags/example_dataset_alias_with_no_taskflow.py for tasks to queue
[2024-12-07T17:39:35.671+0000] {logging_mixin.py:190} INFO - [2024-12-07T17:39:35.670+0000] {dagbag.py:588} INFO - Filling up the DagBag from /home/airflow/.local/lib/python3.12/site-packages/airflow/example_dags/example_dataset_alias_with_no_taskflow.py
[2024-12-07T17:39:36.810+0000] {processor.py:925} INFO - DAG(s) 'dataset_s3_bucket_consumer_with_no_taskflow', 'dataset_alias_example_alias_consumer_with_no_taskflow', 'dataset_s3_bucket_producer_with_no_taskflow', 'dataset_alias_example_alias_producer_with_no_taskflow' retrieved from /home/airflow/.local/lib/python3.12/site-packages/airflow/example_dags/example_dataset_alias_with_no_taskflow.py
[2024-12-07T17:39:36.839+0000] {logging_mixin.py:190} INFO - [2024-12-07T17:39:36.838+0000] {dag.py:3239} INFO - Sync 4 DAGs
[2024-12-07T17:39:36.868+0000] {logging_mixin.py:190} INFO - [2024-12-07T17:39:36.868+0000] {dag.py:4180} INFO - Setting next_dagrun for dataset_alias_example_alias_consumer_with_no_taskflow to None, run_after=None
[2024-12-07T17:39:36.872+0000] {logging_mixin.py:190} INFO - [2024-12-07T17:39:36.872+0000] {dag.py:4180} INFO - Setting next_dagrun for dataset_alias_example_alias_producer_with_no_taskflow to None, run_after=None
[2024-12-07T17:39:36.875+0000] {logging_mixin.py:190} INFO - [2024-12-07T17:39:36.875+0000] {dag.py:4180} INFO - Setting next_dagrun for dataset_s3_bucket_consumer_with_no_taskflow to None, run_after=None
[2024-12-07T17:39:36.877+0000] {logging_mixin.py:190} INFO - [2024-12-07T17:39:36.877+0000] {dag.py:4180} INFO - Setting next_dagrun for dataset_s3_bucket_producer_with_no_taskflow to None, run_after=None
[2024-12-07T17:39:36.907+0000] {processor.py:208} INFO - Processing /home/airflow/.local/lib/python3.12/site-packages/airflow/example_dags/example_dataset_alias_with_no_taskflow.py took 1.271 seconds
[2024-12-07T17:40:07.816+0000] {processor.py:186} INFO - Started process (PID=9956) to work on /home/airflow/.local/lib/python3.12/site-packages/airflow/example_dags/example_dataset_alias_with_no_taskflow.py
[2024-12-07T17:40:07.818+0000] {processor.py:914} INFO - Processing file /home/airflow/.local/lib/python3.12/site-packages/airflow/example_dags/example_dataset_alias_with_no_taskflow.py for tasks to queue
[2024-12-07T17:40:07.826+0000] {logging_mixin.py:190} INFO - [2024-12-07T17:40:07.824+0000] {dagbag.py:588} INFO - Filling up the DagBag from /home/airflow/.local/lib/python3.12/site-packages/airflow/example_dags/example_dataset_alias_with_no_taskflow.py
[2024-12-07T17:40:08.801+0000] {processor.py:925} INFO - DAG(s) 'dataset_s3_bucket_producer_with_no_taskflow', 'dataset_alias_example_alias_producer_with_no_taskflow', 'dataset_s3_bucket_consumer_with_no_taskflow', 'dataset_alias_example_alias_consumer_with_no_taskflow' retrieved from /home/airflow/.local/lib/python3.12/site-packages/airflow/example_dags/example_dataset_alias_with_no_taskflow.py
[2024-12-07T17:40:08.832+0000] {logging_mixin.py:190} INFO - [2024-12-07T17:40:08.831+0000] {dag.py:3239} INFO - Sync 4 DAGs
[2024-12-07T17:40:08.866+0000] {logging_mixin.py:190} INFO - [2024-12-07T17:40:08.866+0000] {dag.py:4180} INFO - Setting next_dagrun for dataset_alias_example_alias_consumer_with_no_taskflow to None, run_after=None
[2024-12-07T17:40:08.871+0000] {logging_mixin.py:190} INFO - [2024-12-07T17:40:08.870+0000] {dag.py:4180} INFO - Setting next_dagrun for dataset_alias_example_alias_producer_with_no_taskflow to None, run_after=None
[2024-12-07T17:40:08.873+0000] {logging_mixin.py:190} INFO - [2024-12-07T17:40:08.873+0000] {dag.py:4180} INFO - Setting next_dagrun for dataset_s3_bucket_consumer_with_no_taskflow to None, run_after=None
[2024-12-07T17:40:08.876+0000] {logging_mixin.py:190} INFO - [2024-12-07T17:40:08.875+0000] {dag.py:4180} INFO - Setting next_dagrun for dataset_s3_bucket_producer_with_no_taskflow to None, run_after=None
[2024-12-07T17:40:08.916+0000] {processor.py:208} INFO - Processing /home/airflow/.local/lib/python3.12/site-packages/airflow/example_dags/example_dataset_alias_with_no_taskflow.py took 1.117 seconds
[2024-12-07T17:40:39.794+0000] {processor.py:186} INFO - Started process (PID=10230) to work on /home/airflow/.local/lib/python3.12/site-packages/airflow/example_dags/example_dataset_alias_with_no_taskflow.py
[2024-12-07T17:40:39.796+0000] {processor.py:914} INFO - Processing file /home/airflow/.local/lib/python3.12/site-packages/airflow/example_dags/example_dataset_alias_with_no_taskflow.py for tasks to queue
[2024-12-07T17:40:39.800+0000] {logging_mixin.py:190} INFO - [2024-12-07T17:40:39.800+0000] {dagbag.py:588} INFO - Filling up the DagBag from /home/airflow/.local/lib/python3.12/site-packages/airflow/example_dags/example_dataset_alias_with_no_taskflow.py
[2024-12-07T17:40:42.145+0000] {processor.py:925} INFO - DAG(s) 'dataset_s3_bucket_producer_with_no_taskflow', 'dataset_s3_bucket_consumer_with_no_taskflow', 'dataset_alias_example_alias_consumer_with_no_taskflow', 'dataset_alias_example_alias_producer_with_no_taskflow' retrieved from /home/airflow/.local/lib/python3.12/site-packages/airflow/example_dags/example_dataset_alias_with_no_taskflow.py
[2024-12-07T17:40:42.240+0000] {logging_mixin.py:190} INFO - [2024-12-07T17:40:42.238+0000] {dag.py:3239} INFO - Sync 4 DAGs
[2024-12-07T17:40:42.308+0000] {logging_mixin.py:190} INFO - [2024-12-07T17:40:42.307+0000] {dag.py:4180} INFO - Setting next_dagrun for dataset_alias_example_alias_consumer_with_no_taskflow to None, run_after=None
[2024-12-07T17:40:42.314+0000] {logging_mixin.py:190} INFO - [2024-12-07T17:40:42.314+0000] {dag.py:4180} INFO - Setting next_dagrun for dataset_alias_example_alias_producer_with_no_taskflow to None, run_after=None
[2024-12-07T17:40:42.318+0000] {logging_mixin.py:190} INFO - [2024-12-07T17:40:42.318+0000] {dag.py:4180} INFO - Setting next_dagrun for dataset_s3_bucket_consumer_with_no_taskflow to None, run_after=None
[2024-12-07T17:40:42.323+0000] {logging_mixin.py:190} INFO - [2024-12-07T17:40:42.322+0000] {dag.py:4180} INFO - Setting next_dagrun for dataset_s3_bucket_producer_with_no_taskflow to None, run_after=None
[2024-12-07T17:40:42.421+0000] {processor.py:208} INFO - Processing /home/airflow/.local/lib/python3.12/site-packages/airflow/example_dags/example_dataset_alias_with_no_taskflow.py took 2.642 seconds
[2024-12-07T17:41:13.906+0000] {processor.py:186} INFO - Started process (PID=10571) to work on /home/airflow/.local/lib/python3.12/site-packages/airflow/example_dags/example_dataset_alias_with_no_taskflow.py
[2024-12-07T17:41:13.907+0000] {processor.py:914} INFO - Processing file /home/airflow/.local/lib/python3.12/site-packages/airflow/example_dags/example_dataset_alias_with_no_taskflow.py for tasks to queue
[2024-12-07T17:41:13.911+0000] {logging_mixin.py:190} INFO - [2024-12-07T17:41:13.910+0000] {dagbag.py:588} INFO - Filling up the DagBag from /home/airflow/.local/lib/python3.12/site-packages/airflow/example_dags/example_dataset_alias_with_no_taskflow.py
[2024-12-07T17:41:14.682+0000] {processor.py:925} INFO - DAG(s) 'dataset_s3_bucket_consumer_with_no_taskflow', 'dataset_alias_example_alias_producer_with_no_taskflow', 'dataset_alias_example_alias_consumer_with_no_taskflow', 'dataset_s3_bucket_producer_with_no_taskflow' retrieved from /home/airflow/.local/lib/python3.12/site-packages/airflow/example_dags/example_dataset_alias_with_no_taskflow.py
[2024-12-07T17:41:14.711+0000] {logging_mixin.py:190} INFO - [2024-12-07T17:41:14.711+0000] {dag.py:3239} INFO - Sync 4 DAGs
[2024-12-07T17:41:14.744+0000] {logging_mixin.py:190} INFO - [2024-12-07T17:41:14.744+0000] {dag.py:4180} INFO - Setting next_dagrun for dataset_alias_example_alias_consumer_with_no_taskflow to None, run_after=None
[2024-12-07T17:41:14.749+0000] {logging_mixin.py:190} INFO - [2024-12-07T17:41:14.748+0000] {dag.py:4180} INFO - Setting next_dagrun for dataset_alias_example_alias_producer_with_no_taskflow to None, run_after=None
[2024-12-07T17:41:14.751+0000] {logging_mixin.py:190} INFO - [2024-12-07T17:41:14.751+0000] {dag.py:4180} INFO - Setting next_dagrun for dataset_s3_bucket_consumer_with_no_taskflow to None, run_after=None
[2024-12-07T17:41:14.754+0000] {logging_mixin.py:190} INFO - [2024-12-07T17:41:14.754+0000] {dag.py:4180} INFO - Setting next_dagrun for dataset_s3_bucket_producer_with_no_taskflow to None, run_after=None
[2024-12-07T17:41:14.792+0000] {processor.py:208} INFO - Processing /home/airflow/.local/lib/python3.12/site-packages/airflow/example_dags/example_dataset_alias_with_no_taskflow.py took 0.894 seconds
[2024-12-07T17:41:45.640+0000] {processor.py:186} INFO - Started process (PID=10868) to work on /home/airflow/.local/lib/python3.12/site-packages/airflow/example_dags/example_dataset_alias_with_no_taskflow.py
[2024-12-07T17:41:45.648+0000] {processor.py:914} INFO - Processing file /home/airflow/.local/lib/python3.12/site-packages/airflow/example_dags/example_dataset_alias_with_no_taskflow.py for tasks to queue
[2024-12-07T17:41:45.653+0000] {logging_mixin.py:190} INFO - [2024-12-07T17:41:45.652+0000] {dagbag.py:588} INFO - Filling up the DagBag from /home/airflow/.local/lib/python3.12/site-packages/airflow/example_dags/example_dataset_alias_with_no_taskflow.py
[2024-12-07T17:41:46.885+0000] {processor.py:925} INFO - DAG(s) 'dataset_alias_example_alias_producer_with_no_taskflow', 'dataset_alias_example_alias_consumer_with_no_taskflow', 'dataset_s3_bucket_producer_with_no_taskflow', 'dataset_s3_bucket_consumer_with_no_taskflow' retrieved from /home/airflow/.local/lib/python3.12/site-packages/airflow/example_dags/example_dataset_alias_with_no_taskflow.py
[2024-12-07T17:41:46.916+0000] {logging_mixin.py:190} INFO - [2024-12-07T17:41:46.915+0000] {dag.py:3239} INFO - Sync 4 DAGs
[2024-12-07T17:41:46.958+0000] {logging_mixin.py:190} INFO - [2024-12-07T17:41:46.957+0000] {dag.py:4180} INFO - Setting next_dagrun for dataset_alias_example_alias_consumer_with_no_taskflow to None, run_after=None
[2024-12-07T17:41:46.963+0000] {logging_mixin.py:190} INFO - [2024-12-07T17:41:46.963+0000] {dag.py:4180} INFO - Setting next_dagrun for dataset_alias_example_alias_producer_with_no_taskflow to None, run_after=None
[2024-12-07T17:41:46.967+0000] {logging_mixin.py:190} INFO - [2024-12-07T17:41:46.966+0000] {dag.py:4180} INFO - Setting next_dagrun for dataset_s3_bucket_consumer_with_no_taskflow to None, run_after=None
[2024-12-07T17:41:46.970+0000] {logging_mixin.py:190} INFO - [2024-12-07T17:41:46.970+0000] {dag.py:4180} INFO - Setting next_dagrun for dataset_s3_bucket_producer_with_no_taskflow to None, run_after=None
[2024-12-07T17:41:47.026+0000] {processor.py:208} INFO - Processing /home/airflow/.local/lib/python3.12/site-packages/airflow/example_dags/example_dataset_alias_with_no_taskflow.py took 1.397 seconds
[2024-12-07T17:42:17.702+0000] {processor.py:186} INFO - Started process (PID=11162) to work on /home/airflow/.local/lib/python3.12/site-packages/airflow/example_dags/example_dataset_alias_with_no_taskflow.py
[2024-12-07T17:42:17.704+0000] {processor.py:914} INFO - Processing file /home/airflow/.local/lib/python3.12/site-packages/airflow/example_dags/example_dataset_alias_with_no_taskflow.py for tasks to queue
[2024-12-07T17:42:17.707+0000] {logging_mixin.py:190} INFO - [2024-12-07T17:42:17.706+0000] {dagbag.py:588} INFO - Filling up the DagBag from /home/airflow/.local/lib/python3.12/site-packages/airflow/example_dags/example_dataset_alias_with_no_taskflow.py
[2024-12-07T17:42:18.467+0000] {processor.py:925} INFO - DAG(s) 'dataset_alias_example_alias_consumer_with_no_taskflow', 'dataset_s3_bucket_consumer_with_no_taskflow', 'dataset_alias_example_alias_producer_with_no_taskflow', 'dataset_s3_bucket_producer_with_no_taskflow' retrieved from /home/airflow/.local/lib/python3.12/site-packages/airflow/example_dags/example_dataset_alias_with_no_taskflow.py
[2024-12-07T17:42:18.495+0000] {logging_mixin.py:190} INFO - [2024-12-07T17:42:18.494+0000] {dag.py:3239} INFO - Sync 4 DAGs
[2024-12-07T17:42:18.522+0000] {logging_mixin.py:190} INFO - [2024-12-07T17:42:18.522+0000] {dag.py:4180} INFO - Setting next_dagrun for dataset_alias_example_alias_consumer_with_no_taskflow to None, run_after=None
[2024-12-07T17:42:18.526+0000] {logging_mixin.py:190} INFO - [2024-12-07T17:42:18.525+0000] {dag.py:4180} INFO - Setting next_dagrun for dataset_alias_example_alias_producer_with_no_taskflow to None, run_after=None
[2024-12-07T17:42:18.528+0000] {logging_mixin.py:190} INFO - [2024-12-07T17:42:18.528+0000] {dag.py:4180} INFO - Setting next_dagrun for dataset_s3_bucket_consumer_with_no_taskflow to None, run_after=None
[2024-12-07T17:42:18.530+0000] {logging_mixin.py:190} INFO - [2024-12-07T17:42:18.530+0000] {dag.py:4180} INFO - Setting next_dagrun for dataset_s3_bucket_producer_with_no_taskflow to None, run_after=None
[2024-12-07T17:42:18.571+0000] {processor.py:208} INFO - Processing /home/airflow/.local/lib/python3.12/site-packages/airflow/example_dags/example_dataset_alias_with_no_taskflow.py took 0.876 seconds
[2024-12-07T17:42:49.064+0000] {processor.py:186} INFO - Started process (PID=11453) to work on /home/airflow/.local/lib/python3.12/site-packages/airflow/example_dags/example_dataset_alias_with_no_taskflow.py
[2024-12-07T17:42:49.066+0000] {processor.py:914} INFO - Processing file /home/airflow/.local/lib/python3.12/site-packages/airflow/example_dags/example_dataset_alias_with_no_taskflow.py for tasks to queue
[2024-12-07T17:42:49.070+0000] {logging_mixin.py:190} INFO - [2024-12-07T17:42:49.069+0000] {dagbag.py:588} INFO - Filling up the DagBag from /home/airflow/.local/lib/python3.12/site-packages/airflow/example_dags/example_dataset_alias_with_no_taskflow.py
[2024-12-07T17:42:49.836+0000] {processor.py:925} INFO - DAG(s) 'dataset_alias_example_alias_consumer_with_no_taskflow', 'dataset_s3_bucket_producer_with_no_taskflow', 'dataset_s3_bucket_consumer_with_no_taskflow', 'dataset_alias_example_alias_producer_with_no_taskflow' retrieved from /home/airflow/.local/lib/python3.12/site-packages/airflow/example_dags/example_dataset_alias_with_no_taskflow.py
[2024-12-07T17:42:49.864+0000] {logging_mixin.py:190} INFO - [2024-12-07T17:42:49.864+0000] {dag.py:3239} INFO - Sync 4 DAGs
[2024-12-07T17:42:49.893+0000] {logging_mixin.py:190} INFO - [2024-12-07T17:42:49.892+0000] {dag.py:4180} INFO - Setting next_dagrun for dataset_alias_example_alias_consumer_with_no_taskflow to None, run_after=None
[2024-12-07T17:42:49.899+0000] {logging_mixin.py:190} INFO - [2024-12-07T17:42:49.899+0000] {dag.py:4180} INFO - Setting next_dagrun for dataset_alias_example_alias_producer_with_no_taskflow to None, run_after=None
[2024-12-07T17:42:49.901+0000] {logging_mixin.py:190} INFO - [2024-12-07T17:42:49.901+0000] {dag.py:4180} INFO - Setting next_dagrun for dataset_s3_bucket_consumer_with_no_taskflow to None, run_after=None
[2024-12-07T17:42:49.904+0000] {logging_mixin.py:190} INFO - [2024-12-07T17:42:49.903+0000] {dag.py:4180} INFO - Setting next_dagrun for dataset_s3_bucket_producer_with_no_taskflow to None, run_after=None
[2024-12-07T17:42:49.945+0000] {processor.py:208} INFO - Processing /home/airflow/.local/lib/python3.12/site-packages/airflow/example_dags/example_dataset_alias_with_no_taskflow.py took 0.888 seconds
[2024-12-07T17:43:20.548+0000] {processor.py:186} INFO - Started process (PID=11750) to work on /home/airflow/.local/lib/python3.12/site-packages/airflow/example_dags/example_dataset_alias_with_no_taskflow.py
[2024-12-07T17:43:20.550+0000] {processor.py:914} INFO - Processing file /home/airflow/.local/lib/python3.12/site-packages/airflow/example_dags/example_dataset_alias_with_no_taskflow.py for tasks to queue
[2024-12-07T17:43:20.555+0000] {logging_mixin.py:190} INFO - [2024-12-07T17:43:20.554+0000] {dagbag.py:588} INFO - Filling up the DagBag from /home/airflow/.local/lib/python3.12/site-packages/airflow/example_dags/example_dataset_alias_with_no_taskflow.py
[2024-12-07T17:43:21.449+0000] {processor.py:925} INFO - DAG(s) 'dataset_alias_example_alias_consumer_with_no_taskflow', 'dataset_s3_bucket_producer_with_no_taskflow', 'dataset_alias_example_alias_producer_with_no_taskflow', 'dataset_s3_bucket_consumer_with_no_taskflow' retrieved from /home/airflow/.local/lib/python3.12/site-packages/airflow/example_dags/example_dataset_alias_with_no_taskflow.py
[2024-12-07T17:43:21.480+0000] {logging_mixin.py:190} INFO - [2024-12-07T17:43:21.479+0000] {dag.py:3239} INFO - Sync 4 DAGs
[2024-12-07T17:43:21.510+0000] {logging_mixin.py:190} INFO - [2024-12-07T17:43:21.510+0000] {dag.py:4180} INFO - Setting next_dagrun for dataset_alias_example_alias_consumer_with_no_taskflow to None, run_after=None
[2024-12-07T17:43:21.515+0000] {logging_mixin.py:190} INFO - [2024-12-07T17:43:21.515+0000] {dag.py:4180} INFO - Setting next_dagrun for dataset_alias_example_alias_producer_with_no_taskflow to None, run_after=None
[2024-12-07T17:43:21.518+0000] {logging_mixin.py:190} INFO - [2024-12-07T17:43:21.518+0000] {dag.py:4180} INFO - Setting next_dagrun for dataset_s3_bucket_consumer_with_no_taskflow to None, run_after=None
[2024-12-07T17:43:21.521+0000] {logging_mixin.py:190} INFO - [2024-12-07T17:43:21.521+0000] {dag.py:4180} INFO - Setting next_dagrun for dataset_s3_bucket_producer_with_no_taskflow to None, run_after=None
[2024-12-07T17:43:21.552+0000] {processor.py:208} INFO - Processing /home/airflow/.local/lib/python3.12/site-packages/airflow/example_dags/example_dataset_alias_with_no_taskflow.py took 1.012 seconds
