[2024-12-07T17:23:02.356+0000] {processor.py:186} INFO - Started process (PID=428) to work on /home/airflow/.local/lib/python3.12/site-packages/airflow/example_dags/example_trigger_target_dag.py
[2024-12-07T17:23:02.360+0000] {processor.py:914} INFO - Processing file /home/airflow/.local/lib/python3.12/site-packages/airflow/example_dags/example_trigger_target_dag.py for tasks to queue
[2024-12-07T17:23:02.371+0000] {logging_mixin.py:190} INFO - [2024-12-07T17:23:02.370+0000] {dagbag.py:588} INFO - Filling up the DagBag from /home/airflow/.local/lib/python3.12/site-packages/airflow/example_dags/example_trigger_target_dag.py
[2024-12-07T17:23:02.404+0000] {processor.py:925} INFO - DAG(s) 'example_trigger_target_dag' retrieved from /home/airflow/.local/lib/python3.12/site-packages/airflow/example_dags/example_trigger_target_dag.py
[2024-12-07T17:23:02.772+0000] {logging_mixin.py:190} INFO - [2024-12-07T17:23:02.771+0000] {override.py:1911} INFO - Created Permission View: can delete on DAG:example_trigger_target_dag
[2024-12-07T17:23:02.798+0000] {logging_mixin.py:190} INFO - [2024-12-07T17:23:02.798+0000] {override.py:1911} INFO - Created Permission View: can read on DAG:example_trigger_target_dag
[2024-12-07T17:23:02.813+0000] {logging_mixin.py:190} INFO - [2024-12-07T17:23:02.813+0000] {override.py:1911} INFO - Created Permission View: can edit on DAG:example_trigger_target_dag
[2024-12-07T17:23:02.838+0000] {logging_mixin.py:190} INFO - [2024-12-07T17:23:02.838+0000] {override.py:1911} INFO - Created Permission View: menu access on DAG Run:example_trigger_target_dag
[2024-12-07T17:23:02.859+0000] {logging_mixin.py:190} INFO - [2024-12-07T17:23:02.859+0000] {override.py:1911} INFO - Created Permission View: can delete on DAG Run:example_trigger_target_dag
[2024-12-07T17:23:02.893+0000] {logging_mixin.py:190} INFO - [2024-12-07T17:23:02.891+0000] {override.py:1911} INFO - Created Permission View: can read on DAG Run:example_trigger_target_dag
[2024-12-07T17:23:02.924+0000] {logging_mixin.py:190} INFO - [2024-12-07T17:23:02.923+0000] {override.py:1911} INFO - Created Permission View: can create on DAG Run:example_trigger_target_dag
[2024-12-07T17:23:02.928+0000] {logging_mixin.py:190} INFO - [2024-12-07T17:23:02.927+0000] {dag.py:3239} INFO - Sync 1 DAGs
[2024-12-07T17:23:03.025+0000] {logging_mixin.py:190} INFO - [2024-12-07T17:23:03.025+0000] {dag.py:3262} INFO - Creating ORM DAG for example_trigger_target_dag
[2024-12-07T17:23:03.027+0000] {logging_mixin.py:190} INFO - [2024-12-07T17:23:03.027+0000] {dag.py:4180} INFO - Setting next_dagrun for example_trigger_target_dag to None, run_after=None
[2024-12-07T17:23:03.076+0000] {processor.py:208} INFO - Processing /home/airflow/.local/lib/python3.12/site-packages/airflow/example_dags/example_trigger_target_dag.py took 0.747 seconds
[2024-12-07T17:23:35.002+0000] {processor.py:186} INFO - Started process (PID=716) to work on /home/airflow/.local/lib/python3.12/site-packages/airflow/example_dags/example_trigger_target_dag.py
[2024-12-07T17:23:35.004+0000] {processor.py:914} INFO - Processing file /home/airflow/.local/lib/python3.12/site-packages/airflow/example_dags/example_trigger_target_dag.py for tasks to queue
[2024-12-07T17:23:35.008+0000] {logging_mixin.py:190} INFO - [2024-12-07T17:23:35.007+0000] {dagbag.py:588} INFO - Filling up the DagBag from /home/airflow/.local/lib/python3.12/site-packages/airflow/example_dags/example_trigger_target_dag.py
[2024-12-07T17:23:35.021+0000] {processor.py:925} INFO - DAG(s) 'example_trigger_target_dag' retrieved from /home/airflow/.local/lib/python3.12/site-packages/airflow/example_dags/example_trigger_target_dag.py
[2024-12-07T17:23:35.127+0000] {logging_mixin.py:190} INFO - [2024-12-07T17:23:35.127+0000] {dag.py:3239} INFO - Sync 1 DAGs
[2024-12-07T17:23:35.167+0000] {logging_mixin.py:190} INFO - [2024-12-07T17:23:35.167+0000] {dag.py:4180} INFO - Setting next_dagrun for example_trigger_target_dag to None, run_after=None
[2024-12-07T17:23:35.694+0000] {processor.py:208} INFO - Processing /home/airflow/.local/lib/python3.12/site-packages/airflow/example_dags/example_trigger_target_dag.py took 0.700 seconds
[2024-12-07T17:24:10.131+0000] {processor.py:186} INFO - Started process (PID=1015) to work on /home/airflow/.local/lib/python3.12/site-packages/airflow/example_dags/example_trigger_target_dag.py
[2024-12-07T17:24:10.133+0000] {processor.py:914} INFO - Processing file /home/airflow/.local/lib/python3.12/site-packages/airflow/example_dags/example_trigger_target_dag.py for tasks to queue
[2024-12-07T17:24:10.149+0000] {logging_mixin.py:190} INFO - [2024-12-07T17:24:10.148+0000] {dagbag.py:588} INFO - Filling up the DagBag from /home/airflow/.local/lib/python3.12/site-packages/airflow/example_dags/example_trigger_target_dag.py
[2024-12-07T17:24:10.204+0000] {processor.py:925} INFO - DAG(s) 'example_trigger_target_dag' retrieved from /home/airflow/.local/lib/python3.12/site-packages/airflow/example_dags/example_trigger_target_dag.py
[2024-12-07T17:24:10.298+0000] {logging_mixin.py:190} INFO - [2024-12-07T17:24:10.297+0000] {dag.py:3239} INFO - Sync 1 DAGs
[2024-12-07T17:24:10.384+0000] {logging_mixin.py:190} INFO - [2024-12-07T17:24:10.384+0000] {dag.py:4180} INFO - Setting next_dagrun for example_trigger_target_dag to None, run_after=None
[2024-12-07T17:24:10.453+0000] {processor.py:208} INFO - Processing /home/airflow/.local/lib/python3.12/site-packages/airflow/example_dags/example_trigger_target_dag.py took 0.348 seconds
[2024-12-07T17:24:45.604+0000] {processor.py:186} INFO - Started process (PID=1301) to work on /home/airflow/.local/lib/python3.12/site-packages/airflow/example_dags/example_trigger_target_dag.py
[2024-12-07T17:24:45.624+0000] {processor.py:914} INFO - Processing file /home/airflow/.local/lib/python3.12/site-packages/airflow/example_dags/example_trigger_target_dag.py for tasks to queue
[2024-12-07T17:24:45.631+0000] {logging_mixin.py:190} INFO - [2024-12-07T17:24:45.630+0000] {dagbag.py:588} INFO - Filling up the DagBag from /home/airflow/.local/lib/python3.12/site-packages/airflow/example_dags/example_trigger_target_dag.py
[2024-12-07T17:24:45.708+0000] {processor.py:925} INFO - DAG(s) 'example_trigger_target_dag' retrieved from /home/airflow/.local/lib/python3.12/site-packages/airflow/example_dags/example_trigger_target_dag.py
[2024-12-07T17:24:45.796+0000] {logging_mixin.py:190} INFO - [2024-12-07T17:24:45.795+0000] {dag.py:3239} INFO - Sync 1 DAGs
[2024-12-07T17:24:45.919+0000] {logging_mixin.py:190} INFO - [2024-12-07T17:24:45.918+0000] {dag.py:4180} INFO - Setting next_dagrun for example_trigger_target_dag to None, run_after=None
[2024-12-07T17:24:46.041+0000] {processor.py:208} INFO - Processing /home/airflow/.local/lib/python3.12/site-packages/airflow/example_dags/example_trigger_target_dag.py took 0.485 seconds
[2024-12-07T17:25:16.957+0000] {processor.py:186} INFO - Started process (PID=1589) to work on /home/airflow/.local/lib/python3.12/site-packages/airflow/example_dags/example_trigger_target_dag.py
[2024-12-07T17:25:16.959+0000] {processor.py:914} INFO - Processing file /home/airflow/.local/lib/python3.12/site-packages/airflow/example_dags/example_trigger_target_dag.py for tasks to queue
[2024-12-07T17:25:16.963+0000] {logging_mixin.py:190} INFO - [2024-12-07T17:25:16.962+0000] {dagbag.py:588} INFO - Filling up the DagBag from /home/airflow/.local/lib/python3.12/site-packages/airflow/example_dags/example_trigger_target_dag.py
[2024-12-07T17:25:16.975+0000] {processor.py:925} INFO - DAG(s) 'example_trigger_target_dag' retrieved from /home/airflow/.local/lib/python3.12/site-packages/airflow/example_dags/example_trigger_target_dag.py
[2024-12-07T17:25:17.004+0000] {logging_mixin.py:190} INFO - [2024-12-07T17:25:17.004+0000] {dag.py:3239} INFO - Sync 1 DAGs
[2024-12-07T17:25:17.029+0000] {logging_mixin.py:190} INFO - [2024-12-07T17:25:17.028+0000] {dag.py:4180} INFO - Setting next_dagrun for example_trigger_target_dag to None, run_after=None
[2024-12-07T17:25:17.068+0000] {processor.py:208} INFO - Processing /home/airflow/.local/lib/python3.12/site-packages/airflow/example_dags/example_trigger_target_dag.py took 0.128 seconds
[2024-12-07T17:25:47.351+0000] {processor.py:186} INFO - Started process (PID=1881) to work on /home/airflow/.local/lib/python3.12/site-packages/airflow/example_dags/example_trigger_target_dag.py
[2024-12-07T17:25:47.355+0000] {processor.py:914} INFO - Processing file /home/airflow/.local/lib/python3.12/site-packages/airflow/example_dags/example_trigger_target_dag.py for tasks to queue
[2024-12-07T17:25:47.361+0000] {logging_mixin.py:190} INFO - [2024-12-07T17:25:47.360+0000] {dagbag.py:588} INFO - Filling up the DagBag from /home/airflow/.local/lib/python3.12/site-packages/airflow/example_dags/example_trigger_target_dag.py
[2024-12-07T17:25:47.383+0000] {processor.py:925} INFO - DAG(s) 'example_trigger_target_dag' retrieved from /home/airflow/.local/lib/python3.12/site-packages/airflow/example_dags/example_trigger_target_dag.py
[2024-12-07T17:25:47.420+0000] {logging_mixin.py:190} INFO - [2024-12-07T17:25:47.420+0000] {dag.py:3239} INFO - Sync 1 DAGs
[2024-12-07T17:25:47.445+0000] {logging_mixin.py:190} INFO - [2024-12-07T17:25:47.444+0000] {dag.py:4180} INFO - Setting next_dagrun for example_trigger_target_dag to None, run_after=None
[2024-12-07T17:25:47.474+0000] {processor.py:208} INFO - Processing /home/airflow/.local/lib/python3.12/site-packages/airflow/example_dags/example_trigger_target_dag.py took 0.138 seconds
[2024-12-07T17:26:17.999+0000] {processor.py:186} INFO - Started process (PID=2177) to work on /home/airflow/.local/lib/python3.12/site-packages/airflow/example_dags/example_trigger_target_dag.py
[2024-12-07T17:26:18.001+0000] {processor.py:914} INFO - Processing file /home/airflow/.local/lib/python3.12/site-packages/airflow/example_dags/example_trigger_target_dag.py for tasks to queue
[2024-12-07T17:26:18.004+0000] {logging_mixin.py:190} INFO - [2024-12-07T17:26:18.004+0000] {dagbag.py:588} INFO - Filling up the DagBag from /home/airflow/.local/lib/python3.12/site-packages/airflow/example_dags/example_trigger_target_dag.py
[2024-12-07T17:26:18.018+0000] {processor.py:925} INFO - DAG(s) 'example_trigger_target_dag' retrieved from /home/airflow/.local/lib/python3.12/site-packages/airflow/example_dags/example_trigger_target_dag.py
[2024-12-07T17:26:18.043+0000] {logging_mixin.py:190} INFO - [2024-12-07T17:26:18.042+0000] {dag.py:3239} INFO - Sync 1 DAGs
[2024-12-07T17:26:18.061+0000] {logging_mixin.py:190} INFO - [2024-12-07T17:26:18.061+0000] {dag.py:4180} INFO - Setting next_dagrun for example_trigger_target_dag to None, run_after=None
[2024-12-07T17:26:18.094+0000] {processor.py:208} INFO - Processing /home/airflow/.local/lib/python3.12/site-packages/airflow/example_dags/example_trigger_target_dag.py took 0.102 seconds
[2024-12-07T17:26:48.331+0000] {processor.py:186} INFO - Started process (PID=2468) to work on /home/airflow/.local/lib/python3.12/site-packages/airflow/example_dags/example_trigger_target_dag.py
[2024-12-07T17:26:48.332+0000] {processor.py:914} INFO - Processing file /home/airflow/.local/lib/python3.12/site-packages/airflow/example_dags/example_trigger_target_dag.py for tasks to queue
[2024-12-07T17:26:48.335+0000] {logging_mixin.py:190} INFO - [2024-12-07T17:26:48.334+0000] {dagbag.py:588} INFO - Filling up the DagBag from /home/airflow/.local/lib/python3.12/site-packages/airflow/example_dags/example_trigger_target_dag.py
[2024-12-07T17:26:48.344+0000] {processor.py:925} INFO - DAG(s) 'example_trigger_target_dag' retrieved from /home/airflow/.local/lib/python3.12/site-packages/airflow/example_dags/example_trigger_target_dag.py
[2024-12-07T17:26:48.369+0000] {logging_mixin.py:190} INFO - [2024-12-07T17:26:48.368+0000] {dag.py:3239} INFO - Sync 1 DAGs
[2024-12-07T17:26:48.386+0000] {logging_mixin.py:190} INFO - [2024-12-07T17:26:48.386+0000] {dag.py:4180} INFO - Setting next_dagrun for example_trigger_target_dag to None, run_after=None
[2024-12-07T17:26:48.413+0000] {processor.py:208} INFO - Processing /home/airflow/.local/lib/python3.12/site-packages/airflow/example_dags/example_trigger_target_dag.py took 0.089 seconds
[2024-12-07T17:27:18.507+0000] {processor.py:186} INFO - Started process (PID=2759) to work on /home/airflow/.local/lib/python3.12/site-packages/airflow/example_dags/example_trigger_target_dag.py
[2024-12-07T17:27:18.509+0000] {processor.py:914} INFO - Processing file /home/airflow/.local/lib/python3.12/site-packages/airflow/example_dags/example_trigger_target_dag.py for tasks to queue
[2024-12-07T17:27:18.511+0000] {logging_mixin.py:190} INFO - [2024-12-07T17:27:18.511+0000] {dagbag.py:588} INFO - Filling up the DagBag from /home/airflow/.local/lib/python3.12/site-packages/airflow/example_dags/example_trigger_target_dag.py
[2024-12-07T17:27:18.521+0000] {processor.py:925} INFO - DAG(s) 'example_trigger_target_dag' retrieved from /home/airflow/.local/lib/python3.12/site-packages/airflow/example_dags/example_trigger_target_dag.py
[2024-12-07T17:27:18.544+0000] {logging_mixin.py:190} INFO - [2024-12-07T17:27:18.543+0000] {dag.py:3239} INFO - Sync 1 DAGs
[2024-12-07T17:27:18.562+0000] {logging_mixin.py:190} INFO - [2024-12-07T17:27:18.562+0000] {dag.py:4180} INFO - Setting next_dagrun for example_trigger_target_dag to None, run_after=None
[2024-12-07T17:27:18.589+0000] {processor.py:208} INFO - Processing /home/airflow/.local/lib/python3.12/site-packages/airflow/example_dags/example_trigger_target_dag.py took 0.090 seconds
[2024-12-07T17:27:48.729+0000] {processor.py:186} INFO - Started process (PID=3050) to work on /home/airflow/.local/lib/python3.12/site-packages/airflow/example_dags/example_trigger_target_dag.py
[2024-12-07T17:27:48.730+0000] {processor.py:914} INFO - Processing file /home/airflow/.local/lib/python3.12/site-packages/airflow/example_dags/example_trigger_target_dag.py for tasks to queue
[2024-12-07T17:27:48.734+0000] {logging_mixin.py:190} INFO - [2024-12-07T17:27:48.733+0000] {dagbag.py:588} INFO - Filling up the DagBag from /home/airflow/.local/lib/python3.12/site-packages/airflow/example_dags/example_trigger_target_dag.py
[2024-12-07T17:27:48.747+0000] {processor.py:925} INFO - DAG(s) 'example_trigger_target_dag' retrieved from /home/airflow/.local/lib/python3.12/site-packages/airflow/example_dags/example_trigger_target_dag.py
[2024-12-07T17:27:48.773+0000] {logging_mixin.py:190} INFO - [2024-12-07T17:27:48.773+0000] {dag.py:3239} INFO - Sync 1 DAGs
[2024-12-07T17:27:48.790+0000] {logging_mixin.py:190} INFO - [2024-12-07T17:27:48.790+0000] {dag.py:4180} INFO - Setting next_dagrun for example_trigger_target_dag to None, run_after=None
[2024-12-07T17:27:48.815+0000] {processor.py:208} INFO - Processing /home/airflow/.local/lib/python3.12/site-packages/airflow/example_dags/example_trigger_target_dag.py took 0.094 seconds
[2024-12-07T17:28:22.109+0000] {processor.py:186} INFO - Started process (PID=3359) to work on /home/airflow/.local/lib/python3.12/site-packages/airflow/example_dags/example_trigger_target_dag.py
[2024-12-07T17:28:22.112+0000] {processor.py:914} INFO - Processing file /home/airflow/.local/lib/python3.12/site-packages/airflow/example_dags/example_trigger_target_dag.py for tasks to queue
[2024-12-07T17:28:22.116+0000] {logging_mixin.py:190} INFO - [2024-12-07T17:28:22.115+0000] {dagbag.py:588} INFO - Filling up the DagBag from /home/airflow/.local/lib/python3.12/site-packages/airflow/example_dags/example_trigger_target_dag.py
[2024-12-07T17:28:22.134+0000] {processor.py:925} INFO - DAG(s) 'example_trigger_target_dag' retrieved from /home/airflow/.local/lib/python3.12/site-packages/airflow/example_dags/example_trigger_target_dag.py
[2024-12-07T17:28:22.176+0000] {logging_mixin.py:190} INFO - [2024-12-07T17:28:22.176+0000] {dag.py:3239} INFO - Sync 1 DAGs
[2024-12-07T17:28:22.240+0000] {logging_mixin.py:190} INFO - [2024-12-07T17:28:22.239+0000] {dag.py:4180} INFO - Setting next_dagrun for example_trigger_target_dag to None, run_after=None
[2024-12-07T17:28:22.284+0000] {processor.py:208} INFO - Processing /home/airflow/.local/lib/python3.12/site-packages/airflow/example_dags/example_trigger_target_dag.py took 0.185 seconds
[2024-12-07T17:28:56.770+0000] {processor.py:186} INFO - Started process (PID=3657) to work on /home/airflow/.local/lib/python3.12/site-packages/airflow/example_dags/example_trigger_target_dag.py
[2024-12-07T17:28:56.771+0000] {processor.py:914} INFO - Processing file /home/airflow/.local/lib/python3.12/site-packages/airflow/example_dags/example_trigger_target_dag.py for tasks to queue
[2024-12-07T17:28:56.776+0000] {logging_mixin.py:190} INFO - [2024-12-07T17:28:56.775+0000] {dagbag.py:588} INFO - Filling up the DagBag from /home/airflow/.local/lib/python3.12/site-packages/airflow/example_dags/example_trigger_target_dag.py
[2024-12-07T17:28:56.791+0000] {processor.py:925} INFO - DAG(s) 'example_trigger_target_dag' retrieved from /home/airflow/.local/lib/python3.12/site-packages/airflow/example_dags/example_trigger_target_dag.py
[2024-12-07T17:28:56.820+0000] {logging_mixin.py:190} INFO - [2024-12-07T17:28:56.820+0000] {dag.py:3239} INFO - Sync 1 DAGs
[2024-12-07T17:28:56.843+0000] {logging_mixin.py:190} INFO - [2024-12-07T17:28:56.843+0000] {dag.py:4180} INFO - Setting next_dagrun for example_trigger_target_dag to None, run_after=None
[2024-12-07T17:28:56.875+0000] {processor.py:208} INFO - Processing /home/airflow/.local/lib/python3.12/site-packages/airflow/example_dags/example_trigger_target_dag.py took 0.125 seconds
[2024-12-07T17:29:27.236+0000] {processor.py:186} INFO - Started process (PID=3948) to work on /home/airflow/.local/lib/python3.12/site-packages/airflow/example_dags/example_trigger_target_dag.py
[2024-12-07T17:29:27.237+0000] {processor.py:914} INFO - Processing file /home/airflow/.local/lib/python3.12/site-packages/airflow/example_dags/example_trigger_target_dag.py for tasks to queue
[2024-12-07T17:29:27.242+0000] {logging_mixin.py:190} INFO - [2024-12-07T17:29:27.241+0000] {dagbag.py:588} INFO - Filling up the DagBag from /home/airflow/.local/lib/python3.12/site-packages/airflow/example_dags/example_trigger_target_dag.py
[2024-12-07T17:29:27.258+0000] {processor.py:925} INFO - DAG(s) 'example_trigger_target_dag' retrieved from /home/airflow/.local/lib/python3.12/site-packages/airflow/example_dags/example_trigger_target_dag.py
[2024-12-07T17:29:27.303+0000] {logging_mixin.py:190} INFO - [2024-12-07T17:29:27.302+0000] {dag.py:3239} INFO - Sync 1 DAGs
[2024-12-07T17:29:27.335+0000] {logging_mixin.py:190} INFO - [2024-12-07T17:29:27.335+0000] {dag.py:4180} INFO - Setting next_dagrun for example_trigger_target_dag to None, run_after=None
[2024-12-07T17:29:27.372+0000] {processor.py:208} INFO - Processing /home/airflow/.local/lib/python3.12/site-packages/airflow/example_dags/example_trigger_target_dag.py took 0.148 seconds
[2024-12-07T17:29:57.856+0000] {processor.py:186} INFO - Started process (PID=4241) to work on /home/airflow/.local/lib/python3.12/site-packages/airflow/example_dags/example_trigger_target_dag.py
[2024-12-07T17:29:57.858+0000] {processor.py:914} INFO - Processing file /home/airflow/.local/lib/python3.12/site-packages/airflow/example_dags/example_trigger_target_dag.py for tasks to queue
[2024-12-07T17:29:57.862+0000] {logging_mixin.py:190} INFO - [2024-12-07T17:29:57.862+0000] {dagbag.py:588} INFO - Filling up the DagBag from /home/airflow/.local/lib/python3.12/site-packages/airflow/example_dags/example_trigger_target_dag.py
[2024-12-07T17:29:57.882+0000] {processor.py:925} INFO - DAG(s) 'example_trigger_target_dag' retrieved from /home/airflow/.local/lib/python3.12/site-packages/airflow/example_dags/example_trigger_target_dag.py
[2024-12-07T17:29:57.923+0000] {logging_mixin.py:190} INFO - [2024-12-07T17:29:57.922+0000] {dag.py:3239} INFO - Sync 1 DAGs
[2024-12-07T17:29:57.973+0000] {logging_mixin.py:190} INFO - [2024-12-07T17:29:57.973+0000] {dag.py:4180} INFO - Setting next_dagrun for example_trigger_target_dag to None, run_after=None
[2024-12-07T17:29:58.033+0000] {processor.py:208} INFO - Processing /home/airflow/.local/lib/python3.12/site-packages/airflow/example_dags/example_trigger_target_dag.py took 0.195 seconds
[2024-12-07T17:30:28.361+0000] {processor.py:186} INFO - Started process (PID=4530) to work on /home/airflow/.local/lib/python3.12/site-packages/airflow/example_dags/example_trigger_target_dag.py
[2024-12-07T17:30:28.362+0000] {processor.py:914} INFO - Processing file /home/airflow/.local/lib/python3.12/site-packages/airflow/example_dags/example_trigger_target_dag.py for tasks to queue
[2024-12-07T17:30:28.365+0000] {logging_mixin.py:190} INFO - [2024-12-07T17:30:28.364+0000] {dagbag.py:588} INFO - Filling up the DagBag from /home/airflow/.local/lib/python3.12/site-packages/airflow/example_dags/example_trigger_target_dag.py
[2024-12-07T17:30:28.377+0000] {processor.py:925} INFO - DAG(s) 'example_trigger_target_dag' retrieved from /home/airflow/.local/lib/python3.12/site-packages/airflow/example_dags/example_trigger_target_dag.py
[2024-12-07T17:30:28.403+0000] {logging_mixin.py:190} INFO - [2024-12-07T17:30:28.403+0000] {dag.py:3239} INFO - Sync 1 DAGs
[2024-12-07T17:30:28.429+0000] {logging_mixin.py:190} INFO - [2024-12-07T17:30:28.429+0000] {dag.py:4180} INFO - Setting next_dagrun for example_trigger_target_dag to None, run_after=None
[2024-12-07T17:30:28.486+0000] {processor.py:208} INFO - Processing /home/airflow/.local/lib/python3.12/site-packages/airflow/example_dags/example_trigger_target_dag.py took 0.136 seconds
[2024-12-07T17:30:58.642+0000] {processor.py:186} INFO - Started process (PID=4817) to work on /home/airflow/.local/lib/python3.12/site-packages/airflow/example_dags/example_trigger_target_dag.py
[2024-12-07T17:30:58.644+0000] {processor.py:914} INFO - Processing file /home/airflow/.local/lib/python3.12/site-packages/airflow/example_dags/example_trigger_target_dag.py for tasks to queue
[2024-12-07T17:30:58.648+0000] {logging_mixin.py:190} INFO - [2024-12-07T17:30:58.647+0000] {dagbag.py:588} INFO - Filling up the DagBag from /home/airflow/.local/lib/python3.12/site-packages/airflow/example_dags/example_trigger_target_dag.py
[2024-12-07T17:30:58.659+0000] {processor.py:925} INFO - DAG(s) 'example_trigger_target_dag' retrieved from /home/airflow/.local/lib/python3.12/site-packages/airflow/example_dags/example_trigger_target_dag.py
[2024-12-07T17:30:58.687+0000] {logging_mixin.py:190} INFO - [2024-12-07T17:30:58.687+0000] {dag.py:3239} INFO - Sync 1 DAGs
[2024-12-07T17:30:58.710+0000] {logging_mixin.py:190} INFO - [2024-12-07T17:30:58.709+0000] {dag.py:4180} INFO - Setting next_dagrun for example_trigger_target_dag to None, run_after=None
[2024-12-07T17:30:58.740+0000] {processor.py:208} INFO - Processing /home/airflow/.local/lib/python3.12/site-packages/airflow/example_dags/example_trigger_target_dag.py took 0.109 seconds
[2024-12-07T17:31:29.580+0000] {processor.py:186} INFO - Started process (PID=5108) to work on /home/airflow/.local/lib/python3.12/site-packages/airflow/example_dags/example_trigger_target_dag.py
[2024-12-07T17:31:29.581+0000] {processor.py:914} INFO - Processing file /home/airflow/.local/lib/python3.12/site-packages/airflow/example_dags/example_trigger_target_dag.py for tasks to queue
[2024-12-07T17:31:29.585+0000] {logging_mixin.py:190} INFO - [2024-12-07T17:31:29.584+0000] {dagbag.py:588} INFO - Filling up the DagBag from /home/airflow/.local/lib/python3.12/site-packages/airflow/example_dags/example_trigger_target_dag.py
[2024-12-07T17:31:29.594+0000] {processor.py:925} INFO - DAG(s) 'example_trigger_target_dag' retrieved from /home/airflow/.local/lib/python3.12/site-packages/airflow/example_dags/example_trigger_target_dag.py
[2024-12-07T17:31:29.625+0000] {logging_mixin.py:190} INFO - [2024-12-07T17:31:29.624+0000] {dag.py:3239} INFO - Sync 1 DAGs
[2024-12-07T17:31:29.648+0000] {logging_mixin.py:190} INFO - [2024-12-07T17:31:29.647+0000] {dag.py:4180} INFO - Setting next_dagrun for example_trigger_target_dag to None, run_after=None
[2024-12-07T17:31:29.684+0000] {processor.py:208} INFO - Processing /home/airflow/.local/lib/python3.12/site-packages/airflow/example_dags/example_trigger_target_dag.py took 0.111 seconds
[2024-12-07T17:31:59.949+0000] {processor.py:186} INFO - Started process (PID=5399) to work on /home/airflow/.local/lib/python3.12/site-packages/airflow/example_dags/example_trigger_target_dag.py
[2024-12-07T17:31:59.950+0000] {processor.py:914} INFO - Processing file /home/airflow/.local/lib/python3.12/site-packages/airflow/example_dags/example_trigger_target_dag.py for tasks to queue
[2024-12-07T17:31:59.953+0000] {logging_mixin.py:190} INFO - [2024-12-07T17:31:59.953+0000] {dagbag.py:588} INFO - Filling up the DagBag from /home/airflow/.local/lib/python3.12/site-packages/airflow/example_dags/example_trigger_target_dag.py
[2024-12-07T17:31:59.967+0000] {processor.py:925} INFO - DAG(s) 'example_trigger_target_dag' retrieved from /home/airflow/.local/lib/python3.12/site-packages/airflow/example_dags/example_trigger_target_dag.py
[2024-12-07T17:31:59.992+0000] {logging_mixin.py:190} INFO - [2024-12-07T17:31:59.991+0000] {dag.py:3239} INFO - Sync 1 DAGs
[2024-12-07T17:32:00.021+0000] {logging_mixin.py:190} INFO - [2024-12-07T17:32:00.021+0000] {dag.py:4180} INFO - Setting next_dagrun for example_trigger_target_dag to None, run_after=None
[2024-12-07T17:32:00.064+0000] {processor.py:208} INFO - Processing /home/airflow/.local/lib/python3.12/site-packages/airflow/example_dags/example_trigger_target_dag.py took 0.123 seconds
[2024-12-07T17:32:30.508+0000] {processor.py:186} INFO - Started process (PID=5687) to work on /home/airflow/.local/lib/python3.12/site-packages/airflow/example_dags/example_trigger_target_dag.py
[2024-12-07T17:32:30.509+0000] {processor.py:914} INFO - Processing file /home/airflow/.local/lib/python3.12/site-packages/airflow/example_dags/example_trigger_target_dag.py for tasks to queue
[2024-12-07T17:32:30.513+0000] {logging_mixin.py:190} INFO - [2024-12-07T17:32:30.512+0000] {dagbag.py:588} INFO - Filling up the DagBag from /home/airflow/.local/lib/python3.12/site-packages/airflow/example_dags/example_trigger_target_dag.py
[2024-12-07T17:32:30.524+0000] {processor.py:925} INFO - DAG(s) 'example_trigger_target_dag' retrieved from /home/airflow/.local/lib/python3.12/site-packages/airflow/example_dags/example_trigger_target_dag.py
[2024-12-07T17:32:30.554+0000] {logging_mixin.py:190} INFO - [2024-12-07T17:32:30.553+0000] {dag.py:3239} INFO - Sync 1 DAGs
[2024-12-07T17:32:30.591+0000] {logging_mixin.py:190} INFO - [2024-12-07T17:32:30.591+0000] {dag.py:4180} INFO - Setting next_dagrun for example_trigger_target_dag to None, run_after=None
[2024-12-07T17:32:30.659+0000] {processor.py:208} INFO - Processing /home/airflow/.local/lib/python3.12/site-packages/airflow/example_dags/example_trigger_target_dag.py took 0.161 seconds
[2024-12-07T17:33:01.327+0000] {processor.py:186} INFO - Started process (PID=5977) to work on /home/airflow/.local/lib/python3.12/site-packages/airflow/example_dags/example_trigger_target_dag.py
[2024-12-07T17:33:01.328+0000] {processor.py:914} INFO - Processing file /home/airflow/.local/lib/python3.12/site-packages/airflow/example_dags/example_trigger_target_dag.py for tasks to queue
[2024-12-07T17:33:01.333+0000] {logging_mixin.py:190} INFO - [2024-12-07T17:33:01.332+0000] {dagbag.py:588} INFO - Filling up the DagBag from /home/airflow/.local/lib/python3.12/site-packages/airflow/example_dags/example_trigger_target_dag.py
[2024-12-07T17:33:01.348+0000] {processor.py:925} INFO - DAG(s) 'example_trigger_target_dag' retrieved from /home/airflow/.local/lib/python3.12/site-packages/airflow/example_dags/example_trigger_target_dag.py
[2024-12-07T17:33:01.384+0000] {logging_mixin.py:190} INFO - [2024-12-07T17:33:01.384+0000] {dag.py:3239} INFO - Sync 1 DAGs
[2024-12-07T17:33:01.409+0000] {logging_mixin.py:190} INFO - [2024-12-07T17:33:01.408+0000] {dag.py:4180} INFO - Setting next_dagrun for example_trigger_target_dag to None, run_after=None
[2024-12-07T17:33:01.456+0000] {processor.py:208} INFO - Processing /home/airflow/.local/lib/python3.12/site-packages/airflow/example_dags/example_trigger_target_dag.py took 0.143 seconds
[2024-12-07T17:33:32.616+0000] {processor.py:186} INFO - Started process (PID=6268) to work on /home/airflow/.local/lib/python3.12/site-packages/airflow/example_dags/example_trigger_target_dag.py
[2024-12-07T17:33:32.618+0000] {processor.py:914} INFO - Processing file /home/airflow/.local/lib/python3.12/site-packages/airflow/example_dags/example_trigger_target_dag.py for tasks to queue
[2024-12-07T17:33:32.623+0000] {logging_mixin.py:190} INFO - [2024-12-07T17:33:32.622+0000] {dagbag.py:588} INFO - Filling up the DagBag from /home/airflow/.local/lib/python3.12/site-packages/airflow/example_dags/example_trigger_target_dag.py
[2024-12-07T17:33:32.642+0000] {processor.py:925} INFO - DAG(s) 'example_trigger_target_dag' retrieved from /home/airflow/.local/lib/python3.12/site-packages/airflow/example_dags/example_trigger_target_dag.py
[2024-12-07T17:33:32.686+0000] {logging_mixin.py:190} INFO - [2024-12-07T17:33:32.685+0000] {dag.py:3239} INFO - Sync 1 DAGs
[2024-12-07T17:33:32.713+0000] {logging_mixin.py:190} INFO - [2024-12-07T17:33:32.712+0000] {dag.py:4180} INFO - Setting next_dagrun for example_trigger_target_dag to None, run_after=None
[2024-12-07T17:33:32.743+0000] {processor.py:208} INFO - Processing /home/airflow/.local/lib/python3.12/site-packages/airflow/example_dags/example_trigger_target_dag.py took 0.143 seconds
[2024-12-07T17:34:03.174+0000] {processor.py:186} INFO - Started process (PID=6554) to work on /home/airflow/.local/lib/python3.12/site-packages/airflow/example_dags/example_trigger_target_dag.py
[2024-12-07T17:34:03.175+0000] {processor.py:914} INFO - Processing file /home/airflow/.local/lib/python3.12/site-packages/airflow/example_dags/example_trigger_target_dag.py for tasks to queue
[2024-12-07T17:34:03.179+0000] {logging_mixin.py:190} INFO - [2024-12-07T17:34:03.178+0000] {dagbag.py:588} INFO - Filling up the DagBag from /home/airflow/.local/lib/python3.12/site-packages/airflow/example_dags/example_trigger_target_dag.py
[2024-12-07T17:34:03.192+0000] {processor.py:925} INFO - DAG(s) 'example_trigger_target_dag' retrieved from /home/airflow/.local/lib/python3.12/site-packages/airflow/example_dags/example_trigger_target_dag.py
[2024-12-07T17:34:03.218+0000] {logging_mixin.py:190} INFO - [2024-12-07T17:34:03.218+0000] {dag.py:3239} INFO - Sync 1 DAGs
[2024-12-07T17:34:03.242+0000] {logging_mixin.py:190} INFO - [2024-12-07T17:34:03.242+0000] {dag.py:4180} INFO - Setting next_dagrun for example_trigger_target_dag to None, run_after=None
[2024-12-07T17:34:03.270+0000] {processor.py:208} INFO - Processing /home/airflow/.local/lib/python3.12/site-packages/airflow/example_dags/example_trigger_target_dag.py took 0.106 seconds
[2024-12-07T17:34:33.650+0000] {processor.py:186} INFO - Started process (PID=6845) to work on /home/airflow/.local/lib/python3.12/site-packages/airflow/example_dags/example_trigger_target_dag.py
[2024-12-07T17:34:33.652+0000] {processor.py:914} INFO - Processing file /home/airflow/.local/lib/python3.12/site-packages/airflow/example_dags/example_trigger_target_dag.py for tasks to queue
[2024-12-07T17:34:33.656+0000] {logging_mixin.py:190} INFO - [2024-12-07T17:34:33.655+0000] {dagbag.py:588} INFO - Filling up the DagBag from /home/airflow/.local/lib/python3.12/site-packages/airflow/example_dags/example_trigger_target_dag.py
[2024-12-07T17:34:33.669+0000] {processor.py:925} INFO - DAG(s) 'example_trigger_target_dag' retrieved from /home/airflow/.local/lib/python3.12/site-packages/airflow/example_dags/example_trigger_target_dag.py
[2024-12-07T17:34:33.699+0000] {logging_mixin.py:190} INFO - [2024-12-07T17:34:33.698+0000] {dag.py:3239} INFO - Sync 1 DAGs
[2024-12-07T17:34:33.725+0000] {logging_mixin.py:190} INFO - [2024-12-07T17:34:33.725+0000] {dag.py:4180} INFO - Setting next_dagrun for example_trigger_target_dag to None, run_after=None
[2024-12-07T17:34:33.753+0000] {processor.py:208} INFO - Processing /home/airflow/.local/lib/python3.12/site-packages/airflow/example_dags/example_trigger_target_dag.py took 0.112 seconds
[2024-12-07T17:35:04.767+0000] {processor.py:186} INFO - Started process (PID=7136) to work on /home/airflow/.local/lib/python3.12/site-packages/airflow/example_dags/example_trigger_target_dag.py
[2024-12-07T17:35:04.768+0000] {processor.py:914} INFO - Processing file /home/airflow/.local/lib/python3.12/site-packages/airflow/example_dags/example_trigger_target_dag.py for tasks to queue
[2024-12-07T17:35:04.772+0000] {logging_mixin.py:190} INFO - [2024-12-07T17:35:04.772+0000] {dagbag.py:588} INFO - Filling up the DagBag from /home/airflow/.local/lib/python3.12/site-packages/airflow/example_dags/example_trigger_target_dag.py
[2024-12-07T17:35:04.785+0000] {processor.py:925} INFO - DAG(s) 'example_trigger_target_dag' retrieved from /home/airflow/.local/lib/python3.12/site-packages/airflow/example_dags/example_trigger_target_dag.py
[2024-12-07T17:35:04.813+0000] {logging_mixin.py:190} INFO - [2024-12-07T17:35:04.812+0000] {dag.py:3239} INFO - Sync 1 DAGs
[2024-12-07T17:35:04.833+0000] {logging_mixin.py:190} INFO - [2024-12-07T17:35:04.833+0000] {dag.py:4180} INFO - Setting next_dagrun for example_trigger_target_dag to None, run_after=None
[2024-12-07T17:35:04.859+0000] {processor.py:208} INFO - Processing /home/airflow/.local/lib/python3.12/site-packages/airflow/example_dags/example_trigger_target_dag.py took 0.105 seconds
[2024-12-07T17:35:35.623+0000] {processor.py:186} INFO - Started process (PID=7422) to work on /home/airflow/.local/lib/python3.12/site-packages/airflow/example_dags/example_trigger_target_dag.py
[2024-12-07T17:35:35.624+0000] {processor.py:914} INFO - Processing file /home/airflow/.local/lib/python3.12/site-packages/airflow/example_dags/example_trigger_target_dag.py for tasks to queue
[2024-12-07T17:35:35.628+0000] {logging_mixin.py:190} INFO - [2024-12-07T17:35:35.627+0000] {dagbag.py:588} INFO - Filling up the DagBag from /home/airflow/.local/lib/python3.12/site-packages/airflow/example_dags/example_trigger_target_dag.py
[2024-12-07T17:35:35.642+0000] {processor.py:925} INFO - DAG(s) 'example_trigger_target_dag' retrieved from /home/airflow/.local/lib/python3.12/site-packages/airflow/example_dags/example_trigger_target_dag.py
[2024-12-07T17:35:35.669+0000] {logging_mixin.py:190} INFO - [2024-12-07T17:35:35.668+0000] {dag.py:3239} INFO - Sync 1 DAGs
[2024-12-07T17:35:35.690+0000] {logging_mixin.py:190} INFO - [2024-12-07T17:35:35.689+0000] {dag.py:4180} INFO - Setting next_dagrun for example_trigger_target_dag to None, run_after=None
[2024-12-07T17:35:35.719+0000] {processor.py:208} INFO - Processing /home/airflow/.local/lib/python3.12/site-packages/airflow/example_dags/example_trigger_target_dag.py took 0.107 seconds
[2024-12-07T17:36:06.420+0000] {processor.py:186} INFO - Started process (PID=7713) to work on /home/airflow/.local/lib/python3.12/site-packages/airflow/example_dags/example_trigger_target_dag.py
[2024-12-07T17:36:06.422+0000] {processor.py:914} INFO - Processing file /home/airflow/.local/lib/python3.12/site-packages/airflow/example_dags/example_trigger_target_dag.py for tasks to queue
[2024-12-07T17:36:06.426+0000] {logging_mixin.py:190} INFO - [2024-12-07T17:36:06.425+0000] {dagbag.py:588} INFO - Filling up the DagBag from /home/airflow/.local/lib/python3.12/site-packages/airflow/example_dags/example_trigger_target_dag.py
[2024-12-07T17:36:06.445+0000] {processor.py:925} INFO - DAG(s) 'example_trigger_target_dag' retrieved from /home/airflow/.local/lib/python3.12/site-packages/airflow/example_dags/example_trigger_target_dag.py
[2024-12-07T17:36:06.486+0000] {logging_mixin.py:190} INFO - [2024-12-07T17:36:06.486+0000] {dag.py:3239} INFO - Sync 1 DAGs
[2024-12-07T17:36:06.519+0000] {logging_mixin.py:190} INFO - [2024-12-07T17:36:06.519+0000] {dag.py:4180} INFO - Setting next_dagrun for example_trigger_target_dag to None, run_after=None
[2024-12-07T17:36:06.544+0000] {processor.py:208} INFO - Processing /home/airflow/.local/lib/python3.12/site-packages/airflow/example_dags/example_trigger_target_dag.py took 0.141 seconds
[2024-12-07T17:36:42.508+0000] {processor.py:186} INFO - Started process (PID=8010) to work on /home/airflow/.local/lib/python3.12/site-packages/airflow/example_dags/example_trigger_target_dag.py
[2024-12-07T17:36:42.521+0000] {processor.py:914} INFO - Processing file /home/airflow/.local/lib/python3.12/site-packages/airflow/example_dags/example_trigger_target_dag.py for tasks to queue
[2024-12-07T17:36:42.527+0000] {logging_mixin.py:190} INFO - [2024-12-07T17:36:42.526+0000] {dagbag.py:588} INFO - Filling up the DagBag from /home/airflow/.local/lib/python3.12/site-packages/airflow/example_dags/example_trigger_target_dag.py
[2024-12-07T17:36:42.577+0000] {processor.py:925} INFO - DAG(s) 'example_trigger_target_dag' retrieved from /home/airflow/.local/lib/python3.12/site-packages/airflow/example_dags/example_trigger_target_dag.py
[2024-12-07T17:36:42.730+0000] {logging_mixin.py:190} INFO - [2024-12-07T17:36:42.730+0000] {dag.py:3239} INFO - Sync 1 DAGs
[2024-12-07T17:36:42.826+0000] {logging_mixin.py:190} INFO - [2024-12-07T17:36:42.825+0000] {dag.py:4180} INFO - Setting next_dagrun for example_trigger_target_dag to None, run_after=None
[2024-12-07T17:36:42.962+0000] {processor.py:208} INFO - Processing /home/airflow/.local/lib/python3.12/site-packages/airflow/example_dags/example_trigger_target_dag.py took 0.478 seconds
[2024-12-07T17:37:13.431+0000] {processor.py:186} INFO - Started process (PID=8297) to work on /home/airflow/.local/lib/python3.12/site-packages/airflow/example_dags/example_trigger_target_dag.py
[2024-12-07T17:37:13.437+0000] {processor.py:914} INFO - Processing file /home/airflow/.local/lib/python3.12/site-packages/airflow/example_dags/example_trigger_target_dag.py for tasks to queue
[2024-12-07T17:37:13.449+0000] {logging_mixin.py:190} INFO - [2024-12-07T17:37:13.448+0000] {dagbag.py:588} INFO - Filling up the DagBag from /home/airflow/.local/lib/python3.12/site-packages/airflow/example_dags/example_trigger_target_dag.py
[2024-12-07T17:37:13.473+0000] {processor.py:925} INFO - DAG(s) 'example_trigger_target_dag' retrieved from /home/airflow/.local/lib/python3.12/site-packages/airflow/example_dags/example_trigger_target_dag.py
[2024-12-07T17:37:13.514+0000] {logging_mixin.py:190} INFO - [2024-12-07T17:37:13.514+0000] {dag.py:3239} INFO - Sync 1 DAGs
[2024-12-07T17:37:13.556+0000] {logging_mixin.py:190} INFO - [2024-12-07T17:37:13.555+0000] {dag.py:4180} INFO - Setting next_dagrun for example_trigger_target_dag to None, run_after=None
[2024-12-07T17:37:13.692+0000] {processor.py:208} INFO - Processing /home/airflow/.local/lib/python3.12/site-packages/airflow/example_dags/example_trigger_target_dag.py took 0.280 seconds
[2024-12-07T17:37:43.830+0000] {processor.py:186} INFO - Started process (PID=8590) to work on /home/airflow/.local/lib/python3.12/site-packages/airflow/example_dags/example_trigger_target_dag.py
[2024-12-07T17:37:43.832+0000] {processor.py:914} INFO - Processing file /home/airflow/.local/lib/python3.12/site-packages/airflow/example_dags/example_trigger_target_dag.py for tasks to queue
[2024-12-07T17:37:43.834+0000] {logging_mixin.py:190} INFO - [2024-12-07T17:37:43.834+0000] {dagbag.py:588} INFO - Filling up the DagBag from /home/airflow/.local/lib/python3.12/site-packages/airflow/example_dags/example_trigger_target_dag.py
[2024-12-07T17:37:43.848+0000] {processor.py:925} INFO - DAG(s) 'example_trigger_target_dag' retrieved from /home/airflow/.local/lib/python3.12/site-packages/airflow/example_dags/example_trigger_target_dag.py
[2024-12-07T17:37:43.875+0000] {logging_mixin.py:190} INFO - [2024-12-07T17:37:43.875+0000] {dag.py:3239} INFO - Sync 1 DAGs
[2024-12-07T17:37:43.894+0000] {logging_mixin.py:190} INFO - [2024-12-07T17:37:43.894+0000] {dag.py:4180} INFO - Setting next_dagrun for example_trigger_target_dag to None, run_after=None
[2024-12-07T17:37:43.918+0000] {processor.py:208} INFO - Processing /home/airflow/.local/lib/python3.12/site-packages/airflow/example_dags/example_trigger_target_dag.py took 0.096 seconds
[2024-12-07T17:38:14.892+0000] {processor.py:186} INFO - Started process (PID=8881) to work on /home/airflow/.local/lib/python3.12/site-packages/airflow/example_dags/example_trigger_target_dag.py
[2024-12-07T17:38:14.897+0000] {processor.py:914} INFO - Processing file /home/airflow/.local/lib/python3.12/site-packages/airflow/example_dags/example_trigger_target_dag.py for tasks to queue
[2024-12-07T17:38:14.908+0000] {logging_mixin.py:190} INFO - [2024-12-07T17:38:14.906+0000] {dagbag.py:588} INFO - Filling up the DagBag from /home/airflow/.local/lib/python3.12/site-packages/airflow/example_dags/example_trigger_target_dag.py
[2024-12-07T17:38:14.938+0000] {processor.py:925} INFO - DAG(s) 'example_trigger_target_dag' retrieved from /home/airflow/.local/lib/python3.12/site-packages/airflow/example_dags/example_trigger_target_dag.py
[2024-12-07T17:38:15.051+0000] {logging_mixin.py:190} INFO - [2024-12-07T17:38:15.051+0000] {dag.py:3239} INFO - Sync 1 DAGs
[2024-12-07T17:38:15.134+0000] {logging_mixin.py:190} INFO - [2024-12-07T17:38:15.134+0000] {dag.py:4180} INFO - Setting next_dagrun for example_trigger_target_dag to None, run_after=None
[2024-12-07T17:38:15.249+0000] {processor.py:208} INFO - Processing /home/airflow/.local/lib/python3.12/site-packages/airflow/example_dags/example_trigger_target_dag.py took 0.380 seconds
[2024-12-07T17:38:45.964+0000] {processor.py:186} INFO - Started process (PID=9170) to work on /home/airflow/.local/lib/python3.12/site-packages/airflow/example_dags/example_trigger_target_dag.py
[2024-12-07T17:38:45.969+0000] {processor.py:914} INFO - Processing file /home/airflow/.local/lib/python3.12/site-packages/airflow/example_dags/example_trigger_target_dag.py for tasks to queue
[2024-12-07T17:38:45.972+0000] {logging_mixin.py:190} INFO - [2024-12-07T17:38:45.972+0000] {dagbag.py:588} INFO - Filling up the DagBag from /home/airflow/.local/lib/python3.12/site-packages/airflow/example_dags/example_trigger_target_dag.py
[2024-12-07T17:38:45.993+0000] {processor.py:925} INFO - DAG(s) 'example_trigger_target_dag' retrieved from /home/airflow/.local/lib/python3.12/site-packages/airflow/example_dags/example_trigger_target_dag.py
[2024-12-07T17:38:46.041+0000] {logging_mixin.py:190} INFO - [2024-12-07T17:38:46.040+0000] {dag.py:3239} INFO - Sync 1 DAGs
[2024-12-07T17:38:46.085+0000] {logging_mixin.py:190} INFO - [2024-12-07T17:38:46.084+0000] {dag.py:4180} INFO - Setting next_dagrun for example_trigger_target_dag to None, run_after=None
[2024-12-07T17:38:46.146+0000] {processor.py:208} INFO - Processing /home/airflow/.local/lib/python3.12/site-packages/airflow/example_dags/example_trigger_target_dag.py took 0.190 seconds
[2024-12-07T17:39:16.842+0000] {processor.py:186} INFO - Started process (PID=9461) to work on /home/airflow/.local/lib/python3.12/site-packages/airflow/example_dags/example_trigger_target_dag.py
[2024-12-07T17:39:16.844+0000] {processor.py:914} INFO - Processing file /home/airflow/.local/lib/python3.12/site-packages/airflow/example_dags/example_trigger_target_dag.py for tasks to queue
[2024-12-07T17:39:16.848+0000] {logging_mixin.py:190} INFO - [2024-12-07T17:39:16.848+0000] {dagbag.py:588} INFO - Filling up the DagBag from /home/airflow/.local/lib/python3.12/site-packages/airflow/example_dags/example_trigger_target_dag.py
[2024-12-07T17:39:16.862+0000] {processor.py:925} INFO - DAG(s) 'example_trigger_target_dag' retrieved from /home/airflow/.local/lib/python3.12/site-packages/airflow/example_dags/example_trigger_target_dag.py
[2024-12-07T17:39:16.898+0000] {logging_mixin.py:190} INFO - [2024-12-07T17:39:16.897+0000] {dag.py:3239} INFO - Sync 1 DAGs
[2024-12-07T17:39:16.928+0000] {logging_mixin.py:190} INFO - [2024-12-07T17:39:16.927+0000] {dag.py:4180} INFO - Setting next_dagrun for example_trigger_target_dag to None, run_after=None
[2024-12-07T17:39:16.969+0000] {processor.py:208} INFO - Processing /home/airflow/.local/lib/python3.12/site-packages/airflow/example_dags/example_trigger_target_dag.py took 0.138 seconds
[2024-12-07T17:39:47.147+0000] {processor.py:186} INFO - Started process (PID=9748) to work on /home/airflow/.local/lib/python3.12/site-packages/airflow/example_dags/example_trigger_target_dag.py
[2024-12-07T17:39:47.149+0000] {processor.py:914} INFO - Processing file /home/airflow/.local/lib/python3.12/site-packages/airflow/example_dags/example_trigger_target_dag.py for tasks to queue
[2024-12-07T17:39:47.157+0000] {logging_mixin.py:190} INFO - [2024-12-07T17:39:47.157+0000] {dagbag.py:588} INFO - Filling up the DagBag from /home/airflow/.local/lib/python3.12/site-packages/airflow/example_dags/example_trigger_target_dag.py
[2024-12-07T17:39:47.175+0000] {processor.py:925} INFO - DAG(s) 'example_trigger_target_dag' retrieved from /home/airflow/.local/lib/python3.12/site-packages/airflow/example_dags/example_trigger_target_dag.py
[2024-12-07T17:39:47.223+0000] {logging_mixin.py:190} INFO - [2024-12-07T17:39:47.222+0000] {dag.py:3239} INFO - Sync 1 DAGs
[2024-12-07T17:39:47.302+0000] {logging_mixin.py:190} INFO - [2024-12-07T17:39:47.302+0000] {dag.py:4180} INFO - Setting next_dagrun for example_trigger_target_dag to None, run_after=None
[2024-12-07T17:39:47.377+0000] {processor.py:208} INFO - Processing /home/airflow/.local/lib/python3.12/site-packages/airflow/example_dags/example_trigger_target_dag.py took 0.246 seconds
[2024-12-07T17:40:17.620+0000] {processor.py:186} INFO - Started process (PID=10039) to work on /home/airflow/.local/lib/python3.12/site-packages/airflow/example_dags/example_trigger_target_dag.py
[2024-12-07T17:40:17.622+0000] {processor.py:914} INFO - Processing file /home/airflow/.local/lib/python3.12/site-packages/airflow/example_dags/example_trigger_target_dag.py for tasks to queue
[2024-12-07T17:40:17.626+0000] {logging_mixin.py:190} INFO - [2024-12-07T17:40:17.625+0000] {dagbag.py:588} INFO - Filling up the DagBag from /home/airflow/.local/lib/python3.12/site-packages/airflow/example_dags/example_trigger_target_dag.py
[2024-12-07T17:40:17.639+0000] {processor.py:925} INFO - DAG(s) 'example_trigger_target_dag' retrieved from /home/airflow/.local/lib/python3.12/site-packages/airflow/example_dags/example_trigger_target_dag.py
[2024-12-07T17:40:17.678+0000] {logging_mixin.py:190} INFO - [2024-12-07T17:40:17.677+0000] {dag.py:3239} INFO - Sync 1 DAGs
[2024-12-07T17:40:17.736+0000] {logging_mixin.py:190} INFO - [2024-12-07T17:40:17.735+0000] {dag.py:4180} INFO - Setting next_dagrun for example_trigger_target_dag to None, run_after=None
[2024-12-07T17:40:17.809+0000] {processor.py:208} INFO - Processing /home/airflow/.local/lib/python3.12/site-packages/airflow/example_dags/example_trigger_target_dag.py took 0.197 seconds
[2024-12-07T17:40:48.890+0000] {processor.py:186} INFO - Started process (PID=10332) to work on /home/airflow/.local/lib/python3.12/site-packages/airflow/example_dags/example_trigger_target_dag.py
[2024-12-07T17:40:48.891+0000] {processor.py:914} INFO - Processing file /home/airflow/.local/lib/python3.12/site-packages/airflow/example_dags/example_trigger_target_dag.py for tasks to queue
[2024-12-07T17:40:48.894+0000] {logging_mixin.py:190} INFO - [2024-12-07T17:40:48.894+0000] {dagbag.py:588} INFO - Filling up the DagBag from /home/airflow/.local/lib/python3.12/site-packages/airflow/example_dags/example_trigger_target_dag.py
[2024-12-07T17:40:48.905+0000] {processor.py:925} INFO - DAG(s) 'example_trigger_target_dag' retrieved from /home/airflow/.local/lib/python3.12/site-packages/airflow/example_dags/example_trigger_target_dag.py
[2024-12-07T17:40:48.935+0000] {logging_mixin.py:190} INFO - [2024-12-07T17:40:48.934+0000] {dag.py:3239} INFO - Sync 1 DAGs
[2024-12-07T17:40:48.957+0000] {logging_mixin.py:190} INFO - [2024-12-07T17:40:48.957+0000] {dag.py:4180} INFO - Setting next_dagrun for example_trigger_target_dag to None, run_after=None
[2024-12-07T17:40:48.982+0000] {processor.py:208} INFO - Processing /home/airflow/.local/lib/python3.12/site-packages/airflow/example_dags/example_trigger_target_dag.py took 0.102 seconds
[2024-12-07T17:41:20.330+0000] {processor.py:186} INFO - Started process (PID=10621) to work on /home/airflow/.local/lib/python3.12/site-packages/airflow/example_dags/example_trigger_target_dag.py
[2024-12-07T17:41:20.333+0000] {processor.py:914} INFO - Processing file /home/airflow/.local/lib/python3.12/site-packages/airflow/example_dags/example_trigger_target_dag.py for tasks to queue
[2024-12-07T17:41:20.337+0000] {logging_mixin.py:190} INFO - [2024-12-07T17:41:20.337+0000] {dagbag.py:588} INFO - Filling up the DagBag from /home/airflow/.local/lib/python3.12/site-packages/airflow/example_dags/example_trigger_target_dag.py
[2024-12-07T17:41:20.351+0000] {processor.py:925} INFO - DAG(s) 'example_trigger_target_dag' retrieved from /home/airflow/.local/lib/python3.12/site-packages/airflow/example_dags/example_trigger_target_dag.py
[2024-12-07T17:41:20.383+0000] {logging_mixin.py:190} INFO - [2024-12-07T17:41:20.382+0000] {dag.py:3239} INFO - Sync 1 DAGs
[2024-12-07T17:41:20.406+0000] {logging_mixin.py:190} INFO - [2024-12-07T17:41:20.405+0000] {dag.py:4180} INFO - Setting next_dagrun for example_trigger_target_dag to None, run_after=None
[2024-12-07T17:41:20.450+0000] {processor.py:208} INFO - Processing /home/airflow/.local/lib/python3.12/site-packages/airflow/example_dags/example_trigger_target_dag.py took 0.132 seconds
[2024-12-07T17:41:50.670+0000] {processor.py:186} INFO - Started process (PID=10908) to work on /home/airflow/.local/lib/python3.12/site-packages/airflow/example_dags/example_trigger_target_dag.py
[2024-12-07T17:41:50.672+0000] {processor.py:914} INFO - Processing file /home/airflow/.local/lib/python3.12/site-packages/airflow/example_dags/example_trigger_target_dag.py for tasks to queue
[2024-12-07T17:41:50.675+0000] {logging_mixin.py:190} INFO - [2024-12-07T17:41:50.675+0000] {dagbag.py:588} INFO - Filling up the DagBag from /home/airflow/.local/lib/python3.12/site-packages/airflow/example_dags/example_trigger_target_dag.py
[2024-12-07T17:41:50.686+0000] {processor.py:925} INFO - DAG(s) 'example_trigger_target_dag' retrieved from /home/airflow/.local/lib/python3.12/site-packages/airflow/example_dags/example_trigger_target_dag.py
[2024-12-07T17:41:50.710+0000] {logging_mixin.py:190} INFO - [2024-12-07T17:41:50.709+0000] {dag.py:3239} INFO - Sync 1 DAGs
[2024-12-07T17:41:50.731+0000] {logging_mixin.py:190} INFO - [2024-12-07T17:41:50.730+0000] {dag.py:4180} INFO - Setting next_dagrun for example_trigger_target_dag to None, run_after=None
[2024-12-07T17:41:50.756+0000] {processor.py:208} INFO - Processing /home/airflow/.local/lib/python3.12/site-packages/airflow/example_dags/example_trigger_target_dag.py took 0.096 seconds
[2024-12-07T17:42:22.052+0000] {processor.py:186} INFO - Started process (PID=11200) to work on /home/airflow/.local/lib/python3.12/site-packages/airflow/example_dags/example_trigger_target_dag.py
[2024-12-07T17:42:22.066+0000] {processor.py:914} INFO - Processing file /home/airflow/.local/lib/python3.12/site-packages/airflow/example_dags/example_trigger_target_dag.py for tasks to queue
[2024-12-07T17:42:22.074+0000] {logging_mixin.py:190} INFO - [2024-12-07T17:42:22.073+0000] {dagbag.py:588} INFO - Filling up the DagBag from /home/airflow/.local/lib/python3.12/site-packages/airflow/example_dags/example_trigger_target_dag.py
[2024-12-07T17:42:22.136+0000] {processor.py:925} INFO - DAG(s) 'example_trigger_target_dag' retrieved from /home/airflow/.local/lib/python3.12/site-packages/airflow/example_dags/example_trigger_target_dag.py
[2024-12-07T17:42:22.297+0000] {logging_mixin.py:190} INFO - [2024-12-07T17:42:22.296+0000] {dag.py:3239} INFO - Sync 1 DAGs
[2024-12-07T17:42:22.410+0000] {logging_mixin.py:190} INFO - [2024-12-07T17:42:22.409+0000] {dag.py:4180} INFO - Setting next_dagrun for example_trigger_target_dag to None, run_after=None
[2024-12-07T17:42:22.475+0000] {processor.py:208} INFO - Processing /home/airflow/.local/lib/python3.12/site-packages/airflow/example_dags/example_trigger_target_dag.py took 0.492 seconds
[2024-12-07T17:42:52.859+0000] {processor.py:186} INFO - Started process (PID=11498) to work on /home/airflow/.local/lib/python3.12/site-packages/airflow/example_dags/example_trigger_target_dag.py
[2024-12-07T17:42:52.860+0000] {processor.py:914} INFO - Processing file /home/airflow/.local/lib/python3.12/site-packages/airflow/example_dags/example_trigger_target_dag.py for tasks to queue
[2024-12-07T17:42:52.864+0000] {logging_mixin.py:190} INFO - [2024-12-07T17:42:52.864+0000] {dagbag.py:588} INFO - Filling up the DagBag from /home/airflow/.local/lib/python3.12/site-packages/airflow/example_dags/example_trigger_target_dag.py
[2024-12-07T17:42:52.876+0000] {processor.py:925} INFO - DAG(s) 'example_trigger_target_dag' retrieved from /home/airflow/.local/lib/python3.12/site-packages/airflow/example_dags/example_trigger_target_dag.py
[2024-12-07T17:42:52.907+0000] {logging_mixin.py:190} INFO - [2024-12-07T17:42:52.906+0000] {dag.py:3239} INFO - Sync 1 DAGs
[2024-12-07T17:42:52.929+0000] {logging_mixin.py:190} INFO - [2024-12-07T17:42:52.929+0000] {dag.py:4180} INFO - Setting next_dagrun for example_trigger_target_dag to None, run_after=None
[2024-12-07T17:42:52.959+0000] {processor.py:208} INFO - Processing /home/airflow/.local/lib/python3.12/site-packages/airflow/example_dags/example_trigger_target_dag.py took 0.112 seconds
[2024-12-07T17:43:23.670+0000] {processor.py:186} INFO - Started process (PID=11789) to work on /home/airflow/.local/lib/python3.12/site-packages/airflow/example_dags/example_trigger_target_dag.py
[2024-12-07T17:43:23.672+0000] {processor.py:914} INFO - Processing file /home/airflow/.local/lib/python3.12/site-packages/airflow/example_dags/example_trigger_target_dag.py for tasks to queue
[2024-12-07T17:43:23.679+0000] {logging_mixin.py:190} INFO - [2024-12-07T17:43:23.678+0000] {dagbag.py:588} INFO - Filling up the DagBag from /home/airflow/.local/lib/python3.12/site-packages/airflow/example_dags/example_trigger_target_dag.py
[2024-12-07T17:43:23.695+0000] {processor.py:925} INFO - DAG(s) 'example_trigger_target_dag' retrieved from /home/airflow/.local/lib/python3.12/site-packages/airflow/example_dags/example_trigger_target_dag.py
[2024-12-07T17:43:23.727+0000] {logging_mixin.py:190} INFO - [2024-12-07T17:43:23.727+0000] {dag.py:3239} INFO - Sync 1 DAGs
[2024-12-07T17:43:23.757+0000] {logging_mixin.py:190} INFO - [2024-12-07T17:43:23.757+0000] {dag.py:4180} INFO - Setting next_dagrun for example_trigger_target_dag to None, run_after=None
[2024-12-07T17:43:23.791+0000] {processor.py:208} INFO - Processing /home/airflow/.local/lib/python3.12/site-packages/airflow/example_dags/example_trigger_target_dag.py took 0.133 seconds
