[2024-12-07T17:22:48.800+0000] {processor.py:186} INFO - Started process (PID=393) to work on /home/airflow/.local/lib/python3.12/site-packages/airflow/example_dags/example_branch_day_of_week_operator.py
[2024-12-07T17:22:48.802+0000] {processor.py:914} INFO - Processing file /home/airflow/.local/lib/python3.12/site-packages/airflow/example_dags/example_branch_day_of_week_operator.py for tasks to queue
[2024-12-07T17:22:48.809+0000] {logging_mixin.py:190} INFO - [2024-12-07T17:22:48.808+0000] {dagbag.py:588} INFO - Filling up the DagBag from /home/airflow/.local/lib/python3.12/site-packages/airflow/example_dags/example_branch_day_of_week_operator.py
[2024-12-07T17:22:48.842+0000] {processor.py:925} INFO - DAG(s) 'example_weekday_branch_operator' retrieved from /home/airflow/.local/lib/python3.12/site-packages/airflow/example_dags/example_branch_day_of_week_operator.py
[2024-12-07T17:22:49.247+0000] {logging_mixin.py:190} INFO - [2024-12-07T17:22:49.245+0000] {override.py:1911} INFO - Created Permission View: can delete on DAG:example_weekday_branch_operator
[2024-12-07T17:22:49.304+0000] {logging_mixin.py:190} INFO - [2024-12-07T17:22:49.303+0000] {override.py:1911} INFO - Created Permission View: can read on DAG:example_weekday_branch_operator
[2024-12-07T17:22:49.330+0000] {logging_mixin.py:190} INFO - [2024-12-07T17:22:49.330+0000] {override.py:1911} INFO - Created Permission View: can edit on DAG:example_weekday_branch_operator
[2024-12-07T17:22:49.419+0000] {logging_mixin.py:190} INFO - [2024-12-07T17:22:49.416+0000] {override.py:1911} INFO - Created Permission View: menu access on DAG Run:example_weekday_branch_operator
[2024-12-07T17:22:49.448+0000] {logging_mixin.py:190} INFO - [2024-12-07T17:22:49.448+0000] {override.py:1911} INFO - Created Permission View: can delete on DAG Run:example_weekday_branch_operator
[2024-12-07T17:22:49.474+0000] {logging_mixin.py:190} INFO - [2024-12-07T17:22:49.473+0000] {override.py:1911} INFO - Created Permission View: can read on DAG Run:example_weekday_branch_operator
[2024-12-07T17:22:49.498+0000] {logging_mixin.py:190} INFO - [2024-12-07T17:22:49.497+0000] {override.py:1911} INFO - Created Permission View: can create on DAG Run:example_weekday_branch_operator
[2024-12-07T17:22:49.500+0000] {logging_mixin.py:190} INFO - [2024-12-07T17:22:49.500+0000] {dag.py:3239} INFO - Sync 1 DAGs
[2024-12-07T17:22:49.569+0000] {logging_mixin.py:190} INFO - [2024-12-07T17:22:49.569+0000] {dag.py:3262} INFO - Creating ORM DAG for example_weekday_branch_operator
[2024-12-07T17:22:49.602+0000] {logging_mixin.py:190} INFO - [2024-12-07T17:22:49.601+0000] {dag.py:4180} INFO - Setting next_dagrun for example_weekday_branch_operator to 2024-12-06 00:00:00+00:00, run_after=2024-12-07 00:00:00+00:00
[2024-12-07T17:22:49.653+0000] {processor.py:208} INFO - Processing /home/airflow/.local/lib/python3.12/site-packages/airflow/example_dags/example_branch_day_of_week_operator.py took 0.869 seconds
[2024-12-07T17:23:19.899+0000] {processor.py:186} INFO - Started process (PID=681) to work on /home/airflow/.local/lib/python3.12/site-packages/airflow/example_dags/example_branch_day_of_week_operator.py
[2024-12-07T17:23:19.901+0000] {processor.py:914} INFO - Processing file /home/airflow/.local/lib/python3.12/site-packages/airflow/example_dags/example_branch_day_of_week_operator.py for tasks to queue
[2024-12-07T17:23:19.905+0000] {logging_mixin.py:190} INFO - [2024-12-07T17:23:19.904+0000] {dagbag.py:588} INFO - Filling up the DagBag from /home/airflow/.local/lib/python3.12/site-packages/airflow/example_dags/example_branch_day_of_week_operator.py
[2024-12-07T17:23:19.921+0000] {processor.py:925} INFO - DAG(s) 'example_weekday_branch_operator' retrieved from /home/airflow/.local/lib/python3.12/site-packages/airflow/example_dags/example_branch_day_of_week_operator.py
[2024-12-07T17:23:19.951+0000] {logging_mixin.py:190} INFO - [2024-12-07T17:23:19.951+0000] {dag.py:3239} INFO - Sync 1 DAGs
[2024-12-07T17:23:19.989+0000] {logging_mixin.py:190} INFO - [2024-12-07T17:23:19.988+0000] {dag.py:4180} INFO - Setting next_dagrun for example_weekday_branch_operator to 2024-12-06 00:00:00+00:00, run_after=2024-12-07 00:00:00+00:00
[2024-12-07T17:23:20.026+0000] {processor.py:208} INFO - Processing /home/airflow/.local/lib/python3.12/site-packages/airflow/example_dags/example_branch_day_of_week_operator.py took 0.140 seconds
[2024-12-07T17:24:04.946+0000] {processor.py:186} INFO - Started process (PID=970) to work on /home/airflow/.local/lib/python3.12/site-packages/airflow/example_dags/example_branch_day_of_week_operator.py
[2024-12-07T17:24:04.948+0000] {processor.py:914} INFO - Processing file /home/airflow/.local/lib/python3.12/site-packages/airflow/example_dags/example_branch_day_of_week_operator.py for tasks to queue
[2024-12-07T17:24:04.953+0000] {logging_mixin.py:190} INFO - [2024-12-07T17:24:04.953+0000] {dagbag.py:588} INFO - Filling up the DagBag from /home/airflow/.local/lib/python3.12/site-packages/airflow/example_dags/example_branch_day_of_week_operator.py
[2024-12-07T17:24:04.977+0000] {processor.py:925} INFO - DAG(s) 'example_weekday_branch_operator' retrieved from /home/airflow/.local/lib/python3.12/site-packages/airflow/example_dags/example_branch_day_of_week_operator.py
[2024-12-07T17:24:05.050+0000] {logging_mixin.py:190} INFO - [2024-12-07T17:24:05.050+0000] {dag.py:3239} INFO - Sync 1 DAGs
[2024-12-07T17:24:05.158+0000] {logging_mixin.py:190} INFO - [2024-12-07T17:24:05.155+0000] {dag.py:4180} INFO - Setting next_dagrun for example_weekday_branch_operator to 2024-12-06 00:00:00+00:00, run_after=2024-12-07 00:00:00+00:00
[2024-12-07T17:24:05.221+0000] {processor.py:208} INFO - Processing /home/airflow/.local/lib/python3.12/site-packages/airflow/example_dags/example_branch_day_of_week_operator.py took 0.291 seconds
[2024-12-07T17:24:38.877+0000] {processor.py:186} INFO - Started process (PID=1261) to work on /home/airflow/.local/lib/python3.12/site-packages/airflow/example_dags/example_branch_day_of_week_operator.py
[2024-12-07T17:24:38.896+0000] {processor.py:914} INFO - Processing file /home/airflow/.local/lib/python3.12/site-packages/airflow/example_dags/example_branch_day_of_week_operator.py for tasks to queue
[2024-12-07T17:24:38.901+0000] {logging_mixin.py:190} INFO - [2024-12-07T17:24:38.900+0000] {dagbag.py:588} INFO - Filling up the DagBag from /home/airflow/.local/lib/python3.12/site-packages/airflow/example_dags/example_branch_day_of_week_operator.py
[2024-12-07T17:24:38.939+0000] {processor.py:925} INFO - DAG(s) 'example_weekday_branch_operator' retrieved from /home/airflow/.local/lib/python3.12/site-packages/airflow/example_dags/example_branch_day_of_week_operator.py
[2024-12-07T17:24:39.004+0000] {logging_mixin.py:190} INFO - [2024-12-07T17:24:39.001+0000] {dag.py:3239} INFO - Sync 1 DAGs
[2024-12-07T17:24:39.073+0000] {logging_mixin.py:190} INFO - [2024-12-07T17:24:39.072+0000] {dag.py:4180} INFO - Setting next_dagrun for example_weekday_branch_operator to 2024-12-06 00:00:00+00:00, run_after=2024-12-07 00:00:00+00:00
[2024-12-07T17:24:39.126+0000] {processor.py:208} INFO - Processing /home/airflow/.local/lib/python3.12/site-packages/airflow/example_dags/example_branch_day_of_week_operator.py took 0.260 seconds
[2024-12-07T17:25:10.526+0000] {processor.py:186} INFO - Started process (PID=1552) to work on /home/airflow/.local/lib/python3.12/site-packages/airflow/example_dags/example_branch_day_of_week_operator.py
[2024-12-07T17:25:10.534+0000] {processor.py:914} INFO - Processing file /home/airflow/.local/lib/python3.12/site-packages/airflow/example_dags/example_branch_day_of_week_operator.py for tasks to queue
[2024-12-07T17:25:10.563+0000] {logging_mixin.py:190} INFO - [2024-12-07T17:25:10.560+0000] {dagbag.py:588} INFO - Filling up the DagBag from /home/airflow/.local/lib/python3.12/site-packages/airflow/example_dags/example_branch_day_of_week_operator.py
[2024-12-07T17:25:10.608+0000] {processor.py:925} INFO - DAG(s) 'example_weekday_branch_operator' retrieved from /home/airflow/.local/lib/python3.12/site-packages/airflow/example_dags/example_branch_day_of_week_operator.py
[2024-12-07T17:25:10.691+0000] {logging_mixin.py:190} INFO - [2024-12-07T17:25:10.689+0000] {dag.py:3239} INFO - Sync 1 DAGs
[2024-12-07T17:25:10.751+0000] {logging_mixin.py:190} INFO - [2024-12-07T17:25:10.750+0000] {dag.py:4180} INFO - Setting next_dagrun for example_weekday_branch_operator to 2024-12-06 00:00:00+00:00, run_after=2024-12-07 00:00:00+00:00
[2024-12-07T17:25:10.827+0000] {processor.py:208} INFO - Processing /home/airflow/.local/lib/python3.12/site-packages/airflow/example_dags/example_branch_day_of_week_operator.py took 0.317 seconds
[2024-12-07T17:25:41.256+0000] {processor.py:186} INFO - Started process (PID=1844) to work on /home/airflow/.local/lib/python3.12/site-packages/airflow/example_dags/example_branch_day_of_week_operator.py
[2024-12-07T17:25:41.258+0000] {processor.py:914} INFO - Processing file /home/airflow/.local/lib/python3.12/site-packages/airflow/example_dags/example_branch_day_of_week_operator.py for tasks to queue
[2024-12-07T17:25:41.261+0000] {logging_mixin.py:190} INFO - [2024-12-07T17:25:41.261+0000] {dagbag.py:588} INFO - Filling up the DagBag from /home/airflow/.local/lib/python3.12/site-packages/airflow/example_dags/example_branch_day_of_week_operator.py
[2024-12-07T17:25:41.278+0000] {processor.py:925} INFO - DAG(s) 'example_weekday_branch_operator' retrieved from /home/airflow/.local/lib/python3.12/site-packages/airflow/example_dags/example_branch_day_of_week_operator.py
[2024-12-07T17:25:41.318+0000] {logging_mixin.py:190} INFO - [2024-12-07T17:25:41.318+0000] {dag.py:3239} INFO - Sync 1 DAGs
[2024-12-07T17:25:41.375+0000] {logging_mixin.py:190} INFO - [2024-12-07T17:25:41.375+0000] {dag.py:4180} INFO - Setting next_dagrun for example_weekday_branch_operator to 2024-12-06 00:00:00+00:00, run_after=2024-12-07 00:00:00+00:00
[2024-12-07T17:25:41.413+0000] {processor.py:208} INFO - Processing /home/airflow/.local/lib/python3.12/site-packages/airflow/example_dags/example_branch_day_of_week_operator.py took 0.167 seconds
[2024-12-07T17:26:12.306+0000] {processor.py:186} INFO - Started process (PID=2135) to work on /home/airflow/.local/lib/python3.12/site-packages/airflow/example_dags/example_branch_day_of_week_operator.py
[2024-12-07T17:26:12.308+0000] {processor.py:914} INFO - Processing file /home/airflow/.local/lib/python3.12/site-packages/airflow/example_dags/example_branch_day_of_week_operator.py for tasks to queue
[2024-12-07T17:26:12.312+0000] {logging_mixin.py:190} INFO - [2024-12-07T17:26:12.311+0000] {dagbag.py:588} INFO - Filling up the DagBag from /home/airflow/.local/lib/python3.12/site-packages/airflow/example_dags/example_branch_day_of_week_operator.py
[2024-12-07T17:26:12.334+0000] {processor.py:925} INFO - DAG(s) 'example_weekday_branch_operator' retrieved from /home/airflow/.local/lib/python3.12/site-packages/airflow/example_dags/example_branch_day_of_week_operator.py
[2024-12-07T17:26:12.391+0000] {logging_mixin.py:190} INFO - [2024-12-07T17:26:12.390+0000] {dag.py:3239} INFO - Sync 1 DAGs
[2024-12-07T17:26:12.458+0000] {logging_mixin.py:190} INFO - [2024-12-07T17:26:12.457+0000] {dag.py:4180} INFO - Setting next_dagrun for example_weekday_branch_operator to 2024-12-06 00:00:00+00:00, run_after=2024-12-07 00:00:00+00:00
[2024-12-07T17:26:12.540+0000] {processor.py:208} INFO - Processing /home/airflow/.local/lib/python3.12/site-packages/airflow/example_dags/example_branch_day_of_week_operator.py took 0.251 seconds
[2024-12-07T17:26:42.879+0000] {processor.py:186} INFO - Started process (PID=2420) to work on /home/airflow/.local/lib/python3.12/site-packages/airflow/example_dags/example_branch_day_of_week_operator.py
[2024-12-07T17:26:42.881+0000] {processor.py:914} INFO - Processing file /home/airflow/.local/lib/python3.12/site-packages/airflow/example_dags/example_branch_day_of_week_operator.py for tasks to queue
[2024-12-07T17:26:42.885+0000] {logging_mixin.py:190} INFO - [2024-12-07T17:26:42.885+0000] {dagbag.py:588} INFO - Filling up the DagBag from /home/airflow/.local/lib/python3.12/site-packages/airflow/example_dags/example_branch_day_of_week_operator.py
[2024-12-07T17:26:42.905+0000] {processor.py:925} INFO - DAG(s) 'example_weekday_branch_operator' retrieved from /home/airflow/.local/lib/python3.12/site-packages/airflow/example_dags/example_branch_day_of_week_operator.py
[2024-12-07T17:26:42.937+0000] {logging_mixin.py:190} INFO - [2024-12-07T17:26:42.937+0000] {dag.py:3239} INFO - Sync 1 DAGs
[2024-12-07T17:26:42.971+0000] {logging_mixin.py:190} INFO - [2024-12-07T17:26:42.970+0000] {dag.py:4180} INFO - Setting next_dagrun for example_weekday_branch_operator to 2024-12-06 00:00:00+00:00, run_after=2024-12-07 00:00:00+00:00
[2024-12-07T17:26:42.997+0000] {processor.py:208} INFO - Processing /home/airflow/.local/lib/python3.12/site-packages/airflow/example_dags/example_branch_day_of_week_operator.py took 0.130 seconds
[2024-12-07T17:27:13.679+0000] {processor.py:186} INFO - Started process (PID=2711) to work on /home/airflow/.local/lib/python3.12/site-packages/airflow/example_dags/example_branch_day_of_week_operator.py
[2024-12-07T17:27:13.680+0000] {processor.py:914} INFO - Processing file /home/airflow/.local/lib/python3.12/site-packages/airflow/example_dags/example_branch_day_of_week_operator.py for tasks to queue
[2024-12-07T17:27:13.684+0000] {logging_mixin.py:190} INFO - [2024-12-07T17:27:13.684+0000] {dagbag.py:588} INFO - Filling up the DagBag from /home/airflow/.local/lib/python3.12/site-packages/airflow/example_dags/example_branch_day_of_week_operator.py
[2024-12-07T17:27:13.697+0000] {processor.py:925} INFO - DAG(s) 'example_weekday_branch_operator' retrieved from /home/airflow/.local/lib/python3.12/site-packages/airflow/example_dags/example_branch_day_of_week_operator.py
[2024-12-07T17:27:13.729+0000] {logging_mixin.py:190} INFO - [2024-12-07T17:27:13.729+0000] {dag.py:3239} INFO - Sync 1 DAGs
[2024-12-07T17:27:13.770+0000] {logging_mixin.py:190} INFO - [2024-12-07T17:27:13.770+0000] {dag.py:4180} INFO - Setting next_dagrun for example_weekday_branch_operator to 2024-12-06 00:00:00+00:00, run_after=2024-12-07 00:00:00+00:00
[2024-12-07T17:27:13.802+0000] {processor.py:208} INFO - Processing /home/airflow/.local/lib/python3.12/site-packages/airflow/example_dags/example_branch_day_of_week_operator.py took 0.131 seconds
[2024-12-07T17:27:44.038+0000] {processor.py:186} INFO - Started process (PID=3002) to work on /home/airflow/.local/lib/python3.12/site-packages/airflow/example_dags/example_branch_day_of_week_operator.py
[2024-12-07T17:27:44.040+0000] {processor.py:914} INFO - Processing file /home/airflow/.local/lib/python3.12/site-packages/airflow/example_dags/example_branch_day_of_week_operator.py for tasks to queue
[2024-12-07T17:27:44.043+0000] {logging_mixin.py:190} INFO - [2024-12-07T17:27:44.043+0000] {dagbag.py:588} INFO - Filling up the DagBag from /home/airflow/.local/lib/python3.12/site-packages/airflow/example_dags/example_branch_day_of_week_operator.py
[2024-12-07T17:27:44.060+0000] {processor.py:925} INFO - DAG(s) 'example_weekday_branch_operator' retrieved from /home/airflow/.local/lib/python3.12/site-packages/airflow/example_dags/example_branch_day_of_week_operator.py
[2024-12-07T17:27:44.090+0000] {logging_mixin.py:190} INFO - [2024-12-07T17:27:44.090+0000] {dag.py:3239} INFO - Sync 1 DAGs
[2024-12-07T17:27:44.125+0000] {logging_mixin.py:190} INFO - [2024-12-07T17:27:44.125+0000] {dag.py:4180} INFO - Setting next_dagrun for example_weekday_branch_operator to 2024-12-06 00:00:00+00:00, run_after=2024-12-07 00:00:00+00:00
[2024-12-07T17:27:44.154+0000] {processor.py:208} INFO - Processing /home/airflow/.local/lib/python3.12/site-packages/airflow/example_dags/example_branch_day_of_week_operator.py took 0.125 seconds
[2024-12-07T17:28:18.783+0000] {processor.py:186} INFO - Started process (PID=3304) to work on /home/airflow/.local/lib/python3.12/site-packages/airflow/example_dags/example_branch_day_of_week_operator.py
[2024-12-07T17:28:18.786+0000] {processor.py:914} INFO - Processing file /home/airflow/.local/lib/python3.12/site-packages/airflow/example_dags/example_branch_day_of_week_operator.py for tasks to queue
[2024-12-07T17:28:18.792+0000] {logging_mixin.py:190} INFO - [2024-12-07T17:28:18.791+0000] {dagbag.py:588} INFO - Filling up the DagBag from /home/airflow/.local/lib/python3.12/site-packages/airflow/example_dags/example_branch_day_of_week_operator.py
[2024-12-07T17:28:18.818+0000] {processor.py:925} INFO - DAG(s) 'example_weekday_branch_operator' retrieved from /home/airflow/.local/lib/python3.12/site-packages/airflow/example_dags/example_branch_day_of_week_operator.py
[2024-12-07T17:28:18.863+0000] {logging_mixin.py:190} INFO - [2024-12-07T17:28:18.863+0000] {dag.py:3239} INFO - Sync 1 DAGs
[2024-12-07T17:28:18.921+0000] {logging_mixin.py:190} INFO - [2024-12-07T17:28:18.921+0000] {dag.py:4180} INFO - Setting next_dagrun for example_weekday_branch_operator to 2024-12-06 00:00:00+00:00, run_after=2024-12-07 00:00:00+00:00
[2024-12-07T17:28:18.970+0000] {processor.py:208} INFO - Processing /home/airflow/.local/lib/python3.12/site-packages/airflow/example_dags/example_branch_day_of_week_operator.py took 0.201 seconds
[2024-12-07T17:28:53.076+0000] {processor.py:186} INFO - Started process (PID=3605) to work on /home/airflow/.local/lib/python3.12/site-packages/airflow/example_dags/example_branch_day_of_week_operator.py
[2024-12-07T17:28:53.078+0000] {processor.py:914} INFO - Processing file /home/airflow/.local/lib/python3.12/site-packages/airflow/example_dags/example_branch_day_of_week_operator.py for tasks to queue
[2024-12-07T17:28:53.090+0000] {logging_mixin.py:190} INFO - [2024-12-07T17:28:53.090+0000] {dagbag.py:588} INFO - Filling up the DagBag from /home/airflow/.local/lib/python3.12/site-packages/airflow/example_dags/example_branch_day_of_week_operator.py
[2024-12-07T17:28:53.144+0000] {processor.py:925} INFO - DAG(s) 'example_weekday_branch_operator' retrieved from /home/airflow/.local/lib/python3.12/site-packages/airflow/example_dags/example_branch_day_of_week_operator.py
[2024-12-07T17:28:53.204+0000] {logging_mixin.py:190} INFO - [2024-12-07T17:28:53.203+0000] {dag.py:3239} INFO - Sync 1 DAGs
[2024-12-07T17:28:53.274+0000] {logging_mixin.py:190} INFO - [2024-12-07T17:28:53.274+0000] {dag.py:4180} INFO - Setting next_dagrun for example_weekday_branch_operator to 2024-12-06 00:00:00+00:00, run_after=2024-12-07 00:00:00+00:00
[2024-12-07T17:28:53.379+0000] {processor.py:208} INFO - Processing /home/airflow/.local/lib/python3.12/site-packages/airflow/example_dags/example_branch_day_of_week_operator.py took 0.318 seconds
[2024-12-07T17:29:23.913+0000] {processor.py:186} INFO - Started process (PID=3895) to work on /home/airflow/.local/lib/python3.12/site-packages/airflow/example_dags/example_branch_day_of_week_operator.py
[2024-12-07T17:29:23.915+0000] {processor.py:914} INFO - Processing file /home/airflow/.local/lib/python3.12/site-packages/airflow/example_dags/example_branch_day_of_week_operator.py for tasks to queue
[2024-12-07T17:29:23.921+0000] {logging_mixin.py:190} INFO - [2024-12-07T17:29:23.921+0000] {dagbag.py:588} INFO - Filling up the DagBag from /home/airflow/.local/lib/python3.12/site-packages/airflow/example_dags/example_branch_day_of_week_operator.py
[2024-12-07T17:29:23.944+0000] {processor.py:925} INFO - DAG(s) 'example_weekday_branch_operator' retrieved from /home/airflow/.local/lib/python3.12/site-packages/airflow/example_dags/example_branch_day_of_week_operator.py
[2024-12-07T17:29:23.999+0000] {logging_mixin.py:190} INFO - [2024-12-07T17:29:23.998+0000] {dag.py:3239} INFO - Sync 1 DAGs
[2024-12-07T17:29:24.063+0000] {logging_mixin.py:190} INFO - [2024-12-07T17:29:24.062+0000] {dag.py:4180} INFO - Setting next_dagrun for example_weekday_branch_operator to 2024-12-06 00:00:00+00:00, run_after=2024-12-07 00:00:00+00:00
[2024-12-07T17:29:24.099+0000] {processor.py:208} INFO - Processing /home/airflow/.local/lib/python3.12/site-packages/airflow/example_dags/example_branch_day_of_week_operator.py took 0.204 seconds
[2024-12-07T17:29:54.416+0000] {processor.py:186} INFO - Started process (PID=4186) to work on /home/airflow/.local/lib/python3.12/site-packages/airflow/example_dags/example_branch_day_of_week_operator.py
[2024-12-07T17:29:54.417+0000] {processor.py:914} INFO - Processing file /home/airflow/.local/lib/python3.12/site-packages/airflow/example_dags/example_branch_day_of_week_operator.py for tasks to queue
[2024-12-07T17:29:54.420+0000] {logging_mixin.py:190} INFO - [2024-12-07T17:29:54.420+0000] {dagbag.py:588} INFO - Filling up the DagBag from /home/airflow/.local/lib/python3.12/site-packages/airflow/example_dags/example_branch_day_of_week_operator.py
[2024-12-07T17:29:54.435+0000] {processor.py:925} INFO - DAG(s) 'example_weekday_branch_operator' retrieved from /home/airflow/.local/lib/python3.12/site-packages/airflow/example_dags/example_branch_day_of_week_operator.py
[2024-12-07T17:29:54.468+0000] {logging_mixin.py:190} INFO - [2024-12-07T17:29:54.468+0000] {dag.py:3239} INFO - Sync 1 DAGs
[2024-12-07T17:29:54.518+0000] {logging_mixin.py:190} INFO - [2024-12-07T17:29:54.517+0000] {dag.py:4180} INFO - Setting next_dagrun for example_weekday_branch_operator to 2024-12-06 00:00:00+00:00, run_after=2024-12-07 00:00:00+00:00
[2024-12-07T17:29:54.560+0000] {processor.py:208} INFO - Processing /home/airflow/.local/lib/python3.12/site-packages/airflow/example_dags/example_branch_day_of_week_operator.py took 0.153 seconds
[2024-12-07T17:30:24.998+0000] {processor.py:186} INFO - Started process (PID=4475) to work on /home/airflow/.local/lib/python3.12/site-packages/airflow/example_dags/example_branch_day_of_week_operator.py
[2024-12-07T17:30:25.000+0000] {processor.py:914} INFO - Processing file /home/airflow/.local/lib/python3.12/site-packages/airflow/example_dags/example_branch_day_of_week_operator.py for tasks to queue
[2024-12-07T17:30:25.004+0000] {logging_mixin.py:190} INFO - [2024-12-07T17:30:25.003+0000] {dagbag.py:588} INFO - Filling up the DagBag from /home/airflow/.local/lib/python3.12/site-packages/airflow/example_dags/example_branch_day_of_week_operator.py
[2024-12-07T17:30:25.023+0000] {processor.py:925} INFO - DAG(s) 'example_weekday_branch_operator' retrieved from /home/airflow/.local/lib/python3.12/site-packages/airflow/example_dags/example_branch_day_of_week_operator.py
[2024-12-07T17:30:25.068+0000] {logging_mixin.py:190} INFO - [2024-12-07T17:30:25.068+0000] {dag.py:3239} INFO - Sync 1 DAGs
[2024-12-07T17:30:25.123+0000] {logging_mixin.py:190} INFO - [2024-12-07T17:30:25.123+0000] {dag.py:4180} INFO - Setting next_dagrun for example_weekday_branch_operator to 2024-12-06 00:00:00+00:00, run_after=2024-12-07 00:00:00+00:00
[2024-12-07T17:30:25.190+0000] {processor.py:208} INFO - Processing /home/airflow/.local/lib/python3.12/site-packages/airflow/example_dags/example_branch_day_of_week_operator.py took 0.202 seconds
[2024-12-07T17:30:55.513+0000] {processor.py:186} INFO - Started process (PID=4760) to work on /home/airflow/.local/lib/python3.12/site-packages/airflow/example_dags/example_branch_day_of_week_operator.py
[2024-12-07T17:30:55.514+0000] {processor.py:914} INFO - Processing file /home/airflow/.local/lib/python3.12/site-packages/airflow/example_dags/example_branch_day_of_week_operator.py for tasks to queue
[2024-12-07T17:30:55.519+0000] {logging_mixin.py:190} INFO - [2024-12-07T17:30:55.518+0000] {dagbag.py:588} INFO - Filling up the DagBag from /home/airflow/.local/lib/python3.12/site-packages/airflow/example_dags/example_branch_day_of_week_operator.py
[2024-12-07T17:30:55.534+0000] {processor.py:925} INFO - DAG(s) 'example_weekday_branch_operator' retrieved from /home/airflow/.local/lib/python3.12/site-packages/airflow/example_dags/example_branch_day_of_week_operator.py
[2024-12-07T17:30:55.574+0000] {logging_mixin.py:190} INFO - [2024-12-07T17:30:55.574+0000] {dag.py:3239} INFO - Sync 1 DAGs
[2024-12-07T17:30:55.614+0000] {logging_mixin.py:190} INFO - [2024-12-07T17:30:55.613+0000] {dag.py:4180} INFO - Setting next_dagrun for example_weekday_branch_operator to 2024-12-06 00:00:00+00:00, run_after=2024-12-07 00:00:00+00:00
[2024-12-07T17:30:55.641+0000] {processor.py:208} INFO - Processing /home/airflow/.local/lib/python3.12/site-packages/airflow/example_dags/example_branch_day_of_week_operator.py took 0.138 seconds
[2024-12-07T17:31:26.307+0000] {processor.py:186} INFO - Started process (PID=5051) to work on /home/airflow/.local/lib/python3.12/site-packages/airflow/example_dags/example_branch_day_of_week_operator.py
[2024-12-07T17:31:26.309+0000] {processor.py:914} INFO - Processing file /home/airflow/.local/lib/python3.12/site-packages/airflow/example_dags/example_branch_day_of_week_operator.py for tasks to queue
[2024-12-07T17:31:26.312+0000] {logging_mixin.py:190} INFO - [2024-12-07T17:31:26.311+0000] {dagbag.py:588} INFO - Filling up the DagBag from /home/airflow/.local/lib/python3.12/site-packages/airflow/example_dags/example_branch_day_of_week_operator.py
[2024-12-07T17:31:26.327+0000] {processor.py:925} INFO - DAG(s) 'example_weekday_branch_operator' retrieved from /home/airflow/.local/lib/python3.12/site-packages/airflow/example_dags/example_branch_day_of_week_operator.py
[2024-12-07T17:31:26.355+0000] {logging_mixin.py:190} INFO - [2024-12-07T17:31:26.355+0000] {dag.py:3239} INFO - Sync 1 DAGs
[2024-12-07T17:31:26.391+0000] {logging_mixin.py:190} INFO - [2024-12-07T17:31:26.391+0000] {dag.py:4180} INFO - Setting next_dagrun for example_weekday_branch_operator to 2024-12-06 00:00:00+00:00, run_after=2024-12-07 00:00:00+00:00
[2024-12-07T17:31:26.420+0000] {processor.py:208} INFO - Processing /home/airflow/.local/lib/python3.12/site-packages/airflow/example_dags/example_branch_day_of_week_operator.py took 0.120 seconds
[2024-12-07T17:31:56.594+0000] {processor.py:186} INFO - Started process (PID=5342) to work on /home/airflow/.local/lib/python3.12/site-packages/airflow/example_dags/example_branch_day_of_week_operator.py
[2024-12-07T17:31:56.596+0000] {processor.py:914} INFO - Processing file /home/airflow/.local/lib/python3.12/site-packages/airflow/example_dags/example_branch_day_of_week_operator.py for tasks to queue
[2024-12-07T17:31:56.599+0000] {logging_mixin.py:190} INFO - [2024-12-07T17:31:56.598+0000] {dagbag.py:588} INFO - Filling up the DagBag from /home/airflow/.local/lib/python3.12/site-packages/airflow/example_dags/example_branch_day_of_week_operator.py
[2024-12-07T17:31:56.612+0000] {processor.py:925} INFO - DAG(s) 'example_weekday_branch_operator' retrieved from /home/airflow/.local/lib/python3.12/site-packages/airflow/example_dags/example_branch_day_of_week_operator.py
[2024-12-07T17:31:56.639+0000] {logging_mixin.py:190} INFO - [2024-12-07T17:31:56.639+0000] {dag.py:3239} INFO - Sync 1 DAGs
[2024-12-07T17:31:56.673+0000] {logging_mixin.py:190} INFO - [2024-12-07T17:31:56.673+0000] {dag.py:4180} INFO - Setting next_dagrun for example_weekday_branch_operator to 2024-12-06 00:00:00+00:00, run_after=2024-12-07 00:00:00+00:00
[2024-12-07T17:31:56.700+0000] {processor.py:208} INFO - Processing /home/airflow/.local/lib/python3.12/site-packages/airflow/example_dags/example_branch_day_of_week_operator.py took 0.116 seconds
[2024-12-07T17:32:26.932+0000] {processor.py:186} INFO - Started process (PID=5629) to work on /home/airflow/.local/lib/python3.12/site-packages/airflow/example_dags/example_branch_day_of_week_operator.py
[2024-12-07T17:32:26.933+0000] {processor.py:914} INFO - Processing file /home/airflow/.local/lib/python3.12/site-packages/airflow/example_dags/example_branch_day_of_week_operator.py for tasks to queue
[2024-12-07T17:32:26.937+0000] {logging_mixin.py:190} INFO - [2024-12-07T17:32:26.936+0000] {dagbag.py:588} INFO - Filling up the DagBag from /home/airflow/.local/lib/python3.12/site-packages/airflow/example_dags/example_branch_day_of_week_operator.py
[2024-12-07T17:32:26.949+0000] {processor.py:925} INFO - DAG(s) 'example_weekday_branch_operator' retrieved from /home/airflow/.local/lib/python3.12/site-packages/airflow/example_dags/example_branch_day_of_week_operator.py
[2024-12-07T17:32:26.974+0000] {logging_mixin.py:190} INFO - [2024-12-07T17:32:26.973+0000] {dag.py:3239} INFO - Sync 1 DAGs
[2024-12-07T17:32:27.006+0000] {logging_mixin.py:190} INFO - [2024-12-07T17:32:27.006+0000] {dag.py:4180} INFO - Setting next_dagrun for example_weekday_branch_operator to 2024-12-06 00:00:00+00:00, run_after=2024-12-07 00:00:00+00:00
[2024-12-07T17:32:27.031+0000] {processor.py:208} INFO - Processing /home/airflow/.local/lib/python3.12/site-packages/airflow/example_dags/example_branch_day_of_week_operator.py took 0.107 seconds
[2024-12-07T17:32:58.597+0000] {processor.py:186} INFO - Started process (PID=5922) to work on /home/airflow/.local/lib/python3.12/site-packages/airflow/example_dags/example_branch_day_of_week_operator.py
[2024-12-07T17:32:58.600+0000] {processor.py:914} INFO - Processing file /home/airflow/.local/lib/python3.12/site-packages/airflow/example_dags/example_branch_day_of_week_operator.py for tasks to queue
[2024-12-07T17:32:58.620+0000] {logging_mixin.py:190} INFO - [2024-12-07T17:32:58.616+0000] {dagbag.py:588} INFO - Filling up the DagBag from /home/airflow/.local/lib/python3.12/site-packages/airflow/example_dags/example_branch_day_of_week_operator.py
[2024-12-07T17:32:58.650+0000] {processor.py:925} INFO - DAG(s) 'example_weekday_branch_operator' retrieved from /home/airflow/.local/lib/python3.12/site-packages/airflow/example_dags/example_branch_day_of_week_operator.py
[2024-12-07T17:32:58.726+0000] {logging_mixin.py:190} INFO - [2024-12-07T17:32:58.725+0000] {dag.py:3239} INFO - Sync 1 DAGs
[2024-12-07T17:32:58.784+0000] {logging_mixin.py:190} INFO - [2024-12-07T17:32:58.783+0000] {dag.py:4180} INFO - Setting next_dagrun for example_weekday_branch_operator to 2024-12-06 00:00:00+00:00, run_after=2024-12-07 00:00:00+00:00
[2024-12-07T17:32:58.875+0000] {processor.py:208} INFO - Processing /home/airflow/.local/lib/python3.12/site-packages/airflow/example_dags/example_branch_day_of_week_operator.py took 0.300 seconds
[2024-12-07T17:33:29.740+0000] {processor.py:186} INFO - Started process (PID=6213) to work on /home/airflow/.local/lib/python3.12/site-packages/airflow/example_dags/example_branch_day_of_week_operator.py
[2024-12-07T17:33:29.741+0000] {processor.py:914} INFO - Processing file /home/airflow/.local/lib/python3.12/site-packages/airflow/example_dags/example_branch_day_of_week_operator.py for tasks to queue
[2024-12-07T17:33:29.744+0000] {logging_mixin.py:190} INFO - [2024-12-07T17:33:29.744+0000] {dagbag.py:588} INFO - Filling up the DagBag from /home/airflow/.local/lib/python3.12/site-packages/airflow/example_dags/example_branch_day_of_week_operator.py
[2024-12-07T17:33:29.756+0000] {processor.py:925} INFO - DAG(s) 'example_weekday_branch_operator' retrieved from /home/airflow/.local/lib/python3.12/site-packages/airflow/example_dags/example_branch_day_of_week_operator.py
[2024-12-07T17:33:29.784+0000] {logging_mixin.py:190} INFO - [2024-12-07T17:33:29.783+0000] {dag.py:3239} INFO - Sync 1 DAGs
[2024-12-07T17:33:29.819+0000] {logging_mixin.py:190} INFO - [2024-12-07T17:33:29.819+0000] {dag.py:4180} INFO - Setting next_dagrun for example_weekday_branch_operator to 2024-12-06 00:00:00+00:00, run_after=2024-12-07 00:00:00+00:00
[2024-12-07T17:33:29.846+0000] {processor.py:208} INFO - Processing /home/airflow/.local/lib/python3.12/site-packages/airflow/example_dags/example_branch_day_of_week_operator.py took 0.114 seconds
[2024-12-07T17:34:00.206+0000] {processor.py:186} INFO - Started process (PID=6501) to work on /home/airflow/.local/lib/python3.12/site-packages/airflow/example_dags/example_branch_day_of_week_operator.py
[2024-12-07T17:34:00.207+0000] {processor.py:914} INFO - Processing file /home/airflow/.local/lib/python3.12/site-packages/airflow/example_dags/example_branch_day_of_week_operator.py for tasks to queue
[2024-12-07T17:34:00.211+0000] {logging_mixin.py:190} INFO - [2024-12-07T17:34:00.211+0000] {dagbag.py:588} INFO - Filling up the DagBag from /home/airflow/.local/lib/python3.12/site-packages/airflow/example_dags/example_branch_day_of_week_operator.py
[2024-12-07T17:34:00.229+0000] {processor.py:925} INFO - DAG(s) 'example_weekday_branch_operator' retrieved from /home/airflow/.local/lib/python3.12/site-packages/airflow/example_dags/example_branch_day_of_week_operator.py
[2024-12-07T17:34:00.260+0000] {logging_mixin.py:190} INFO - [2024-12-07T17:34:00.259+0000] {dag.py:3239} INFO - Sync 1 DAGs
[2024-12-07T17:34:00.294+0000] {logging_mixin.py:190} INFO - [2024-12-07T17:34:00.293+0000] {dag.py:4180} INFO - Setting next_dagrun for example_weekday_branch_operator to 2024-12-06 00:00:00+00:00, run_after=2024-12-07 00:00:00+00:00
[2024-12-07T17:34:00.324+0000] {processor.py:208} INFO - Processing /home/airflow/.local/lib/python3.12/site-packages/airflow/example_dags/example_branch_day_of_week_operator.py took 0.129 seconds
[2024-12-07T17:34:31.201+0000] {processor.py:186} INFO - Started process (PID=6800) to work on /home/airflow/.local/lib/python3.12/site-packages/airflow/example_dags/example_branch_day_of_week_operator.py
[2024-12-07T17:34:31.202+0000] {processor.py:914} INFO - Processing file /home/airflow/.local/lib/python3.12/site-packages/airflow/example_dags/example_branch_day_of_week_operator.py for tasks to queue
[2024-12-07T17:34:31.207+0000] {logging_mixin.py:190} INFO - [2024-12-07T17:34:31.206+0000] {dagbag.py:588} INFO - Filling up the DagBag from /home/airflow/.local/lib/python3.12/site-packages/airflow/example_dags/example_branch_day_of_week_operator.py
[2024-12-07T17:34:31.222+0000] {processor.py:925} INFO - DAG(s) 'example_weekday_branch_operator' retrieved from /home/airflow/.local/lib/python3.12/site-packages/airflow/example_dags/example_branch_day_of_week_operator.py
[2024-12-07T17:34:31.253+0000] {logging_mixin.py:190} INFO - [2024-12-07T17:34:31.253+0000] {dag.py:3239} INFO - Sync 1 DAGs
[2024-12-07T17:34:31.294+0000] {logging_mixin.py:190} INFO - [2024-12-07T17:34:31.293+0000] {dag.py:4180} INFO - Setting next_dagrun for example_weekday_branch_operator to 2024-12-06 00:00:00+00:00, run_after=2024-12-07 00:00:00+00:00
[2024-12-07T17:34:31.324+0000] {processor.py:208} INFO - Processing /home/airflow/.local/lib/python3.12/site-packages/airflow/example_dags/example_branch_day_of_week_operator.py took 0.132 seconds
[2024-12-07T17:35:01.624+0000] {processor.py:186} INFO - Started process (PID=7091) to work on /home/airflow/.local/lib/python3.12/site-packages/airflow/example_dags/example_branch_day_of_week_operator.py
[2024-12-07T17:35:01.625+0000] {processor.py:914} INFO - Processing file /home/airflow/.local/lib/python3.12/site-packages/airflow/example_dags/example_branch_day_of_week_operator.py for tasks to queue
[2024-12-07T17:35:01.628+0000] {logging_mixin.py:190} INFO - [2024-12-07T17:35:01.628+0000] {dagbag.py:588} INFO - Filling up the DagBag from /home/airflow/.local/lib/python3.12/site-packages/airflow/example_dags/example_branch_day_of_week_operator.py
[2024-12-07T17:35:01.644+0000] {processor.py:925} INFO - DAG(s) 'example_weekday_branch_operator' retrieved from /home/airflow/.local/lib/python3.12/site-packages/airflow/example_dags/example_branch_day_of_week_operator.py
[2024-12-07T17:35:01.685+0000] {logging_mixin.py:190} INFO - [2024-12-07T17:35:01.685+0000] {dag.py:3239} INFO - Sync 1 DAGs
[2024-12-07T17:35:01.747+0000] {logging_mixin.py:190} INFO - [2024-12-07T17:35:01.746+0000] {dag.py:4180} INFO - Setting next_dagrun for example_weekday_branch_operator to 2024-12-06 00:00:00+00:00, run_after=2024-12-07 00:00:00+00:00
[2024-12-07T17:35:01.798+0000] {processor.py:208} INFO - Processing /home/airflow/.local/lib/python3.12/site-packages/airflow/example_dags/example_branch_day_of_week_operator.py took 0.185 seconds
[2024-12-07T17:35:32.898+0000] {processor.py:186} INFO - Started process (PID=7382) to work on /home/airflow/.local/lib/python3.12/site-packages/airflow/example_dags/example_branch_day_of_week_operator.py
[2024-12-07T17:35:32.899+0000] {processor.py:914} INFO - Processing file /home/airflow/.local/lib/python3.12/site-packages/airflow/example_dags/example_branch_day_of_week_operator.py for tasks to queue
[2024-12-07T17:35:32.902+0000] {logging_mixin.py:190} INFO - [2024-12-07T17:35:32.902+0000] {dagbag.py:588} INFO - Filling up the DagBag from /home/airflow/.local/lib/python3.12/site-packages/airflow/example_dags/example_branch_day_of_week_operator.py
[2024-12-07T17:35:32.915+0000] {processor.py:925} INFO - DAG(s) 'example_weekday_branch_operator' retrieved from /home/airflow/.local/lib/python3.12/site-packages/airflow/example_dags/example_branch_day_of_week_operator.py
[2024-12-07T17:35:32.943+0000] {logging_mixin.py:190} INFO - [2024-12-07T17:35:32.943+0000] {dag.py:3239} INFO - Sync 1 DAGs
[2024-12-07T17:35:32.976+0000] {logging_mixin.py:190} INFO - [2024-12-07T17:35:32.975+0000] {dag.py:4180} INFO - Setting next_dagrun for example_weekday_branch_operator to 2024-12-06 00:00:00+00:00, run_after=2024-12-07 00:00:00+00:00
[2024-12-07T17:35:33.780+0000] {processor.py:208} INFO - Processing /home/airflow/.local/lib/python3.12/site-packages/airflow/example_dags/example_branch_day_of_week_operator.py took 0.889 seconds
[2024-12-07T17:36:04.031+0000] {processor.py:186} INFO - Started process (PID=7673) to work on /home/airflow/.local/lib/python3.12/site-packages/airflow/example_dags/example_branch_day_of_week_operator.py
[2024-12-07T17:36:04.033+0000] {processor.py:914} INFO - Processing file /home/airflow/.local/lib/python3.12/site-packages/airflow/example_dags/example_branch_day_of_week_operator.py for tasks to queue
[2024-12-07T17:36:04.039+0000] {logging_mixin.py:190} INFO - [2024-12-07T17:36:04.039+0000] {dagbag.py:588} INFO - Filling up the DagBag from /home/airflow/.local/lib/python3.12/site-packages/airflow/example_dags/example_branch_day_of_week_operator.py
[2024-12-07T17:36:04.074+0000] {processor.py:925} INFO - DAG(s) 'example_weekday_branch_operator' retrieved from /home/airflow/.local/lib/python3.12/site-packages/airflow/example_dags/example_branch_day_of_week_operator.py
[2024-12-07T17:36:04.153+0000] {logging_mixin.py:190} INFO - [2024-12-07T17:36:04.152+0000] {dag.py:3239} INFO - Sync 1 DAGs
[2024-12-07T17:36:04.203+0000] {logging_mixin.py:190} INFO - [2024-12-07T17:36:04.202+0000] {dag.py:4180} INFO - Setting next_dagrun for example_weekday_branch_operator to 2024-12-06 00:00:00+00:00, run_after=2024-12-07 00:00:00+00:00
[2024-12-07T17:36:04.237+0000] {processor.py:208} INFO - Processing /home/airflow/.local/lib/python3.12/site-packages/airflow/example_dags/example_branch_day_of_week_operator.py took 0.226 seconds
[2024-12-07T17:36:37.968+0000] {processor.py:186} INFO - Started process (PID=7975) to work on /home/airflow/.local/lib/python3.12/site-packages/airflow/example_dags/example_branch_day_of_week_operator.py
[2024-12-07T17:36:37.970+0000] {processor.py:914} INFO - Processing file /home/airflow/.local/lib/python3.12/site-packages/airflow/example_dags/example_branch_day_of_week_operator.py for tasks to queue
[2024-12-07T17:36:37.975+0000] {logging_mixin.py:190} INFO - [2024-12-07T17:36:37.975+0000] {dagbag.py:588} INFO - Filling up the DagBag from /home/airflow/.local/lib/python3.12/site-packages/airflow/example_dags/example_branch_day_of_week_operator.py
[2024-12-07T17:36:38.024+0000] {processor.py:925} INFO - DAG(s) 'example_weekday_branch_operator' retrieved from /home/airflow/.local/lib/python3.12/site-packages/airflow/example_dags/example_branch_day_of_week_operator.py
[2024-12-07T17:36:38.130+0000] {logging_mixin.py:190} INFO - [2024-12-07T17:36:38.129+0000] {dag.py:3239} INFO - Sync 1 DAGs
[2024-12-07T17:36:38.334+0000] {logging_mixin.py:190} INFO - [2024-12-07T17:36:38.334+0000] {dag.py:4180} INFO - Setting next_dagrun for example_weekday_branch_operator to 2024-12-06 00:00:00+00:00, run_after=2024-12-07 00:00:00+00:00
[2024-12-07T17:36:38.445+0000] {processor.py:208} INFO - Processing /home/airflow/.local/lib/python3.12/site-packages/airflow/example_dags/example_branch_day_of_week_operator.py took 0.499 seconds
[2024-12-07T17:37:10.006+0000] {processor.py:186} INFO - Started process (PID=8267) to work on /home/airflow/.local/lib/python3.12/site-packages/airflow/example_dags/example_branch_day_of_week_operator.py
[2024-12-07T17:37:10.008+0000] {processor.py:914} INFO - Processing file /home/airflow/.local/lib/python3.12/site-packages/airflow/example_dags/example_branch_day_of_week_operator.py for tasks to queue
[2024-12-07T17:37:10.024+0000] {logging_mixin.py:190} INFO - [2024-12-07T17:37:10.023+0000] {dagbag.py:588} INFO - Filling up the DagBag from /home/airflow/.local/lib/python3.12/site-packages/airflow/example_dags/example_branch_day_of_week_operator.py
[2024-12-07T17:37:10.069+0000] {processor.py:925} INFO - DAG(s) 'example_weekday_branch_operator' retrieved from /home/airflow/.local/lib/python3.12/site-packages/airflow/example_dags/example_branch_day_of_week_operator.py
[2024-12-07T17:37:10.163+0000] {logging_mixin.py:190} INFO - [2024-12-07T17:37:10.162+0000] {dag.py:3239} INFO - Sync 1 DAGs
[2024-12-07T17:37:10.302+0000] {logging_mixin.py:190} INFO - [2024-12-07T17:37:10.300+0000] {dag.py:4180} INFO - Setting next_dagrun for example_weekday_branch_operator to 2024-12-06 00:00:00+00:00, run_after=2024-12-07 00:00:00+00:00
[2024-12-07T17:37:10.392+0000] {processor.py:208} INFO - Processing /home/airflow/.local/lib/python3.12/site-packages/airflow/example_dags/example_branch_day_of_week_operator.py took 0.409 seconds
[2024-12-07T17:37:41.080+0000] {processor.py:186} INFO - Started process (PID=8558) to work on /home/airflow/.local/lib/python3.12/site-packages/airflow/example_dags/example_branch_day_of_week_operator.py
[2024-12-07T17:37:41.081+0000] {processor.py:914} INFO - Processing file /home/airflow/.local/lib/python3.12/site-packages/airflow/example_dags/example_branch_day_of_week_operator.py for tasks to queue
[2024-12-07T17:37:41.086+0000] {logging_mixin.py:190} INFO - [2024-12-07T17:37:41.085+0000] {dagbag.py:588} INFO - Filling up the DagBag from /home/airflow/.local/lib/python3.12/site-packages/airflow/example_dags/example_branch_day_of_week_operator.py
[2024-12-07T17:37:41.103+0000] {processor.py:925} INFO - DAG(s) 'example_weekday_branch_operator' retrieved from /home/airflow/.local/lib/python3.12/site-packages/airflow/example_dags/example_branch_day_of_week_operator.py
[2024-12-07T17:37:41.146+0000] {logging_mixin.py:190} INFO - [2024-12-07T17:37:41.145+0000] {dag.py:3239} INFO - Sync 1 DAGs
[2024-12-07T17:37:41.193+0000] {logging_mixin.py:190} INFO - [2024-12-07T17:37:41.192+0000] {dag.py:4180} INFO - Setting next_dagrun for example_weekday_branch_operator to 2024-12-06 00:00:00+00:00, run_after=2024-12-07 00:00:00+00:00
[2024-12-07T17:37:41.236+0000] {processor.py:208} INFO - Processing /home/airflow/.local/lib/python3.12/site-packages/airflow/example_dags/example_branch_day_of_week_operator.py took 0.167 seconds
[2024-12-07T17:38:13.162+0000] {processor.py:186} INFO - Started process (PID=8849) to work on /home/airflow/.local/lib/python3.12/site-packages/airflow/example_dags/example_branch_day_of_week_operator.py
[2024-12-07T17:38:13.163+0000] {processor.py:914} INFO - Processing file /home/airflow/.local/lib/python3.12/site-packages/airflow/example_dags/example_branch_day_of_week_operator.py for tasks to queue
[2024-12-07T17:38:13.166+0000] {logging_mixin.py:190} INFO - [2024-12-07T17:38:13.165+0000] {dagbag.py:588} INFO - Filling up the DagBag from /home/airflow/.local/lib/python3.12/site-packages/airflow/example_dags/example_branch_day_of_week_operator.py
[2024-12-07T17:38:13.181+0000] {processor.py:925} INFO - DAG(s) 'example_weekday_branch_operator' retrieved from /home/airflow/.local/lib/python3.12/site-packages/airflow/example_dags/example_branch_day_of_week_operator.py
[2024-12-07T17:38:13.213+0000] {logging_mixin.py:190} INFO - [2024-12-07T17:38:13.213+0000] {dag.py:3239} INFO - Sync 1 DAGs
[2024-12-07T17:38:13.256+0000] {logging_mixin.py:190} INFO - [2024-12-07T17:38:13.255+0000] {dag.py:4180} INFO - Setting next_dagrun for example_weekday_branch_operator to 2024-12-06 00:00:00+00:00, run_after=2024-12-07 00:00:00+00:00
[2024-12-07T17:38:13.818+0000] {processor.py:208} INFO - Processing /home/airflow/.local/lib/python3.12/site-packages/airflow/example_dags/example_branch_day_of_week_operator.py took 0.664 seconds
[2024-12-07T17:38:43.982+0000] {processor.py:186} INFO - Started process (PID=9140) to work on /home/airflow/.local/lib/python3.12/site-packages/airflow/example_dags/example_branch_day_of_week_operator.py
[2024-12-07T17:38:43.984+0000] {processor.py:914} INFO - Processing file /home/airflow/.local/lib/python3.12/site-packages/airflow/example_dags/example_branch_day_of_week_operator.py for tasks to queue
[2024-12-07T17:38:43.990+0000] {logging_mixin.py:190} INFO - [2024-12-07T17:38:43.990+0000] {dagbag.py:588} INFO - Filling up the DagBag from /home/airflow/.local/lib/python3.12/site-packages/airflow/example_dags/example_branch_day_of_week_operator.py
[2024-12-07T17:38:44.012+0000] {processor.py:925} INFO - DAG(s) 'example_weekday_branch_operator' retrieved from /home/airflow/.local/lib/python3.12/site-packages/airflow/example_dags/example_branch_day_of_week_operator.py
[2024-12-07T17:38:44.078+0000] {logging_mixin.py:190} INFO - [2024-12-07T17:38:44.077+0000] {dag.py:3239} INFO - Sync 1 DAGs
[2024-12-07T17:38:44.143+0000] {logging_mixin.py:190} INFO - [2024-12-07T17:38:44.143+0000] {dag.py:4180} INFO - Setting next_dagrun for example_weekday_branch_operator to 2024-12-06 00:00:00+00:00, run_after=2024-12-07 00:00:00+00:00
[2024-12-07T17:38:44.200+0000] {processor.py:208} INFO - Processing /home/airflow/.local/lib/python3.12/site-packages/airflow/example_dags/example_branch_day_of_week_operator.py took 0.232 seconds
[2024-12-07T17:39:14.327+0000] {processor.py:186} INFO - Started process (PID=9426) to work on /home/airflow/.local/lib/python3.12/site-packages/airflow/example_dags/example_branch_day_of_week_operator.py
[2024-12-07T17:39:14.329+0000] {processor.py:914} INFO - Processing file /home/airflow/.local/lib/python3.12/site-packages/airflow/example_dags/example_branch_day_of_week_operator.py for tasks to queue
[2024-12-07T17:39:14.336+0000] {logging_mixin.py:190} INFO - [2024-12-07T17:39:14.335+0000] {dagbag.py:588} INFO - Filling up the DagBag from /home/airflow/.local/lib/python3.12/site-packages/airflow/example_dags/example_branch_day_of_week_operator.py
[2024-12-07T17:39:14.364+0000] {processor.py:925} INFO - DAG(s) 'example_weekday_branch_operator' retrieved from /home/airflow/.local/lib/python3.12/site-packages/airflow/example_dags/example_branch_day_of_week_operator.py
[2024-12-07T17:39:14.426+0000] {logging_mixin.py:190} INFO - [2024-12-07T17:39:14.425+0000] {dag.py:3239} INFO - Sync 1 DAGs
[2024-12-07T17:39:14.491+0000] {logging_mixin.py:190} INFO - [2024-12-07T17:39:14.490+0000] {dag.py:4180} INFO - Setting next_dagrun for example_weekday_branch_operator to 2024-12-06 00:00:00+00:00, run_after=2024-12-07 00:00:00+00:00
[2024-12-07T17:39:14.529+0000] {processor.py:208} INFO - Processing /home/airflow/.local/lib/python3.12/site-packages/airflow/example_dags/example_branch_day_of_week_operator.py took 0.217 seconds
[2024-12-07T17:39:44.966+0000] {processor.py:186} INFO - Started process (PID=9718) to work on /home/airflow/.local/lib/python3.12/site-packages/airflow/example_dags/example_branch_day_of_week_operator.py
[2024-12-07T17:39:44.968+0000] {processor.py:914} INFO - Processing file /home/airflow/.local/lib/python3.12/site-packages/airflow/example_dags/example_branch_day_of_week_operator.py for tasks to queue
[2024-12-07T17:39:44.979+0000] {logging_mixin.py:190} INFO - [2024-12-07T17:39:44.978+0000] {dagbag.py:588} INFO - Filling up the DagBag from /home/airflow/.local/lib/python3.12/site-packages/airflow/example_dags/example_branch_day_of_week_operator.py
[2024-12-07T17:39:45.017+0000] {processor.py:925} INFO - DAG(s) 'example_weekday_branch_operator' retrieved from /home/airflow/.local/lib/python3.12/site-packages/airflow/example_dags/example_branch_day_of_week_operator.py
[2024-12-07T17:39:45.081+0000] {logging_mixin.py:190} INFO - [2024-12-07T17:39:45.080+0000] {dag.py:3239} INFO - Sync 1 DAGs
[2024-12-07T17:39:45.128+0000] {logging_mixin.py:190} INFO - [2024-12-07T17:39:45.128+0000] {dag.py:4180} INFO - Setting next_dagrun for example_weekday_branch_operator to 2024-12-06 00:00:00+00:00, run_after=2024-12-07 00:00:00+00:00
[2024-12-07T17:39:45.158+0000] {processor.py:208} INFO - Processing /home/airflow/.local/lib/python3.12/site-packages/airflow/example_dags/example_branch_day_of_week_operator.py took 0.217 seconds
[2024-12-07T17:40:16.455+0000] {processor.py:186} INFO - Started process (PID=10009) to work on /home/airflow/.local/lib/python3.12/site-packages/airflow/example_dags/example_branch_day_of_week_operator.py
[2024-12-07T17:40:16.460+0000] {processor.py:914} INFO - Processing file /home/airflow/.local/lib/python3.12/site-packages/airflow/example_dags/example_branch_day_of_week_operator.py for tasks to queue
[2024-12-07T17:40:16.478+0000] {logging_mixin.py:190} INFO - [2024-12-07T17:40:16.478+0000] {dagbag.py:588} INFO - Filling up the DagBag from /home/airflow/.local/lib/python3.12/site-packages/airflow/example_dags/example_branch_day_of_week_operator.py
[2024-12-07T17:40:16.528+0000] {processor.py:925} INFO - DAG(s) 'example_weekday_branch_operator' retrieved from /home/airflow/.local/lib/python3.12/site-packages/airflow/example_dags/example_branch_day_of_week_operator.py
[2024-12-07T17:40:16.644+0000] {logging_mixin.py:190} INFO - [2024-12-07T17:40:16.642+0000] {dag.py:3239} INFO - Sync 1 DAGs
[2024-12-07T17:40:16.808+0000] {logging_mixin.py:190} INFO - [2024-12-07T17:40:16.808+0000] {dag.py:4180} INFO - Setting next_dagrun for example_weekday_branch_operator to 2024-12-06 00:00:00+00:00, run_after=2024-12-07 00:00:00+00:00
[2024-12-07T17:40:16.868+0000] {processor.py:208} INFO - Processing /home/airflow/.local/lib/python3.12/site-packages/airflow/example_dags/example_branch_day_of_week_operator.py took 0.442 seconds
[2024-12-07T17:40:47.625+0000] {processor.py:186} INFO - Started process (PID=10300) to work on /home/airflow/.local/lib/python3.12/site-packages/airflow/example_dags/example_branch_day_of_week_operator.py
[2024-12-07T17:40:47.627+0000] {processor.py:914} INFO - Processing file /home/airflow/.local/lib/python3.12/site-packages/airflow/example_dags/example_branch_day_of_week_operator.py for tasks to queue
[2024-12-07T17:40:47.632+0000] {logging_mixin.py:190} INFO - [2024-12-07T17:40:47.632+0000] {dagbag.py:588} INFO - Filling up the DagBag from /home/airflow/.local/lib/python3.12/site-packages/airflow/example_dags/example_branch_day_of_week_operator.py
[2024-12-07T17:40:47.655+0000] {processor.py:925} INFO - DAG(s) 'example_weekday_branch_operator' retrieved from /home/airflow/.local/lib/python3.12/site-packages/airflow/example_dags/example_branch_day_of_week_operator.py
[2024-12-07T17:40:47.706+0000] {logging_mixin.py:190} INFO - [2024-12-07T17:40:47.705+0000] {dag.py:3239} INFO - Sync 1 DAGs
[2024-12-07T17:40:47.760+0000] {logging_mixin.py:190} INFO - [2024-12-07T17:40:47.760+0000] {dag.py:4180} INFO - Setting next_dagrun for example_weekday_branch_operator to 2024-12-06 00:00:00+00:00, run_after=2024-12-07 00:00:00+00:00
[2024-12-07T17:40:47.821+0000] {processor.py:208} INFO - Processing /home/airflow/.local/lib/python3.12/site-packages/airflow/example_dags/example_branch_day_of_week_operator.py took 0.211 seconds
[2024-12-07T17:41:18.225+0000] {processor.py:186} INFO - Started process (PID=10588) to work on /home/airflow/.local/lib/python3.12/site-packages/airflow/example_dags/example_branch_day_of_week_operator.py
[2024-12-07T17:41:18.226+0000] {processor.py:914} INFO - Processing file /home/airflow/.local/lib/python3.12/site-packages/airflow/example_dags/example_branch_day_of_week_operator.py for tasks to queue
[2024-12-07T17:41:18.230+0000] {logging_mixin.py:190} INFO - [2024-12-07T17:41:18.230+0000] {dagbag.py:588} INFO - Filling up the DagBag from /home/airflow/.local/lib/python3.12/site-packages/airflow/example_dags/example_branch_day_of_week_operator.py
[2024-12-07T17:41:18.246+0000] {processor.py:925} INFO - DAG(s) 'example_weekday_branch_operator' retrieved from /home/airflow/.local/lib/python3.12/site-packages/airflow/example_dags/example_branch_day_of_week_operator.py
[2024-12-07T17:41:18.276+0000] {logging_mixin.py:190} INFO - [2024-12-07T17:41:18.276+0000] {dag.py:3239} INFO - Sync 1 DAGs
[2024-12-07T17:41:18.306+0000] {logging_mixin.py:190} INFO - [2024-12-07T17:41:18.306+0000] {dag.py:4180} INFO - Setting next_dagrun for example_weekday_branch_operator to 2024-12-06 00:00:00+00:00, run_after=2024-12-07 00:00:00+00:00
[2024-12-07T17:41:18.335+0000] {processor.py:208} INFO - Processing /home/airflow/.local/lib/python3.12/site-packages/airflow/example_dags/example_branch_day_of_week_operator.py took 0.119 seconds
[2024-12-07T17:41:49.122+0000] {processor.py:186} INFO - Started process (PID=10880) to work on /home/airflow/.local/lib/python3.12/site-packages/airflow/example_dags/example_branch_day_of_week_operator.py
[2024-12-07T17:41:49.123+0000] {processor.py:914} INFO - Processing file /home/airflow/.local/lib/python3.12/site-packages/airflow/example_dags/example_branch_day_of_week_operator.py for tasks to queue
[2024-12-07T17:41:49.127+0000] {logging_mixin.py:190} INFO - [2024-12-07T17:41:49.127+0000] {dagbag.py:588} INFO - Filling up the DagBag from /home/airflow/.local/lib/python3.12/site-packages/airflow/example_dags/example_branch_day_of_week_operator.py
[2024-12-07T17:41:49.143+0000] {processor.py:925} INFO - DAG(s) 'example_weekday_branch_operator' retrieved from /home/airflow/.local/lib/python3.12/site-packages/airflow/example_dags/example_branch_day_of_week_operator.py
[2024-12-07T17:41:49.171+0000] {logging_mixin.py:190} INFO - [2024-12-07T17:41:49.171+0000] {dag.py:3239} INFO - Sync 1 DAGs
[2024-12-07T17:41:49.210+0000] {logging_mixin.py:190} INFO - [2024-12-07T17:41:49.209+0000] {dag.py:4180} INFO - Setting next_dagrun for example_weekday_branch_operator to 2024-12-06 00:00:00+00:00, run_after=2024-12-07 00:00:00+00:00
[2024-12-07T17:41:49.238+0000] {processor.py:208} INFO - Processing /home/airflow/.local/lib/python3.12/site-packages/airflow/example_dags/example_branch_day_of_week_operator.py took 0.124 seconds
[2024-12-07T17:42:19.797+0000] {processor.py:186} INFO - Started process (PID=11172) to work on /home/airflow/.local/lib/python3.12/site-packages/airflow/example_dags/example_branch_day_of_week_operator.py
[2024-12-07T17:42:19.800+0000] {processor.py:914} INFO - Processing file /home/airflow/.local/lib/python3.12/site-packages/airflow/example_dags/example_branch_day_of_week_operator.py for tasks to queue
[2024-12-07T17:42:19.812+0000] {logging_mixin.py:190} INFO - [2024-12-07T17:42:19.811+0000] {dagbag.py:588} INFO - Filling up the DagBag from /home/airflow/.local/lib/python3.12/site-packages/airflow/example_dags/example_branch_day_of_week_operator.py
[2024-12-07T17:42:19.834+0000] {processor.py:925} INFO - DAG(s) 'example_weekday_branch_operator' retrieved from /home/airflow/.local/lib/python3.12/site-packages/airflow/example_dags/example_branch_day_of_week_operator.py
[2024-12-07T17:42:19.875+0000] {logging_mixin.py:190} INFO - [2024-12-07T17:42:19.874+0000] {dag.py:3239} INFO - Sync 1 DAGs
[2024-12-07T17:42:19.947+0000] {logging_mixin.py:190} INFO - [2024-12-07T17:42:19.947+0000] {dag.py:4180} INFO - Setting next_dagrun for example_weekday_branch_operator to 2024-12-06 00:00:00+00:00, run_after=2024-12-07 00:00:00+00:00
[2024-12-07T17:42:20.045+0000] {processor.py:208} INFO - Processing /home/airflow/.local/lib/python3.12/site-packages/airflow/example_dags/example_branch_day_of_week_operator.py took 0.269 seconds
[2024-12-07T17:42:50.268+0000] {processor.py:186} INFO - Started process (PID=11463) to work on /home/airflow/.local/lib/python3.12/site-packages/airflow/example_dags/example_branch_day_of_week_operator.py
[2024-12-07T17:42:50.269+0000] {processor.py:914} INFO - Processing file /home/airflow/.local/lib/python3.12/site-packages/airflow/example_dags/example_branch_day_of_week_operator.py for tasks to queue
[2024-12-07T17:42:50.273+0000] {logging_mixin.py:190} INFO - [2024-12-07T17:42:50.273+0000] {dagbag.py:588} INFO - Filling up the DagBag from /home/airflow/.local/lib/python3.12/site-packages/airflow/example_dags/example_branch_day_of_week_operator.py
[2024-12-07T17:42:50.287+0000] {processor.py:925} INFO - DAG(s) 'example_weekday_branch_operator' retrieved from /home/airflow/.local/lib/python3.12/site-packages/airflow/example_dags/example_branch_day_of_week_operator.py
[2024-12-07T17:42:50.314+0000] {logging_mixin.py:190} INFO - [2024-12-07T17:42:50.314+0000] {dag.py:3239} INFO - Sync 1 DAGs
[2024-12-07T17:42:50.359+0000] {logging_mixin.py:190} INFO - [2024-12-07T17:42:50.358+0000] {dag.py:4180} INFO - Setting next_dagrun for example_weekday_branch_operator to 2024-12-06 00:00:00+00:00, run_after=2024-12-07 00:00:00+00:00
[2024-12-07T17:42:50.403+0000] {processor.py:208} INFO - Processing /home/airflow/.local/lib/python3.12/site-packages/airflow/example_dags/example_branch_day_of_week_operator.py took 0.147 seconds
[2024-12-07T17:43:20.555+0000] {processor.py:186} INFO - Started process (PID=11753) to work on /home/airflow/.local/lib/python3.12/site-packages/airflow/example_dags/example_branch_day_of_week_operator.py
[2024-12-07T17:43:20.557+0000] {processor.py:914} INFO - Processing file /home/airflow/.local/lib/python3.12/site-packages/airflow/example_dags/example_branch_day_of_week_operator.py for tasks to queue
[2024-12-07T17:43:20.562+0000] {logging_mixin.py:190} INFO - [2024-12-07T17:43:20.561+0000] {dagbag.py:588} INFO - Filling up the DagBag from /home/airflow/.local/lib/python3.12/site-packages/airflow/example_dags/example_branch_day_of_week_operator.py
[2024-12-07T17:43:20.585+0000] {processor.py:925} INFO - DAG(s) 'example_weekday_branch_operator' retrieved from /home/airflow/.local/lib/python3.12/site-packages/airflow/example_dags/example_branch_day_of_week_operator.py
[2024-12-07T17:43:20.627+0000] {logging_mixin.py:190} INFO - [2024-12-07T17:43:20.627+0000] {dag.py:3239} INFO - Sync 1 DAGs
[2024-12-07T17:43:20.685+0000] {logging_mixin.py:190} INFO - [2024-12-07T17:43:20.684+0000] {dag.py:4180} INFO - Setting next_dagrun for example_weekday_branch_operator to 2024-12-06 00:00:00+00:00, run_after=2024-12-07 00:00:00+00:00
[2024-12-07T17:43:20.717+0000] {processor.py:208} INFO - Processing /home/airflow/.local/lib/python3.12/site-packages/airflow/example_dags/example_branch_day_of_week_operator.py took 0.175 seconds
