[2024-12-07T17:22:44.391+0000] {processor.py:186} INFO - Started process (PID=338) to work on /home/airflow/.local/lib/python3.12/site-packages/airflow/example_dags/example_subdag_operator.py
[2024-12-07T17:22:44.393+0000] {processor.py:914} INFO - Processing file /home/airflow/.local/lib/python3.12/site-packages/airflow/example_dags/example_subdag_operator.py for tasks to queue
[2024-12-07T17:22:44.408+0000] {logging_mixin.py:190} INFO - [2024-12-07T17:22:44.407+0000] {dagbag.py:588} INFO - Filling up the DagBag from /home/airflow/.local/lib/python3.12/site-packages/airflow/example_dags/example_subdag_operator.py
[2024-12-07T17:22:44.483+0000] {processor.py:925} INFO - DAG(s) 'example_subdag_operator.section-1', 'example_subdag_operator.section-2', 'example_subdag_operator' retrieved from /home/airflow/.local/lib/python3.12/site-packages/airflow/example_dags/example_subdag_operator.py
[2024-12-07T17:22:44.688+0000] {logging_mixin.py:190} INFO - [2024-12-07T17:22:44.686+0000] {override.py:1911} INFO - Created Permission View: can delete on DAG:example_subdag_operator
[2024-12-07T17:22:44.708+0000] {logging_mixin.py:190} INFO - [2024-12-07T17:22:44.707+0000] {override.py:1911} INFO - Created Permission View: can read on DAG:example_subdag_operator
[2024-12-07T17:22:44.722+0000] {logging_mixin.py:190} INFO - [2024-12-07T17:22:44.721+0000] {override.py:1911} INFO - Created Permission View: can edit on DAG:example_subdag_operator
[2024-12-07T17:22:44.755+0000] {logging_mixin.py:190} INFO - [2024-12-07T17:22:44.754+0000] {override.py:1911} INFO - Created Permission View: menu access on DAG Run:example_subdag_operator
[2024-12-07T17:22:44.788+0000] {logging_mixin.py:190} INFO - [2024-12-07T17:22:44.787+0000] {override.py:1911} INFO - Created Permission View: can delete on DAG Run:example_subdag_operator
[2024-12-07T17:22:44.828+0000] {logging_mixin.py:190} INFO - [2024-12-07T17:22:44.826+0000] {override.py:1911} INFO - Created Permission View: can read on DAG Run:example_subdag_operator
[2024-12-07T17:22:44.872+0000] {logging_mixin.py:190} INFO - [2024-12-07T17:22:44.871+0000] {override.py:1911} INFO - Created Permission View: can create on DAG Run:example_subdag_operator
[2024-12-07T17:22:44.874+0000] {logging_mixin.py:190} INFO - [2024-12-07T17:22:44.873+0000] {dag.py:3239} INFO - Sync 3 DAGs
[2024-12-07T17:22:44.941+0000] {logging_mixin.py:190} INFO - [2024-12-07T17:22:44.941+0000] {dag.py:3262} INFO - Creating ORM DAG for example_subdag_operator.section-2
[2024-12-07T17:22:44.945+0000] {logging_mixin.py:190} INFO - [2024-12-07T17:22:44.945+0000] {dag.py:3262} INFO - Creating ORM DAG for example_subdag_operator.section-1
[2024-12-07T17:22:44.954+0000] {logging_mixin.py:190} INFO - [2024-12-07T17:22:44.954+0000] {dag.py:3262} INFO - Creating ORM DAG for example_subdag_operator
[2024-12-07T17:22:45.021+0000] {logging_mixin.py:190} INFO - [2024-12-07T17:22:45.010+0000] {dag.py:4180} INFO - Setting next_dagrun for example_subdag_operator to 2022-01-01 00:00:00+00:00, run_after=2022-01-01 00:00:00+00:00
[2024-12-07T17:22:45.034+0000] {logging_mixin.py:190} INFO - [2024-12-07T17:22:45.034+0000] {dag.py:4180} INFO - Setting next_dagrun for example_subdag_operator.section-1 to None, run_after=None
[2024-12-07T17:22:45.037+0000] {logging_mixin.py:190} INFO - [2024-12-07T17:22:45.036+0000] {dag.py:4180} INFO - Setting next_dagrun for example_subdag_operator.section-2 to None, run_after=None
[2024-12-07T17:22:45.069+0000] {logging_mixin.py:190} INFO - [2024-12-07T17:22:45.068+0000] {dag.py:3239} INFO - Sync 2 DAGs
[2024-12-07T17:22:45.083+0000] {logging_mixin.py:190} INFO - [2024-12-07T17:22:45.083+0000] {dag.py:4180} INFO - Setting next_dagrun for example_subdag_operator.section-1 to None, run_after=None
[2024-12-07T17:22:45.092+0000] {logging_mixin.py:190} INFO - [2024-12-07T17:22:45.092+0000] {dag.py:4180} INFO - Setting next_dagrun for example_subdag_operator.section-2 to None, run_after=None
[2024-12-07T17:22:45.122+0000] {processor.py:208} INFO - Processing /home/airflow/.local/lib/python3.12/site-packages/airflow/example_dags/example_subdag_operator.py took 0.752 seconds
[2024-12-07T17:23:17.185+0000] {processor.py:186} INFO - Started process (PID=631) to work on /home/airflow/.local/lib/python3.12/site-packages/airflow/example_dags/example_subdag_operator.py
[2024-12-07T17:23:17.186+0000] {processor.py:914} INFO - Processing file /home/airflow/.local/lib/python3.12/site-packages/airflow/example_dags/example_subdag_operator.py for tasks to queue
[2024-12-07T17:23:17.190+0000] {logging_mixin.py:190} INFO - [2024-12-07T17:23:17.189+0000] {dagbag.py:588} INFO - Filling up the DagBag from /home/airflow/.local/lib/python3.12/site-packages/airflow/example_dags/example_subdag_operator.py
[2024-12-07T17:23:17.235+0000] {processor.py:925} INFO - DAG(s) 'example_subdag_operator.section-1', 'example_subdag_operator.section-2', 'example_subdag_operator' retrieved from /home/airflow/.local/lib/python3.12/site-packages/airflow/example_dags/example_subdag_operator.py
[2024-12-07T17:23:17.257+0000] {logging_mixin.py:190} INFO - [2024-12-07T17:23:17.256+0000] {dag.py:3239} INFO - Sync 3 DAGs
[2024-12-07T17:23:17.289+0000] {logging_mixin.py:190} INFO - [2024-12-07T17:23:17.289+0000] {dag.py:4180} INFO - Setting next_dagrun for example_subdag_operator to 2022-01-01 00:00:00+00:00, run_after=2022-01-01 00:00:00+00:00
[2024-12-07T17:23:17.295+0000] {logging_mixin.py:190} INFO - [2024-12-07T17:23:17.295+0000] {dag.py:4180} INFO - Setting next_dagrun for example_subdag_operator.section-1 to None, run_after=None
[2024-12-07T17:23:17.297+0000] {logging_mixin.py:190} INFO - [2024-12-07T17:23:17.297+0000] {dag.py:4180} INFO - Setting next_dagrun for example_subdag_operator.section-2 to None, run_after=None
[2024-12-07T17:23:17.308+0000] {logging_mixin.py:190} INFO - [2024-12-07T17:23:17.308+0000] {dag.py:3239} INFO - Sync 2 DAGs
[2024-12-07T17:23:17.317+0000] {logging_mixin.py:190} INFO - [2024-12-07T17:23:17.317+0000] {dag.py:4180} INFO - Setting next_dagrun for example_subdag_operator.section-1 to None, run_after=None
[2024-12-07T17:23:17.318+0000] {logging_mixin.py:190} INFO - [2024-12-07T17:23:17.318+0000] {dag.py:4180} INFO - Setting next_dagrun for example_subdag_operator.section-2 to None, run_after=None
[2024-12-07T17:23:17.335+0000] {processor.py:208} INFO - Processing /home/airflow/.local/lib/python3.12/site-packages/airflow/example_dags/example_subdag_operator.py took 0.168 seconds
[2024-12-07T17:24:02.065+0000] {processor.py:186} INFO - Started process (PID=920) to work on /home/airflow/.local/lib/python3.12/site-packages/airflow/example_dags/example_subdag_operator.py
[2024-12-07T17:24:02.068+0000] {processor.py:914} INFO - Processing file /home/airflow/.local/lib/python3.12/site-packages/airflow/example_dags/example_subdag_operator.py for tasks to queue
[2024-12-07T17:24:02.076+0000] {logging_mixin.py:190} INFO - [2024-12-07T17:24:02.075+0000] {dagbag.py:588} INFO - Filling up the DagBag from /home/airflow/.local/lib/python3.12/site-packages/airflow/example_dags/example_subdag_operator.py
[2024-12-07T17:24:02.149+0000] {processor.py:925} INFO - DAG(s) 'example_subdag_operator.section-1', 'example_subdag_operator.section-2', 'example_subdag_operator' retrieved from /home/airflow/.local/lib/python3.12/site-packages/airflow/example_dags/example_subdag_operator.py
[2024-12-07T17:24:02.220+0000] {logging_mixin.py:190} INFO - [2024-12-07T17:24:02.219+0000] {dag.py:3239} INFO - Sync 3 DAGs
[2024-12-07T17:24:02.309+0000] {logging_mixin.py:190} INFO - [2024-12-07T17:24:02.308+0000] {dag.py:4180} INFO - Setting next_dagrun for example_subdag_operator to 2022-01-01 00:00:00+00:00, run_after=2022-01-01 00:00:00+00:00
[2024-12-07T17:24:02.333+0000] {logging_mixin.py:190} INFO - [2024-12-07T17:24:02.332+0000] {dag.py:4180} INFO - Setting next_dagrun for example_subdag_operator.section-1 to None, run_after=None
[2024-12-07T17:24:02.351+0000] {logging_mixin.py:190} INFO - [2024-12-07T17:24:02.351+0000] {dag.py:4180} INFO - Setting next_dagrun for example_subdag_operator.section-2 to None, run_after=None
[2024-12-07T17:24:02.389+0000] {logging_mixin.py:190} INFO - [2024-12-07T17:24:02.388+0000] {dag.py:3239} INFO - Sync 2 DAGs
[2024-12-07T17:24:02.421+0000] {logging_mixin.py:190} INFO - [2024-12-07T17:24:02.421+0000] {dag.py:4180} INFO - Setting next_dagrun for example_subdag_operator.section-1 to None, run_after=None
[2024-12-07T17:24:02.432+0000] {logging_mixin.py:190} INFO - [2024-12-07T17:24:02.431+0000] {dag.py:4180} INFO - Setting next_dagrun for example_subdag_operator.section-2 to None, run_after=None
[2024-12-07T17:24:02.523+0000] {processor.py:208} INFO - Processing /home/airflow/.local/lib/python3.12/site-packages/airflow/example_dags/example_subdag_operator.py took 0.474 seconds
[2024-12-07T17:24:37.097+0000] {processor.py:186} INFO - Started process (PID=1211) to work on /home/airflow/.local/lib/python3.12/site-packages/airflow/example_dags/example_subdag_operator.py
[2024-12-07T17:24:37.100+0000] {processor.py:914} INFO - Processing file /home/airflow/.local/lib/python3.12/site-packages/airflow/example_dags/example_subdag_operator.py for tasks to queue
[2024-12-07T17:24:37.104+0000] {logging_mixin.py:190} INFO - [2024-12-07T17:24:37.103+0000] {dagbag.py:588} INFO - Filling up the DagBag from /home/airflow/.local/lib/python3.12/site-packages/airflow/example_dags/example_subdag_operator.py
[2024-12-07T17:24:37.174+0000] {processor.py:925} INFO - DAG(s) 'example_subdag_operator.section-1', 'example_subdag_operator.section-2', 'example_subdag_operator' retrieved from /home/airflow/.local/lib/python3.12/site-packages/airflow/example_dags/example_subdag_operator.py
[2024-12-07T17:24:37.214+0000] {logging_mixin.py:190} INFO - [2024-12-07T17:24:37.213+0000] {dag.py:3239} INFO - Sync 3 DAGs
[2024-12-07T17:24:37.274+0000] {logging_mixin.py:190} INFO - [2024-12-07T17:24:37.273+0000] {dag.py:4180} INFO - Setting next_dagrun for example_subdag_operator to 2022-01-01 00:00:00+00:00, run_after=2022-01-01 00:00:00+00:00
[2024-12-07T17:24:37.284+0000] {logging_mixin.py:190} INFO - [2024-12-07T17:24:37.283+0000] {dag.py:4180} INFO - Setting next_dagrun for example_subdag_operator.section-1 to None, run_after=None
[2024-12-07T17:24:37.287+0000] {logging_mixin.py:190} INFO - [2024-12-07T17:24:37.287+0000] {dag.py:4180} INFO - Setting next_dagrun for example_subdag_operator.section-2 to None, run_after=None
[2024-12-07T17:24:37.307+0000] {logging_mixin.py:190} INFO - [2024-12-07T17:24:37.306+0000] {dag.py:3239} INFO - Sync 2 DAGs
[2024-12-07T17:24:37.322+0000] {logging_mixin.py:190} INFO - [2024-12-07T17:24:37.322+0000] {dag.py:4180} INFO - Setting next_dagrun for example_subdag_operator.section-1 to None, run_after=None
[2024-12-07T17:24:37.324+0000] {logging_mixin.py:190} INFO - [2024-12-07T17:24:37.323+0000] {dag.py:4180} INFO - Setting next_dagrun for example_subdag_operator.section-2 to None, run_after=None
[2024-12-07T17:24:37.352+0000] {processor.py:208} INFO - Processing /home/airflow/.local/lib/python3.12/site-packages/airflow/example_dags/example_subdag_operator.py took 0.270 seconds
[2024-12-07T17:25:07.678+0000] {processor.py:186} INFO - Started process (PID=1502) to work on /home/airflow/.local/lib/python3.12/site-packages/airflow/example_dags/example_subdag_operator.py
[2024-12-07T17:25:07.680+0000] {processor.py:914} INFO - Processing file /home/airflow/.local/lib/python3.12/site-packages/airflow/example_dags/example_subdag_operator.py for tasks to queue
[2024-12-07T17:25:07.685+0000] {logging_mixin.py:190} INFO - [2024-12-07T17:25:07.684+0000] {dagbag.py:588} INFO - Filling up the DagBag from /home/airflow/.local/lib/python3.12/site-packages/airflow/example_dags/example_subdag_operator.py
[2024-12-07T17:25:07.737+0000] {processor.py:925} INFO - DAG(s) 'example_subdag_operator.section-1', 'example_subdag_operator.section-2', 'example_subdag_operator' retrieved from /home/airflow/.local/lib/python3.12/site-packages/airflow/example_dags/example_subdag_operator.py
[2024-12-07T17:25:07.775+0000] {logging_mixin.py:190} INFO - [2024-12-07T17:25:07.774+0000] {dag.py:3239} INFO - Sync 3 DAGs
[2024-12-07T17:25:07.834+0000] {logging_mixin.py:190} INFO - [2024-12-07T17:25:07.834+0000] {dag.py:4180} INFO - Setting next_dagrun for example_subdag_operator to 2022-01-01 00:00:00+00:00, run_after=2022-01-01 00:00:00+00:00
[2024-12-07T17:25:07.846+0000] {logging_mixin.py:190} INFO - [2024-12-07T17:25:07.845+0000] {dag.py:4180} INFO - Setting next_dagrun for example_subdag_operator.section-1 to None, run_after=None
[2024-12-07T17:25:07.849+0000] {logging_mixin.py:190} INFO - [2024-12-07T17:25:07.849+0000] {dag.py:4180} INFO - Setting next_dagrun for example_subdag_operator.section-2 to None, run_after=None
[2024-12-07T17:25:07.875+0000] {logging_mixin.py:190} INFO - [2024-12-07T17:25:07.875+0000] {dag.py:3239} INFO - Sync 2 DAGs
[2024-12-07T17:25:07.897+0000] {logging_mixin.py:190} INFO - [2024-12-07T17:25:07.897+0000] {dag.py:4180} INFO - Setting next_dagrun for example_subdag_operator.section-1 to None, run_after=None
[2024-12-07T17:25:07.901+0000] {logging_mixin.py:190} INFO - [2024-12-07T17:25:07.899+0000] {dag.py:4180} INFO - Setting next_dagrun for example_subdag_operator.section-2 to None, run_after=None
[2024-12-07T17:25:07.955+0000] {processor.py:208} INFO - Processing /home/airflow/.local/lib/python3.12/site-packages/airflow/example_dags/example_subdag_operator.py took 0.289 seconds
[2024-12-07T17:25:38.542+0000] {processor.py:186} INFO - Started process (PID=1791) to work on /home/airflow/.local/lib/python3.12/site-packages/airflow/example_dags/example_subdag_operator.py
[2024-12-07T17:25:38.544+0000] {processor.py:914} INFO - Processing file /home/airflow/.local/lib/python3.12/site-packages/airflow/example_dags/example_subdag_operator.py for tasks to queue
[2024-12-07T17:25:38.547+0000] {logging_mixin.py:190} INFO - [2024-12-07T17:25:38.546+0000] {dagbag.py:588} INFO - Filling up the DagBag from /home/airflow/.local/lib/python3.12/site-packages/airflow/example_dags/example_subdag_operator.py
[2024-12-07T17:25:38.579+0000] {processor.py:925} INFO - DAG(s) 'example_subdag_operator.section-1', 'example_subdag_operator.section-2', 'example_subdag_operator' retrieved from /home/airflow/.local/lib/python3.12/site-packages/airflow/example_dags/example_subdag_operator.py
[2024-12-07T17:25:38.600+0000] {logging_mixin.py:190} INFO - [2024-12-07T17:25:38.600+0000] {dag.py:3239} INFO - Sync 3 DAGs
[2024-12-07T17:25:38.633+0000] {logging_mixin.py:190} INFO - [2024-12-07T17:25:38.632+0000] {dag.py:4180} INFO - Setting next_dagrun for example_subdag_operator to 2022-01-01 00:00:00+00:00, run_after=2022-01-01 00:00:00+00:00
[2024-12-07T17:25:38.640+0000] {logging_mixin.py:190} INFO - [2024-12-07T17:25:38.639+0000] {dag.py:4180} INFO - Setting next_dagrun for example_subdag_operator.section-1 to None, run_after=None
[2024-12-07T17:25:38.642+0000] {logging_mixin.py:190} INFO - [2024-12-07T17:25:38.642+0000] {dag.py:4180} INFO - Setting next_dagrun for example_subdag_operator.section-2 to None, run_after=None
[2024-12-07T17:25:38.652+0000] {logging_mixin.py:190} INFO - [2024-12-07T17:25:38.651+0000] {dag.py:3239} INFO - Sync 2 DAGs
[2024-12-07T17:25:38.662+0000] {logging_mixin.py:190} INFO - [2024-12-07T17:25:38.661+0000] {dag.py:4180} INFO - Setting next_dagrun for example_subdag_operator.section-1 to None, run_after=None
[2024-12-07T17:25:38.663+0000] {logging_mixin.py:190} INFO - [2024-12-07T17:25:38.662+0000] {dag.py:4180} INFO - Setting next_dagrun for example_subdag_operator.section-2 to None, run_after=None
[2024-12-07T17:25:38.684+0000] {processor.py:208} INFO - Processing /home/airflow/.local/lib/python3.12/site-packages/airflow/example_dags/example_subdag_operator.py took 0.151 seconds
[2024-12-07T17:26:09.254+0000] {processor.py:186} INFO - Started process (PID=2080) to work on /home/airflow/.local/lib/python3.12/site-packages/airflow/example_dags/example_subdag_operator.py
[2024-12-07T17:26:09.256+0000] {processor.py:914} INFO - Processing file /home/airflow/.local/lib/python3.12/site-packages/airflow/example_dags/example_subdag_operator.py for tasks to queue
[2024-12-07T17:26:09.261+0000] {logging_mixin.py:190} INFO - [2024-12-07T17:26:09.260+0000] {dagbag.py:588} INFO - Filling up the DagBag from /home/airflow/.local/lib/python3.12/site-packages/airflow/example_dags/example_subdag_operator.py
[2024-12-07T17:26:09.319+0000] {processor.py:925} INFO - DAG(s) 'example_subdag_operator.section-1', 'example_subdag_operator.section-2', 'example_subdag_operator' retrieved from /home/airflow/.local/lib/python3.12/site-packages/airflow/example_dags/example_subdag_operator.py
[2024-12-07T17:26:09.351+0000] {logging_mixin.py:190} INFO - [2024-12-07T17:26:09.350+0000] {dag.py:3239} INFO - Sync 3 DAGs
[2024-12-07T17:26:09.414+0000] {logging_mixin.py:190} INFO - [2024-12-07T17:26:09.414+0000] {dag.py:4180} INFO - Setting next_dagrun for example_subdag_operator to 2022-01-01 00:00:00+00:00, run_after=2022-01-01 00:00:00+00:00
[2024-12-07T17:26:09.422+0000] {logging_mixin.py:190} INFO - [2024-12-07T17:26:09.422+0000] {dag.py:4180} INFO - Setting next_dagrun for example_subdag_operator.section-1 to None, run_after=None
[2024-12-07T17:26:09.426+0000] {logging_mixin.py:190} INFO - [2024-12-07T17:26:09.426+0000] {dag.py:4180} INFO - Setting next_dagrun for example_subdag_operator.section-2 to None, run_after=None
[2024-12-07T17:26:09.450+0000] {logging_mixin.py:190} INFO - [2024-12-07T17:26:09.450+0000] {dag.py:3239} INFO - Sync 2 DAGs
[2024-12-07T17:26:09.462+0000] {logging_mixin.py:190} INFO - [2024-12-07T17:26:09.462+0000] {dag.py:4180} INFO - Setting next_dagrun for example_subdag_operator.section-1 to None, run_after=None
[2024-12-07T17:26:09.463+0000] {logging_mixin.py:190} INFO - [2024-12-07T17:26:09.463+0000] {dag.py:4180} INFO - Setting next_dagrun for example_subdag_operator.section-2 to None, run_after=None
[2024-12-07T17:26:09.487+0000] {processor.py:208} INFO - Processing /home/airflow/.local/lib/python3.12/site-packages/airflow/example_dags/example_subdag_operator.py took 0.244 seconds
[2024-12-07T17:26:39.984+0000] {processor.py:186} INFO - Started process (PID=2367) to work on /home/airflow/.local/lib/python3.12/site-packages/airflow/example_dags/example_subdag_operator.py
[2024-12-07T17:26:39.986+0000] {processor.py:914} INFO - Processing file /home/airflow/.local/lib/python3.12/site-packages/airflow/example_dags/example_subdag_operator.py for tasks to queue
[2024-12-07T17:26:39.990+0000] {logging_mixin.py:190} INFO - [2024-12-07T17:26:39.990+0000] {dagbag.py:588} INFO - Filling up the DagBag from /home/airflow/.local/lib/python3.12/site-packages/airflow/example_dags/example_subdag_operator.py
[2024-12-07T17:26:40.022+0000] {processor.py:925} INFO - DAG(s) 'example_subdag_operator.section-1', 'example_subdag_operator.section-2', 'example_subdag_operator' retrieved from /home/airflow/.local/lib/python3.12/site-packages/airflow/example_dags/example_subdag_operator.py
[2024-12-07T17:26:40.040+0000] {logging_mixin.py:190} INFO - [2024-12-07T17:26:40.040+0000] {dag.py:3239} INFO - Sync 3 DAGs
[2024-12-07T17:26:40.069+0000] {logging_mixin.py:190} INFO - [2024-12-07T17:26:40.069+0000] {dag.py:4180} INFO - Setting next_dagrun for example_subdag_operator to 2022-01-01 00:00:00+00:00, run_after=2022-01-01 00:00:00+00:00
[2024-12-07T17:26:40.074+0000] {logging_mixin.py:190} INFO - [2024-12-07T17:26:40.073+0000] {dag.py:4180} INFO - Setting next_dagrun for example_subdag_operator.section-1 to None, run_after=None
[2024-12-07T17:26:40.076+0000] {logging_mixin.py:190} INFO - [2024-12-07T17:26:40.076+0000] {dag.py:4180} INFO - Setting next_dagrun for example_subdag_operator.section-2 to None, run_after=None
[2024-12-07T17:26:40.085+0000] {logging_mixin.py:190} INFO - [2024-12-07T17:26:40.085+0000] {dag.py:3239} INFO - Sync 2 DAGs
[2024-12-07T17:26:40.093+0000] {logging_mixin.py:190} INFO - [2024-12-07T17:26:40.092+0000] {dag.py:4180} INFO - Setting next_dagrun for example_subdag_operator.section-1 to None, run_after=None
[2024-12-07T17:26:40.094+0000] {logging_mixin.py:190} INFO - [2024-12-07T17:26:40.093+0000] {dag.py:4180} INFO - Setting next_dagrun for example_subdag_operator.section-2 to None, run_after=None
[2024-12-07T17:26:40.110+0000] {processor.py:208} INFO - Processing /home/airflow/.local/lib/python3.12/site-packages/airflow/example_dags/example_subdag_operator.py took 0.144 seconds
[2024-12-07T17:27:10.347+0000] {processor.py:186} INFO - Started process (PID=2658) to work on /home/airflow/.local/lib/python3.12/site-packages/airflow/example_dags/example_subdag_operator.py
[2024-12-07T17:27:10.348+0000] {processor.py:914} INFO - Processing file /home/airflow/.local/lib/python3.12/site-packages/airflow/example_dags/example_subdag_operator.py for tasks to queue
[2024-12-07T17:27:10.351+0000] {logging_mixin.py:190} INFO - [2024-12-07T17:27:10.351+0000] {dagbag.py:588} INFO - Filling up the DagBag from /home/airflow/.local/lib/python3.12/site-packages/airflow/example_dags/example_subdag_operator.py
[2024-12-07T17:27:10.381+0000] {processor.py:925} INFO - DAG(s) 'example_subdag_operator.section-1', 'example_subdag_operator.section-2', 'example_subdag_operator' retrieved from /home/airflow/.local/lib/python3.12/site-packages/airflow/example_dags/example_subdag_operator.py
[2024-12-07T17:27:10.400+0000] {logging_mixin.py:190} INFO - [2024-12-07T17:27:10.400+0000] {dag.py:3239} INFO - Sync 3 DAGs
[2024-12-07T17:27:10.429+0000] {logging_mixin.py:190} INFO - [2024-12-07T17:27:10.428+0000] {dag.py:4180} INFO - Setting next_dagrun for example_subdag_operator to 2022-01-01 00:00:00+00:00, run_after=2022-01-01 00:00:00+00:00
[2024-12-07T17:27:10.433+0000] {logging_mixin.py:190} INFO - [2024-12-07T17:27:10.433+0000] {dag.py:4180} INFO - Setting next_dagrun for example_subdag_operator.section-1 to None, run_after=None
[2024-12-07T17:27:10.436+0000] {logging_mixin.py:190} INFO - [2024-12-07T17:27:10.436+0000] {dag.py:4180} INFO - Setting next_dagrun for example_subdag_operator.section-2 to None, run_after=None
[2024-12-07T17:27:10.445+0000] {logging_mixin.py:190} INFO - [2024-12-07T17:27:10.445+0000] {dag.py:3239} INFO - Sync 2 DAGs
[2024-12-07T17:27:10.454+0000] {logging_mixin.py:190} INFO - [2024-12-07T17:27:10.454+0000] {dag.py:4180} INFO - Setting next_dagrun for example_subdag_operator.section-1 to None, run_after=None
[2024-12-07T17:27:10.455+0000] {logging_mixin.py:190} INFO - [2024-12-07T17:27:10.455+0000] {dag.py:4180} INFO - Setting next_dagrun for example_subdag_operator.section-2 to None, run_after=None
[2024-12-07T17:27:10.476+0000] {processor.py:208} INFO - Processing /home/airflow/.local/lib/python3.12/site-packages/airflow/example_dags/example_subdag_operator.py took 0.136 seconds
[2024-12-07T17:27:41.353+0000] {processor.py:186} INFO - Started process (PID=2949) to work on /home/airflow/.local/lib/python3.12/site-packages/airflow/example_dags/example_subdag_operator.py
[2024-12-07T17:27:41.354+0000] {processor.py:914} INFO - Processing file /home/airflow/.local/lib/python3.12/site-packages/airflow/example_dags/example_subdag_operator.py for tasks to queue
[2024-12-07T17:27:41.357+0000] {logging_mixin.py:190} INFO - [2024-12-07T17:27:41.357+0000] {dagbag.py:588} INFO - Filling up the DagBag from /home/airflow/.local/lib/python3.12/site-packages/airflow/example_dags/example_subdag_operator.py
[2024-12-07T17:27:41.386+0000] {processor.py:925} INFO - DAG(s) 'example_subdag_operator.section-1', 'example_subdag_operator.section-2', 'example_subdag_operator' retrieved from /home/airflow/.local/lib/python3.12/site-packages/airflow/example_dags/example_subdag_operator.py
[2024-12-07T17:27:41.406+0000] {logging_mixin.py:190} INFO - [2024-12-07T17:27:41.406+0000] {dag.py:3239} INFO - Sync 3 DAGs
[2024-12-07T17:27:41.433+0000] {logging_mixin.py:190} INFO - [2024-12-07T17:27:41.433+0000] {dag.py:4180} INFO - Setting next_dagrun for example_subdag_operator to 2022-01-01 00:00:00+00:00, run_after=2022-01-01 00:00:00+00:00
[2024-12-07T17:27:41.439+0000] {logging_mixin.py:190} INFO - [2024-12-07T17:27:41.438+0000] {dag.py:4180} INFO - Setting next_dagrun for example_subdag_operator.section-1 to None, run_after=None
[2024-12-07T17:27:41.441+0000] {logging_mixin.py:190} INFO - [2024-12-07T17:27:41.441+0000] {dag.py:4180} INFO - Setting next_dagrun for example_subdag_operator.section-2 to None, run_after=None
[2024-12-07T17:27:41.450+0000] {logging_mixin.py:190} INFO - [2024-12-07T17:27:41.450+0000] {dag.py:3239} INFO - Sync 2 DAGs
[2024-12-07T17:27:41.458+0000] {logging_mixin.py:190} INFO - [2024-12-07T17:27:41.457+0000] {dag.py:4180} INFO - Setting next_dagrun for example_subdag_operator.section-1 to None, run_after=None
[2024-12-07T17:27:41.458+0000] {logging_mixin.py:190} INFO - [2024-12-07T17:27:41.458+0000] {dag.py:4180} INFO - Setting next_dagrun for example_subdag_operator.section-2 to None, run_after=None
[2024-12-07T17:27:41.475+0000] {processor.py:208} INFO - Processing /home/airflow/.local/lib/python3.12/site-packages/airflow/example_dags/example_subdag_operator.py took 0.129 seconds
[2024-12-07T17:28:15.532+0000] {processor.py:186} INFO - Started process (PID=3243) to work on /home/airflow/.local/lib/python3.12/site-packages/airflow/example_dags/example_subdag_operator.py
[2024-12-07T17:28:15.539+0000] {processor.py:914} INFO - Processing file /home/airflow/.local/lib/python3.12/site-packages/airflow/example_dags/example_subdag_operator.py for tasks to queue
[2024-12-07T17:28:15.548+0000] {logging_mixin.py:190} INFO - [2024-12-07T17:28:15.547+0000] {dagbag.py:588} INFO - Filling up the DagBag from /home/airflow/.local/lib/python3.12/site-packages/airflow/example_dags/example_subdag_operator.py
[2024-12-07T17:28:15.664+0000] {processor.py:925} INFO - DAG(s) 'example_subdag_operator.section-1', 'example_subdag_operator.section-2', 'example_subdag_operator' retrieved from /home/airflow/.local/lib/python3.12/site-packages/airflow/example_dags/example_subdag_operator.py
[2024-12-07T17:28:15.735+0000] {logging_mixin.py:190} INFO - [2024-12-07T17:28:15.735+0000] {dag.py:3239} INFO - Sync 3 DAGs
[2024-12-07T17:28:15.993+0000] {logging_mixin.py:190} INFO - [2024-12-07T17:28:15.991+0000] {dag.py:4180} INFO - Setting next_dagrun for example_subdag_operator to 2022-01-01 00:00:00+00:00, run_after=2022-01-01 00:00:00+00:00
[2024-12-07T17:28:16.076+0000] {logging_mixin.py:190} INFO - [2024-12-07T17:28:16.076+0000] {dag.py:4180} INFO - Setting next_dagrun for example_subdag_operator.section-1 to None, run_after=None
[2024-12-07T17:28:16.080+0000] {logging_mixin.py:190} INFO - [2024-12-07T17:28:16.080+0000] {dag.py:4180} INFO - Setting next_dagrun for example_subdag_operator.section-2 to None, run_after=None
[2024-12-07T17:28:16.119+0000] {logging_mixin.py:190} INFO - [2024-12-07T17:28:16.119+0000] {dag.py:3239} INFO - Sync 2 DAGs
[2024-12-07T17:28:16.143+0000] {logging_mixin.py:190} INFO - [2024-12-07T17:28:16.142+0000] {dag.py:4180} INFO - Setting next_dagrun for example_subdag_operator.section-1 to None, run_after=None
[2024-12-07T17:28:16.145+0000] {logging_mixin.py:190} INFO - [2024-12-07T17:28:16.144+0000] {dag.py:4180} INFO - Setting next_dagrun for example_subdag_operator.section-2 to None, run_after=None
[2024-12-07T17:28:16.223+0000] {processor.py:208} INFO - Processing /home/airflow/.local/lib/python3.12/site-packages/airflow/example_dags/example_subdag_operator.py took 0.724 seconds
[2024-12-07T17:28:46.509+0000] {processor.py:186} INFO - Started process (PID=3529) to work on /home/airflow/.local/lib/python3.12/site-packages/airflow/example_dags/example_subdag_operator.py
[2024-12-07T17:28:46.510+0000] {processor.py:914} INFO - Processing file /home/airflow/.local/lib/python3.12/site-packages/airflow/example_dags/example_subdag_operator.py for tasks to queue
[2024-12-07T17:28:46.513+0000] {logging_mixin.py:190} INFO - [2024-12-07T17:28:46.513+0000] {dagbag.py:588} INFO - Filling up the DagBag from /home/airflow/.local/lib/python3.12/site-packages/airflow/example_dags/example_subdag_operator.py
[2024-12-07T17:28:46.557+0000] {processor.py:925} INFO - DAG(s) 'example_subdag_operator.section-1', 'example_subdag_operator.section-2', 'example_subdag_operator' retrieved from /home/airflow/.local/lib/python3.12/site-packages/airflow/example_dags/example_subdag_operator.py
[2024-12-07T17:28:46.582+0000] {logging_mixin.py:190} INFO - [2024-12-07T17:28:46.582+0000] {dag.py:3239} INFO - Sync 3 DAGs
[2024-12-07T17:28:46.622+0000] {logging_mixin.py:190} INFO - [2024-12-07T17:28:46.622+0000] {dag.py:4180} INFO - Setting next_dagrun for example_subdag_operator to 2022-01-01 00:00:00+00:00, run_after=2022-01-01 00:00:00+00:00
[2024-12-07T17:28:46.628+0000] {logging_mixin.py:190} INFO - [2024-12-07T17:28:46.628+0000] {dag.py:4180} INFO - Setting next_dagrun for example_subdag_operator.section-1 to None, run_after=None
[2024-12-07T17:28:46.632+0000] {logging_mixin.py:190} INFO - [2024-12-07T17:28:46.631+0000] {dag.py:4180} INFO - Setting next_dagrun for example_subdag_operator.section-2 to None, run_after=None
[2024-12-07T17:28:46.645+0000] {logging_mixin.py:190} INFO - [2024-12-07T17:28:46.644+0000] {dag.py:3239} INFO - Sync 2 DAGs
[2024-12-07T17:28:46.656+0000] {logging_mixin.py:190} INFO - [2024-12-07T17:28:46.655+0000] {dag.py:4180} INFO - Setting next_dagrun for example_subdag_operator.section-1 to None, run_after=None
[2024-12-07T17:28:46.657+0000] {logging_mixin.py:190} INFO - [2024-12-07T17:28:46.656+0000] {dag.py:4180} INFO - Setting next_dagrun for example_subdag_operator.section-2 to None, run_after=None
[2024-12-07T17:28:47.179+0000] {processor.py:208} INFO - Processing /home/airflow/.local/lib/python3.12/site-packages/airflow/example_dags/example_subdag_operator.py took 0.678 seconds
[2024-12-07T17:29:17.282+0000] {processor.py:186} INFO - Started process (PID=3820) to work on /home/airflow/.local/lib/python3.12/site-packages/airflow/example_dags/example_subdag_operator.py
[2024-12-07T17:29:17.284+0000] {processor.py:914} INFO - Processing file /home/airflow/.local/lib/python3.12/site-packages/airflow/example_dags/example_subdag_operator.py for tasks to queue
[2024-12-07T17:29:17.291+0000] {logging_mixin.py:190} INFO - [2024-12-07T17:29:17.290+0000] {dagbag.py:588} INFO - Filling up the DagBag from /home/airflow/.local/lib/python3.12/site-packages/airflow/example_dags/example_subdag_operator.py
[2024-12-07T17:29:17.338+0000] {processor.py:925} INFO - DAG(s) 'example_subdag_operator.section-1', 'example_subdag_operator.section-2', 'example_subdag_operator' retrieved from /home/airflow/.local/lib/python3.12/site-packages/airflow/example_dags/example_subdag_operator.py
[2024-12-07T17:29:17.367+0000] {logging_mixin.py:190} INFO - [2024-12-07T17:29:17.366+0000] {dag.py:3239} INFO - Sync 3 DAGs
[2024-12-07T17:29:17.413+0000] {logging_mixin.py:190} INFO - [2024-12-07T17:29:17.413+0000] {dag.py:4180} INFO - Setting next_dagrun for example_subdag_operator to 2022-01-01 00:00:00+00:00, run_after=2022-01-01 00:00:00+00:00
[2024-12-07T17:29:17.425+0000] {logging_mixin.py:190} INFO - [2024-12-07T17:29:17.425+0000] {dag.py:4180} INFO - Setting next_dagrun for example_subdag_operator.section-1 to None, run_after=None
[2024-12-07T17:29:17.429+0000] {logging_mixin.py:190} INFO - [2024-12-07T17:29:17.428+0000] {dag.py:4180} INFO - Setting next_dagrun for example_subdag_operator.section-2 to None, run_after=None
[2024-12-07T17:29:17.444+0000] {logging_mixin.py:190} INFO - [2024-12-07T17:29:17.444+0000] {dag.py:3239} INFO - Sync 2 DAGs
[2024-12-07T17:29:17.453+0000] {logging_mixin.py:190} INFO - [2024-12-07T17:29:17.452+0000] {dag.py:4180} INFO - Setting next_dagrun for example_subdag_operator.section-1 to None, run_after=None
[2024-12-07T17:29:17.454+0000] {logging_mixin.py:190} INFO - [2024-12-07T17:29:17.454+0000] {dag.py:4180} INFO - Setting next_dagrun for example_subdag_operator.section-2 to None, run_after=None
[2024-12-07T17:29:17.475+0000] {processor.py:208} INFO - Processing /home/airflow/.local/lib/python3.12/site-packages/airflow/example_dags/example_subdag_operator.py took 0.206 seconds
[2024-12-07T17:29:47.842+0000] {processor.py:186} INFO - Started process (PID=4110) to work on /home/airflow/.local/lib/python3.12/site-packages/airflow/example_dags/example_subdag_operator.py
[2024-12-07T17:29:47.844+0000] {processor.py:914} INFO - Processing file /home/airflow/.local/lib/python3.12/site-packages/airflow/example_dags/example_subdag_operator.py for tasks to queue
[2024-12-07T17:29:47.847+0000] {logging_mixin.py:190} INFO - [2024-12-07T17:29:47.846+0000] {dagbag.py:588} INFO - Filling up the DagBag from /home/airflow/.local/lib/python3.12/site-packages/airflow/example_dags/example_subdag_operator.py
[2024-12-07T17:29:47.891+0000] {processor.py:925} INFO - DAG(s) 'example_subdag_operator.section-1', 'example_subdag_operator.section-2', 'example_subdag_operator' retrieved from /home/airflow/.local/lib/python3.12/site-packages/airflow/example_dags/example_subdag_operator.py
[2024-12-07T17:29:47.922+0000] {logging_mixin.py:190} INFO - [2024-12-07T17:29:47.921+0000] {dag.py:3239} INFO - Sync 3 DAGs
[2024-12-07T17:29:47.963+0000] {logging_mixin.py:190} INFO - [2024-12-07T17:29:47.962+0000] {dag.py:4180} INFO - Setting next_dagrun for example_subdag_operator to 2022-01-01 00:00:00+00:00, run_after=2022-01-01 00:00:00+00:00
[2024-12-07T17:29:47.968+0000] {logging_mixin.py:190} INFO - [2024-12-07T17:29:47.968+0000] {dag.py:4180} INFO - Setting next_dagrun for example_subdag_operator.section-1 to None, run_after=None
[2024-12-07T17:29:47.971+0000] {logging_mixin.py:190} INFO - [2024-12-07T17:29:47.971+0000] {dag.py:4180} INFO - Setting next_dagrun for example_subdag_operator.section-2 to None, run_after=None
[2024-12-07T17:29:47.987+0000] {logging_mixin.py:190} INFO - [2024-12-07T17:29:47.986+0000] {dag.py:3239} INFO - Sync 2 DAGs
[2024-12-07T17:29:47.997+0000] {logging_mixin.py:190} INFO - [2024-12-07T17:29:47.997+0000] {dag.py:4180} INFO - Setting next_dagrun for example_subdag_operator.section-1 to None, run_after=None
[2024-12-07T17:29:47.998+0000] {logging_mixin.py:190} INFO - [2024-12-07T17:29:47.998+0000] {dag.py:4180} INFO - Setting next_dagrun for example_subdag_operator.section-2 to None, run_after=None
[2024-12-07T17:29:48.024+0000] {processor.py:208} INFO - Processing /home/airflow/.local/lib/python3.12/site-packages/airflow/example_dags/example_subdag_operator.py took 0.191 seconds
[2024-12-07T17:30:18.345+0000] {processor.py:186} INFO - Started process (PID=4407) to work on /home/airflow/.local/lib/python3.12/site-packages/airflow/example_dags/example_subdag_operator.py
[2024-12-07T17:30:18.346+0000] {processor.py:914} INFO - Processing file /home/airflow/.local/lib/python3.12/site-packages/airflow/example_dags/example_subdag_operator.py for tasks to queue
[2024-12-07T17:30:18.349+0000] {logging_mixin.py:190} INFO - [2024-12-07T17:30:18.349+0000] {dagbag.py:588} INFO - Filling up the DagBag from /home/airflow/.local/lib/python3.12/site-packages/airflow/example_dags/example_subdag_operator.py
[2024-12-07T17:30:18.388+0000] {processor.py:925} INFO - DAG(s) 'example_subdag_operator.section-1', 'example_subdag_operator.section-2', 'example_subdag_operator' retrieved from /home/airflow/.local/lib/python3.12/site-packages/airflow/example_dags/example_subdag_operator.py
[2024-12-07T17:30:18.409+0000] {logging_mixin.py:190} INFO - [2024-12-07T17:30:18.408+0000] {dag.py:3239} INFO - Sync 3 DAGs
[2024-12-07T17:30:18.459+0000] {logging_mixin.py:190} INFO - [2024-12-07T17:30:18.458+0000] {dag.py:4180} INFO - Setting next_dagrun for example_subdag_operator to 2022-01-01 00:00:00+00:00, run_after=2022-01-01 00:00:00+00:00
[2024-12-07T17:30:18.467+0000] {logging_mixin.py:190} INFO - [2024-12-07T17:30:18.467+0000] {dag.py:4180} INFO - Setting next_dagrun for example_subdag_operator.section-1 to None, run_after=None
[2024-12-07T17:30:18.477+0000] {logging_mixin.py:190} INFO - [2024-12-07T17:30:18.476+0000] {dag.py:4180} INFO - Setting next_dagrun for example_subdag_operator.section-2 to None, run_after=None
[2024-12-07T17:30:18.501+0000] {logging_mixin.py:190} INFO - [2024-12-07T17:30:18.500+0000] {dag.py:3239} INFO - Sync 2 DAGs
[2024-12-07T17:30:18.512+0000] {logging_mixin.py:190} INFO - [2024-12-07T17:30:18.512+0000] {dag.py:4180} INFO - Setting next_dagrun for example_subdag_operator.section-1 to None, run_after=None
[2024-12-07T17:30:18.515+0000] {logging_mixin.py:190} INFO - [2024-12-07T17:30:18.514+0000] {dag.py:4180} INFO - Setting next_dagrun for example_subdag_operator.section-2 to None, run_after=None
[2024-12-07T17:30:18.543+0000] {processor.py:208} INFO - Processing /home/airflow/.local/lib/python3.12/site-packages/airflow/example_dags/example_subdag_operator.py took 0.206 seconds
[2024-12-07T17:30:48.608+0000] {processor.py:186} INFO - Started process (PID=4697) to work on /home/airflow/.local/lib/python3.12/site-packages/airflow/example_dags/example_subdag_operator.py
[2024-12-07T17:30:48.610+0000] {processor.py:914} INFO - Processing file /home/airflow/.local/lib/python3.12/site-packages/airflow/example_dags/example_subdag_operator.py for tasks to queue
[2024-12-07T17:30:48.635+0000] {logging_mixin.py:190} INFO - [2024-12-07T17:30:48.635+0000] {dagbag.py:588} INFO - Filling up the DagBag from /home/airflow/.local/lib/python3.12/site-packages/airflow/example_dags/example_subdag_operator.py
[2024-12-07T17:30:48.698+0000] {processor.py:925} INFO - DAG(s) 'example_subdag_operator.section-1', 'example_subdag_operator.section-2', 'example_subdag_operator' retrieved from /home/airflow/.local/lib/python3.12/site-packages/airflow/example_dags/example_subdag_operator.py
[2024-12-07T17:30:48.725+0000] {logging_mixin.py:190} INFO - [2024-12-07T17:30:48.725+0000] {dag.py:3239} INFO - Sync 3 DAGs
[2024-12-07T17:30:48.763+0000] {logging_mixin.py:190} INFO - [2024-12-07T17:30:48.762+0000] {dag.py:4180} INFO - Setting next_dagrun for example_subdag_operator to 2022-01-01 00:00:00+00:00, run_after=2022-01-01 00:00:00+00:00
[2024-12-07T17:30:48.770+0000] {logging_mixin.py:190} INFO - [2024-12-07T17:30:48.769+0000] {dag.py:4180} INFO - Setting next_dagrun for example_subdag_operator.section-1 to None, run_after=None
[2024-12-07T17:30:48.772+0000] {logging_mixin.py:190} INFO - [2024-12-07T17:30:48.772+0000] {dag.py:4180} INFO - Setting next_dagrun for example_subdag_operator.section-2 to None, run_after=None
[2024-12-07T17:30:48.784+0000] {logging_mixin.py:190} INFO - [2024-12-07T17:30:48.784+0000] {dag.py:3239} INFO - Sync 2 DAGs
[2024-12-07T17:30:48.791+0000] {logging_mixin.py:190} INFO - [2024-12-07T17:30:48.791+0000] {dag.py:4180} INFO - Setting next_dagrun for example_subdag_operator.section-1 to None, run_after=None
[2024-12-07T17:30:48.792+0000] {logging_mixin.py:190} INFO - [2024-12-07T17:30:48.792+0000] {dag.py:4180} INFO - Setting next_dagrun for example_subdag_operator.section-2 to None, run_after=None
[2024-12-07T17:30:48.807+0000] {processor.py:208} INFO - Processing /home/airflow/.local/lib/python3.12/site-packages/airflow/example_dags/example_subdag_operator.py took 0.208 seconds
[2024-12-07T17:31:18.961+0000] {processor.py:186} INFO - Started process (PID=4988) to work on /home/airflow/.local/lib/python3.12/site-packages/airflow/example_dags/example_subdag_operator.py
[2024-12-07T17:31:18.963+0000] {processor.py:914} INFO - Processing file /home/airflow/.local/lib/python3.12/site-packages/airflow/example_dags/example_subdag_operator.py for tasks to queue
[2024-12-07T17:31:18.966+0000] {logging_mixin.py:190} INFO - [2024-12-07T17:31:18.966+0000] {dagbag.py:588} INFO - Filling up the DagBag from /home/airflow/.local/lib/python3.12/site-packages/airflow/example_dags/example_subdag_operator.py
[2024-12-07T17:31:19.000+0000] {processor.py:925} INFO - DAG(s) 'example_subdag_operator.section-1', 'example_subdag_operator.section-2', 'example_subdag_operator' retrieved from /home/airflow/.local/lib/python3.12/site-packages/airflow/example_dags/example_subdag_operator.py
[2024-12-07T17:31:19.031+0000] {logging_mixin.py:190} INFO - [2024-12-07T17:31:19.030+0000] {dag.py:3239} INFO - Sync 3 DAGs
[2024-12-07T17:31:19.071+0000] {logging_mixin.py:190} INFO - [2024-12-07T17:31:19.070+0000] {dag.py:4180} INFO - Setting next_dagrun for example_subdag_operator to 2022-01-01 00:00:00+00:00, run_after=2022-01-01 00:00:00+00:00
[2024-12-07T17:31:19.076+0000] {logging_mixin.py:190} INFO - [2024-12-07T17:31:19.076+0000] {dag.py:4180} INFO - Setting next_dagrun for example_subdag_operator.section-1 to None, run_after=None
[2024-12-07T17:31:19.079+0000] {logging_mixin.py:190} INFO - [2024-12-07T17:31:19.079+0000] {dag.py:4180} INFO - Setting next_dagrun for example_subdag_operator.section-2 to None, run_after=None
[2024-12-07T17:31:19.089+0000] {logging_mixin.py:190} INFO - [2024-12-07T17:31:19.089+0000] {dag.py:3239} INFO - Sync 2 DAGs
[2024-12-07T17:31:19.098+0000] {logging_mixin.py:190} INFO - [2024-12-07T17:31:19.097+0000] {dag.py:4180} INFO - Setting next_dagrun for example_subdag_operator.section-1 to None, run_after=None
[2024-12-07T17:31:19.098+0000] {logging_mixin.py:190} INFO - [2024-12-07T17:31:19.098+0000] {dag.py:4180} INFO - Setting next_dagrun for example_subdag_operator.section-2 to None, run_after=None
[2024-12-07T17:31:19.116+0000] {processor.py:208} INFO - Processing /home/airflow/.local/lib/python3.12/site-packages/airflow/example_dags/example_subdag_operator.py took 0.163 seconds
[2024-12-07T17:31:49.745+0000] {processor.py:186} INFO - Started process (PID=5279) to work on /home/airflow/.local/lib/python3.12/site-packages/airflow/example_dags/example_subdag_operator.py
[2024-12-07T17:31:49.746+0000] {processor.py:914} INFO - Processing file /home/airflow/.local/lib/python3.12/site-packages/airflow/example_dags/example_subdag_operator.py for tasks to queue
[2024-12-07T17:31:49.748+0000] {logging_mixin.py:190} INFO - [2024-12-07T17:31:49.748+0000] {dagbag.py:588} INFO - Filling up the DagBag from /home/airflow/.local/lib/python3.12/site-packages/airflow/example_dags/example_subdag_operator.py
[2024-12-07T17:31:49.778+0000] {processor.py:925} INFO - DAG(s) 'example_subdag_operator.section-1', 'example_subdag_operator.section-2', 'example_subdag_operator' retrieved from /home/airflow/.local/lib/python3.12/site-packages/airflow/example_dags/example_subdag_operator.py
[2024-12-07T17:31:49.797+0000] {logging_mixin.py:190} INFO - [2024-12-07T17:31:49.797+0000] {dag.py:3239} INFO - Sync 3 DAGs
[2024-12-07T17:31:49.825+0000] {logging_mixin.py:190} INFO - [2024-12-07T17:31:49.825+0000] {dag.py:4180} INFO - Setting next_dagrun for example_subdag_operator to 2022-01-01 00:00:00+00:00, run_after=2022-01-01 00:00:00+00:00
[2024-12-07T17:31:49.830+0000] {logging_mixin.py:190} INFO - [2024-12-07T17:31:49.829+0000] {dag.py:4180} INFO - Setting next_dagrun for example_subdag_operator.section-1 to None, run_after=None
[2024-12-07T17:31:49.832+0000] {logging_mixin.py:190} INFO - [2024-12-07T17:31:49.831+0000] {dag.py:4180} INFO - Setting next_dagrun for example_subdag_operator.section-2 to None, run_after=None
[2024-12-07T17:31:49.841+0000] {logging_mixin.py:190} INFO - [2024-12-07T17:31:49.840+0000] {dag.py:3239} INFO - Sync 2 DAGs
[2024-12-07T17:31:49.848+0000] {logging_mixin.py:190} INFO - [2024-12-07T17:31:49.848+0000] {dag.py:4180} INFO - Setting next_dagrun for example_subdag_operator.section-1 to None, run_after=None
[2024-12-07T17:31:49.849+0000] {logging_mixin.py:190} INFO - [2024-12-07T17:31:49.849+0000] {dag.py:4180} INFO - Setting next_dagrun for example_subdag_operator.section-2 to None, run_after=None
[2024-12-07T17:31:49.869+0000] {processor.py:208} INFO - Processing /home/airflow/.local/lib/python3.12/site-packages/airflow/example_dags/example_subdag_operator.py took 0.132 seconds
[2024-12-07T17:32:20.704+0000] {processor.py:186} INFO - Started process (PID=5569) to work on /home/airflow/.local/lib/python3.12/site-packages/airflow/example_dags/example_subdag_operator.py
[2024-12-07T17:32:20.706+0000] {processor.py:914} INFO - Processing file /home/airflow/.local/lib/python3.12/site-packages/airflow/example_dags/example_subdag_operator.py for tasks to queue
[2024-12-07T17:32:20.713+0000] {logging_mixin.py:190} INFO - [2024-12-07T17:32:20.713+0000] {dagbag.py:588} INFO - Filling up the DagBag from /home/airflow/.local/lib/python3.12/site-packages/airflow/example_dags/example_subdag_operator.py
[2024-12-07T17:32:20.760+0000] {processor.py:925} INFO - DAG(s) 'example_subdag_operator.section-1', 'example_subdag_operator.section-2', 'example_subdag_operator' retrieved from /home/airflow/.local/lib/python3.12/site-packages/airflow/example_dags/example_subdag_operator.py
[2024-12-07T17:32:20.795+0000] {logging_mixin.py:190} INFO - [2024-12-07T17:32:20.794+0000] {dag.py:3239} INFO - Sync 3 DAGs
[2024-12-07T17:32:20.858+0000] {logging_mixin.py:190} INFO - [2024-12-07T17:32:20.857+0000] {dag.py:4180} INFO - Setting next_dagrun for example_subdag_operator to 2022-01-01 00:00:00+00:00, run_after=2022-01-01 00:00:00+00:00
[2024-12-07T17:32:20.865+0000] {logging_mixin.py:190} INFO - [2024-12-07T17:32:20.865+0000] {dag.py:4180} INFO - Setting next_dagrun for example_subdag_operator.section-1 to None, run_after=None
[2024-12-07T17:32:20.869+0000] {logging_mixin.py:190} INFO - [2024-12-07T17:32:20.869+0000] {dag.py:4180} INFO - Setting next_dagrun for example_subdag_operator.section-2 to None, run_after=None
[2024-12-07T17:32:20.887+0000] {logging_mixin.py:190} INFO - [2024-12-07T17:32:20.886+0000] {dag.py:3239} INFO - Sync 2 DAGs
[2024-12-07T17:32:20.899+0000] {logging_mixin.py:190} INFO - [2024-12-07T17:32:20.898+0000] {dag.py:4180} INFO - Setting next_dagrun for example_subdag_operator.section-1 to None, run_after=None
[2024-12-07T17:32:20.900+0000] {logging_mixin.py:190} INFO - [2024-12-07T17:32:20.900+0000] {dag.py:4180} INFO - Setting next_dagrun for example_subdag_operator.section-2 to None, run_after=None
[2024-12-07T17:32:21.013+0000] {processor.py:208} INFO - Processing /home/airflow/.local/lib/python3.12/site-packages/airflow/example_dags/example_subdag_operator.py took 0.322 seconds
[2024-12-07T17:32:51.439+0000] {processor.py:186} INFO - Started process (PID=5859) to work on /home/airflow/.local/lib/python3.12/site-packages/airflow/example_dags/example_subdag_operator.py
[2024-12-07T17:32:51.440+0000] {processor.py:914} INFO - Processing file /home/airflow/.local/lib/python3.12/site-packages/airflow/example_dags/example_subdag_operator.py for tasks to queue
[2024-12-07T17:32:51.444+0000] {logging_mixin.py:190} INFO - [2024-12-07T17:32:51.443+0000] {dagbag.py:588} INFO - Filling up the DagBag from /home/airflow/.local/lib/python3.12/site-packages/airflow/example_dags/example_subdag_operator.py
[2024-12-07T17:32:51.494+0000] {processor.py:925} INFO - DAG(s) 'example_subdag_operator.section-1', 'example_subdag_operator.section-2', 'example_subdag_operator' retrieved from /home/airflow/.local/lib/python3.12/site-packages/airflow/example_dags/example_subdag_operator.py
[2024-12-07T17:32:51.522+0000] {logging_mixin.py:190} INFO - [2024-12-07T17:32:51.522+0000] {dag.py:3239} INFO - Sync 3 DAGs
[2024-12-07T17:32:51.567+0000] {logging_mixin.py:190} INFO - [2024-12-07T17:32:51.567+0000] {dag.py:4180} INFO - Setting next_dagrun for example_subdag_operator to 2022-01-01 00:00:00+00:00, run_after=2022-01-01 00:00:00+00:00
[2024-12-07T17:32:51.575+0000] {logging_mixin.py:190} INFO - [2024-12-07T17:32:51.574+0000] {dag.py:4180} INFO - Setting next_dagrun for example_subdag_operator.section-1 to None, run_after=None
[2024-12-07T17:32:51.578+0000] {logging_mixin.py:190} INFO - [2024-12-07T17:32:51.577+0000] {dag.py:4180} INFO - Setting next_dagrun for example_subdag_operator.section-2 to None, run_after=None
[2024-12-07T17:32:51.590+0000] {logging_mixin.py:190} INFO - [2024-12-07T17:32:51.590+0000] {dag.py:3239} INFO - Sync 2 DAGs
[2024-12-07T17:32:51.602+0000] {logging_mixin.py:190} INFO - [2024-12-07T17:32:51.602+0000] {dag.py:4180} INFO - Setting next_dagrun for example_subdag_operator.section-1 to None, run_after=None
[2024-12-07T17:32:51.603+0000] {logging_mixin.py:190} INFO - [2024-12-07T17:32:51.603+0000] {dag.py:4180} INFO - Setting next_dagrun for example_subdag_operator.section-2 to None, run_after=None
[2024-12-07T17:32:51.619+0000] {processor.py:208} INFO - Processing /home/airflow/.local/lib/python3.12/site-packages/airflow/example_dags/example_subdag_operator.py took 0.187 seconds
[2024-12-07T17:33:21.780+0000] {processor.py:186} INFO - Started process (PID=6150) to work on /home/airflow/.local/lib/python3.12/site-packages/airflow/example_dags/example_subdag_operator.py
[2024-12-07T17:33:21.782+0000] {processor.py:914} INFO - Processing file /home/airflow/.local/lib/python3.12/site-packages/airflow/example_dags/example_subdag_operator.py for tasks to queue
[2024-12-07T17:33:21.784+0000] {logging_mixin.py:190} INFO - [2024-12-07T17:33:21.784+0000] {dagbag.py:588} INFO - Filling up the DagBag from /home/airflow/.local/lib/python3.12/site-packages/airflow/example_dags/example_subdag_operator.py
[2024-12-07T17:33:21.818+0000] {processor.py:925} INFO - DAG(s) 'example_subdag_operator.section-1', 'example_subdag_operator.section-2', 'example_subdag_operator' retrieved from /home/airflow/.local/lib/python3.12/site-packages/airflow/example_dags/example_subdag_operator.py
[2024-12-07T17:33:21.845+0000] {logging_mixin.py:190} INFO - [2024-12-07T17:33:21.844+0000] {dag.py:3239} INFO - Sync 3 DAGs
[2024-12-07T17:33:21.882+0000] {logging_mixin.py:190} INFO - [2024-12-07T17:33:21.882+0000] {dag.py:4180} INFO - Setting next_dagrun for example_subdag_operator to 2022-01-01 00:00:00+00:00, run_after=2022-01-01 00:00:00+00:00
[2024-12-07T17:33:21.890+0000] {logging_mixin.py:190} INFO - [2024-12-07T17:33:21.890+0000] {dag.py:4180} INFO - Setting next_dagrun for example_subdag_operator.section-1 to None, run_after=None
[2024-12-07T17:33:21.893+0000] {logging_mixin.py:190} INFO - [2024-12-07T17:33:21.893+0000] {dag.py:4180} INFO - Setting next_dagrun for example_subdag_operator.section-2 to None, run_after=None
[2024-12-07T17:33:21.906+0000] {logging_mixin.py:190} INFO - [2024-12-07T17:33:21.906+0000] {dag.py:3239} INFO - Sync 2 DAGs
[2024-12-07T17:33:21.916+0000] {logging_mixin.py:190} INFO - [2024-12-07T17:33:21.915+0000] {dag.py:4180} INFO - Setting next_dagrun for example_subdag_operator.section-1 to None, run_after=None
[2024-12-07T17:33:21.917+0000] {logging_mixin.py:190} INFO - [2024-12-07T17:33:21.916+0000] {dag.py:4180} INFO - Setting next_dagrun for example_subdag_operator.section-2 to None, run_after=None
[2024-12-07T17:33:21.940+0000] {processor.py:208} INFO - Processing /home/airflow/.local/lib/python3.12/site-packages/airflow/example_dags/example_subdag_operator.py took 0.167 seconds
[2024-12-07T17:33:52.241+0000] {processor.py:186} INFO - Started process (PID=6441) to work on /home/airflow/.local/lib/python3.12/site-packages/airflow/example_dags/example_subdag_operator.py
[2024-12-07T17:33:52.243+0000] {processor.py:914} INFO - Processing file /home/airflow/.local/lib/python3.12/site-packages/airflow/example_dags/example_subdag_operator.py for tasks to queue
[2024-12-07T17:33:52.246+0000] {logging_mixin.py:190} INFO - [2024-12-07T17:33:52.246+0000] {dagbag.py:588} INFO - Filling up the DagBag from /home/airflow/.local/lib/python3.12/site-packages/airflow/example_dags/example_subdag_operator.py
[2024-12-07T17:33:52.284+0000] {processor.py:925} INFO - DAG(s) 'example_subdag_operator.section-1', 'example_subdag_operator.section-2', 'example_subdag_operator' retrieved from /home/airflow/.local/lib/python3.12/site-packages/airflow/example_dags/example_subdag_operator.py
[2024-12-07T17:33:52.315+0000] {logging_mixin.py:190} INFO - [2024-12-07T17:33:52.314+0000] {dag.py:3239} INFO - Sync 3 DAGs
[2024-12-07T17:33:52.363+0000] {logging_mixin.py:190} INFO - [2024-12-07T17:33:52.362+0000] {dag.py:4180} INFO - Setting next_dagrun for example_subdag_operator to 2022-01-01 00:00:00+00:00, run_after=2022-01-01 00:00:00+00:00
[2024-12-07T17:33:52.371+0000] {logging_mixin.py:190} INFO - [2024-12-07T17:33:52.371+0000] {dag.py:4180} INFO - Setting next_dagrun for example_subdag_operator.section-1 to None, run_after=None
[2024-12-07T17:33:52.373+0000] {logging_mixin.py:190} INFO - [2024-12-07T17:33:52.373+0000] {dag.py:4180} INFO - Setting next_dagrun for example_subdag_operator.section-2 to None, run_after=None
[2024-12-07T17:33:52.396+0000] {logging_mixin.py:190} INFO - [2024-12-07T17:33:52.395+0000] {dag.py:3239} INFO - Sync 2 DAGs
[2024-12-07T17:33:52.404+0000] {logging_mixin.py:190} INFO - [2024-12-07T17:33:52.404+0000] {dag.py:4180} INFO - Setting next_dagrun for example_subdag_operator.section-1 to None, run_after=None
[2024-12-07T17:33:52.405+0000] {logging_mixin.py:190} INFO - [2024-12-07T17:33:52.405+0000] {dag.py:4180} INFO - Setting next_dagrun for example_subdag_operator.section-2 to None, run_after=None
[2024-12-07T17:33:52.425+0000] {processor.py:208} INFO - Processing /home/airflow/.local/lib/python3.12/site-packages/airflow/example_dags/example_subdag_operator.py took 0.195 seconds
[2024-12-07T17:34:23.142+0000] {processor.py:186} INFO - Started process (PID=6732) to work on /home/airflow/.local/lib/python3.12/site-packages/airflow/example_dags/example_subdag_operator.py
[2024-12-07T17:34:23.143+0000] {processor.py:914} INFO - Processing file /home/airflow/.local/lib/python3.12/site-packages/airflow/example_dags/example_subdag_operator.py for tasks to queue
[2024-12-07T17:34:23.146+0000] {logging_mixin.py:190} INFO - [2024-12-07T17:34:23.145+0000] {dagbag.py:588} INFO - Filling up the DagBag from /home/airflow/.local/lib/python3.12/site-packages/airflow/example_dags/example_subdag_operator.py
[2024-12-07T17:34:23.175+0000] {processor.py:925} INFO - DAG(s) 'example_subdag_operator.section-1', 'example_subdag_operator.section-2', 'example_subdag_operator' retrieved from /home/airflow/.local/lib/python3.12/site-packages/airflow/example_dags/example_subdag_operator.py
[2024-12-07T17:34:23.195+0000] {logging_mixin.py:190} INFO - [2024-12-07T17:34:23.194+0000] {dag.py:3239} INFO - Sync 3 DAGs
[2024-12-07T17:34:23.225+0000] {logging_mixin.py:190} INFO - [2024-12-07T17:34:23.225+0000] {dag.py:4180} INFO - Setting next_dagrun for example_subdag_operator to 2022-01-01 00:00:00+00:00, run_after=2022-01-01 00:00:00+00:00
[2024-12-07T17:34:23.230+0000] {logging_mixin.py:190} INFO - [2024-12-07T17:34:23.230+0000] {dag.py:4180} INFO - Setting next_dagrun for example_subdag_operator.section-1 to None, run_after=None
[2024-12-07T17:34:23.232+0000] {logging_mixin.py:190} INFO - [2024-12-07T17:34:23.232+0000] {dag.py:4180} INFO - Setting next_dagrun for example_subdag_operator.section-2 to None, run_after=None
[2024-12-07T17:34:23.241+0000] {logging_mixin.py:190} INFO - [2024-12-07T17:34:23.241+0000] {dag.py:3239} INFO - Sync 2 DAGs
[2024-12-07T17:34:23.249+0000] {logging_mixin.py:190} INFO - [2024-12-07T17:34:23.249+0000] {dag.py:4180} INFO - Setting next_dagrun for example_subdag_operator.section-1 to None, run_after=None
[2024-12-07T17:34:23.250+0000] {logging_mixin.py:190} INFO - [2024-12-07T17:34:23.250+0000] {dag.py:4180} INFO - Setting next_dagrun for example_subdag_operator.section-2 to None, run_after=None
[2024-12-07T17:34:23.267+0000] {processor.py:208} INFO - Processing /home/airflow/.local/lib/python3.12/site-packages/airflow/example_dags/example_subdag_operator.py took 0.132 seconds
[2024-12-07T17:34:53.690+0000] {processor.py:186} INFO - Started process (PID=7018) to work on /home/airflow/.local/lib/python3.12/site-packages/airflow/example_dags/example_subdag_operator.py
[2024-12-07T17:34:53.691+0000] {processor.py:914} INFO - Processing file /home/airflow/.local/lib/python3.12/site-packages/airflow/example_dags/example_subdag_operator.py for tasks to queue
[2024-12-07T17:34:53.694+0000] {logging_mixin.py:190} INFO - [2024-12-07T17:34:53.694+0000] {dagbag.py:588} INFO - Filling up the DagBag from /home/airflow/.local/lib/python3.12/site-packages/airflow/example_dags/example_subdag_operator.py
[2024-12-07T17:34:53.723+0000] {processor.py:925} INFO - DAG(s) 'example_subdag_operator.section-1', 'example_subdag_operator.section-2', 'example_subdag_operator' retrieved from /home/airflow/.local/lib/python3.12/site-packages/airflow/example_dags/example_subdag_operator.py
[2024-12-07T17:34:53.742+0000] {logging_mixin.py:190} INFO - [2024-12-07T17:34:53.742+0000] {dag.py:3239} INFO - Sync 3 DAGs
[2024-12-07T17:34:53.770+0000] {logging_mixin.py:190} INFO - [2024-12-07T17:34:53.769+0000] {dag.py:4180} INFO - Setting next_dagrun for example_subdag_operator to 2022-01-01 00:00:00+00:00, run_after=2022-01-01 00:00:00+00:00
[2024-12-07T17:34:53.774+0000] {logging_mixin.py:190} INFO - [2024-12-07T17:34:53.774+0000] {dag.py:4180} INFO - Setting next_dagrun for example_subdag_operator.section-1 to None, run_after=None
[2024-12-07T17:34:53.777+0000] {logging_mixin.py:190} INFO - [2024-12-07T17:34:53.777+0000] {dag.py:4180} INFO - Setting next_dagrun for example_subdag_operator.section-2 to None, run_after=None
[2024-12-07T17:34:53.786+0000] {logging_mixin.py:190} INFO - [2024-12-07T17:34:53.785+0000] {dag.py:3239} INFO - Sync 2 DAGs
[2024-12-07T17:34:53.794+0000] {logging_mixin.py:190} INFO - [2024-12-07T17:34:53.793+0000] {dag.py:4180} INFO - Setting next_dagrun for example_subdag_operator.section-1 to None, run_after=None
[2024-12-07T17:34:53.794+0000] {logging_mixin.py:190} INFO - [2024-12-07T17:34:53.794+0000] {dag.py:4180} INFO - Setting next_dagrun for example_subdag_operator.section-2 to None, run_after=None
[2024-12-07T17:34:53.810+0000] {processor.py:208} INFO - Processing /home/airflow/.local/lib/python3.12/site-packages/airflow/example_dags/example_subdag_operator.py took 0.128 seconds
[2024-12-07T17:35:24.486+0000] {processor.py:186} INFO - Started process (PID=7304) to work on /home/airflow/.local/lib/python3.12/site-packages/airflow/example_dags/example_subdag_operator.py
[2024-12-07T17:35:24.488+0000] {processor.py:914} INFO - Processing file /home/airflow/.local/lib/python3.12/site-packages/airflow/example_dags/example_subdag_operator.py for tasks to queue
[2024-12-07T17:35:24.498+0000] {logging_mixin.py:190} INFO - [2024-12-07T17:35:24.498+0000] {dagbag.py:588} INFO - Filling up the DagBag from /home/airflow/.local/lib/python3.12/site-packages/airflow/example_dags/example_subdag_operator.py
[2024-12-07T17:35:24.556+0000] {processor.py:925} INFO - DAG(s) 'example_subdag_operator.section-1', 'example_subdag_operator.section-2', 'example_subdag_operator' retrieved from /home/airflow/.local/lib/python3.12/site-packages/airflow/example_dags/example_subdag_operator.py
[2024-12-07T17:35:24.600+0000] {logging_mixin.py:190} INFO - [2024-12-07T17:35:24.599+0000] {dag.py:3239} INFO - Sync 3 DAGs
[2024-12-07T17:35:24.650+0000] {logging_mixin.py:190} INFO - [2024-12-07T17:35:24.650+0000] {dag.py:4180} INFO - Setting next_dagrun for example_subdag_operator to 2022-01-01 00:00:00+00:00, run_after=2022-01-01 00:00:00+00:00
[2024-12-07T17:35:24.660+0000] {logging_mixin.py:190} INFO - [2024-12-07T17:35:24.660+0000] {dag.py:4180} INFO - Setting next_dagrun for example_subdag_operator.section-1 to None, run_after=None
[2024-12-07T17:35:24.666+0000] {logging_mixin.py:190} INFO - [2024-12-07T17:35:24.666+0000] {dag.py:4180} INFO - Setting next_dagrun for example_subdag_operator.section-2 to None, run_after=None
[2024-12-07T17:35:24.683+0000] {logging_mixin.py:190} INFO - [2024-12-07T17:35:24.683+0000] {dag.py:3239} INFO - Sync 2 DAGs
[2024-12-07T17:35:24.700+0000] {logging_mixin.py:190} INFO - [2024-12-07T17:35:24.699+0000] {dag.py:4180} INFO - Setting next_dagrun for example_subdag_operator.section-1 to None, run_after=None
[2024-12-07T17:35:24.701+0000] {logging_mixin.py:190} INFO - [2024-12-07T17:35:24.701+0000] {dag.py:4180} INFO - Setting next_dagrun for example_subdag_operator.section-2 to None, run_after=None
[2024-12-07T17:35:24.734+0000] {processor.py:208} INFO - Processing /home/airflow/.local/lib/python3.12/site-packages/airflow/example_dags/example_subdag_operator.py took 0.261 seconds
[2024-12-07T17:35:55.423+0000] {processor.py:186} INFO - Started process (PID=7595) to work on /home/airflow/.local/lib/python3.12/site-packages/airflow/example_dags/example_subdag_operator.py
[2024-12-07T17:35:55.425+0000] {processor.py:914} INFO - Processing file /home/airflow/.local/lib/python3.12/site-packages/airflow/example_dags/example_subdag_operator.py for tasks to queue
[2024-12-07T17:35:55.435+0000] {logging_mixin.py:190} INFO - [2024-12-07T17:35:55.434+0000] {dagbag.py:588} INFO - Filling up the DagBag from /home/airflow/.local/lib/python3.12/site-packages/airflow/example_dags/example_subdag_operator.py
[2024-12-07T17:35:55.479+0000] {processor.py:925} INFO - DAG(s) 'example_subdag_operator.section-1', 'example_subdag_operator.section-2', 'example_subdag_operator' retrieved from /home/airflow/.local/lib/python3.12/site-packages/airflow/example_dags/example_subdag_operator.py
[2024-12-07T17:35:55.512+0000] {logging_mixin.py:190} INFO - [2024-12-07T17:35:55.511+0000] {dag.py:3239} INFO - Sync 3 DAGs
[2024-12-07T17:35:55.631+0000] {logging_mixin.py:190} INFO - [2024-12-07T17:35:55.630+0000] {dag.py:4180} INFO - Setting next_dagrun for example_subdag_operator to 2022-01-01 00:00:00+00:00, run_after=2022-01-01 00:00:00+00:00
[2024-12-07T17:35:55.649+0000] {logging_mixin.py:190} INFO - [2024-12-07T17:35:55.649+0000] {dag.py:4180} INFO - Setting next_dagrun for example_subdag_operator.section-1 to None, run_after=None
[2024-12-07T17:35:55.654+0000] {logging_mixin.py:190} INFO - [2024-12-07T17:35:55.654+0000] {dag.py:4180} INFO - Setting next_dagrun for example_subdag_operator.section-2 to None, run_after=None
[2024-12-07T17:35:55.688+0000] {logging_mixin.py:190} INFO - [2024-12-07T17:35:55.677+0000] {dag.py:3239} INFO - Sync 2 DAGs
[2024-12-07T17:35:55.711+0000] {logging_mixin.py:190} INFO - [2024-12-07T17:35:55.710+0000] {dag.py:4180} INFO - Setting next_dagrun for example_subdag_operator.section-1 to None, run_after=None
[2024-12-07T17:35:55.716+0000] {logging_mixin.py:190} INFO - [2024-12-07T17:35:55.716+0000] {dag.py:4180} INFO - Setting next_dagrun for example_subdag_operator.section-2 to None, run_after=None
[2024-12-07T17:35:55.756+0000] {processor.py:208} INFO - Processing /home/airflow/.local/lib/python3.12/site-packages/airflow/example_dags/example_subdag_operator.py took 0.368 seconds
[2024-12-07T17:36:26.300+0000] {processor.py:186} INFO - Started process (PID=7885) to work on /home/airflow/.local/lib/python3.12/site-packages/airflow/example_dags/example_subdag_operator.py
[2024-12-07T17:36:26.302+0000] {processor.py:914} INFO - Processing file /home/airflow/.local/lib/python3.12/site-packages/airflow/example_dags/example_subdag_operator.py for tasks to queue
[2024-12-07T17:36:26.305+0000] {logging_mixin.py:190} INFO - [2024-12-07T17:36:26.305+0000] {dagbag.py:588} INFO - Filling up the DagBag from /home/airflow/.local/lib/python3.12/site-packages/airflow/example_dags/example_subdag_operator.py
[2024-12-07T17:36:26.349+0000] {processor.py:925} INFO - DAG(s) 'example_subdag_operator.section-1', 'example_subdag_operator.section-2', 'example_subdag_operator' retrieved from /home/airflow/.local/lib/python3.12/site-packages/airflow/example_dags/example_subdag_operator.py
[2024-12-07T17:36:26.372+0000] {logging_mixin.py:190} INFO - [2024-12-07T17:36:26.372+0000] {dag.py:3239} INFO - Sync 3 DAGs
[2024-12-07T17:36:26.401+0000] {logging_mixin.py:190} INFO - [2024-12-07T17:36:26.401+0000] {dag.py:4180} INFO - Setting next_dagrun for example_subdag_operator to 2022-01-01 00:00:00+00:00, run_after=2022-01-01 00:00:00+00:00
[2024-12-07T17:36:26.406+0000] {logging_mixin.py:190} INFO - [2024-12-07T17:36:26.406+0000] {dag.py:4180} INFO - Setting next_dagrun for example_subdag_operator.section-1 to None, run_after=None
[2024-12-07T17:36:26.410+0000] {logging_mixin.py:190} INFO - [2024-12-07T17:36:26.409+0000] {dag.py:4180} INFO - Setting next_dagrun for example_subdag_operator.section-2 to None, run_after=None
[2024-12-07T17:36:26.551+0000] {logging_mixin.py:190} INFO - [2024-12-07T17:36:26.551+0000] {dag.py:3239} INFO - Sync 2 DAGs
[2024-12-07T17:36:26.559+0000] {logging_mixin.py:190} INFO - [2024-12-07T17:36:26.558+0000] {dag.py:4180} INFO - Setting next_dagrun for example_subdag_operator.section-1 to None, run_after=None
[2024-12-07T17:36:26.560+0000] {logging_mixin.py:190} INFO - [2024-12-07T17:36:26.559+0000] {dag.py:4180} INFO - Setting next_dagrun for example_subdag_operator.section-2 to None, run_after=None
[2024-12-07T17:36:27.422+0000] {processor.py:208} INFO - Processing /home/airflow/.local/lib/python3.12/site-packages/airflow/example_dags/example_subdag_operator.py took 1.131 seconds
[2024-12-07T17:36:58.409+0000] {processor.py:186} INFO - Started process (PID=8177) to work on /home/airflow/.local/lib/python3.12/site-packages/airflow/example_dags/example_subdag_operator.py
[2024-12-07T17:36:58.411+0000] {processor.py:914} INFO - Processing file /home/airflow/.local/lib/python3.12/site-packages/airflow/example_dags/example_subdag_operator.py for tasks to queue
[2024-12-07T17:36:58.414+0000] {logging_mixin.py:190} INFO - [2024-12-07T17:36:58.414+0000] {dagbag.py:588} INFO - Filling up the DagBag from /home/airflow/.local/lib/python3.12/site-packages/airflow/example_dags/example_subdag_operator.py
[2024-12-07T17:36:58.501+0000] {processor.py:925} INFO - DAG(s) 'example_subdag_operator.section-1', 'example_subdag_operator.section-2', 'example_subdag_operator' retrieved from /home/airflow/.local/lib/python3.12/site-packages/airflow/example_dags/example_subdag_operator.py
[2024-12-07T17:36:58.556+0000] {logging_mixin.py:190} INFO - [2024-12-07T17:36:58.556+0000] {dag.py:3239} INFO - Sync 3 DAGs
[2024-12-07T17:36:58.638+0000] {logging_mixin.py:190} INFO - [2024-12-07T17:36:58.638+0000] {dag.py:4180} INFO - Setting next_dagrun for example_subdag_operator to 2022-01-01 00:00:00+00:00, run_after=2022-01-01 00:00:00+00:00
[2024-12-07T17:36:58.646+0000] {logging_mixin.py:190} INFO - [2024-12-07T17:36:58.646+0000] {dag.py:4180} INFO - Setting next_dagrun for example_subdag_operator.section-1 to None, run_after=None
[2024-12-07T17:36:58.649+0000] {logging_mixin.py:190} INFO - [2024-12-07T17:36:58.649+0000] {dag.py:4180} INFO - Setting next_dagrun for example_subdag_operator.section-2 to None, run_after=None
[2024-12-07T17:36:58.663+0000] {logging_mixin.py:190} INFO - [2024-12-07T17:36:58.663+0000] {dag.py:3239} INFO - Sync 2 DAGs
[2024-12-07T17:36:58.674+0000] {logging_mixin.py:190} INFO - [2024-12-07T17:36:58.674+0000] {dag.py:4180} INFO - Setting next_dagrun for example_subdag_operator.section-1 to None, run_after=None
[2024-12-07T17:36:58.676+0000] {logging_mixin.py:190} INFO - [2024-12-07T17:36:58.675+0000] {dag.py:4180} INFO - Setting next_dagrun for example_subdag_operator.section-2 to None, run_after=None
[2024-12-07T17:36:58.731+0000] {processor.py:208} INFO - Processing /home/airflow/.local/lib/python3.12/site-packages/airflow/example_dags/example_subdag_operator.py took 0.335 seconds
[2024-12-07T17:37:28.899+0000] {processor.py:186} INFO - Started process (PID=8468) to work on /home/airflow/.local/lib/python3.12/site-packages/airflow/example_dags/example_subdag_operator.py
[2024-12-07T17:37:28.901+0000] {processor.py:914} INFO - Processing file /home/airflow/.local/lib/python3.12/site-packages/airflow/example_dags/example_subdag_operator.py for tasks to queue
[2024-12-07T17:37:28.909+0000] {logging_mixin.py:190} INFO - [2024-12-07T17:37:28.909+0000] {dagbag.py:588} INFO - Filling up the DagBag from /home/airflow/.local/lib/python3.12/site-packages/airflow/example_dags/example_subdag_operator.py
[2024-12-07T17:37:29.007+0000] {processor.py:925} INFO - DAG(s) 'example_subdag_operator.section-1', 'example_subdag_operator.section-2', 'example_subdag_operator' retrieved from /home/airflow/.local/lib/python3.12/site-packages/airflow/example_dags/example_subdag_operator.py
[2024-12-07T17:37:29.065+0000] {logging_mixin.py:190} INFO - [2024-12-07T17:37:29.065+0000] {dag.py:3239} INFO - Sync 3 DAGs
[2024-12-07T17:37:29.177+0000] {logging_mixin.py:190} INFO - [2024-12-07T17:37:29.176+0000] {dag.py:4180} INFO - Setting next_dagrun for example_subdag_operator to 2022-01-01 00:00:00+00:00, run_after=2022-01-01 00:00:00+00:00
[2024-12-07T17:37:29.189+0000] {logging_mixin.py:190} INFO - [2024-12-07T17:37:29.188+0000] {dag.py:4180} INFO - Setting next_dagrun for example_subdag_operator.section-1 to None, run_after=None
[2024-12-07T17:37:29.194+0000] {logging_mixin.py:190} INFO - [2024-12-07T17:37:29.193+0000] {dag.py:4180} INFO - Setting next_dagrun for example_subdag_operator.section-2 to None, run_after=None
[2024-12-07T17:37:29.212+0000] {logging_mixin.py:190} INFO - [2024-12-07T17:37:29.211+0000] {dag.py:3239} INFO - Sync 2 DAGs
[2024-12-07T17:37:29.226+0000] {logging_mixin.py:190} INFO - [2024-12-07T17:37:29.225+0000] {dag.py:4180} INFO - Setting next_dagrun for example_subdag_operator.section-1 to None, run_after=None
[2024-12-07T17:37:29.227+0000] {logging_mixin.py:190} INFO - [2024-12-07T17:37:29.226+0000] {dag.py:4180} INFO - Setting next_dagrun for example_subdag_operator.section-2 to None, run_after=None
[2024-12-07T17:37:29.255+0000] {processor.py:208} INFO - Processing /home/airflow/.local/lib/python3.12/site-packages/airflow/example_dags/example_subdag_operator.py took 0.382 seconds
[2024-12-07T17:38:01.462+0000] {processor.py:186} INFO - Started process (PID=8759) to work on /home/airflow/.local/lib/python3.12/site-packages/airflow/example_dags/example_subdag_operator.py
[2024-12-07T17:38:01.464+0000] {processor.py:914} INFO - Processing file /home/airflow/.local/lib/python3.12/site-packages/airflow/example_dags/example_subdag_operator.py for tasks to queue
[2024-12-07T17:38:01.470+0000] {logging_mixin.py:190} INFO - [2024-12-07T17:38:01.469+0000] {dagbag.py:588} INFO - Filling up the DagBag from /home/airflow/.local/lib/python3.12/site-packages/airflow/example_dags/example_subdag_operator.py
[2024-12-07T17:38:01.585+0000] {processor.py:925} INFO - DAG(s) 'example_subdag_operator.section-1', 'example_subdag_operator.section-2', 'example_subdag_operator' retrieved from /home/airflow/.local/lib/python3.12/site-packages/airflow/example_dags/example_subdag_operator.py
[2024-12-07T17:38:01.635+0000] {logging_mixin.py:190} INFO - [2024-12-07T17:38:01.634+0000] {dag.py:3239} INFO - Sync 3 DAGs
[2024-12-07T17:38:01.693+0000] {logging_mixin.py:190} INFO - [2024-12-07T17:38:01.693+0000] {dag.py:4180} INFO - Setting next_dagrun for example_subdag_operator to 2022-01-01 00:00:00+00:00, run_after=2022-01-01 00:00:00+00:00
[2024-12-07T17:38:01.705+0000] {logging_mixin.py:190} INFO - [2024-12-07T17:38:01.705+0000] {dag.py:4180} INFO - Setting next_dagrun for example_subdag_operator.section-1 to None, run_after=None
[2024-12-07T17:38:01.712+0000] {logging_mixin.py:190} INFO - [2024-12-07T17:38:01.711+0000] {dag.py:4180} INFO - Setting next_dagrun for example_subdag_operator.section-2 to None, run_after=None
[2024-12-07T17:38:01.727+0000] {logging_mixin.py:190} INFO - [2024-12-07T17:38:01.727+0000] {dag.py:3239} INFO - Sync 2 DAGs
[2024-12-07T17:38:01.749+0000] {logging_mixin.py:190} INFO - [2024-12-07T17:38:01.749+0000] {dag.py:4180} INFO - Setting next_dagrun for example_subdag_operator.section-1 to None, run_after=None
[2024-12-07T17:38:01.750+0000] {logging_mixin.py:190} INFO - [2024-12-07T17:38:01.750+0000] {dag.py:4180} INFO - Setting next_dagrun for example_subdag_operator.section-2 to None, run_after=None
[2024-12-07T17:38:01.801+0000] {processor.py:208} INFO - Processing /home/airflow/.local/lib/python3.12/site-packages/airflow/example_dags/example_subdag_operator.py took 0.363 seconds
[2024-12-07T17:38:33.371+0000] {processor.py:186} INFO - Started process (PID=9050) to work on /home/airflow/.local/lib/python3.12/site-packages/airflow/example_dags/example_subdag_operator.py
[2024-12-07T17:38:33.374+0000] {processor.py:914} INFO - Processing file /home/airflow/.local/lib/python3.12/site-packages/airflow/example_dags/example_subdag_operator.py for tasks to queue
[2024-12-07T17:38:33.380+0000] {logging_mixin.py:190} INFO - [2024-12-07T17:38:33.379+0000] {dagbag.py:588} INFO - Filling up the DagBag from /home/airflow/.local/lib/python3.12/site-packages/airflow/example_dags/example_subdag_operator.py
[2024-12-07T17:38:33.438+0000] {processor.py:925} INFO - DAG(s) 'example_subdag_operator.section-1', 'example_subdag_operator.section-2', 'example_subdag_operator' retrieved from /home/airflow/.local/lib/python3.12/site-packages/airflow/example_dags/example_subdag_operator.py
[2024-12-07T17:38:33.482+0000] {logging_mixin.py:190} INFO - [2024-12-07T17:38:33.481+0000] {dag.py:3239} INFO - Sync 3 DAGs
[2024-12-07T17:38:33.540+0000] {logging_mixin.py:190} INFO - [2024-12-07T17:38:33.539+0000] {dag.py:4180} INFO - Setting next_dagrun for example_subdag_operator to 2022-01-01 00:00:00+00:00, run_after=2022-01-01 00:00:00+00:00
[2024-12-07T17:38:33.548+0000] {logging_mixin.py:190} INFO - [2024-12-07T17:38:33.548+0000] {dag.py:4180} INFO - Setting next_dagrun for example_subdag_operator.section-1 to None, run_after=None
[2024-12-07T17:38:33.556+0000] {logging_mixin.py:190} INFO - [2024-12-07T17:38:33.556+0000] {dag.py:4180} INFO - Setting next_dagrun for example_subdag_operator.section-2 to None, run_after=None
[2024-12-07T17:38:33.575+0000] {logging_mixin.py:190} INFO - [2024-12-07T17:38:33.574+0000] {dag.py:3239} INFO - Sync 2 DAGs
[2024-12-07T17:38:33.592+0000] {logging_mixin.py:190} INFO - [2024-12-07T17:38:33.591+0000] {dag.py:4180} INFO - Setting next_dagrun for example_subdag_operator.section-1 to None, run_after=None
[2024-12-07T17:38:33.594+0000] {logging_mixin.py:190} INFO - [2024-12-07T17:38:33.593+0000] {dag.py:4180} INFO - Setting next_dagrun for example_subdag_operator.section-2 to None, run_after=None
[2024-12-07T17:38:33.640+0000] {processor.py:208} INFO - Processing /home/airflow/.local/lib/python3.12/site-packages/airflow/example_dags/example_subdag_operator.py took 0.285 seconds
[2024-12-07T17:39:03.979+0000] {processor.py:186} INFO - Started process (PID=9338) to work on /home/airflow/.local/lib/python3.12/site-packages/airflow/example_dags/example_subdag_operator.py
[2024-12-07T17:39:03.980+0000] {processor.py:914} INFO - Processing file /home/airflow/.local/lib/python3.12/site-packages/airflow/example_dags/example_subdag_operator.py for tasks to queue
[2024-12-07T17:39:03.983+0000] {logging_mixin.py:190} INFO - [2024-12-07T17:39:03.983+0000] {dagbag.py:588} INFO - Filling up the DagBag from /home/airflow/.local/lib/python3.12/site-packages/airflow/example_dags/example_subdag_operator.py
[2024-12-07T17:39:04.015+0000] {processor.py:925} INFO - DAG(s) 'example_subdag_operator.section-1', 'example_subdag_operator.section-2', 'example_subdag_operator' retrieved from /home/airflow/.local/lib/python3.12/site-packages/airflow/example_dags/example_subdag_operator.py
[2024-12-07T17:39:04.036+0000] {logging_mixin.py:190} INFO - [2024-12-07T17:39:04.036+0000] {dag.py:3239} INFO - Sync 3 DAGs
[2024-12-07T17:39:04.066+0000] {logging_mixin.py:190} INFO - [2024-12-07T17:39:04.066+0000] {dag.py:4180} INFO - Setting next_dagrun for example_subdag_operator to 2022-01-01 00:00:00+00:00, run_after=2022-01-01 00:00:00+00:00
[2024-12-07T17:39:04.071+0000] {logging_mixin.py:190} INFO - [2024-12-07T17:39:04.071+0000] {dag.py:4180} INFO - Setting next_dagrun for example_subdag_operator.section-1 to None, run_after=None
[2024-12-07T17:39:04.074+0000] {logging_mixin.py:190} INFO - [2024-12-07T17:39:04.073+0000] {dag.py:4180} INFO - Setting next_dagrun for example_subdag_operator.section-2 to None, run_after=None
[2024-12-07T17:39:04.084+0000] {logging_mixin.py:190} INFO - [2024-12-07T17:39:04.084+0000] {dag.py:3239} INFO - Sync 2 DAGs
[2024-12-07T17:39:04.093+0000] {logging_mixin.py:190} INFO - [2024-12-07T17:39:04.092+0000] {dag.py:4180} INFO - Setting next_dagrun for example_subdag_operator.section-1 to None, run_after=None
[2024-12-07T17:39:04.093+0000] {logging_mixin.py:190} INFO - [2024-12-07T17:39:04.093+0000] {dag.py:4180} INFO - Setting next_dagrun for example_subdag_operator.section-2 to None, run_after=None
[2024-12-07T17:39:04.112+0000] {processor.py:208} INFO - Processing /home/airflow/.local/lib/python3.12/site-packages/airflow/example_dags/example_subdag_operator.py took 0.141 seconds
[2024-12-07T17:39:34.440+0000] {processor.py:186} INFO - Started process (PID=9628) to work on /home/airflow/.local/lib/python3.12/site-packages/airflow/example_dags/example_subdag_operator.py
[2024-12-07T17:39:34.442+0000] {processor.py:914} INFO - Processing file /home/airflow/.local/lib/python3.12/site-packages/airflow/example_dags/example_subdag_operator.py for tasks to queue
[2024-12-07T17:39:34.446+0000] {logging_mixin.py:190} INFO - [2024-12-07T17:39:34.446+0000] {dagbag.py:588} INFO - Filling up the DagBag from /home/airflow/.local/lib/python3.12/site-packages/airflow/example_dags/example_subdag_operator.py
[2024-12-07T17:39:34.495+0000] {processor.py:925} INFO - DAG(s) 'example_subdag_operator.section-1', 'example_subdag_operator.section-2', 'example_subdag_operator' retrieved from /home/airflow/.local/lib/python3.12/site-packages/airflow/example_dags/example_subdag_operator.py
[2024-12-07T17:39:34.542+0000] {logging_mixin.py:190} INFO - [2024-12-07T17:39:34.542+0000] {dag.py:3239} INFO - Sync 3 DAGs
[2024-12-07T17:39:34.685+0000] {logging_mixin.py:190} INFO - [2024-12-07T17:39:34.685+0000] {dag.py:4180} INFO - Setting next_dagrun for example_subdag_operator to 2022-01-01 00:00:00+00:00, run_after=2022-01-01 00:00:00+00:00
[2024-12-07T17:39:34.702+0000] {logging_mixin.py:190} INFO - [2024-12-07T17:39:34.702+0000] {dag.py:4180} INFO - Setting next_dagrun for example_subdag_operator.section-1 to None, run_after=None
[2024-12-07T17:39:34.708+0000] {logging_mixin.py:190} INFO - [2024-12-07T17:39:34.708+0000] {dag.py:4180} INFO - Setting next_dagrun for example_subdag_operator.section-2 to None, run_after=None
[2024-12-07T17:39:34.744+0000] {logging_mixin.py:190} INFO - [2024-12-07T17:39:34.743+0000] {dag.py:3239} INFO - Sync 2 DAGs
[2024-12-07T17:39:34.776+0000] {logging_mixin.py:190} INFO - [2024-12-07T17:39:34.776+0000] {dag.py:4180} INFO - Setting next_dagrun for example_subdag_operator.section-1 to None, run_after=None
[2024-12-07T17:39:34.778+0000] {logging_mixin.py:190} INFO - [2024-12-07T17:39:34.777+0000] {dag.py:4180} INFO - Setting next_dagrun for example_subdag_operator.section-2 to None, run_after=None
[2024-12-07T17:39:34.835+0000] {processor.py:208} INFO - Processing /home/airflow/.local/lib/python3.12/site-packages/airflow/example_dags/example_subdag_operator.py took 0.406 seconds
[2024-12-07T17:40:05.136+0000] {processor.py:186} INFO - Started process (PID=9919) to work on /home/airflow/.local/lib/python3.12/site-packages/airflow/example_dags/example_subdag_operator.py
[2024-12-07T17:40:05.138+0000] {processor.py:914} INFO - Processing file /home/airflow/.local/lib/python3.12/site-packages/airflow/example_dags/example_subdag_operator.py for tasks to queue
[2024-12-07T17:40:05.143+0000] {logging_mixin.py:190} INFO - [2024-12-07T17:40:05.143+0000] {dagbag.py:588} INFO - Filling up the DagBag from /home/airflow/.local/lib/python3.12/site-packages/airflow/example_dags/example_subdag_operator.py
[2024-12-07T17:40:05.191+0000] {processor.py:925} INFO - DAG(s) 'example_subdag_operator.section-1', 'example_subdag_operator.section-2', 'example_subdag_operator' retrieved from /home/airflow/.local/lib/python3.12/site-packages/airflow/example_dags/example_subdag_operator.py
[2024-12-07T17:40:05.211+0000] {logging_mixin.py:190} INFO - [2024-12-07T17:40:05.211+0000] {dag.py:3239} INFO - Sync 3 DAGs
[2024-12-07T17:40:05.247+0000] {logging_mixin.py:190} INFO - [2024-12-07T17:40:05.246+0000] {dag.py:4180} INFO - Setting next_dagrun for example_subdag_operator to 2022-01-01 00:00:00+00:00, run_after=2022-01-01 00:00:00+00:00
[2024-12-07T17:40:05.254+0000] {logging_mixin.py:190} INFO - [2024-12-07T17:40:05.254+0000] {dag.py:4180} INFO - Setting next_dagrun for example_subdag_operator.section-1 to None, run_after=None
[2024-12-07T17:40:05.257+0000] {logging_mixin.py:190} INFO - [2024-12-07T17:40:05.257+0000] {dag.py:4180} INFO - Setting next_dagrun for example_subdag_operator.section-2 to None, run_after=None
[2024-12-07T17:40:05.275+0000] {logging_mixin.py:190} INFO - [2024-12-07T17:40:05.275+0000] {dag.py:3239} INFO - Sync 2 DAGs
[2024-12-07T17:40:05.285+0000] {logging_mixin.py:190} INFO - [2024-12-07T17:40:05.285+0000] {dag.py:4180} INFO - Setting next_dagrun for example_subdag_operator.section-1 to None, run_after=None
[2024-12-07T17:40:05.286+0000] {logging_mixin.py:190} INFO - [2024-12-07T17:40:05.286+0000] {dag.py:4180} INFO - Setting next_dagrun for example_subdag_operator.section-2 to None, run_after=None
[2024-12-07T17:40:05.306+0000] {processor.py:208} INFO - Processing /home/airflow/.local/lib/python3.12/site-packages/airflow/example_dags/example_subdag_operator.py took 0.199 seconds
[2024-12-07T17:40:38.708+0000] {processor.py:186} INFO - Started process (PID=10210) to work on /home/airflow/.local/lib/python3.12/site-packages/airflow/example_dags/example_subdag_operator.py
[2024-12-07T17:40:38.710+0000] {processor.py:914} INFO - Processing file /home/airflow/.local/lib/python3.12/site-packages/airflow/example_dags/example_subdag_operator.py for tasks to queue
[2024-12-07T17:40:38.714+0000] {logging_mixin.py:190} INFO - [2024-12-07T17:40:38.713+0000] {dagbag.py:588} INFO - Filling up the DagBag from /home/airflow/.local/lib/python3.12/site-packages/airflow/example_dags/example_subdag_operator.py
[2024-12-07T17:40:38.757+0000] {processor.py:925} INFO - DAG(s) 'example_subdag_operator.section-1', 'example_subdag_operator.section-2', 'example_subdag_operator' retrieved from /home/airflow/.local/lib/python3.12/site-packages/airflow/example_dags/example_subdag_operator.py
[2024-12-07T17:40:38.790+0000] {logging_mixin.py:190} INFO - [2024-12-07T17:40:38.789+0000] {dag.py:3239} INFO - Sync 3 DAGs
[2024-12-07T17:40:38.830+0000] {logging_mixin.py:190} INFO - [2024-12-07T17:40:38.830+0000] {dag.py:4180} INFO - Setting next_dagrun for example_subdag_operator to 2022-01-01 00:00:00+00:00, run_after=2022-01-01 00:00:00+00:00
[2024-12-07T17:40:38.837+0000] {logging_mixin.py:190} INFO - [2024-12-07T17:40:38.836+0000] {dag.py:4180} INFO - Setting next_dagrun for example_subdag_operator.section-1 to None, run_after=None
[2024-12-07T17:40:38.840+0000] {logging_mixin.py:190} INFO - [2024-12-07T17:40:38.840+0000] {dag.py:4180} INFO - Setting next_dagrun for example_subdag_operator.section-2 to None, run_after=None
[2024-12-07T17:40:38.855+0000] {logging_mixin.py:190} INFO - [2024-12-07T17:40:38.854+0000] {dag.py:3239} INFO - Sync 2 DAGs
[2024-12-07T17:40:38.868+0000] {logging_mixin.py:190} INFO - [2024-12-07T17:40:38.868+0000] {dag.py:4180} INFO - Setting next_dagrun for example_subdag_operator.section-1 to None, run_after=None
[2024-12-07T17:40:38.869+0000] {logging_mixin.py:190} INFO - [2024-12-07T17:40:38.869+0000] {dag.py:4180} INFO - Setting next_dagrun for example_subdag_operator.section-2 to None, run_after=None
[2024-12-07T17:40:38.895+0000] {processor.py:208} INFO - Processing /home/airflow/.local/lib/python3.12/site-packages/airflow/example_dags/example_subdag_operator.py took 0.204 seconds
[2024-12-07T17:41:09.096+0000] {processor.py:186} INFO - Started process (PID=10498) to work on /home/airflow/.local/lib/python3.12/site-packages/airflow/example_dags/example_subdag_operator.py
[2024-12-07T17:41:09.098+0000] {processor.py:914} INFO - Processing file /home/airflow/.local/lib/python3.12/site-packages/airflow/example_dags/example_subdag_operator.py for tasks to queue
[2024-12-07T17:41:09.101+0000] {logging_mixin.py:190} INFO - [2024-12-07T17:41:09.101+0000] {dagbag.py:588} INFO - Filling up the DagBag from /home/airflow/.local/lib/python3.12/site-packages/airflow/example_dags/example_subdag_operator.py
[2024-12-07T17:41:09.137+0000] {processor.py:925} INFO - DAG(s) 'example_subdag_operator.section-1', 'example_subdag_operator.section-2', 'example_subdag_operator' retrieved from /home/airflow/.local/lib/python3.12/site-packages/airflow/example_dags/example_subdag_operator.py
[2024-12-07T17:41:09.157+0000] {logging_mixin.py:190} INFO - [2024-12-07T17:41:09.157+0000] {dag.py:3239} INFO - Sync 3 DAGs
[2024-12-07T17:41:09.190+0000] {logging_mixin.py:190} INFO - [2024-12-07T17:41:09.190+0000] {dag.py:4180} INFO - Setting next_dagrun for example_subdag_operator to 2022-01-01 00:00:00+00:00, run_after=2022-01-01 00:00:00+00:00
[2024-12-07T17:41:09.195+0000] {logging_mixin.py:190} INFO - [2024-12-07T17:41:09.195+0000] {dag.py:4180} INFO - Setting next_dagrun for example_subdag_operator.section-1 to None, run_after=None
[2024-12-07T17:41:09.197+0000] {logging_mixin.py:190} INFO - [2024-12-07T17:41:09.197+0000] {dag.py:4180} INFO - Setting next_dagrun for example_subdag_operator.section-2 to None, run_after=None
[2024-12-07T17:41:09.207+0000] {logging_mixin.py:190} INFO - [2024-12-07T17:41:09.206+0000] {dag.py:3239} INFO - Sync 2 DAGs
[2024-12-07T17:41:09.217+0000] {logging_mixin.py:190} INFO - [2024-12-07T17:41:09.217+0000] {dag.py:4180} INFO - Setting next_dagrun for example_subdag_operator.section-1 to None, run_after=None
[2024-12-07T17:41:09.218+0000] {logging_mixin.py:190} INFO - [2024-12-07T17:41:09.218+0000] {dag.py:4180} INFO - Setting next_dagrun for example_subdag_operator.section-2 to None, run_after=None
[2024-12-07T17:41:09.243+0000] {processor.py:208} INFO - Processing /home/airflow/.local/lib/python3.12/site-packages/airflow/example_dags/example_subdag_operator.py took 0.157 seconds
[2024-12-07T17:41:40.273+0000] {processor.py:186} INFO - Started process (PID=10790) to work on /home/airflow/.local/lib/python3.12/site-packages/airflow/example_dags/example_subdag_operator.py
[2024-12-07T17:41:40.280+0000] {processor.py:914} INFO - Processing file /home/airflow/.local/lib/python3.12/site-packages/airflow/example_dags/example_subdag_operator.py for tasks to queue
[2024-12-07T17:41:40.284+0000] {logging_mixin.py:190} INFO - [2024-12-07T17:41:40.284+0000] {dagbag.py:588} INFO - Filling up the DagBag from /home/airflow/.local/lib/python3.12/site-packages/airflow/example_dags/example_subdag_operator.py
[2024-12-07T17:41:40.326+0000] {processor.py:925} INFO - DAG(s) 'example_subdag_operator.section-1', 'example_subdag_operator.section-2', 'example_subdag_operator' retrieved from /home/airflow/.local/lib/python3.12/site-packages/airflow/example_dags/example_subdag_operator.py
[2024-12-07T17:41:40.350+0000] {logging_mixin.py:190} INFO - [2024-12-07T17:41:40.349+0000] {dag.py:3239} INFO - Sync 3 DAGs
[2024-12-07T17:41:40.395+0000] {logging_mixin.py:190} INFO - [2024-12-07T17:41:40.395+0000] {dag.py:4180} INFO - Setting next_dagrun for example_subdag_operator to 2022-01-01 00:00:00+00:00, run_after=2022-01-01 00:00:00+00:00
[2024-12-07T17:41:40.402+0000] {logging_mixin.py:190} INFO - [2024-12-07T17:41:40.401+0000] {dag.py:4180} INFO - Setting next_dagrun for example_subdag_operator.section-1 to None, run_after=None
[2024-12-07T17:41:40.404+0000] {logging_mixin.py:190} INFO - [2024-12-07T17:41:40.404+0000] {dag.py:4180} INFO - Setting next_dagrun for example_subdag_operator.section-2 to None, run_after=None
[2024-12-07T17:41:40.415+0000] {logging_mixin.py:190} INFO - [2024-12-07T17:41:40.415+0000] {dag.py:3239} INFO - Sync 2 DAGs
[2024-12-07T17:41:40.424+0000] {logging_mixin.py:190} INFO - [2024-12-07T17:41:40.423+0000] {dag.py:4180} INFO - Setting next_dagrun for example_subdag_operator.section-1 to None, run_after=None
[2024-12-07T17:41:40.425+0000] {logging_mixin.py:190} INFO - [2024-12-07T17:41:40.424+0000] {dag.py:4180} INFO - Setting next_dagrun for example_subdag_operator.section-2 to None, run_after=None
[2024-12-07T17:41:40.443+0000] {processor.py:208} INFO - Processing /home/airflow/.local/lib/python3.12/site-packages/airflow/example_dags/example_subdag_operator.py took 0.179 seconds
[2024-12-07T17:42:10.864+0000] {processor.py:186} INFO - Started process (PID=11082) to work on /home/airflow/.local/lib/python3.12/site-packages/airflow/example_dags/example_subdag_operator.py
[2024-12-07T17:42:10.865+0000] {processor.py:914} INFO - Processing file /home/airflow/.local/lib/python3.12/site-packages/airflow/example_dags/example_subdag_operator.py for tasks to queue
[2024-12-07T17:42:10.868+0000] {logging_mixin.py:190} INFO - [2024-12-07T17:42:10.868+0000] {dagbag.py:588} INFO - Filling up the DagBag from /home/airflow/.local/lib/python3.12/site-packages/airflow/example_dags/example_subdag_operator.py
[2024-12-07T17:42:10.903+0000] {processor.py:925} INFO - DAG(s) 'example_subdag_operator.section-1', 'example_subdag_operator.section-2', 'example_subdag_operator' retrieved from /home/airflow/.local/lib/python3.12/site-packages/airflow/example_dags/example_subdag_operator.py
[2024-12-07T17:42:10.921+0000] {logging_mixin.py:190} INFO - [2024-12-07T17:42:10.920+0000] {dag.py:3239} INFO - Sync 3 DAGs
[2024-12-07T17:42:10.950+0000] {logging_mixin.py:190} INFO - [2024-12-07T17:42:10.950+0000] {dag.py:4180} INFO - Setting next_dagrun for example_subdag_operator to 2022-01-01 00:00:00+00:00, run_after=2022-01-01 00:00:00+00:00
[2024-12-07T17:42:10.955+0000] {logging_mixin.py:190} INFO - [2024-12-07T17:42:10.955+0000] {dag.py:4180} INFO - Setting next_dagrun for example_subdag_operator.section-1 to None, run_after=None
[2024-12-07T17:42:10.957+0000] {logging_mixin.py:190} INFO - [2024-12-07T17:42:10.957+0000] {dag.py:4180} INFO - Setting next_dagrun for example_subdag_operator.section-2 to None, run_after=None
[2024-12-07T17:42:10.966+0000] {logging_mixin.py:190} INFO - [2024-12-07T17:42:10.965+0000] {dag.py:3239} INFO - Sync 2 DAGs
[2024-12-07T17:42:10.973+0000] {logging_mixin.py:190} INFO - [2024-12-07T17:42:10.972+0000] {dag.py:4180} INFO - Setting next_dagrun for example_subdag_operator.section-1 to None, run_after=None
[2024-12-07T17:42:10.973+0000] {logging_mixin.py:190} INFO - [2024-12-07T17:42:10.973+0000] {dag.py:4180} INFO - Setting next_dagrun for example_subdag_operator.section-2 to None, run_after=None
[2024-12-07T17:42:10.992+0000] {processor.py:208} INFO - Processing /home/airflow/.local/lib/python3.12/site-packages/airflow/example_dags/example_subdag_operator.py took 0.137 seconds
[2024-12-07T17:42:41.902+0000] {processor.py:186} INFO - Started process (PID=11373) to work on /home/airflow/.local/lib/python3.12/site-packages/airflow/example_dags/example_subdag_operator.py
[2024-12-07T17:42:41.904+0000] {processor.py:914} INFO - Processing file /home/airflow/.local/lib/python3.12/site-packages/airflow/example_dags/example_subdag_operator.py for tasks to queue
[2024-12-07T17:42:41.909+0000] {logging_mixin.py:190} INFO - [2024-12-07T17:42:41.908+0000] {dagbag.py:588} INFO - Filling up the DagBag from /home/airflow/.local/lib/python3.12/site-packages/airflow/example_dags/example_subdag_operator.py
[2024-12-07T17:42:41.971+0000] {processor.py:925} INFO - DAG(s) 'example_subdag_operator.section-1', 'example_subdag_operator.section-2', 'example_subdag_operator' retrieved from /home/airflow/.local/lib/python3.12/site-packages/airflow/example_dags/example_subdag_operator.py
[2024-12-07T17:42:42.003+0000] {logging_mixin.py:190} INFO - [2024-12-07T17:42:42.002+0000] {dag.py:3239} INFO - Sync 3 DAGs
[2024-12-07T17:42:42.044+0000] {logging_mixin.py:190} INFO - [2024-12-07T17:42:42.044+0000] {dag.py:4180} INFO - Setting next_dagrun for example_subdag_operator to 2022-01-01 00:00:00+00:00, run_after=2022-01-01 00:00:00+00:00
[2024-12-07T17:42:42.051+0000] {logging_mixin.py:190} INFO - [2024-12-07T17:42:42.050+0000] {dag.py:4180} INFO - Setting next_dagrun for example_subdag_operator.section-1 to None, run_after=None
[2024-12-07T17:42:42.054+0000] {logging_mixin.py:190} INFO - [2024-12-07T17:42:42.053+0000] {dag.py:4180} INFO - Setting next_dagrun for example_subdag_operator.section-2 to None, run_after=None
[2024-12-07T17:42:42.068+0000] {logging_mixin.py:190} INFO - [2024-12-07T17:42:42.068+0000] {dag.py:3239} INFO - Sync 2 DAGs
[2024-12-07T17:42:42.078+0000] {logging_mixin.py:190} INFO - [2024-12-07T17:42:42.078+0000] {dag.py:4180} INFO - Setting next_dagrun for example_subdag_operator.section-1 to None, run_after=None
[2024-12-07T17:42:42.080+0000] {logging_mixin.py:190} INFO - [2024-12-07T17:42:42.080+0000] {dag.py:4180} INFO - Setting next_dagrun for example_subdag_operator.section-2 to None, run_after=None
[2024-12-07T17:42:42.105+0000] {processor.py:208} INFO - Processing /home/airflow/.local/lib/python3.12/site-packages/airflow/example_dags/example_subdag_operator.py took 0.221 seconds
[2024-12-07T17:43:12.231+0000] {processor.py:186} INFO - Started process (PID=11665) to work on /home/airflow/.local/lib/python3.12/site-packages/airflow/example_dags/example_subdag_operator.py
[2024-12-07T17:43:12.233+0000] {processor.py:914} INFO - Processing file /home/airflow/.local/lib/python3.12/site-packages/airflow/example_dags/example_subdag_operator.py for tasks to queue
[2024-12-07T17:43:12.237+0000] {logging_mixin.py:190} INFO - [2024-12-07T17:43:12.236+0000] {dagbag.py:588} INFO - Filling up the DagBag from /home/airflow/.local/lib/python3.12/site-packages/airflow/example_dags/example_subdag_operator.py
[2024-12-07T17:43:12.274+0000] {processor.py:925} INFO - DAG(s) 'example_subdag_operator.section-1', 'example_subdag_operator.section-2', 'example_subdag_operator' retrieved from /home/airflow/.local/lib/python3.12/site-packages/airflow/example_dags/example_subdag_operator.py
[2024-12-07T17:43:12.303+0000] {logging_mixin.py:190} INFO - [2024-12-07T17:43:12.302+0000] {dag.py:3239} INFO - Sync 3 DAGs
[2024-12-07T17:43:12.333+0000] {logging_mixin.py:190} INFO - [2024-12-07T17:43:12.332+0000] {dag.py:4180} INFO - Setting next_dagrun for example_subdag_operator to 2022-01-01 00:00:00+00:00, run_after=2022-01-01 00:00:00+00:00
[2024-12-07T17:43:12.338+0000] {logging_mixin.py:190} INFO - [2024-12-07T17:43:12.337+0000] {dag.py:4180} INFO - Setting next_dagrun for example_subdag_operator.section-1 to None, run_after=None
[2024-12-07T17:43:12.340+0000] {logging_mixin.py:190} INFO - [2024-12-07T17:43:12.340+0000] {dag.py:4180} INFO - Setting next_dagrun for example_subdag_operator.section-2 to None, run_after=None
[2024-12-07T17:43:12.352+0000] {logging_mixin.py:190} INFO - [2024-12-07T17:43:12.352+0000] {dag.py:3239} INFO - Sync 2 DAGs
[2024-12-07T17:43:12.359+0000] {logging_mixin.py:190} INFO - [2024-12-07T17:43:12.359+0000] {dag.py:4180} INFO - Setting next_dagrun for example_subdag_operator.section-1 to None, run_after=None
[2024-12-07T17:43:12.360+0000] {logging_mixin.py:190} INFO - [2024-12-07T17:43:12.360+0000] {dag.py:4180} INFO - Setting next_dagrun for example_subdag_operator.section-2 to None, run_after=None
[2024-12-07T17:43:12.376+0000] {processor.py:208} INFO - Processing /home/airflow/.local/lib/python3.12/site-packages/airflow/example_dags/example_subdag_operator.py took 0.153 seconds
