[2024-12-07T17:22:46.688+0000] {processor.py:186} INFO - Started process (PID=368) to work on /home/airflow/.local/lib/python3.12/site-packages/airflow/example_dags/example_time_delta_sensor_async.py
[2024-12-07T17:22:46.695+0000] {processor.py:914} INFO - Processing file /home/airflow/.local/lib/python3.12/site-packages/airflow/example_dags/example_time_delta_sensor_async.py for tasks to queue
[2024-12-07T17:22:46.700+0000] {logging_mixin.py:190} INFO - [2024-12-07T17:22:46.700+0000] {dagbag.py:588} INFO - Filling up the DagBag from /home/airflow/.local/lib/python3.12/site-packages/airflow/example_dags/example_time_delta_sensor_async.py
[2024-12-07T17:22:46.727+0000] {processor.py:925} INFO - DAG(s) 'example_time_delta_sensor_async' retrieved from /home/airflow/.local/lib/python3.12/site-packages/airflow/example_dags/example_time_delta_sensor_async.py
[2024-12-07T17:22:46.935+0000] {logging_mixin.py:190} INFO - [2024-12-07T17:22:46.934+0000] {override.py:1911} INFO - Created Permission View: can delete on DAG:example_time_delta_sensor_async
[2024-12-07T17:22:46.971+0000] {logging_mixin.py:190} INFO - [2024-12-07T17:22:46.968+0000] {override.py:1911} INFO - Created Permission View: can read on DAG:example_time_delta_sensor_async
[2024-12-07T17:22:46.991+0000] {logging_mixin.py:190} INFO - [2024-12-07T17:22:46.990+0000] {override.py:1911} INFO - Created Permission View: can edit on DAG:example_time_delta_sensor_async
[2024-12-07T17:22:47.018+0000] {logging_mixin.py:190} INFO - [2024-12-07T17:22:47.018+0000] {override.py:1911} INFO - Created Permission View: menu access on DAG Run:example_time_delta_sensor_async
[2024-12-07T17:22:47.069+0000] {logging_mixin.py:190} INFO - [2024-12-07T17:22:47.068+0000] {override.py:1911} INFO - Created Permission View: can delete on DAG Run:example_time_delta_sensor_async
[2024-12-07T17:22:47.098+0000] {logging_mixin.py:190} INFO - [2024-12-07T17:22:47.098+0000] {override.py:1911} INFO - Created Permission View: can read on DAG Run:example_time_delta_sensor_async
[2024-12-07T17:22:47.117+0000] {logging_mixin.py:190} INFO - [2024-12-07T17:22:47.117+0000] {override.py:1911} INFO - Created Permission View: can create on DAG Run:example_time_delta_sensor_async
[2024-12-07T17:22:47.118+0000] {logging_mixin.py:190} INFO - [2024-12-07T17:22:47.118+0000] {dag.py:3239} INFO - Sync 1 DAGs
[2024-12-07T17:22:47.146+0000] {logging_mixin.py:190} INFO - [2024-12-07T17:22:47.146+0000] {dag.py:3262} INFO - Creating ORM DAG for example_time_delta_sensor_async
[2024-12-07T17:22:47.148+0000] {logging_mixin.py:190} INFO - [2024-12-07T17:22:47.147+0000] {dag.py:4180} INFO - Setting next_dagrun for example_time_delta_sensor_async to None, run_after=None
[2024-12-07T17:22:47.201+0000] {processor.py:208} INFO - Processing /home/airflow/.local/lib/python3.12/site-packages/airflow/example_dags/example_time_delta_sensor_async.py took 0.531 seconds
[2024-12-07T17:23:18.377+0000] {processor.py:186} INFO - Started process (PID=659) to work on /home/airflow/.local/lib/python3.12/site-packages/airflow/example_dags/example_time_delta_sensor_async.py
[2024-12-07T17:23:18.379+0000] {processor.py:914} INFO - Processing file /home/airflow/.local/lib/python3.12/site-packages/airflow/example_dags/example_time_delta_sensor_async.py for tasks to queue
[2024-12-07T17:23:18.384+0000] {logging_mixin.py:190} INFO - [2024-12-07T17:23:18.383+0000] {dagbag.py:588} INFO - Filling up the DagBag from /home/airflow/.local/lib/python3.12/site-packages/airflow/example_dags/example_time_delta_sensor_async.py
[2024-12-07T17:23:18.412+0000] {processor.py:925} INFO - DAG(s) 'example_time_delta_sensor_async' retrieved from /home/airflow/.local/lib/python3.12/site-packages/airflow/example_dags/example_time_delta_sensor_async.py
[2024-12-07T17:23:18.451+0000] {logging_mixin.py:190} INFO - [2024-12-07T17:23:18.450+0000] {dag.py:3239} INFO - Sync 1 DAGs
[2024-12-07T17:23:18.482+0000] {logging_mixin.py:190} INFO - [2024-12-07T17:23:18.482+0000] {dag.py:4180} INFO - Setting next_dagrun for example_time_delta_sensor_async to None, run_after=None
[2024-12-07T17:23:18.519+0000] {processor.py:208} INFO - Processing /home/airflow/.local/lib/python3.12/site-packages/airflow/example_dags/example_time_delta_sensor_async.py took 0.158 seconds
[2024-12-07T17:24:03.676+0000] {processor.py:186} INFO - Started process (PID=952) to work on /home/airflow/.local/lib/python3.12/site-packages/airflow/example_dags/example_time_delta_sensor_async.py
[2024-12-07T17:24:03.680+0000] {processor.py:914} INFO - Processing file /home/airflow/.local/lib/python3.12/site-packages/airflow/example_dags/example_time_delta_sensor_async.py for tasks to queue
[2024-12-07T17:24:03.697+0000] {logging_mixin.py:190} INFO - [2024-12-07T17:24:03.696+0000] {dagbag.py:588} INFO - Filling up the DagBag from /home/airflow/.local/lib/python3.12/site-packages/airflow/example_dags/example_time_delta_sensor_async.py
[2024-12-07T17:24:03.721+0000] {processor.py:925} INFO - DAG(s) 'example_time_delta_sensor_async' retrieved from /home/airflow/.local/lib/python3.12/site-packages/airflow/example_dags/example_time_delta_sensor_async.py
[2024-12-07T17:24:03.806+0000] {logging_mixin.py:190} INFO - [2024-12-07T17:24:03.805+0000] {dag.py:3239} INFO - Sync 1 DAGs
[2024-12-07T17:24:03.881+0000] {logging_mixin.py:190} INFO - [2024-12-07T17:24:03.880+0000] {dag.py:4180} INFO - Setting next_dagrun for example_time_delta_sensor_async to None, run_after=None
[2024-12-07T17:24:04.063+0000] {processor.py:208} INFO - Processing /home/airflow/.local/lib/python3.12/site-packages/airflow/example_dags/example_time_delta_sensor_async.py took 0.408 seconds
[2024-12-07T17:24:37.991+0000] {processor.py:186} INFO - Started process (PID=1241) to work on /home/airflow/.local/lib/python3.12/site-packages/airflow/example_dags/example_time_delta_sensor_async.py
[2024-12-07T17:24:37.994+0000] {processor.py:914} INFO - Processing file /home/airflow/.local/lib/python3.12/site-packages/airflow/example_dags/example_time_delta_sensor_async.py for tasks to queue
[2024-12-07T17:24:37.999+0000] {logging_mixin.py:190} INFO - [2024-12-07T17:24:37.998+0000] {dagbag.py:588} INFO - Filling up the DagBag from /home/airflow/.local/lib/python3.12/site-packages/airflow/example_dags/example_time_delta_sensor_async.py
[2024-12-07T17:24:38.010+0000] {processor.py:925} INFO - DAG(s) 'example_time_delta_sensor_async' retrieved from /home/airflow/.local/lib/python3.12/site-packages/airflow/example_dags/example_time_delta_sensor_async.py
[2024-12-07T17:24:38.042+0000] {logging_mixin.py:190} INFO - [2024-12-07T17:24:38.041+0000] {dag.py:3239} INFO - Sync 1 DAGs
[2024-12-07T17:24:38.077+0000] {logging_mixin.py:190} INFO - [2024-12-07T17:24:38.077+0000] {dag.py:4180} INFO - Setting next_dagrun for example_time_delta_sensor_async to None, run_after=None
[2024-12-07T17:24:38.139+0000] {processor.py:208} INFO - Processing /home/airflow/.local/lib/python3.12/site-packages/airflow/example_dags/example_time_delta_sensor_async.py took 0.163 seconds
[2024-12-07T17:25:09.361+0000] {processor.py:186} INFO - Started process (PID=1532) to work on /home/airflow/.local/lib/python3.12/site-packages/airflow/example_dags/example_time_delta_sensor_async.py
[2024-12-07T17:25:09.364+0000] {processor.py:914} INFO - Processing file /home/airflow/.local/lib/python3.12/site-packages/airflow/example_dags/example_time_delta_sensor_async.py for tasks to queue
[2024-12-07T17:25:09.376+0000] {logging_mixin.py:190} INFO - [2024-12-07T17:25:09.376+0000] {dagbag.py:588} INFO - Filling up the DagBag from /home/airflow/.local/lib/python3.12/site-packages/airflow/example_dags/example_time_delta_sensor_async.py
[2024-12-07T17:25:09.407+0000] {processor.py:925} INFO - DAG(s) 'example_time_delta_sensor_async' retrieved from /home/airflow/.local/lib/python3.12/site-packages/airflow/example_dags/example_time_delta_sensor_async.py
[2024-12-07T17:25:09.508+0000] {logging_mixin.py:190} INFO - [2024-12-07T17:25:09.507+0000] {dag.py:3239} INFO - Sync 1 DAGs
[2024-12-07T17:25:09.595+0000] {logging_mixin.py:190} INFO - [2024-12-07T17:25:09.595+0000] {dag.py:4180} INFO - Setting next_dagrun for example_time_delta_sensor_async to None, run_after=None
[2024-12-07T17:25:09.723+0000] {processor.py:208} INFO - Processing /home/airflow/.local/lib/python3.12/site-packages/airflow/example_dags/example_time_delta_sensor_async.py took 0.398 seconds
[2024-12-07T17:25:40.367+0000] {processor.py:186} INFO - Started process (PID=1824) to work on /home/airflow/.local/lib/python3.12/site-packages/airflow/example_dags/example_time_delta_sensor_async.py
[2024-12-07T17:25:40.371+0000] {processor.py:914} INFO - Processing file /home/airflow/.local/lib/python3.12/site-packages/airflow/example_dags/example_time_delta_sensor_async.py for tasks to queue
[2024-12-07T17:25:40.377+0000] {logging_mixin.py:190} INFO - [2024-12-07T17:25:40.376+0000] {dagbag.py:588} INFO - Filling up the DagBag from /home/airflow/.local/lib/python3.12/site-packages/airflow/example_dags/example_time_delta_sensor_async.py
[2024-12-07T17:25:40.396+0000] {processor.py:925} INFO - DAG(s) 'example_time_delta_sensor_async' retrieved from /home/airflow/.local/lib/python3.12/site-packages/airflow/example_dags/example_time_delta_sensor_async.py
[2024-12-07T17:25:40.466+0000] {logging_mixin.py:190} INFO - [2024-12-07T17:25:40.466+0000] {dag.py:3239} INFO - Sync 1 DAGs
[2024-12-07T17:25:40.507+0000] {logging_mixin.py:190} INFO - [2024-12-07T17:25:40.507+0000] {dag.py:4180} INFO - Setting next_dagrun for example_time_delta_sensor_async to None, run_after=None
[2024-12-07T17:25:40.543+0000] {processor.py:208} INFO - Processing /home/airflow/.local/lib/python3.12/site-packages/airflow/example_dags/example_time_delta_sensor_async.py took 0.190 seconds
[2024-12-07T17:26:10.684+0000] {processor.py:186} INFO - Started process (PID=2112) to work on /home/airflow/.local/lib/python3.12/site-packages/airflow/example_dags/example_time_delta_sensor_async.py
[2024-12-07T17:26:10.686+0000] {processor.py:914} INFO - Processing file /home/airflow/.local/lib/python3.12/site-packages/airflow/example_dags/example_time_delta_sensor_async.py for tasks to queue
[2024-12-07T17:26:10.690+0000] {logging_mixin.py:190} INFO - [2024-12-07T17:26:10.689+0000] {dagbag.py:588} INFO - Filling up the DagBag from /home/airflow/.local/lib/python3.12/site-packages/airflow/example_dags/example_time_delta_sensor_async.py
[2024-12-07T17:26:10.699+0000] {processor.py:925} INFO - DAG(s) 'example_time_delta_sensor_async' retrieved from /home/airflow/.local/lib/python3.12/site-packages/airflow/example_dags/example_time_delta_sensor_async.py
[2024-12-07T17:26:10.728+0000] {logging_mixin.py:190} INFO - [2024-12-07T17:26:10.728+0000] {dag.py:3239} INFO - Sync 1 DAGs
[2024-12-07T17:26:10.751+0000] {logging_mixin.py:190} INFO - [2024-12-07T17:26:10.750+0000] {dag.py:4180} INFO - Setting next_dagrun for example_time_delta_sensor_async to None, run_after=None
[2024-12-07T17:26:10.780+0000] {processor.py:208} INFO - Processing /home/airflow/.local/lib/python3.12/site-packages/airflow/example_dags/example_time_delta_sensor_async.py took 0.105 seconds
[2024-12-07T17:26:41.558+0000] {processor.py:186} INFO - Started process (PID=2400) to work on /home/airflow/.local/lib/python3.12/site-packages/airflow/example_dags/example_time_delta_sensor_async.py
[2024-12-07T17:26:41.560+0000] {processor.py:914} INFO - Processing file /home/airflow/.local/lib/python3.12/site-packages/airflow/example_dags/example_time_delta_sensor_async.py for tasks to queue
[2024-12-07T17:26:41.568+0000] {logging_mixin.py:190} INFO - [2024-12-07T17:26:41.567+0000] {dagbag.py:588} INFO - Filling up the DagBag from /home/airflow/.local/lib/python3.12/site-packages/airflow/example_dags/example_time_delta_sensor_async.py
[2024-12-07T17:26:41.585+0000] {processor.py:925} INFO - DAG(s) 'example_time_delta_sensor_async' retrieved from /home/airflow/.local/lib/python3.12/site-packages/airflow/example_dags/example_time_delta_sensor_async.py
[2024-12-07T17:26:41.647+0000] {logging_mixin.py:190} INFO - [2024-12-07T17:26:41.646+0000] {dag.py:3239} INFO - Sync 1 DAGs
[2024-12-07T17:26:41.678+0000] {logging_mixin.py:190} INFO - [2024-12-07T17:26:41.678+0000] {dag.py:4180} INFO - Setting next_dagrun for example_time_delta_sensor_async to None, run_after=None
[2024-12-07T17:26:41.715+0000] {processor.py:208} INFO - Processing /home/airflow/.local/lib/python3.12/site-packages/airflow/example_dags/example_time_delta_sensor_async.py took 0.173 seconds
[2024-12-07T17:27:12.139+0000] {processor.py:186} INFO - Started process (PID=2691) to work on /home/airflow/.local/lib/python3.12/site-packages/airflow/example_dags/example_time_delta_sensor_async.py
[2024-12-07T17:27:12.141+0000] {processor.py:914} INFO - Processing file /home/airflow/.local/lib/python3.12/site-packages/airflow/example_dags/example_time_delta_sensor_async.py for tasks to queue
[2024-12-07T17:27:12.145+0000] {logging_mixin.py:190} INFO - [2024-12-07T17:27:12.144+0000] {dagbag.py:588} INFO - Filling up the DagBag from /home/airflow/.local/lib/python3.12/site-packages/airflow/example_dags/example_time_delta_sensor_async.py
[2024-12-07T17:27:12.155+0000] {processor.py:925} INFO - DAG(s) 'example_time_delta_sensor_async' retrieved from /home/airflow/.local/lib/python3.12/site-packages/airflow/example_dags/example_time_delta_sensor_async.py
[2024-12-07T17:27:12.191+0000] {logging_mixin.py:190} INFO - [2024-12-07T17:27:12.191+0000] {dag.py:3239} INFO - Sync 1 DAGs
[2024-12-07T17:27:12.221+0000] {logging_mixin.py:190} INFO - [2024-12-07T17:27:12.220+0000] {dag.py:4180} INFO - Setting next_dagrun for example_time_delta_sensor_async to None, run_after=None
[2024-12-07T17:27:12.259+0000] {processor.py:208} INFO - Processing /home/airflow/.local/lib/python3.12/site-packages/airflow/example_dags/example_time_delta_sensor_async.py took 0.127 seconds
[2024-12-07T17:27:42.712+0000] {processor.py:186} INFO - Started process (PID=2977) to work on /home/airflow/.local/lib/python3.12/site-packages/airflow/example_dags/example_time_delta_sensor_async.py
[2024-12-07T17:27:42.713+0000] {processor.py:914} INFO - Processing file /home/airflow/.local/lib/python3.12/site-packages/airflow/example_dags/example_time_delta_sensor_async.py for tasks to queue
[2024-12-07T17:27:42.716+0000] {logging_mixin.py:190} INFO - [2024-12-07T17:27:42.716+0000] {dagbag.py:588} INFO - Filling up the DagBag from /home/airflow/.local/lib/python3.12/site-packages/airflow/example_dags/example_time_delta_sensor_async.py
[2024-12-07T17:27:42.727+0000] {processor.py:925} INFO - DAG(s) 'example_time_delta_sensor_async' retrieved from /home/airflow/.local/lib/python3.12/site-packages/airflow/example_dags/example_time_delta_sensor_async.py
[2024-12-07T17:27:42.759+0000] {logging_mixin.py:190} INFO - [2024-12-07T17:27:42.758+0000] {dag.py:3239} INFO - Sync 1 DAGs
[2024-12-07T17:27:42.789+0000] {logging_mixin.py:190} INFO - [2024-12-07T17:27:42.788+0000] {dag.py:4180} INFO - Setting next_dagrun for example_time_delta_sensor_async to None, run_after=None
[2024-12-07T17:27:42.835+0000] {processor.py:208} INFO - Processing /home/airflow/.local/lib/python3.12/site-packages/airflow/example_dags/example_time_delta_sensor_async.py took 0.131 seconds
[2024-12-07T17:28:17.502+0000] {processor.py:186} INFO - Started process (PID=3273) to work on /home/airflow/.local/lib/python3.12/site-packages/airflow/example_dags/example_time_delta_sensor_async.py
[2024-12-07T17:28:17.504+0000] {processor.py:914} INFO - Processing file /home/airflow/.local/lib/python3.12/site-packages/airflow/example_dags/example_time_delta_sensor_async.py for tasks to queue
[2024-12-07T17:28:17.514+0000] {logging_mixin.py:190} INFO - [2024-12-07T17:28:17.513+0000] {dagbag.py:588} INFO - Filling up the DagBag from /home/airflow/.local/lib/python3.12/site-packages/airflow/example_dags/example_time_delta_sensor_async.py
[2024-12-07T17:28:17.534+0000] {processor.py:925} INFO - DAG(s) 'example_time_delta_sensor_async' retrieved from /home/airflow/.local/lib/python3.12/site-packages/airflow/example_dags/example_time_delta_sensor_async.py
[2024-12-07T17:28:17.597+0000] {logging_mixin.py:190} INFO - [2024-12-07T17:28:17.596+0000] {dag.py:3239} INFO - Sync 1 DAGs
[2024-12-07T17:28:17.653+0000] {logging_mixin.py:190} INFO - [2024-12-07T17:28:17.652+0000] {dag.py:4180} INFO - Setting next_dagrun for example_time_delta_sensor_async to None, run_after=None
[2024-12-07T17:28:17.745+0000] {processor.py:208} INFO - Processing /home/airflow/.local/lib/python3.12/site-packages/airflow/example_dags/example_time_delta_sensor_async.py took 0.256 seconds
[2024-12-07T17:28:50.448+0000] {processor.py:186} INFO - Started process (PID=3572) to work on /home/airflow/.local/lib/python3.12/site-packages/airflow/example_dags/example_time_delta_sensor_async.py
[2024-12-07T17:28:50.563+0000] {processor.py:914} INFO - Processing file /home/airflow/.local/lib/python3.12/site-packages/airflow/example_dags/example_time_delta_sensor_async.py for tasks to queue
[2024-12-07T17:28:50.568+0000] {logging_mixin.py:190} INFO - [2024-12-07T17:28:50.568+0000] {dagbag.py:588} INFO - Filling up the DagBag from /home/airflow/.local/lib/python3.12/site-packages/airflow/example_dags/example_time_delta_sensor_async.py
[2024-12-07T17:28:50.583+0000] {processor.py:925} INFO - DAG(s) 'example_time_delta_sensor_async' retrieved from /home/airflow/.local/lib/python3.12/site-packages/airflow/example_dags/example_time_delta_sensor_async.py
[2024-12-07T17:28:50.642+0000] {logging_mixin.py:190} INFO - [2024-12-07T17:28:50.642+0000] {dag.py:3239} INFO - Sync 1 DAGs
[2024-12-07T17:28:50.673+0000] {logging_mixin.py:190} INFO - [2024-12-07T17:28:50.673+0000] {dag.py:4180} INFO - Setting next_dagrun for example_time_delta_sensor_async to None, run_after=None
[2024-12-07T17:28:51.316+0000] {processor.py:208} INFO - Processing /home/airflow/.local/lib/python3.12/site-packages/airflow/example_dags/example_time_delta_sensor_async.py took 0.876 seconds
[2024-12-07T17:29:21.651+0000] {processor.py:186} INFO - Started process (PID=3863) to work on /home/airflow/.local/lib/python3.12/site-packages/airflow/example_dags/example_time_delta_sensor_async.py
[2024-12-07T17:29:21.653+0000] {processor.py:914} INFO - Processing file /home/airflow/.local/lib/python3.12/site-packages/airflow/example_dags/example_time_delta_sensor_async.py for tasks to queue
[2024-12-07T17:29:21.658+0000] {logging_mixin.py:190} INFO - [2024-12-07T17:29:21.657+0000] {dagbag.py:588} INFO - Filling up the DagBag from /home/airflow/.local/lib/python3.12/site-packages/airflow/example_dags/example_time_delta_sensor_async.py
[2024-12-07T17:29:21.672+0000] {processor.py:925} INFO - DAG(s) 'example_time_delta_sensor_async' retrieved from /home/airflow/.local/lib/python3.12/site-packages/airflow/example_dags/example_time_delta_sensor_async.py
[2024-12-07T17:29:21.713+0000] {logging_mixin.py:190} INFO - [2024-12-07T17:29:21.712+0000] {dag.py:3239} INFO - Sync 1 DAGs
[2024-12-07T17:29:21.761+0000] {logging_mixin.py:190} INFO - [2024-12-07T17:29:21.761+0000] {dag.py:4180} INFO - Setting next_dagrun for example_time_delta_sensor_async to None, run_after=None
[2024-12-07T17:29:21.831+0000] {processor.py:208} INFO - Processing /home/airflow/.local/lib/python3.12/site-packages/airflow/example_dags/example_time_delta_sensor_async.py took 0.194 seconds
[2024-12-07T17:29:52.552+0000] {processor.py:186} INFO - Started process (PID=4154) to work on /home/airflow/.local/lib/python3.12/site-packages/airflow/example_dags/example_time_delta_sensor_async.py
[2024-12-07T17:29:52.553+0000] {processor.py:914} INFO - Processing file /home/airflow/.local/lib/python3.12/site-packages/airflow/example_dags/example_time_delta_sensor_async.py for tasks to queue
[2024-12-07T17:29:52.557+0000] {logging_mixin.py:190} INFO - [2024-12-07T17:29:52.556+0000] {dagbag.py:588} INFO - Filling up the DagBag from /home/airflow/.local/lib/python3.12/site-packages/airflow/example_dags/example_time_delta_sensor_async.py
[2024-12-07T17:29:52.568+0000] {processor.py:925} INFO - DAG(s) 'example_time_delta_sensor_async' retrieved from /home/airflow/.local/lib/python3.12/site-packages/airflow/example_dags/example_time_delta_sensor_async.py
[2024-12-07T17:29:52.609+0000] {logging_mixin.py:190} INFO - [2024-12-07T17:29:52.609+0000] {dag.py:3239} INFO - Sync 1 DAGs
[2024-12-07T17:29:52.645+0000] {logging_mixin.py:190} INFO - [2024-12-07T17:29:52.645+0000] {dag.py:4180} INFO - Setting next_dagrun for example_time_delta_sensor_async to None, run_after=None
[2024-12-07T17:29:52.676+0000] {processor.py:208} INFO - Processing /home/airflow/.local/lib/python3.12/site-packages/airflow/example_dags/example_time_delta_sensor_async.py took 0.137 seconds
[2024-12-07T17:30:22.811+0000] {processor.py:186} INFO - Started process (PID=4442) to work on /home/airflow/.local/lib/python3.12/site-packages/airflow/example_dags/example_time_delta_sensor_async.py
[2024-12-07T17:30:22.813+0000] {processor.py:914} INFO - Processing file /home/airflow/.local/lib/python3.12/site-packages/airflow/example_dags/example_time_delta_sensor_async.py for tasks to queue
[2024-12-07T17:30:22.815+0000] {logging_mixin.py:190} INFO - [2024-12-07T17:30:22.815+0000] {dagbag.py:588} INFO - Filling up the DagBag from /home/airflow/.local/lib/python3.12/site-packages/airflow/example_dags/example_time_delta_sensor_async.py
[2024-12-07T17:30:22.825+0000] {processor.py:925} INFO - DAG(s) 'example_time_delta_sensor_async' retrieved from /home/airflow/.local/lib/python3.12/site-packages/airflow/example_dags/example_time_delta_sensor_async.py
[2024-12-07T17:30:22.854+0000] {logging_mixin.py:190} INFO - [2024-12-07T17:30:22.854+0000] {dag.py:3239} INFO - Sync 1 DAGs
[2024-12-07T17:30:22.878+0000] {logging_mixin.py:190} INFO - [2024-12-07T17:30:22.877+0000] {dag.py:4180} INFO - Setting next_dagrun for example_time_delta_sensor_async to None, run_after=None
[2024-12-07T17:30:22.913+0000] {processor.py:208} INFO - Processing /home/airflow/.local/lib/python3.12/site-packages/airflow/example_dags/example_time_delta_sensor_async.py took 0.109 seconds
[2024-12-07T17:30:52.983+0000] {processor.py:186} INFO - Started process (PID=4730) to work on /home/airflow/.local/lib/python3.12/site-packages/airflow/example_dags/example_time_delta_sensor_async.py
[2024-12-07T17:30:52.985+0000] {processor.py:914} INFO - Processing file /home/airflow/.local/lib/python3.12/site-packages/airflow/example_dags/example_time_delta_sensor_async.py for tasks to queue
[2024-12-07T17:30:52.989+0000] {logging_mixin.py:190} INFO - [2024-12-07T17:30:52.988+0000] {dagbag.py:588} INFO - Filling up the DagBag from /home/airflow/.local/lib/python3.12/site-packages/airflow/example_dags/example_time_delta_sensor_async.py
[2024-12-07T17:30:52.997+0000] {processor.py:925} INFO - DAG(s) 'example_time_delta_sensor_async' retrieved from /home/airflow/.local/lib/python3.12/site-packages/airflow/example_dags/example_time_delta_sensor_async.py
[2024-12-07T17:30:53.026+0000] {logging_mixin.py:190} INFO - [2024-12-07T17:30:53.026+0000] {dag.py:3239} INFO - Sync 1 DAGs
[2024-12-07T17:30:53.047+0000] {logging_mixin.py:190} INFO - [2024-12-07T17:30:53.047+0000] {dag.py:4180} INFO - Setting next_dagrun for example_time_delta_sensor_async to None, run_after=None
[2024-12-07T17:30:53.076+0000] {processor.py:208} INFO - Processing /home/airflow/.local/lib/python3.12/site-packages/airflow/example_dags/example_time_delta_sensor_async.py took 0.103 seconds
[2024-12-07T17:31:23.571+0000] {processor.py:186} INFO - Started process (PID=5021) to work on /home/airflow/.local/lib/python3.12/site-packages/airflow/example_dags/example_time_delta_sensor_async.py
[2024-12-07T17:31:23.574+0000] {processor.py:914} INFO - Processing file /home/airflow/.local/lib/python3.12/site-packages/airflow/example_dags/example_time_delta_sensor_async.py for tasks to queue
[2024-12-07T17:31:23.578+0000] {logging_mixin.py:190} INFO - [2024-12-07T17:31:23.577+0000] {dagbag.py:588} INFO - Filling up the DagBag from /home/airflow/.local/lib/python3.12/site-packages/airflow/example_dags/example_time_delta_sensor_async.py
[2024-12-07T17:31:23.591+0000] {processor.py:925} INFO - DAG(s) 'example_time_delta_sensor_async' retrieved from /home/airflow/.local/lib/python3.12/site-packages/airflow/example_dags/example_time_delta_sensor_async.py
[2024-12-07T17:31:23.636+0000] {logging_mixin.py:190} INFO - [2024-12-07T17:31:23.636+0000] {dag.py:3239} INFO - Sync 1 DAGs
[2024-12-07T17:31:23.666+0000] {logging_mixin.py:190} INFO - [2024-12-07T17:31:23.666+0000] {dag.py:4180} INFO - Setting next_dagrun for example_time_delta_sensor_async to None, run_after=None
[2024-12-07T17:31:23.705+0000] {processor.py:208} INFO - Processing /home/airflow/.local/lib/python3.12/site-packages/airflow/example_dags/example_time_delta_sensor_async.py took 0.144 seconds
[2024-12-07T17:31:54.134+0000] {processor.py:186} INFO - Started process (PID=5307) to work on /home/airflow/.local/lib/python3.12/site-packages/airflow/example_dags/example_time_delta_sensor_async.py
[2024-12-07T17:31:54.136+0000] {processor.py:914} INFO - Processing file /home/airflow/.local/lib/python3.12/site-packages/airflow/example_dags/example_time_delta_sensor_async.py for tasks to queue
[2024-12-07T17:31:54.140+0000] {logging_mixin.py:190} INFO - [2024-12-07T17:31:54.139+0000] {dagbag.py:588} INFO - Filling up the DagBag from /home/airflow/.local/lib/python3.12/site-packages/airflow/example_dags/example_time_delta_sensor_async.py
[2024-12-07T17:31:54.151+0000] {processor.py:925} INFO - DAG(s) 'example_time_delta_sensor_async' retrieved from /home/airflow/.local/lib/python3.12/site-packages/airflow/example_dags/example_time_delta_sensor_async.py
[2024-12-07T17:31:54.188+0000] {logging_mixin.py:190} INFO - [2024-12-07T17:31:54.187+0000] {dag.py:3239} INFO - Sync 1 DAGs
[2024-12-07T17:31:54.213+0000] {logging_mixin.py:190} INFO - [2024-12-07T17:31:54.213+0000] {dag.py:4180} INFO - Setting next_dagrun for example_time_delta_sensor_async to None, run_after=None
[2024-12-07T17:31:54.248+0000] {processor.py:208} INFO - Processing /home/airflow/.local/lib/python3.12/site-packages/airflow/example_dags/example_time_delta_sensor_async.py took 0.126 seconds
[2024-12-07T17:32:24.357+0000] {processor.py:186} INFO - Started process (PID=5594) to work on /home/airflow/.local/lib/python3.12/site-packages/airflow/example_dags/example_time_delta_sensor_async.py
[2024-12-07T17:32:24.362+0000] {processor.py:914} INFO - Processing file /home/airflow/.local/lib/python3.12/site-packages/airflow/example_dags/example_time_delta_sensor_async.py for tasks to queue
[2024-12-07T17:32:24.369+0000] {logging_mixin.py:190} INFO - [2024-12-07T17:32:24.368+0000] {dagbag.py:588} INFO - Filling up the DagBag from /home/airflow/.local/lib/python3.12/site-packages/airflow/example_dags/example_time_delta_sensor_async.py
[2024-12-07T17:32:24.394+0000] {processor.py:925} INFO - DAG(s) 'example_time_delta_sensor_async' retrieved from /home/airflow/.local/lib/python3.12/site-packages/airflow/example_dags/example_time_delta_sensor_async.py
[2024-12-07T17:32:24.440+0000] {logging_mixin.py:190} INFO - [2024-12-07T17:32:24.440+0000] {dag.py:3239} INFO - Sync 1 DAGs
[2024-12-07T17:32:24.483+0000] {logging_mixin.py:190} INFO - [2024-12-07T17:32:24.482+0000] {dag.py:4180} INFO - Setting next_dagrun for example_time_delta_sensor_async to None, run_after=None
[2024-12-07T17:32:24.542+0000] {processor.py:208} INFO - Processing /home/airflow/.local/lib/python3.12/site-packages/airflow/example_dags/example_time_delta_sensor_async.py took 0.198 seconds
[2024-12-07T17:32:54.937+0000] {processor.py:186} INFO - Started process (PID=5887) to work on /home/airflow/.local/lib/python3.12/site-packages/airflow/example_dags/example_time_delta_sensor_async.py
[2024-12-07T17:32:54.940+0000] {processor.py:914} INFO - Processing file /home/airflow/.local/lib/python3.12/site-packages/airflow/example_dags/example_time_delta_sensor_async.py for tasks to queue
[2024-12-07T17:32:54.946+0000] {logging_mixin.py:190} INFO - [2024-12-07T17:32:54.945+0000] {dagbag.py:588} INFO - Filling up the DagBag from /home/airflow/.local/lib/python3.12/site-packages/airflow/example_dags/example_time_delta_sensor_async.py
[2024-12-07T17:32:54.960+0000] {processor.py:925} INFO - DAG(s) 'example_time_delta_sensor_async' retrieved from /home/airflow/.local/lib/python3.12/site-packages/airflow/example_dags/example_time_delta_sensor_async.py
[2024-12-07T17:32:55.009+0000] {logging_mixin.py:190} INFO - [2024-12-07T17:32:55.009+0000] {dag.py:3239} INFO - Sync 1 DAGs
[2024-12-07T17:32:55.037+0000] {logging_mixin.py:190} INFO - [2024-12-07T17:32:55.037+0000] {dag.py:4180} INFO - Setting next_dagrun for example_time_delta_sensor_async to None, run_after=None
[2024-12-07T17:32:55.081+0000] {processor.py:208} INFO - Processing /home/airflow/.local/lib/python3.12/site-packages/airflow/example_dags/example_time_delta_sensor_async.py took 0.159 seconds
[2024-12-07T17:33:25.216+0000] {processor.py:186} INFO - Started process (PID=6178) to work on /home/airflow/.local/lib/python3.12/site-packages/airflow/example_dags/example_time_delta_sensor_async.py
[2024-12-07T17:33:25.217+0000] {processor.py:914} INFO - Processing file /home/airflow/.local/lib/python3.12/site-packages/airflow/example_dags/example_time_delta_sensor_async.py for tasks to queue
[2024-12-07T17:33:25.221+0000] {logging_mixin.py:190} INFO - [2024-12-07T17:33:25.220+0000] {dagbag.py:588} INFO - Filling up the DagBag from /home/airflow/.local/lib/python3.12/site-packages/airflow/example_dags/example_time_delta_sensor_async.py
[2024-12-07T17:33:25.229+0000] {processor.py:925} INFO - DAG(s) 'example_time_delta_sensor_async' retrieved from /home/airflow/.local/lib/python3.12/site-packages/airflow/example_dags/example_time_delta_sensor_async.py
[2024-12-07T17:33:25.252+0000] {logging_mixin.py:190} INFO - [2024-12-07T17:33:25.252+0000] {dag.py:3239} INFO - Sync 1 DAGs
[2024-12-07T17:33:25.271+0000] {logging_mixin.py:190} INFO - [2024-12-07T17:33:25.270+0000] {dag.py:4180} INFO - Setting next_dagrun for example_time_delta_sensor_async to None, run_after=None
[2024-12-07T17:33:25.297+0000] {processor.py:208} INFO - Processing /home/airflow/.local/lib/python3.12/site-packages/airflow/example_dags/example_time_delta_sensor_async.py took 0.089 seconds
[2024-12-07T17:33:55.548+0000] {processor.py:186} INFO - Started process (PID=6469) to work on /home/airflow/.local/lib/python3.12/site-packages/airflow/example_dags/example_time_delta_sensor_async.py
[2024-12-07T17:33:55.550+0000] {processor.py:914} INFO - Processing file /home/airflow/.local/lib/python3.12/site-packages/airflow/example_dags/example_time_delta_sensor_async.py for tasks to queue
[2024-12-07T17:33:55.556+0000] {logging_mixin.py:190} INFO - [2024-12-07T17:33:55.555+0000] {dagbag.py:588} INFO - Filling up the DagBag from /home/airflow/.local/lib/python3.12/site-packages/airflow/example_dags/example_time_delta_sensor_async.py
[2024-12-07T17:33:55.569+0000] {processor.py:925} INFO - DAG(s) 'example_time_delta_sensor_async' retrieved from /home/airflow/.local/lib/python3.12/site-packages/airflow/example_dags/example_time_delta_sensor_async.py
[2024-12-07T17:33:55.605+0000] {logging_mixin.py:190} INFO - [2024-12-07T17:33:55.605+0000] {dag.py:3239} INFO - Sync 1 DAGs
[2024-12-07T17:33:55.629+0000] {logging_mixin.py:190} INFO - [2024-12-07T17:33:55.628+0000] {dag.py:4180} INFO - Setting next_dagrun for example_time_delta_sensor_async to None, run_after=None
[2024-12-07T17:33:55.657+0000] {processor.py:208} INFO - Processing /home/airflow/.local/lib/python3.12/site-packages/airflow/example_dags/example_time_delta_sensor_async.py took 0.119 seconds
[2024-12-07T17:34:26.521+0000] {processor.py:186} INFO - Started process (PID=6760) to work on /home/airflow/.local/lib/python3.12/site-packages/airflow/example_dags/example_time_delta_sensor_async.py
[2024-12-07T17:34:26.523+0000] {processor.py:914} INFO - Processing file /home/airflow/.local/lib/python3.12/site-packages/airflow/example_dags/example_time_delta_sensor_async.py for tasks to queue
[2024-12-07T17:34:26.527+0000] {logging_mixin.py:190} INFO - [2024-12-07T17:34:26.527+0000] {dagbag.py:588} INFO - Filling up the DagBag from /home/airflow/.local/lib/python3.12/site-packages/airflow/example_dags/example_time_delta_sensor_async.py
[2024-12-07T17:34:26.540+0000] {processor.py:925} INFO - DAG(s) 'example_time_delta_sensor_async' retrieved from /home/airflow/.local/lib/python3.12/site-packages/airflow/example_dags/example_time_delta_sensor_async.py
[2024-12-07T17:34:26.567+0000] {logging_mixin.py:190} INFO - [2024-12-07T17:34:26.567+0000] {dag.py:3239} INFO - Sync 1 DAGs
[2024-12-07T17:34:26.588+0000] {logging_mixin.py:190} INFO - [2024-12-07T17:34:26.587+0000] {dag.py:4180} INFO - Setting next_dagrun for example_time_delta_sensor_async to None, run_after=None
[2024-12-07T17:34:26.620+0000] {processor.py:208} INFO - Processing /home/airflow/.local/lib/python3.12/site-packages/airflow/example_dags/example_time_delta_sensor_async.py took 0.109 seconds
[2024-12-07T17:34:57.047+0000] {processor.py:186} INFO - Started process (PID=7051) to work on /home/airflow/.local/lib/python3.12/site-packages/airflow/example_dags/example_time_delta_sensor_async.py
[2024-12-07T17:34:57.048+0000] {processor.py:914} INFO - Processing file /home/airflow/.local/lib/python3.12/site-packages/airflow/example_dags/example_time_delta_sensor_async.py for tasks to queue
[2024-12-07T17:34:57.052+0000] {logging_mixin.py:190} INFO - [2024-12-07T17:34:57.051+0000] {dagbag.py:588} INFO - Filling up the DagBag from /home/airflow/.local/lib/python3.12/site-packages/airflow/example_dags/example_time_delta_sensor_async.py
[2024-12-07T17:34:57.063+0000] {processor.py:925} INFO - DAG(s) 'example_time_delta_sensor_async' retrieved from /home/airflow/.local/lib/python3.12/site-packages/airflow/example_dags/example_time_delta_sensor_async.py
[2024-12-07T17:34:57.087+0000] {logging_mixin.py:190} INFO - [2024-12-07T17:34:57.087+0000] {dag.py:3239} INFO - Sync 1 DAGs
[2024-12-07T17:34:57.111+0000] {logging_mixin.py:190} INFO - [2024-12-07T17:34:57.110+0000] {dag.py:4180} INFO - Setting next_dagrun for example_time_delta_sensor_async to None, run_after=None
[2024-12-07T17:34:57.136+0000] {processor.py:208} INFO - Processing /home/airflow/.local/lib/python3.12/site-packages/airflow/example_dags/example_time_delta_sensor_async.py took 0.100 seconds
[2024-12-07T17:35:27.707+0000] {processor.py:186} INFO - Started process (PID=7344) to work on /home/airflow/.local/lib/python3.12/site-packages/airflow/example_dags/example_time_delta_sensor_async.py
[2024-12-07T17:35:27.710+0000] {processor.py:914} INFO - Processing file /home/airflow/.local/lib/python3.12/site-packages/airflow/example_dags/example_time_delta_sensor_async.py for tasks to queue
[2024-12-07T17:35:27.714+0000] {logging_mixin.py:190} INFO - [2024-12-07T17:35:27.714+0000] {dagbag.py:588} INFO - Filling up the DagBag from /home/airflow/.local/lib/python3.12/site-packages/airflow/example_dags/example_time_delta_sensor_async.py
[2024-12-07T17:35:27.725+0000] {processor.py:925} INFO - DAG(s) 'example_time_delta_sensor_async' retrieved from /home/airflow/.local/lib/python3.12/site-packages/airflow/example_dags/example_time_delta_sensor_async.py
[2024-12-07T17:35:27.753+0000] {logging_mixin.py:190} INFO - [2024-12-07T17:35:27.753+0000] {dag.py:3239} INFO - Sync 1 DAGs
[2024-12-07T17:35:27.777+0000] {logging_mixin.py:190} INFO - [2024-12-07T17:35:27.777+0000] {dag.py:4180} INFO - Setting next_dagrun for example_time_delta_sensor_async to None, run_after=None
[2024-12-07T17:35:27.806+0000] {processor.py:208} INFO - Processing /home/airflow/.local/lib/python3.12/site-packages/airflow/example_dags/example_time_delta_sensor_async.py took 0.110 seconds
[2024-12-07T17:35:57.960+0000] {processor.py:186} INFO - Started process (PID=7628) to work on /home/airflow/.local/lib/python3.12/site-packages/airflow/example_dags/example_time_delta_sensor_async.py
[2024-12-07T17:35:57.962+0000] {processor.py:914} INFO - Processing file /home/airflow/.local/lib/python3.12/site-packages/airflow/example_dags/example_time_delta_sensor_async.py for tasks to queue
[2024-12-07T17:35:57.968+0000] {logging_mixin.py:190} INFO - [2024-12-07T17:35:57.967+0000] {dagbag.py:588} INFO - Filling up the DagBag from /home/airflow/.local/lib/python3.12/site-packages/airflow/example_dags/example_time_delta_sensor_async.py
[2024-12-07T17:35:57.976+0000] {processor.py:925} INFO - DAG(s) 'example_time_delta_sensor_async' retrieved from /home/airflow/.local/lib/python3.12/site-packages/airflow/example_dags/example_time_delta_sensor_async.py
[2024-12-07T17:35:58.005+0000] {logging_mixin.py:190} INFO - [2024-12-07T17:35:58.004+0000] {dag.py:3239} INFO - Sync 1 DAGs
[2024-12-07T17:35:58.058+0000] {logging_mixin.py:190} INFO - [2024-12-07T17:35:58.050+0000] {dag.py:4180} INFO - Setting next_dagrun for example_time_delta_sensor_async to None, run_after=None
[2024-12-07T17:35:58.137+0000] {processor.py:208} INFO - Processing /home/airflow/.local/lib/python3.12/site-packages/airflow/example_dags/example_time_delta_sensor_async.py took 0.187 seconds
[2024-12-07T17:36:28.957+0000] {processor.py:186} INFO - Started process (PID=7920) to work on /home/airflow/.local/lib/python3.12/site-packages/airflow/example_dags/example_time_delta_sensor_async.py
[2024-12-07T17:36:28.958+0000] {processor.py:914} INFO - Processing file /home/airflow/.local/lib/python3.12/site-packages/airflow/example_dags/example_time_delta_sensor_async.py for tasks to queue
[2024-12-07T17:36:28.961+0000] {logging_mixin.py:190} INFO - [2024-12-07T17:36:28.961+0000] {dagbag.py:588} INFO - Filling up the DagBag from /home/airflow/.local/lib/python3.12/site-packages/airflow/example_dags/example_time_delta_sensor_async.py
[2024-12-07T17:36:28.970+0000] {processor.py:925} INFO - DAG(s) 'example_time_delta_sensor_async' retrieved from /home/airflow/.local/lib/python3.12/site-packages/airflow/example_dags/example_time_delta_sensor_async.py
[2024-12-07T17:36:29.000+0000] {logging_mixin.py:190} INFO - [2024-12-07T17:36:29.000+0000] {dag.py:3239} INFO - Sync 1 DAGs
[2024-12-07T17:36:29.020+0000] {logging_mixin.py:190} INFO - [2024-12-07T17:36:29.019+0000] {dag.py:4180} INFO - Setting next_dagrun for example_time_delta_sensor_async to None, run_after=None
[2024-12-07T17:36:29.056+0000] {processor.py:208} INFO - Processing /home/airflow/.local/lib/python3.12/site-packages/airflow/example_dags/example_time_delta_sensor_async.py took 0.106 seconds
[2024-12-07T17:36:59.629+0000] {processor.py:186} INFO - Started process (PID=8207) to work on /home/airflow/.local/lib/python3.12/site-packages/airflow/example_dags/example_time_delta_sensor_async.py
[2024-12-07T17:36:59.648+0000] {processor.py:914} INFO - Processing file /home/airflow/.local/lib/python3.12/site-packages/airflow/example_dags/example_time_delta_sensor_async.py for tasks to queue
[2024-12-07T17:36:59.653+0000] {logging_mixin.py:190} INFO - [2024-12-07T17:36:59.652+0000] {dagbag.py:588} INFO - Filling up the DagBag from /home/airflow/.local/lib/python3.12/site-packages/airflow/example_dags/example_time_delta_sensor_async.py
[2024-12-07T17:36:59.684+0000] {processor.py:925} INFO - DAG(s) 'example_time_delta_sensor_async' retrieved from /home/airflow/.local/lib/python3.12/site-packages/airflow/example_dags/example_time_delta_sensor_async.py
[2024-12-07T17:36:59.768+0000] {logging_mixin.py:190} INFO - [2024-12-07T17:36:59.767+0000] {dag.py:3239} INFO - Sync 1 DAGs
[2024-12-07T17:36:59.811+0000] {logging_mixin.py:190} INFO - [2024-12-07T17:36:59.810+0000] {dag.py:4180} INFO - Setting next_dagrun for example_time_delta_sensor_async to None, run_after=None
[2024-12-07T17:36:59.864+0000] {processor.py:208} INFO - Processing /home/airflow/.local/lib/python3.12/site-packages/airflow/example_dags/example_time_delta_sensor_async.py took 0.254 seconds
[2024-12-07T17:37:30.566+0000] {processor.py:186} INFO - Started process (PID=8498) to work on /home/airflow/.local/lib/python3.12/site-packages/airflow/example_dags/example_time_delta_sensor_async.py
[2024-12-07T17:37:30.567+0000] {processor.py:914} INFO - Processing file /home/airflow/.local/lib/python3.12/site-packages/airflow/example_dags/example_time_delta_sensor_async.py for tasks to queue
[2024-12-07T17:37:30.571+0000] {logging_mixin.py:190} INFO - [2024-12-07T17:37:30.571+0000] {dagbag.py:588} INFO - Filling up the DagBag from /home/airflow/.local/lib/python3.12/site-packages/airflow/example_dags/example_time_delta_sensor_async.py
[2024-12-07T17:37:30.584+0000] {processor.py:925} INFO - DAG(s) 'example_time_delta_sensor_async' retrieved from /home/airflow/.local/lib/python3.12/site-packages/airflow/example_dags/example_time_delta_sensor_async.py
[2024-12-07T17:37:30.619+0000] {logging_mixin.py:190} INFO - [2024-12-07T17:37:30.619+0000] {dag.py:3239} INFO - Sync 1 DAGs
[2024-12-07T17:37:30.647+0000] {logging_mixin.py:190} INFO - [2024-12-07T17:37:30.646+0000] {dag.py:4180} INFO - Setting next_dagrun for example_time_delta_sensor_async to None, run_after=None
[2024-12-07T17:37:30.677+0000] {processor.py:208} INFO - Processing /home/airflow/.local/lib/python3.12/site-packages/airflow/example_dags/example_time_delta_sensor_async.py took 0.120 seconds
[2024-12-07T17:38:02.650+0000] {processor.py:186} INFO - Started process (PID=8791) to work on /home/airflow/.local/lib/python3.12/site-packages/airflow/example_dags/example_time_delta_sensor_async.py
[2024-12-07T17:38:02.652+0000] {processor.py:914} INFO - Processing file /home/airflow/.local/lib/python3.12/site-packages/airflow/example_dags/example_time_delta_sensor_async.py for tasks to queue
[2024-12-07T17:38:02.655+0000] {logging_mixin.py:190} INFO - [2024-12-07T17:38:02.655+0000] {dagbag.py:588} INFO - Filling up the DagBag from /home/airflow/.local/lib/python3.12/site-packages/airflow/example_dags/example_time_delta_sensor_async.py
[2024-12-07T17:38:02.665+0000] {processor.py:925} INFO - DAG(s) 'example_time_delta_sensor_async' retrieved from /home/airflow/.local/lib/python3.12/site-packages/airflow/example_dags/example_time_delta_sensor_async.py
[2024-12-07T17:38:02.692+0000] {logging_mixin.py:190} INFO - [2024-12-07T17:38:02.692+0000] {dag.py:3239} INFO - Sync 1 DAGs
[2024-12-07T17:38:02.729+0000] {logging_mixin.py:190} INFO - [2024-12-07T17:38:02.728+0000] {dag.py:4180} INFO - Setting next_dagrun for example_time_delta_sensor_async to None, run_after=None
[2024-12-07T17:38:02.769+0000] {processor.py:208} INFO - Processing /home/airflow/.local/lib/python3.12/site-packages/airflow/example_dags/example_time_delta_sensor_async.py took 0.128 seconds
[2024-12-07T17:38:34.624+0000] {processor.py:186} INFO - Started process (PID=9080) to work on /home/airflow/.local/lib/python3.12/site-packages/airflow/example_dags/example_time_delta_sensor_async.py
[2024-12-07T17:38:34.626+0000] {processor.py:914} INFO - Processing file /home/airflow/.local/lib/python3.12/site-packages/airflow/example_dags/example_time_delta_sensor_async.py for tasks to queue
[2024-12-07T17:38:34.635+0000] {logging_mixin.py:190} INFO - [2024-12-07T17:38:34.634+0000] {dagbag.py:588} INFO - Filling up the DagBag from /home/airflow/.local/lib/python3.12/site-packages/airflow/example_dags/example_time_delta_sensor_async.py
[2024-12-07T17:38:34.662+0000] {processor.py:925} INFO - DAG(s) 'example_time_delta_sensor_async' retrieved from /home/airflow/.local/lib/python3.12/site-packages/airflow/example_dags/example_time_delta_sensor_async.py
[2024-12-07T17:38:34.730+0000] {logging_mixin.py:190} INFO - [2024-12-07T17:38:34.730+0000] {dag.py:3239} INFO - Sync 1 DAGs
[2024-12-07T17:38:34.803+0000] {logging_mixin.py:190} INFO - [2024-12-07T17:38:34.802+0000] {dag.py:4180} INFO - Setting next_dagrun for example_time_delta_sensor_async to None, run_after=None
[2024-12-07T17:38:34.913+0000] {processor.py:208} INFO - Processing /home/airflow/.local/lib/python3.12/site-packages/airflow/example_dags/example_time_delta_sensor_async.py took 0.304 seconds
[2024-12-07T17:39:05.390+0000] {processor.py:186} INFO - Started process (PID=9371) to work on /home/airflow/.local/lib/python3.12/site-packages/airflow/example_dags/example_time_delta_sensor_async.py
[2024-12-07T17:39:05.391+0000] {processor.py:914} INFO - Processing file /home/airflow/.local/lib/python3.12/site-packages/airflow/example_dags/example_time_delta_sensor_async.py for tasks to queue
[2024-12-07T17:39:05.394+0000] {logging_mixin.py:190} INFO - [2024-12-07T17:39:05.393+0000] {dagbag.py:588} INFO - Filling up the DagBag from /home/airflow/.local/lib/python3.12/site-packages/airflow/example_dags/example_time_delta_sensor_async.py
[2024-12-07T17:39:05.402+0000] {processor.py:925} INFO - DAG(s) 'example_time_delta_sensor_async' retrieved from /home/airflow/.local/lib/python3.12/site-packages/airflow/example_dags/example_time_delta_sensor_async.py
[2024-12-07T17:39:05.426+0000] {logging_mixin.py:190} INFO - [2024-12-07T17:39:05.426+0000] {dag.py:3239} INFO - Sync 1 DAGs
[2024-12-07T17:39:05.445+0000] {logging_mixin.py:190} INFO - [2024-12-07T17:39:05.445+0000] {dag.py:4180} INFO - Setting next_dagrun for example_time_delta_sensor_async to None, run_after=None
[2024-12-07T17:39:05.472+0000] {processor.py:208} INFO - Processing /home/airflow/.local/lib/python3.12/site-packages/airflow/example_dags/example_time_delta_sensor_async.py took 0.090 seconds
[2024-12-07T17:39:36.421+0000] {processor.py:186} INFO - Started process (PID=9663) to work on /home/airflow/.local/lib/python3.12/site-packages/airflow/example_dags/example_time_delta_sensor_async.py
[2024-12-07T17:39:36.423+0000] {processor.py:914} INFO - Processing file /home/airflow/.local/lib/python3.12/site-packages/airflow/example_dags/example_time_delta_sensor_async.py for tasks to queue
[2024-12-07T17:39:36.426+0000] {logging_mixin.py:190} INFO - [2024-12-07T17:39:36.425+0000] {dagbag.py:588} INFO - Filling up the DagBag from /home/airflow/.local/lib/python3.12/site-packages/airflow/example_dags/example_time_delta_sensor_async.py
[2024-12-07T17:39:36.435+0000] {processor.py:925} INFO - DAG(s) 'example_time_delta_sensor_async' retrieved from /home/airflow/.local/lib/python3.12/site-packages/airflow/example_dags/example_time_delta_sensor_async.py
[2024-12-07T17:39:36.463+0000] {logging_mixin.py:190} INFO - [2024-12-07T17:39:36.462+0000] {dag.py:3239} INFO - Sync 1 DAGs
[2024-12-07T17:39:36.482+0000] {logging_mixin.py:190} INFO - [2024-12-07T17:39:36.482+0000] {dag.py:4180} INFO - Setting next_dagrun for example_time_delta_sensor_async to None, run_after=None
[2024-12-07T17:39:36.516+0000] {processor.py:208} INFO - Processing /home/airflow/.local/lib/python3.12/site-packages/airflow/example_dags/example_time_delta_sensor_async.py took 0.102 seconds
[2024-12-07T17:40:06.623+0000] {processor.py:186} INFO - Started process (PID=9949) to work on /home/airflow/.local/lib/python3.12/site-packages/airflow/example_dags/example_time_delta_sensor_async.py
[2024-12-07T17:40:06.625+0000] {processor.py:914} INFO - Processing file /home/airflow/.local/lib/python3.12/site-packages/airflow/example_dags/example_time_delta_sensor_async.py for tasks to queue
[2024-12-07T17:40:06.629+0000] {logging_mixin.py:190} INFO - [2024-12-07T17:40:06.629+0000] {dagbag.py:588} INFO - Filling up the DagBag from /home/airflow/.local/lib/python3.12/site-packages/airflow/example_dags/example_time_delta_sensor_async.py
[2024-12-07T17:40:06.639+0000] {processor.py:925} INFO - DAG(s) 'example_time_delta_sensor_async' retrieved from /home/airflow/.local/lib/python3.12/site-packages/airflow/example_dags/example_time_delta_sensor_async.py
[2024-12-07T17:40:06.668+0000] {logging_mixin.py:190} INFO - [2024-12-07T17:40:06.668+0000] {dag.py:3239} INFO - Sync 1 DAGs
[2024-12-07T17:40:06.695+0000] {logging_mixin.py:190} INFO - [2024-12-07T17:40:06.694+0000] {dag.py:4180} INFO - Setting next_dagrun for example_time_delta_sensor_async to None, run_after=None
[2024-12-07T17:40:06.722+0000] {processor.py:208} INFO - Processing /home/airflow/.local/lib/python3.12/site-packages/airflow/example_dags/example_time_delta_sensor_async.py took 0.109 seconds
[2024-12-07T17:40:40.465+0000] {processor.py:186} INFO - Started process (PID=10245) to work on /home/airflow/.local/lib/python3.12/site-packages/airflow/example_dags/example_time_delta_sensor_async.py
[2024-12-07T17:40:40.467+0000] {processor.py:914} INFO - Processing file /home/airflow/.local/lib/python3.12/site-packages/airflow/example_dags/example_time_delta_sensor_async.py for tasks to queue
[2024-12-07T17:40:40.476+0000] {logging_mixin.py:190} INFO - [2024-12-07T17:40:40.475+0000] {dagbag.py:588} INFO - Filling up the DagBag from /home/airflow/.local/lib/python3.12/site-packages/airflow/example_dags/example_time_delta_sensor_async.py
[2024-12-07T17:40:40.498+0000] {processor.py:925} INFO - DAG(s) 'example_time_delta_sensor_async' retrieved from /home/airflow/.local/lib/python3.12/site-packages/airflow/example_dags/example_time_delta_sensor_async.py
[2024-12-07T17:40:40.571+0000] {logging_mixin.py:190} INFO - [2024-12-07T17:40:40.571+0000] {dag.py:3239} INFO - Sync 1 DAGs
[2024-12-07T17:40:40.626+0000] {logging_mixin.py:190} INFO - [2024-12-07T17:40:40.626+0000] {dag.py:4180} INFO - Setting next_dagrun for example_time_delta_sensor_async to None, run_after=None
[2024-12-07T17:40:40.740+0000] {processor.py:208} INFO - Processing /home/airflow/.local/lib/python3.12/site-packages/airflow/example_dags/example_time_delta_sensor_async.py took 0.289 seconds
[2024-12-07T17:41:11.140+0000] {processor.py:186} INFO - Started process (PID=10531) to work on /home/airflow/.local/lib/python3.12/site-packages/airflow/example_dags/example_time_delta_sensor_async.py
[2024-12-07T17:41:11.142+0000] {processor.py:914} INFO - Processing file /home/airflow/.local/lib/python3.12/site-packages/airflow/example_dags/example_time_delta_sensor_async.py for tasks to queue
[2024-12-07T17:41:11.147+0000] {logging_mixin.py:190} INFO - [2024-12-07T17:41:11.147+0000] {dagbag.py:588} INFO - Filling up the DagBag from /home/airflow/.local/lib/python3.12/site-packages/airflow/example_dags/example_time_delta_sensor_async.py
[2024-12-07T17:41:11.156+0000] {processor.py:925} INFO - DAG(s) 'example_time_delta_sensor_async' retrieved from /home/airflow/.local/lib/python3.12/site-packages/airflow/example_dags/example_time_delta_sensor_async.py
[2024-12-07T17:41:11.190+0000] {logging_mixin.py:190} INFO - [2024-12-07T17:41:11.189+0000] {dag.py:3239} INFO - Sync 1 DAGs
[2024-12-07T17:41:11.218+0000] {logging_mixin.py:190} INFO - [2024-12-07T17:41:11.217+0000] {dag.py:4180} INFO - Setting next_dagrun for example_time_delta_sensor_async to None, run_after=None
[2024-12-07T17:41:11.243+0000] {processor.py:208} INFO - Processing /home/airflow/.local/lib/python3.12/site-packages/airflow/example_dags/example_time_delta_sensor_async.py took 0.113 seconds
[2024-12-07T17:41:42.291+0000] {processor.py:186} INFO - Started process (PID=10823) to work on /home/airflow/.local/lib/python3.12/site-packages/airflow/example_dags/example_time_delta_sensor_async.py
[2024-12-07T17:41:42.292+0000] {processor.py:914} INFO - Processing file /home/airflow/.local/lib/python3.12/site-packages/airflow/example_dags/example_time_delta_sensor_async.py for tasks to queue
[2024-12-07T17:41:42.301+0000] {logging_mixin.py:190} INFO - [2024-12-07T17:41:42.300+0000] {dagbag.py:588} INFO - Filling up the DagBag from /home/airflow/.local/lib/python3.12/site-packages/airflow/example_dags/example_time_delta_sensor_async.py
[2024-12-07T17:41:42.313+0000] {processor.py:925} INFO - DAG(s) 'example_time_delta_sensor_async' retrieved from /home/airflow/.local/lib/python3.12/site-packages/airflow/example_dags/example_time_delta_sensor_async.py
[2024-12-07T17:41:42.365+0000] {logging_mixin.py:190} INFO - [2024-12-07T17:41:42.364+0000] {dag.py:3239} INFO - Sync 1 DAGs
[2024-12-07T17:41:42.402+0000] {logging_mixin.py:190} INFO - [2024-12-07T17:41:42.401+0000] {dag.py:4180} INFO - Setting next_dagrun for example_time_delta_sensor_async to None, run_after=None
[2024-12-07T17:41:42.441+0000] {processor.py:208} INFO - Processing /home/airflow/.local/lib/python3.12/site-packages/airflow/example_dags/example_time_delta_sensor_async.py took 0.161 seconds
[2024-12-07T17:42:13.476+0000] {processor.py:186} INFO - Started process (PID=11115) to work on /home/airflow/.local/lib/python3.12/site-packages/airflow/example_dags/example_time_delta_sensor_async.py
[2024-12-07T17:42:13.477+0000] {processor.py:914} INFO - Processing file /home/airflow/.local/lib/python3.12/site-packages/airflow/example_dags/example_time_delta_sensor_async.py for tasks to queue
[2024-12-07T17:42:13.481+0000] {logging_mixin.py:190} INFO - [2024-12-07T17:42:13.480+0000] {dagbag.py:588} INFO - Filling up the DagBag from /home/airflow/.local/lib/python3.12/site-packages/airflow/example_dags/example_time_delta_sensor_async.py
[2024-12-07T17:42:13.490+0000] {processor.py:925} INFO - DAG(s) 'example_time_delta_sensor_async' retrieved from /home/airflow/.local/lib/python3.12/site-packages/airflow/example_dags/example_time_delta_sensor_async.py
[2024-12-07T17:42:13.514+0000] {logging_mixin.py:190} INFO - [2024-12-07T17:42:13.514+0000] {dag.py:3239} INFO - Sync 1 DAGs
[2024-12-07T17:42:13.537+0000] {logging_mixin.py:190} INFO - [2024-12-07T17:42:13.537+0000] {dag.py:4180} INFO - Setting next_dagrun for example_time_delta_sensor_async to None, run_after=None
[2024-12-07T17:42:13.562+0000] {processor.py:208} INFO - Processing /home/airflow/.local/lib/python3.12/site-packages/airflow/example_dags/example_time_delta_sensor_async.py took 0.096 seconds
[2024-12-07T17:42:43.639+0000] {processor.py:186} INFO - Started process (PID=11403) to work on /home/airflow/.local/lib/python3.12/site-packages/airflow/example_dags/example_time_delta_sensor_async.py
[2024-12-07T17:42:43.641+0000] {processor.py:914} INFO - Processing file /home/airflow/.local/lib/python3.12/site-packages/airflow/example_dags/example_time_delta_sensor_async.py for tasks to queue
[2024-12-07T17:42:43.646+0000] {logging_mixin.py:190} INFO - [2024-12-07T17:42:43.645+0000] {dagbag.py:588} INFO - Filling up the DagBag from /home/airflow/.local/lib/python3.12/site-packages/airflow/example_dags/example_time_delta_sensor_async.py
[2024-12-07T17:42:43.673+0000] {processor.py:925} INFO - DAG(s) 'example_time_delta_sensor_async' retrieved from /home/airflow/.local/lib/python3.12/site-packages/airflow/example_dags/example_time_delta_sensor_async.py
[2024-12-07T17:42:43.728+0000] {logging_mixin.py:190} INFO - [2024-12-07T17:42:43.728+0000] {dag.py:3239} INFO - Sync 1 DAGs
[2024-12-07T17:42:43.760+0000] {logging_mixin.py:190} INFO - [2024-12-07T17:42:43.760+0000] {dag.py:4180} INFO - Setting next_dagrun for example_time_delta_sensor_async to None, run_after=None
[2024-12-07T17:42:43.801+0000] {processor.py:208} INFO - Processing /home/airflow/.local/lib/python3.12/site-packages/airflow/example_dags/example_time_delta_sensor_async.py took 0.172 seconds
[2024-12-07T17:43:13.870+0000] {processor.py:186} INFO - Started process (PID=11693) to work on /home/airflow/.local/lib/python3.12/site-packages/airflow/example_dags/example_time_delta_sensor_async.py
[2024-12-07T17:43:13.871+0000] {processor.py:914} INFO - Processing file /home/airflow/.local/lib/python3.12/site-packages/airflow/example_dags/example_time_delta_sensor_async.py for tasks to queue
[2024-12-07T17:43:13.878+0000] {logging_mixin.py:190} INFO - [2024-12-07T17:43:13.877+0000] {dagbag.py:588} INFO - Filling up the DagBag from /home/airflow/.local/lib/python3.12/site-packages/airflow/example_dags/example_time_delta_sensor_async.py
[2024-12-07T17:43:13.891+0000] {processor.py:925} INFO - DAG(s) 'example_time_delta_sensor_async' retrieved from /home/airflow/.local/lib/python3.12/site-packages/airflow/example_dags/example_time_delta_sensor_async.py
[2024-12-07T17:43:13.922+0000] {logging_mixin.py:190} INFO - [2024-12-07T17:43:13.922+0000] {dag.py:3239} INFO - Sync 1 DAGs
[2024-12-07T17:43:13.954+0000] {logging_mixin.py:190} INFO - [2024-12-07T17:43:13.954+0000] {dag.py:4180} INFO - Setting next_dagrun for example_time_delta_sensor_async to None, run_after=None
[2024-12-07T17:43:14.004+0000] {processor.py:208} INFO - Processing /home/airflow/.local/lib/python3.12/site-packages/airflow/example_dags/example_time_delta_sensor_async.py took 0.143 seconds
