[2024-12-07T17:22:54.725+0000] {processor.py:186} INFO - Started process (PID=403) to work on /home/airflow/.local/lib/python3.12/site-packages/airflow/example_dags/example_sensor_decorator.py
[2024-12-07T17:22:54.727+0000] {processor.py:914} INFO - Processing file /home/airflow/.local/lib/python3.12/site-packages/airflow/example_dags/example_sensor_decorator.py for tasks to queue
[2024-12-07T17:22:54.737+0000] {logging_mixin.py:190} INFO - [2024-12-07T17:22:54.736+0000] {dagbag.py:588} INFO - Filling up the DagBag from /home/airflow/.local/lib/python3.12/site-packages/airflow/example_dags/example_sensor_decorator.py
[2024-12-07T17:22:54.783+0000] {processor.py:925} INFO - DAG(s) 'example_sensor_decorator' retrieved from /home/airflow/.local/lib/python3.12/site-packages/airflow/example_dags/example_sensor_decorator.py
[2024-12-07T17:22:55.527+0000] {logging_mixin.py:190} INFO - [2024-12-07T17:22:55.525+0000] {override.py:1911} INFO - Created Permission View: can delete on DAG:example_sensor_decorator
[2024-12-07T17:22:55.550+0000] {logging_mixin.py:190} INFO - [2024-12-07T17:22:55.549+0000] {override.py:1911} INFO - Created Permission View: can read on DAG:example_sensor_decorator
[2024-12-07T17:22:55.569+0000] {logging_mixin.py:190} INFO - [2024-12-07T17:22:55.569+0000] {override.py:1911} INFO - Created Permission View: can edit on DAG:example_sensor_decorator
[2024-12-07T17:22:55.606+0000] {logging_mixin.py:190} INFO - [2024-12-07T17:22:55.603+0000] {override.py:1911} INFO - Created Permission View: menu access on DAG Run:example_sensor_decorator
[2024-12-07T17:22:55.647+0000] {logging_mixin.py:190} INFO - [2024-12-07T17:22:55.647+0000] {override.py:1911} INFO - Created Permission View: can delete on DAG Run:example_sensor_decorator
[2024-12-07T17:22:55.692+0000] {logging_mixin.py:190} INFO - [2024-12-07T17:22:55.691+0000] {override.py:1911} INFO - Created Permission View: can read on DAG Run:example_sensor_decorator
[2024-12-07T17:22:55.744+0000] {logging_mixin.py:190} INFO - [2024-12-07T17:22:55.743+0000] {override.py:1911} INFO - Created Permission View: can create on DAG Run:example_sensor_decorator
[2024-12-07T17:22:55.752+0000] {logging_mixin.py:190} INFO - [2024-12-07T17:22:55.751+0000] {dag.py:3239} INFO - Sync 1 DAGs
[2024-12-07T17:22:55.806+0000] {logging_mixin.py:190} INFO - [2024-12-07T17:22:55.805+0000] {dag.py:3262} INFO - Creating ORM DAG for example_sensor_decorator
[2024-12-07T17:22:55.813+0000] {logging_mixin.py:190} INFO - [2024-12-07T17:22:55.810+0000] {dag.py:4180} INFO - Setting next_dagrun for example_sensor_decorator to None, run_after=None
[2024-12-07T17:22:55.852+0000] {processor.py:208} INFO - Processing /home/airflow/.local/lib/python3.12/site-packages/airflow/example_dags/example_sensor_decorator.py took 1.143 seconds
[2024-12-07T17:23:26.160+0000] {processor.py:186} INFO - Started process (PID=694) to work on /home/airflow/.local/lib/python3.12/site-packages/airflow/example_dags/example_sensor_decorator.py
[2024-12-07T17:23:26.162+0000] {processor.py:914} INFO - Processing file /home/airflow/.local/lib/python3.12/site-packages/airflow/example_dags/example_sensor_decorator.py for tasks to queue
[2024-12-07T17:23:26.167+0000] {logging_mixin.py:190} INFO - [2024-12-07T17:23:26.167+0000] {dagbag.py:588} INFO - Filling up the DagBag from /home/airflow/.local/lib/python3.12/site-packages/airflow/example_dags/example_sensor_decorator.py
[2024-12-07T17:23:26.181+0000] {processor.py:925} INFO - DAG(s) 'example_sensor_decorator' retrieved from /home/airflow/.local/lib/python3.12/site-packages/airflow/example_dags/example_sensor_decorator.py
[2024-12-07T17:23:26.224+0000] {logging_mixin.py:190} INFO - [2024-12-07T17:23:26.224+0000] {dag.py:3239} INFO - Sync 1 DAGs
[2024-12-07T17:23:26.258+0000] {logging_mixin.py:190} INFO - [2024-12-07T17:23:26.257+0000] {dag.py:4180} INFO - Setting next_dagrun for example_sensor_decorator to None, run_after=None
[2024-12-07T17:23:26.289+0000] {processor.py:208} INFO - Processing /home/airflow/.local/lib/python3.12/site-packages/airflow/example_dags/example_sensor_decorator.py took 0.137 seconds
[2024-12-07T17:24:06.004+0000] {processor.py:186} INFO - Started process (PID=985) to work on /home/airflow/.local/lib/python3.12/site-packages/airflow/example_dags/example_sensor_decorator.py
[2024-12-07T17:24:06.066+0000] {processor.py:914} INFO - Processing file /home/airflow/.local/lib/python3.12/site-packages/airflow/example_dags/example_sensor_decorator.py for tasks to queue
[2024-12-07T17:24:06.148+0000] {logging_mixin.py:190} INFO - [2024-12-07T17:24:06.147+0000] {dagbag.py:588} INFO - Filling up the DagBag from /home/airflow/.local/lib/python3.12/site-packages/airflow/example_dags/example_sensor_decorator.py
[2024-12-07T17:24:06.199+0000] {processor.py:925} INFO - DAG(s) 'example_sensor_decorator' retrieved from /home/airflow/.local/lib/python3.12/site-packages/airflow/example_dags/example_sensor_decorator.py
[2024-12-07T17:24:06.346+0000] {logging_mixin.py:190} INFO - [2024-12-07T17:24:06.346+0000] {dag.py:3239} INFO - Sync 1 DAGs
[2024-12-07T17:24:06.433+0000] {logging_mixin.py:190} INFO - [2024-12-07T17:24:06.433+0000] {dag.py:4180} INFO - Setting next_dagrun for example_sensor_decorator to None, run_after=None
[2024-12-07T17:24:06.553+0000] {processor.py:208} INFO - Processing /home/airflow/.local/lib/python3.12/site-packages/airflow/example_dags/example_sensor_decorator.py took 0.572 seconds
[2024-12-07T17:24:39.429+0000] {processor.py:186} INFO - Started process (PID=1273) to work on /home/airflow/.local/lib/python3.12/site-packages/airflow/example_dags/example_sensor_decorator.py
[2024-12-07T17:24:39.432+0000] {processor.py:914} INFO - Processing file /home/airflow/.local/lib/python3.12/site-packages/airflow/example_dags/example_sensor_decorator.py for tasks to queue
[2024-12-07T17:24:39.441+0000] {logging_mixin.py:190} INFO - [2024-12-07T17:24:39.440+0000] {dagbag.py:588} INFO - Filling up the DagBag from /home/airflow/.local/lib/python3.12/site-packages/airflow/example_dags/example_sensor_decorator.py
[2024-12-07T17:24:39.478+0000] {processor.py:925} INFO - DAG(s) 'example_sensor_decorator' retrieved from /home/airflow/.local/lib/python3.12/site-packages/airflow/example_dags/example_sensor_decorator.py
[2024-12-07T17:24:39.531+0000] {logging_mixin.py:190} INFO - [2024-12-07T17:24:39.531+0000] {dag.py:3239} INFO - Sync 1 DAGs
[2024-12-07T17:24:39.579+0000] {logging_mixin.py:190} INFO - [2024-12-07T17:24:39.578+0000] {dag.py:4180} INFO - Setting next_dagrun for example_sensor_decorator to None, run_after=None
[2024-12-07T17:24:39.631+0000] {processor.py:208} INFO - Processing /home/airflow/.local/lib/python3.12/site-packages/airflow/example_dags/example_sensor_decorator.py took 0.216 seconds
[2024-12-07T17:25:11.349+0000] {processor.py:186} INFO - Started process (PID=1564) to work on /home/airflow/.local/lib/python3.12/site-packages/airflow/example_dags/example_sensor_decorator.py
[2024-12-07T17:25:11.361+0000] {processor.py:914} INFO - Processing file /home/airflow/.local/lib/python3.12/site-packages/airflow/example_dags/example_sensor_decorator.py for tasks to queue
[2024-12-07T17:25:11.379+0000] {logging_mixin.py:190} INFO - [2024-12-07T17:25:11.379+0000] {dagbag.py:588} INFO - Filling up the DagBag from /home/airflow/.local/lib/python3.12/site-packages/airflow/example_dags/example_sensor_decorator.py
[2024-12-07T17:25:11.434+0000] {processor.py:925} INFO - DAG(s) 'example_sensor_decorator' retrieved from /home/airflow/.local/lib/python3.12/site-packages/airflow/example_dags/example_sensor_decorator.py
[2024-12-07T17:25:11.492+0000] {logging_mixin.py:190} INFO - [2024-12-07T17:25:11.492+0000] {dag.py:3239} INFO - Sync 1 DAGs
[2024-12-07T17:25:11.537+0000] {logging_mixin.py:190} INFO - [2024-12-07T17:25:11.537+0000] {dag.py:4180} INFO - Setting next_dagrun for example_sensor_decorator to None, run_after=None
[2024-12-07T17:25:11.654+0000] {processor.py:208} INFO - Processing /home/airflow/.local/lib/python3.12/site-packages/airflow/example_dags/example_sensor_decorator.py took 0.328 seconds
[2024-12-07T17:25:42.492+0000] {processor.py:186} INFO - Started process (PID=1856) to work on /home/airflow/.local/lib/python3.12/site-packages/airflow/example_dags/example_sensor_decorator.py
[2024-12-07T17:25:42.495+0000] {processor.py:914} INFO - Processing file /home/airflow/.local/lib/python3.12/site-packages/airflow/example_dags/example_sensor_decorator.py for tasks to queue
[2024-12-07T17:25:42.499+0000] {logging_mixin.py:190} INFO - [2024-12-07T17:25:42.499+0000] {dagbag.py:588} INFO - Filling up the DagBag from /home/airflow/.local/lib/python3.12/site-packages/airflow/example_dags/example_sensor_decorator.py
[2024-12-07T17:25:42.518+0000] {processor.py:925} INFO - DAG(s) 'example_sensor_decorator' retrieved from /home/airflow/.local/lib/python3.12/site-packages/airflow/example_dags/example_sensor_decorator.py
[2024-12-07T17:25:42.554+0000] {logging_mixin.py:190} INFO - [2024-12-07T17:25:42.554+0000] {dag.py:3239} INFO - Sync 1 DAGs
[2024-12-07T17:25:42.592+0000] {logging_mixin.py:190} INFO - [2024-12-07T17:25:42.592+0000] {dag.py:4180} INFO - Setting next_dagrun for example_sensor_decorator to None, run_after=None
[2024-12-07T17:25:42.650+0000] {processor.py:208} INFO - Processing /home/airflow/.local/lib/python3.12/site-packages/airflow/example_dags/example_sensor_decorator.py took 0.169 seconds
[2024-12-07T17:26:12.829+0000] {processor.py:186} INFO - Started process (PID=2145) to work on /home/airflow/.local/lib/python3.12/site-packages/airflow/example_dags/example_sensor_decorator.py
[2024-12-07T17:26:12.831+0000] {processor.py:914} INFO - Processing file /home/airflow/.local/lib/python3.12/site-packages/airflow/example_dags/example_sensor_decorator.py for tasks to queue
[2024-12-07T17:26:12.836+0000] {logging_mixin.py:190} INFO - [2024-12-07T17:26:12.836+0000] {dagbag.py:588} INFO - Filling up the DagBag from /home/airflow/.local/lib/python3.12/site-packages/airflow/example_dags/example_sensor_decorator.py
[2024-12-07T17:26:12.852+0000] {processor.py:925} INFO - DAG(s) 'example_sensor_decorator' retrieved from /home/airflow/.local/lib/python3.12/site-packages/airflow/example_dags/example_sensor_decorator.py
[2024-12-07T17:26:12.891+0000] {logging_mixin.py:190} INFO - [2024-12-07T17:26:12.891+0000] {dag.py:3239} INFO - Sync 1 DAGs
[2024-12-07T17:26:12.920+0000] {logging_mixin.py:190} INFO - [2024-12-07T17:26:12.920+0000] {dag.py:4180} INFO - Setting next_dagrun for example_sensor_decorator to None, run_after=None
[2024-12-07T17:26:12.960+0000] {processor.py:208} INFO - Processing /home/airflow/.local/lib/python3.12/site-packages/airflow/example_dags/example_sensor_decorator.py took 0.142 seconds
[2024-12-07T17:26:43.125+0000] {processor.py:186} INFO - Started process (PID=2430) to work on /home/airflow/.local/lib/python3.12/site-packages/airflow/example_dags/example_sensor_decorator.py
[2024-12-07T17:26:43.127+0000] {processor.py:914} INFO - Processing file /home/airflow/.local/lib/python3.12/site-packages/airflow/example_dags/example_sensor_decorator.py for tasks to queue
[2024-12-07T17:26:43.132+0000] {logging_mixin.py:190} INFO - [2024-12-07T17:26:43.131+0000] {dagbag.py:588} INFO - Filling up the DagBag from /home/airflow/.local/lib/python3.12/site-packages/airflow/example_dags/example_sensor_decorator.py
[2024-12-07T17:26:43.146+0000] {processor.py:925} INFO - DAG(s) 'example_sensor_decorator' retrieved from /home/airflow/.local/lib/python3.12/site-packages/airflow/example_dags/example_sensor_decorator.py
[2024-12-07T17:26:43.182+0000] {logging_mixin.py:190} INFO - [2024-12-07T17:26:43.182+0000] {dag.py:3239} INFO - Sync 1 DAGs
[2024-12-07T17:26:43.207+0000] {logging_mixin.py:190} INFO - [2024-12-07T17:26:43.206+0000] {dag.py:4180} INFO - Setting next_dagrun for example_sensor_decorator to None, run_after=None
[2024-12-07T17:26:43.240+0000] {processor.py:208} INFO - Processing /home/airflow/.local/lib/python3.12/site-packages/airflow/example_dags/example_sensor_decorator.py took 0.126 seconds
[2024-12-07T17:27:13.895+0000] {processor.py:186} INFO - Started process (PID=2721) to work on /home/airflow/.local/lib/python3.12/site-packages/airflow/example_dags/example_sensor_decorator.py
[2024-12-07T17:27:13.896+0000] {processor.py:914} INFO - Processing file /home/airflow/.local/lib/python3.12/site-packages/airflow/example_dags/example_sensor_decorator.py for tasks to queue
[2024-12-07T17:27:13.901+0000] {logging_mixin.py:190} INFO - [2024-12-07T17:27:13.900+0000] {dagbag.py:588} INFO - Filling up the DagBag from /home/airflow/.local/lib/python3.12/site-packages/airflow/example_dags/example_sensor_decorator.py
[2024-12-07T17:27:13.912+0000] {processor.py:925} INFO - DAG(s) 'example_sensor_decorator' retrieved from /home/airflow/.local/lib/python3.12/site-packages/airflow/example_dags/example_sensor_decorator.py
[2024-12-07T17:27:13.938+0000] {logging_mixin.py:190} INFO - [2024-12-07T17:27:13.938+0000] {dag.py:3239} INFO - Sync 1 DAGs
[2024-12-07T17:27:13.959+0000] {logging_mixin.py:190} INFO - [2024-12-07T17:27:13.958+0000] {dag.py:4180} INFO - Setting next_dagrun for example_sensor_decorator to None, run_after=None
[2024-12-07T17:27:14.010+0000] {processor.py:208} INFO - Processing /home/airflow/.local/lib/python3.12/site-packages/airflow/example_dags/example_sensor_decorator.py took 0.127 seconds
[2024-12-07T17:27:44.239+0000] {processor.py:186} INFO - Started process (PID=3012) to work on /home/airflow/.local/lib/python3.12/site-packages/airflow/example_dags/example_sensor_decorator.py
[2024-12-07T17:27:44.240+0000] {processor.py:914} INFO - Processing file /home/airflow/.local/lib/python3.12/site-packages/airflow/example_dags/example_sensor_decorator.py for tasks to queue
[2024-12-07T17:27:44.243+0000] {logging_mixin.py:190} INFO - [2024-12-07T17:27:44.243+0000] {dagbag.py:588} INFO - Filling up the DagBag from /home/airflow/.local/lib/python3.12/site-packages/airflow/example_dags/example_sensor_decorator.py
[2024-12-07T17:27:44.254+0000] {processor.py:925} INFO - DAG(s) 'example_sensor_decorator' retrieved from /home/airflow/.local/lib/python3.12/site-packages/airflow/example_dags/example_sensor_decorator.py
[2024-12-07T17:27:44.293+0000] {logging_mixin.py:190} INFO - [2024-12-07T17:27:44.292+0000] {dag.py:3239} INFO - Sync 1 DAGs
[2024-12-07T17:27:44.327+0000] {logging_mixin.py:190} INFO - [2024-12-07T17:27:44.327+0000] {dag.py:4180} INFO - Setting next_dagrun for example_sensor_decorator to None, run_after=None
[2024-12-07T17:27:44.374+0000] {processor.py:208} INFO - Processing /home/airflow/.local/lib/python3.12/site-packages/airflow/example_dags/example_sensor_decorator.py took 0.144 seconds
[2024-12-07T17:28:19.576+0000] {processor.py:186} INFO - Started process (PID=3314) to work on /home/airflow/.local/lib/python3.12/site-packages/airflow/example_dags/example_sensor_decorator.py
[2024-12-07T17:28:19.578+0000] {processor.py:914} INFO - Processing file /home/airflow/.local/lib/python3.12/site-packages/airflow/example_dags/example_sensor_decorator.py for tasks to queue
[2024-12-07T17:28:19.585+0000] {logging_mixin.py:190} INFO - [2024-12-07T17:28:19.583+0000] {dagbag.py:588} INFO - Filling up the DagBag from /home/airflow/.local/lib/python3.12/site-packages/airflow/example_dags/example_sensor_decorator.py
[2024-12-07T17:28:19.616+0000] {processor.py:925} INFO - DAG(s) 'example_sensor_decorator' retrieved from /home/airflow/.local/lib/python3.12/site-packages/airflow/example_dags/example_sensor_decorator.py
[2024-12-07T17:28:19.842+0000] {logging_mixin.py:190} INFO - [2024-12-07T17:28:19.838+0000] {dag.py:3239} INFO - Sync 1 DAGs
[2024-12-07T17:28:19.981+0000] {logging_mixin.py:190} INFO - [2024-12-07T17:28:19.980+0000] {dag.py:4180} INFO - Setting next_dagrun for example_sensor_decorator to None, run_after=None
[2024-12-07T17:28:20.111+0000] {processor.py:208} INFO - Processing /home/airflow/.local/lib/python3.12/site-packages/airflow/example_dags/example_sensor_decorator.py took 0.552 seconds
[2024-12-07T17:28:53.861+0000] {processor.py:186} INFO - Started process (PID=3615) to work on /home/airflow/.local/lib/python3.12/site-packages/airflow/example_dags/example_sensor_decorator.py
[2024-12-07T17:28:53.862+0000] {processor.py:914} INFO - Processing file /home/airflow/.local/lib/python3.12/site-packages/airflow/example_dags/example_sensor_decorator.py for tasks to queue
[2024-12-07T17:28:53.867+0000] {logging_mixin.py:190} INFO - [2024-12-07T17:28:53.866+0000] {dagbag.py:588} INFO - Filling up the DagBag from /home/airflow/.local/lib/python3.12/site-packages/airflow/example_dags/example_sensor_decorator.py
[2024-12-07T17:28:53.900+0000] {processor.py:925} INFO - DAG(s) 'example_sensor_decorator' retrieved from /home/airflow/.local/lib/python3.12/site-packages/airflow/example_dags/example_sensor_decorator.py
[2024-12-07T17:28:54.003+0000] {logging_mixin.py:190} INFO - [2024-12-07T17:28:54.002+0000] {dag.py:3239} INFO - Sync 1 DAGs
[2024-12-07T17:28:54.097+0000] {logging_mixin.py:190} INFO - [2024-12-07T17:28:54.085+0000] {dag.py:4180} INFO - Setting next_dagrun for example_sensor_decorator to None, run_after=None
[2024-12-07T17:28:54.269+0000] {processor.py:208} INFO - Processing /home/airflow/.local/lib/python3.12/site-packages/airflow/example_dags/example_sensor_decorator.py took 0.431 seconds
[2024-12-07T17:29:25.168+0000] {processor.py:186} INFO - Started process (PID=3905) to work on /home/airflow/.local/lib/python3.12/site-packages/airflow/example_dags/example_sensor_decorator.py
[2024-12-07T17:29:25.171+0000] {processor.py:914} INFO - Processing file /home/airflow/.local/lib/python3.12/site-packages/airflow/example_dags/example_sensor_decorator.py for tasks to queue
[2024-12-07T17:29:25.182+0000] {logging_mixin.py:190} INFO - [2024-12-07T17:29:25.181+0000] {dagbag.py:588} INFO - Filling up the DagBag from /home/airflow/.local/lib/python3.12/site-packages/airflow/example_dags/example_sensor_decorator.py
[2024-12-07T17:29:25.204+0000] {processor.py:925} INFO - DAG(s) 'example_sensor_decorator' retrieved from /home/airflow/.local/lib/python3.12/site-packages/airflow/example_dags/example_sensor_decorator.py
[2024-12-07T17:29:25.258+0000] {logging_mixin.py:190} INFO - [2024-12-07T17:29:25.258+0000] {dag.py:3239} INFO - Sync 1 DAGs
[2024-12-07T17:29:25.295+0000] {logging_mixin.py:190} INFO - [2024-12-07T17:29:25.295+0000] {dag.py:4180} INFO - Setting next_dagrun for example_sensor_decorator to None, run_after=None
[2024-12-07T17:29:25.338+0000] {processor.py:208} INFO - Processing /home/airflow/.local/lib/python3.12/site-packages/airflow/example_dags/example_sensor_decorator.py took 0.186 seconds
[2024-12-07T17:29:55.618+0000] {processor.py:186} INFO - Started process (PID=4196) to work on /home/airflow/.local/lib/python3.12/site-packages/airflow/example_dags/example_sensor_decorator.py
[2024-12-07T17:29:55.620+0000] {processor.py:914} INFO - Processing file /home/airflow/.local/lib/python3.12/site-packages/airflow/example_dags/example_sensor_decorator.py for tasks to queue
[2024-12-07T17:29:55.623+0000] {logging_mixin.py:190} INFO - [2024-12-07T17:29:55.623+0000] {dagbag.py:588} INFO - Filling up the DagBag from /home/airflow/.local/lib/python3.12/site-packages/airflow/example_dags/example_sensor_decorator.py
[2024-12-07T17:29:55.634+0000] {processor.py:925} INFO - DAG(s) 'example_sensor_decorator' retrieved from /home/airflow/.local/lib/python3.12/site-packages/airflow/example_dags/example_sensor_decorator.py
[2024-12-07T17:29:55.662+0000] {logging_mixin.py:190} INFO - [2024-12-07T17:29:55.661+0000] {dag.py:3239} INFO - Sync 1 DAGs
[2024-12-07T17:29:55.683+0000] {logging_mixin.py:190} INFO - [2024-12-07T17:29:55.683+0000] {dag.py:4180} INFO - Setting next_dagrun for example_sensor_decorator to None, run_after=None
[2024-12-07T17:29:55.712+0000] {processor.py:208} INFO - Processing /home/airflow/.local/lib/python3.12/site-packages/airflow/example_dags/example_sensor_decorator.py took 0.101 seconds
[2024-12-07T17:30:26.416+0000] {processor.py:186} INFO - Started process (PID=4487) to work on /home/airflow/.local/lib/python3.12/site-packages/airflow/example_dags/example_sensor_decorator.py
[2024-12-07T17:30:26.418+0000] {processor.py:914} INFO - Processing file /home/airflow/.local/lib/python3.12/site-packages/airflow/example_dags/example_sensor_decorator.py for tasks to queue
[2024-12-07T17:30:26.422+0000] {logging_mixin.py:190} INFO - [2024-12-07T17:30:26.421+0000] {dagbag.py:588} INFO - Filling up the DagBag from /home/airflow/.local/lib/python3.12/site-packages/airflow/example_dags/example_sensor_decorator.py
[2024-12-07T17:30:26.437+0000] {processor.py:925} INFO - DAG(s) 'example_sensor_decorator' retrieved from /home/airflow/.local/lib/python3.12/site-packages/airflow/example_dags/example_sensor_decorator.py
[2024-12-07T17:30:26.467+0000] {logging_mixin.py:190} INFO - [2024-12-07T17:30:26.466+0000] {dag.py:3239} INFO - Sync 1 DAGs
[2024-12-07T17:30:26.485+0000] {logging_mixin.py:190} INFO - [2024-12-07T17:30:26.485+0000] {dag.py:4180} INFO - Setting next_dagrun for example_sensor_decorator to None, run_after=None
[2024-12-07T17:30:26.512+0000] {processor.py:208} INFO - Processing /home/airflow/.local/lib/python3.12/site-packages/airflow/example_dags/example_sensor_decorator.py took 0.105 seconds
[2024-12-07T17:30:56.905+0000] {processor.py:186} INFO - Started process (PID=4777) to work on /home/airflow/.local/lib/python3.12/site-packages/airflow/example_dags/example_sensor_decorator.py
[2024-12-07T17:30:56.907+0000] {processor.py:914} INFO - Processing file /home/airflow/.local/lib/python3.12/site-packages/airflow/example_dags/example_sensor_decorator.py for tasks to queue
[2024-12-07T17:30:56.911+0000] {logging_mixin.py:190} INFO - [2024-12-07T17:30:56.910+0000] {dagbag.py:588} INFO - Filling up the DagBag from /home/airflow/.local/lib/python3.12/site-packages/airflow/example_dags/example_sensor_decorator.py
[2024-12-07T17:30:56.925+0000] {processor.py:925} INFO - DAG(s) 'example_sensor_decorator' retrieved from /home/airflow/.local/lib/python3.12/site-packages/airflow/example_dags/example_sensor_decorator.py
[2024-12-07T17:30:56.960+0000] {logging_mixin.py:190} INFO - [2024-12-07T17:30:56.959+0000] {dag.py:3239} INFO - Sync 1 DAGs
[2024-12-07T17:30:56.991+0000] {logging_mixin.py:190} INFO - [2024-12-07T17:30:56.991+0000] {dag.py:4180} INFO - Setting next_dagrun for example_sensor_decorator to None, run_after=None
[2024-12-07T17:30:57.025+0000] {processor.py:208} INFO - Processing /home/airflow/.local/lib/python3.12/site-packages/airflow/example_dags/example_sensor_decorator.py took 0.132 seconds
[2024-12-07T17:31:27.503+0000] {processor.py:186} INFO - Started process (PID=5068) to work on /home/airflow/.local/lib/python3.12/site-packages/airflow/example_dags/example_sensor_decorator.py
[2024-12-07T17:31:27.504+0000] {processor.py:914} INFO - Processing file /home/airflow/.local/lib/python3.12/site-packages/airflow/example_dags/example_sensor_decorator.py for tasks to queue
[2024-12-07T17:31:27.507+0000] {logging_mixin.py:190} INFO - [2024-12-07T17:31:27.507+0000] {dagbag.py:588} INFO - Filling up the DagBag from /home/airflow/.local/lib/python3.12/site-packages/airflow/example_dags/example_sensor_decorator.py
[2024-12-07T17:31:27.518+0000] {processor.py:925} INFO - DAG(s) 'example_sensor_decorator' retrieved from /home/airflow/.local/lib/python3.12/site-packages/airflow/example_dags/example_sensor_decorator.py
[2024-12-07T17:31:27.547+0000] {logging_mixin.py:190} INFO - [2024-12-07T17:31:27.546+0000] {dag.py:3239} INFO - Sync 1 DAGs
[2024-12-07T17:31:27.571+0000] {logging_mixin.py:190} INFO - [2024-12-07T17:31:27.570+0000] {dag.py:4180} INFO - Setting next_dagrun for example_sensor_decorator to None, run_after=None
[2024-12-07T17:31:27.601+0000] {processor.py:208} INFO - Processing /home/airflow/.local/lib/python3.12/site-packages/airflow/example_dags/example_sensor_decorator.py took 0.109 seconds
[2024-12-07T17:31:57.781+0000] {processor.py:186} INFO - Started process (PID=5357) to work on /home/airflow/.local/lib/python3.12/site-packages/airflow/example_dags/example_sensor_decorator.py
[2024-12-07T17:31:57.783+0000] {processor.py:914} INFO - Processing file /home/airflow/.local/lib/python3.12/site-packages/airflow/example_dags/example_sensor_decorator.py for tasks to queue
[2024-12-07T17:31:57.786+0000] {logging_mixin.py:190} INFO - [2024-12-07T17:31:57.786+0000] {dagbag.py:588} INFO - Filling up the DagBag from /home/airflow/.local/lib/python3.12/site-packages/airflow/example_dags/example_sensor_decorator.py
[2024-12-07T17:31:57.798+0000] {processor.py:925} INFO - DAG(s) 'example_sensor_decorator' retrieved from /home/airflow/.local/lib/python3.12/site-packages/airflow/example_dags/example_sensor_decorator.py
[2024-12-07T17:31:57.829+0000] {logging_mixin.py:190} INFO - [2024-12-07T17:31:57.828+0000] {dag.py:3239} INFO - Sync 1 DAGs
[2024-12-07T17:31:57.891+0000] {logging_mixin.py:190} INFO - [2024-12-07T17:31:57.891+0000] {dag.py:4180} INFO - Setting next_dagrun for example_sensor_decorator to None, run_after=None
[2024-12-07T17:31:57.956+0000] {processor.py:208} INFO - Processing /home/airflow/.local/lib/python3.12/site-packages/airflow/example_dags/example_sensor_decorator.py took 0.183 seconds
[2024-12-07T17:32:28.156+0000] {processor.py:186} INFO - Started process (PID=5644) to work on /home/airflow/.local/lib/python3.12/site-packages/airflow/example_dags/example_sensor_decorator.py
[2024-12-07T17:32:28.157+0000] {processor.py:914} INFO - Processing file /home/airflow/.local/lib/python3.12/site-packages/airflow/example_dags/example_sensor_decorator.py for tasks to queue
[2024-12-07T17:32:28.161+0000] {logging_mixin.py:190} INFO - [2024-12-07T17:32:28.161+0000] {dagbag.py:588} INFO - Filling up the DagBag from /home/airflow/.local/lib/python3.12/site-packages/airflow/example_dags/example_sensor_decorator.py
[2024-12-07T17:32:28.172+0000] {processor.py:925} INFO - DAG(s) 'example_sensor_decorator' retrieved from /home/airflow/.local/lib/python3.12/site-packages/airflow/example_dags/example_sensor_decorator.py
[2024-12-07T17:32:28.195+0000] {logging_mixin.py:190} INFO - [2024-12-07T17:32:28.194+0000] {dag.py:3239} INFO - Sync 1 DAGs
[2024-12-07T17:32:28.214+0000] {logging_mixin.py:190} INFO - [2024-12-07T17:32:28.214+0000] {dag.py:4180} INFO - Setting next_dagrun for example_sensor_decorator to None, run_after=None
[2024-12-07T17:32:28.238+0000] {processor.py:208} INFO - Processing /home/airflow/.local/lib/python3.12/site-packages/airflow/example_dags/example_sensor_decorator.py took 0.091 seconds
[2024-12-07T17:32:59.448+0000] {processor.py:186} INFO - Started process (PID=5932) to work on /home/airflow/.local/lib/python3.12/site-packages/airflow/example_dags/example_sensor_decorator.py
[2024-12-07T17:32:59.450+0000] {processor.py:914} INFO - Processing file /home/airflow/.local/lib/python3.12/site-packages/airflow/example_dags/example_sensor_decorator.py for tasks to queue
[2024-12-07T17:32:59.454+0000] {logging_mixin.py:190} INFO - [2024-12-07T17:32:59.454+0000] {dagbag.py:588} INFO - Filling up the DagBag from /home/airflow/.local/lib/python3.12/site-packages/airflow/example_dags/example_sensor_decorator.py
[2024-12-07T17:32:59.470+0000] {processor.py:925} INFO - DAG(s) 'example_sensor_decorator' retrieved from /home/airflow/.local/lib/python3.12/site-packages/airflow/example_dags/example_sensor_decorator.py
[2024-12-07T17:32:59.511+0000] {logging_mixin.py:190} INFO - [2024-12-07T17:32:59.510+0000] {dag.py:3239} INFO - Sync 1 DAGs
[2024-12-07T17:32:59.551+0000] {logging_mixin.py:190} INFO - [2024-12-07T17:32:59.550+0000] {dag.py:4180} INFO - Setting next_dagrun for example_sensor_decorator to None, run_after=None
[2024-12-07T17:32:59.595+0000] {processor.py:208} INFO - Processing /home/airflow/.local/lib/python3.12/site-packages/airflow/example_dags/example_sensor_decorator.py took 0.158 seconds
[2024-12-07T17:33:30.049+0000] {processor.py:186} INFO - Started process (PID=6223) to work on /home/airflow/.local/lib/python3.12/site-packages/airflow/example_dags/example_sensor_decorator.py
[2024-12-07T17:33:30.051+0000] {processor.py:914} INFO - Processing file /home/airflow/.local/lib/python3.12/site-packages/airflow/example_dags/example_sensor_decorator.py for tasks to queue
[2024-12-07T17:33:30.055+0000] {logging_mixin.py:190} INFO - [2024-12-07T17:33:30.055+0000] {dagbag.py:588} INFO - Filling up the DagBag from /home/airflow/.local/lib/python3.12/site-packages/airflow/example_dags/example_sensor_decorator.py
[2024-12-07T17:33:30.071+0000] {processor.py:925} INFO - DAG(s) 'example_sensor_decorator' retrieved from /home/airflow/.local/lib/python3.12/site-packages/airflow/example_dags/example_sensor_decorator.py
[2024-12-07T17:33:30.105+0000] {logging_mixin.py:190} INFO - [2024-12-07T17:33:30.104+0000] {dag.py:3239} INFO - Sync 1 DAGs
[2024-12-07T17:33:30.138+0000] {logging_mixin.py:190} INFO - [2024-12-07T17:33:30.138+0000] {dag.py:4180} INFO - Setting next_dagrun for example_sensor_decorator to None, run_after=None
[2024-12-07T17:33:30.182+0000] {processor.py:208} INFO - Processing /home/airflow/.local/lib/python3.12/site-packages/airflow/example_dags/example_sensor_decorator.py took 0.144 seconds
[2024-12-07T17:34:00.372+0000] {processor.py:186} INFO - Started process (PID=6511) to work on /home/airflow/.local/lib/python3.12/site-packages/airflow/example_dags/example_sensor_decorator.py
[2024-12-07T17:34:00.373+0000] {processor.py:914} INFO - Processing file /home/airflow/.local/lib/python3.12/site-packages/airflow/example_dags/example_sensor_decorator.py for tasks to queue
[2024-12-07T17:34:00.375+0000] {logging_mixin.py:190} INFO - [2024-12-07T17:34:00.375+0000] {dagbag.py:588} INFO - Filling up the DagBag from /home/airflow/.local/lib/python3.12/site-packages/airflow/example_dags/example_sensor_decorator.py
[2024-12-07T17:34:00.385+0000] {processor.py:925} INFO - DAG(s) 'example_sensor_decorator' retrieved from /home/airflow/.local/lib/python3.12/site-packages/airflow/example_dags/example_sensor_decorator.py
[2024-12-07T17:34:00.411+0000] {logging_mixin.py:190} INFO - [2024-12-07T17:34:00.410+0000] {dag.py:3239} INFO - Sync 1 DAGs
[2024-12-07T17:34:00.432+0000] {logging_mixin.py:190} INFO - [2024-12-07T17:34:00.432+0000] {dag.py:4180} INFO - Setting next_dagrun for example_sensor_decorator to None, run_after=None
[2024-12-07T17:34:00.455+0000] {processor.py:208} INFO - Processing /home/airflow/.local/lib/python3.12/site-packages/airflow/example_dags/example_sensor_decorator.py took 0.091 seconds
[2024-12-07T17:34:31.375+0000] {processor.py:186} INFO - Started process (PID=6810) to work on /home/airflow/.local/lib/python3.12/site-packages/airflow/example_dags/example_sensor_decorator.py
[2024-12-07T17:34:31.377+0000] {processor.py:914} INFO - Processing file /home/airflow/.local/lib/python3.12/site-packages/airflow/example_dags/example_sensor_decorator.py for tasks to queue
[2024-12-07T17:34:31.381+0000] {logging_mixin.py:190} INFO - [2024-12-07T17:34:31.381+0000] {dagbag.py:588} INFO - Filling up the DagBag from /home/airflow/.local/lib/python3.12/site-packages/airflow/example_dags/example_sensor_decorator.py
[2024-12-07T17:34:31.395+0000] {processor.py:925} INFO - DAG(s) 'example_sensor_decorator' retrieved from /home/airflow/.local/lib/python3.12/site-packages/airflow/example_dags/example_sensor_decorator.py
[2024-12-07T17:34:31.425+0000] {logging_mixin.py:190} INFO - [2024-12-07T17:34:31.424+0000] {dag.py:3239} INFO - Sync 1 DAGs
[2024-12-07T17:34:31.444+0000] {logging_mixin.py:190} INFO - [2024-12-07T17:34:31.444+0000] {dag.py:4180} INFO - Setting next_dagrun for example_sensor_decorator to None, run_after=None
[2024-12-07T17:34:31.473+0000] {processor.py:208} INFO - Processing /home/airflow/.local/lib/python3.12/site-packages/airflow/example_dags/example_sensor_decorator.py took 0.108 seconds
[2024-12-07T17:35:01.860+0000] {processor.py:186} INFO - Started process (PID=7101) to work on /home/airflow/.local/lib/python3.12/site-packages/airflow/example_dags/example_sensor_decorator.py
[2024-12-07T17:35:01.862+0000] {processor.py:914} INFO - Processing file /home/airflow/.local/lib/python3.12/site-packages/airflow/example_dags/example_sensor_decorator.py for tasks to queue
[2024-12-07T17:35:01.865+0000] {logging_mixin.py:190} INFO - [2024-12-07T17:35:01.864+0000] {dagbag.py:588} INFO - Filling up the DagBag from /home/airflow/.local/lib/python3.12/site-packages/airflow/example_dags/example_sensor_decorator.py
[2024-12-07T17:35:01.880+0000] {processor.py:925} INFO - DAG(s) 'example_sensor_decorator' retrieved from /home/airflow/.local/lib/python3.12/site-packages/airflow/example_dags/example_sensor_decorator.py
[2024-12-07T17:35:01.906+0000] {logging_mixin.py:190} INFO - [2024-12-07T17:35:01.906+0000] {dag.py:3239} INFO - Sync 1 DAGs
[2024-12-07T17:35:01.926+0000] {logging_mixin.py:190} INFO - [2024-12-07T17:35:01.925+0000] {dag.py:4180} INFO - Setting next_dagrun for example_sensor_decorator to None, run_after=None
[2024-12-07T17:35:01.958+0000] {processor.py:208} INFO - Processing /home/airflow/.local/lib/python3.12/site-packages/airflow/example_dags/example_sensor_decorator.py took 0.106 seconds
[2024-12-07T17:35:33.846+0000] {processor.py:186} INFO - Started process (PID=7394) to work on /home/airflow/.local/lib/python3.12/site-packages/airflow/example_dags/example_sensor_decorator.py
[2024-12-07T17:35:33.848+0000] {processor.py:914} INFO - Processing file /home/airflow/.local/lib/python3.12/site-packages/airflow/example_dags/example_sensor_decorator.py for tasks to queue
[2024-12-07T17:35:33.851+0000] {logging_mixin.py:190} INFO - [2024-12-07T17:35:33.851+0000] {dagbag.py:588} INFO - Filling up the DagBag from /home/airflow/.local/lib/python3.12/site-packages/airflow/example_dags/example_sensor_decorator.py
[2024-12-07T17:35:33.863+0000] {processor.py:925} INFO - DAG(s) 'example_sensor_decorator' retrieved from /home/airflow/.local/lib/python3.12/site-packages/airflow/example_dags/example_sensor_decorator.py
[2024-12-07T17:35:33.888+0000] {logging_mixin.py:190} INFO - [2024-12-07T17:35:33.887+0000] {dag.py:3239} INFO - Sync 1 DAGs
[2024-12-07T17:35:33.907+0000] {logging_mixin.py:190} INFO - [2024-12-07T17:35:33.906+0000] {dag.py:4180} INFO - Setting next_dagrun for example_sensor_decorator to None, run_after=None
[2024-12-07T17:35:34.035+0000] {processor.py:208} INFO - Processing /home/airflow/.local/lib/python3.12/site-packages/airflow/example_dags/example_sensor_decorator.py took 0.202 seconds
[2024-12-07T17:36:04.385+0000] {processor.py:186} INFO - Started process (PID=7683) to work on /home/airflow/.local/lib/python3.12/site-packages/airflow/example_dags/example_sensor_decorator.py
[2024-12-07T17:36:04.387+0000] {processor.py:914} INFO - Processing file /home/airflow/.local/lib/python3.12/site-packages/airflow/example_dags/example_sensor_decorator.py for tasks to queue
[2024-12-07T17:36:04.392+0000] {logging_mixin.py:190} INFO - [2024-12-07T17:36:04.391+0000] {dagbag.py:588} INFO - Filling up the DagBag from /home/airflow/.local/lib/python3.12/site-packages/airflow/example_dags/example_sensor_decorator.py
[2024-12-07T17:36:04.417+0000] {processor.py:925} INFO - DAG(s) 'example_sensor_decorator' retrieved from /home/airflow/.local/lib/python3.12/site-packages/airflow/example_dags/example_sensor_decorator.py
[2024-12-07T17:36:04.499+0000] {logging_mixin.py:190} INFO - [2024-12-07T17:36:04.498+0000] {dag.py:3239} INFO - Sync 1 DAGs
[2024-12-07T17:36:04.526+0000] {logging_mixin.py:190} INFO - [2024-12-07T17:36:04.526+0000] {dag.py:4180} INFO - Setting next_dagrun for example_sensor_decorator to None, run_after=None
[2024-12-07T17:36:04.568+0000] {processor.py:208} INFO - Processing /home/airflow/.local/lib/python3.12/site-packages/airflow/example_dags/example_sensor_decorator.py took 0.202 seconds
[2024-12-07T17:36:39.469+0000] {processor.py:186} INFO - Started process (PID=7987) to work on /home/airflow/.local/lib/python3.12/site-packages/airflow/example_dags/example_sensor_decorator.py
[2024-12-07T17:36:39.481+0000] {processor.py:914} INFO - Processing file /home/airflow/.local/lib/python3.12/site-packages/airflow/example_dags/example_sensor_decorator.py for tasks to queue
[2024-12-07T17:36:39.489+0000] {logging_mixin.py:190} INFO - [2024-12-07T17:36:39.488+0000] {dagbag.py:588} INFO - Filling up the DagBag from /home/airflow/.local/lib/python3.12/site-packages/airflow/example_dags/example_sensor_decorator.py
[2024-12-07T17:36:39.532+0000] {processor.py:925} INFO - DAG(s) 'example_sensor_decorator' retrieved from /home/airflow/.local/lib/python3.12/site-packages/airflow/example_dags/example_sensor_decorator.py
[2024-12-07T17:36:39.626+0000] {logging_mixin.py:190} INFO - [2024-12-07T17:36:39.626+0000] {dag.py:3239} INFO - Sync 1 DAGs
[2024-12-07T17:36:39.707+0000] {logging_mixin.py:190} INFO - [2024-12-07T17:36:39.706+0000] {dag.py:4180} INFO - Setting next_dagrun for example_sensor_decorator to None, run_after=None
[2024-12-07T17:36:39.919+0000] {processor.py:208} INFO - Processing /home/airflow/.local/lib/python3.12/site-packages/airflow/example_dags/example_sensor_decorator.py took 0.471 seconds
[2024-12-07T17:37:10.666+0000] {processor.py:186} INFO - Started process (PID=8277) to work on /home/airflow/.local/lib/python3.12/site-packages/airflow/example_dags/example_sensor_decorator.py
[2024-12-07T17:37:10.672+0000] {processor.py:914} INFO - Processing file /home/airflow/.local/lib/python3.12/site-packages/airflow/example_dags/example_sensor_decorator.py for tasks to queue
[2024-12-07T17:37:10.695+0000] {logging_mixin.py:190} INFO - [2024-12-07T17:37:10.694+0000] {dagbag.py:588} INFO - Filling up the DagBag from /home/airflow/.local/lib/python3.12/site-packages/airflow/example_dags/example_sensor_decorator.py
[2024-12-07T17:37:10.741+0000] {processor.py:925} INFO - DAG(s) 'example_sensor_decorator' retrieved from /home/airflow/.local/lib/python3.12/site-packages/airflow/example_dags/example_sensor_decorator.py
[2024-12-07T17:37:10.857+0000] {logging_mixin.py:190} INFO - [2024-12-07T17:37:10.855+0000] {dag.py:3239} INFO - Sync 1 DAGs
[2024-12-07T17:37:10.899+0000] {logging_mixin.py:190} INFO - [2024-12-07T17:37:10.898+0000] {dag.py:4180} INFO - Setting next_dagrun for example_sensor_decorator to None, run_after=None
[2024-12-07T17:37:10.973+0000] {processor.py:208} INFO - Processing /home/airflow/.local/lib/python3.12/site-packages/airflow/example_dags/example_sensor_decorator.py took 0.330 seconds
[2024-12-07T17:37:41.341+0000] {processor.py:186} INFO - Started process (PID=8568) to work on /home/airflow/.local/lib/python3.12/site-packages/airflow/example_dags/example_sensor_decorator.py
[2024-12-07T17:37:41.342+0000] {processor.py:914} INFO - Processing file /home/airflow/.local/lib/python3.12/site-packages/airflow/example_dags/example_sensor_decorator.py for tasks to queue
[2024-12-07T17:37:41.345+0000] {logging_mixin.py:190} INFO - [2024-12-07T17:37:41.344+0000] {dagbag.py:588} INFO - Filling up the DagBag from /home/airflow/.local/lib/python3.12/site-packages/airflow/example_dags/example_sensor_decorator.py
[2024-12-07T17:37:41.358+0000] {processor.py:925} INFO - DAG(s) 'example_sensor_decorator' retrieved from /home/airflow/.local/lib/python3.12/site-packages/airflow/example_dags/example_sensor_decorator.py
[2024-12-07T17:37:41.381+0000] {logging_mixin.py:190} INFO - [2024-12-07T17:37:41.381+0000] {dag.py:3239} INFO - Sync 1 DAGs
[2024-12-07T17:37:41.406+0000] {logging_mixin.py:190} INFO - [2024-12-07T17:37:41.406+0000] {dag.py:4180} INFO - Setting next_dagrun for example_sensor_decorator to None, run_after=None
[2024-12-07T17:37:41.435+0000] {processor.py:208} INFO - Processing /home/airflow/.local/lib/python3.12/site-packages/airflow/example_dags/example_sensor_decorator.py took 0.104 seconds
[2024-12-07T17:38:13.983+0000] {processor.py:186} INFO - Started process (PID=8861) to work on /home/airflow/.local/lib/python3.12/site-packages/airflow/example_dags/example_sensor_decorator.py
[2024-12-07T17:38:13.984+0000] {processor.py:914} INFO - Processing file /home/airflow/.local/lib/python3.12/site-packages/airflow/example_dags/example_sensor_decorator.py for tasks to queue
[2024-12-07T17:38:13.989+0000] {logging_mixin.py:190} INFO - [2024-12-07T17:38:13.989+0000] {dagbag.py:588} INFO - Filling up the DagBag from /home/airflow/.local/lib/python3.12/site-packages/airflow/example_dags/example_sensor_decorator.py
[2024-12-07T17:38:14.017+0000] {processor.py:925} INFO - DAG(s) 'example_sensor_decorator' retrieved from /home/airflow/.local/lib/python3.12/site-packages/airflow/example_dags/example_sensor_decorator.py
[2024-12-07T17:38:14.068+0000] {logging_mixin.py:190} INFO - [2024-12-07T17:38:14.068+0000] {dag.py:3239} INFO - Sync 1 DAGs
[2024-12-07T17:38:14.159+0000] {logging_mixin.py:190} INFO - [2024-12-07T17:38:14.158+0000] {dag.py:4180} INFO - Setting next_dagrun for example_sensor_decorator to None, run_after=None
[2024-12-07T17:38:14.218+0000] {processor.py:208} INFO - Processing /home/airflow/.local/lib/python3.12/site-packages/airflow/example_dags/example_sensor_decorator.py took 0.254 seconds
[2024-12-07T17:38:44.600+0000] {processor.py:186} INFO - Started process (PID=9150) to work on /home/airflow/.local/lib/python3.12/site-packages/airflow/example_dags/example_sensor_decorator.py
[2024-12-07T17:38:44.601+0000] {processor.py:914} INFO - Processing file /home/airflow/.local/lib/python3.12/site-packages/airflow/example_dags/example_sensor_decorator.py for tasks to queue
[2024-12-07T17:38:44.605+0000] {logging_mixin.py:190} INFO - [2024-12-07T17:38:44.604+0000] {dagbag.py:588} INFO - Filling up the DagBag from /home/airflow/.local/lib/python3.12/site-packages/airflow/example_dags/example_sensor_decorator.py
[2024-12-07T17:38:44.626+0000] {processor.py:925} INFO - DAG(s) 'example_sensor_decorator' retrieved from /home/airflow/.local/lib/python3.12/site-packages/airflow/example_dags/example_sensor_decorator.py
[2024-12-07T17:38:44.757+0000] {logging_mixin.py:190} INFO - [2024-12-07T17:38:44.757+0000] {dag.py:3239} INFO - Sync 1 DAGs
[2024-12-07T17:38:44.882+0000] {logging_mixin.py:190} INFO - [2024-12-07T17:38:44.881+0000] {dag.py:4180} INFO - Setting next_dagrun for example_sensor_decorator to None, run_after=None
[2024-12-07T17:38:45.035+0000] {processor.py:208} INFO - Processing /home/airflow/.local/lib/python3.12/site-packages/airflow/example_dags/example_sensor_decorator.py took 0.449 seconds
[2024-12-07T17:39:15.651+0000] {processor.py:186} INFO - Started process (PID=9438) to work on /home/airflow/.local/lib/python3.12/site-packages/airflow/example_dags/example_sensor_decorator.py
[2024-12-07T17:39:15.656+0000] {processor.py:914} INFO - Processing file /home/airflow/.local/lib/python3.12/site-packages/airflow/example_dags/example_sensor_decorator.py for tasks to queue
[2024-12-07T17:39:15.661+0000] {logging_mixin.py:190} INFO - [2024-12-07T17:39:15.660+0000] {dagbag.py:588} INFO - Filling up the DagBag from /home/airflow/.local/lib/python3.12/site-packages/airflow/example_dags/example_sensor_decorator.py
[2024-12-07T17:39:15.678+0000] {processor.py:925} INFO - DAG(s) 'example_sensor_decorator' retrieved from /home/airflow/.local/lib/python3.12/site-packages/airflow/example_dags/example_sensor_decorator.py
[2024-12-07T17:39:15.737+0000] {logging_mixin.py:190} INFO - [2024-12-07T17:39:15.737+0000] {dag.py:3239} INFO - Sync 1 DAGs
[2024-12-07T17:39:15.809+0000] {logging_mixin.py:190} INFO - [2024-12-07T17:39:15.808+0000] {dag.py:4180} INFO - Setting next_dagrun for example_sensor_decorator to None, run_after=None
[2024-12-07T17:39:15.914+0000] {processor.py:208} INFO - Processing /home/airflow/.local/lib/python3.12/site-packages/airflow/example_dags/example_sensor_decorator.py took 0.278 seconds
[2024-12-07T17:39:46.298+0000] {processor.py:186} INFO - Started process (PID=9730) to work on /home/airflow/.local/lib/python3.12/site-packages/airflow/example_dags/example_sensor_decorator.py
[2024-12-07T17:39:46.315+0000] {processor.py:914} INFO - Processing file /home/airflow/.local/lib/python3.12/site-packages/airflow/example_dags/example_sensor_decorator.py for tasks to queue
[2024-12-07T17:39:46.325+0000] {logging_mixin.py:190} INFO - [2024-12-07T17:39:46.325+0000] {dagbag.py:588} INFO - Filling up the DagBag from /home/airflow/.local/lib/python3.12/site-packages/airflow/example_dags/example_sensor_decorator.py
[2024-12-07T17:39:46.369+0000] {processor.py:925} INFO - DAG(s) 'example_sensor_decorator' retrieved from /home/airflow/.local/lib/python3.12/site-packages/airflow/example_dags/example_sensor_decorator.py
[2024-12-07T17:39:46.484+0000] {logging_mixin.py:190} INFO - [2024-12-07T17:39:46.484+0000] {dag.py:3239} INFO - Sync 1 DAGs
[2024-12-07T17:39:46.554+0000] {logging_mixin.py:190} INFO - [2024-12-07T17:39:46.553+0000] {dag.py:4180} INFO - Setting next_dagrun for example_sensor_decorator to None, run_after=None
[2024-12-07T17:39:46.625+0000] {processor.py:208} INFO - Processing /home/airflow/.local/lib/python3.12/site-packages/airflow/example_dags/example_sensor_decorator.py took 0.351 seconds
[2024-12-07T17:40:17.236+0000] {processor.py:186} INFO - Started process (PID=10021) to work on /home/airflow/.local/lib/python3.12/site-packages/airflow/example_dags/example_sensor_decorator.py
[2024-12-07T17:40:17.238+0000] {processor.py:914} INFO - Processing file /home/airflow/.local/lib/python3.12/site-packages/airflow/example_dags/example_sensor_decorator.py for tasks to queue
[2024-12-07T17:40:17.241+0000] {logging_mixin.py:190} INFO - [2024-12-07T17:40:17.241+0000] {dagbag.py:588} INFO - Filling up the DagBag from /home/airflow/.local/lib/python3.12/site-packages/airflow/example_dags/example_sensor_decorator.py
[2024-12-07T17:40:17.252+0000] {processor.py:925} INFO - DAG(s) 'example_sensor_decorator' retrieved from /home/airflow/.local/lib/python3.12/site-packages/airflow/example_dags/example_sensor_decorator.py
[2024-12-07T17:40:17.286+0000] {logging_mixin.py:190} INFO - [2024-12-07T17:40:17.285+0000] {dag.py:3239} INFO - Sync 1 DAGs
[2024-12-07T17:40:17.316+0000] {logging_mixin.py:190} INFO - [2024-12-07T17:40:17.315+0000] {dag.py:4180} INFO - Setting next_dagrun for example_sensor_decorator to None, run_after=None
[2024-12-07T17:40:17.358+0000] {processor.py:208} INFO - Processing /home/airflow/.local/lib/python3.12/site-packages/airflow/example_dags/example_sensor_decorator.py took 0.132 seconds
[2024-12-07T17:40:48.070+0000] {processor.py:186} INFO - Started process (PID=10310) to work on /home/airflow/.local/lib/python3.12/site-packages/airflow/example_dags/example_sensor_decorator.py
[2024-12-07T17:40:48.071+0000] {processor.py:914} INFO - Processing file /home/airflow/.local/lib/python3.12/site-packages/airflow/example_dags/example_sensor_decorator.py for tasks to queue
[2024-12-07T17:40:48.076+0000] {logging_mixin.py:190} INFO - [2024-12-07T17:40:48.075+0000] {dagbag.py:588} INFO - Filling up the DagBag from /home/airflow/.local/lib/python3.12/site-packages/airflow/example_dags/example_sensor_decorator.py
[2024-12-07T17:40:48.091+0000] {processor.py:925} INFO - DAG(s) 'example_sensor_decorator' retrieved from /home/airflow/.local/lib/python3.12/site-packages/airflow/example_dags/example_sensor_decorator.py
[2024-12-07T17:40:48.120+0000] {logging_mixin.py:190} INFO - [2024-12-07T17:40:48.120+0000] {dag.py:3239} INFO - Sync 1 DAGs
[2024-12-07T17:40:48.141+0000] {logging_mixin.py:190} INFO - [2024-12-07T17:40:48.141+0000] {dag.py:4180} INFO - Setting next_dagrun for example_sensor_decorator to None, run_after=None
[2024-12-07T17:40:48.173+0000] {processor.py:208} INFO - Processing /home/airflow/.local/lib/python3.12/site-packages/airflow/example_dags/example_sensor_decorator.py took 0.114 seconds
[2024-12-07T17:41:18.379+0000] {processor.py:186} INFO - Started process (PID=10598) to work on /home/airflow/.local/lib/python3.12/site-packages/airflow/example_dags/example_sensor_decorator.py
[2024-12-07T17:41:18.381+0000] {processor.py:914} INFO - Processing file /home/airflow/.local/lib/python3.12/site-packages/airflow/example_dags/example_sensor_decorator.py for tasks to queue
[2024-12-07T17:41:18.383+0000] {logging_mixin.py:190} INFO - [2024-12-07T17:41:18.383+0000] {dagbag.py:588} INFO - Filling up the DagBag from /home/airflow/.local/lib/python3.12/site-packages/airflow/example_dags/example_sensor_decorator.py
[2024-12-07T17:41:18.393+0000] {processor.py:925} INFO - DAG(s) 'example_sensor_decorator' retrieved from /home/airflow/.local/lib/python3.12/site-packages/airflow/example_dags/example_sensor_decorator.py
[2024-12-07T17:41:18.415+0000] {logging_mixin.py:190} INFO - [2024-12-07T17:41:18.415+0000] {dag.py:3239} INFO - Sync 1 DAGs
[2024-12-07T17:41:18.432+0000] {logging_mixin.py:190} INFO - [2024-12-07T17:41:18.432+0000] {dag.py:4180} INFO - Setting next_dagrun for example_sensor_decorator to None, run_after=None
[2024-12-07T17:41:18.457+0000] {processor.py:208} INFO - Processing /home/airflow/.local/lib/python3.12/site-packages/airflow/example_dags/example_sensor_decorator.py took 0.085 seconds
[2024-12-07T17:41:49.291+0000] {processor.py:186} INFO - Started process (PID=10890) to work on /home/airflow/.local/lib/python3.12/site-packages/airflow/example_dags/example_sensor_decorator.py
[2024-12-07T17:41:49.292+0000] {processor.py:914} INFO - Processing file /home/airflow/.local/lib/python3.12/site-packages/airflow/example_dags/example_sensor_decorator.py for tasks to queue
[2024-12-07T17:41:49.295+0000] {logging_mixin.py:190} INFO - [2024-12-07T17:41:49.294+0000] {dagbag.py:588} INFO - Filling up the DagBag from /home/airflow/.local/lib/python3.12/site-packages/airflow/example_dags/example_sensor_decorator.py
[2024-12-07T17:41:49.304+0000] {processor.py:925} INFO - DAG(s) 'example_sensor_decorator' retrieved from /home/airflow/.local/lib/python3.12/site-packages/airflow/example_dags/example_sensor_decorator.py
[2024-12-07T17:41:49.325+0000] {logging_mixin.py:190} INFO - [2024-12-07T17:41:49.325+0000] {dag.py:3239} INFO - Sync 1 DAGs
[2024-12-07T17:41:49.342+0000] {logging_mixin.py:190} INFO - [2024-12-07T17:41:49.341+0000] {dag.py:4180} INFO - Setting next_dagrun for example_sensor_decorator to None, run_after=None
[2024-12-07T17:41:49.375+0000] {processor.py:208} INFO - Processing /home/airflow/.local/lib/python3.12/site-packages/airflow/example_dags/example_sensor_decorator.py took 0.092 seconds
[2024-12-07T17:42:20.090+0000] {processor.py:186} INFO - Started process (PID=11180) to work on /home/airflow/.local/lib/python3.12/site-packages/airflow/example_dags/example_sensor_decorator.py
[2024-12-07T17:42:20.093+0000] {processor.py:914} INFO - Processing file /home/airflow/.local/lib/python3.12/site-packages/airflow/example_dags/example_sensor_decorator.py for tasks to queue
[2024-12-07T17:42:20.097+0000] {logging_mixin.py:190} INFO - [2024-12-07T17:42:20.097+0000] {dagbag.py:588} INFO - Filling up the DagBag from /home/airflow/.local/lib/python3.12/site-packages/airflow/example_dags/example_sensor_decorator.py
[2024-12-07T17:42:20.128+0000] {processor.py:925} INFO - DAG(s) 'example_sensor_decorator' retrieved from /home/airflow/.local/lib/python3.12/site-packages/airflow/example_dags/example_sensor_decorator.py
[2024-12-07T17:42:20.190+0000] {logging_mixin.py:190} INFO - [2024-12-07T17:42:20.189+0000] {dag.py:3239} INFO - Sync 1 DAGs
[2024-12-07T17:42:20.250+0000] {logging_mixin.py:190} INFO - [2024-12-07T17:42:20.250+0000] {dag.py:4180} INFO - Setting next_dagrun for example_sensor_decorator to None, run_after=None
[2024-12-07T17:42:20.327+0000] {processor.py:208} INFO - Processing /home/airflow/.local/lib/python3.12/site-packages/airflow/example_dags/example_sensor_decorator.py took 0.260 seconds
[2024-12-07T17:42:50.474+0000] {processor.py:186} INFO - Started process (PID=11473) to work on /home/airflow/.local/lib/python3.12/site-packages/airflow/example_dags/example_sensor_decorator.py
[2024-12-07T17:42:50.476+0000] {processor.py:914} INFO - Processing file /home/airflow/.local/lib/python3.12/site-packages/airflow/example_dags/example_sensor_decorator.py for tasks to queue
[2024-12-07T17:42:50.480+0000] {logging_mixin.py:190} INFO - [2024-12-07T17:42:50.480+0000] {dagbag.py:588} INFO - Filling up the DagBag from /home/airflow/.local/lib/python3.12/site-packages/airflow/example_dags/example_sensor_decorator.py
[2024-12-07T17:42:50.498+0000] {processor.py:925} INFO - DAG(s) 'example_sensor_decorator' retrieved from /home/airflow/.local/lib/python3.12/site-packages/airflow/example_dags/example_sensor_decorator.py
[2024-12-07T17:42:50.525+0000] {logging_mixin.py:190} INFO - [2024-12-07T17:42:50.525+0000] {dag.py:3239} INFO - Sync 1 DAGs
[2024-12-07T17:42:50.551+0000] {logging_mixin.py:190} INFO - [2024-12-07T17:42:50.550+0000] {dag.py:4180} INFO - Setting next_dagrun for example_sensor_decorator to None, run_after=None
[2024-12-07T17:42:50.580+0000] {processor.py:208} INFO - Processing /home/airflow/.local/lib/python3.12/site-packages/airflow/example_dags/example_sensor_decorator.py took 0.117 seconds
[2024-12-07T17:43:20.918+0000] {processor.py:186} INFO - Started process (PID=11763) to work on /home/airflow/.local/lib/python3.12/site-packages/airflow/example_dags/example_sensor_decorator.py
[2024-12-07T17:43:20.919+0000] {processor.py:914} INFO - Processing file /home/airflow/.local/lib/python3.12/site-packages/airflow/example_dags/example_sensor_decorator.py for tasks to queue
[2024-12-07T17:43:20.923+0000] {logging_mixin.py:190} INFO - [2024-12-07T17:43:20.922+0000] {dagbag.py:588} INFO - Filling up the DagBag from /home/airflow/.local/lib/python3.12/site-packages/airflow/example_dags/example_sensor_decorator.py
[2024-12-07T17:43:20.936+0000] {processor.py:925} INFO - DAG(s) 'example_sensor_decorator' retrieved from /home/airflow/.local/lib/python3.12/site-packages/airflow/example_dags/example_sensor_decorator.py
[2024-12-07T17:43:20.964+0000] {logging_mixin.py:190} INFO - [2024-12-07T17:43:20.964+0000] {dag.py:3239} INFO - Sync 1 DAGs
[2024-12-07T17:43:20.988+0000] {logging_mixin.py:190} INFO - [2024-12-07T17:43:20.988+0000] {dag.py:4180} INFO - Setting next_dagrun for example_sensor_decorator to None, run_after=None
[2024-12-07T17:43:21.018+0000] {processor.py:208} INFO - Processing /home/airflow/.local/lib/python3.12/site-packages/airflow/example_dags/example_sensor_decorator.py took 0.110 seconds
