[2024-12-07T17:22:27.722+0000] {processor.py:186} INFO - Started process (PID=216) to work on /home/airflow/.local/lib/python3.12/site-packages/airflow/example_dags/example_local_kubernetes_executor.py
[2024-12-07T17:22:27.724+0000] {processor.py:914} INFO - Processing file /home/airflow/.local/lib/python3.12/site-packages/airflow/example_dags/example_local_kubernetes_executor.py for tasks to queue
[2024-12-07T17:22:27.727+0000] {logging_mixin.py:190} INFO - [2024-12-07T17:22:27.727+0000] {dagbag.py:588} INFO - Filling up the DagBag from /home/airflow/.local/lib/python3.12/site-packages/airflow/example_dags/example_local_kubernetes_executor.py
[2024-12-07T17:22:27.751+0000] {processor.py:925} INFO - DAG(s) 'example_local_kubernetes_executor' retrieved from /home/airflow/.local/lib/python3.12/site-packages/airflow/example_dags/example_local_kubernetes_executor.py
[2024-12-07T17:22:28.071+0000] {logging_mixin.py:190} INFO - [2024-12-07T17:22:28.070+0000] {override.py:1911} INFO - Created Permission View: can delete on DAG:example_local_kubernetes_executor
[2024-12-07T17:22:28.091+0000] {logging_mixin.py:190} INFO - [2024-12-07T17:22:28.090+0000] {override.py:1911} INFO - Created Permission View: can read on DAG:example_local_kubernetes_executor
[2024-12-07T17:22:28.108+0000] {logging_mixin.py:190} INFO - [2024-12-07T17:22:28.107+0000] {override.py:1911} INFO - Created Permission View: can edit on DAG:example_local_kubernetes_executor
[2024-12-07T17:22:28.130+0000] {logging_mixin.py:190} INFO - [2024-12-07T17:22:28.129+0000] {override.py:1911} INFO - Created Permission View: menu access on DAG Run:example_local_kubernetes_executor
[2024-12-07T17:22:28.159+0000] {logging_mixin.py:190} INFO - [2024-12-07T17:22:28.158+0000] {override.py:1911} INFO - Created Permission View: can delete on DAG Run:example_local_kubernetes_executor
[2024-12-07T17:22:28.190+0000] {logging_mixin.py:190} INFO - [2024-12-07T17:22:28.189+0000] {override.py:1911} INFO - Created Permission View: can read on DAG Run:example_local_kubernetes_executor
[2024-12-07T17:22:28.226+0000] {logging_mixin.py:190} INFO - [2024-12-07T17:22:28.226+0000] {override.py:1911} INFO - Created Permission View: can create on DAG Run:example_local_kubernetes_executor
[2024-12-07T17:22:28.228+0000] {logging_mixin.py:190} INFO - [2024-12-07T17:22:28.227+0000] {dag.py:3239} INFO - Sync 1 DAGs
[2024-12-07T17:22:28.272+0000] {logging_mixin.py:190} INFO - [2024-12-07T17:22:28.272+0000] {dag.py:3262} INFO - Creating ORM DAG for example_local_kubernetes_executor
[2024-12-07T17:22:28.281+0000] {logging_mixin.py:190} INFO - [2024-12-07T17:22:28.280+0000] {dag.py:4180} INFO - Setting next_dagrun for example_local_kubernetes_executor to None, run_after=None
[2024-12-07T17:22:28.354+0000] {processor.py:208} INFO - Processing /home/airflow/.local/lib/python3.12/site-packages/airflow/example_dags/example_local_kubernetes_executor.py took 0.641 seconds
[2024-12-07T17:23:10.409+0000] {processor.py:186} INFO - Started process (PID=508) to work on /home/airflow/.local/lib/python3.12/site-packages/airflow/example_dags/example_local_kubernetes_executor.py
[2024-12-07T17:23:10.411+0000] {processor.py:914} INFO - Processing file /home/airflow/.local/lib/python3.12/site-packages/airflow/example_dags/example_local_kubernetes_executor.py for tasks to queue
[2024-12-07T17:23:10.423+0000] {logging_mixin.py:190} INFO - [2024-12-07T17:23:10.423+0000] {dagbag.py:588} INFO - Filling up the DagBag from /home/airflow/.local/lib/python3.12/site-packages/airflow/example_dags/example_local_kubernetes_executor.py
[2024-12-07T17:23:10.475+0000] {processor.py:925} INFO - DAG(s) 'example_local_kubernetes_executor' retrieved from /home/airflow/.local/lib/python3.12/site-packages/airflow/example_dags/example_local_kubernetes_executor.py
[2024-12-07T17:23:10.620+0000] {logging_mixin.py:190} INFO - [2024-12-07T17:23:10.620+0000] {dag.py:3239} INFO - Sync 1 DAGs
[2024-12-07T17:23:10.660+0000] {logging_mixin.py:190} INFO - [2024-12-07T17:23:10.660+0000] {dag.py:4180} INFO - Setting next_dagrun for example_local_kubernetes_executor to None, run_after=None
[2024-12-07T17:23:10.782+0000] {processor.py:208} INFO - Processing /home/airflow/.local/lib/python3.12/site-packages/airflow/example_dags/example_local_kubernetes_executor.py took 0.390 seconds
[2024-12-07T17:23:54.992+0000] {processor.py:186} INFO - Started process (PID=807) to work on /home/airflow/.local/lib/python3.12/site-packages/airflow/example_dags/example_local_kubernetes_executor.py
[2024-12-07T17:23:55.008+0000] {processor.py:914} INFO - Processing file /home/airflow/.local/lib/python3.12/site-packages/airflow/example_dags/example_local_kubernetes_executor.py for tasks to queue
[2024-12-07T17:23:55.027+0000] {logging_mixin.py:190} INFO - [2024-12-07T17:23:55.027+0000] {dagbag.py:588} INFO - Filling up the DagBag from /home/airflow/.local/lib/python3.12/site-packages/airflow/example_dags/example_local_kubernetes_executor.py
[2024-12-07T17:23:55.092+0000] {processor.py:925} INFO - DAG(s) 'example_local_kubernetes_executor' retrieved from /home/airflow/.local/lib/python3.12/site-packages/airflow/example_dags/example_local_kubernetes_executor.py
[2024-12-07T17:23:55.231+0000] {logging_mixin.py:190} INFO - [2024-12-07T17:23:55.231+0000] {dag.py:3239} INFO - Sync 1 DAGs
[2024-12-07T17:23:55.281+0000] {logging_mixin.py:190} INFO - [2024-12-07T17:23:55.281+0000] {dag.py:4180} INFO - Setting next_dagrun for example_local_kubernetes_executor to None, run_after=None
[2024-12-07T17:23:55.361+0000] {processor.py:208} INFO - Processing /home/airflow/.local/lib/python3.12/site-packages/airflow/example_dags/example_local_kubernetes_executor.py took 0.392 seconds
[2024-12-07T17:24:25.559+0000] {processor.py:186} INFO - Started process (PID=1096) to work on /home/airflow/.local/lib/python3.12/site-packages/airflow/example_dags/example_local_kubernetes_executor.py
[2024-12-07T17:24:25.561+0000] {processor.py:914} INFO - Processing file /home/airflow/.local/lib/python3.12/site-packages/airflow/example_dags/example_local_kubernetes_executor.py for tasks to queue
[2024-12-07T17:24:25.564+0000] {logging_mixin.py:190} INFO - [2024-12-07T17:24:25.564+0000] {dagbag.py:588} INFO - Filling up the DagBag from /home/airflow/.local/lib/python3.12/site-packages/airflow/example_dags/example_local_kubernetes_executor.py
[2024-12-07T17:24:25.575+0000] {processor.py:925} INFO - DAG(s) 'example_local_kubernetes_executor' retrieved from /home/airflow/.local/lib/python3.12/site-packages/airflow/example_dags/example_local_kubernetes_executor.py
[2024-12-07T17:24:29.763+0000] {logging_mixin.py:190} INFO - [2024-12-07T17:24:29.762+0000] {dag.py:3239} INFO - Sync 1 DAGs
[2024-12-07T17:24:29.874+0000] {logging_mixin.py:190} INFO - [2024-12-07T17:24:29.873+0000] {dag.py:4180} INFO - Setting next_dagrun for example_local_kubernetes_executor to None, run_after=None
[2024-12-07T17:24:30.046+0000] {processor.py:208} INFO - Processing /home/airflow/.local/lib/python3.12/site-packages/airflow/example_dags/example_local_kubernetes_executor.py took 4.493 seconds
[2024-12-07T17:25:00.996+0000] {processor.py:186} INFO - Started process (PID=1387) to work on /home/airflow/.local/lib/python3.12/site-packages/airflow/example_dags/example_local_kubernetes_executor.py
[2024-12-07T17:25:00.998+0000] {processor.py:914} INFO - Processing file /home/airflow/.local/lib/python3.12/site-packages/airflow/example_dags/example_local_kubernetes_executor.py for tasks to queue
[2024-12-07T17:25:01.002+0000] {logging_mixin.py:190} INFO - [2024-12-07T17:25:01.001+0000] {dagbag.py:588} INFO - Filling up the DagBag from /home/airflow/.local/lib/python3.12/site-packages/airflow/example_dags/example_local_kubernetes_executor.py
[2024-12-07T17:25:01.018+0000] {processor.py:925} INFO - DAG(s) 'example_local_kubernetes_executor' retrieved from /home/airflow/.local/lib/python3.12/site-packages/airflow/example_dags/example_local_kubernetes_executor.py
[2024-12-07T17:25:01.063+0000] {logging_mixin.py:190} INFO - [2024-12-07T17:25:01.063+0000] {dag.py:3239} INFO - Sync 1 DAGs
[2024-12-07T17:25:01.082+0000] {logging_mixin.py:190} INFO - [2024-12-07T17:25:01.082+0000] {dag.py:4180} INFO - Setting next_dagrun for example_local_kubernetes_executor to None, run_after=None
[2024-12-07T17:25:01.109+0000] {processor.py:208} INFO - Processing /home/airflow/.local/lib/python3.12/site-packages/airflow/example_dags/example_local_kubernetes_executor.py took 0.123 seconds
[2024-12-07T17:25:31.590+0000] {processor.py:186} INFO - Started process (PID=1676) to work on /home/airflow/.local/lib/python3.12/site-packages/airflow/example_dags/example_local_kubernetes_executor.py
[2024-12-07T17:25:31.592+0000] {processor.py:914} INFO - Processing file /home/airflow/.local/lib/python3.12/site-packages/airflow/example_dags/example_local_kubernetes_executor.py for tasks to queue
[2024-12-07T17:25:31.595+0000] {logging_mixin.py:190} INFO - [2024-12-07T17:25:31.595+0000] {dagbag.py:588} INFO - Filling up the DagBag from /home/airflow/.local/lib/python3.12/site-packages/airflow/example_dags/example_local_kubernetes_executor.py
[2024-12-07T17:25:31.609+0000] {processor.py:925} INFO - DAG(s) 'example_local_kubernetes_executor' retrieved from /home/airflow/.local/lib/python3.12/site-packages/airflow/example_dags/example_local_kubernetes_executor.py
[2024-12-07T17:25:31.671+0000] {logging_mixin.py:190} INFO - [2024-12-07T17:25:31.670+0000] {dag.py:3239} INFO - Sync 1 DAGs
[2024-12-07T17:25:31.701+0000] {logging_mixin.py:190} INFO - [2024-12-07T17:25:31.700+0000] {dag.py:4180} INFO - Setting next_dagrun for example_local_kubernetes_executor to None, run_after=None
[2024-12-07T17:25:31.746+0000] {processor.py:208} INFO - Processing /home/airflow/.local/lib/python3.12/site-packages/airflow/example_dags/example_local_kubernetes_executor.py took 0.168 seconds
[2024-12-07T17:26:01.862+0000] {processor.py:186} INFO - Started process (PID=1967) to work on /home/airflow/.local/lib/python3.12/site-packages/airflow/example_dags/example_local_kubernetes_executor.py
[2024-12-07T17:26:01.864+0000] {processor.py:914} INFO - Processing file /home/airflow/.local/lib/python3.12/site-packages/airflow/example_dags/example_local_kubernetes_executor.py for tasks to queue
[2024-12-07T17:26:01.875+0000] {logging_mixin.py:190} INFO - [2024-12-07T17:26:01.874+0000] {dagbag.py:588} INFO - Filling up the DagBag from /home/airflow/.local/lib/python3.12/site-packages/airflow/example_dags/example_local_kubernetes_executor.py
[2024-12-07T17:26:01.917+0000] {processor.py:925} INFO - DAG(s) 'example_local_kubernetes_executor' retrieved from /home/airflow/.local/lib/python3.12/site-packages/airflow/example_dags/example_local_kubernetes_executor.py
[2024-12-07T17:26:02.093+0000] {logging_mixin.py:190} INFO - [2024-12-07T17:26:02.092+0000] {dag.py:3239} INFO - Sync 1 DAGs
[2024-12-07T17:26:02.119+0000] {logging_mixin.py:190} INFO - [2024-12-07T17:26:02.119+0000] {dag.py:4180} INFO - Setting next_dagrun for example_local_kubernetes_executor to None, run_after=None
[2024-12-07T17:26:02.761+0000] {processor.py:208} INFO - Processing /home/airflow/.local/lib/python3.12/site-packages/airflow/example_dags/example_local_kubernetes_executor.py took 0.920 seconds
[2024-12-07T17:26:33.136+0000] {processor.py:186} INFO - Started process (PID=2257) to work on /home/airflow/.local/lib/python3.12/site-packages/airflow/example_dags/example_local_kubernetes_executor.py
[2024-12-07T17:26:33.138+0000] {processor.py:914} INFO - Processing file /home/airflow/.local/lib/python3.12/site-packages/airflow/example_dags/example_local_kubernetes_executor.py for tasks to queue
[2024-12-07T17:26:33.143+0000] {logging_mixin.py:190} INFO - [2024-12-07T17:26:33.142+0000] {dagbag.py:588} INFO - Filling up the DagBag from /home/airflow/.local/lib/python3.12/site-packages/airflow/example_dags/example_local_kubernetes_executor.py
[2024-12-07T17:26:33.161+0000] {processor.py:925} INFO - DAG(s) 'example_local_kubernetes_executor' retrieved from /home/airflow/.local/lib/python3.12/site-packages/airflow/example_dags/example_local_kubernetes_executor.py
[2024-12-07T17:26:33.227+0000] {logging_mixin.py:190} INFO - [2024-12-07T17:26:33.226+0000] {dag.py:3239} INFO - Sync 1 DAGs
[2024-12-07T17:26:33.257+0000] {logging_mixin.py:190} INFO - [2024-12-07T17:26:33.257+0000] {dag.py:4180} INFO - Setting next_dagrun for example_local_kubernetes_executor to None, run_after=None
[2024-12-07T17:26:33.298+0000] {processor.py:208} INFO - Processing /home/airflow/.local/lib/python3.12/site-packages/airflow/example_dags/example_local_kubernetes_executor.py took 0.170 seconds
[2024-12-07T17:27:03.579+0000] {processor.py:186} INFO - Started process (PID=2548) to work on /home/airflow/.local/lib/python3.12/site-packages/airflow/example_dags/example_local_kubernetes_executor.py
[2024-12-07T17:27:03.590+0000] {processor.py:914} INFO - Processing file /home/airflow/.local/lib/python3.12/site-packages/airflow/example_dags/example_local_kubernetes_executor.py for tasks to queue
[2024-12-07T17:27:03.595+0000] {logging_mixin.py:190} INFO - [2024-12-07T17:27:03.594+0000] {dagbag.py:588} INFO - Filling up the DagBag from /home/airflow/.local/lib/python3.12/site-packages/airflow/example_dags/example_local_kubernetes_executor.py
[2024-12-07T17:27:03.632+0000] {processor.py:925} INFO - DAG(s) 'example_local_kubernetes_executor' retrieved from /home/airflow/.local/lib/python3.12/site-packages/airflow/example_dags/example_local_kubernetes_executor.py
[2024-12-07T17:27:03.749+0000] {logging_mixin.py:190} INFO - [2024-12-07T17:27:03.749+0000] {dag.py:3239} INFO - Sync 1 DAGs
[2024-12-07T17:27:03.832+0000] {logging_mixin.py:190} INFO - [2024-12-07T17:27:03.831+0000] {dag.py:4180} INFO - Setting next_dagrun for example_local_kubernetes_executor to None, run_after=None
[2024-12-07T17:27:03.921+0000] {processor.py:208} INFO - Processing /home/airflow/.local/lib/python3.12/site-packages/airflow/example_dags/example_local_kubernetes_executor.py took 0.370 seconds
[2024-12-07T17:27:34.406+0000] {processor.py:186} INFO - Started process (PID=2839) to work on /home/airflow/.local/lib/python3.12/site-packages/airflow/example_dags/example_local_kubernetes_executor.py
[2024-12-07T17:27:34.408+0000] {processor.py:914} INFO - Processing file /home/airflow/.local/lib/python3.12/site-packages/airflow/example_dags/example_local_kubernetes_executor.py for tasks to queue
[2024-12-07T17:27:34.412+0000] {logging_mixin.py:190} INFO - [2024-12-07T17:27:34.411+0000] {dagbag.py:588} INFO - Filling up the DagBag from /home/airflow/.local/lib/python3.12/site-packages/airflow/example_dags/example_local_kubernetes_executor.py
[2024-12-07T17:27:34.427+0000] {processor.py:925} INFO - DAG(s) 'example_local_kubernetes_executor' retrieved from /home/airflow/.local/lib/python3.12/site-packages/airflow/example_dags/example_local_kubernetes_executor.py
[2024-12-07T17:27:34.485+0000] {logging_mixin.py:190} INFO - [2024-12-07T17:27:34.485+0000] {dag.py:3239} INFO - Sync 1 DAGs
[2024-12-07T17:27:34.513+0000] {logging_mixin.py:190} INFO - [2024-12-07T17:27:34.513+0000] {dag.py:4180} INFO - Setting next_dagrun for example_local_kubernetes_executor to None, run_after=None
[2024-12-07T17:27:34.548+0000] {processor.py:208} INFO - Processing /home/airflow/.local/lib/python3.12/site-packages/airflow/example_dags/example_local_kubernetes_executor.py took 0.150 seconds
[2024-12-07T17:28:05.400+0000] {processor.py:186} INFO - Started process (PID=3130) to work on /home/airflow/.local/lib/python3.12/site-packages/airflow/example_dags/example_local_kubernetes_executor.py
[2024-12-07T17:28:05.402+0000] {processor.py:914} INFO - Processing file /home/airflow/.local/lib/python3.12/site-packages/airflow/example_dags/example_local_kubernetes_executor.py for tasks to queue
[2024-12-07T17:28:05.415+0000] {logging_mixin.py:190} INFO - [2024-12-07T17:28:05.415+0000] {dagbag.py:588} INFO - Filling up the DagBag from /home/airflow/.local/lib/python3.12/site-packages/airflow/example_dags/example_local_kubernetes_executor.py
[2024-12-07T17:28:05.478+0000] {processor.py:925} INFO - DAG(s) 'example_local_kubernetes_executor' retrieved from /home/airflow/.local/lib/python3.12/site-packages/airflow/example_dags/example_local_kubernetes_executor.py
[2024-12-07T17:28:05.659+0000] {logging_mixin.py:190} INFO - [2024-12-07T17:28:05.649+0000] {dag.py:3239} INFO - Sync 1 DAGs
[2024-12-07T17:28:05.739+0000] {logging_mixin.py:190} INFO - [2024-12-07T17:28:05.732+0000] {dag.py:4180} INFO - Setting next_dagrun for example_local_kubernetes_executor to None, run_after=None
[2024-12-07T17:28:05.840+0000] {processor.py:208} INFO - Processing /home/airflow/.local/lib/python3.12/site-packages/airflow/example_dags/example_local_kubernetes_executor.py took 0.466 seconds
[2024-12-07T17:28:36.720+0000] {processor.py:186} INFO - Started process (PID=3421) to work on /home/airflow/.local/lib/python3.12/site-packages/airflow/example_dags/example_local_kubernetes_executor.py
[2024-12-07T17:28:36.722+0000] {processor.py:914} INFO - Processing file /home/airflow/.local/lib/python3.12/site-packages/airflow/example_dags/example_local_kubernetes_executor.py for tasks to queue
[2024-12-07T17:28:36.725+0000] {logging_mixin.py:190} INFO - [2024-12-07T17:28:36.724+0000] {dagbag.py:588} INFO - Filling up the DagBag from /home/airflow/.local/lib/python3.12/site-packages/airflow/example_dags/example_local_kubernetes_executor.py
[2024-12-07T17:28:36.738+0000] {processor.py:925} INFO - DAG(s) 'example_local_kubernetes_executor' retrieved from /home/airflow/.local/lib/python3.12/site-packages/airflow/example_dags/example_local_kubernetes_executor.py
[2024-12-07T17:28:36.792+0000] {logging_mixin.py:190} INFO - [2024-12-07T17:28:36.792+0000] {dag.py:3239} INFO - Sync 1 DAGs
[2024-12-07T17:28:36.816+0000] {logging_mixin.py:190} INFO - [2024-12-07T17:28:36.815+0000] {dag.py:4180} INFO - Setting next_dagrun for example_local_kubernetes_executor to None, run_after=None
[2024-12-07T17:28:36.848+0000] {processor.py:208} INFO - Processing /home/airflow/.local/lib/python3.12/site-packages/airflow/example_dags/example_local_kubernetes_executor.py took 0.137 seconds
[2024-12-07T17:29:07.073+0000] {processor.py:186} INFO - Started process (PID=3710) to work on /home/airflow/.local/lib/python3.12/site-packages/airflow/example_dags/example_local_kubernetes_executor.py
[2024-12-07T17:29:07.075+0000] {processor.py:914} INFO - Processing file /home/airflow/.local/lib/python3.12/site-packages/airflow/example_dags/example_local_kubernetes_executor.py for tasks to queue
[2024-12-07T17:29:07.088+0000] {logging_mixin.py:190} INFO - [2024-12-07T17:29:07.087+0000] {dagbag.py:588} INFO - Filling up the DagBag from /home/airflow/.local/lib/python3.12/site-packages/airflow/example_dags/example_local_kubernetes_executor.py
[2024-12-07T17:29:07.113+0000] {processor.py:925} INFO - DAG(s) 'example_local_kubernetes_executor' retrieved from /home/airflow/.local/lib/python3.12/site-packages/airflow/example_dags/example_local_kubernetes_executor.py
[2024-12-07T17:29:07.204+0000] {logging_mixin.py:190} INFO - [2024-12-07T17:29:07.203+0000] {dag.py:3239} INFO - Sync 1 DAGs
[2024-12-07T17:29:07.715+0000] {logging_mixin.py:190} INFO - [2024-12-07T17:29:07.714+0000] {dag.py:4180} INFO - Setting next_dagrun for example_local_kubernetes_executor to None, run_after=None
[2024-12-07T17:29:07.789+0000] {processor.py:208} INFO - Processing /home/airflow/.local/lib/python3.12/site-packages/airflow/example_dags/example_local_kubernetes_executor.py took 0.737 seconds
[2024-12-07T17:29:38.146+0000] {processor.py:186} INFO - Started process (PID=4003) to work on /home/airflow/.local/lib/python3.12/site-packages/airflow/example_dags/example_local_kubernetes_executor.py
[2024-12-07T17:29:38.148+0000] {processor.py:914} INFO - Processing file /home/airflow/.local/lib/python3.12/site-packages/airflow/example_dags/example_local_kubernetes_executor.py for tasks to queue
[2024-12-07T17:29:38.151+0000] {logging_mixin.py:190} INFO - [2024-12-07T17:29:38.150+0000] {dagbag.py:588} INFO - Filling up the DagBag from /home/airflow/.local/lib/python3.12/site-packages/airflow/example_dags/example_local_kubernetes_executor.py
[2024-12-07T17:29:38.170+0000] {processor.py:925} INFO - DAG(s) 'example_local_kubernetes_executor' retrieved from /home/airflow/.local/lib/python3.12/site-packages/airflow/example_dags/example_local_kubernetes_executor.py
[2024-12-07T17:29:38.241+0000] {logging_mixin.py:190} INFO - [2024-12-07T17:29:38.241+0000] {dag.py:3239} INFO - Sync 1 DAGs
[2024-12-07T17:29:38.281+0000] {logging_mixin.py:190} INFO - [2024-12-07T17:29:38.280+0000] {dag.py:4180} INFO - Setting next_dagrun for example_local_kubernetes_executor to None, run_after=None
[2024-12-07T17:29:38.338+0000] {processor.py:208} INFO - Processing /home/airflow/.local/lib/python3.12/site-packages/airflow/example_dags/example_local_kubernetes_executor.py took 0.200 seconds
[2024-12-07T17:30:08.575+0000] {processor.py:186} INFO - Started process (PID=4289) to work on /home/airflow/.local/lib/python3.12/site-packages/airflow/example_dags/example_local_kubernetes_executor.py
[2024-12-07T17:30:08.577+0000] {processor.py:914} INFO - Processing file /home/airflow/.local/lib/python3.12/site-packages/airflow/example_dags/example_local_kubernetes_executor.py for tasks to queue
[2024-12-07T17:30:08.581+0000] {logging_mixin.py:190} INFO - [2024-12-07T17:30:08.580+0000] {dagbag.py:588} INFO - Filling up the DagBag from /home/airflow/.local/lib/python3.12/site-packages/airflow/example_dags/example_local_kubernetes_executor.py
[2024-12-07T17:30:08.603+0000] {processor.py:925} INFO - DAG(s) 'example_local_kubernetes_executor' retrieved from /home/airflow/.local/lib/python3.12/site-packages/airflow/example_dags/example_local_kubernetes_executor.py
[2024-12-07T17:30:08.678+0000] {logging_mixin.py:190} INFO - [2024-12-07T17:30:08.677+0000] {dag.py:3239} INFO - Sync 1 DAGs
[2024-12-07T17:30:08.715+0000] {logging_mixin.py:190} INFO - [2024-12-07T17:30:08.715+0000] {dag.py:4180} INFO - Setting next_dagrun for example_local_kubernetes_executor to None, run_after=None
[2024-12-07T17:30:08.753+0000] {processor.py:208} INFO - Processing /home/airflow/.local/lib/python3.12/site-packages/airflow/example_dags/example_local_kubernetes_executor.py took 0.188 seconds
[2024-12-07T17:30:38.827+0000] {processor.py:186} INFO - Started process (PID=4577) to work on /home/airflow/.local/lib/python3.12/site-packages/airflow/example_dags/example_local_kubernetes_executor.py
[2024-12-07T17:30:38.828+0000] {processor.py:914} INFO - Processing file /home/airflow/.local/lib/python3.12/site-packages/airflow/example_dags/example_local_kubernetes_executor.py for tasks to queue
[2024-12-07T17:30:38.831+0000] {logging_mixin.py:190} INFO - [2024-12-07T17:30:38.831+0000] {dagbag.py:588} INFO - Filling up the DagBag from /home/airflow/.local/lib/python3.12/site-packages/airflow/example_dags/example_local_kubernetes_executor.py
[2024-12-07T17:30:38.845+0000] {processor.py:925} INFO - DAG(s) 'example_local_kubernetes_executor' retrieved from /home/airflow/.local/lib/python3.12/site-packages/airflow/example_dags/example_local_kubernetes_executor.py
[2024-12-07T17:30:38.924+0000] {logging_mixin.py:190} INFO - [2024-12-07T17:30:38.923+0000] {dag.py:3239} INFO - Sync 1 DAGs
[2024-12-07T17:30:38.959+0000] {logging_mixin.py:190} INFO - [2024-12-07T17:30:38.958+0000] {dag.py:4180} INFO - Setting next_dagrun for example_local_kubernetes_executor to None, run_after=None
[2024-12-07T17:30:39.154+0000] {processor.py:208} INFO - Processing /home/airflow/.local/lib/python3.12/site-packages/airflow/example_dags/example_local_kubernetes_executor.py took 0.335 seconds
[2024-12-07T17:31:09.223+0000] {processor.py:186} INFO - Started process (PID=4867) to work on /home/airflow/.local/lib/python3.12/site-packages/airflow/example_dags/example_local_kubernetes_executor.py
[2024-12-07T17:31:09.225+0000] {processor.py:914} INFO - Processing file /home/airflow/.local/lib/python3.12/site-packages/airflow/example_dags/example_local_kubernetes_executor.py for tasks to queue
[2024-12-07T17:31:09.228+0000] {logging_mixin.py:190} INFO - [2024-12-07T17:31:09.227+0000] {dagbag.py:588} INFO - Filling up the DagBag from /home/airflow/.local/lib/python3.12/site-packages/airflow/example_dags/example_local_kubernetes_executor.py
[2024-12-07T17:31:09.239+0000] {processor.py:925} INFO - DAG(s) 'example_local_kubernetes_executor' retrieved from /home/airflow/.local/lib/python3.12/site-packages/airflow/example_dags/example_local_kubernetes_executor.py
[2024-12-07T17:31:09.303+0000] {logging_mixin.py:190} INFO - [2024-12-07T17:31:09.302+0000] {dag.py:3239} INFO - Sync 1 DAGs
[2024-12-07T17:31:09.330+0000] {logging_mixin.py:190} INFO - [2024-12-07T17:31:09.329+0000] {dag.py:4180} INFO - Setting next_dagrun for example_local_kubernetes_executor to None, run_after=None
[2024-12-07T17:31:09.372+0000] {processor.py:208} INFO - Processing /home/airflow/.local/lib/python3.12/site-packages/airflow/example_dags/example_local_kubernetes_executor.py took 0.157 seconds
[2024-12-07T17:31:40.073+0000] {processor.py:186} INFO - Started process (PID=5158) to work on /home/airflow/.local/lib/python3.12/site-packages/airflow/example_dags/example_local_kubernetes_executor.py
[2024-12-07T17:31:40.075+0000] {processor.py:914} INFO - Processing file /home/airflow/.local/lib/python3.12/site-packages/airflow/example_dags/example_local_kubernetes_executor.py for tasks to queue
[2024-12-07T17:31:40.077+0000] {logging_mixin.py:190} INFO - [2024-12-07T17:31:40.077+0000] {dagbag.py:588} INFO - Filling up the DagBag from /home/airflow/.local/lib/python3.12/site-packages/airflow/example_dags/example_local_kubernetes_executor.py
[2024-12-07T17:31:40.088+0000] {processor.py:925} INFO - DAG(s) 'example_local_kubernetes_executor' retrieved from /home/airflow/.local/lib/python3.12/site-packages/airflow/example_dags/example_local_kubernetes_executor.py
[2024-12-07T17:31:40.140+0000] {logging_mixin.py:190} INFO - [2024-12-07T17:31:40.140+0000] {dag.py:3239} INFO - Sync 1 DAGs
[2024-12-07T17:31:40.164+0000] {logging_mixin.py:190} INFO - [2024-12-07T17:31:40.164+0000] {dag.py:4180} INFO - Setting next_dagrun for example_local_kubernetes_executor to None, run_after=None
[2024-12-07T17:31:40.198+0000] {processor.py:208} INFO - Processing /home/airflow/.local/lib/python3.12/site-packages/airflow/example_dags/example_local_kubernetes_executor.py took 0.133 seconds
[2024-12-07T17:32:10.490+0000] {processor.py:186} INFO - Started process (PID=5449) to work on /home/airflow/.local/lib/python3.12/site-packages/airflow/example_dags/example_local_kubernetes_executor.py
[2024-12-07T17:32:10.492+0000] {processor.py:914} INFO - Processing file /home/airflow/.local/lib/python3.12/site-packages/airflow/example_dags/example_local_kubernetes_executor.py for tasks to queue
[2024-12-07T17:32:10.498+0000] {logging_mixin.py:190} INFO - [2024-12-07T17:32:10.495+0000] {dagbag.py:588} INFO - Filling up the DagBag from /home/airflow/.local/lib/python3.12/site-packages/airflow/example_dags/example_local_kubernetes_executor.py
[2024-12-07T17:32:10.517+0000] {processor.py:925} INFO - DAG(s) 'example_local_kubernetes_executor' retrieved from /home/airflow/.local/lib/python3.12/site-packages/airflow/example_dags/example_local_kubernetes_executor.py
[2024-12-07T17:32:10.568+0000] {logging_mixin.py:190} INFO - [2024-12-07T17:32:10.568+0000] {dag.py:3239} INFO - Sync 1 DAGs
[2024-12-07T17:32:10.590+0000] {logging_mixin.py:190} INFO - [2024-12-07T17:32:10.589+0000] {dag.py:4180} INFO - Setting next_dagrun for example_local_kubernetes_executor to None, run_after=None
[2024-12-07T17:32:10.630+0000] {processor.py:208} INFO - Processing /home/airflow/.local/lib/python3.12/site-packages/airflow/example_dags/example_local_kubernetes_executor.py took 0.155 seconds
[2024-12-07T17:32:41.100+0000] {processor.py:186} INFO - Started process (PID=5739) to work on /home/airflow/.local/lib/python3.12/site-packages/airflow/example_dags/example_local_kubernetes_executor.py
[2024-12-07T17:32:41.101+0000] {processor.py:914} INFO - Processing file /home/airflow/.local/lib/python3.12/site-packages/airflow/example_dags/example_local_kubernetes_executor.py for tasks to queue
[2024-12-07T17:32:41.105+0000] {logging_mixin.py:190} INFO - [2024-12-07T17:32:41.105+0000] {dagbag.py:588} INFO - Filling up the DagBag from /home/airflow/.local/lib/python3.12/site-packages/airflow/example_dags/example_local_kubernetes_executor.py
[2024-12-07T17:32:41.117+0000] {processor.py:925} INFO - DAG(s) 'example_local_kubernetes_executor' retrieved from /home/airflow/.local/lib/python3.12/site-packages/airflow/example_dags/example_local_kubernetes_executor.py
[2024-12-07T17:32:41.159+0000] {logging_mixin.py:190} INFO - [2024-12-07T17:32:41.158+0000] {dag.py:3239} INFO - Sync 1 DAGs
[2024-12-07T17:32:41.177+0000] {logging_mixin.py:190} INFO - [2024-12-07T17:32:41.177+0000] {dag.py:4180} INFO - Setting next_dagrun for example_local_kubernetes_executor to None, run_after=None
[2024-12-07T17:32:41.205+0000] {processor.py:208} INFO - Processing /home/airflow/.local/lib/python3.12/site-packages/airflow/example_dags/example_local_kubernetes_executor.py took 0.112 seconds
[2024-12-07T17:33:11.316+0000] {processor.py:186} INFO - Started process (PID=6029) to work on /home/airflow/.local/lib/python3.12/site-packages/airflow/example_dags/example_local_kubernetes_executor.py
[2024-12-07T17:33:11.317+0000] {processor.py:914} INFO - Processing file /home/airflow/.local/lib/python3.12/site-packages/airflow/example_dags/example_local_kubernetes_executor.py for tasks to queue
[2024-12-07T17:33:11.320+0000] {logging_mixin.py:190} INFO - [2024-12-07T17:33:11.320+0000] {dagbag.py:588} INFO - Filling up the DagBag from /home/airflow/.local/lib/python3.12/site-packages/airflow/example_dags/example_local_kubernetes_executor.py
[2024-12-07T17:33:11.332+0000] {processor.py:925} INFO - DAG(s) 'example_local_kubernetes_executor' retrieved from /home/airflow/.local/lib/python3.12/site-packages/airflow/example_dags/example_local_kubernetes_executor.py
[2024-12-07T17:33:11.376+0000] {logging_mixin.py:190} INFO - [2024-12-07T17:33:11.375+0000] {dag.py:3239} INFO - Sync 1 DAGs
[2024-12-07T17:33:11.396+0000] {logging_mixin.py:190} INFO - [2024-12-07T17:33:11.396+0000] {dag.py:4180} INFO - Setting next_dagrun for example_local_kubernetes_executor to None, run_after=None
[2024-12-07T17:33:11.428+0000] {processor.py:208} INFO - Processing /home/airflow/.local/lib/python3.12/site-packages/airflow/example_dags/example_local_kubernetes_executor.py took 0.121 seconds
[2024-12-07T17:33:41.839+0000] {processor.py:186} INFO - Started process (PID=6320) to work on /home/airflow/.local/lib/python3.12/site-packages/airflow/example_dags/example_local_kubernetes_executor.py
[2024-12-07T17:33:41.840+0000] {processor.py:914} INFO - Processing file /home/airflow/.local/lib/python3.12/site-packages/airflow/example_dags/example_local_kubernetes_executor.py for tasks to queue
[2024-12-07T17:33:41.843+0000] {logging_mixin.py:190} INFO - [2024-12-07T17:33:41.843+0000] {dagbag.py:588} INFO - Filling up the DagBag from /home/airflow/.local/lib/python3.12/site-packages/airflow/example_dags/example_local_kubernetes_executor.py
[2024-12-07T17:33:41.854+0000] {processor.py:925} INFO - DAG(s) 'example_local_kubernetes_executor' retrieved from /home/airflow/.local/lib/python3.12/site-packages/airflow/example_dags/example_local_kubernetes_executor.py
[2024-12-07T17:33:41.898+0000] {logging_mixin.py:190} INFO - [2024-12-07T17:33:41.898+0000] {dag.py:3239} INFO - Sync 1 DAGs
[2024-12-07T17:33:41.916+0000] {logging_mixin.py:190} INFO - [2024-12-07T17:33:41.916+0000] {dag.py:4180} INFO - Setting next_dagrun for example_local_kubernetes_executor to None, run_after=None
[2024-12-07T17:33:41.944+0000] {processor.py:208} INFO - Processing /home/airflow/.local/lib/python3.12/site-packages/airflow/example_dags/example_local_kubernetes_executor.py took 0.112 seconds
[2024-12-07T17:34:12.329+0000] {processor.py:186} INFO - Started process (PID=6611) to work on /home/airflow/.local/lib/python3.12/site-packages/airflow/example_dags/example_local_kubernetes_executor.py
[2024-12-07T17:34:12.332+0000] {processor.py:914} INFO - Processing file /home/airflow/.local/lib/python3.12/site-packages/airflow/example_dags/example_local_kubernetes_executor.py for tasks to queue
[2024-12-07T17:34:12.337+0000] {logging_mixin.py:190} INFO - [2024-12-07T17:34:12.337+0000] {dagbag.py:588} INFO - Filling up the DagBag from /home/airflow/.local/lib/python3.12/site-packages/airflow/example_dags/example_local_kubernetes_executor.py
[2024-12-07T17:34:12.350+0000] {processor.py:925} INFO - DAG(s) 'example_local_kubernetes_executor' retrieved from /home/airflow/.local/lib/python3.12/site-packages/airflow/example_dags/example_local_kubernetes_executor.py
[2024-12-07T17:34:12.392+0000] {logging_mixin.py:190} INFO - [2024-12-07T17:34:12.392+0000] {dag.py:3239} INFO - Sync 1 DAGs
[2024-12-07T17:34:12.409+0000] {logging_mixin.py:190} INFO - [2024-12-07T17:34:12.409+0000] {dag.py:4180} INFO - Setting next_dagrun for example_local_kubernetes_executor to None, run_after=None
[2024-12-07T17:34:12.433+0000] {processor.py:208} INFO - Processing /home/airflow/.local/lib/python3.12/site-packages/airflow/example_dags/example_local_kubernetes_executor.py took 0.115 seconds
[2024-12-07T17:34:42.866+0000] {processor.py:186} INFO - Started process (PID=6902) to work on /home/airflow/.local/lib/python3.12/site-packages/airflow/example_dags/example_local_kubernetes_executor.py
[2024-12-07T17:34:42.867+0000] {processor.py:914} INFO - Processing file /home/airflow/.local/lib/python3.12/site-packages/airflow/example_dags/example_local_kubernetes_executor.py for tasks to queue
[2024-12-07T17:34:42.872+0000] {logging_mixin.py:190} INFO - [2024-12-07T17:34:42.871+0000] {dagbag.py:588} INFO - Filling up the DagBag from /home/airflow/.local/lib/python3.12/site-packages/airflow/example_dags/example_local_kubernetes_executor.py
[2024-12-07T17:34:42.890+0000] {processor.py:925} INFO - DAG(s) 'example_local_kubernetes_executor' retrieved from /home/airflow/.local/lib/python3.12/site-packages/airflow/example_dags/example_local_kubernetes_executor.py
[2024-12-07T17:34:42.952+0000] {logging_mixin.py:190} INFO - [2024-12-07T17:34:42.952+0000] {dag.py:3239} INFO - Sync 1 DAGs
[2024-12-07T17:34:42.975+0000] {logging_mixin.py:190} INFO - [2024-12-07T17:34:42.974+0000] {dag.py:4180} INFO - Setting next_dagrun for example_local_kubernetes_executor to None, run_after=None
[2024-12-07T17:34:43.020+0000] {processor.py:208} INFO - Processing /home/airflow/.local/lib/python3.12/site-packages/airflow/example_dags/example_local_kubernetes_executor.py took 0.171 seconds
[2024-12-07T17:35:14.551+0000] {processor.py:186} INFO - Started process (PID=7193) to work on /home/airflow/.local/lib/python3.12/site-packages/airflow/example_dags/example_local_kubernetes_executor.py
[2024-12-07T17:35:14.558+0000] {processor.py:914} INFO - Processing file /home/airflow/.local/lib/python3.12/site-packages/airflow/example_dags/example_local_kubernetes_executor.py for tasks to queue
[2024-12-07T17:35:14.632+0000] {logging_mixin.py:190} INFO - [2024-12-07T17:35:14.631+0000] {dagbag.py:588} INFO - Filling up the DagBag from /home/airflow/.local/lib/python3.12/site-packages/airflow/example_dags/example_local_kubernetes_executor.py
[2024-12-07T17:35:14.744+0000] {processor.py:925} INFO - DAG(s) 'example_local_kubernetes_executor' retrieved from /home/airflow/.local/lib/python3.12/site-packages/airflow/example_dags/example_local_kubernetes_executor.py
[2024-12-07T17:35:14.912+0000] {logging_mixin.py:190} INFO - [2024-12-07T17:35:14.901+0000] {dag.py:3239} INFO - Sync 1 DAGs
[2024-12-07T17:35:14.978+0000] {logging_mixin.py:190} INFO - [2024-12-07T17:35:14.978+0000] {dag.py:4180} INFO - Setting next_dagrun for example_local_kubernetes_executor to None, run_after=None
[2024-12-07T17:35:15.011+0000] {processor.py:208} INFO - Processing /home/airflow/.local/lib/python3.12/site-packages/airflow/example_dags/example_local_kubernetes_executor.py took 0.471 seconds
[2024-12-07T17:35:45.496+0000] {processor.py:186} INFO - Started process (PID=7482) to work on /home/airflow/.local/lib/python3.12/site-packages/airflow/example_dags/example_local_kubernetes_executor.py
[2024-12-07T17:35:45.499+0000] {processor.py:914} INFO - Processing file /home/airflow/.local/lib/python3.12/site-packages/airflow/example_dags/example_local_kubernetes_executor.py for tasks to queue
[2024-12-07T17:35:45.512+0000] {logging_mixin.py:190} INFO - [2024-12-07T17:35:45.504+0000] {dagbag.py:588} INFO - Filling up the DagBag from /home/airflow/.local/lib/python3.12/site-packages/airflow/example_dags/example_local_kubernetes_executor.py
[2024-12-07T17:35:45.569+0000] {processor.py:925} INFO - DAG(s) 'example_local_kubernetes_executor' retrieved from /home/airflow/.local/lib/python3.12/site-packages/airflow/example_dags/example_local_kubernetes_executor.py
[2024-12-07T17:35:45.747+0000] {logging_mixin.py:190} INFO - [2024-12-07T17:35:45.746+0000] {dag.py:3239} INFO - Sync 1 DAGs
[2024-12-07T17:35:45.800+0000] {logging_mixin.py:190} INFO - [2024-12-07T17:35:45.799+0000] {dag.py:4180} INFO - Setting next_dagrun for example_local_kubernetes_executor to None, run_after=None
[2024-12-07T17:35:45.860+0000] {processor.py:208} INFO - Processing /home/airflow/.local/lib/python3.12/site-packages/airflow/example_dags/example_local_kubernetes_executor.py took 0.385 seconds
[2024-12-07T17:36:15.956+0000] {processor.py:186} INFO - Started process (PID=7770) to work on /home/airflow/.local/lib/python3.12/site-packages/airflow/example_dags/example_local_kubernetes_executor.py
[2024-12-07T17:36:15.958+0000] {processor.py:914} INFO - Processing file /home/airflow/.local/lib/python3.12/site-packages/airflow/example_dags/example_local_kubernetes_executor.py for tasks to queue
[2024-12-07T17:36:15.961+0000] {logging_mixin.py:190} INFO - [2024-12-07T17:36:15.961+0000] {dagbag.py:588} INFO - Filling up the DagBag from /home/airflow/.local/lib/python3.12/site-packages/airflow/example_dags/example_local_kubernetes_executor.py
[2024-12-07T17:36:15.972+0000] {processor.py:925} INFO - DAG(s) 'example_local_kubernetes_executor' retrieved from /home/airflow/.local/lib/python3.12/site-packages/airflow/example_dags/example_local_kubernetes_executor.py
[2024-12-07T17:36:16.013+0000] {logging_mixin.py:190} INFO - [2024-12-07T17:36:16.013+0000] {dag.py:3239} INFO - Sync 1 DAGs
[2024-12-07T17:36:16.030+0000] {logging_mixin.py:190} INFO - [2024-12-07T17:36:16.030+0000] {dag.py:4180} INFO - Setting next_dagrun for example_local_kubernetes_executor to None, run_after=None
[2024-12-07T17:36:16.056+0000] {processor.py:208} INFO - Processing /home/airflow/.local/lib/python3.12/site-packages/airflow/example_dags/example_local_kubernetes_executor.py took 0.107 seconds
[2024-12-07T17:36:46.692+0000] {processor.py:186} INFO - Started process (PID=8055) to work on /home/airflow/.local/lib/python3.12/site-packages/airflow/example_dags/example_local_kubernetes_executor.py
[2024-12-07T17:36:46.697+0000] {processor.py:914} INFO - Processing file /home/airflow/.local/lib/python3.12/site-packages/airflow/example_dags/example_local_kubernetes_executor.py for tasks to queue
[2024-12-07T17:36:46.706+0000] {logging_mixin.py:190} INFO - [2024-12-07T17:36:46.706+0000] {dagbag.py:588} INFO - Filling up the DagBag from /home/airflow/.local/lib/python3.12/site-packages/airflow/example_dags/example_local_kubernetes_executor.py
[2024-12-07T17:36:46.774+0000] {processor.py:925} INFO - DAG(s) 'example_local_kubernetes_executor' retrieved from /home/airflow/.local/lib/python3.12/site-packages/airflow/example_dags/example_local_kubernetes_executor.py
[2024-12-07T17:36:47.034+0000] {logging_mixin.py:190} INFO - [2024-12-07T17:36:47.033+0000] {dag.py:3239} INFO - Sync 1 DAGs
[2024-12-07T17:36:47.129+0000] {logging_mixin.py:190} INFO - [2024-12-07T17:36:47.129+0000] {dag.py:4180} INFO - Setting next_dagrun for example_local_kubernetes_executor to None, run_after=None
[2024-12-07T17:36:47.248+0000] {processor.py:208} INFO - Processing /home/airflow/.local/lib/python3.12/site-packages/airflow/example_dags/example_local_kubernetes_executor.py took 0.586 seconds
[2024-12-07T17:37:18.278+0000] {processor.py:186} INFO - Started process (PID=8347) to work on /home/airflow/.local/lib/python3.12/site-packages/airflow/example_dags/example_local_kubernetes_executor.py
[2024-12-07T17:37:18.281+0000] {processor.py:914} INFO - Processing file /home/airflow/.local/lib/python3.12/site-packages/airflow/example_dags/example_local_kubernetes_executor.py for tasks to queue
[2024-12-07T17:37:18.287+0000] {logging_mixin.py:190} INFO - [2024-12-07T17:37:18.287+0000] {dagbag.py:588} INFO - Filling up the DagBag from /home/airflow/.local/lib/python3.12/site-packages/airflow/example_dags/example_local_kubernetes_executor.py
[2024-12-07T17:37:18.308+0000] {processor.py:925} INFO - DAG(s) 'example_local_kubernetes_executor' retrieved from /home/airflow/.local/lib/python3.12/site-packages/airflow/example_dags/example_local_kubernetes_executor.py
[2024-12-07T17:37:18.395+0000] {logging_mixin.py:190} INFO - [2024-12-07T17:37:18.394+0000] {dag.py:3239} INFO - Sync 1 DAGs
[2024-12-07T17:37:18.430+0000] {logging_mixin.py:190} INFO - [2024-12-07T17:37:18.429+0000] {dag.py:4180} INFO - Setting next_dagrun for example_local_kubernetes_executor to None, run_after=None
[2024-12-07T17:37:18.472+0000] {processor.py:208} INFO - Processing /home/airflow/.local/lib/python3.12/site-packages/airflow/example_dags/example_local_kubernetes_executor.py took 0.214 seconds
[2024-12-07T17:37:48.607+0000] {processor.py:186} INFO - Started process (PID=8635) to work on /home/airflow/.local/lib/python3.12/site-packages/airflow/example_dags/example_local_kubernetes_executor.py
[2024-12-07T17:37:48.608+0000] {processor.py:914} INFO - Processing file /home/airflow/.local/lib/python3.12/site-packages/airflow/example_dags/example_local_kubernetes_executor.py for tasks to queue
[2024-12-07T17:37:48.611+0000] {logging_mixin.py:190} INFO - [2024-12-07T17:37:48.610+0000] {dagbag.py:588} INFO - Filling up the DagBag from /home/airflow/.local/lib/python3.12/site-packages/airflow/example_dags/example_local_kubernetes_executor.py
[2024-12-07T17:37:48.626+0000] {processor.py:925} INFO - DAG(s) 'example_local_kubernetes_executor' retrieved from /home/airflow/.local/lib/python3.12/site-packages/airflow/example_dags/example_local_kubernetes_executor.py
[2024-12-07T17:37:48.668+0000] {logging_mixin.py:190} INFO - [2024-12-07T17:37:48.668+0000] {dag.py:3239} INFO - Sync 1 DAGs
[2024-12-07T17:37:48.686+0000] {logging_mixin.py:190} INFO - [2024-12-07T17:37:48.686+0000] {dag.py:4180} INFO - Setting next_dagrun for example_local_kubernetes_executor to None, run_after=None
[2024-12-07T17:37:48.711+0000] {processor.py:208} INFO - Processing /home/airflow/.local/lib/python3.12/site-packages/airflow/example_dags/example_local_kubernetes_executor.py took 0.111 seconds
[2024-12-07T17:38:19.152+0000] {processor.py:186} INFO - Started process (PID=8924) to work on /home/airflow/.local/lib/python3.12/site-packages/airflow/example_dags/example_local_kubernetes_executor.py
[2024-12-07T17:38:19.154+0000] {processor.py:914} INFO - Processing file /home/airflow/.local/lib/python3.12/site-packages/airflow/example_dags/example_local_kubernetes_executor.py for tasks to queue
[2024-12-07T17:38:19.156+0000] {logging_mixin.py:190} INFO - [2024-12-07T17:38:19.156+0000] {dagbag.py:588} INFO - Filling up the DagBag from /home/airflow/.local/lib/python3.12/site-packages/airflow/example_dags/example_local_kubernetes_executor.py
[2024-12-07T17:38:19.169+0000] {processor.py:925} INFO - DAG(s) 'example_local_kubernetes_executor' retrieved from /home/airflow/.local/lib/python3.12/site-packages/airflow/example_dags/example_local_kubernetes_executor.py
[2024-12-07T17:38:19.219+0000] {logging_mixin.py:190} INFO - [2024-12-07T17:38:19.219+0000] {dag.py:3239} INFO - Sync 1 DAGs
[2024-12-07T17:38:19.251+0000] {logging_mixin.py:190} INFO - [2024-12-07T17:38:19.250+0000] {dag.py:4180} INFO - Setting next_dagrun for example_local_kubernetes_executor to None, run_after=None
[2024-12-07T17:38:19.861+0000] {processor.py:208} INFO - Processing /home/airflow/.local/lib/python3.12/site-packages/airflow/example_dags/example_local_kubernetes_executor.py took 0.717 seconds
[2024-12-07T17:38:50.395+0000] {processor.py:186} INFO - Started process (PID=9215) to work on /home/airflow/.local/lib/python3.12/site-packages/airflow/example_dags/example_local_kubernetes_executor.py
[2024-12-07T17:38:50.397+0000] {processor.py:914} INFO - Processing file /home/airflow/.local/lib/python3.12/site-packages/airflow/example_dags/example_local_kubernetes_executor.py for tasks to queue
[2024-12-07T17:38:50.402+0000] {logging_mixin.py:190} INFO - [2024-12-07T17:38:50.401+0000] {dagbag.py:588} INFO - Filling up the DagBag from /home/airflow/.local/lib/python3.12/site-packages/airflow/example_dags/example_local_kubernetes_executor.py
[2024-12-07T17:38:50.418+0000] {processor.py:925} INFO - DAG(s) 'example_local_kubernetes_executor' retrieved from /home/airflow/.local/lib/python3.12/site-packages/airflow/example_dags/example_local_kubernetes_executor.py
[2024-12-07T17:38:50.740+0000] {logging_mixin.py:190} INFO - [2024-12-07T17:38:50.739+0000] {dag.py:3239} INFO - Sync 1 DAGs
[2024-12-07T17:38:50.780+0000] {logging_mixin.py:190} INFO - [2024-12-07T17:38:50.780+0000] {dag.py:4180} INFO - Setting next_dagrun for example_local_kubernetes_executor to None, run_after=None
[2024-12-07T17:38:51.264+0000] {processor.py:208} INFO - Processing /home/airflow/.local/lib/python3.12/site-packages/airflow/example_dags/example_local_kubernetes_executor.py took 0.878 seconds
[2024-12-07T17:39:21.819+0000] {processor.py:186} INFO - Started process (PID=9515) to work on /home/airflow/.local/lib/python3.12/site-packages/airflow/example_dags/example_local_kubernetes_executor.py
[2024-12-07T17:39:21.821+0000] {processor.py:914} INFO - Processing file /home/airflow/.local/lib/python3.12/site-packages/airflow/example_dags/example_local_kubernetes_executor.py for tasks to queue
[2024-12-07T17:39:21.824+0000] {logging_mixin.py:190} INFO - [2024-12-07T17:39:21.824+0000] {dagbag.py:588} INFO - Filling up the DagBag from /home/airflow/.local/lib/python3.12/site-packages/airflow/example_dags/example_local_kubernetes_executor.py
[2024-12-07T17:39:21.847+0000] {processor.py:925} INFO - DAG(s) 'example_local_kubernetes_executor' retrieved from /home/airflow/.local/lib/python3.12/site-packages/airflow/example_dags/example_local_kubernetes_executor.py
[2024-12-07T17:39:21.921+0000] {logging_mixin.py:190} INFO - [2024-12-07T17:39:21.920+0000] {dag.py:3239} INFO - Sync 1 DAGs
[2024-12-07T17:39:21.951+0000] {logging_mixin.py:190} INFO - [2024-12-07T17:39:21.951+0000] {dag.py:4180} INFO - Setting next_dagrun for example_local_kubernetes_executor to None, run_after=None
[2024-12-07T17:39:21.985+0000] {processor.py:208} INFO - Processing /home/airflow/.local/lib/python3.12/site-packages/airflow/example_dags/example_local_kubernetes_executor.py took 0.178 seconds
[2024-12-07T17:39:52.198+0000] {processor.py:186} INFO - Started process (PID=9806) to work on /home/airflow/.local/lib/python3.12/site-packages/airflow/example_dags/example_local_kubernetes_executor.py
[2024-12-07T17:39:52.200+0000] {processor.py:914} INFO - Processing file /home/airflow/.local/lib/python3.12/site-packages/airflow/example_dags/example_local_kubernetes_executor.py for tasks to queue
[2024-12-07T17:39:52.205+0000] {logging_mixin.py:190} INFO - [2024-12-07T17:39:52.204+0000] {dagbag.py:588} INFO - Filling up the DagBag from /home/airflow/.local/lib/python3.12/site-packages/airflow/example_dags/example_local_kubernetes_executor.py
[2024-12-07T17:39:52.224+0000] {processor.py:925} INFO - DAG(s) 'example_local_kubernetes_executor' retrieved from /home/airflow/.local/lib/python3.12/site-packages/airflow/example_dags/example_local_kubernetes_executor.py
[2024-12-07T17:39:52.342+0000] {logging_mixin.py:190} INFO - [2024-12-07T17:39:52.342+0000] {dag.py:3239} INFO - Sync 1 DAGs
[2024-12-07T17:39:52.387+0000] {logging_mixin.py:190} INFO - [2024-12-07T17:39:52.387+0000] {dag.py:4180} INFO - Setting next_dagrun for example_local_kubernetes_executor to None, run_after=None
[2024-12-07T17:39:52.435+0000] {processor.py:208} INFO - Processing /home/airflow/.local/lib/python3.12/site-packages/airflow/example_dags/example_local_kubernetes_executor.py took 0.252 seconds
[2024-12-07T17:40:22.761+0000] {processor.py:186} INFO - Started process (PID=10095) to work on /home/airflow/.local/lib/python3.12/site-packages/airflow/example_dags/example_local_kubernetes_executor.py
[2024-12-07T17:40:22.763+0000] {processor.py:914} INFO - Processing file /home/airflow/.local/lib/python3.12/site-packages/airflow/example_dags/example_local_kubernetes_executor.py for tasks to queue
[2024-12-07T17:40:22.767+0000] {logging_mixin.py:190} INFO - [2024-12-07T17:40:22.767+0000] {dagbag.py:588} INFO - Filling up the DagBag from /home/airflow/.local/lib/python3.12/site-packages/airflow/example_dags/example_local_kubernetes_executor.py
[2024-12-07T17:40:22.787+0000] {processor.py:925} INFO - DAG(s) 'example_local_kubernetes_executor' retrieved from /home/airflow/.local/lib/python3.12/site-packages/airflow/example_dags/example_local_kubernetes_executor.py
[2024-12-07T17:40:22.844+0000] {logging_mixin.py:190} INFO - [2024-12-07T17:40:22.844+0000] {dag.py:3239} INFO - Sync 1 DAGs
[2024-12-07T17:40:22.866+0000] {logging_mixin.py:190} INFO - [2024-12-07T17:40:22.865+0000] {dag.py:4180} INFO - Setting next_dagrun for example_local_kubernetes_executor to None, run_after=None
[2024-12-07T17:40:22.901+0000] {processor.py:208} INFO - Processing /home/airflow/.local/lib/python3.12/site-packages/airflow/example_dags/example_local_kubernetes_executor.py took 0.150 seconds
[2024-12-07T17:40:53.389+0000] {processor.py:186} INFO - Started process (PID=10371) to work on /home/airflow/.local/lib/python3.12/site-packages/airflow/example_dags/example_local_kubernetes_executor.py
[2024-12-07T17:40:53.390+0000] {processor.py:914} INFO - Processing file /home/airflow/.local/lib/python3.12/site-packages/airflow/example_dags/example_local_kubernetes_executor.py for tasks to queue
[2024-12-07T17:40:53.393+0000] {logging_mixin.py:190} INFO - [2024-12-07T17:40:53.393+0000] {dagbag.py:588} INFO - Filling up the DagBag from /home/airflow/.local/lib/python3.12/site-packages/airflow/example_dags/example_local_kubernetes_executor.py
[2024-12-07T17:40:53.405+0000] {processor.py:925} INFO - DAG(s) 'example_local_kubernetes_executor' retrieved from /home/airflow/.local/lib/python3.12/site-packages/airflow/example_dags/example_local_kubernetes_executor.py
[2024-12-07T17:40:53.456+0000] {logging_mixin.py:190} INFO - [2024-12-07T17:40:53.455+0000] {dag.py:3239} INFO - Sync 1 DAGs
[2024-12-07T17:40:53.474+0000] {logging_mixin.py:190} INFO - [2024-12-07T17:40:53.474+0000] {dag.py:4180} INFO - Setting next_dagrun for example_local_kubernetes_executor to None, run_after=None
[2024-12-07T17:40:53.505+0000] {processor.py:208} INFO - Processing /home/airflow/.local/lib/python3.12/site-packages/airflow/example_dags/example_local_kubernetes_executor.py took 0.126 seconds
[2024-12-07T17:41:24.012+0000] {processor.py:186} INFO - Started process (PID=10663) to work on /home/airflow/.local/lib/python3.12/site-packages/airflow/example_dags/example_local_kubernetes_executor.py
[2024-12-07T17:41:24.014+0000] {processor.py:914} INFO - Processing file /home/airflow/.local/lib/python3.12/site-packages/airflow/example_dags/example_local_kubernetes_executor.py for tasks to queue
[2024-12-07T17:41:24.017+0000] {logging_mixin.py:190} INFO - [2024-12-07T17:41:24.017+0000] {dagbag.py:588} INFO - Filling up the DagBag from /home/airflow/.local/lib/python3.12/site-packages/airflow/example_dags/example_local_kubernetes_executor.py
[2024-12-07T17:41:24.029+0000] {processor.py:925} INFO - DAG(s) 'example_local_kubernetes_executor' retrieved from /home/airflow/.local/lib/python3.12/site-packages/airflow/example_dags/example_local_kubernetes_executor.py
[2024-12-07T17:41:24.084+0000] {logging_mixin.py:190} INFO - [2024-12-07T17:41:24.084+0000] {dag.py:3239} INFO - Sync 1 DAGs
[2024-12-07T17:41:24.107+0000] {logging_mixin.py:190} INFO - [2024-12-07T17:41:24.107+0000] {dag.py:4180} INFO - Setting next_dagrun for example_local_kubernetes_executor to None, run_after=None
[2024-12-07T17:41:24.137+0000] {processor.py:208} INFO - Processing /home/airflow/.local/lib/python3.12/site-packages/airflow/example_dags/example_local_kubernetes_executor.py took 0.131 seconds
[2024-12-07T17:41:54.212+0000] {processor.py:186} INFO - Started process (PID=10955) to work on /home/airflow/.local/lib/python3.12/site-packages/airflow/example_dags/example_local_kubernetes_executor.py
[2024-12-07T17:41:54.213+0000] {processor.py:914} INFO - Processing file /home/airflow/.local/lib/python3.12/site-packages/airflow/example_dags/example_local_kubernetes_executor.py for tasks to queue
[2024-12-07T17:41:54.217+0000] {logging_mixin.py:190} INFO - [2024-12-07T17:41:54.217+0000] {dagbag.py:588} INFO - Filling up the DagBag from /home/airflow/.local/lib/python3.12/site-packages/airflow/example_dags/example_local_kubernetes_executor.py
[2024-12-07T17:41:54.238+0000] {processor.py:925} INFO - DAG(s) 'example_local_kubernetes_executor' retrieved from /home/airflow/.local/lib/python3.12/site-packages/airflow/example_dags/example_local_kubernetes_executor.py
[2024-12-07T17:41:54.297+0000] {logging_mixin.py:190} INFO - [2024-12-07T17:41:54.296+0000] {dag.py:3239} INFO - Sync 1 DAGs
[2024-12-07T17:41:54.319+0000] {logging_mixin.py:190} INFO - [2024-12-07T17:41:54.319+0000] {dag.py:4180} INFO - Setting next_dagrun for example_local_kubernetes_executor to None, run_after=None
[2024-12-07T17:41:54.354+0000] {processor.py:208} INFO - Processing /home/airflow/.local/lib/python3.12/site-packages/airflow/example_dags/example_local_kubernetes_executor.py took 0.152 seconds
[2024-12-07T17:42:25.312+0000] {processor.py:186} INFO - Started process (PID=11246) to work on /home/airflow/.local/lib/python3.12/site-packages/airflow/example_dags/example_local_kubernetes_executor.py
[2024-12-07T17:42:25.331+0000] {processor.py:914} INFO - Processing file /home/airflow/.local/lib/python3.12/site-packages/airflow/example_dags/example_local_kubernetes_executor.py for tasks to queue
[2024-12-07T17:42:25.347+0000] {logging_mixin.py:190} INFO - [2024-12-07T17:42:25.346+0000] {dagbag.py:588} INFO - Filling up the DagBag from /home/airflow/.local/lib/python3.12/site-packages/airflow/example_dags/example_local_kubernetes_executor.py
[2024-12-07T17:42:25.458+0000] {processor.py:925} INFO - DAG(s) 'example_local_kubernetes_executor' retrieved from /home/airflow/.local/lib/python3.12/site-packages/airflow/example_dags/example_local_kubernetes_executor.py
[2024-12-07T17:42:25.700+0000] {logging_mixin.py:190} INFO - [2024-12-07T17:42:25.700+0000] {dag.py:3239} INFO - Sync 1 DAGs
[2024-12-07T17:42:25.808+0000] {logging_mixin.py:190} INFO - [2024-12-07T17:42:25.807+0000] {dag.py:4180} INFO - Setting next_dagrun for example_local_kubernetes_executor to None, run_after=None
[2024-12-07T17:42:25.970+0000] {processor.py:208} INFO - Processing /home/airflow/.local/lib/python3.12/site-packages/airflow/example_dags/example_local_kubernetes_executor.py took 0.686 seconds
[2024-12-07T17:42:56.283+0000] {processor.py:186} INFO - Started process (PID=11538) to work on /home/airflow/.local/lib/python3.12/site-packages/airflow/example_dags/example_local_kubernetes_executor.py
[2024-12-07T17:42:56.285+0000] {processor.py:914} INFO - Processing file /home/airflow/.local/lib/python3.12/site-packages/airflow/example_dags/example_local_kubernetes_executor.py for tasks to queue
[2024-12-07T17:42:56.288+0000] {logging_mixin.py:190} INFO - [2024-12-07T17:42:56.287+0000] {dagbag.py:588} INFO - Filling up the DagBag from /home/airflow/.local/lib/python3.12/site-packages/airflow/example_dags/example_local_kubernetes_executor.py
[2024-12-07T17:42:56.300+0000] {processor.py:925} INFO - DAG(s) 'example_local_kubernetes_executor' retrieved from /home/airflow/.local/lib/python3.12/site-packages/airflow/example_dags/example_local_kubernetes_executor.py
[2024-12-07T17:42:56.350+0000] {logging_mixin.py:190} INFO - [2024-12-07T17:42:56.349+0000] {dag.py:3239} INFO - Sync 1 DAGs
[2024-12-07T17:42:56.371+0000] {logging_mixin.py:190} INFO - [2024-12-07T17:42:56.371+0000] {dag.py:4180} INFO - Setting next_dagrun for example_local_kubernetes_executor to None, run_after=None
[2024-12-07T17:42:56.904+0000] {processor.py:208} INFO - Processing /home/airflow/.local/lib/python3.12/site-packages/airflow/example_dags/example_local_kubernetes_executor.py took 0.629 seconds
[2024-12-07T17:43:27.351+0000] {processor.py:186} INFO - Started process (PID=11826) to work on /home/airflow/.local/lib/python3.12/site-packages/airflow/example_dags/example_local_kubernetes_executor.py
[2024-12-07T17:43:27.353+0000] {processor.py:914} INFO - Processing file /home/airflow/.local/lib/python3.12/site-packages/airflow/example_dags/example_local_kubernetes_executor.py for tasks to queue
[2024-12-07T17:43:27.357+0000] {logging_mixin.py:190} INFO - [2024-12-07T17:43:27.356+0000] {dagbag.py:588} INFO - Filling up the DagBag from /home/airflow/.local/lib/python3.12/site-packages/airflow/example_dags/example_local_kubernetes_executor.py
[2024-12-07T17:43:27.378+0000] {processor.py:925} INFO - DAG(s) 'example_local_kubernetes_executor' retrieved from /home/airflow/.local/lib/python3.12/site-packages/airflow/example_dags/example_local_kubernetes_executor.py
[2024-12-07T17:43:27.447+0000] {logging_mixin.py:190} INFO - [2024-12-07T17:43:27.446+0000] {dag.py:3239} INFO - Sync 1 DAGs
[2024-12-07T17:43:27.493+0000] {logging_mixin.py:190} INFO - [2024-12-07T17:43:27.493+0000] {dag.py:4180} INFO - Setting next_dagrun for example_local_kubernetes_executor to None, run_after=None
[2024-12-07T17:43:27.535+0000] {processor.py:208} INFO - Processing /home/airflow/.local/lib/python3.12/site-packages/airflow/example_dags/example_local_kubernetes_executor.py took 0.196 seconds
