[2024-12-07T17:22:28.885+0000] {processor.py:186} INFO - Started process (PID=231) to work on /home/airflow/.local/lib/python3.12/site-packages/airflow/example_dags/example_bash_decorator.py
[2024-12-07T17:22:28.888+0000] {processor.py:914} INFO - Processing file /home/airflow/.local/lib/python3.12/site-packages/airflow/example_dags/example_bash_decorator.py for tasks to queue
[2024-12-07T17:22:28.896+0000] {logging_mixin.py:190} INFO - [2024-12-07T17:22:28.895+0000] {dagbag.py:588} INFO - Filling up the DagBag from /home/airflow/.local/lib/python3.12/site-packages/airflow/example_dags/example_bash_decorator.py
[2024-12-07T17:22:28.940+0000] {processor.py:925} INFO - DAG(s) 'example_bash_decorator' retrieved from /home/airflow/.local/lib/python3.12/site-packages/airflow/example_dags/example_bash_decorator.py
[2024-12-07T17:22:29.293+0000] {logging_mixin.py:190} INFO - [2024-12-07T17:22:29.292+0000] {override.py:1911} INFO - Created Permission View: can delete on DAG:example_bash_decorator
[2024-12-07T17:22:29.321+0000] {logging_mixin.py:190} INFO - [2024-12-07T17:22:29.320+0000] {override.py:1911} INFO - Created Permission View: can read on DAG:example_bash_decorator
[2024-12-07T17:22:29.350+0000] {logging_mixin.py:190} INFO - [2024-12-07T17:22:29.349+0000] {override.py:1911} INFO - Created Permission View: can edit on DAG:example_bash_decorator
[2024-12-07T17:22:29.374+0000] {logging_mixin.py:190} INFO - [2024-12-07T17:22:29.373+0000] {override.py:1911} INFO - Created Permission View: menu access on DAG Run:example_bash_decorator
[2024-12-07T17:22:29.392+0000] {logging_mixin.py:190} INFO - [2024-12-07T17:22:29.391+0000] {override.py:1911} INFO - Created Permission View: can delete on DAG Run:example_bash_decorator
[2024-12-07T17:22:29.407+0000] {logging_mixin.py:190} INFO - [2024-12-07T17:22:29.406+0000] {override.py:1911} INFO - Created Permission View: can read on DAG Run:example_bash_decorator
[2024-12-07T17:22:29.427+0000] {logging_mixin.py:190} INFO - [2024-12-07T17:22:29.426+0000] {override.py:1911} INFO - Created Permission View: can create on DAG Run:example_bash_decorator
[2024-12-07T17:22:29.428+0000] {logging_mixin.py:190} INFO - [2024-12-07T17:22:29.428+0000] {dag.py:3239} INFO - Sync 1 DAGs
[2024-12-07T17:22:29.480+0000] {logging_mixin.py:190} INFO - [2024-12-07T17:22:29.480+0000] {dag.py:3262} INFO - Creating ORM DAG for example_bash_decorator
[2024-12-07T17:22:29.482+0000] {logging_mixin.py:190} INFO - [2024-12-07T17:22:29.482+0000] {dag.py:4180} INFO - Setting next_dagrun for example_bash_decorator to None, run_after=None
[2024-12-07T17:22:29.595+0000] {processor.py:208} INFO - Processing /home/airflow/.local/lib/python3.12/site-packages/airflow/example_dags/example_bash_decorator.py took 0.721 seconds
[2024-12-07T17:23:11.047+0000] {processor.py:186} INFO - Started process (PID=523) to work on /home/airflow/.local/lib/python3.12/site-packages/airflow/example_dags/example_bash_decorator.py
[2024-12-07T17:23:11.049+0000] {processor.py:914} INFO - Processing file /home/airflow/.local/lib/python3.12/site-packages/airflow/example_dags/example_bash_decorator.py for tasks to queue
[2024-12-07T17:23:11.054+0000] {logging_mixin.py:190} INFO - [2024-12-07T17:23:11.053+0000] {dagbag.py:588} INFO - Filling up the DagBag from /home/airflow/.local/lib/python3.12/site-packages/airflow/example_dags/example_bash_decorator.py
[2024-12-07T17:23:11.111+0000] {processor.py:925} INFO - DAG(s) 'example_bash_decorator' retrieved from /home/airflow/.local/lib/python3.12/site-packages/airflow/example_dags/example_bash_decorator.py
[2024-12-07T17:23:11.200+0000] {logging_mixin.py:190} INFO - [2024-12-07T17:23:11.199+0000] {dag.py:3239} INFO - Sync 1 DAGs
[2024-12-07T17:23:11.229+0000] {logging_mixin.py:190} INFO - [2024-12-07T17:23:11.229+0000] {dag.py:4180} INFO - Setting next_dagrun for example_bash_decorator to None, run_after=None
[2024-12-07T17:23:11.264+0000] {processor.py:208} INFO - Processing /home/airflow/.local/lib/python3.12/site-packages/airflow/example_dags/example_bash_decorator.py took 0.240 seconds
[2024-12-07T17:23:55.932+0000] {processor.py:186} INFO - Started process (PID=822) to work on /home/airflow/.local/lib/python3.12/site-packages/airflow/example_dags/example_bash_decorator.py
[2024-12-07T17:23:55.943+0000] {processor.py:914} INFO - Processing file /home/airflow/.local/lib/python3.12/site-packages/airflow/example_dags/example_bash_decorator.py for tasks to queue
[2024-12-07T17:23:55.948+0000] {logging_mixin.py:190} INFO - [2024-12-07T17:23:55.948+0000] {dagbag.py:588} INFO - Filling up the DagBag from /home/airflow/.local/lib/python3.12/site-packages/airflow/example_dags/example_bash_decorator.py
[2024-12-07T17:23:56.012+0000] {processor.py:925} INFO - DAG(s) 'example_bash_decorator' retrieved from /home/airflow/.local/lib/python3.12/site-packages/airflow/example_dags/example_bash_decorator.py
[2024-12-07T17:23:56.117+0000] {logging_mixin.py:190} INFO - [2024-12-07T17:23:56.116+0000] {dag.py:3239} INFO - Sync 1 DAGs
[2024-12-07T17:23:56.225+0000] {logging_mixin.py:190} INFO - [2024-12-07T17:23:56.225+0000] {dag.py:4180} INFO - Setting next_dagrun for example_bash_decorator to None, run_after=None
[2024-12-07T17:23:56.313+0000] {processor.py:208} INFO - Processing /home/airflow/.local/lib/python3.12/site-packages/airflow/example_dags/example_bash_decorator.py took 0.403 seconds
[2024-12-07T17:24:30.776+0000] {processor.py:186} INFO - Started process (PID=1111) to work on /home/airflow/.local/lib/python3.12/site-packages/airflow/example_dags/example_bash_decorator.py
[2024-12-07T17:24:30.779+0000] {processor.py:914} INFO - Processing file /home/airflow/.local/lib/python3.12/site-packages/airflow/example_dags/example_bash_decorator.py for tasks to queue
[2024-12-07T17:24:30.796+0000] {logging_mixin.py:190} INFO - [2024-12-07T17:24:30.795+0000] {dagbag.py:588} INFO - Filling up the DagBag from /home/airflow/.local/lib/python3.12/site-packages/airflow/example_dags/example_bash_decorator.py
[2024-12-07T17:24:30.904+0000] {processor.py:925} INFO - DAG(s) 'example_bash_decorator' retrieved from /home/airflow/.local/lib/python3.12/site-packages/airflow/example_dags/example_bash_decorator.py
[2024-12-07T17:24:30.962+0000] {logging_mixin.py:190} INFO - [2024-12-07T17:24:30.962+0000] {dag.py:3239} INFO - Sync 1 DAGs
[2024-12-07T17:24:31.008+0000] {logging_mixin.py:190} INFO - [2024-12-07T17:24:31.008+0000] {dag.py:4180} INFO - Setting next_dagrun for example_bash_decorator to None, run_after=None
[2024-12-07T17:24:31.054+0000] {processor.py:208} INFO - Processing /home/airflow/.local/lib/python3.12/site-packages/airflow/example_dags/example_bash_decorator.py took 0.290 seconds
[2024-12-07T17:25:01.543+0000] {processor.py:186} INFO - Started process (PID=1402) to work on /home/airflow/.local/lib/python3.12/site-packages/airflow/example_dags/example_bash_decorator.py
[2024-12-07T17:25:01.545+0000] {processor.py:914} INFO - Processing file /home/airflow/.local/lib/python3.12/site-packages/airflow/example_dags/example_bash_decorator.py for tasks to queue
[2024-12-07T17:25:01.549+0000] {logging_mixin.py:190} INFO - [2024-12-07T17:25:01.548+0000] {dagbag.py:588} INFO - Filling up the DagBag from /home/airflow/.local/lib/python3.12/site-packages/airflow/example_dags/example_bash_decorator.py
[2024-12-07T17:25:01.570+0000] {processor.py:925} INFO - DAG(s) 'example_bash_decorator' retrieved from /home/airflow/.local/lib/python3.12/site-packages/airflow/example_dags/example_bash_decorator.py
[2024-12-07T17:25:01.601+0000] {logging_mixin.py:190} INFO - [2024-12-07T17:25:01.601+0000] {dag.py:3239} INFO - Sync 1 DAGs
[2024-12-07T17:25:01.629+0000] {logging_mixin.py:190} INFO - [2024-12-07T17:25:01.628+0000] {dag.py:4180} INFO - Setting next_dagrun for example_bash_decorator to None, run_after=None
[2024-12-07T17:25:01.668+0000] {processor.py:208} INFO - Processing /home/airflow/.local/lib/python3.12/site-packages/airflow/example_dags/example_bash_decorator.py took 0.136 seconds
[2024-12-07T17:25:32.018+0000] {processor.py:186} INFO - Started process (PID=1691) to work on /home/airflow/.local/lib/python3.12/site-packages/airflow/example_dags/example_bash_decorator.py
[2024-12-07T17:25:32.020+0000] {processor.py:914} INFO - Processing file /home/airflow/.local/lib/python3.12/site-packages/airflow/example_dags/example_bash_decorator.py for tasks to queue
[2024-12-07T17:25:32.023+0000] {logging_mixin.py:190} INFO - [2024-12-07T17:25:32.023+0000] {dagbag.py:588} INFO - Filling up the DagBag from /home/airflow/.local/lib/python3.12/site-packages/airflow/example_dags/example_bash_decorator.py
[2024-12-07T17:25:32.059+0000] {processor.py:925} INFO - DAG(s) 'example_bash_decorator' retrieved from /home/airflow/.local/lib/python3.12/site-packages/airflow/example_dags/example_bash_decorator.py
[2024-12-07T17:25:32.108+0000] {logging_mixin.py:190} INFO - [2024-12-07T17:25:32.107+0000] {dag.py:3239} INFO - Sync 1 DAGs
[2024-12-07T17:25:32.153+0000] {logging_mixin.py:190} INFO - [2024-12-07T17:25:32.152+0000] {dag.py:4180} INFO - Setting next_dagrun for example_bash_decorator to None, run_after=None
[2024-12-07T17:25:32.259+0000] {processor.py:208} INFO - Processing /home/airflow/.local/lib/python3.12/site-packages/airflow/example_dags/example_bash_decorator.py took 0.253 seconds
[2024-12-07T17:26:03.053+0000] {processor.py:186} INFO - Started process (PID=1980) to work on /home/airflow/.local/lib/python3.12/site-packages/airflow/example_dags/example_bash_decorator.py
[2024-12-07T17:26:03.055+0000] {processor.py:914} INFO - Processing file /home/airflow/.local/lib/python3.12/site-packages/airflow/example_dags/example_bash_decorator.py for tasks to queue
[2024-12-07T17:26:03.059+0000] {logging_mixin.py:190} INFO - [2024-12-07T17:26:03.058+0000] {dagbag.py:588} INFO - Filling up the DagBag from /home/airflow/.local/lib/python3.12/site-packages/airflow/example_dags/example_bash_decorator.py
[2024-12-07T17:26:03.088+0000] {processor.py:925} INFO - DAG(s) 'example_bash_decorator' retrieved from /home/airflow/.local/lib/python3.12/site-packages/airflow/example_dags/example_bash_decorator.py
[2024-12-07T17:26:03.118+0000] {logging_mixin.py:190} INFO - [2024-12-07T17:26:03.118+0000] {dag.py:3239} INFO - Sync 1 DAGs
[2024-12-07T17:26:03.137+0000] {logging_mixin.py:190} INFO - [2024-12-07T17:26:03.137+0000] {dag.py:4180} INFO - Setting next_dagrun for example_bash_decorator to None, run_after=None
[2024-12-07T17:26:03.702+0000] {processor.py:208} INFO - Processing /home/airflow/.local/lib/python3.12/site-packages/airflow/example_dags/example_bash_decorator.py took 0.658 seconds
[2024-12-07T17:26:34.423+0000] {processor.py:186} INFO - Started process (PID=2270) to work on /home/airflow/.local/lib/python3.12/site-packages/airflow/example_dags/example_bash_decorator.py
[2024-12-07T17:26:34.424+0000] {processor.py:914} INFO - Processing file /home/airflow/.local/lib/python3.12/site-packages/airflow/example_dags/example_bash_decorator.py for tasks to queue
[2024-12-07T17:26:34.438+0000] {logging_mixin.py:190} INFO - [2024-12-07T17:26:34.428+0000] {dagbag.py:588} INFO - Filling up the DagBag from /home/airflow/.local/lib/python3.12/site-packages/airflow/example_dags/example_bash_decorator.py
[2024-12-07T17:26:34.509+0000] {processor.py:925} INFO - DAG(s) 'example_bash_decorator' retrieved from /home/airflow/.local/lib/python3.12/site-packages/airflow/example_dags/example_bash_decorator.py
[2024-12-07T17:26:34.589+0000] {logging_mixin.py:190} INFO - [2024-12-07T17:26:34.589+0000] {dag.py:3239} INFO - Sync 1 DAGs
[2024-12-07T17:26:34.651+0000] {logging_mixin.py:190} INFO - [2024-12-07T17:26:34.650+0000] {dag.py:4180} INFO - Setting next_dagrun for example_bash_decorator to None, run_after=None
[2024-12-07T17:26:34.736+0000] {processor.py:208} INFO - Processing /home/airflow/.local/lib/python3.12/site-packages/airflow/example_dags/example_bash_decorator.py took 0.338 seconds
[2024-12-07T17:27:05.011+0000] {processor.py:186} INFO - Started process (PID=2561) to work on /home/airflow/.local/lib/python3.12/site-packages/airflow/example_dags/example_bash_decorator.py
[2024-12-07T17:27:05.012+0000] {processor.py:914} INFO - Processing file /home/airflow/.local/lib/python3.12/site-packages/airflow/example_dags/example_bash_decorator.py for tasks to queue
[2024-12-07T17:27:05.016+0000] {logging_mixin.py:190} INFO - [2024-12-07T17:27:05.016+0000] {dagbag.py:588} INFO - Filling up the DagBag from /home/airflow/.local/lib/python3.12/site-packages/airflow/example_dags/example_bash_decorator.py
[2024-12-07T17:27:05.037+0000] {processor.py:925} INFO - DAG(s) 'example_bash_decorator' retrieved from /home/airflow/.local/lib/python3.12/site-packages/airflow/example_dags/example_bash_decorator.py
[2024-12-07T17:27:05.074+0000] {logging_mixin.py:190} INFO - [2024-12-07T17:27:05.073+0000] {dag.py:3239} INFO - Sync 1 DAGs
[2024-12-07T17:27:05.097+0000] {logging_mixin.py:190} INFO - [2024-12-07T17:27:05.097+0000] {dag.py:4180} INFO - Setting next_dagrun for example_bash_decorator to None, run_after=None
[2024-12-07T17:27:05.129+0000] {processor.py:208} INFO - Processing /home/airflow/.local/lib/python3.12/site-packages/airflow/example_dags/example_bash_decorator.py took 0.128 seconds
[2024-12-07T17:27:35.470+0000] {processor.py:186} INFO - Started process (PID=2852) to work on /home/airflow/.local/lib/python3.12/site-packages/airflow/example_dags/example_bash_decorator.py
[2024-12-07T17:27:35.472+0000] {processor.py:914} INFO - Processing file /home/airflow/.local/lib/python3.12/site-packages/airflow/example_dags/example_bash_decorator.py for tasks to queue
[2024-12-07T17:27:35.478+0000] {logging_mixin.py:190} INFO - [2024-12-07T17:27:35.477+0000] {dagbag.py:588} INFO - Filling up the DagBag from /home/airflow/.local/lib/python3.12/site-packages/airflow/example_dags/example_bash_decorator.py
[2024-12-07T17:27:35.505+0000] {processor.py:925} INFO - DAG(s) 'example_bash_decorator' retrieved from /home/airflow/.local/lib/python3.12/site-packages/airflow/example_dags/example_bash_decorator.py
[2024-12-07T17:27:35.551+0000] {logging_mixin.py:190} INFO - [2024-12-07T17:27:35.550+0000] {dag.py:3239} INFO - Sync 1 DAGs
[2024-12-07T17:27:35.576+0000] {logging_mixin.py:190} INFO - [2024-12-07T17:27:35.576+0000] {dag.py:4180} INFO - Setting next_dagrun for example_bash_decorator to None, run_after=None
[2024-12-07T17:27:35.612+0000] {processor.py:208} INFO - Processing /home/airflow/.local/lib/python3.12/site-packages/airflow/example_dags/example_bash_decorator.py took 0.158 seconds
[2024-12-07T17:28:06.601+0000] {processor.py:186} INFO - Started process (PID=3145) to work on /home/airflow/.local/lib/python3.12/site-packages/airflow/example_dags/example_bash_decorator.py
[2024-12-07T17:28:06.603+0000] {processor.py:914} INFO - Processing file /home/airflow/.local/lib/python3.12/site-packages/airflow/example_dags/example_bash_decorator.py for tasks to queue
[2024-12-07T17:28:06.619+0000] {logging_mixin.py:190} INFO - [2024-12-07T17:28:06.618+0000] {dagbag.py:588} INFO - Filling up the DagBag from /home/airflow/.local/lib/python3.12/site-packages/airflow/example_dags/example_bash_decorator.py
[2024-12-07T17:28:06.709+0000] {processor.py:925} INFO - DAG(s) 'example_bash_decorator' retrieved from /home/airflow/.local/lib/python3.12/site-packages/airflow/example_dags/example_bash_decorator.py
[2024-12-07T17:28:06.814+0000] {logging_mixin.py:190} INFO - [2024-12-07T17:28:06.814+0000] {dag.py:3239} INFO - Sync 1 DAGs
[2024-12-07T17:28:06.897+0000] {logging_mixin.py:190} INFO - [2024-12-07T17:28:06.896+0000] {dag.py:4180} INFO - Setting next_dagrun for example_bash_decorator to None, run_after=None
[2024-12-07T17:28:06.995+0000] {processor.py:208} INFO - Processing /home/airflow/.local/lib/python3.12/site-packages/airflow/example_dags/example_bash_decorator.py took 0.436 seconds
[2024-12-07T17:28:37.091+0000] {processor.py:186} INFO - Started process (PID=3436) to work on /home/airflow/.local/lib/python3.12/site-packages/airflow/example_dags/example_bash_decorator.py
[2024-12-07T17:28:37.093+0000] {processor.py:914} INFO - Processing file /home/airflow/.local/lib/python3.12/site-packages/airflow/example_dags/example_bash_decorator.py for tasks to queue
[2024-12-07T17:28:37.097+0000] {logging_mixin.py:190} INFO - [2024-12-07T17:28:37.096+0000] {dagbag.py:588} INFO - Filling up the DagBag from /home/airflow/.local/lib/python3.12/site-packages/airflow/example_dags/example_bash_decorator.py
[2024-12-07T17:28:37.122+0000] {processor.py:925} INFO - DAG(s) 'example_bash_decorator' retrieved from /home/airflow/.local/lib/python3.12/site-packages/airflow/example_dags/example_bash_decorator.py
[2024-12-07T17:28:37.156+0000] {logging_mixin.py:190} INFO - [2024-12-07T17:28:37.156+0000] {dag.py:3239} INFO - Sync 1 DAGs
[2024-12-07T17:28:37.177+0000] {logging_mixin.py:190} INFO - [2024-12-07T17:28:37.176+0000] {dag.py:4180} INFO - Setting next_dagrun for example_bash_decorator to None, run_after=None
[2024-12-07T17:28:37.207+0000] {processor.py:208} INFO - Processing /home/airflow/.local/lib/python3.12/site-packages/airflow/example_dags/example_bash_decorator.py took 0.126 seconds
[2024-12-07T17:29:08.185+0000] {processor.py:186} INFO - Started process (PID=3725) to work on /home/airflow/.local/lib/python3.12/site-packages/airflow/example_dags/example_bash_decorator.py
[2024-12-07T17:29:08.187+0000] {processor.py:914} INFO - Processing file /home/airflow/.local/lib/python3.12/site-packages/airflow/example_dags/example_bash_decorator.py for tasks to queue
[2024-12-07T17:29:08.207+0000] {logging_mixin.py:190} INFO - [2024-12-07T17:29:08.206+0000] {dagbag.py:588} INFO - Filling up the DagBag from /home/airflow/.local/lib/python3.12/site-packages/airflow/example_dags/example_bash_decorator.py
[2024-12-07T17:29:08.253+0000] {processor.py:925} INFO - DAG(s) 'example_bash_decorator' retrieved from /home/airflow/.local/lib/python3.12/site-packages/airflow/example_dags/example_bash_decorator.py
[2024-12-07T17:29:08.310+0000] {logging_mixin.py:190} INFO - [2024-12-07T17:29:08.310+0000] {dag.py:3239} INFO - Sync 1 DAGs
[2024-12-07T17:29:08.354+0000] {logging_mixin.py:190} INFO - [2024-12-07T17:29:08.354+0000] {dag.py:4180} INFO - Setting next_dagrun for example_bash_decorator to None, run_after=None
[2024-12-07T17:29:08.404+0000] {processor.py:208} INFO - Processing /home/airflow/.local/lib/python3.12/site-packages/airflow/example_dags/example_bash_decorator.py took 0.244 seconds
[2024-12-07T17:29:38.860+0000] {processor.py:186} INFO - Started process (PID=4018) to work on /home/airflow/.local/lib/python3.12/site-packages/airflow/example_dags/example_bash_decorator.py
[2024-12-07T17:29:38.864+0000] {processor.py:914} INFO - Processing file /home/airflow/.local/lib/python3.12/site-packages/airflow/example_dags/example_bash_decorator.py for tasks to queue
[2024-12-07T17:29:38.869+0000] {logging_mixin.py:190} INFO - [2024-12-07T17:29:38.868+0000] {dagbag.py:588} INFO - Filling up the DagBag from /home/airflow/.local/lib/python3.12/site-packages/airflow/example_dags/example_bash_decorator.py
[2024-12-07T17:29:38.910+0000] {processor.py:925} INFO - DAG(s) 'example_bash_decorator' retrieved from /home/airflow/.local/lib/python3.12/site-packages/airflow/example_dags/example_bash_decorator.py
[2024-12-07T17:29:38.965+0000] {logging_mixin.py:190} INFO - [2024-12-07T17:29:38.965+0000] {dag.py:3239} INFO - Sync 1 DAGs
[2024-12-07T17:29:38.995+0000] {logging_mixin.py:190} INFO - [2024-12-07T17:29:38.995+0000] {dag.py:4180} INFO - Setting next_dagrun for example_bash_decorator to None, run_after=None
[2024-12-07T17:29:39.030+0000] {processor.py:208} INFO - Processing /home/airflow/.local/lib/python3.12/site-packages/airflow/example_dags/example_bash_decorator.py took 0.186 seconds
[2024-12-07T17:30:09.179+0000] {processor.py:186} INFO - Started process (PID=4306) to work on /home/airflow/.local/lib/python3.12/site-packages/airflow/example_dags/example_bash_decorator.py
[2024-12-07T17:30:09.181+0000] {processor.py:914} INFO - Processing file /home/airflow/.local/lib/python3.12/site-packages/airflow/example_dags/example_bash_decorator.py for tasks to queue
[2024-12-07T17:30:09.185+0000] {logging_mixin.py:190} INFO - [2024-12-07T17:30:09.184+0000] {dagbag.py:588} INFO - Filling up the DagBag from /home/airflow/.local/lib/python3.12/site-packages/airflow/example_dags/example_bash_decorator.py
[2024-12-07T17:30:09.214+0000] {processor.py:925} INFO - DAG(s) 'example_bash_decorator' retrieved from /home/airflow/.local/lib/python3.12/site-packages/airflow/example_dags/example_bash_decorator.py
[2024-12-07T17:30:09.283+0000] {logging_mixin.py:190} INFO - [2024-12-07T17:30:09.283+0000] {dag.py:3239} INFO - Sync 1 DAGs
[2024-12-07T17:30:09.303+0000] {logging_mixin.py:190} INFO - [2024-12-07T17:30:09.303+0000] {dag.py:4180} INFO - Setting next_dagrun for example_bash_decorator to None, run_after=None
[2024-12-07T17:30:09.331+0000] {processor.py:208} INFO - Processing /home/airflow/.local/lib/python3.12/site-packages/airflow/example_dags/example_bash_decorator.py took 0.164 seconds
[2024-12-07T17:30:39.746+0000] {processor.py:186} INFO - Started process (PID=4595) to work on /home/airflow/.local/lib/python3.12/site-packages/airflow/example_dags/example_bash_decorator.py
[2024-12-07T17:30:39.747+0000] {processor.py:914} INFO - Processing file /home/airflow/.local/lib/python3.12/site-packages/airflow/example_dags/example_bash_decorator.py for tasks to queue
[2024-12-07T17:30:39.751+0000] {logging_mixin.py:190} INFO - [2024-12-07T17:30:39.751+0000] {dagbag.py:588} INFO - Filling up the DagBag from /home/airflow/.local/lib/python3.12/site-packages/airflow/example_dags/example_bash_decorator.py
[2024-12-07T17:30:39.788+0000] {processor.py:925} INFO - DAG(s) 'example_bash_decorator' retrieved from /home/airflow/.local/lib/python3.12/site-packages/airflow/example_dags/example_bash_decorator.py
[2024-12-07T17:30:39.858+0000] {logging_mixin.py:190} INFO - [2024-12-07T17:30:39.856+0000] {dag.py:3239} INFO - Sync 1 DAGs
[2024-12-07T17:30:39.899+0000] {logging_mixin.py:190} INFO - [2024-12-07T17:30:39.899+0000] {dag.py:4180} INFO - Setting next_dagrun for example_bash_decorator to None, run_after=None
[2024-12-07T17:30:39.945+0000] {processor.py:208} INFO - Processing /home/airflow/.local/lib/python3.12/site-packages/airflow/example_dags/example_bash_decorator.py took 0.209 seconds
[2024-12-07T17:31:10.777+0000] {processor.py:186} INFO - Started process (PID=4881) to work on /home/airflow/.local/lib/python3.12/site-packages/airflow/example_dags/example_bash_decorator.py
[2024-12-07T17:31:10.779+0000] {processor.py:914} INFO - Processing file /home/airflow/.local/lib/python3.12/site-packages/airflow/example_dags/example_bash_decorator.py for tasks to queue
[2024-12-07T17:31:10.783+0000] {logging_mixin.py:190} INFO - [2024-12-07T17:31:10.783+0000] {dagbag.py:588} INFO - Filling up the DagBag from /home/airflow/.local/lib/python3.12/site-packages/airflow/example_dags/example_bash_decorator.py
[2024-12-07T17:31:10.814+0000] {processor.py:925} INFO - DAG(s) 'example_bash_decorator' retrieved from /home/airflow/.local/lib/python3.12/site-packages/airflow/example_dags/example_bash_decorator.py
[2024-12-07T17:31:10.850+0000] {logging_mixin.py:190} INFO - [2024-12-07T17:31:10.850+0000] {dag.py:3239} INFO - Sync 1 DAGs
[2024-12-07T17:31:10.878+0000] {logging_mixin.py:190} INFO - [2024-12-07T17:31:10.877+0000] {dag.py:4180} INFO - Setting next_dagrun for example_bash_decorator to None, run_after=None
[2024-12-07T17:31:10.906+0000] {processor.py:208} INFO - Processing /home/airflow/.local/lib/python3.12/site-packages/airflow/example_dags/example_bash_decorator.py took 0.150 seconds
[2024-12-07T17:31:41.461+0000] {processor.py:186} INFO - Started process (PID=5173) to work on /home/airflow/.local/lib/python3.12/site-packages/airflow/example_dags/example_bash_decorator.py
[2024-12-07T17:31:41.462+0000] {processor.py:914} INFO - Processing file /home/airflow/.local/lib/python3.12/site-packages/airflow/example_dags/example_bash_decorator.py for tasks to queue
[2024-12-07T17:31:41.465+0000] {logging_mixin.py:190} INFO - [2024-12-07T17:31:41.465+0000] {dagbag.py:588} INFO - Filling up the DagBag from /home/airflow/.local/lib/python3.12/site-packages/airflow/example_dags/example_bash_decorator.py
[2024-12-07T17:31:41.508+0000] {processor.py:925} INFO - DAG(s) 'example_bash_decorator' retrieved from /home/airflow/.local/lib/python3.12/site-packages/airflow/example_dags/example_bash_decorator.py
[2024-12-07T17:31:41.553+0000] {logging_mixin.py:190} INFO - [2024-12-07T17:31:41.552+0000] {dag.py:3239} INFO - Sync 1 DAGs
[2024-12-07T17:31:41.587+0000] {logging_mixin.py:190} INFO - [2024-12-07T17:31:41.587+0000] {dag.py:4180} INFO - Setting next_dagrun for example_bash_decorator to None, run_after=None
[2024-12-07T17:31:41.624+0000] {processor.py:208} INFO - Processing /home/airflow/.local/lib/python3.12/site-packages/airflow/example_dags/example_bash_decorator.py took 0.173 seconds
[2024-12-07T17:32:12.372+0000] {processor.py:186} INFO - Started process (PID=5464) to work on /home/airflow/.local/lib/python3.12/site-packages/airflow/example_dags/example_bash_decorator.py
[2024-12-07T17:32:12.373+0000] {processor.py:914} INFO - Processing file /home/airflow/.local/lib/python3.12/site-packages/airflow/example_dags/example_bash_decorator.py for tasks to queue
[2024-12-07T17:32:12.377+0000] {logging_mixin.py:190} INFO - [2024-12-07T17:32:12.377+0000] {dagbag.py:588} INFO - Filling up the DagBag from /home/airflow/.local/lib/python3.12/site-packages/airflow/example_dags/example_bash_decorator.py
[2024-12-07T17:32:12.403+0000] {processor.py:925} INFO - DAG(s) 'example_bash_decorator' retrieved from /home/airflow/.local/lib/python3.12/site-packages/airflow/example_dags/example_bash_decorator.py
[2024-12-07T17:32:12.468+0000] {logging_mixin.py:190} INFO - [2024-12-07T17:32:12.467+0000] {dag.py:3239} INFO - Sync 1 DAGs
[2024-12-07T17:32:12.489+0000] {logging_mixin.py:190} INFO - [2024-12-07T17:32:12.488+0000] {dag.py:4180} INFO - Setting next_dagrun for example_bash_decorator to None, run_after=None
[2024-12-07T17:32:12.516+0000] {processor.py:208} INFO - Processing /home/airflow/.local/lib/python3.12/site-packages/airflow/example_dags/example_bash_decorator.py took 0.156 seconds
[2024-12-07T17:32:43.436+0000] {processor.py:186} INFO - Started process (PID=5754) to work on /home/airflow/.local/lib/python3.12/site-packages/airflow/example_dags/example_bash_decorator.py
[2024-12-07T17:32:43.437+0000] {processor.py:914} INFO - Processing file /home/airflow/.local/lib/python3.12/site-packages/airflow/example_dags/example_bash_decorator.py for tasks to queue
[2024-12-07T17:32:43.440+0000] {logging_mixin.py:190} INFO - [2024-12-07T17:32:43.439+0000] {dagbag.py:588} INFO - Filling up the DagBag from /home/airflow/.local/lib/python3.12/site-packages/airflow/example_dags/example_bash_decorator.py
[2024-12-07T17:32:43.458+0000] {processor.py:925} INFO - DAG(s) 'example_bash_decorator' retrieved from /home/airflow/.local/lib/python3.12/site-packages/airflow/example_dags/example_bash_decorator.py
[2024-12-07T17:32:43.492+0000] {logging_mixin.py:190} INFO - [2024-12-07T17:32:43.491+0000] {dag.py:3239} INFO - Sync 1 DAGs
[2024-12-07T17:32:43.517+0000] {logging_mixin.py:190} INFO - [2024-12-07T17:32:43.516+0000] {dag.py:4180} INFO - Setting next_dagrun for example_bash_decorator to None, run_after=None
[2024-12-07T17:32:43.548+0000] {processor.py:208} INFO - Processing /home/airflow/.local/lib/python3.12/site-packages/airflow/example_dags/example_bash_decorator.py took 0.120 seconds
[2024-12-07T17:33:13.636+0000] {processor.py:186} INFO - Started process (PID=6044) to work on /home/airflow/.local/lib/python3.12/site-packages/airflow/example_dags/example_bash_decorator.py
[2024-12-07T17:33:13.638+0000] {processor.py:914} INFO - Processing file /home/airflow/.local/lib/python3.12/site-packages/airflow/example_dags/example_bash_decorator.py for tasks to queue
[2024-12-07T17:33:13.640+0000] {logging_mixin.py:190} INFO - [2024-12-07T17:33:13.640+0000] {dagbag.py:588} INFO - Filling up the DagBag from /home/airflow/.local/lib/python3.12/site-packages/airflow/example_dags/example_bash_decorator.py
[2024-12-07T17:33:13.658+0000] {processor.py:925} INFO - DAG(s) 'example_bash_decorator' retrieved from /home/airflow/.local/lib/python3.12/site-packages/airflow/example_dags/example_bash_decorator.py
[2024-12-07T17:33:13.687+0000] {logging_mixin.py:190} INFO - [2024-12-07T17:33:13.686+0000] {dag.py:3239} INFO - Sync 1 DAGs
[2024-12-07T17:33:13.704+0000] {logging_mixin.py:190} INFO - [2024-12-07T17:33:13.704+0000] {dag.py:4180} INFO - Setting next_dagrun for example_bash_decorator to None, run_after=None
[2024-12-07T17:33:13.730+0000] {processor.py:208} INFO - Processing /home/airflow/.local/lib/python3.12/site-packages/airflow/example_dags/example_bash_decorator.py took 0.101 seconds
[2024-12-07T17:33:44.114+0000] {processor.py:186} INFO - Started process (PID=6333) to work on /home/airflow/.local/lib/python3.12/site-packages/airflow/example_dags/example_bash_decorator.py
[2024-12-07T17:33:44.117+0000] {processor.py:914} INFO - Processing file /home/airflow/.local/lib/python3.12/site-packages/airflow/example_dags/example_bash_decorator.py for tasks to queue
[2024-12-07T17:33:44.122+0000] {logging_mixin.py:190} INFO - [2024-12-07T17:33:44.122+0000] {dagbag.py:588} INFO - Filling up the DagBag from /home/airflow/.local/lib/python3.12/site-packages/airflow/example_dags/example_bash_decorator.py
[2024-12-07T17:33:44.159+0000] {processor.py:925} INFO - DAG(s) 'example_bash_decorator' retrieved from /home/airflow/.local/lib/python3.12/site-packages/airflow/example_dags/example_bash_decorator.py
[2024-12-07T17:33:44.196+0000] {logging_mixin.py:190} INFO - [2024-12-07T17:33:44.195+0000] {dag.py:3239} INFO - Sync 1 DAGs
[2024-12-07T17:33:44.219+0000] {logging_mixin.py:190} INFO - [2024-12-07T17:33:44.219+0000] {dag.py:4180} INFO - Setting next_dagrun for example_bash_decorator to None, run_after=None
[2024-12-07T17:33:44.246+0000] {processor.py:208} INFO - Processing /home/airflow/.local/lib/python3.12/site-packages/airflow/example_dags/example_bash_decorator.py took 0.145 seconds
[2024-12-07T17:34:14.616+0000] {processor.py:186} INFO - Started process (PID=6626) to work on /home/airflow/.local/lib/python3.12/site-packages/airflow/example_dags/example_bash_decorator.py
[2024-12-07T17:34:14.617+0000] {processor.py:914} INFO - Processing file /home/airflow/.local/lib/python3.12/site-packages/airflow/example_dags/example_bash_decorator.py for tasks to queue
[2024-12-07T17:34:14.620+0000] {logging_mixin.py:190} INFO - [2024-12-07T17:34:14.620+0000] {dagbag.py:588} INFO - Filling up the DagBag from /home/airflow/.local/lib/python3.12/site-packages/airflow/example_dags/example_bash_decorator.py
[2024-12-07T17:34:14.644+0000] {processor.py:925} INFO - DAG(s) 'example_bash_decorator' retrieved from /home/airflow/.local/lib/python3.12/site-packages/airflow/example_dags/example_bash_decorator.py
[2024-12-07T17:34:14.676+0000] {logging_mixin.py:190} INFO - [2024-12-07T17:34:14.676+0000] {dag.py:3239} INFO - Sync 1 DAGs
[2024-12-07T17:34:14.694+0000] {logging_mixin.py:190} INFO - [2024-12-07T17:34:14.694+0000] {dag.py:4180} INFO - Setting next_dagrun for example_bash_decorator to None, run_after=None
[2024-12-07T17:34:14.718+0000] {processor.py:208} INFO - Processing /home/airflow/.local/lib/python3.12/site-packages/airflow/example_dags/example_bash_decorator.py took 0.109 seconds
[2024-12-07T17:34:45.076+0000] {processor.py:186} INFO - Started process (PID=6917) to work on /home/airflow/.local/lib/python3.12/site-packages/airflow/example_dags/example_bash_decorator.py
[2024-12-07T17:34:45.077+0000] {processor.py:914} INFO - Processing file /home/airflow/.local/lib/python3.12/site-packages/airflow/example_dags/example_bash_decorator.py for tasks to queue
[2024-12-07T17:34:45.080+0000] {logging_mixin.py:190} INFO - [2024-12-07T17:34:45.080+0000] {dagbag.py:588} INFO - Filling up the DagBag from /home/airflow/.local/lib/python3.12/site-packages/airflow/example_dags/example_bash_decorator.py
[2024-12-07T17:34:45.108+0000] {processor.py:925} INFO - DAG(s) 'example_bash_decorator' retrieved from /home/airflow/.local/lib/python3.12/site-packages/airflow/example_dags/example_bash_decorator.py
[2024-12-07T17:34:45.147+0000] {logging_mixin.py:190} INFO - [2024-12-07T17:34:45.147+0000] {dag.py:3239} INFO - Sync 1 DAGs
[2024-12-07T17:34:45.172+0000] {logging_mixin.py:190} INFO - [2024-12-07T17:34:45.172+0000] {dag.py:4180} INFO - Setting next_dagrun for example_bash_decorator to None, run_after=None
[2024-12-07T17:34:45.211+0000] {processor.py:208} INFO - Processing /home/airflow/.local/lib/python3.12/site-packages/airflow/example_dags/example_bash_decorator.py took 0.145 seconds
[2024-12-07T17:35:15.446+0000] {processor.py:186} INFO - Started process (PID=7208) to work on /home/airflow/.local/lib/python3.12/site-packages/airflow/example_dags/example_bash_decorator.py
[2024-12-07T17:35:15.447+0000] {processor.py:914} INFO - Processing file /home/airflow/.local/lib/python3.12/site-packages/airflow/example_dags/example_bash_decorator.py for tasks to queue
[2024-12-07T17:35:15.450+0000] {logging_mixin.py:190} INFO - [2024-12-07T17:35:15.450+0000] {dagbag.py:588} INFO - Filling up the DagBag from /home/airflow/.local/lib/python3.12/site-packages/airflow/example_dags/example_bash_decorator.py
[2024-12-07T17:35:15.477+0000] {processor.py:925} INFO - DAG(s) 'example_bash_decorator' retrieved from /home/airflow/.local/lib/python3.12/site-packages/airflow/example_dags/example_bash_decorator.py
[2024-12-07T17:35:15.515+0000] {logging_mixin.py:190} INFO - [2024-12-07T17:35:15.515+0000] {dag.py:3239} INFO - Sync 1 DAGs
[2024-12-07T17:35:15.548+0000] {logging_mixin.py:190} INFO - [2024-12-07T17:35:15.547+0000] {dag.py:4180} INFO - Setting next_dagrun for example_bash_decorator to None, run_after=None
[2024-12-07T17:35:15.584+0000] {processor.py:208} INFO - Processing /home/airflow/.local/lib/python3.12/site-packages/airflow/example_dags/example_bash_decorator.py took 0.150 seconds
[2024-12-07T17:35:46.694+0000] {processor.py:186} INFO - Started process (PID=7497) to work on /home/airflow/.local/lib/python3.12/site-packages/airflow/example_dags/example_bash_decorator.py
[2024-12-07T17:35:46.696+0000] {processor.py:914} INFO - Processing file /home/airflow/.local/lib/python3.12/site-packages/airflow/example_dags/example_bash_decorator.py for tasks to queue
[2024-12-07T17:35:46.701+0000] {logging_mixin.py:190} INFO - [2024-12-07T17:35:46.700+0000] {dagbag.py:588} INFO - Filling up the DagBag from /home/airflow/.local/lib/python3.12/site-packages/airflow/example_dags/example_bash_decorator.py
[2024-12-07T17:35:46.744+0000] {processor.py:925} INFO - DAG(s) 'example_bash_decorator' retrieved from /home/airflow/.local/lib/python3.12/site-packages/airflow/example_dags/example_bash_decorator.py
[2024-12-07T17:35:46.849+0000] {logging_mixin.py:190} INFO - [2024-12-07T17:35:46.848+0000] {dag.py:3239} INFO - Sync 1 DAGs
[2024-12-07T17:35:46.910+0000] {logging_mixin.py:190} INFO - [2024-12-07T17:35:46.909+0000] {dag.py:4180} INFO - Setting next_dagrun for example_bash_decorator to None, run_after=None
[2024-12-07T17:35:46.969+0000] {processor.py:208} INFO - Processing /home/airflow/.local/lib/python3.12/site-packages/airflow/example_dags/example_bash_decorator.py took 0.294 seconds
[2024-12-07T17:36:17.996+0000] {processor.py:186} INFO - Started process (PID=7790) to work on /home/airflow/.local/lib/python3.12/site-packages/airflow/example_dags/example_bash_decorator.py
[2024-12-07T17:36:17.998+0000] {processor.py:914} INFO - Processing file /home/airflow/.local/lib/python3.12/site-packages/airflow/example_dags/example_bash_decorator.py for tasks to queue
[2024-12-07T17:36:18.001+0000] {logging_mixin.py:190} INFO - [2024-12-07T17:36:18.000+0000] {dagbag.py:588} INFO - Filling up the DagBag from /home/airflow/.local/lib/python3.12/site-packages/airflow/example_dags/example_bash_decorator.py
[2024-12-07T17:36:18.019+0000] {processor.py:925} INFO - DAG(s) 'example_bash_decorator' retrieved from /home/airflow/.local/lib/python3.12/site-packages/airflow/example_dags/example_bash_decorator.py
[2024-12-07T17:36:18.056+0000] {logging_mixin.py:190} INFO - [2024-12-07T17:36:18.056+0000] {dag.py:3239} INFO - Sync 1 DAGs
[2024-12-07T17:36:18.079+0000] {logging_mixin.py:190} INFO - [2024-12-07T17:36:18.078+0000] {dag.py:4180} INFO - Setting next_dagrun for example_bash_decorator to None, run_after=None
[2024-12-07T17:36:18.167+0000] {processor.py:208} INFO - Processing /home/airflow/.local/lib/python3.12/site-packages/airflow/example_dags/example_bash_decorator.py took 0.180 seconds
[2024-12-07T17:36:50.012+0000] {processor.py:186} INFO - Started process (PID=8075) to work on /home/airflow/.local/lib/python3.12/site-packages/airflow/example_dags/example_bash_decorator.py
[2024-12-07T17:36:50.070+0000] {processor.py:914} INFO - Processing file /home/airflow/.local/lib/python3.12/site-packages/airflow/example_dags/example_bash_decorator.py for tasks to queue
[2024-12-07T17:36:50.196+0000] {logging_mixin.py:190} INFO - [2024-12-07T17:36:50.196+0000] {dagbag.py:588} INFO - Filling up the DagBag from /home/airflow/.local/lib/python3.12/site-packages/airflow/example_dags/example_bash_decorator.py
[2024-12-07T17:36:50.343+0000] {processor.py:925} INFO - DAG(s) 'example_bash_decorator' retrieved from /home/airflow/.local/lib/python3.12/site-packages/airflow/example_dags/example_bash_decorator.py
[2024-12-07T17:36:50.559+0000] {logging_mixin.py:190} INFO - [2024-12-07T17:36:50.559+0000] {dag.py:3239} INFO - Sync 1 DAGs
[2024-12-07T17:36:50.691+0000] {logging_mixin.py:190} INFO - [2024-12-07T17:36:50.691+0000] {dag.py:4180} INFO - Setting next_dagrun for example_bash_decorator to None, run_after=None
[2024-12-07T17:36:50.912+0000] {processor.py:208} INFO - Processing /home/airflow/.local/lib/python3.12/site-packages/airflow/example_dags/example_bash_decorator.py took 0.955 seconds
[2024-12-07T17:37:21.851+0000] {processor.py:186} INFO - Started process (PID=8370) to work on /home/airflow/.local/lib/python3.12/site-packages/airflow/example_dags/example_bash_decorator.py
[2024-12-07T17:37:21.854+0000] {processor.py:914} INFO - Processing file /home/airflow/.local/lib/python3.12/site-packages/airflow/example_dags/example_bash_decorator.py for tasks to queue
[2024-12-07T17:37:21.869+0000] {logging_mixin.py:190} INFO - [2024-12-07T17:37:21.858+0000] {dagbag.py:588} INFO - Filling up the DagBag from /home/airflow/.local/lib/python3.12/site-packages/airflow/example_dags/example_bash_decorator.py
[2024-12-07T17:37:21.897+0000] {processor.py:925} INFO - DAG(s) 'example_bash_decorator' retrieved from /home/airflow/.local/lib/python3.12/site-packages/airflow/example_dags/example_bash_decorator.py
[2024-12-07T17:37:21.947+0000] {logging_mixin.py:190} INFO - [2024-12-07T17:37:21.947+0000] {dag.py:3239} INFO - Sync 1 DAGs
[2024-12-07T17:37:21.984+0000] {logging_mixin.py:190} INFO - [2024-12-07T17:37:21.984+0000] {dag.py:4180} INFO - Setting next_dagrun for example_bash_decorator to None, run_after=None
[2024-12-07T17:37:22.033+0000] {processor.py:208} INFO - Processing /home/airflow/.local/lib/python3.12/site-packages/airflow/example_dags/example_bash_decorator.py took 0.193 seconds
[2024-12-07T17:37:52.955+0000] {processor.py:186} INFO - Started process (PID=8661) to work on /home/airflow/.local/lib/python3.12/site-packages/airflow/example_dags/example_bash_decorator.py
[2024-12-07T17:37:52.960+0000] {processor.py:914} INFO - Processing file /home/airflow/.local/lib/python3.12/site-packages/airflow/example_dags/example_bash_decorator.py for tasks to queue
[2024-12-07T17:37:52.965+0000] {logging_mixin.py:190} INFO - [2024-12-07T17:37:52.964+0000] {dagbag.py:588} INFO - Filling up the DagBag from /home/airflow/.local/lib/python3.12/site-packages/airflow/example_dags/example_bash_decorator.py
[2024-12-07T17:37:53.012+0000] {processor.py:925} INFO - DAG(s) 'example_bash_decorator' retrieved from /home/airflow/.local/lib/python3.12/site-packages/airflow/example_dags/example_bash_decorator.py
[2024-12-07T17:37:53.134+0000] {logging_mixin.py:190} INFO - [2024-12-07T17:37:53.134+0000] {dag.py:3239} INFO - Sync 1 DAGs
[2024-12-07T17:37:53.245+0000] {logging_mixin.py:190} INFO - [2024-12-07T17:37:53.244+0000] {dag.py:4180} INFO - Setting next_dagrun for example_bash_decorator to None, run_after=None
[2024-12-07T17:37:53.666+0000] {processor.py:208} INFO - Processing /home/airflow/.local/lib/python3.12/site-packages/airflow/example_dags/example_bash_decorator.py took 0.723 seconds
[2024-12-07T17:38:23.825+0000] {processor.py:186} INFO - Started process (PID=8952) to work on /home/airflow/.local/lib/python3.12/site-packages/airflow/example_dags/example_bash_decorator.py
[2024-12-07T17:38:23.827+0000] {processor.py:914} INFO - Processing file /home/airflow/.local/lib/python3.12/site-packages/airflow/example_dags/example_bash_decorator.py for tasks to queue
[2024-12-07T17:38:23.835+0000] {logging_mixin.py:190} INFO - [2024-12-07T17:38:23.835+0000] {dagbag.py:588} INFO - Filling up the DagBag from /home/airflow/.local/lib/python3.12/site-packages/airflow/example_dags/example_bash_decorator.py
[2024-12-07T17:38:23.877+0000] {processor.py:925} INFO - DAG(s) 'example_bash_decorator' retrieved from /home/airflow/.local/lib/python3.12/site-packages/airflow/example_dags/example_bash_decorator.py
[2024-12-07T17:38:23.936+0000] {logging_mixin.py:190} INFO - [2024-12-07T17:38:23.936+0000] {dag.py:3239} INFO - Sync 1 DAGs
[2024-12-07T17:38:23.972+0000] {logging_mixin.py:190} INFO - [2024-12-07T17:38:23.971+0000] {dag.py:4180} INFO - Setting next_dagrun for example_bash_decorator to None, run_after=None
[2024-12-07T17:38:24.070+0000] {processor.py:208} INFO - Processing /home/airflow/.local/lib/python3.12/site-packages/airflow/example_dags/example_bash_decorator.py took 0.259 seconds
[2024-12-07T17:38:54.787+0000] {processor.py:186} INFO - Started process (PID=9243) to work on /home/airflow/.local/lib/python3.12/site-packages/airflow/example_dags/example_bash_decorator.py
[2024-12-07T17:38:54.800+0000] {processor.py:914} INFO - Processing file /home/airflow/.local/lib/python3.12/site-packages/airflow/example_dags/example_bash_decorator.py for tasks to queue
[2024-12-07T17:38:54.804+0000] {logging_mixin.py:190} INFO - [2024-12-07T17:38:54.804+0000] {dagbag.py:588} INFO - Filling up the DagBag from /home/airflow/.local/lib/python3.12/site-packages/airflow/example_dags/example_bash_decorator.py
[2024-12-07T17:38:54.850+0000] {processor.py:925} INFO - DAG(s) 'example_bash_decorator' retrieved from /home/airflow/.local/lib/python3.12/site-packages/airflow/example_dags/example_bash_decorator.py
[2024-12-07T17:38:54.934+0000] {logging_mixin.py:190} INFO - [2024-12-07T17:38:54.933+0000] {dag.py:3239} INFO - Sync 1 DAGs
[2024-12-07T17:38:54.999+0000] {logging_mixin.py:190} INFO - [2024-12-07T17:38:54.999+0000] {dag.py:4180} INFO - Setting next_dagrun for example_bash_decorator to None, run_after=None
[2024-12-07T17:38:55.070+0000] {processor.py:208} INFO - Processing /home/airflow/.local/lib/python3.12/site-packages/airflow/example_dags/example_bash_decorator.py took 0.306 seconds
[2024-12-07T17:39:25.302+0000] {processor.py:186} INFO - Started process (PID=9533) to work on /home/airflow/.local/lib/python3.12/site-packages/airflow/example_dags/example_bash_decorator.py
[2024-12-07T17:39:25.304+0000] {processor.py:914} INFO - Processing file /home/airflow/.local/lib/python3.12/site-packages/airflow/example_dags/example_bash_decorator.py for tasks to queue
[2024-12-07T17:39:25.309+0000] {logging_mixin.py:190} INFO - [2024-12-07T17:39:25.309+0000] {dagbag.py:588} INFO - Filling up the DagBag from /home/airflow/.local/lib/python3.12/site-packages/airflow/example_dags/example_bash_decorator.py
[2024-12-07T17:39:25.349+0000] {processor.py:925} INFO - DAG(s) 'example_bash_decorator' retrieved from /home/airflow/.local/lib/python3.12/site-packages/airflow/example_dags/example_bash_decorator.py
[2024-12-07T17:39:25.384+0000] {logging_mixin.py:190} INFO - [2024-12-07T17:39:25.384+0000] {dag.py:3239} INFO - Sync 1 DAGs
[2024-12-07T17:39:25.407+0000] {logging_mixin.py:190} INFO - [2024-12-07T17:39:25.406+0000] {dag.py:4180} INFO - Setting next_dagrun for example_bash_decorator to None, run_after=None
[2024-12-07T17:39:25.437+0000] {processor.py:208} INFO - Processing /home/airflow/.local/lib/python3.12/site-packages/airflow/example_dags/example_bash_decorator.py took 0.156 seconds
[2024-12-07T17:39:55.548+0000] {processor.py:186} INFO - Started process (PID=9824) to work on /home/airflow/.local/lib/python3.12/site-packages/airflow/example_dags/example_bash_decorator.py
[2024-12-07T17:39:55.549+0000] {processor.py:914} INFO - Processing file /home/airflow/.local/lib/python3.12/site-packages/airflow/example_dags/example_bash_decorator.py for tasks to queue
[2024-12-07T17:39:55.553+0000] {logging_mixin.py:190} INFO - [2024-12-07T17:39:55.553+0000] {dagbag.py:588} INFO - Filling up the DagBag from /home/airflow/.local/lib/python3.12/site-packages/airflow/example_dags/example_bash_decorator.py
[2024-12-07T17:39:55.580+0000] {processor.py:925} INFO - DAG(s) 'example_bash_decorator' retrieved from /home/airflow/.local/lib/python3.12/site-packages/airflow/example_dags/example_bash_decorator.py
[2024-12-07T17:39:55.626+0000] {logging_mixin.py:190} INFO - [2024-12-07T17:39:55.625+0000] {dag.py:3239} INFO - Sync 1 DAGs
[2024-12-07T17:39:55.668+0000] {logging_mixin.py:190} INFO - [2024-12-07T17:39:55.668+0000] {dag.py:4180} INFO - Setting next_dagrun for example_bash_decorator to None, run_after=None
[2024-12-07T17:39:55.710+0000] {processor.py:208} INFO - Processing /home/airflow/.local/lib/python3.12/site-packages/airflow/example_dags/example_bash_decorator.py took 0.174 seconds
[2024-12-07T17:40:26.206+0000] {processor.py:186} INFO - Started process (PID=10112) to work on /home/airflow/.local/lib/python3.12/site-packages/airflow/example_dags/example_bash_decorator.py
[2024-12-07T17:40:26.208+0000] {processor.py:914} INFO - Processing file /home/airflow/.local/lib/python3.12/site-packages/airflow/example_dags/example_bash_decorator.py for tasks to queue
[2024-12-07T17:40:26.212+0000] {logging_mixin.py:190} INFO - [2024-12-07T17:40:26.211+0000] {dagbag.py:588} INFO - Filling up the DagBag from /home/airflow/.local/lib/python3.12/site-packages/airflow/example_dags/example_bash_decorator.py
[2024-12-07T17:40:26.233+0000] {processor.py:925} INFO - DAG(s) 'example_bash_decorator' retrieved from /home/airflow/.local/lib/python3.12/site-packages/airflow/example_dags/example_bash_decorator.py
[2024-12-07T17:40:26.302+0000] {logging_mixin.py:190} INFO - [2024-12-07T17:40:26.302+0000] {dag.py:3239} INFO - Sync 1 DAGs
[2024-12-07T17:40:26.366+0000] {logging_mixin.py:190} INFO - [2024-12-07T17:40:26.366+0000] {dag.py:4180} INFO - Setting next_dagrun for example_bash_decorator to None, run_after=None
[2024-12-07T17:40:26.486+0000] {processor.py:208} INFO - Processing /home/airflow/.local/lib/python3.12/site-packages/airflow/example_dags/example_bash_decorator.py took 0.288 seconds
[2024-12-07T17:40:56.800+0000] {processor.py:186} INFO - Started process (PID=10403) to work on /home/airflow/.local/lib/python3.12/site-packages/airflow/example_dags/example_bash_decorator.py
[2024-12-07T17:40:56.805+0000] {processor.py:914} INFO - Processing file /home/airflow/.local/lib/python3.12/site-packages/airflow/example_dags/example_bash_decorator.py for tasks to queue
[2024-12-07T17:40:56.808+0000] {logging_mixin.py:190} INFO - [2024-12-07T17:40:56.807+0000] {dagbag.py:588} INFO - Filling up the DagBag from /home/airflow/.local/lib/python3.12/site-packages/airflow/example_dags/example_bash_decorator.py
[2024-12-07T17:40:56.827+0000] {processor.py:925} INFO - DAG(s) 'example_bash_decorator' retrieved from /home/airflow/.local/lib/python3.12/site-packages/airflow/example_dags/example_bash_decorator.py
[2024-12-07T17:40:56.990+0000] {logging_mixin.py:190} INFO - [2024-12-07T17:40:56.989+0000] {dag.py:3239} INFO - Sync 1 DAGs
[2024-12-07T17:40:57.007+0000] {logging_mixin.py:190} INFO - [2024-12-07T17:40:57.007+0000] {dag.py:4180} INFO - Setting next_dagrun for example_bash_decorator to None, run_after=None
[2024-12-07T17:40:57.749+0000] {processor.py:208} INFO - Processing /home/airflow/.local/lib/python3.12/site-packages/airflow/example_dags/example_bash_decorator.py took 0.956 seconds
[2024-12-07T17:41:28.000+0000] {processor.py:186} INFO - Started process (PID=10695) to work on /home/airflow/.local/lib/python3.12/site-packages/airflow/example_dags/example_bash_decorator.py
[2024-12-07T17:41:28.001+0000] {processor.py:914} INFO - Processing file /home/airflow/.local/lib/python3.12/site-packages/airflow/example_dags/example_bash_decorator.py for tasks to queue
[2024-12-07T17:41:28.004+0000] {logging_mixin.py:190} INFO - [2024-12-07T17:41:28.004+0000] {dagbag.py:588} INFO - Filling up the DagBag from /home/airflow/.local/lib/python3.12/site-packages/airflow/example_dags/example_bash_decorator.py
[2024-12-07T17:41:28.031+0000] {processor.py:925} INFO - DAG(s) 'example_bash_decorator' retrieved from /home/airflow/.local/lib/python3.12/site-packages/airflow/example_dags/example_bash_decorator.py
[2024-12-07T17:41:28.066+0000] {logging_mixin.py:190} INFO - [2024-12-07T17:41:28.066+0000] {dag.py:3239} INFO - Sync 1 DAGs
[2024-12-07T17:41:28.085+0000] {logging_mixin.py:190} INFO - [2024-12-07T17:41:28.085+0000] {dag.py:4180} INFO - Setting next_dagrun for example_bash_decorator to None, run_after=None
[2024-12-07T17:41:28.110+0000] {processor.py:208} INFO - Processing /home/airflow/.local/lib/python3.12/site-packages/airflow/example_dags/example_bash_decorator.py took 0.118 seconds
[2024-12-07T17:41:58.715+0000] {processor.py:186} INFO - Started process (PID=10987) to work on /home/airflow/.local/lib/python3.12/site-packages/airflow/example_dags/example_bash_decorator.py
[2024-12-07T17:41:58.717+0000] {processor.py:914} INFO - Processing file /home/airflow/.local/lib/python3.12/site-packages/airflow/example_dags/example_bash_decorator.py for tasks to queue
[2024-12-07T17:41:58.720+0000] {logging_mixin.py:190} INFO - [2024-12-07T17:41:58.719+0000] {dagbag.py:588} INFO - Filling up the DagBag from /home/airflow/.local/lib/python3.12/site-packages/airflow/example_dags/example_bash_decorator.py
[2024-12-07T17:41:58.737+0000] {processor.py:925} INFO - DAG(s) 'example_bash_decorator' retrieved from /home/airflow/.local/lib/python3.12/site-packages/airflow/example_dags/example_bash_decorator.py
[2024-12-07T17:41:58.769+0000] {logging_mixin.py:190} INFO - [2024-12-07T17:41:58.769+0000] {dag.py:3239} INFO - Sync 1 DAGs
[2024-12-07T17:41:58.791+0000] {logging_mixin.py:190} INFO - [2024-12-07T17:41:58.791+0000] {dag.py:4180} INFO - Setting next_dagrun for example_bash_decorator to None, run_after=None
[2024-12-07T17:41:58.821+0000] {processor.py:208} INFO - Processing /home/airflow/.local/lib/python3.12/site-packages/airflow/example_dags/example_bash_decorator.py took 0.116 seconds
[2024-12-07T17:42:28.989+0000] {processor.py:186} INFO - Started process (PID=11276) to work on /home/airflow/.local/lib/python3.12/site-packages/airflow/example_dags/example_bash_decorator.py
[2024-12-07T17:42:28.991+0000] {processor.py:914} INFO - Processing file /home/airflow/.local/lib/python3.12/site-packages/airflow/example_dags/example_bash_decorator.py for tasks to queue
[2024-12-07T17:42:28.995+0000] {logging_mixin.py:190} INFO - [2024-12-07T17:42:28.994+0000] {dagbag.py:588} INFO - Filling up the DagBag from /home/airflow/.local/lib/python3.12/site-packages/airflow/example_dags/example_bash_decorator.py
[2024-12-07T17:42:29.022+0000] {processor.py:925} INFO - DAG(s) 'example_bash_decorator' retrieved from /home/airflow/.local/lib/python3.12/site-packages/airflow/example_dags/example_bash_decorator.py
[2024-12-07T17:42:29.078+0000] {logging_mixin.py:190} INFO - [2024-12-07T17:42:29.077+0000] {dag.py:3239} INFO - Sync 1 DAGs
[2024-12-07T17:42:29.119+0000] {logging_mixin.py:190} INFO - [2024-12-07T17:42:29.118+0000] {dag.py:4180} INFO - Setting next_dagrun for example_bash_decorator to None, run_after=None
[2024-12-07T17:42:29.157+0000] {processor.py:208} INFO - Processing /home/airflow/.local/lib/python3.12/site-packages/airflow/example_dags/example_bash_decorator.py took 0.183 seconds
[2024-12-07T17:42:59.261+0000] {processor.py:186} INFO - Started process (PID=11563) to work on /home/airflow/.local/lib/python3.12/site-packages/airflow/example_dags/example_bash_decorator.py
[2024-12-07T17:42:59.262+0000] {processor.py:914} INFO - Processing file /home/airflow/.local/lib/python3.12/site-packages/airflow/example_dags/example_bash_decorator.py for tasks to queue
[2024-12-07T17:42:59.265+0000] {logging_mixin.py:190} INFO - [2024-12-07T17:42:59.265+0000] {dagbag.py:588} INFO - Filling up the DagBag from /home/airflow/.local/lib/python3.12/site-packages/airflow/example_dags/example_bash_decorator.py
[2024-12-07T17:42:59.287+0000] {processor.py:925} INFO - DAG(s) 'example_bash_decorator' retrieved from /home/airflow/.local/lib/python3.12/site-packages/airflow/example_dags/example_bash_decorator.py
[2024-12-07T17:42:59.317+0000] {logging_mixin.py:190} INFO - [2024-12-07T17:42:59.317+0000] {dag.py:3239} INFO - Sync 1 DAGs
[2024-12-07T17:42:59.336+0000] {logging_mixin.py:190} INFO - [2024-12-07T17:42:59.336+0000] {dag.py:4180} INFO - Setting next_dagrun for example_bash_decorator to None, run_after=None
[2024-12-07T17:42:59.819+0000] {processor.py:208} INFO - Processing /home/airflow/.local/lib/python3.12/site-packages/airflow/example_dags/example_bash_decorator.py took 0.565 seconds
[2024-12-07T17:43:30.078+0000] {processor.py:186} INFO - Started process (PID=11854) to work on /home/airflow/.local/lib/python3.12/site-packages/airflow/example_dags/example_bash_decorator.py
[2024-12-07T17:43:30.079+0000] {processor.py:914} INFO - Processing file /home/airflow/.local/lib/python3.12/site-packages/airflow/example_dags/example_bash_decorator.py for tasks to queue
[2024-12-07T17:43:30.083+0000] {logging_mixin.py:190} INFO - [2024-12-07T17:43:30.083+0000] {dagbag.py:588} INFO - Filling up the DagBag from /home/airflow/.local/lib/python3.12/site-packages/airflow/example_dags/example_bash_decorator.py
[2024-12-07T17:43:30.125+0000] {processor.py:925} INFO - DAG(s) 'example_bash_decorator' retrieved from /home/airflow/.local/lib/python3.12/site-packages/airflow/example_dags/example_bash_decorator.py
[2024-12-07T17:43:30.160+0000] {logging_mixin.py:190} INFO - [2024-12-07T17:43:30.160+0000] {dag.py:3239} INFO - Sync 1 DAGs
[2024-12-07T17:43:30.179+0000] {logging_mixin.py:190} INFO - [2024-12-07T17:43:30.178+0000] {dag.py:4180} INFO - Setting next_dagrun for example_bash_decorator to None, run_after=None
[2024-12-07T17:43:30.204+0000] {processor.py:208} INFO - Processing /home/airflow/.local/lib/python3.12/site-packages/airflow/example_dags/example_bash_decorator.py took 0.135 seconds
