[2024-12-07T17:22:56.641+0000] {processor.py:186} INFO - Started process (PID=418) to work on /home/airflow/.local/lib/python3.12/site-packages/airflow/example_dags/example_workday_timetable.py
[2024-12-07T17:22:56.644+0000] {processor.py:914} INFO - Processing file /home/airflow/.local/lib/python3.12/site-packages/airflow/example_dags/example_workday_timetable.py for tasks to queue
[2024-12-07T17:22:56.658+0000] {logging_mixin.py:190} INFO - [2024-12-07T17:22:56.657+0000] {dagbag.py:588} INFO - Filling up the DagBag from /home/airflow/.local/lib/python3.12/site-packages/airflow/example_dags/example_workday_timetable.py
[2024-12-07T17:22:56.680+0000] {processor.py:925} INFO - DAG(s) 'example_workday_timetable' retrieved from /home/airflow/.local/lib/python3.12/site-packages/airflow/example_dags/example_workday_timetable.py
[2024-12-07T17:22:56.999+0000] {logging_mixin.py:190} INFO - [2024-12-07T17:22:56.997+0000] {override.py:1911} INFO - Created Permission View: can delete on DAG:example_workday_timetable
[2024-12-07T17:22:57.018+0000] {logging_mixin.py:190} INFO - [2024-12-07T17:22:57.018+0000] {override.py:1911} INFO - Created Permission View: can read on DAG:example_workday_timetable
[2024-12-07T17:22:57.032+0000] {logging_mixin.py:190} INFO - [2024-12-07T17:22:57.032+0000] {override.py:1911} INFO - Created Permission View: can edit on DAG:example_workday_timetable
[2024-12-07T17:22:57.051+0000] {logging_mixin.py:190} INFO - [2024-12-07T17:22:57.050+0000] {override.py:1911} INFO - Created Permission View: menu access on DAG Run:example_workday_timetable
[2024-12-07T17:22:57.443+0000] {logging_mixin.py:190} INFO - [2024-12-07T17:22:57.442+0000] {override.py:1911} INFO - Created Permission View: can delete on DAG Run:example_workday_timetable
[2024-12-07T17:22:57.827+0000] {logging_mixin.py:190} INFO - [2024-12-07T17:22:57.827+0000] {override.py:1911} INFO - Created Permission View: can read on DAG Run:example_workday_timetable
[2024-12-07T17:22:58.091+0000] {logging_mixin.py:190} INFO - [2024-12-07T17:22:58.091+0000] {override.py:1911} INFO - Created Permission View: can create on DAG Run:example_workday_timetable
[2024-12-07T17:22:58.092+0000] {logging_mixin.py:190} INFO - [2024-12-07T17:22:58.092+0000] {dag.py:3239} INFO - Sync 1 DAGs
[2024-12-07T17:22:58.266+0000] {logging_mixin.py:190} INFO - [2024-12-07T17:22:58.265+0000] {dag.py:3262} INFO - Creating ORM DAG for example_workday_timetable
[2024-12-07T17:23:00.859+0000] {logging_mixin.py:190} INFO - [2024-12-07T17:23:00.858+0000] {dag.py:4180} INFO - Setting next_dagrun for example_workday_timetable to 2021-01-04 00:00:00+00:00, run_after=2021-01-05 00:00:00+00:00
[2024-12-07T17:23:00.969+0000] {processor.py:208} INFO - Processing /home/airflow/.local/lib/python3.12/site-packages/airflow/example_dags/example_workday_timetable.py took 4.351 seconds
[2024-12-07T17:23:32.348+0000] {processor.py:186} INFO - Started process (PID=704) to work on /home/airflow/.local/lib/python3.12/site-packages/airflow/example_dags/example_workday_timetable.py
[2024-12-07T17:23:32.350+0000] {processor.py:914} INFO - Processing file /home/airflow/.local/lib/python3.12/site-packages/airflow/example_dags/example_workday_timetable.py for tasks to queue
[2024-12-07T17:23:32.353+0000] {logging_mixin.py:190} INFO - [2024-12-07T17:23:32.353+0000] {dagbag.py:588} INFO - Filling up the DagBag from /home/airflow/.local/lib/python3.12/site-packages/airflow/example_dags/example_workday_timetable.py
[2024-12-07T17:23:32.360+0000] {processor.py:925} INFO - DAG(s) 'example_workday_timetable' retrieved from /home/airflow/.local/lib/python3.12/site-packages/airflow/example_dags/example_workday_timetable.py
[2024-12-07T17:23:32.888+0000] {logging_mixin.py:190} INFO - [2024-12-07T17:23:32.888+0000] {dag.py:3239} INFO - Sync 1 DAGs
[2024-12-07T17:23:32.989+0000] {logging_mixin.py:190} INFO - [2024-12-07T17:23:32.989+0000] {dag.py:4180} INFO - Setting next_dagrun for example_workday_timetable to 2021-01-04 00:00:00+00:00, run_after=2021-01-05 00:00:00+00:00
[2024-12-07T17:23:34.023+0000] {processor.py:208} INFO - Processing /home/airflow/.local/lib/python3.12/site-packages/airflow/example_dags/example_workday_timetable.py took 2.697 seconds
[2024-12-07T17:24:08.090+0000] {processor.py:186} INFO - Started process (PID=995) to work on /home/airflow/.local/lib/python3.12/site-packages/airflow/example_dags/example_workday_timetable.py
[2024-12-07T17:24:08.095+0000] {processor.py:914} INFO - Processing file /home/airflow/.local/lib/python3.12/site-packages/airflow/example_dags/example_workday_timetable.py for tasks to queue
[2024-12-07T17:24:08.099+0000] {logging_mixin.py:190} INFO - [2024-12-07T17:24:08.099+0000] {dagbag.py:588} INFO - Filling up the DagBag from /home/airflow/.local/lib/python3.12/site-packages/airflow/example_dags/example_workday_timetable.py
[2024-12-07T17:24:08.145+0000] {processor.py:925} INFO - DAG(s) 'example_workday_timetable' retrieved from /home/airflow/.local/lib/python3.12/site-packages/airflow/example_dags/example_workday_timetable.py
[2024-12-07T17:24:08.219+0000] {logging_mixin.py:190} INFO - [2024-12-07T17:24:08.218+0000] {dag.py:3239} INFO - Sync 1 DAGs
[2024-12-07T17:24:08.551+0000] {logging_mixin.py:190} INFO - [2024-12-07T17:24:08.550+0000] {dag.py:4180} INFO - Setting next_dagrun for example_workday_timetable to 2021-01-04 00:00:00+00:00, run_after=2021-01-05 00:00:00+00:00
[2024-12-07T17:24:08.624+0000] {processor.py:208} INFO - Processing /home/airflow/.local/lib/python3.12/site-packages/airflow/example_dags/example_workday_timetable.py took 0.575 seconds
[2024-12-07T17:24:39.774+0000] {processor.py:186} INFO - Started process (PID=1286) to work on /home/airflow/.local/lib/python3.12/site-packages/airflow/example_dags/example_workday_timetable.py
[2024-12-07T17:24:39.777+0000] {processor.py:914} INFO - Processing file /home/airflow/.local/lib/python3.12/site-packages/airflow/example_dags/example_workday_timetable.py for tasks to queue
[2024-12-07T17:24:39.792+0000] {logging_mixin.py:190} INFO - [2024-12-07T17:24:39.792+0000] {dagbag.py:588} INFO - Filling up the DagBag from /home/airflow/.local/lib/python3.12/site-packages/airflow/example_dags/example_workday_timetable.py
[2024-12-07T17:24:39.808+0000] {processor.py:925} INFO - DAG(s) 'example_workday_timetable' retrieved from /home/airflow/.local/lib/python3.12/site-packages/airflow/example_dags/example_workday_timetable.py
[2024-12-07T17:24:39.887+0000] {logging_mixin.py:190} INFO - [2024-12-07T17:24:39.886+0000] {dag.py:3239} INFO - Sync 1 DAGs
[2024-12-07T17:24:40.152+0000] {logging_mixin.py:190} INFO - [2024-12-07T17:24:40.152+0000] {dag.py:4180} INFO - Setting next_dagrun for example_workday_timetable to 2021-01-04 00:00:00+00:00, run_after=2021-01-05 00:00:00+00:00
[2024-12-07T17:24:40.332+0000] {processor.py:208} INFO - Processing /home/airflow/.local/lib/python3.12/site-packages/airflow/example_dags/example_workday_timetable.py took 0.574 seconds
[2024-12-07T17:25:11.769+0000] {processor.py:186} INFO - Started process (PID=1572) to work on /home/airflow/.local/lib/python3.12/site-packages/airflow/example_dags/example_workday_timetable.py
[2024-12-07T17:25:11.771+0000] {processor.py:914} INFO - Processing file /home/airflow/.local/lib/python3.12/site-packages/airflow/example_dags/example_workday_timetable.py for tasks to queue
[2024-12-07T17:25:11.775+0000] {logging_mixin.py:190} INFO - [2024-12-07T17:25:11.775+0000] {dagbag.py:588} INFO - Filling up the DagBag from /home/airflow/.local/lib/python3.12/site-packages/airflow/example_dags/example_workday_timetable.py
[2024-12-07T17:25:11.788+0000] {processor.py:925} INFO - DAG(s) 'example_workday_timetable' retrieved from /home/airflow/.local/lib/python3.12/site-packages/airflow/example_dags/example_workday_timetable.py
[2024-12-07T17:25:11.842+0000] {logging_mixin.py:190} INFO - [2024-12-07T17:25:11.841+0000] {dag.py:3239} INFO - Sync 1 DAGs
[2024-12-07T17:25:12.039+0000] {logging_mixin.py:190} INFO - [2024-12-07T17:25:12.038+0000] {dag.py:4180} INFO - Setting next_dagrun for example_workday_timetable to 2021-01-04 00:00:00+00:00, run_after=2021-01-05 00:00:00+00:00
[2024-12-07T17:25:12.081+0000] {processor.py:208} INFO - Processing /home/airflow/.local/lib/python3.12/site-packages/airflow/example_dags/example_workday_timetable.py took 0.324 seconds
[2024-12-07T17:25:42.736+0000] {processor.py:186} INFO - Started process (PID=1864) to work on /home/airflow/.local/lib/python3.12/site-packages/airflow/example_dags/example_workday_timetable.py
[2024-12-07T17:25:42.739+0000] {processor.py:914} INFO - Processing file /home/airflow/.local/lib/python3.12/site-packages/airflow/example_dags/example_workday_timetable.py for tasks to queue
[2024-12-07T17:25:42.747+0000] {logging_mixin.py:190} INFO - [2024-12-07T17:25:42.746+0000] {dagbag.py:588} INFO - Filling up the DagBag from /home/airflow/.local/lib/python3.12/site-packages/airflow/example_dags/example_workday_timetable.py
[2024-12-07T17:25:42.761+0000] {processor.py:925} INFO - DAG(s) 'example_workday_timetable' retrieved from /home/airflow/.local/lib/python3.12/site-packages/airflow/example_dags/example_workday_timetable.py
[2024-12-07T17:25:42.793+0000] {logging_mixin.py:190} INFO - [2024-12-07T17:25:42.793+0000] {dag.py:3239} INFO - Sync 1 DAGs
[2024-12-07T17:25:42.952+0000] {logging_mixin.py:190} INFO - [2024-12-07T17:25:42.951+0000] {dag.py:4180} INFO - Setting next_dagrun for example_workday_timetable to 2021-01-04 00:00:00+00:00, run_after=2021-01-05 00:00:00+00:00
[2024-12-07T17:25:43.003+0000] {processor.py:208} INFO - Processing /home/airflow/.local/lib/python3.12/site-packages/airflow/example_dags/example_workday_timetable.py took 0.283 seconds
[2024-12-07T17:26:13.269+0000] {processor.py:186} INFO - Started process (PID=2155) to work on /home/airflow/.local/lib/python3.12/site-packages/airflow/example_dags/example_workday_timetable.py
[2024-12-07T17:26:13.271+0000] {processor.py:914} INFO - Processing file /home/airflow/.local/lib/python3.12/site-packages/airflow/example_dags/example_workday_timetable.py for tasks to queue
[2024-12-07T17:26:13.275+0000] {logging_mixin.py:190} INFO - [2024-12-07T17:26:13.275+0000] {dagbag.py:588} INFO - Filling up the DagBag from /home/airflow/.local/lib/python3.12/site-packages/airflow/example_dags/example_workday_timetable.py
[2024-12-07T17:26:13.293+0000] {processor.py:925} INFO - DAG(s) 'example_workday_timetable' retrieved from /home/airflow/.local/lib/python3.12/site-packages/airflow/example_dags/example_workday_timetable.py
[2024-12-07T17:26:13.409+0000] {logging_mixin.py:190} INFO - [2024-12-07T17:26:13.409+0000] {dag.py:3239} INFO - Sync 1 DAGs
[2024-12-07T17:26:13.678+0000] {logging_mixin.py:190} INFO - [2024-12-07T17:26:13.677+0000] {dag.py:4180} INFO - Setting next_dagrun for example_workday_timetable to 2021-01-04 00:00:00+00:00, run_after=2021-01-05 00:00:00+00:00
[2024-12-07T17:26:13.715+0000] {processor.py:208} INFO - Processing /home/airflow/.local/lib/python3.12/site-packages/airflow/example_dags/example_workday_timetable.py took 0.460 seconds
[2024-12-07T17:26:44.318+0000] {processor.py:186} INFO - Started process (PID=2445) to work on /home/airflow/.local/lib/python3.12/site-packages/airflow/example_dags/example_workday_timetable.py
[2024-12-07T17:26:44.319+0000] {processor.py:914} INFO - Processing file /home/airflow/.local/lib/python3.12/site-packages/airflow/example_dags/example_workday_timetable.py for tasks to queue
[2024-12-07T17:26:44.323+0000] {logging_mixin.py:190} INFO - [2024-12-07T17:26:44.323+0000] {dagbag.py:588} INFO - Filling up the DagBag from /home/airflow/.local/lib/python3.12/site-packages/airflow/example_dags/example_workday_timetable.py
[2024-12-07T17:26:44.334+0000] {processor.py:925} INFO - DAG(s) 'example_workday_timetable' retrieved from /home/airflow/.local/lib/python3.12/site-packages/airflow/example_dags/example_workday_timetable.py
[2024-12-07T17:26:44.370+0000] {logging_mixin.py:190} INFO - [2024-12-07T17:26:44.369+0000] {dag.py:3239} INFO - Sync 1 DAGs
[2024-12-07T17:26:44.485+0000] {logging_mixin.py:190} INFO - [2024-12-07T17:26:44.485+0000] {dag.py:4180} INFO - Setting next_dagrun for example_workday_timetable to 2021-01-04 00:00:00+00:00, run_after=2021-01-05 00:00:00+00:00
[2024-12-07T17:26:44.516+0000] {processor.py:208} INFO - Processing /home/airflow/.local/lib/python3.12/site-packages/airflow/example_dags/example_workday_timetable.py took 0.209 seconds
[2024-12-07T17:27:15.086+0000] {processor.py:186} INFO - Started process (PID=2733) to work on /home/airflow/.local/lib/python3.12/site-packages/airflow/example_dags/example_workday_timetable.py
[2024-12-07T17:27:15.087+0000] {processor.py:914} INFO - Processing file /home/airflow/.local/lib/python3.12/site-packages/airflow/example_dags/example_workday_timetable.py for tasks to queue
[2024-12-07T17:27:15.090+0000] {logging_mixin.py:190} INFO - [2024-12-07T17:27:15.090+0000] {dagbag.py:588} INFO - Filling up the DagBag from /home/airflow/.local/lib/python3.12/site-packages/airflow/example_dags/example_workday_timetable.py
[2024-12-07T17:27:15.097+0000] {processor.py:925} INFO - DAG(s) 'example_workday_timetable' retrieved from /home/airflow/.local/lib/python3.12/site-packages/airflow/example_dags/example_workday_timetable.py
[2024-12-07T17:27:15.121+0000] {logging_mixin.py:190} INFO - [2024-12-07T17:27:15.120+0000] {dag.py:3239} INFO - Sync 1 DAGs
[2024-12-07T17:27:15.197+0000] {logging_mixin.py:190} INFO - [2024-12-07T17:27:15.196+0000] {dag.py:4180} INFO - Setting next_dagrun for example_workday_timetable to 2021-01-04 00:00:00+00:00, run_after=2021-01-05 00:00:00+00:00
[2024-12-07T17:27:15.231+0000] {processor.py:208} INFO - Processing /home/airflow/.local/lib/python3.12/site-packages/airflow/example_dags/example_workday_timetable.py took 0.153 seconds
[2024-12-07T17:27:45.465+0000] {processor.py:186} INFO - Started process (PID=3024) to work on /home/airflow/.local/lib/python3.12/site-packages/airflow/example_dags/example_workday_timetable.py
[2024-12-07T17:27:45.467+0000] {processor.py:914} INFO - Processing file /home/airflow/.local/lib/python3.12/site-packages/airflow/example_dags/example_workday_timetable.py for tasks to queue
[2024-12-07T17:27:45.470+0000] {logging_mixin.py:190} INFO - [2024-12-07T17:27:45.470+0000] {dagbag.py:588} INFO - Filling up the DagBag from /home/airflow/.local/lib/python3.12/site-packages/airflow/example_dags/example_workday_timetable.py
[2024-12-07T17:27:45.481+0000] {processor.py:925} INFO - DAG(s) 'example_workday_timetable' retrieved from /home/airflow/.local/lib/python3.12/site-packages/airflow/example_dags/example_workday_timetable.py
[2024-12-07T17:27:45.506+0000] {logging_mixin.py:190} INFO - [2024-12-07T17:27:45.506+0000] {dag.py:3239} INFO - Sync 1 DAGs
[2024-12-07T17:27:45.643+0000] {logging_mixin.py:190} INFO - [2024-12-07T17:27:45.643+0000] {dag.py:4180} INFO - Setting next_dagrun for example_workday_timetable to 2021-01-04 00:00:00+00:00, run_after=2021-01-05 00:00:00+00:00
[2024-12-07T17:27:45.670+0000] {processor.py:208} INFO - Processing /home/airflow/.local/lib/python3.12/site-packages/airflow/example_dags/example_workday_timetable.py took 0.216 seconds
[2024-12-07T17:28:20.782+0000] {processor.py:186} INFO - Started process (PID=3325) to work on /home/airflow/.local/lib/python3.12/site-packages/airflow/example_dags/example_workday_timetable.py
[2024-12-07T17:28:20.786+0000] {processor.py:914} INFO - Processing file /home/airflow/.local/lib/python3.12/site-packages/airflow/example_dags/example_workday_timetable.py for tasks to queue
[2024-12-07T17:28:20.792+0000] {logging_mixin.py:190} INFO - [2024-12-07T17:28:20.790+0000] {dagbag.py:588} INFO - Filling up the DagBag from /home/airflow/.local/lib/python3.12/site-packages/airflow/example_dags/example_workday_timetable.py
[2024-12-07T17:28:20.807+0000] {processor.py:925} INFO - DAG(s) 'example_workday_timetable' retrieved from /home/airflow/.local/lib/python3.12/site-packages/airflow/example_dags/example_workday_timetable.py
[2024-12-07T17:28:20.893+0000] {logging_mixin.py:190} INFO - [2024-12-07T17:28:20.893+0000] {dag.py:3239} INFO - Sync 1 DAGs
[2024-12-07T17:28:21.215+0000] {logging_mixin.py:190} INFO - [2024-12-07T17:28:21.215+0000] {dag.py:4180} INFO - Setting next_dagrun for example_workday_timetable to 2021-01-04 00:00:00+00:00, run_after=2021-01-05 00:00:00+00:00
[2024-12-07T17:28:21.313+0000] {processor.py:208} INFO - Processing /home/airflow/.local/lib/python3.12/site-packages/airflow/example_dags/example_workday_timetable.py took 0.552 seconds
[2024-12-07T17:28:55.162+0000] {processor.py:186} INFO - Started process (PID=3625) to work on /home/airflow/.local/lib/python3.12/site-packages/airflow/example_dags/example_workday_timetable.py
[2024-12-07T17:28:55.165+0000] {processor.py:914} INFO - Processing file /home/airflow/.local/lib/python3.12/site-packages/airflow/example_dags/example_workday_timetable.py for tasks to queue
[2024-12-07T17:28:55.173+0000] {logging_mixin.py:190} INFO - [2024-12-07T17:28:55.172+0000] {dagbag.py:588} INFO - Filling up the DagBag from /home/airflow/.local/lib/python3.12/site-packages/airflow/example_dags/example_workday_timetable.py
[2024-12-07T17:28:55.186+0000] {processor.py:925} INFO - DAG(s) 'example_workday_timetable' retrieved from /home/airflow/.local/lib/python3.12/site-packages/airflow/example_dags/example_workday_timetable.py
[2024-12-07T17:28:55.305+0000] {logging_mixin.py:190} INFO - [2024-12-07T17:28:55.304+0000] {dag.py:3239} INFO - Sync 1 DAGs
[2024-12-07T17:28:55.625+0000] {logging_mixin.py:190} INFO - [2024-12-07T17:28:55.625+0000] {dag.py:4180} INFO - Setting next_dagrun for example_workday_timetable to 2021-01-04 00:00:00+00:00, run_after=2021-01-05 00:00:00+00:00
[2024-12-07T17:28:55.683+0000] {processor.py:208} INFO - Processing /home/airflow/.local/lib/python3.12/site-packages/airflow/example_dags/example_workday_timetable.py took 0.533 seconds
[2024-12-07T17:29:26.669+0000] {processor.py:186} INFO - Started process (PID=3928) to work on /home/airflow/.local/lib/python3.12/site-packages/airflow/example_dags/example_workday_timetable.py
[2024-12-07T17:29:26.670+0000] {processor.py:914} INFO - Processing file /home/airflow/.local/lib/python3.12/site-packages/airflow/example_dags/example_workday_timetable.py for tasks to queue
[2024-12-07T17:29:26.673+0000] {logging_mixin.py:190} INFO - [2024-12-07T17:29:26.672+0000] {dagbag.py:588} INFO - Filling up the DagBag from /home/airflow/.local/lib/python3.12/site-packages/airflow/example_dags/example_workday_timetable.py
[2024-12-07T17:29:26.685+0000] {processor.py:925} INFO - DAG(s) 'example_workday_timetable' retrieved from /home/airflow/.local/lib/python3.12/site-packages/airflow/example_dags/example_workday_timetable.py
[2024-12-07T17:29:26.718+0000] {logging_mixin.py:190} INFO - [2024-12-07T17:29:26.718+0000] {dag.py:3239} INFO - Sync 1 DAGs
[2024-12-07T17:29:26.854+0000] {logging_mixin.py:190} INFO - [2024-12-07T17:29:26.854+0000] {dag.py:4180} INFO - Setting next_dagrun for example_workday_timetable to 2021-01-04 00:00:00+00:00, run_after=2021-01-05 00:00:00+00:00
[2024-12-07T17:29:26.895+0000] {processor.py:208} INFO - Processing /home/airflow/.local/lib/python3.12/site-packages/airflow/example_dags/example_workday_timetable.py took 0.239 seconds
[2024-12-07T17:29:57.077+0000] {processor.py:186} INFO - Started process (PID=4219) to work on /home/airflow/.local/lib/python3.12/site-packages/airflow/example_dags/example_workday_timetable.py
[2024-12-07T17:29:57.078+0000] {processor.py:914} INFO - Processing file /home/airflow/.local/lib/python3.12/site-packages/airflow/example_dags/example_workday_timetable.py for tasks to queue
[2024-12-07T17:29:57.082+0000] {logging_mixin.py:190} INFO - [2024-12-07T17:29:57.081+0000] {dagbag.py:588} INFO - Filling up the DagBag from /home/airflow/.local/lib/python3.12/site-packages/airflow/example_dags/example_workday_timetable.py
[2024-12-07T17:29:57.089+0000] {processor.py:925} INFO - DAG(s) 'example_workday_timetable' retrieved from /home/airflow/.local/lib/python3.12/site-packages/airflow/example_dags/example_workday_timetable.py
[2024-12-07T17:29:57.112+0000] {logging_mixin.py:190} INFO - [2024-12-07T17:29:57.111+0000] {dag.py:3239} INFO - Sync 1 DAGs
[2024-12-07T17:29:57.205+0000] {logging_mixin.py:190} INFO - [2024-12-07T17:29:57.204+0000] {dag.py:4180} INFO - Setting next_dagrun for example_workday_timetable to 2021-01-04 00:00:00+00:00, run_after=2021-01-05 00:00:00+00:00
[2024-12-07T17:29:57.231+0000] {processor.py:208} INFO - Processing /home/airflow/.local/lib/python3.12/site-packages/airflow/example_dags/example_workday_timetable.py took 0.164 seconds
[2024-12-07T17:30:27.755+0000] {processor.py:186} INFO - Started process (PID=4505) to work on /home/airflow/.local/lib/python3.12/site-packages/airflow/example_dags/example_workday_timetable.py
[2024-12-07T17:30:27.756+0000] {processor.py:914} INFO - Processing file /home/airflow/.local/lib/python3.12/site-packages/airflow/example_dags/example_workday_timetable.py for tasks to queue
[2024-12-07T17:30:27.770+0000] {logging_mixin.py:190} INFO - [2024-12-07T17:30:27.769+0000] {dagbag.py:588} INFO - Filling up the DagBag from /home/airflow/.local/lib/python3.12/site-packages/airflow/example_dags/example_workday_timetable.py
[2024-12-07T17:30:27.806+0000] {processor.py:925} INFO - DAG(s) 'example_workday_timetable' retrieved from /home/airflow/.local/lib/python3.12/site-packages/airflow/example_dags/example_workday_timetable.py
[2024-12-07T17:30:27.860+0000] {logging_mixin.py:190} INFO - [2024-12-07T17:30:27.859+0000] {dag.py:3239} INFO - Sync 1 DAGs
[2024-12-07T17:30:28.062+0000] {logging_mixin.py:190} INFO - [2024-12-07T17:30:28.061+0000] {dag.py:4180} INFO - Setting next_dagrun for example_workday_timetable to 2021-01-04 00:00:00+00:00, run_after=2021-01-05 00:00:00+00:00
[2024-12-07T17:30:28.094+0000] {processor.py:208} INFO - Processing /home/airflow/.local/lib/python3.12/site-packages/airflow/example_dags/example_workday_timetable.py took 0.350 seconds
[2024-12-07T17:30:58.230+0000] {processor.py:186} INFO - Started process (PID=4795) to work on /home/airflow/.local/lib/python3.12/site-packages/airflow/example_dags/example_workday_timetable.py
[2024-12-07T17:30:58.232+0000] {processor.py:914} INFO - Processing file /home/airflow/.local/lib/python3.12/site-packages/airflow/example_dags/example_workday_timetable.py for tasks to queue
[2024-12-07T17:30:58.236+0000] {logging_mixin.py:190} INFO - [2024-12-07T17:30:58.235+0000] {dagbag.py:588} INFO - Filling up the DagBag from /home/airflow/.local/lib/python3.12/site-packages/airflow/example_dags/example_workday_timetable.py
[2024-12-07T17:30:58.247+0000] {processor.py:925} INFO - DAG(s) 'example_workday_timetable' retrieved from /home/airflow/.local/lib/python3.12/site-packages/airflow/example_dags/example_workday_timetable.py
[2024-12-07T17:30:58.281+0000] {logging_mixin.py:190} INFO - [2024-12-07T17:30:58.280+0000] {dag.py:3239} INFO - Sync 1 DAGs
[2024-12-07T17:30:58.375+0000] {logging_mixin.py:190} INFO - [2024-12-07T17:30:58.375+0000] {dag.py:4180} INFO - Setting next_dagrun for example_workday_timetable to 2021-01-04 00:00:00+00:00, run_after=2021-01-05 00:00:00+00:00
[2024-12-07T17:30:58.402+0000] {processor.py:208} INFO - Processing /home/airflow/.local/lib/python3.12/site-packages/airflow/example_dags/example_workday_timetable.py took 0.182 seconds
[2024-12-07T17:31:29.172+0000] {processor.py:186} INFO - Started process (PID=5098) to work on /home/airflow/.local/lib/python3.12/site-packages/airflow/example_dags/example_workday_timetable.py
[2024-12-07T17:31:29.173+0000] {processor.py:914} INFO - Processing file /home/airflow/.local/lib/python3.12/site-packages/airflow/example_dags/example_workday_timetable.py for tasks to queue
[2024-12-07T17:31:29.177+0000] {logging_mixin.py:190} INFO - [2024-12-07T17:31:29.176+0000] {dagbag.py:588} INFO - Filling up the DagBag from /home/airflow/.local/lib/python3.12/site-packages/airflow/example_dags/example_workday_timetable.py
[2024-12-07T17:31:29.183+0000] {processor.py:925} INFO - DAG(s) 'example_workday_timetable' retrieved from /home/airflow/.local/lib/python3.12/site-packages/airflow/example_dags/example_workday_timetable.py
[2024-12-07T17:31:29.205+0000] {logging_mixin.py:190} INFO - [2024-12-07T17:31:29.204+0000] {dag.py:3239} INFO - Sync 1 DAGs
[2024-12-07T17:31:29.281+0000] {logging_mixin.py:190} INFO - [2024-12-07T17:31:29.281+0000] {dag.py:4180} INFO - Setting next_dagrun for example_workday_timetable to 2021-01-04 00:00:00+00:00, run_after=2021-01-05 00:00:00+00:00
[2024-12-07T17:31:29.304+0000] {processor.py:208} INFO - Processing /home/airflow/.local/lib/python3.12/site-packages/airflow/example_dags/example_workday_timetable.py took 0.139 seconds
[2024-12-07T17:31:59.715+0000] {processor.py:186} INFO - Started process (PID=5387) to work on /home/airflow/.local/lib/python3.12/site-packages/airflow/example_dags/example_workday_timetable.py
[2024-12-07T17:31:59.717+0000] {processor.py:914} INFO - Processing file /home/airflow/.local/lib/python3.12/site-packages/airflow/example_dags/example_workday_timetable.py for tasks to queue
[2024-12-07T17:31:59.721+0000] {logging_mixin.py:190} INFO - [2024-12-07T17:31:59.720+0000] {dagbag.py:588} INFO - Filling up the DagBag from /home/airflow/.local/lib/python3.12/site-packages/airflow/example_dags/example_workday_timetable.py
[2024-12-07T17:31:59.732+0000] {processor.py:925} INFO - DAG(s) 'example_workday_timetable' retrieved from /home/airflow/.local/lib/python3.12/site-packages/airflow/example_dags/example_workday_timetable.py
[2024-12-07T17:31:59.758+0000] {logging_mixin.py:190} INFO - [2024-12-07T17:31:59.758+0000] {dag.py:3239} INFO - Sync 1 DAGs
[2024-12-07T17:31:59.862+0000] {logging_mixin.py:190} INFO - [2024-12-07T17:31:59.862+0000] {dag.py:4180} INFO - Setting next_dagrun for example_workday_timetable to 2021-01-04 00:00:00+00:00, run_after=2021-01-05 00:00:00+00:00
[2024-12-07T17:31:59.890+0000] {processor.py:208} INFO - Processing /home/airflow/.local/lib/python3.12/site-packages/airflow/example_dags/example_workday_timetable.py took 0.186 seconds
[2024-12-07T17:32:30.264+0000] {processor.py:186} INFO - Started process (PID=5677) to work on /home/airflow/.local/lib/python3.12/site-packages/airflow/example_dags/example_workday_timetable.py
[2024-12-07T17:32:30.266+0000] {processor.py:914} INFO - Processing file /home/airflow/.local/lib/python3.12/site-packages/airflow/example_dags/example_workday_timetable.py for tasks to queue
[2024-12-07T17:32:30.269+0000] {logging_mixin.py:190} INFO - [2024-12-07T17:32:30.269+0000] {dagbag.py:588} INFO - Filling up the DagBag from /home/airflow/.local/lib/python3.12/site-packages/airflow/example_dags/example_workday_timetable.py
[2024-12-07T17:32:30.277+0000] {processor.py:925} INFO - DAG(s) 'example_workday_timetable' retrieved from /home/airflow/.local/lib/python3.12/site-packages/airflow/example_dags/example_workday_timetable.py
[2024-12-07T17:32:30.305+0000] {logging_mixin.py:190} INFO - [2024-12-07T17:32:30.304+0000] {dag.py:3239} INFO - Sync 1 DAGs
[2024-12-07T17:32:30.423+0000] {logging_mixin.py:190} INFO - [2024-12-07T17:32:30.423+0000] {dag.py:4180} INFO - Setting next_dagrun for example_workday_timetable to 2021-01-04 00:00:00+00:00, run_after=2021-01-05 00:00:00+00:00
[2024-12-07T17:32:30.454+0000] {processor.py:208} INFO - Processing /home/airflow/.local/lib/python3.12/site-packages/airflow/example_dags/example_workday_timetable.py took 0.202 seconds
[2024-12-07T17:33:00.643+0000] {processor.py:186} INFO - Started process (PID=5967) to work on /home/airflow/.local/lib/python3.12/site-packages/airflow/example_dags/example_workday_timetable.py
[2024-12-07T17:33:00.644+0000] {processor.py:914} INFO - Processing file /home/airflow/.local/lib/python3.12/site-packages/airflow/example_dags/example_workday_timetable.py for tasks to queue
[2024-12-07T17:33:00.648+0000] {logging_mixin.py:190} INFO - [2024-12-07T17:33:00.647+0000] {dagbag.py:588} INFO - Filling up the DagBag from /home/airflow/.local/lib/python3.12/site-packages/airflow/example_dags/example_workday_timetable.py
[2024-12-07T17:33:00.660+0000] {processor.py:925} INFO - DAG(s) 'example_workday_timetable' retrieved from /home/airflow/.local/lib/python3.12/site-packages/airflow/example_dags/example_workday_timetable.py
[2024-12-07T17:33:00.697+0000] {logging_mixin.py:190} INFO - [2024-12-07T17:33:00.696+0000] {dag.py:3239} INFO - Sync 1 DAGs
[2024-12-07T17:33:00.966+0000] {logging_mixin.py:190} INFO - [2024-12-07T17:33:00.965+0000] {dag.py:4180} INFO - Setting next_dagrun for example_workday_timetable to 2021-01-04 00:00:00+00:00, run_after=2021-01-05 00:00:00+00:00
[2024-12-07T17:33:01.005+0000] {processor.py:208} INFO - Processing /home/airflow/.local/lib/python3.12/site-packages/airflow/example_dags/example_workday_timetable.py took 0.372 seconds
[2024-12-07T17:33:32.057+0000] {processor.py:186} INFO - Started process (PID=6258) to work on /home/airflow/.local/lib/python3.12/site-packages/airflow/example_dags/example_workday_timetable.py
[2024-12-07T17:33:32.059+0000] {processor.py:914} INFO - Processing file /home/airflow/.local/lib/python3.12/site-packages/airflow/example_dags/example_workday_timetable.py for tasks to queue
[2024-12-07T17:33:32.064+0000] {logging_mixin.py:190} INFO - [2024-12-07T17:33:32.063+0000] {dagbag.py:588} INFO - Filling up the DagBag from /home/airflow/.local/lib/python3.12/site-packages/airflow/example_dags/example_workday_timetable.py
[2024-12-07T17:33:32.073+0000] {processor.py:925} INFO - DAG(s) 'example_workday_timetable' retrieved from /home/airflow/.local/lib/python3.12/site-packages/airflow/example_dags/example_workday_timetable.py
[2024-12-07T17:33:32.104+0000] {logging_mixin.py:190} INFO - [2024-12-07T17:33:32.103+0000] {dag.py:3239} INFO - Sync 1 DAGs
[2024-12-07T17:33:32.208+0000] {logging_mixin.py:190} INFO - [2024-12-07T17:33:32.208+0000] {dag.py:4180} INFO - Setting next_dagrun for example_workday_timetable to 2021-01-04 00:00:00+00:00, run_after=2021-01-05 00:00:00+00:00
[2024-12-07T17:33:32.239+0000] {processor.py:208} INFO - Processing /home/airflow/.local/lib/python3.12/site-packages/airflow/example_dags/example_workday_timetable.py took 0.190 seconds
[2024-12-07T17:34:02.982+0000] {processor.py:186} INFO - Started process (PID=6546) to work on /home/airflow/.local/lib/python3.12/site-packages/airflow/example_dags/example_workday_timetable.py
[2024-12-07T17:34:02.984+0000] {processor.py:914} INFO - Processing file /home/airflow/.local/lib/python3.12/site-packages/airflow/example_dags/example_workday_timetable.py for tasks to queue
[2024-12-07T17:34:02.987+0000] {logging_mixin.py:190} INFO - [2024-12-07T17:34:02.987+0000] {dagbag.py:588} INFO - Filling up the DagBag from /home/airflow/.local/lib/python3.12/site-packages/airflow/example_dags/example_workday_timetable.py
[2024-12-07T17:34:02.997+0000] {processor.py:925} INFO - DAG(s) 'example_workday_timetable' retrieved from /home/airflow/.local/lib/python3.12/site-packages/airflow/example_dags/example_workday_timetable.py
[2024-12-07T17:34:03.026+0000] {logging_mixin.py:190} INFO - [2024-12-07T17:34:03.025+0000] {dag.py:3239} INFO - Sync 1 DAGs
[2024-12-07T17:34:03.124+0000] {logging_mixin.py:190} INFO - [2024-12-07T17:34:03.124+0000] {dag.py:4180} INFO - Setting next_dagrun for example_workday_timetable to 2021-01-04 00:00:00+00:00, run_after=2021-01-05 00:00:00+00:00
[2024-12-07T17:34:03.166+0000] {processor.py:208} INFO - Processing /home/airflow/.local/lib/python3.12/site-packages/airflow/example_dags/example_workday_timetable.py took 0.193 seconds
[2024-12-07T17:34:33.451+0000] {processor.py:186} INFO - Started process (PID=6837) to work on /home/airflow/.local/lib/python3.12/site-packages/airflow/example_dags/example_workday_timetable.py
[2024-12-07T17:34:33.453+0000] {processor.py:914} INFO - Processing file /home/airflow/.local/lib/python3.12/site-packages/airflow/example_dags/example_workday_timetable.py for tasks to queue
[2024-12-07T17:34:33.457+0000] {logging_mixin.py:190} INFO - [2024-12-07T17:34:33.457+0000] {dagbag.py:588} INFO - Filling up the DagBag from /home/airflow/.local/lib/python3.12/site-packages/airflow/example_dags/example_workday_timetable.py
[2024-12-07T17:34:33.465+0000] {processor.py:925} INFO - DAG(s) 'example_workday_timetable' retrieved from /home/airflow/.local/lib/python3.12/site-packages/airflow/example_dags/example_workday_timetable.py
[2024-12-07T17:34:33.492+0000] {logging_mixin.py:190} INFO - [2024-12-07T17:34:33.492+0000] {dag.py:3239} INFO - Sync 1 DAGs
[2024-12-07T17:34:33.587+0000] {logging_mixin.py:190} INFO - [2024-12-07T17:34:33.587+0000] {dag.py:4180} INFO - Setting next_dagrun for example_workday_timetable to 2021-01-04 00:00:00+00:00, run_after=2021-01-05 00:00:00+00:00
[2024-12-07T17:34:33.625+0000] {processor.py:208} INFO - Processing /home/airflow/.local/lib/python3.12/site-packages/airflow/example_dags/example_workday_timetable.py took 0.182 seconds
[2024-12-07T17:35:04.201+0000] {processor.py:186} INFO - Started process (PID=7126) to work on /home/airflow/.local/lib/python3.12/site-packages/airflow/example_dags/example_workday_timetable.py
[2024-12-07T17:35:04.202+0000] {processor.py:914} INFO - Processing file /home/airflow/.local/lib/python3.12/site-packages/airflow/example_dags/example_workday_timetable.py for tasks to queue
[2024-12-07T17:35:04.208+0000] {logging_mixin.py:190} INFO - [2024-12-07T17:35:04.207+0000] {dagbag.py:588} INFO - Filling up the DagBag from /home/airflow/.local/lib/python3.12/site-packages/airflow/example_dags/example_workday_timetable.py
[2024-12-07T17:35:04.218+0000] {processor.py:925} INFO - DAG(s) 'example_workday_timetable' retrieved from /home/airflow/.local/lib/python3.12/site-packages/airflow/example_dags/example_workday_timetable.py
[2024-12-07T17:35:04.247+0000] {logging_mixin.py:190} INFO - [2024-12-07T17:35:04.247+0000] {dag.py:3239} INFO - Sync 1 DAGs
[2024-12-07T17:35:04.377+0000] {logging_mixin.py:190} INFO - [2024-12-07T17:35:04.376+0000] {dag.py:4180} INFO - Setting next_dagrun for example_workday_timetable to 2021-01-04 00:00:00+00:00, run_after=2021-01-05 00:00:00+00:00
[2024-12-07T17:35:04.417+0000] {processor.py:208} INFO - Processing /home/airflow/.local/lib/python3.12/site-packages/airflow/example_dags/example_workday_timetable.py took 0.226 seconds
[2024-12-07T17:35:35.440+0000] {processor.py:186} INFO - Started process (PID=7414) to work on /home/airflow/.local/lib/python3.12/site-packages/airflow/example_dags/example_workday_timetable.py
[2024-12-07T17:35:35.441+0000] {processor.py:914} INFO - Processing file /home/airflow/.local/lib/python3.12/site-packages/airflow/example_dags/example_workday_timetable.py for tasks to queue
[2024-12-07T17:35:35.444+0000] {logging_mixin.py:190} INFO - [2024-12-07T17:35:35.443+0000] {dagbag.py:588} INFO - Filling up the DagBag from /home/airflow/.local/lib/python3.12/site-packages/airflow/example_dags/example_workday_timetable.py
[2024-12-07T17:35:35.451+0000] {processor.py:925} INFO - DAG(s) 'example_workday_timetable' retrieved from /home/airflow/.local/lib/python3.12/site-packages/airflow/example_dags/example_workday_timetable.py
[2024-12-07T17:35:35.479+0000] {logging_mixin.py:190} INFO - [2024-12-07T17:35:35.478+0000] {dag.py:3239} INFO - Sync 1 DAGs
[2024-12-07T17:35:35.572+0000] {logging_mixin.py:190} INFO - [2024-12-07T17:35:35.571+0000] {dag.py:4180} INFO - Setting next_dagrun for example_workday_timetable to 2021-01-04 00:00:00+00:00, run_after=2021-01-05 00:00:00+00:00
[2024-12-07T17:35:35.612+0000] {processor.py:208} INFO - Processing /home/airflow/.local/lib/python3.12/site-packages/airflow/example_dags/example_workday_timetable.py took 0.182 seconds
[2024-12-07T17:36:06.165+0000] {processor.py:186} INFO - Started process (PID=7705) to work on /home/airflow/.local/lib/python3.12/site-packages/airflow/example_dags/example_workday_timetable.py
[2024-12-07T17:36:06.167+0000] {processor.py:914} INFO - Processing file /home/airflow/.local/lib/python3.12/site-packages/airflow/example_dags/example_workday_timetable.py for tasks to queue
[2024-12-07T17:36:06.172+0000] {logging_mixin.py:190} INFO - [2024-12-07T17:36:06.172+0000] {dagbag.py:588} INFO - Filling up the DagBag from /home/airflow/.local/lib/python3.12/site-packages/airflow/example_dags/example_workday_timetable.py
[2024-12-07T17:36:06.186+0000] {processor.py:925} INFO - DAG(s) 'example_workday_timetable' retrieved from /home/airflow/.local/lib/python3.12/site-packages/airflow/example_dags/example_workday_timetable.py
[2024-12-07T17:36:06.220+0000] {logging_mixin.py:190} INFO - [2024-12-07T17:36:06.220+0000] {dag.py:3239} INFO - Sync 1 DAGs
[2024-12-07T17:36:06.345+0000] {logging_mixin.py:190} INFO - [2024-12-07T17:36:06.345+0000] {dag.py:4180} INFO - Setting next_dagrun for example_workday_timetable to 2021-01-04 00:00:00+00:00, run_after=2021-01-05 00:00:00+00:00
[2024-12-07T17:36:06.396+0000] {processor.py:208} INFO - Processing /home/airflow/.local/lib/python3.12/site-packages/airflow/example_dags/example_workday_timetable.py took 0.243 seconds
[2024-12-07T17:36:40.555+0000] {processor.py:186} INFO - Started process (PID=8000) to work on /home/airflow/.local/lib/python3.12/site-packages/airflow/example_dags/example_workday_timetable.py
[2024-12-07T17:36:40.568+0000] {processor.py:914} INFO - Processing file /home/airflow/.local/lib/python3.12/site-packages/airflow/example_dags/example_workday_timetable.py for tasks to queue
[2024-12-07T17:36:40.573+0000] {logging_mixin.py:190} INFO - [2024-12-07T17:36:40.572+0000] {dagbag.py:588} INFO - Filling up the DagBag from /home/airflow/.local/lib/python3.12/site-packages/airflow/example_dags/example_workday_timetable.py
[2024-12-07T17:36:40.607+0000] {processor.py:925} INFO - DAG(s) 'example_workday_timetable' retrieved from /home/airflow/.local/lib/python3.12/site-packages/airflow/example_dags/example_workday_timetable.py
[2024-12-07T17:36:40.711+0000] {logging_mixin.py:190} INFO - [2024-12-07T17:36:40.710+0000] {dag.py:3239} INFO - Sync 1 DAGs
[2024-12-07T17:36:41.212+0000] {logging_mixin.py:190} INFO - [2024-12-07T17:36:41.211+0000] {dag.py:4180} INFO - Setting next_dagrun for example_workday_timetable to 2021-01-04 00:00:00+00:00, run_after=2021-01-05 00:00:00+00:00
[2024-12-07T17:36:41.325+0000] {processor.py:208} INFO - Processing /home/airflow/.local/lib/python3.12/site-packages/airflow/example_dags/example_workday_timetable.py took 0.804 seconds
[2024-12-07T17:37:12.086+0000] {processor.py:186} INFO - Started process (PID=8289) to work on /home/airflow/.local/lib/python3.12/site-packages/airflow/example_dags/example_workday_timetable.py
[2024-12-07T17:37:12.089+0000] {processor.py:914} INFO - Processing file /home/airflow/.local/lib/python3.12/site-packages/airflow/example_dags/example_workday_timetable.py for tasks to queue
[2024-12-07T17:37:12.093+0000] {logging_mixin.py:190} INFO - [2024-12-07T17:37:12.093+0000] {dagbag.py:588} INFO - Filling up the DagBag from /home/airflow/.local/lib/python3.12/site-packages/airflow/example_dags/example_workday_timetable.py
[2024-12-07T17:37:12.106+0000] {processor.py:925} INFO - DAG(s) 'example_workday_timetable' retrieved from /home/airflow/.local/lib/python3.12/site-packages/airflow/example_dags/example_workday_timetable.py
[2024-12-07T17:37:12.143+0000] {logging_mixin.py:190} INFO - [2024-12-07T17:37:12.143+0000] {dag.py:3239} INFO - Sync 1 DAGs
[2024-12-07T17:37:12.289+0000] {logging_mixin.py:190} INFO - [2024-12-07T17:37:12.288+0000] {dag.py:4180} INFO - Setting next_dagrun for example_workday_timetable to 2021-01-04 00:00:00+00:00, run_after=2021-01-05 00:00:00+00:00
[2024-12-07T17:37:12.348+0000] {processor.py:208} INFO - Processing /home/airflow/.local/lib/python3.12/site-packages/airflow/example_dags/example_workday_timetable.py took 0.274 seconds
[2024-12-07T17:37:42.508+0000] {processor.py:186} INFO - Started process (PID=8580) to work on /home/airflow/.local/lib/python3.12/site-packages/airflow/example_dags/example_workday_timetable.py
[2024-12-07T17:37:42.509+0000] {processor.py:914} INFO - Processing file /home/airflow/.local/lib/python3.12/site-packages/airflow/example_dags/example_workday_timetable.py for tasks to queue
[2024-12-07T17:37:42.513+0000] {logging_mixin.py:190} INFO - [2024-12-07T17:37:42.512+0000] {dagbag.py:588} INFO - Filling up the DagBag from /home/airflow/.local/lib/python3.12/site-packages/airflow/example_dags/example_workday_timetable.py
[2024-12-07T17:37:42.522+0000] {processor.py:925} INFO - DAG(s) 'example_workday_timetable' retrieved from /home/airflow/.local/lib/python3.12/site-packages/airflow/example_dags/example_workday_timetable.py
[2024-12-07T17:37:42.554+0000] {logging_mixin.py:190} INFO - [2024-12-07T17:37:42.553+0000] {dag.py:3239} INFO - Sync 1 DAGs
[2024-12-07T17:37:42.667+0000] {logging_mixin.py:190} INFO - [2024-12-07T17:37:42.666+0000] {dag.py:4180} INFO - Setting next_dagrun for example_workday_timetable to 2021-01-04 00:00:00+00:00, run_after=2021-01-05 00:00:00+00:00
[2024-12-07T17:37:42.692+0000] {processor.py:208} INFO - Processing /home/airflow/.local/lib/python3.12/site-packages/airflow/example_dags/example_workday_timetable.py took 0.196 seconds
[2024-12-07T17:38:14.304+0000] {processor.py:186} INFO - Started process (PID=8869) to work on /home/airflow/.local/lib/python3.12/site-packages/airflow/example_dags/example_workday_timetable.py
[2024-12-07T17:38:14.305+0000] {processor.py:914} INFO - Processing file /home/airflow/.local/lib/python3.12/site-packages/airflow/example_dags/example_workday_timetable.py for tasks to queue
[2024-12-07T17:38:14.316+0000] {logging_mixin.py:190} INFO - [2024-12-07T17:38:14.315+0000] {dagbag.py:588} INFO - Filling up the DagBag from /home/airflow/.local/lib/python3.12/site-packages/airflow/example_dags/example_workday_timetable.py
[2024-12-07T17:38:14.352+0000] {processor.py:925} INFO - DAG(s) 'example_workday_timetable' retrieved from /home/airflow/.local/lib/python3.12/site-packages/airflow/example_dags/example_workday_timetable.py
[2024-12-07T17:38:14.415+0000] {logging_mixin.py:190} INFO - [2024-12-07T17:38:14.415+0000] {dag.py:3239} INFO - Sync 1 DAGs
[2024-12-07T17:38:14.618+0000] {logging_mixin.py:190} INFO - [2024-12-07T17:38:14.618+0000] {dag.py:4180} INFO - Setting next_dagrun for example_workday_timetable to 2021-01-04 00:00:00+00:00, run_after=2021-01-05 00:00:00+00:00
[2024-12-07T17:38:14.698+0000] {processor.py:208} INFO - Processing /home/airflow/.local/lib/python3.12/site-packages/airflow/example_dags/example_workday_timetable.py took 0.413 seconds
[2024-12-07T17:38:45.504+0000] {processor.py:186} INFO - Started process (PID=9160) to work on /home/airflow/.local/lib/python3.12/site-packages/airflow/example_dags/example_workday_timetable.py
[2024-12-07T17:38:45.505+0000] {processor.py:914} INFO - Processing file /home/airflow/.local/lib/python3.12/site-packages/airflow/example_dags/example_workday_timetable.py for tasks to queue
[2024-12-07T17:38:45.510+0000] {logging_mixin.py:190} INFO - [2024-12-07T17:38:45.509+0000] {dagbag.py:588} INFO - Filling up the DagBag from /home/airflow/.local/lib/python3.12/site-packages/airflow/example_dags/example_workday_timetable.py
[2024-12-07T17:38:45.520+0000] {processor.py:925} INFO - DAG(s) 'example_workday_timetable' retrieved from /home/airflow/.local/lib/python3.12/site-packages/airflow/example_dags/example_workday_timetable.py
[2024-12-07T17:38:45.552+0000] {logging_mixin.py:190} INFO - [2024-12-07T17:38:45.552+0000] {dag.py:3239} INFO - Sync 1 DAGs
[2024-12-07T17:38:45.760+0000] {logging_mixin.py:190} INFO - [2024-12-07T17:38:45.759+0000] {dag.py:4180} INFO - Setting next_dagrun for example_workday_timetable to 2021-01-04 00:00:00+00:00, run_after=2021-01-05 00:00:00+00:00
[2024-12-07T17:38:45.794+0000] {processor.py:208} INFO - Processing /home/airflow/.local/lib/python3.12/site-packages/airflow/example_dags/example_workday_timetable.py took 0.301 seconds
[2024-12-07T17:39:16.093+0000] {processor.py:186} INFO - Started process (PID=9451) to work on /home/airflow/.local/lib/python3.12/site-packages/airflow/example_dags/example_workday_timetable.py
[2024-12-07T17:39:16.094+0000] {processor.py:914} INFO - Processing file /home/airflow/.local/lib/python3.12/site-packages/airflow/example_dags/example_workday_timetable.py for tasks to queue
[2024-12-07T17:39:16.099+0000] {logging_mixin.py:190} INFO - [2024-12-07T17:39:16.098+0000] {dagbag.py:588} INFO - Filling up the DagBag from /home/airflow/.local/lib/python3.12/site-packages/airflow/example_dags/example_workday_timetable.py
[2024-12-07T17:39:16.108+0000] {processor.py:925} INFO - DAG(s) 'example_workday_timetable' retrieved from /home/airflow/.local/lib/python3.12/site-packages/airflow/example_dags/example_workday_timetable.py
[2024-12-07T17:39:16.165+0000] {logging_mixin.py:190} INFO - [2024-12-07T17:39:16.161+0000] {dag.py:3239} INFO - Sync 1 DAGs
[2024-12-07T17:39:16.375+0000] {logging_mixin.py:190} INFO - [2024-12-07T17:39:16.374+0000] {dag.py:4180} INFO - Setting next_dagrun for example_workday_timetable to 2021-01-04 00:00:00+00:00, run_after=2021-01-05 00:00:00+00:00
[2024-12-07T17:39:16.419+0000] {processor.py:208} INFO - Processing /home/airflow/.local/lib/python3.12/site-packages/airflow/example_dags/example_workday_timetable.py took 0.336 seconds
[2024-12-07T17:39:46.755+0000] {processor.py:186} INFO - Started process (PID=9738) to work on /home/airflow/.local/lib/python3.12/site-packages/airflow/example_dags/example_workday_timetable.py
[2024-12-07T17:39:46.759+0000] {processor.py:914} INFO - Processing file /home/airflow/.local/lib/python3.12/site-packages/airflow/example_dags/example_workday_timetable.py for tasks to queue
[2024-12-07T17:39:46.763+0000] {logging_mixin.py:190} INFO - [2024-12-07T17:39:46.763+0000] {dagbag.py:588} INFO - Filling up the DagBag from /home/airflow/.local/lib/python3.12/site-packages/airflow/example_dags/example_workday_timetable.py
[2024-12-07T17:39:46.777+0000] {processor.py:925} INFO - DAG(s) 'example_workday_timetable' retrieved from /home/airflow/.local/lib/python3.12/site-packages/airflow/example_dags/example_workday_timetable.py
[2024-12-07T17:39:46.810+0000] {logging_mixin.py:190} INFO - [2024-12-07T17:39:46.810+0000] {dag.py:3239} INFO - Sync 1 DAGs
[2024-12-07T17:39:47.027+0000] {logging_mixin.py:190} INFO - [2024-12-07T17:39:47.027+0000] {dag.py:4180} INFO - Setting next_dagrun for example_workday_timetable to 2021-01-04 00:00:00+00:00, run_after=2021-01-05 00:00:00+00:00
[2024-12-07T17:39:47.061+0000] {processor.py:208} INFO - Processing /home/airflow/.local/lib/python3.12/site-packages/airflow/example_dags/example_workday_timetable.py took 0.318 seconds
[2024-12-07T17:40:17.429+0000] {processor.py:186} INFO - Started process (PID=10030) to work on /home/airflow/.local/lib/python3.12/site-packages/airflow/example_dags/example_workday_timetable.py
[2024-12-07T17:40:17.430+0000] {processor.py:914} INFO - Processing file /home/airflow/.local/lib/python3.12/site-packages/airflow/example_dags/example_workday_timetable.py for tasks to queue
[2024-12-07T17:40:17.433+0000] {logging_mixin.py:190} INFO - [2024-12-07T17:40:17.433+0000] {dagbag.py:588} INFO - Filling up the DagBag from /home/airflow/.local/lib/python3.12/site-packages/airflow/example_dags/example_workday_timetable.py
[2024-12-07T17:40:17.441+0000] {processor.py:925} INFO - DAG(s) 'example_workday_timetable' retrieved from /home/airflow/.local/lib/python3.12/site-packages/airflow/example_dags/example_workday_timetable.py
[2024-12-07T17:40:17.461+0000] {logging_mixin.py:190} INFO - [2024-12-07T17:40:17.461+0000] {dag.py:3239} INFO - Sync 1 DAGs
[2024-12-07T17:40:17.533+0000] {logging_mixin.py:190} INFO - [2024-12-07T17:40:17.533+0000] {dag.py:4180} INFO - Setting next_dagrun for example_workday_timetable to 2021-01-04 00:00:00+00:00, run_after=2021-01-05 00:00:00+00:00
[2024-12-07T17:40:17.560+0000] {processor.py:208} INFO - Processing /home/airflow/.local/lib/python3.12/site-packages/airflow/example_dags/example_workday_timetable.py took 0.142 seconds
[2024-12-07T17:40:48.444+0000] {processor.py:186} INFO - Started process (PID=10320) to work on /home/airflow/.local/lib/python3.12/site-packages/airflow/example_dags/example_workday_timetable.py
[2024-12-07T17:40:48.446+0000] {processor.py:914} INFO - Processing file /home/airflow/.local/lib/python3.12/site-packages/airflow/example_dags/example_workday_timetable.py for tasks to queue
[2024-12-07T17:40:48.450+0000] {logging_mixin.py:190} INFO - [2024-12-07T17:40:48.449+0000] {dagbag.py:588} INFO - Filling up the DagBag from /home/airflow/.local/lib/python3.12/site-packages/airflow/example_dags/example_workday_timetable.py
[2024-12-07T17:40:48.461+0000] {processor.py:925} INFO - DAG(s) 'example_workday_timetable' retrieved from /home/airflow/.local/lib/python3.12/site-packages/airflow/example_dags/example_workday_timetable.py
[2024-12-07T17:40:48.493+0000] {logging_mixin.py:190} INFO - [2024-12-07T17:40:48.493+0000] {dag.py:3239} INFO - Sync 1 DAGs
[2024-12-07T17:40:48.620+0000] {logging_mixin.py:190} INFO - [2024-12-07T17:40:48.619+0000] {dag.py:4180} INFO - Setting next_dagrun for example_workday_timetable to 2021-01-04 00:00:00+00:00, run_after=2021-01-05 00:00:00+00:00
[2024-12-07T17:40:48.651+0000] {processor.py:208} INFO - Processing /home/airflow/.local/lib/python3.12/site-packages/airflow/example_dags/example_workday_timetable.py took 0.220 seconds
[2024-12-07T17:41:19.532+0000] {processor.py:186} INFO - Started process (PID=10611) to work on /home/airflow/.local/lib/python3.12/site-packages/airflow/example_dags/example_workday_timetable.py
[2024-12-07T17:41:19.534+0000] {processor.py:914} INFO - Processing file /home/airflow/.local/lib/python3.12/site-packages/airflow/example_dags/example_workday_timetable.py for tasks to queue
[2024-12-07T17:41:19.537+0000] {logging_mixin.py:190} INFO - [2024-12-07T17:41:19.537+0000] {dagbag.py:588} INFO - Filling up the DagBag from /home/airflow/.local/lib/python3.12/site-packages/airflow/example_dags/example_workday_timetable.py
[2024-12-07T17:41:19.546+0000] {processor.py:925} INFO - DAG(s) 'example_workday_timetable' retrieved from /home/airflow/.local/lib/python3.12/site-packages/airflow/example_dags/example_workday_timetable.py
[2024-12-07T17:41:19.575+0000] {logging_mixin.py:190} INFO - [2024-12-07T17:41:19.574+0000] {dag.py:3239} INFO - Sync 1 DAGs
[2024-12-07T17:41:19.708+0000] {logging_mixin.py:190} INFO - [2024-12-07T17:41:19.708+0000] {dag.py:4180} INFO - Setting next_dagrun for example_workday_timetable to 2021-01-04 00:00:00+00:00, run_after=2021-01-05 00:00:00+00:00
[2024-12-07T17:41:19.755+0000] {processor.py:208} INFO - Processing /home/airflow/.local/lib/python3.12/site-packages/airflow/example_dags/example_workday_timetable.py took 0.230 seconds
[2024-12-07T17:41:50.455+0000] {processor.py:186} INFO - Started process (PID=10900) to work on /home/airflow/.local/lib/python3.12/site-packages/airflow/example_dags/example_workday_timetable.py
[2024-12-07T17:41:50.456+0000] {processor.py:914} INFO - Processing file /home/airflow/.local/lib/python3.12/site-packages/airflow/example_dags/example_workday_timetable.py for tasks to queue
[2024-12-07T17:41:50.460+0000] {logging_mixin.py:190} INFO - [2024-12-07T17:41:50.459+0000] {dagbag.py:588} INFO - Filling up the DagBag from /home/airflow/.local/lib/python3.12/site-packages/airflow/example_dags/example_workday_timetable.py
[2024-12-07T17:41:50.470+0000] {processor.py:925} INFO - DAG(s) 'example_workday_timetable' retrieved from /home/airflow/.local/lib/python3.12/site-packages/airflow/example_dags/example_workday_timetable.py
[2024-12-07T17:41:50.499+0000] {logging_mixin.py:190} INFO - [2024-12-07T17:41:50.498+0000] {dag.py:3239} INFO - Sync 1 DAGs
[2024-12-07T17:41:50.607+0000] {logging_mixin.py:190} INFO - [2024-12-07T17:41:50.606+0000] {dag.py:4180} INFO - Setting next_dagrun for example_workday_timetable to 2021-01-04 00:00:00+00:00, run_after=2021-01-05 00:00:00+00:00
[2024-12-07T17:41:50.640+0000] {processor.py:208} INFO - Processing /home/airflow/.local/lib/python3.12/site-packages/airflow/example_dags/example_workday_timetable.py took 0.196 seconds
[2024-12-07T17:42:21.487+0000] {processor.py:186} INFO - Started process (PID=11192) to work on /home/airflow/.local/lib/python3.12/site-packages/airflow/example_dags/example_workday_timetable.py
[2024-12-07T17:42:21.494+0000] {processor.py:914} INFO - Processing file /home/airflow/.local/lib/python3.12/site-packages/airflow/example_dags/example_workday_timetable.py for tasks to queue
[2024-12-07T17:42:21.499+0000] {logging_mixin.py:190} INFO - [2024-12-07T17:42:21.498+0000] {dagbag.py:588} INFO - Filling up the DagBag from /home/airflow/.local/lib/python3.12/site-packages/airflow/example_dags/example_workday_timetable.py
[2024-12-07T17:42:21.516+0000] {processor.py:925} INFO - DAG(s) 'example_workday_timetable' retrieved from /home/airflow/.local/lib/python3.12/site-packages/airflow/example_dags/example_workday_timetable.py
[2024-12-07T17:42:21.584+0000] {logging_mixin.py:190} INFO - [2024-12-07T17:42:21.584+0000] {dag.py:3239} INFO - Sync 1 DAGs
[2024-12-07T17:42:21.935+0000] {logging_mixin.py:190} INFO - [2024-12-07T17:42:21.934+0000] {dag.py:4180} INFO - Setting next_dagrun for example_workday_timetable to 2021-01-04 00:00:00+00:00, run_after=2021-01-05 00:00:00+00:00
[2024-12-07T17:42:22.005+0000] {processor.py:208} INFO - Processing /home/airflow/.local/lib/python3.12/site-packages/airflow/example_dags/example_workday_timetable.py took 0.540 seconds
[2024-12-07T17:42:52.666+0000] {processor.py:186} INFO - Started process (PID=11490) to work on /home/airflow/.local/lib/python3.12/site-packages/airflow/example_dags/example_workday_timetable.py
[2024-12-07T17:42:52.668+0000] {processor.py:914} INFO - Processing file /home/airflow/.local/lib/python3.12/site-packages/airflow/example_dags/example_workday_timetable.py for tasks to queue
[2024-12-07T17:42:52.673+0000] {logging_mixin.py:190} INFO - [2024-12-07T17:42:52.673+0000] {dagbag.py:588} INFO - Filling up the DagBag from /home/airflow/.local/lib/python3.12/site-packages/airflow/example_dags/example_workday_timetable.py
[2024-12-07T17:42:52.683+0000] {processor.py:925} INFO - DAG(s) 'example_workday_timetable' retrieved from /home/airflow/.local/lib/python3.12/site-packages/airflow/example_dags/example_workday_timetable.py
[2024-12-07T17:42:52.711+0000] {logging_mixin.py:190} INFO - [2024-12-07T17:42:52.711+0000] {dag.py:3239} INFO - Sync 1 DAGs
[2024-12-07T17:42:52.801+0000] {logging_mixin.py:190} INFO - [2024-12-07T17:42:52.800+0000] {dag.py:4180} INFO - Setting next_dagrun for example_workday_timetable to 2021-01-04 00:00:00+00:00, run_after=2021-01-05 00:00:00+00:00
[2024-12-07T17:42:52.834+0000] {processor.py:208} INFO - Processing /home/airflow/.local/lib/python3.12/site-packages/airflow/example_dags/example_workday_timetable.py took 0.179 seconds
[2024-12-07T17:43:23.345+0000] {processor.py:186} INFO - Started process (PID=11781) to work on /home/airflow/.local/lib/python3.12/site-packages/airflow/example_dags/example_workday_timetable.py
[2024-12-07T17:43:23.347+0000] {processor.py:914} INFO - Processing file /home/airflow/.local/lib/python3.12/site-packages/airflow/example_dags/example_workday_timetable.py for tasks to queue
[2024-12-07T17:43:23.350+0000] {logging_mixin.py:190} INFO - [2024-12-07T17:43:23.349+0000] {dagbag.py:588} INFO - Filling up the DagBag from /home/airflow/.local/lib/python3.12/site-packages/airflow/example_dags/example_workday_timetable.py
[2024-12-07T17:43:23.362+0000] {processor.py:925} INFO - DAG(s) 'example_workday_timetable' retrieved from /home/airflow/.local/lib/python3.12/site-packages/airflow/example_dags/example_workday_timetable.py
[2024-12-07T17:43:23.419+0000] {logging_mixin.py:190} INFO - [2024-12-07T17:43:23.417+0000] {dag.py:3239} INFO - Sync 1 DAGs
[2024-12-07T17:43:23.591+0000] {logging_mixin.py:190} INFO - [2024-12-07T17:43:23.591+0000] {dag.py:4180} INFO - Setting next_dagrun for example_workday_timetable to 2021-01-04 00:00:00+00:00, run_after=2021-01-05 00:00:00+00:00
[2024-12-07T17:43:23.646+0000] {processor.py:208} INFO - Processing /home/airflow/.local/lib/python3.12/site-packages/airflow/example_dags/example_workday_timetable.py took 0.312 seconds
