[2024-12-07T17:22:24.416+0000] {processor.py:186} INFO - Started process (PID=191) to work on /home/airflow/.local/lib/python3.12/site-packages/airflow/example_dags/example_display_name.py
[2024-12-07T17:22:24.418+0000] {processor.py:914} INFO - Processing file /home/airflow/.local/lib/python3.12/site-packages/airflow/example_dags/example_display_name.py for tasks to queue
[2024-12-07T17:22:24.422+0000] {logging_mixin.py:190} INFO - [2024-12-07T17:22:24.421+0000] {dagbag.py:588} INFO - Filling up the DagBag from /home/airflow/.local/lib/python3.12/site-packages/airflow/example_dags/example_display_name.py
[2024-12-07T17:22:24.436+0000] {processor.py:925} INFO - DAG(s) 'example_display_name' retrieved from /home/airflow/.local/lib/python3.12/site-packages/airflow/example_dags/example_display_name.py
[2024-12-07T17:22:24.847+0000] {logging_mixin.py:190} INFO - [2024-12-07T17:22:24.845+0000] {override.py:1911} INFO - Created Permission View: can delete on DAG:example_display_name
[2024-12-07T17:22:24.923+0000] {logging_mixin.py:190} INFO - [2024-12-07T17:22:24.923+0000] {override.py:1911} INFO - Created Permission View: can read on DAG:example_display_name
[2024-12-07T17:22:24.963+0000] {logging_mixin.py:190} INFO - [2024-12-07T17:22:24.962+0000] {override.py:1911} INFO - Created Permission View: can edit on DAG:example_display_name
[2024-12-07T17:22:24.998+0000] {logging_mixin.py:190} INFO - [2024-12-07T17:22:24.997+0000] {override.py:1911} INFO - Created Permission View: menu access on DAG Run:example_display_name
[2024-12-07T17:22:25.025+0000] {logging_mixin.py:190} INFO - [2024-12-07T17:22:25.025+0000] {override.py:1911} INFO - Created Permission View: can delete on DAG Run:example_display_name
[2024-12-07T17:22:25.045+0000] {logging_mixin.py:190} INFO - [2024-12-07T17:22:25.045+0000] {override.py:1911} INFO - Created Permission View: can read on DAG Run:example_display_name
[2024-12-07T17:22:25.081+0000] {logging_mixin.py:190} INFO - [2024-12-07T17:22:25.081+0000] {override.py:1911} INFO - Created Permission View: can create on DAG Run:example_display_name
[2024-12-07T17:22:25.083+0000] {logging_mixin.py:190} INFO - [2024-12-07T17:22:25.082+0000] {dag.py:3239} INFO - Sync 1 DAGs
[2024-12-07T17:22:25.126+0000] {logging_mixin.py:190} INFO - [2024-12-07T17:22:25.126+0000] {dag.py:3262} INFO - Creating ORM DAG for example_display_name
[2024-12-07T17:22:25.130+0000] {logging_mixin.py:190} INFO - [2024-12-07T17:22:25.129+0000] {dag.py:4180} INFO - Setting next_dagrun for example_display_name to None, run_after=None
[2024-12-07T17:22:25.218+0000] {processor.py:208} INFO - Processing /home/airflow/.local/lib/python3.12/site-packages/airflow/example_dags/example_display_name.py took 0.812 seconds
[2024-12-07T17:23:06.141+0000] {processor.py:186} INFO - Started process (PID=483) to work on /home/airflow/.local/lib/python3.12/site-packages/airflow/example_dags/example_display_name.py
[2024-12-07T17:23:06.143+0000] {processor.py:914} INFO - Processing file /home/airflow/.local/lib/python3.12/site-packages/airflow/example_dags/example_display_name.py for tasks to queue
[2024-12-07T17:23:06.147+0000] {logging_mixin.py:190} INFO - [2024-12-07T17:23:06.146+0000] {dagbag.py:588} INFO - Filling up the DagBag from /home/airflow/.local/lib/python3.12/site-packages/airflow/example_dags/example_display_name.py
[2024-12-07T17:23:06.163+0000] {processor.py:925} INFO - DAG(s) 'example_display_name' retrieved from /home/airflow/.local/lib/python3.12/site-packages/airflow/example_dags/example_display_name.py
[2024-12-07T17:23:06.830+0000] {logging_mixin.py:190} INFO - [2024-12-07T17:23:06.790+0000] {dag.py:3239} INFO - Sync 1 DAGs
[2024-12-07T17:23:07.856+0000] {logging_mixin.py:190} INFO - [2024-12-07T17:23:07.856+0000] {dag.py:4180} INFO - Setting next_dagrun for example_display_name to None, run_after=None
[2024-12-07T17:23:08.259+0000] {processor.py:208} INFO - Processing /home/airflow/.local/lib/python3.12/site-packages/airflow/example_dags/example_display_name.py took 2.131 seconds
[2024-12-07T17:23:38.628+0000] {processor.py:186} INFO - Started process (PID=769) to work on /home/airflow/.local/lib/python3.12/site-packages/airflow/example_dags/example_display_name.py
[2024-12-07T17:23:38.629+0000] {processor.py:914} INFO - Processing file /home/airflow/.local/lib/python3.12/site-packages/airflow/example_dags/example_display_name.py for tasks to queue
[2024-12-07T17:23:38.633+0000] {logging_mixin.py:190} INFO - [2024-12-07T17:23:38.633+0000] {dagbag.py:588} INFO - Filling up the DagBag from /home/airflow/.local/lib/python3.12/site-packages/airflow/example_dags/example_display_name.py
[2024-12-07T17:23:38.643+0000] {processor.py:925} INFO - DAG(s) 'example_display_name' retrieved from /home/airflow/.local/lib/python3.12/site-packages/airflow/example_dags/example_display_name.py
[2024-12-07T17:23:38.666+0000] {logging_mixin.py:190} INFO - [2024-12-07T17:23:38.665+0000] {dag.py:3239} INFO - Sync 1 DAGs
[2024-12-07T17:23:38.684+0000] {logging_mixin.py:190} INFO - [2024-12-07T17:23:38.684+0000] {dag.py:4180} INFO - Setting next_dagrun for example_display_name to None, run_after=None
[2024-12-07T17:23:40.080+0000] {processor.py:208} INFO - Processing /home/airflow/.local/lib/python3.12/site-packages/airflow/example_dags/example_display_name.py took 1.464 seconds
[2024-12-07T17:24:13.331+0000] {processor.py:186} INFO - Started process (PID=1060) to work on /home/airflow/.local/lib/python3.12/site-packages/airflow/example_dags/example_display_name.py
[2024-12-07T17:24:13.332+0000] {processor.py:914} INFO - Processing file /home/airflow/.local/lib/python3.12/site-packages/airflow/example_dags/example_display_name.py for tasks to queue
[2024-12-07T17:24:13.335+0000] {logging_mixin.py:190} INFO - [2024-12-07T17:24:13.335+0000] {dagbag.py:588} INFO - Filling up the DagBag from /home/airflow/.local/lib/python3.12/site-packages/airflow/example_dags/example_display_name.py
[2024-12-07T17:24:13.345+0000] {processor.py:925} INFO - DAG(s) 'example_display_name' retrieved from /home/airflow/.local/lib/python3.12/site-packages/airflow/example_dags/example_display_name.py
[2024-12-07T17:24:13.367+0000] {logging_mixin.py:190} INFO - [2024-12-07T17:24:13.366+0000] {dag.py:3239} INFO - Sync 1 DAGs
[2024-12-07T17:24:13.385+0000] {logging_mixin.py:190} INFO - [2024-12-07T17:24:13.384+0000] {dag.py:4180} INFO - Setting next_dagrun for example_display_name to None, run_after=None
[2024-12-07T17:24:13.921+0000] {processor.py:208} INFO - Processing /home/airflow/.local/lib/python3.12/site-packages/airflow/example_dags/example_display_name.py took 0.599 seconds
[2024-12-07T17:24:46.950+0000] {processor.py:186} INFO - Started process (PID=1317) to work on /home/airflow/.local/lib/python3.12/site-packages/airflow/example_dags/example_display_name.py
[2024-12-07T17:24:47.128+0000] {processor.py:914} INFO - Processing file /home/airflow/.local/lib/python3.12/site-packages/airflow/example_dags/example_display_name.py for tasks to queue
[2024-12-07T17:24:47.225+0000] {logging_mixin.py:190} INFO - [2024-12-07T17:24:47.225+0000] {dagbag.py:588} INFO - Filling up the DagBag from /home/airflow/.local/lib/python3.12/site-packages/airflow/example_dags/example_display_name.py
[2024-12-07T17:24:47.319+0000] {processor.py:925} INFO - DAG(s) 'example_display_name' retrieved from /home/airflow/.local/lib/python3.12/site-packages/airflow/example_dags/example_display_name.py
[2024-12-07T17:24:47.390+0000] {logging_mixin.py:190} INFO - [2024-12-07T17:24:47.389+0000] {dag.py:3239} INFO - Sync 1 DAGs
[2024-12-07T17:24:47.421+0000] {logging_mixin.py:190} INFO - [2024-12-07T17:24:47.420+0000] {dag.py:4180} INFO - Setting next_dagrun for example_display_name to None, run_after=None
[2024-12-07T17:24:47.756+0000] {processor.py:208} INFO - Processing /home/airflow/.local/lib/python3.12/site-packages/airflow/example_dags/example_display_name.py took 0.864 seconds
[2024-12-07T17:25:18.378+0000] {processor.py:186} INFO - Started process (PID=1609) to work on /home/airflow/.local/lib/python3.12/site-packages/airflow/example_dags/example_display_name.py
[2024-12-07T17:25:18.379+0000] {processor.py:914} INFO - Processing file /home/airflow/.local/lib/python3.12/site-packages/airflow/example_dags/example_display_name.py for tasks to queue
[2024-12-07T17:25:18.383+0000] {logging_mixin.py:190} INFO - [2024-12-07T17:25:18.383+0000] {dagbag.py:588} INFO - Filling up the DagBag from /home/airflow/.local/lib/python3.12/site-packages/airflow/example_dags/example_display_name.py
[2024-12-07T17:25:18.397+0000] {processor.py:925} INFO - DAG(s) 'example_display_name' retrieved from /home/airflow/.local/lib/python3.12/site-packages/airflow/example_dags/example_display_name.py
[2024-12-07T17:25:18.422+0000] {logging_mixin.py:190} INFO - [2024-12-07T17:25:18.422+0000] {dag.py:3239} INFO - Sync 1 DAGs
[2024-12-07T17:25:18.457+0000] {logging_mixin.py:190} INFO - [2024-12-07T17:25:18.457+0000] {dag.py:4180} INFO - Setting next_dagrun for example_display_name to None, run_after=None
[2024-12-07T17:25:18.502+0000] {processor.py:208} INFO - Processing /home/airflow/.local/lib/python3.12/site-packages/airflow/example_dags/example_display_name.py took 0.134 seconds
[2024-12-07T17:25:48.762+0000] {processor.py:186} INFO - Started process (PID=1900) to work on /home/airflow/.local/lib/python3.12/site-packages/airflow/example_dags/example_display_name.py
[2024-12-07T17:25:48.764+0000] {processor.py:914} INFO - Processing file /home/airflow/.local/lib/python3.12/site-packages/airflow/example_dags/example_display_name.py for tasks to queue
[2024-12-07T17:25:48.770+0000] {logging_mixin.py:190} INFO - [2024-12-07T17:25:48.770+0000] {dagbag.py:588} INFO - Filling up the DagBag from /home/airflow/.local/lib/python3.12/site-packages/airflow/example_dags/example_display_name.py
[2024-12-07T17:25:48.783+0000] {processor.py:925} INFO - DAG(s) 'example_display_name' retrieved from /home/airflow/.local/lib/python3.12/site-packages/airflow/example_dags/example_display_name.py
[2024-12-07T17:25:48.813+0000] {logging_mixin.py:190} INFO - [2024-12-07T17:25:48.813+0000] {dag.py:3239} INFO - Sync 1 DAGs
[2024-12-07T17:25:48.836+0000] {logging_mixin.py:190} INFO - [2024-12-07T17:25:48.835+0000] {dag.py:4180} INFO - Setting next_dagrun for example_display_name to None, run_after=None
[2024-12-07T17:25:48.862+0000] {processor.py:208} INFO - Processing /home/airflow/.local/lib/python3.12/site-packages/airflow/example_dags/example_display_name.py took 0.110 seconds
[2024-12-07T17:26:19.070+0000] {processor.py:186} INFO - Started process (PID=2185) to work on /home/airflow/.local/lib/python3.12/site-packages/airflow/example_dags/example_display_name.py
[2024-12-07T17:26:19.072+0000] {processor.py:914} INFO - Processing file /home/airflow/.local/lib/python3.12/site-packages/airflow/example_dags/example_display_name.py for tasks to queue
[2024-12-07T17:26:19.076+0000] {logging_mixin.py:190} INFO - [2024-12-07T17:26:19.076+0000] {dagbag.py:588} INFO - Filling up the DagBag from /home/airflow/.local/lib/python3.12/site-packages/airflow/example_dags/example_display_name.py
[2024-12-07T17:26:19.086+0000] {processor.py:925} INFO - DAG(s) 'example_display_name' retrieved from /home/airflow/.local/lib/python3.12/site-packages/airflow/example_dags/example_display_name.py
[2024-12-07T17:26:19.117+0000] {logging_mixin.py:190} INFO - [2024-12-07T17:26:19.117+0000] {dag.py:3239} INFO - Sync 1 DAGs
[2024-12-07T17:26:19.139+0000] {logging_mixin.py:190} INFO - [2024-12-07T17:26:19.139+0000] {dag.py:4180} INFO - Setting next_dagrun for example_display_name to None, run_after=None
[2024-12-07T17:26:19.168+0000] {processor.py:208} INFO - Processing /home/airflow/.local/lib/python3.12/site-packages/airflow/example_dags/example_display_name.py took 0.105 seconds
[2024-12-07T17:26:49.350+0000] {processor.py:186} INFO - Started process (PID=2476) to work on /home/airflow/.local/lib/python3.12/site-packages/airflow/example_dags/example_display_name.py
[2024-12-07T17:26:49.351+0000] {processor.py:914} INFO - Processing file /home/airflow/.local/lib/python3.12/site-packages/airflow/example_dags/example_display_name.py for tasks to queue
[2024-12-07T17:26:49.355+0000] {logging_mixin.py:190} INFO - [2024-12-07T17:26:49.355+0000] {dagbag.py:588} INFO - Filling up the DagBag from /home/airflow/.local/lib/python3.12/site-packages/airflow/example_dags/example_display_name.py
[2024-12-07T17:26:49.365+0000] {processor.py:925} INFO - DAG(s) 'example_display_name' retrieved from /home/airflow/.local/lib/python3.12/site-packages/airflow/example_dags/example_display_name.py
[2024-12-07T17:26:49.398+0000] {logging_mixin.py:190} INFO - [2024-12-07T17:26:49.398+0000] {dag.py:3239} INFO - Sync 1 DAGs
[2024-12-07T17:26:49.427+0000] {logging_mixin.py:190} INFO - [2024-12-07T17:26:49.426+0000] {dag.py:4180} INFO - Setting next_dagrun for example_display_name to None, run_after=None
[2024-12-07T17:26:49.465+0000] {processor.py:208} INFO - Processing /home/airflow/.local/lib/python3.12/site-packages/airflow/example_dags/example_display_name.py took 0.122 seconds
[2024-12-07T17:27:19.536+0000] {processor.py:186} INFO - Started process (PID=2764) to work on /home/airflow/.local/lib/python3.12/site-packages/airflow/example_dags/example_display_name.py
[2024-12-07T17:27:19.538+0000] {processor.py:914} INFO - Processing file /home/airflow/.local/lib/python3.12/site-packages/airflow/example_dags/example_display_name.py for tasks to queue
[2024-12-07T17:27:19.543+0000] {logging_mixin.py:190} INFO - [2024-12-07T17:27:19.542+0000] {dagbag.py:588} INFO - Filling up the DagBag from /home/airflow/.local/lib/python3.12/site-packages/airflow/example_dags/example_display_name.py
[2024-12-07T17:27:19.559+0000] {processor.py:925} INFO - DAG(s) 'example_display_name' retrieved from /home/airflow/.local/lib/python3.12/site-packages/airflow/example_dags/example_display_name.py
[2024-12-07T17:27:19.600+0000] {logging_mixin.py:190} INFO - [2024-12-07T17:27:19.599+0000] {dag.py:3239} INFO - Sync 1 DAGs
[2024-12-07T17:27:19.649+0000] {logging_mixin.py:190} INFO - [2024-12-07T17:27:19.648+0000] {dag.py:4180} INFO - Setting next_dagrun for example_display_name to None, run_after=None
[2024-12-07T17:27:19.695+0000] {processor.py:208} INFO - Processing /home/airflow/.local/lib/python3.12/site-packages/airflow/example_dags/example_display_name.py took 0.171 seconds
[2024-12-07T17:27:49.891+0000] {processor.py:186} INFO - Started process (PID=3055) to work on /home/airflow/.local/lib/python3.12/site-packages/airflow/example_dags/example_display_name.py
[2024-12-07T17:27:49.894+0000] {processor.py:914} INFO - Processing file /home/airflow/.local/lib/python3.12/site-packages/airflow/example_dags/example_display_name.py for tasks to queue
[2024-12-07T17:27:49.898+0000] {logging_mixin.py:190} INFO - [2024-12-07T17:27:49.897+0000] {dagbag.py:588} INFO - Filling up the DagBag from /home/airflow/.local/lib/python3.12/site-packages/airflow/example_dags/example_display_name.py
[2024-12-07T17:27:49.913+0000] {processor.py:925} INFO - DAG(s) 'example_display_name' retrieved from /home/airflow/.local/lib/python3.12/site-packages/airflow/example_dags/example_display_name.py
[2024-12-07T17:27:49.953+0000] {logging_mixin.py:190} INFO - [2024-12-07T17:27:49.953+0000] {dag.py:3239} INFO - Sync 1 DAGs
[2024-12-07T17:27:49.981+0000] {logging_mixin.py:190} INFO - [2024-12-07T17:27:49.980+0000] {dag.py:4180} INFO - Setting next_dagrun for example_display_name to None, run_after=None
[2024-12-07T17:27:50.016+0000] {processor.py:208} INFO - Processing /home/airflow/.local/lib/python3.12/site-packages/airflow/example_dags/example_display_name.py took 0.138 seconds
[2024-12-07T17:28:21.577+0000] {processor.py:186} INFO - Started process (PID=3344) to work on /home/airflow/.local/lib/python3.12/site-packages/airflow/example_dags/example_display_name.py
[2024-12-07T17:28:21.579+0000] {processor.py:914} INFO - Processing file /home/airflow/.local/lib/python3.12/site-packages/airflow/example_dags/example_display_name.py for tasks to queue
[2024-12-07T17:28:21.583+0000] {logging_mixin.py:190} INFO - [2024-12-07T17:28:21.582+0000] {dagbag.py:588} INFO - Filling up the DagBag from /home/airflow/.local/lib/python3.12/site-packages/airflow/example_dags/example_display_name.py
[2024-12-07T17:28:21.598+0000] {processor.py:925} INFO - DAG(s) 'example_display_name' retrieved from /home/airflow/.local/lib/python3.12/site-packages/airflow/example_dags/example_display_name.py
[2024-12-07T17:28:21.642+0000] {logging_mixin.py:190} INFO - [2024-12-07T17:28:21.641+0000] {dag.py:3239} INFO - Sync 1 DAGs
[2024-12-07T17:28:21.679+0000] {logging_mixin.py:190} INFO - [2024-12-07T17:28:21.679+0000] {dag.py:4180} INFO - Setting next_dagrun for example_display_name to None, run_after=None
[2024-12-07T17:28:21.746+0000] {processor.py:208} INFO - Processing /home/airflow/.local/lib/python3.12/site-packages/airflow/example_dags/example_display_name.py took 0.179 seconds
[2024-12-07T17:28:55.818+0000] {processor.py:186} INFO - Started process (PID=3637) to work on /home/airflow/.local/lib/python3.12/site-packages/airflow/example_dags/example_display_name.py
[2024-12-07T17:28:55.820+0000] {processor.py:914} INFO - Processing file /home/airflow/.local/lib/python3.12/site-packages/airflow/example_dags/example_display_name.py for tasks to queue
[2024-12-07T17:28:55.835+0000] {logging_mixin.py:190} INFO - [2024-12-07T17:28:55.834+0000] {dagbag.py:588} INFO - Filling up the DagBag from /home/airflow/.local/lib/python3.12/site-packages/airflow/example_dags/example_display_name.py
[2024-12-07T17:28:55.882+0000] {processor.py:925} INFO - DAG(s) 'example_display_name' retrieved from /home/airflow/.local/lib/python3.12/site-packages/airflow/example_dags/example_display_name.py
[2024-12-07T17:28:55.959+0000] {logging_mixin.py:190} INFO - [2024-12-07T17:28:55.959+0000] {dag.py:3239} INFO - Sync 1 DAGs
[2024-12-07T17:28:56.007+0000] {logging_mixin.py:190} INFO - [2024-12-07T17:28:56.007+0000] {dag.py:4180} INFO - Setting next_dagrun for example_display_name to None, run_after=None
[2024-12-07T17:28:56.077+0000] {processor.py:208} INFO - Processing /home/airflow/.local/lib/python3.12/site-packages/airflow/example_dags/example_display_name.py took 0.280 seconds
[2024-12-07T17:29:26.428+0000] {processor.py:186} INFO - Started process (PID=3918) to work on /home/airflow/.local/lib/python3.12/site-packages/airflow/example_dags/example_display_name.py
[2024-12-07T17:29:26.430+0000] {processor.py:914} INFO - Processing file /home/airflow/.local/lib/python3.12/site-packages/airflow/example_dags/example_display_name.py for tasks to queue
[2024-12-07T17:29:26.435+0000] {logging_mixin.py:190} INFO - [2024-12-07T17:29:26.434+0000] {dagbag.py:588} INFO - Filling up the DagBag from /home/airflow/.local/lib/python3.12/site-packages/airflow/example_dags/example_display_name.py
[2024-12-07T17:29:26.454+0000] {processor.py:925} INFO - DAG(s) 'example_display_name' retrieved from /home/airflow/.local/lib/python3.12/site-packages/airflow/example_dags/example_display_name.py
[2024-12-07T17:29:26.507+0000] {logging_mixin.py:190} INFO - [2024-12-07T17:29:26.506+0000] {dag.py:3239} INFO - Sync 1 DAGs
[2024-12-07T17:29:26.548+0000] {logging_mixin.py:190} INFO - [2024-12-07T17:29:26.547+0000] {dag.py:4180} INFO - Setting next_dagrun for example_display_name to None, run_after=None
[2024-12-07T17:29:26.591+0000] {processor.py:208} INFO - Processing /home/airflow/.local/lib/python3.12/site-packages/airflow/example_dags/example_display_name.py took 0.177 seconds
[2024-12-07T17:29:56.779+0000] {processor.py:186} INFO - Started process (PID=4206) to work on /home/airflow/.local/lib/python3.12/site-packages/airflow/example_dags/example_display_name.py
[2024-12-07T17:29:56.781+0000] {processor.py:914} INFO - Processing file /home/airflow/.local/lib/python3.12/site-packages/airflow/example_dags/example_display_name.py for tasks to queue
[2024-12-07T17:29:56.784+0000] {logging_mixin.py:190} INFO - [2024-12-07T17:29:56.783+0000] {dagbag.py:588} INFO - Filling up the DagBag from /home/airflow/.local/lib/python3.12/site-packages/airflow/example_dags/example_display_name.py
[2024-12-07T17:29:56.793+0000] {processor.py:925} INFO - DAG(s) 'example_display_name' retrieved from /home/airflow/.local/lib/python3.12/site-packages/airflow/example_dags/example_display_name.py
[2024-12-07T17:29:56.817+0000] {logging_mixin.py:190} INFO - [2024-12-07T17:29:56.817+0000] {dag.py:3239} INFO - Sync 1 DAGs
[2024-12-07T17:29:56.835+0000] {logging_mixin.py:190} INFO - [2024-12-07T17:29:56.835+0000] {dag.py:4180} INFO - Setting next_dagrun for example_display_name to None, run_after=None
[2024-12-07T17:29:56.861+0000] {processor.py:208} INFO - Processing /home/airflow/.local/lib/python3.12/site-packages/airflow/example_dags/example_display_name.py took 0.092 seconds
[2024-12-07T17:30:27.575+0000] {processor.py:186} INFO - Started process (PID=4497) to work on /home/airflow/.local/lib/python3.12/site-packages/airflow/example_dags/example_display_name.py
[2024-12-07T17:30:27.577+0000] {processor.py:914} INFO - Processing file /home/airflow/.local/lib/python3.12/site-packages/airflow/example_dags/example_display_name.py for tasks to queue
[2024-12-07T17:30:27.579+0000] {logging_mixin.py:190} INFO - [2024-12-07T17:30:27.579+0000] {dagbag.py:588} INFO - Filling up the DagBag from /home/airflow/.local/lib/python3.12/site-packages/airflow/example_dags/example_display_name.py
[2024-12-07T17:30:27.589+0000] {processor.py:925} INFO - DAG(s) 'example_display_name' retrieved from /home/airflow/.local/lib/python3.12/site-packages/airflow/example_dags/example_display_name.py
[2024-12-07T17:30:27.622+0000] {logging_mixin.py:190} INFO - [2024-12-07T17:30:27.622+0000] {dag.py:3239} INFO - Sync 1 DAGs
[2024-12-07T17:30:27.653+0000] {logging_mixin.py:190} INFO - [2024-12-07T17:30:27.652+0000] {dag.py:4180} INFO - Setting next_dagrun for example_display_name to None, run_after=None
[2024-12-07T17:30:27.692+0000] {processor.py:208} INFO - Processing /home/airflow/.local/lib/python3.12/site-packages/airflow/example_dags/example_display_name.py took 0.124 seconds
[2024-12-07T17:30:58.093+0000] {processor.py:186} INFO - Started process (PID=4787) to work on /home/airflow/.local/lib/python3.12/site-packages/airflow/example_dags/example_display_name.py
[2024-12-07T17:30:58.094+0000] {processor.py:914} INFO - Processing file /home/airflow/.local/lib/python3.12/site-packages/airflow/example_dags/example_display_name.py for tasks to queue
[2024-12-07T17:30:58.098+0000] {logging_mixin.py:190} INFO - [2024-12-07T17:30:58.097+0000] {dagbag.py:588} INFO - Filling up the DagBag from /home/airflow/.local/lib/python3.12/site-packages/airflow/example_dags/example_display_name.py
[2024-12-07T17:30:58.107+0000] {processor.py:925} INFO - DAG(s) 'example_display_name' retrieved from /home/airflow/.local/lib/python3.12/site-packages/airflow/example_dags/example_display_name.py
[2024-12-07T17:30:58.132+0000] {logging_mixin.py:190} INFO - [2024-12-07T17:30:58.132+0000] {dag.py:3239} INFO - Sync 1 DAGs
[2024-12-07T17:30:58.152+0000] {logging_mixin.py:190} INFO - [2024-12-07T17:30:58.152+0000] {dag.py:4180} INFO - Setting next_dagrun for example_display_name to None, run_after=None
[2024-12-07T17:30:58.178+0000] {processor.py:208} INFO - Processing /home/airflow/.local/lib/python3.12/site-packages/airflow/example_dags/example_display_name.py took 0.094 seconds
[2024-12-07T17:31:28.704+0000] {processor.py:186} INFO - Started process (PID=5078) to work on /home/airflow/.local/lib/python3.12/site-packages/airflow/example_dags/example_display_name.py
[2024-12-07T17:31:28.705+0000] {processor.py:914} INFO - Processing file /home/airflow/.local/lib/python3.12/site-packages/airflow/example_dags/example_display_name.py for tasks to queue
[2024-12-07T17:31:28.710+0000] {logging_mixin.py:190} INFO - [2024-12-07T17:31:28.710+0000] {dagbag.py:588} INFO - Filling up the DagBag from /home/airflow/.local/lib/python3.12/site-packages/airflow/example_dags/example_display_name.py
[2024-12-07T17:31:28.730+0000] {processor.py:925} INFO - DAG(s) 'example_display_name' retrieved from /home/airflow/.local/lib/python3.12/site-packages/airflow/example_dags/example_display_name.py
[2024-12-07T17:31:28.766+0000] {logging_mixin.py:190} INFO - [2024-12-07T17:31:28.765+0000] {dag.py:3239} INFO - Sync 1 DAGs
[2024-12-07T17:31:28.794+0000] {logging_mixin.py:190} INFO - [2024-12-07T17:31:28.794+0000] {dag.py:4180} INFO - Setting next_dagrun for example_display_name to None, run_after=None
[2024-12-07T17:31:28.835+0000] {processor.py:208} INFO - Processing /home/airflow/.local/lib/python3.12/site-packages/airflow/example_dags/example_display_name.py took 0.142 seconds
[2024-12-07T17:31:59.282+0000] {processor.py:186} INFO - Started process (PID=5369) to work on /home/airflow/.local/lib/python3.12/site-packages/airflow/example_dags/example_display_name.py
[2024-12-07T17:31:59.284+0000] {processor.py:914} INFO - Processing file /home/airflow/.local/lib/python3.12/site-packages/airflow/example_dags/example_display_name.py for tasks to queue
[2024-12-07T17:31:59.288+0000] {logging_mixin.py:190} INFO - [2024-12-07T17:31:59.287+0000] {dagbag.py:588} INFO - Filling up the DagBag from /home/airflow/.local/lib/python3.12/site-packages/airflow/example_dags/example_display_name.py
[2024-12-07T17:31:59.301+0000] {processor.py:925} INFO - DAG(s) 'example_display_name' retrieved from /home/airflow/.local/lib/python3.12/site-packages/airflow/example_dags/example_display_name.py
[2024-12-07T17:31:59.333+0000] {logging_mixin.py:190} INFO - [2024-12-07T17:31:59.333+0000] {dag.py:3239} INFO - Sync 1 DAGs
[2024-12-07T17:31:59.354+0000] {logging_mixin.py:190} INFO - [2024-12-07T17:31:59.354+0000] {dag.py:4180} INFO - Setting next_dagrun for example_display_name to None, run_after=None
[2024-12-07T17:31:59.385+0000] {processor.py:208} INFO - Processing /home/airflow/.local/lib/python3.12/site-packages/airflow/example_dags/example_display_name.py took 0.113 seconds
[2024-12-07T17:32:29.481+0000] {processor.py:186} INFO - Started process (PID=5657) to work on /home/airflow/.local/lib/python3.12/site-packages/airflow/example_dags/example_display_name.py
[2024-12-07T17:32:29.483+0000] {processor.py:914} INFO - Processing file /home/airflow/.local/lib/python3.12/site-packages/airflow/example_dags/example_display_name.py for tasks to queue
[2024-12-07T17:32:29.486+0000] {logging_mixin.py:190} INFO - [2024-12-07T17:32:29.485+0000] {dagbag.py:588} INFO - Filling up the DagBag from /home/airflow/.local/lib/python3.12/site-packages/airflow/example_dags/example_display_name.py
[2024-12-07T17:32:29.498+0000] {processor.py:925} INFO - DAG(s) 'example_display_name' retrieved from /home/airflow/.local/lib/python3.12/site-packages/airflow/example_dags/example_display_name.py
[2024-12-07T17:32:29.537+0000] {logging_mixin.py:190} INFO - [2024-12-07T17:32:29.537+0000] {dag.py:3239} INFO - Sync 1 DAGs
[2024-12-07T17:32:29.569+0000] {logging_mixin.py:190} INFO - [2024-12-07T17:32:29.568+0000] {dag.py:4180} INFO - Setting next_dagrun for example_display_name to None, run_after=None
[2024-12-07T17:32:29.608+0000] {processor.py:208} INFO - Processing /home/airflow/.local/lib/python3.12/site-packages/airflow/example_dags/example_display_name.py took 0.134 seconds
[2024-12-07T17:32:59.705+0000] {processor.py:186} INFO - Started process (PID=5942) to work on /home/airflow/.local/lib/python3.12/site-packages/airflow/example_dags/example_display_name.py
[2024-12-07T17:32:59.710+0000] {processor.py:914} INFO - Processing file /home/airflow/.local/lib/python3.12/site-packages/airflow/example_dags/example_display_name.py for tasks to queue
[2024-12-07T17:32:59.723+0000] {logging_mixin.py:190} INFO - [2024-12-07T17:32:59.723+0000] {dagbag.py:588} INFO - Filling up the DagBag from /home/airflow/.local/lib/python3.12/site-packages/airflow/example_dags/example_display_name.py
[2024-12-07T17:32:59.789+0000] {processor.py:925} INFO - DAG(s) 'example_display_name' retrieved from /home/airflow/.local/lib/python3.12/site-packages/airflow/example_dags/example_display_name.py
[2024-12-07T17:32:59.866+0000] {logging_mixin.py:190} INFO - [2024-12-07T17:32:59.865+0000] {dag.py:3239} INFO - Sync 1 DAGs
[2024-12-07T17:32:59.902+0000] {logging_mixin.py:190} INFO - [2024-12-07T17:32:59.901+0000] {dag.py:4180} INFO - Setting next_dagrun for example_display_name to None, run_after=None
[2024-12-07T17:32:59.946+0000] {processor.py:208} INFO - Processing /home/airflow/.local/lib/python3.12/site-packages/airflow/example_dags/example_display_name.py took 0.261 seconds
[2024-12-07T17:33:30.253+0000] {processor.py:186} INFO - Started process (PID=6228) to work on /home/airflow/.local/lib/python3.12/site-packages/airflow/example_dags/example_display_name.py
[2024-12-07T17:33:30.255+0000] {processor.py:914} INFO - Processing file /home/airflow/.local/lib/python3.12/site-packages/airflow/example_dags/example_display_name.py for tasks to queue
[2024-12-07T17:33:30.259+0000] {logging_mixin.py:190} INFO - [2024-12-07T17:33:30.258+0000] {dagbag.py:588} INFO - Filling up the DagBag from /home/airflow/.local/lib/python3.12/site-packages/airflow/example_dags/example_display_name.py
[2024-12-07T17:33:30.270+0000] {processor.py:925} INFO - DAG(s) 'example_display_name' retrieved from /home/airflow/.local/lib/python3.12/site-packages/airflow/example_dags/example_display_name.py
[2024-12-07T17:33:30.298+0000] {logging_mixin.py:190} INFO - [2024-12-07T17:33:30.297+0000] {dag.py:3239} INFO - Sync 1 DAGs
[2024-12-07T17:33:30.325+0000] {logging_mixin.py:190} INFO - [2024-12-07T17:33:30.325+0000] {dag.py:4180} INFO - Setting next_dagrun for example_display_name to None, run_after=None
[2024-12-07T17:33:30.354+0000] {processor.py:208} INFO - Processing /home/airflow/.local/lib/python3.12/site-packages/airflow/example_dags/example_display_name.py took 0.111 seconds
[2024-12-07T17:34:00.504+0000] {processor.py:186} INFO - Started process (PID=6516) to work on /home/airflow/.local/lib/python3.12/site-packages/airflow/example_dags/example_display_name.py
[2024-12-07T17:34:00.505+0000] {processor.py:914} INFO - Processing file /home/airflow/.local/lib/python3.12/site-packages/airflow/example_dags/example_display_name.py for tasks to queue
[2024-12-07T17:34:00.508+0000] {logging_mixin.py:190} INFO - [2024-12-07T17:34:00.508+0000] {dagbag.py:588} INFO - Filling up the DagBag from /home/airflow/.local/lib/python3.12/site-packages/airflow/example_dags/example_display_name.py
[2024-12-07T17:34:00.517+0000] {processor.py:925} INFO - DAG(s) 'example_display_name' retrieved from /home/airflow/.local/lib/python3.12/site-packages/airflow/example_dags/example_display_name.py
[2024-12-07T17:34:00.540+0000] {logging_mixin.py:190} INFO - [2024-12-07T17:34:00.540+0000] {dag.py:3239} INFO - Sync 1 DAGs
[2024-12-07T17:34:00.557+0000] {logging_mixin.py:190} INFO - [2024-12-07T17:34:00.557+0000] {dag.py:4180} INFO - Setting next_dagrun for example_display_name to None, run_after=None
[2024-12-07T17:34:00.581+0000] {processor.py:208} INFO - Processing /home/airflow/.local/lib/python3.12/site-packages/airflow/example_dags/example_display_name.py took 0.085 seconds
[2024-12-07T17:34:31.062+0000] {processor.py:186} INFO - Started process (PID=6792) to work on /home/airflow/.local/lib/python3.12/site-packages/airflow/example_dags/example_display_name.py
[2024-12-07T17:34:31.064+0000] {processor.py:914} INFO - Processing file /home/airflow/.local/lib/python3.12/site-packages/airflow/example_dags/example_display_name.py for tasks to queue
[2024-12-07T17:34:31.067+0000] {logging_mixin.py:190} INFO - [2024-12-07T17:34:31.066+0000] {dagbag.py:588} INFO - Filling up the DagBag from /home/airflow/.local/lib/python3.12/site-packages/airflow/example_dags/example_display_name.py
[2024-12-07T17:34:31.076+0000] {processor.py:925} INFO - DAG(s) 'example_display_name' retrieved from /home/airflow/.local/lib/python3.12/site-packages/airflow/example_dags/example_display_name.py
[2024-12-07T17:34:31.103+0000] {logging_mixin.py:190} INFO - [2024-12-07T17:34:31.103+0000] {dag.py:3239} INFO - Sync 1 DAGs
[2024-12-07T17:34:31.122+0000] {logging_mixin.py:190} INFO - [2024-12-07T17:34:31.122+0000] {dag.py:4180} INFO - Setting next_dagrun for example_display_name to None, run_after=None
[2024-12-07T17:34:31.150+0000] {processor.py:208} INFO - Processing /home/airflow/.local/lib/python3.12/site-packages/airflow/example_dags/example_display_name.py took 0.095 seconds
[2024-12-07T17:35:01.480+0000] {processor.py:186} INFO - Started process (PID=7083) to work on /home/airflow/.local/lib/python3.12/site-packages/airflow/example_dags/example_display_name.py
[2024-12-07T17:35:01.481+0000] {processor.py:914} INFO - Processing file /home/airflow/.local/lib/python3.12/site-packages/airflow/example_dags/example_display_name.py for tasks to queue
[2024-12-07T17:35:01.484+0000] {logging_mixin.py:190} INFO - [2024-12-07T17:35:01.484+0000] {dagbag.py:588} INFO - Filling up the DagBag from /home/airflow/.local/lib/python3.12/site-packages/airflow/example_dags/example_display_name.py
[2024-12-07T17:35:01.494+0000] {processor.py:925} INFO - DAG(s) 'example_display_name' retrieved from /home/airflow/.local/lib/python3.12/site-packages/airflow/example_dags/example_display_name.py
[2024-12-07T17:35:01.523+0000] {logging_mixin.py:190} INFO - [2024-12-07T17:35:01.522+0000] {dag.py:3239} INFO - Sync 1 DAGs
[2024-12-07T17:35:01.544+0000] {logging_mixin.py:190} INFO - [2024-12-07T17:35:01.544+0000] {dag.py:4180} INFO - Setting next_dagrun for example_display_name to None, run_after=None
[2024-12-07T17:35:01.573+0000] {processor.py:208} INFO - Processing /home/airflow/.local/lib/python3.12/site-packages/airflow/example_dags/example_display_name.py took 0.100 seconds
[2024-12-07T17:35:32.186+0000] {processor.py:186} INFO - Started process (PID=7372) to work on /home/airflow/.local/lib/python3.12/site-packages/airflow/example_dags/example_display_name.py
[2024-12-07T17:35:32.188+0000] {processor.py:914} INFO - Processing file /home/airflow/.local/lib/python3.12/site-packages/airflow/example_dags/example_display_name.py for tasks to queue
[2024-12-07T17:35:32.193+0000] {logging_mixin.py:190} INFO - [2024-12-07T17:35:32.192+0000] {dagbag.py:588} INFO - Filling up the DagBag from /home/airflow/.local/lib/python3.12/site-packages/airflow/example_dags/example_display_name.py
[2024-12-07T17:35:32.208+0000] {processor.py:925} INFO - DAG(s) 'example_display_name' retrieved from /home/airflow/.local/lib/python3.12/site-packages/airflow/example_dags/example_display_name.py
[2024-12-07T17:35:32.243+0000] {logging_mixin.py:190} INFO - [2024-12-07T17:35:32.243+0000] {dag.py:3239} INFO - Sync 1 DAGs
[2024-12-07T17:35:32.271+0000] {logging_mixin.py:190} INFO - [2024-12-07T17:35:32.270+0000] {dag.py:4180} INFO - Setting next_dagrun for example_display_name to None, run_after=None
[2024-12-07T17:35:32.850+0000] {processor.py:208} INFO - Processing /home/airflow/.local/lib/python3.12/site-packages/airflow/example_dags/example_display_name.py took 0.675 seconds
[2024-12-07T17:36:03.210+0000] {processor.py:186} INFO - Started process (PID=7660) to work on /home/airflow/.local/lib/python3.12/site-packages/airflow/example_dags/example_display_name.py
[2024-12-07T17:36:03.221+0000] {processor.py:914} INFO - Processing file /home/airflow/.local/lib/python3.12/site-packages/airflow/example_dags/example_display_name.py for tasks to queue
[2024-12-07T17:36:03.226+0000] {logging_mixin.py:190} INFO - [2024-12-07T17:36:03.225+0000] {dagbag.py:588} INFO - Filling up the DagBag from /home/airflow/.local/lib/python3.12/site-packages/airflow/example_dags/example_display_name.py
[2024-12-07T17:36:03.257+0000] {processor.py:925} INFO - DAG(s) 'example_display_name' retrieved from /home/airflow/.local/lib/python3.12/site-packages/airflow/example_dags/example_display_name.py
[2024-12-07T17:36:03.329+0000] {logging_mixin.py:190} INFO - [2024-12-07T17:36:03.318+0000] {dag.py:3239} INFO - Sync 1 DAGs
[2024-12-07T17:36:03.381+0000] {logging_mixin.py:190} INFO - [2024-12-07T17:36:03.380+0000] {dag.py:4180} INFO - Setting next_dagrun for example_display_name to None, run_after=None
[2024-12-07T17:36:03.438+0000] {processor.py:208} INFO - Processing /home/airflow/.local/lib/python3.12/site-packages/airflow/example_dags/example_display_name.py took 0.258 seconds
[2024-12-07T17:36:35.781+0000] {processor.py:186} INFO - Started process (PID=7952) to work on /home/airflow/.local/lib/python3.12/site-packages/airflow/example_dags/example_display_name.py
[2024-12-07T17:36:35.791+0000] {processor.py:914} INFO - Processing file /home/airflow/.local/lib/python3.12/site-packages/airflow/example_dags/example_display_name.py for tasks to queue
[2024-12-07T17:36:35.797+0000] {logging_mixin.py:190} INFO - [2024-12-07T17:36:35.796+0000] {dagbag.py:588} INFO - Filling up the DagBag from /home/airflow/.local/lib/python3.12/site-packages/airflow/example_dags/example_display_name.py
[2024-12-07T17:36:35.826+0000] {processor.py:925} INFO - DAG(s) 'example_display_name' retrieved from /home/airflow/.local/lib/python3.12/site-packages/airflow/example_dags/example_display_name.py
[2024-12-07T17:36:35.985+0000] {logging_mixin.py:190} INFO - [2024-12-07T17:36:35.975+0000] {dag.py:3239} INFO - Sync 1 DAGs
[2024-12-07T17:36:36.132+0000] {logging_mixin.py:190} INFO - [2024-12-07T17:36:36.131+0000] {dag.py:4180} INFO - Setting next_dagrun for example_display_name to None, run_after=None
[2024-12-07T17:36:36.407+0000] {processor.py:208} INFO - Processing /home/airflow/.local/lib/python3.12/site-packages/airflow/example_dags/example_display_name.py took 0.650 seconds
[2024-12-07T17:37:07.204+0000] {processor.py:186} INFO - Started process (PID=8242) to work on /home/airflow/.local/lib/python3.12/site-packages/airflow/example_dags/example_display_name.py
[2024-12-07T17:37:07.228+0000] {processor.py:914} INFO - Processing file /home/airflow/.local/lib/python3.12/site-packages/airflow/example_dags/example_display_name.py for tasks to queue
[2024-12-07T17:37:07.237+0000] {logging_mixin.py:190} INFO - [2024-12-07T17:37:07.236+0000] {dagbag.py:588} INFO - Filling up the DagBag from /home/airflow/.local/lib/python3.12/site-packages/airflow/example_dags/example_display_name.py
[2024-12-07T17:37:07.293+0000] {processor.py:925} INFO - DAG(s) 'example_display_name' retrieved from /home/airflow/.local/lib/python3.12/site-packages/airflow/example_dags/example_display_name.py
[2024-12-07T17:37:07.402+0000] {logging_mixin.py:190} INFO - [2024-12-07T17:37:07.402+0000] {dag.py:3239} INFO - Sync 1 DAGs
[2024-12-07T17:37:07.488+0000] {logging_mixin.py:190} INFO - [2024-12-07T17:37:07.488+0000] {dag.py:4180} INFO - Setting next_dagrun for example_display_name to None, run_after=None
[2024-12-07T17:37:07.578+0000] {processor.py:208} INFO - Processing /home/airflow/.local/lib/python3.12/site-packages/airflow/example_dags/example_display_name.py took 0.404 seconds
[2024-12-07T17:37:37.846+0000] {processor.py:186} INFO - Started process (PID=8530) to work on /home/airflow/.local/lib/python3.12/site-packages/airflow/example_dags/example_display_name.py
[2024-12-07T17:37:37.847+0000] {processor.py:914} INFO - Processing file /home/airflow/.local/lib/python3.12/site-packages/airflow/example_dags/example_display_name.py for tasks to queue
[2024-12-07T17:37:37.853+0000] {logging_mixin.py:190} INFO - [2024-12-07T17:37:37.852+0000] {dagbag.py:588} INFO - Filling up the DagBag from /home/airflow/.local/lib/python3.12/site-packages/airflow/example_dags/example_display_name.py
[2024-12-07T17:37:37.874+0000] {processor.py:925} INFO - DAG(s) 'example_display_name' retrieved from /home/airflow/.local/lib/python3.12/site-packages/airflow/example_dags/example_display_name.py
[2024-12-07T17:37:37.909+0000] {logging_mixin.py:190} INFO - [2024-12-07T17:37:37.908+0000] {dag.py:3239} INFO - Sync 1 DAGs
[2024-12-07T17:37:37.934+0000] {logging_mixin.py:190} INFO - [2024-12-07T17:37:37.934+0000] {dag.py:4180} INFO - Setting next_dagrun for example_display_name to None, run_after=None
[2024-12-07T17:37:37.974+0000] {processor.py:208} INFO - Processing /home/airflow/.local/lib/python3.12/site-packages/airflow/example_dags/example_display_name.py took 0.136 seconds
[2024-12-07T17:38:08.451+0000] {processor.py:186} INFO - Started process (PID=8819) to work on /home/airflow/.local/lib/python3.12/site-packages/airflow/example_dags/example_display_name.py
[2024-12-07T17:38:08.453+0000] {processor.py:914} INFO - Processing file /home/airflow/.local/lib/python3.12/site-packages/airflow/example_dags/example_display_name.py for tasks to queue
[2024-12-07T17:38:08.457+0000] {logging_mixin.py:190} INFO - [2024-12-07T17:38:08.457+0000] {dagbag.py:588} INFO - Filling up the DagBag from /home/airflow/.local/lib/python3.12/site-packages/airflow/example_dags/example_display_name.py
[2024-12-07T17:38:08.478+0000] {processor.py:925} INFO - DAG(s) 'example_display_name' retrieved from /home/airflow/.local/lib/python3.12/site-packages/airflow/example_dags/example_display_name.py
[2024-12-07T17:38:08.521+0000] {logging_mixin.py:190} INFO - [2024-12-07T17:38:08.520+0000] {dag.py:3239} INFO - Sync 1 DAGs
[2024-12-07T17:38:08.557+0000] {logging_mixin.py:190} INFO - [2024-12-07T17:38:08.557+0000] {dag.py:4180} INFO - Setting next_dagrun for example_display_name to None, run_after=None
[2024-12-07T17:38:08.587+0000] {processor.py:208} INFO - Processing /home/airflow/.local/lib/python3.12/site-packages/airflow/example_dags/example_display_name.py took 0.151 seconds
[2024-12-07T17:38:39.002+0000] {processor.py:186} INFO - Started process (PID=9107) to work on /home/airflow/.local/lib/python3.12/site-packages/airflow/example_dags/example_display_name.py
[2024-12-07T17:38:39.005+0000] {processor.py:914} INFO - Processing file /home/airflow/.local/lib/python3.12/site-packages/airflow/example_dags/example_display_name.py for tasks to queue
[2024-12-07T17:38:39.020+0000] {logging_mixin.py:190} INFO - [2024-12-07T17:38:39.019+0000] {dagbag.py:588} INFO - Filling up the DagBag from /home/airflow/.local/lib/python3.12/site-packages/airflow/example_dags/example_display_name.py
[2024-12-07T17:38:39.068+0000] {processor.py:925} INFO - DAG(s) 'example_display_name' retrieved from /home/airflow/.local/lib/python3.12/site-packages/airflow/example_dags/example_display_name.py
[2024-12-07T17:38:39.142+0000] {logging_mixin.py:190} INFO - [2024-12-07T17:38:39.140+0000] {dag.py:3239} INFO - Sync 1 DAGs
[2024-12-07T17:38:39.194+0000] {logging_mixin.py:190} INFO - [2024-12-07T17:38:39.194+0000] {dag.py:4180} INFO - Setting next_dagrun for example_display_name to None, run_after=None
[2024-12-07T17:38:39.234+0000] {processor.py:208} INFO - Processing /home/airflow/.local/lib/python3.12/site-packages/airflow/example_dags/example_display_name.py took 0.268 seconds
[2024-12-07T17:39:09.981+0000] {processor.py:186} INFO - Started process (PID=9398) to work on /home/airflow/.local/lib/python3.12/site-packages/airflow/example_dags/example_display_name.py
[2024-12-07T17:39:09.983+0000] {processor.py:914} INFO - Processing file /home/airflow/.local/lib/python3.12/site-packages/airflow/example_dags/example_display_name.py for tasks to queue
[2024-12-07T17:39:09.987+0000] {logging_mixin.py:190} INFO - [2024-12-07T17:39:09.987+0000] {dagbag.py:588} INFO - Filling up the DagBag from /home/airflow/.local/lib/python3.12/site-packages/airflow/example_dags/example_display_name.py
[2024-12-07T17:39:09.999+0000] {processor.py:925} INFO - DAG(s) 'example_display_name' retrieved from /home/airflow/.local/lib/python3.12/site-packages/airflow/example_dags/example_display_name.py
[2024-12-07T17:39:10.036+0000] {logging_mixin.py:190} INFO - [2024-12-07T17:39:10.036+0000] {dag.py:3239} INFO - Sync 1 DAGs
[2024-12-07T17:39:10.054+0000] {logging_mixin.py:190} INFO - [2024-12-07T17:39:10.054+0000] {dag.py:4180} INFO - Setting next_dagrun for example_display_name to None, run_after=None
[2024-12-07T17:39:10.078+0000] {processor.py:208} INFO - Processing /home/airflow/.local/lib/python3.12/site-packages/airflow/example_dags/example_display_name.py took 0.109 seconds
[2024-12-07T17:39:40.549+0000] {processor.py:186} INFO - Started process (PID=9690) to work on /home/airflow/.local/lib/python3.12/site-packages/airflow/example_dags/example_display_name.py
[2024-12-07T17:39:40.550+0000] {processor.py:914} INFO - Processing file /home/airflow/.local/lib/python3.12/site-packages/airflow/example_dags/example_display_name.py for tasks to queue
[2024-12-07T17:39:40.554+0000] {logging_mixin.py:190} INFO - [2024-12-07T17:39:40.554+0000] {dagbag.py:588} INFO - Filling up the DagBag from /home/airflow/.local/lib/python3.12/site-packages/airflow/example_dags/example_display_name.py
[2024-12-07T17:39:40.571+0000] {processor.py:925} INFO - DAG(s) 'example_display_name' retrieved from /home/airflow/.local/lib/python3.12/site-packages/airflow/example_dags/example_display_name.py
[2024-12-07T17:39:40.669+0000] {logging_mixin.py:190} INFO - [2024-12-07T17:39:40.668+0000] {dag.py:3239} INFO - Sync 1 DAGs
[2024-12-07T17:39:40.760+0000] {logging_mixin.py:190} INFO - [2024-12-07T17:39:40.760+0000] {dag.py:4180} INFO - Setting next_dagrun for example_display_name to None, run_after=None
[2024-12-07T17:39:40.793+0000] {processor.py:208} INFO - Processing /home/airflow/.local/lib/python3.12/site-packages/airflow/example_dags/example_display_name.py took 0.255 seconds
[2024-12-07T17:40:11.249+0000] {processor.py:186} INFO - Started process (PID=9981) to work on /home/airflow/.local/lib/python3.12/site-packages/airflow/example_dags/example_display_name.py
[2024-12-07T17:40:11.250+0000] {processor.py:914} INFO - Processing file /home/airflow/.local/lib/python3.12/site-packages/airflow/example_dags/example_display_name.py for tasks to queue
[2024-12-07T17:40:11.254+0000] {logging_mixin.py:190} INFO - [2024-12-07T17:40:11.253+0000] {dagbag.py:588} INFO - Filling up the DagBag from /home/airflow/.local/lib/python3.12/site-packages/airflow/example_dags/example_display_name.py
[2024-12-07T17:40:11.262+0000] {processor.py:925} INFO - DAG(s) 'example_display_name' retrieved from /home/airflow/.local/lib/python3.12/site-packages/airflow/example_dags/example_display_name.py
[2024-12-07T17:40:11.289+0000] {logging_mixin.py:190} INFO - [2024-12-07T17:40:11.288+0000] {dag.py:3239} INFO - Sync 1 DAGs
[2024-12-07T17:40:11.308+0000] {logging_mixin.py:190} INFO - [2024-12-07T17:40:11.308+0000] {dag.py:4180} INFO - Setting next_dagrun for example_display_name to None, run_after=None
[2024-12-07T17:40:11.333+0000] {processor.py:208} INFO - Processing /home/airflow/.local/lib/python3.12/site-packages/airflow/example_dags/example_display_name.py took 0.093 seconds
[2024-12-07T17:40:42.683+0000] {processor.py:186} INFO - Started process (PID=10268) to work on /home/airflow/.local/lib/python3.12/site-packages/airflow/example_dags/example_display_name.py
[2024-12-07T17:40:42.685+0000] {processor.py:914} INFO - Processing file /home/airflow/.local/lib/python3.12/site-packages/airflow/example_dags/example_display_name.py for tasks to queue
[2024-12-07T17:40:42.692+0000] {logging_mixin.py:190} INFO - [2024-12-07T17:40:42.691+0000] {dagbag.py:588} INFO - Filling up the DagBag from /home/airflow/.local/lib/python3.12/site-packages/airflow/example_dags/example_display_name.py
[2024-12-07T17:40:42.720+0000] {processor.py:925} INFO - DAG(s) 'example_display_name' retrieved from /home/airflow/.local/lib/python3.12/site-packages/airflow/example_dags/example_display_name.py
[2024-12-07T17:40:42.768+0000] {logging_mixin.py:190} INFO - [2024-12-07T17:40:42.768+0000] {dag.py:3239} INFO - Sync 1 DAGs
[2024-12-07T17:40:42.803+0000] {logging_mixin.py:190} INFO - [2024-12-07T17:40:42.803+0000] {dag.py:4180} INFO - Setting next_dagrun for example_display_name to None, run_after=None
[2024-12-07T17:40:42.856+0000] {processor.py:208} INFO - Processing /home/airflow/.local/lib/python3.12/site-packages/airflow/example_dags/example_display_name.py took 0.193 seconds
[2024-12-07T17:41:13.668+0000] {processor.py:186} INFO - Started process (PID=10556) to work on /home/airflow/.local/lib/python3.12/site-packages/airflow/example_dags/example_display_name.py
[2024-12-07T17:41:13.670+0000] {processor.py:914} INFO - Processing file /home/airflow/.local/lib/python3.12/site-packages/airflow/example_dags/example_display_name.py for tasks to queue
[2024-12-07T17:41:13.675+0000] {logging_mixin.py:190} INFO - [2024-12-07T17:41:13.675+0000] {dagbag.py:588} INFO - Filling up the DagBag from /home/airflow/.local/lib/python3.12/site-packages/airflow/example_dags/example_display_name.py
[2024-12-07T17:41:13.691+0000] {processor.py:925} INFO - DAG(s) 'example_display_name' retrieved from /home/airflow/.local/lib/python3.12/site-packages/airflow/example_dags/example_display_name.py
[2024-12-07T17:41:13.717+0000] {logging_mixin.py:190} INFO - [2024-12-07T17:41:13.717+0000] {dag.py:3239} INFO - Sync 1 DAGs
[2024-12-07T17:41:13.739+0000] {logging_mixin.py:190} INFO - [2024-12-07T17:41:13.739+0000] {dag.py:4180} INFO - Setting next_dagrun for example_display_name to None, run_after=None
[2024-12-07T17:41:13.767+0000] {processor.py:208} INFO - Processing /home/airflow/.local/lib/python3.12/site-packages/airflow/example_dags/example_display_name.py took 0.109 seconds
[2024-12-07T17:41:44.295+0000] {processor.py:186} INFO - Started process (PID=10848) to work on /home/airflow/.local/lib/python3.12/site-packages/airflow/example_dags/example_display_name.py
[2024-12-07T17:41:44.298+0000] {processor.py:914} INFO - Processing file /home/airflow/.local/lib/python3.12/site-packages/airflow/example_dags/example_display_name.py for tasks to queue
[2024-12-07T17:41:44.302+0000] {logging_mixin.py:190} INFO - [2024-12-07T17:41:44.301+0000] {dagbag.py:588} INFO - Filling up the DagBag from /home/airflow/.local/lib/python3.12/site-packages/airflow/example_dags/example_display_name.py
[2024-12-07T17:41:44.323+0000] {processor.py:925} INFO - DAG(s) 'example_display_name' retrieved from /home/airflow/.local/lib/python3.12/site-packages/airflow/example_dags/example_display_name.py
[2024-12-07T17:41:44.361+0000] {logging_mixin.py:190} INFO - [2024-12-07T17:41:44.361+0000] {dag.py:3239} INFO - Sync 1 DAGs
[2024-12-07T17:41:44.408+0000] {logging_mixin.py:190} INFO - [2024-12-07T17:41:44.407+0000] {dag.py:4180} INFO - Setting next_dagrun for example_display_name to None, run_after=None
[2024-12-07T17:41:44.440+0000] {processor.py:208} INFO - Processing /home/airflow/.local/lib/python3.12/site-packages/airflow/example_dags/example_display_name.py took 0.158 seconds
[2024-12-07T17:42:15.332+0000] {processor.py:186} INFO - Started process (PID=11140) to work on /home/airflow/.local/lib/python3.12/site-packages/airflow/example_dags/example_display_name.py
[2024-12-07T17:42:15.334+0000] {processor.py:914} INFO - Processing file /home/airflow/.local/lib/python3.12/site-packages/airflow/example_dags/example_display_name.py for tasks to queue
[2024-12-07T17:42:15.339+0000] {logging_mixin.py:190} INFO - [2024-12-07T17:42:15.338+0000] {dagbag.py:588} INFO - Filling up the DagBag from /home/airflow/.local/lib/python3.12/site-packages/airflow/example_dags/example_display_name.py
[2024-12-07T17:42:15.356+0000] {processor.py:925} INFO - DAG(s) 'example_display_name' retrieved from /home/airflow/.local/lib/python3.12/site-packages/airflow/example_dags/example_display_name.py
[2024-12-07T17:42:15.387+0000] {logging_mixin.py:190} INFO - [2024-12-07T17:42:15.387+0000] {dag.py:3239} INFO - Sync 1 DAGs
[2024-12-07T17:42:15.430+0000] {logging_mixin.py:190} INFO - [2024-12-07T17:42:15.430+0000] {dag.py:4180} INFO - Setting next_dagrun for example_display_name to None, run_after=None
[2024-12-07T17:42:15.466+0000] {processor.py:208} INFO - Processing /home/airflow/.local/lib/python3.12/site-packages/airflow/example_dags/example_display_name.py took 0.149 seconds
[2024-12-07T17:42:46.282+0000] {processor.py:186} INFO - Started process (PID=11431) to work on /home/airflow/.local/lib/python3.12/site-packages/airflow/example_dags/example_display_name.py
[2024-12-07T17:42:46.283+0000] {processor.py:914} INFO - Processing file /home/airflow/.local/lib/python3.12/site-packages/airflow/example_dags/example_display_name.py for tasks to queue
[2024-12-07T17:42:46.288+0000] {logging_mixin.py:190} INFO - [2024-12-07T17:42:46.287+0000] {dagbag.py:588} INFO - Filling up the DagBag from /home/airflow/.local/lib/python3.12/site-packages/airflow/example_dags/example_display_name.py
[2024-12-07T17:42:46.303+0000] {processor.py:925} INFO - DAG(s) 'example_display_name' retrieved from /home/airflow/.local/lib/python3.12/site-packages/airflow/example_dags/example_display_name.py
[2024-12-07T17:42:46.339+0000] {logging_mixin.py:190} INFO - [2024-12-07T17:42:46.339+0000] {dag.py:3239} INFO - Sync 1 DAGs
[2024-12-07T17:42:46.377+0000] {logging_mixin.py:190} INFO - [2024-12-07T17:42:46.376+0000] {dag.py:4180} INFO - Setting next_dagrun for example_display_name to None, run_after=None
[2024-12-07T17:42:46.468+0000] {processor.py:208} INFO - Processing /home/airflow/.local/lib/python3.12/site-packages/airflow/example_dags/example_display_name.py took 0.196 seconds
[2024-12-07T17:43:16.845+0000] {processor.py:186} INFO - Started process (PID=11723) to work on /home/airflow/.local/lib/python3.12/site-packages/airflow/example_dags/example_display_name.py
[2024-12-07T17:43:16.847+0000] {processor.py:914} INFO - Processing file /home/airflow/.local/lib/python3.12/site-packages/airflow/example_dags/example_display_name.py for tasks to queue
[2024-12-07T17:43:16.852+0000] {logging_mixin.py:190} INFO - [2024-12-07T17:43:16.852+0000] {dagbag.py:588} INFO - Filling up the DagBag from /home/airflow/.local/lib/python3.12/site-packages/airflow/example_dags/example_display_name.py
[2024-12-07T17:43:16.862+0000] {processor.py:925} INFO - DAG(s) 'example_display_name' retrieved from /home/airflow/.local/lib/python3.12/site-packages/airflow/example_dags/example_display_name.py
[2024-12-07T17:43:16.891+0000] {logging_mixin.py:190} INFO - [2024-12-07T17:43:16.890+0000] {dag.py:3239} INFO - Sync 1 DAGs
[2024-12-07T17:43:16.910+0000] {logging_mixin.py:190} INFO - [2024-12-07T17:43:16.910+0000] {dag.py:4180} INFO - Setting next_dagrun for example_display_name to None, run_after=None
[2024-12-07T17:43:16.948+0000] {processor.py:208} INFO - Processing /home/airflow/.local/lib/python3.12/site-packages/airflow/example_dags/example_display_name.py took 0.114 seconds
