[2024-12-07T17:22:28.492+0000] {processor.py:186} INFO - Started process (PID=226) to work on /home/airflow/.local/lib/python3.12/site-packages/airflow/example_dags/example_xcom.py
[2024-12-07T17:22:28.494+0000] {processor.py:914} INFO - Processing file /home/airflow/.local/lib/python3.12/site-packages/airflow/example_dags/example_xcom.py for tasks to queue
[2024-12-07T17:22:28.498+0000] {logging_mixin.py:190} INFO - [2024-12-07T17:22:28.498+0000] {dagbag.py:588} INFO - Filling up the DagBag from /home/airflow/.local/lib/python3.12/site-packages/airflow/example_dags/example_xcom.py
[2024-12-07T17:22:28.540+0000] {processor.py:925} INFO - DAG(s) 'example_xcom' retrieved from /home/airflow/.local/lib/python3.12/site-packages/airflow/example_dags/example_xcom.py
[2024-12-07T17:22:28.876+0000] {logging_mixin.py:190} INFO - [2024-12-07T17:22:28.875+0000] {override.py:1911} INFO - Created Permission View: can delete on DAG:example_xcom
[2024-12-07T17:22:28.905+0000] {logging_mixin.py:190} INFO - [2024-12-07T17:22:28.904+0000] {override.py:1911} INFO - Created Permission View: can read on DAG:example_xcom
[2024-12-07T17:22:28.966+0000] {logging_mixin.py:190} INFO - [2024-12-07T17:22:28.965+0000] {override.py:1911} INFO - Created Permission View: can edit on DAG:example_xcom
[2024-12-07T17:22:29.030+0000] {logging_mixin.py:190} INFO - [2024-12-07T17:22:29.029+0000] {override.py:1911} INFO - Created Permission View: menu access on DAG Run:example_xcom
[2024-12-07T17:22:29.071+0000] {logging_mixin.py:190} INFO - [2024-12-07T17:22:29.071+0000] {override.py:1911} INFO - Created Permission View: can delete on DAG Run:example_xcom
[2024-12-07T17:22:29.108+0000] {logging_mixin.py:190} INFO - [2024-12-07T17:22:29.107+0000] {override.py:1911} INFO - Created Permission View: can read on DAG Run:example_xcom
[2024-12-07T17:22:29.197+0000] {logging_mixin.py:190} INFO - [2024-12-07T17:22:29.196+0000] {override.py:1911} INFO - Created Permission View: can create on DAG Run:example_xcom
[2024-12-07T17:22:29.198+0000] {logging_mixin.py:190} INFO - [2024-12-07T17:22:29.198+0000] {dag.py:3239} INFO - Sync 1 DAGs
[2024-12-07T17:22:29.224+0000] {logging_mixin.py:190} INFO - [2024-12-07T17:22:29.223+0000] {dag.py:3262} INFO - Creating ORM DAG for example_xcom
[2024-12-07T17:22:29.239+0000] {logging_mixin.py:190} INFO - [2024-12-07T17:22:29.239+0000] {dag.py:4180} INFO - Setting next_dagrun for example_xcom to 2021-01-01 00:00:00+00:00, run_after=2021-01-01 00:00:00+00:00
[2024-12-07T17:22:29.288+0000] {processor.py:208} INFO - Processing /home/airflow/.local/lib/python3.12/site-packages/airflow/example_dags/example_xcom.py took 0.810 seconds
[2024-12-07T17:23:10.916+0000] {processor.py:186} INFO - Started process (PID=518) to work on /home/airflow/.local/lib/python3.12/site-packages/airflow/example_dags/example_xcom.py
[2024-12-07T17:23:10.918+0000] {processor.py:914} INFO - Processing file /home/airflow/.local/lib/python3.12/site-packages/airflow/example_dags/example_xcom.py for tasks to queue
[2024-12-07T17:23:10.925+0000] {logging_mixin.py:190} INFO - [2024-12-07T17:23:10.924+0000] {dagbag.py:588} INFO - Filling up the DagBag from /home/airflow/.local/lib/python3.12/site-packages/airflow/example_dags/example_xcom.py
[2024-12-07T17:23:10.948+0000] {processor.py:925} INFO - DAG(s) 'example_xcom' retrieved from /home/airflow/.local/lib/python3.12/site-packages/airflow/example_dags/example_xcom.py
[2024-12-07T17:23:11.002+0000] {logging_mixin.py:190} INFO - [2024-12-07T17:23:11.001+0000] {dag.py:3239} INFO - Sync 1 DAGs
[2024-12-07T17:23:11.068+0000] {logging_mixin.py:190} INFO - [2024-12-07T17:23:11.068+0000] {dag.py:4180} INFO - Setting next_dagrun for example_xcom to 2021-01-01 00:00:00+00:00, run_after=2021-01-01 00:00:00+00:00
[2024-12-07T17:23:11.143+0000] {processor.py:208} INFO - Processing /home/airflow/.local/lib/python3.12/site-packages/airflow/example_dags/example_xcom.py took 0.241 seconds
[2024-12-07T17:23:55.505+0000] {processor.py:186} INFO - Started process (PID=817) to work on /home/airflow/.local/lib/python3.12/site-packages/airflow/example_dags/example_xcom.py
[2024-12-07T17:23:55.507+0000] {processor.py:914} INFO - Processing file /home/airflow/.local/lib/python3.12/site-packages/airflow/example_dags/example_xcom.py for tasks to queue
[2024-12-07T17:23:55.511+0000] {logging_mixin.py:190} INFO - [2024-12-07T17:23:55.510+0000] {dagbag.py:588} INFO - Filling up the DagBag from /home/airflow/.local/lib/python3.12/site-packages/airflow/example_dags/example_xcom.py
[2024-12-07T17:23:55.530+0000] {processor.py:925} INFO - DAG(s) 'example_xcom' retrieved from /home/airflow/.local/lib/python3.12/site-packages/airflow/example_dags/example_xcom.py
[2024-12-07T17:23:55.602+0000] {logging_mixin.py:190} INFO - [2024-12-07T17:23:55.601+0000] {dag.py:3239} INFO - Sync 1 DAGs
[2024-12-07T17:23:55.675+0000] {logging_mixin.py:190} INFO - [2024-12-07T17:23:55.675+0000] {dag.py:4180} INFO - Setting next_dagrun for example_xcom to 2021-01-01 00:00:00+00:00, run_after=2021-01-01 00:00:00+00:00
[2024-12-07T17:23:55.778+0000] {processor.py:208} INFO - Processing /home/airflow/.local/lib/python3.12/site-packages/airflow/example_dags/example_xcom.py took 0.288 seconds
[2024-12-07T17:24:30.674+0000] {processor.py:186} INFO - Started process (PID=1106) to work on /home/airflow/.local/lib/python3.12/site-packages/airflow/example_dags/example_xcom.py
[2024-12-07T17:24:30.675+0000] {processor.py:914} INFO - Processing file /home/airflow/.local/lib/python3.12/site-packages/airflow/example_dags/example_xcom.py for tasks to queue
[2024-12-07T17:24:30.680+0000] {logging_mixin.py:190} INFO - [2024-12-07T17:24:30.680+0000] {dagbag.py:588} INFO - Filling up the DagBag from /home/airflow/.local/lib/python3.12/site-packages/airflow/example_dags/example_xcom.py
[2024-12-07T17:24:30.715+0000] {processor.py:925} INFO - DAG(s) 'example_xcom' retrieved from /home/airflow/.local/lib/python3.12/site-packages/airflow/example_dags/example_xcom.py
[2024-12-07T17:24:30.767+0000] {logging_mixin.py:190} INFO - [2024-12-07T17:24:30.767+0000] {dag.py:3239} INFO - Sync 1 DAGs
[2024-12-07T17:24:30.901+0000] {logging_mixin.py:190} INFO - [2024-12-07T17:24:30.901+0000] {dag.py:4180} INFO - Setting next_dagrun for example_xcom to 2021-01-01 00:00:00+00:00, run_after=2021-01-01 00:00:00+00:00
[2024-12-07T17:24:30.948+0000] {processor.py:208} INFO - Processing /home/airflow/.local/lib/python3.12/site-packages/airflow/example_dags/example_xcom.py took 0.293 seconds
[2024-12-07T17:25:01.313+0000] {processor.py:186} INFO - Started process (PID=1397) to work on /home/airflow/.local/lib/python3.12/site-packages/airflow/example_dags/example_xcom.py
[2024-12-07T17:25:01.315+0000] {processor.py:914} INFO - Processing file /home/airflow/.local/lib/python3.12/site-packages/airflow/example_dags/example_xcom.py for tasks to queue
[2024-12-07T17:25:01.318+0000] {logging_mixin.py:190} INFO - [2024-12-07T17:25:01.317+0000] {dagbag.py:588} INFO - Filling up the DagBag from /home/airflow/.local/lib/python3.12/site-packages/airflow/example_dags/example_xcom.py
[2024-12-07T17:25:01.329+0000] {processor.py:925} INFO - DAG(s) 'example_xcom' retrieved from /home/airflow/.local/lib/python3.12/site-packages/airflow/example_dags/example_xcom.py
[2024-12-07T17:25:01.364+0000] {logging_mixin.py:190} INFO - [2024-12-07T17:25:01.364+0000] {dag.py:3239} INFO - Sync 1 DAGs
[2024-12-07T17:25:01.408+0000] {logging_mixin.py:190} INFO - [2024-12-07T17:25:01.408+0000] {dag.py:4180} INFO - Setting next_dagrun for example_xcom to 2021-01-01 00:00:00+00:00, run_after=2021-01-01 00:00:00+00:00
[2024-12-07T17:25:01.445+0000] {processor.py:208} INFO - Processing /home/airflow/.local/lib/python3.12/site-packages/airflow/example_dags/example_xcom.py took 0.141 seconds
[2024-12-07T17:25:31.814+0000] {processor.py:186} INFO - Started process (PID=1686) to work on /home/airflow/.local/lib/python3.12/site-packages/airflow/example_dags/example_xcom.py
[2024-12-07T17:25:31.815+0000] {processor.py:914} INFO - Processing file /home/airflow/.local/lib/python3.12/site-packages/airflow/example_dags/example_xcom.py for tasks to queue
[2024-12-07T17:25:31.821+0000] {logging_mixin.py:190} INFO - [2024-12-07T17:25:31.820+0000] {dagbag.py:588} INFO - Filling up the DagBag from /home/airflow/.local/lib/python3.12/site-packages/airflow/example_dags/example_xcom.py
[2024-12-07T17:25:31.833+0000] {processor.py:925} INFO - DAG(s) 'example_xcom' retrieved from /home/airflow/.local/lib/python3.12/site-packages/airflow/example_dags/example_xcom.py
[2024-12-07T17:25:31.862+0000] {logging_mixin.py:190} INFO - [2024-12-07T17:25:31.862+0000] {dag.py:3239} INFO - Sync 1 DAGs
[2024-12-07T17:25:31.893+0000] {logging_mixin.py:190} INFO - [2024-12-07T17:25:31.893+0000] {dag.py:4180} INFO - Setting next_dagrun for example_xcom to 2021-01-01 00:00:00+00:00, run_after=2021-01-01 00:00:00+00:00
[2024-12-07T17:25:31.927+0000] {processor.py:208} INFO - Processing /home/airflow/.local/lib/python3.12/site-packages/airflow/example_dags/example_xcom.py took 0.121 seconds
[2024-12-07T17:26:02.819+0000] {processor.py:186} INFO - Started process (PID=1977) to work on /home/airflow/.local/lib/python3.12/site-packages/airflow/example_dags/example_xcom.py
[2024-12-07T17:26:02.821+0000] {processor.py:914} INFO - Processing file /home/airflow/.local/lib/python3.12/site-packages/airflow/example_dags/example_xcom.py for tasks to queue
[2024-12-07T17:26:02.824+0000] {logging_mixin.py:190} INFO - [2024-12-07T17:26:02.824+0000] {dagbag.py:588} INFO - Filling up the DagBag from /home/airflow/.local/lib/python3.12/site-packages/airflow/example_dags/example_xcom.py
[2024-12-07T17:26:02.841+0000] {processor.py:925} INFO - DAG(s) 'example_xcom' retrieved from /home/airflow/.local/lib/python3.12/site-packages/airflow/example_dags/example_xcom.py
[2024-12-07T17:26:02.873+0000] {logging_mixin.py:190} INFO - [2024-12-07T17:26:02.873+0000] {dag.py:3239} INFO - Sync 1 DAGs
[2024-12-07T17:26:02.925+0000] {logging_mixin.py:190} INFO - [2024-12-07T17:26:02.924+0000] {dag.py:4180} INFO - Setting next_dagrun for example_xcom to 2021-01-01 00:00:00+00:00, run_after=2021-01-01 00:00:00+00:00
[2024-12-07T17:26:03.697+0000] {processor.py:208} INFO - Processing /home/airflow/.local/lib/python3.12/site-packages/airflow/example_dags/example_xcom.py took 0.886 seconds
[2024-12-07T17:26:34.420+0000] {processor.py:186} INFO - Started process (PID=2267) to work on /home/airflow/.local/lib/python3.12/site-packages/airflow/example_dags/example_xcom.py
[2024-12-07T17:26:34.422+0000] {processor.py:914} INFO - Processing file /home/airflow/.local/lib/python3.12/site-packages/airflow/example_dags/example_xcom.py for tasks to queue
[2024-12-07T17:26:34.437+0000] {logging_mixin.py:190} INFO - [2024-12-07T17:26:34.436+0000] {dagbag.py:588} INFO - Filling up the DagBag from /home/airflow/.local/lib/python3.12/site-packages/airflow/example_dags/example_xcom.py
[2024-12-07T17:26:34.484+0000] {processor.py:925} INFO - DAG(s) 'example_xcom' retrieved from /home/airflow/.local/lib/python3.12/site-packages/airflow/example_dags/example_xcom.py
[2024-12-07T17:26:34.563+0000] {logging_mixin.py:190} INFO - [2024-12-07T17:26:34.562+0000] {dag.py:3239} INFO - Sync 1 DAGs
[2024-12-07T17:26:34.660+0000] {logging_mixin.py:190} INFO - [2024-12-07T17:26:34.660+0000] {dag.py:4180} INFO - Setting next_dagrun for example_xcom to 2021-01-01 00:00:00+00:00, run_after=2021-01-01 00:00:00+00:00
[2024-12-07T17:26:34.738+0000] {processor.py:208} INFO - Processing /home/airflow/.local/lib/python3.12/site-packages/airflow/example_dags/example_xcom.py took 0.342 seconds
[2024-12-07T17:27:05.010+0000] {processor.py:186} INFO - Started process (PID=2558) to work on /home/airflow/.local/lib/python3.12/site-packages/airflow/example_dags/example_xcom.py
[2024-12-07T17:27:05.011+0000] {processor.py:914} INFO - Processing file /home/airflow/.local/lib/python3.12/site-packages/airflow/example_dags/example_xcom.py for tasks to queue
[2024-12-07T17:27:05.015+0000] {logging_mixin.py:190} INFO - [2024-12-07T17:27:05.014+0000] {dagbag.py:588} INFO - Filling up the DagBag from /home/airflow/.local/lib/python3.12/site-packages/airflow/example_dags/example_xcom.py
[2024-12-07T17:27:05.027+0000] {processor.py:925} INFO - DAG(s) 'example_xcom' retrieved from /home/airflow/.local/lib/python3.12/site-packages/airflow/example_dags/example_xcom.py
[2024-12-07T17:27:05.063+0000] {logging_mixin.py:190} INFO - [2024-12-07T17:27:05.063+0000] {dag.py:3239} INFO - Sync 1 DAGs
[2024-12-07T17:27:05.102+0000] {logging_mixin.py:190} INFO - [2024-12-07T17:27:05.101+0000] {dag.py:4180} INFO - Setting next_dagrun for example_xcom to 2021-01-01 00:00:00+00:00, run_after=2021-01-01 00:00:00+00:00
[2024-12-07T17:27:05.134+0000] {processor.py:208} INFO - Processing /home/airflow/.local/lib/python3.12/site-packages/airflow/example_dags/example_xcom.py took 0.137 seconds
[2024-12-07T17:27:35.473+0000] {processor.py:186} INFO - Started process (PID=2849) to work on /home/airflow/.local/lib/python3.12/site-packages/airflow/example_dags/example_xcom.py
[2024-12-07T17:27:35.475+0000] {processor.py:914} INFO - Processing file /home/airflow/.local/lib/python3.12/site-packages/airflow/example_dags/example_xcom.py for tasks to queue
[2024-12-07T17:27:35.479+0000] {logging_mixin.py:190} INFO - [2024-12-07T17:27:35.478+0000] {dagbag.py:588} INFO - Filling up the DagBag from /home/airflow/.local/lib/python3.12/site-packages/airflow/example_dags/example_xcom.py
[2024-12-07T17:27:35.495+0000] {processor.py:925} INFO - DAG(s) 'example_xcom' retrieved from /home/airflow/.local/lib/python3.12/site-packages/airflow/example_dags/example_xcom.py
[2024-12-07T17:27:35.530+0000] {logging_mixin.py:190} INFO - [2024-12-07T17:27:35.529+0000] {dag.py:3239} INFO - Sync 1 DAGs
[2024-12-07T17:27:35.576+0000] {logging_mixin.py:190} INFO - [2024-12-07T17:27:35.575+0000] {dag.py:4180} INFO - Setting next_dagrun for example_xcom to 2021-01-01 00:00:00+00:00, run_after=2021-01-01 00:00:00+00:00
[2024-12-07T17:27:35.608+0000] {processor.py:208} INFO - Processing /home/airflow/.local/lib/python3.12/site-packages/airflow/example_dags/example_xcom.py took 0.151 seconds
[2024-12-07T17:28:06.001+0000] {processor.py:186} INFO - Started process (PID=3140) to work on /home/airflow/.local/lib/python3.12/site-packages/airflow/example_dags/example_xcom.py
[2024-12-07T17:28:06.003+0000] {processor.py:914} INFO - Processing file /home/airflow/.local/lib/python3.12/site-packages/airflow/example_dags/example_xcom.py for tasks to queue
[2024-12-07T17:28:06.018+0000] {logging_mixin.py:190} INFO - [2024-12-07T17:28:06.018+0000] {dagbag.py:588} INFO - Filling up the DagBag from /home/airflow/.local/lib/python3.12/site-packages/airflow/example_dags/example_xcom.py
[2024-12-07T17:28:06.067+0000] {processor.py:925} INFO - DAG(s) 'example_xcom' retrieved from /home/airflow/.local/lib/python3.12/site-packages/airflow/example_dags/example_xcom.py
[2024-12-07T17:28:06.152+0000] {logging_mixin.py:190} INFO - [2024-12-07T17:28:06.152+0000] {dag.py:3239} INFO - Sync 1 DAGs
[2024-12-07T17:28:06.295+0000] {logging_mixin.py:190} INFO - [2024-12-07T17:28:06.295+0000] {dag.py:4180} INFO - Setting next_dagrun for example_xcom to 2021-01-01 00:00:00+00:00, run_after=2021-01-01 00:00:00+00:00
[2024-12-07T17:28:06.437+0000] {processor.py:208} INFO - Processing /home/airflow/.local/lib/python3.12/site-packages/airflow/example_dags/example_xcom.py took 0.465 seconds
[2024-12-07T17:28:36.898+0000] {processor.py:186} INFO - Started process (PID=3431) to work on /home/airflow/.local/lib/python3.12/site-packages/airflow/example_dags/example_xcom.py
[2024-12-07T17:28:36.899+0000] {processor.py:914} INFO - Processing file /home/airflow/.local/lib/python3.12/site-packages/airflow/example_dags/example_xcom.py for tasks to queue
[2024-12-07T17:28:36.902+0000] {logging_mixin.py:190} INFO - [2024-12-07T17:28:36.902+0000] {dagbag.py:588} INFO - Filling up the DagBag from /home/airflow/.local/lib/python3.12/site-packages/airflow/example_dags/example_xcom.py
[2024-12-07T17:28:36.914+0000] {processor.py:925} INFO - DAG(s) 'example_xcom' retrieved from /home/airflow/.local/lib/python3.12/site-packages/airflow/example_dags/example_xcom.py
[2024-12-07T17:28:36.942+0000] {logging_mixin.py:190} INFO - [2024-12-07T17:28:36.942+0000] {dag.py:3239} INFO - Sync 1 DAGs
[2024-12-07T17:28:36.983+0000] {logging_mixin.py:190} INFO - [2024-12-07T17:28:36.982+0000] {dag.py:4180} INFO - Setting next_dagrun for example_xcom to 2021-01-01 00:00:00+00:00, run_after=2021-01-01 00:00:00+00:00
[2024-12-07T17:28:37.020+0000] {processor.py:208} INFO - Processing /home/airflow/.local/lib/python3.12/site-packages/airflow/example_dags/example_xcom.py took 0.130 seconds
[2024-12-07T17:29:07.893+0000] {processor.py:186} INFO - Started process (PID=3720) to work on /home/airflow/.local/lib/python3.12/site-packages/airflow/example_dags/example_xcom.py
[2024-12-07T17:29:07.895+0000] {processor.py:914} INFO - Processing file /home/airflow/.local/lib/python3.12/site-packages/airflow/example_dags/example_xcom.py for tasks to queue
[2024-12-07T17:29:07.902+0000] {logging_mixin.py:190} INFO - [2024-12-07T17:29:07.901+0000] {dagbag.py:588} INFO - Filling up the DagBag from /home/airflow/.local/lib/python3.12/site-packages/airflow/example_dags/example_xcom.py
[2024-12-07T17:29:07.927+0000] {processor.py:925} INFO - DAG(s) 'example_xcom' retrieved from /home/airflow/.local/lib/python3.12/site-packages/airflow/example_dags/example_xcom.py
[2024-12-07T17:29:07.971+0000] {logging_mixin.py:190} INFO - [2024-12-07T17:29:07.971+0000] {dag.py:3239} INFO - Sync 1 DAGs
[2024-12-07T17:29:08.115+0000] {logging_mixin.py:190} INFO - [2024-12-07T17:29:08.114+0000] {dag.py:4180} INFO - Setting next_dagrun for example_xcom to 2021-01-01 00:00:00+00:00, run_after=2021-01-01 00:00:00+00:00
[2024-12-07T17:29:08.194+0000] {processor.py:208} INFO - Processing /home/airflow/.local/lib/python3.12/site-packages/airflow/example_dags/example_xcom.py took 0.315 seconds
[2024-12-07T17:29:38.614+0000] {processor.py:186} INFO - Started process (PID=4013) to work on /home/airflow/.local/lib/python3.12/site-packages/airflow/example_dags/example_xcom.py
[2024-12-07T17:29:38.616+0000] {processor.py:914} INFO - Processing file /home/airflow/.local/lib/python3.12/site-packages/airflow/example_dags/example_xcom.py for tasks to queue
[2024-12-07T17:29:38.619+0000] {logging_mixin.py:190} INFO - [2024-12-07T17:29:38.618+0000] {dagbag.py:588} INFO - Filling up the DagBag from /home/airflow/.local/lib/python3.12/site-packages/airflow/example_dags/example_xcom.py
[2024-12-07T17:29:38.634+0000] {processor.py:925} INFO - DAG(s) 'example_xcom' retrieved from /home/airflow/.local/lib/python3.12/site-packages/airflow/example_dags/example_xcom.py
[2024-12-07T17:29:38.668+0000] {logging_mixin.py:190} INFO - [2024-12-07T17:29:38.667+0000] {dag.py:3239} INFO - Sync 1 DAGs
[2024-12-07T17:29:38.707+0000] {logging_mixin.py:190} INFO - [2024-12-07T17:29:38.707+0000] {dag.py:4180} INFO - Setting next_dagrun for example_xcom to 2021-01-01 00:00:00+00:00, run_after=2021-01-01 00:00:00+00:00
[2024-12-07T17:29:38.772+0000] {processor.py:208} INFO - Processing /home/airflow/.local/lib/python3.12/site-packages/airflow/example_dags/example_xcom.py took 0.166 seconds
[2024-12-07T17:30:08.892+0000] {processor.py:186} INFO - Started process (PID=4301) to work on /home/airflow/.local/lib/python3.12/site-packages/airflow/example_dags/example_xcom.py
[2024-12-07T17:30:08.893+0000] {processor.py:914} INFO - Processing file /home/airflow/.local/lib/python3.12/site-packages/airflow/example_dags/example_xcom.py for tasks to queue
[2024-12-07T17:30:08.896+0000] {logging_mixin.py:190} INFO - [2024-12-07T17:30:08.896+0000] {dagbag.py:588} INFO - Filling up the DagBag from /home/airflow/.local/lib/python3.12/site-packages/airflow/example_dags/example_xcom.py
[2024-12-07T17:30:08.910+0000] {processor.py:925} INFO - DAG(s) 'example_xcom' retrieved from /home/airflow/.local/lib/python3.12/site-packages/airflow/example_dags/example_xcom.py
[2024-12-07T17:30:08.947+0000] {logging_mixin.py:190} INFO - [2024-12-07T17:30:08.947+0000] {dag.py:3239} INFO - Sync 1 DAGs
[2024-12-07T17:30:08.979+0000] {logging_mixin.py:190} INFO - [2024-12-07T17:30:08.979+0000] {dag.py:4180} INFO - Setting next_dagrun for example_xcom to 2021-01-01 00:00:00+00:00, run_after=2021-01-01 00:00:00+00:00
[2024-12-07T17:30:09.047+0000] {processor.py:208} INFO - Processing /home/airflow/.local/lib/python3.12/site-packages/airflow/example_dags/example_xcom.py took 0.163 seconds
[2024-12-07T17:30:39.474+0000] {processor.py:186} INFO - Started process (PID=4590) to work on /home/airflow/.local/lib/python3.12/site-packages/airflow/example_dags/example_xcom.py
[2024-12-07T17:30:39.476+0000] {processor.py:914} INFO - Processing file /home/airflow/.local/lib/python3.12/site-packages/airflow/example_dags/example_xcom.py for tasks to queue
[2024-12-07T17:30:39.480+0000] {logging_mixin.py:190} INFO - [2024-12-07T17:30:39.480+0000] {dagbag.py:588} INFO - Filling up the DagBag from /home/airflow/.local/lib/python3.12/site-packages/airflow/example_dags/example_xcom.py
[2024-12-07T17:30:39.493+0000] {processor.py:925} INFO - DAG(s) 'example_xcom' retrieved from /home/airflow/.local/lib/python3.12/site-packages/airflow/example_dags/example_xcom.py
[2024-12-07T17:30:39.540+0000] {logging_mixin.py:190} INFO - [2024-12-07T17:30:39.539+0000] {dag.py:3239} INFO - Sync 1 DAGs
[2024-12-07T17:30:39.602+0000] {logging_mixin.py:190} INFO - [2024-12-07T17:30:39.602+0000] {dag.py:4180} INFO - Setting next_dagrun for example_xcom to 2021-01-01 00:00:00+00:00, run_after=2021-01-01 00:00:00+00:00
[2024-12-07T17:30:39.684+0000] {processor.py:208} INFO - Processing /home/airflow/.local/lib/python3.12/site-packages/airflow/example_dags/example_xcom.py took 0.221 seconds
[2024-12-07T17:31:10.410+0000] {processor.py:186} INFO - Started process (PID=4875) to work on /home/airflow/.local/lib/python3.12/site-packages/airflow/example_dags/example_xcom.py
[2024-12-07T17:31:10.412+0000] {processor.py:914} INFO - Processing file /home/airflow/.local/lib/python3.12/site-packages/airflow/example_dags/example_xcom.py for tasks to queue
[2024-12-07T17:31:10.418+0000] {logging_mixin.py:190} INFO - [2024-12-07T17:31:10.417+0000] {dagbag.py:588} INFO - Filling up the DagBag from /home/airflow/.local/lib/python3.12/site-packages/airflow/example_dags/example_xcom.py
[2024-12-07T17:31:10.447+0000] {processor.py:925} INFO - DAG(s) 'example_xcom' retrieved from /home/airflow/.local/lib/python3.12/site-packages/airflow/example_dags/example_xcom.py
[2024-12-07T17:31:10.501+0000] {logging_mixin.py:190} INFO - [2024-12-07T17:31:10.501+0000] {dag.py:3239} INFO - Sync 1 DAGs
[2024-12-07T17:31:10.571+0000] {logging_mixin.py:190} INFO - [2024-12-07T17:31:10.567+0000] {dag.py:4180} INFO - Setting next_dagrun for example_xcom to 2021-01-01 00:00:00+00:00, run_after=2021-01-01 00:00:00+00:00
[2024-12-07T17:31:10.649+0000] {processor.py:208} INFO - Processing /home/airflow/.local/lib/python3.12/site-packages/airflow/example_dags/example_xcom.py took 0.256 seconds
[2024-12-07T17:31:41.271+0000] {processor.py:186} INFO - Started process (PID=5166) to work on /home/airflow/.local/lib/python3.12/site-packages/airflow/example_dags/example_xcom.py
[2024-12-07T17:31:41.272+0000] {processor.py:914} INFO - Processing file /home/airflow/.local/lib/python3.12/site-packages/airflow/example_dags/example_xcom.py for tasks to queue
[2024-12-07T17:31:41.276+0000] {logging_mixin.py:190} INFO - [2024-12-07T17:31:41.275+0000] {dagbag.py:588} INFO - Filling up the DagBag from /home/airflow/.local/lib/python3.12/site-packages/airflow/example_dags/example_xcom.py
[2024-12-07T17:31:41.297+0000] {processor.py:925} INFO - DAG(s) 'example_xcom' retrieved from /home/airflow/.local/lib/python3.12/site-packages/airflow/example_dags/example_xcom.py
[2024-12-07T17:31:41.333+0000] {logging_mixin.py:190} INFO - [2024-12-07T17:31:41.333+0000] {dag.py:3239} INFO - Sync 1 DAGs
[2024-12-07T17:31:41.366+0000] {logging_mixin.py:190} INFO - [2024-12-07T17:31:41.365+0000] {dag.py:4180} INFO - Setting next_dagrun for example_xcom to 2021-01-01 00:00:00+00:00, run_after=2021-01-01 00:00:00+00:00
[2024-12-07T17:31:41.398+0000] {processor.py:208} INFO - Processing /home/airflow/.local/lib/python3.12/site-packages/airflow/example_dags/example_xcom.py took 0.148 seconds
[2024-12-07T17:32:12.038+0000] {processor.py:186} INFO - Started process (PID=5457) to work on /home/airflow/.local/lib/python3.12/site-packages/airflow/example_dags/example_xcom.py
[2024-12-07T17:32:12.040+0000] {processor.py:914} INFO - Processing file /home/airflow/.local/lib/python3.12/site-packages/airflow/example_dags/example_xcom.py for tasks to queue
[2024-12-07T17:32:12.044+0000] {logging_mixin.py:190} INFO - [2024-12-07T17:32:12.043+0000] {dagbag.py:588} INFO - Filling up the DagBag from /home/airflow/.local/lib/python3.12/site-packages/airflow/example_dags/example_xcom.py
[2024-12-07T17:32:12.065+0000] {processor.py:925} INFO - DAG(s) 'example_xcom' retrieved from /home/airflow/.local/lib/python3.12/site-packages/airflow/example_dags/example_xcom.py
[2024-12-07T17:32:12.172+0000] {logging_mixin.py:190} INFO - [2024-12-07T17:32:12.171+0000] {dag.py:3239} INFO - Sync 1 DAGs
[2024-12-07T17:32:12.230+0000] {logging_mixin.py:190} INFO - [2024-12-07T17:32:12.230+0000] {dag.py:4180} INFO - Setting next_dagrun for example_xcom to 2021-01-01 00:00:00+00:00, run_after=2021-01-01 00:00:00+00:00
[2024-12-07T17:32:12.304+0000] {processor.py:208} INFO - Processing /home/airflow/.local/lib/python3.12/site-packages/airflow/example_dags/example_xcom.py took 0.282 seconds
[2024-12-07T17:32:43.264+0000] {processor.py:186} INFO - Started process (PID=5747) to work on /home/airflow/.local/lib/python3.12/site-packages/airflow/example_dags/example_xcom.py
[2024-12-07T17:32:43.265+0000] {processor.py:914} INFO - Processing file /home/airflow/.local/lib/python3.12/site-packages/airflow/example_dags/example_xcom.py for tasks to queue
[2024-12-07T17:32:43.269+0000] {logging_mixin.py:190} INFO - [2024-12-07T17:32:43.268+0000] {dagbag.py:588} INFO - Filling up the DagBag from /home/airflow/.local/lib/python3.12/site-packages/airflow/example_dags/example_xcom.py
[2024-12-07T17:32:43.281+0000] {processor.py:925} INFO - DAG(s) 'example_xcom' retrieved from /home/airflow/.local/lib/python3.12/site-packages/airflow/example_dags/example_xcom.py
[2024-12-07T17:32:43.313+0000] {logging_mixin.py:190} INFO - [2024-12-07T17:32:43.312+0000] {dag.py:3239} INFO - Sync 1 DAGs
[2024-12-07T17:32:43.349+0000] {logging_mixin.py:190} INFO - [2024-12-07T17:32:43.349+0000] {dag.py:4180} INFO - Setting next_dagrun for example_xcom to 2021-01-01 00:00:00+00:00, run_after=2021-01-01 00:00:00+00:00
[2024-12-07T17:32:43.381+0000] {processor.py:208} INFO - Processing /home/airflow/.local/lib/python3.12/site-packages/airflow/example_dags/example_xcom.py took 0.127 seconds
[2024-12-07T17:33:13.480+0000] {processor.py:186} INFO - Started process (PID=6037) to work on /home/airflow/.local/lib/python3.12/site-packages/airflow/example_dags/example_xcom.py
[2024-12-07T17:33:13.481+0000] {processor.py:914} INFO - Processing file /home/airflow/.local/lib/python3.12/site-packages/airflow/example_dags/example_xcom.py for tasks to queue
[2024-12-07T17:33:13.484+0000] {logging_mixin.py:190} INFO - [2024-12-07T17:33:13.484+0000] {dagbag.py:588} INFO - Filling up the DagBag from /home/airflow/.local/lib/python3.12/site-packages/airflow/example_dags/example_xcom.py
[2024-12-07T17:33:13.499+0000] {processor.py:925} INFO - DAG(s) 'example_xcom' retrieved from /home/airflow/.local/lib/python3.12/site-packages/airflow/example_dags/example_xcom.py
[2024-12-07T17:33:13.528+0000] {logging_mixin.py:190} INFO - [2024-12-07T17:33:13.528+0000] {dag.py:3239} INFO - Sync 1 DAGs
[2024-12-07T17:33:13.559+0000] {logging_mixin.py:190} INFO - [2024-12-07T17:33:13.559+0000] {dag.py:4180} INFO - Setting next_dagrun for example_xcom to 2021-01-01 00:00:00+00:00, run_after=2021-01-01 00:00:00+00:00
[2024-12-07T17:33:13.586+0000] {processor.py:208} INFO - Processing /home/airflow/.local/lib/python3.12/site-packages/airflow/example_dags/example_xcom.py took 0.114 seconds
[2024-12-07T17:33:43.936+0000] {processor.py:186} INFO - Started process (PID=6328) to work on /home/airflow/.local/lib/python3.12/site-packages/airflow/example_dags/example_xcom.py
[2024-12-07T17:33:43.937+0000] {processor.py:914} INFO - Processing file /home/airflow/.local/lib/python3.12/site-packages/airflow/example_dags/example_xcom.py for tasks to queue
[2024-12-07T17:33:43.941+0000] {logging_mixin.py:190} INFO - [2024-12-07T17:33:43.941+0000] {dagbag.py:588} INFO - Filling up the DagBag from /home/airflow/.local/lib/python3.12/site-packages/airflow/example_dags/example_xcom.py
[2024-12-07T17:33:43.953+0000] {processor.py:925} INFO - DAG(s) 'example_xcom' retrieved from /home/airflow/.local/lib/python3.12/site-packages/airflow/example_dags/example_xcom.py
[2024-12-07T17:33:43.984+0000] {logging_mixin.py:190} INFO - [2024-12-07T17:33:43.983+0000] {dag.py:3239} INFO - Sync 1 DAGs
[2024-12-07T17:33:44.017+0000] {logging_mixin.py:190} INFO - [2024-12-07T17:33:44.017+0000] {dag.py:4180} INFO - Setting next_dagrun for example_xcom to 2021-01-01 00:00:00+00:00, run_after=2021-01-01 00:00:00+00:00
[2024-12-07T17:33:44.081+0000] {processor.py:208} INFO - Processing /home/airflow/.local/lib/python3.12/site-packages/airflow/example_dags/example_xcom.py took 0.155 seconds
[2024-12-07T17:34:14.448+0000] {processor.py:186} INFO - Started process (PID=6619) to work on /home/airflow/.local/lib/python3.12/site-packages/airflow/example_dags/example_xcom.py
[2024-12-07T17:34:14.449+0000] {processor.py:914} INFO - Processing file /home/airflow/.local/lib/python3.12/site-packages/airflow/example_dags/example_xcom.py for tasks to queue
[2024-12-07T17:34:14.452+0000] {logging_mixin.py:190} INFO - [2024-12-07T17:34:14.452+0000] {dagbag.py:588} INFO - Filling up the DagBag from /home/airflow/.local/lib/python3.12/site-packages/airflow/example_dags/example_xcom.py
[2024-12-07T17:34:14.464+0000] {processor.py:925} INFO - DAG(s) 'example_xcom' retrieved from /home/airflow/.local/lib/python3.12/site-packages/airflow/example_dags/example_xcom.py
[2024-12-07T17:34:14.499+0000] {logging_mixin.py:190} INFO - [2024-12-07T17:34:14.498+0000] {dag.py:3239} INFO - Sync 1 DAGs
[2024-12-07T17:34:14.534+0000] {logging_mixin.py:190} INFO - [2024-12-07T17:34:14.533+0000] {dag.py:4180} INFO - Setting next_dagrun for example_xcom to 2021-01-01 00:00:00+00:00, run_after=2021-01-01 00:00:00+00:00
[2024-12-07T17:34:14.562+0000] {processor.py:208} INFO - Processing /home/airflow/.local/lib/python3.12/site-packages/airflow/example_dags/example_xcom.py took 0.125 seconds
[2024-12-07T17:34:44.889+0000] {processor.py:186} INFO - Started process (PID=6910) to work on /home/airflow/.local/lib/python3.12/site-packages/airflow/example_dags/example_xcom.py
[2024-12-07T17:34:44.890+0000] {processor.py:914} INFO - Processing file /home/airflow/.local/lib/python3.12/site-packages/airflow/example_dags/example_xcom.py for tasks to queue
[2024-12-07T17:34:44.894+0000] {logging_mixin.py:190} INFO - [2024-12-07T17:34:44.894+0000] {dagbag.py:588} INFO - Filling up the DagBag from /home/airflow/.local/lib/python3.12/site-packages/airflow/example_dags/example_xcom.py
[2024-12-07T17:34:44.909+0000] {processor.py:925} INFO - DAG(s) 'example_xcom' retrieved from /home/airflow/.local/lib/python3.12/site-packages/airflow/example_dags/example_xcom.py
[2024-12-07T17:34:44.941+0000] {logging_mixin.py:190} INFO - [2024-12-07T17:34:44.941+0000] {dag.py:3239} INFO - Sync 1 DAGs
[2024-12-07T17:34:44.979+0000] {logging_mixin.py:190} INFO - [2024-12-07T17:34:44.979+0000] {dag.py:4180} INFO - Setting next_dagrun for example_xcom to 2021-01-01 00:00:00+00:00, run_after=2021-01-01 00:00:00+00:00
[2024-12-07T17:34:45.023+0000] {processor.py:208} INFO - Processing /home/airflow/.local/lib/python3.12/site-packages/airflow/example_dags/example_xcom.py took 0.146 seconds
[2024-12-07T17:35:15.247+0000] {processor.py:186} INFO - Started process (PID=7203) to work on /home/airflow/.local/lib/python3.12/site-packages/airflow/example_dags/example_xcom.py
[2024-12-07T17:35:15.249+0000] {processor.py:914} INFO - Processing file /home/airflow/.local/lib/python3.12/site-packages/airflow/example_dags/example_xcom.py for tasks to queue
[2024-12-07T17:35:15.257+0000] {logging_mixin.py:190} INFO - [2024-12-07T17:35:15.257+0000] {dagbag.py:588} INFO - Filling up the DagBag from /home/airflow/.local/lib/python3.12/site-packages/airflow/example_dags/example_xcom.py
[2024-12-07T17:35:15.272+0000] {processor.py:925} INFO - DAG(s) 'example_xcom' retrieved from /home/airflow/.local/lib/python3.12/site-packages/airflow/example_dags/example_xcom.py
[2024-12-07T17:35:15.298+0000] {logging_mixin.py:190} INFO - [2024-12-07T17:35:15.298+0000] {dag.py:3239} INFO - Sync 1 DAGs
[2024-12-07T17:35:15.332+0000] {logging_mixin.py:190} INFO - [2024-12-07T17:35:15.332+0000] {dag.py:4180} INFO - Setting next_dagrun for example_xcom to 2021-01-01 00:00:00+00:00, run_after=2021-01-01 00:00:00+00:00
[2024-12-07T17:35:15.362+0000] {processor.py:208} INFO - Processing /home/airflow/.local/lib/python3.12/site-packages/airflow/example_dags/example_xcom.py took 0.122 seconds
[2024-12-07T17:35:46.496+0000] {processor.py:186} INFO - Started process (PID=7492) to work on /home/airflow/.local/lib/python3.12/site-packages/airflow/example_dags/example_xcom.py
[2024-12-07T17:35:46.499+0000] {processor.py:914} INFO - Processing file /home/airflow/.local/lib/python3.12/site-packages/airflow/example_dags/example_xcom.py for tasks to queue
[2024-12-07T17:35:46.513+0000] {logging_mixin.py:190} INFO - [2024-12-07T17:35:46.511+0000] {dagbag.py:588} INFO - Filling up the DagBag from /home/airflow/.local/lib/python3.12/site-packages/airflow/example_dags/example_xcom.py
[2024-12-07T17:35:46.585+0000] {processor.py:925} INFO - DAG(s) 'example_xcom' retrieved from /home/airflow/.local/lib/python3.12/site-packages/airflow/example_dags/example_xcom.py
[2024-12-07T17:35:46.658+0000] {logging_mixin.py:190} INFO - [2024-12-07T17:35:46.654+0000] {dag.py:3239} INFO - Sync 1 DAGs
[2024-12-07T17:35:46.727+0000] {logging_mixin.py:190} INFO - [2024-12-07T17:35:46.727+0000] {dag.py:4180} INFO - Setting next_dagrun for example_xcom to 2021-01-01 00:00:00+00:00, run_after=2021-01-01 00:00:00+00:00
[2024-12-07T17:35:46.814+0000] {processor.py:208} INFO - Processing /home/airflow/.local/lib/python3.12/site-packages/airflow/example_dags/example_xcom.py took 0.341 seconds
[2024-12-07T17:36:16.980+0000] {processor.py:186} INFO - Started process (PID=7778) to work on /home/airflow/.local/lib/python3.12/site-packages/airflow/example_dags/example_xcom.py
[2024-12-07T17:36:16.981+0000] {processor.py:914} INFO - Processing file /home/airflow/.local/lib/python3.12/site-packages/airflow/example_dags/example_xcom.py for tasks to queue
[2024-12-07T17:36:16.984+0000] {logging_mixin.py:190} INFO - [2024-12-07T17:36:16.984+0000] {dagbag.py:588} INFO - Filling up the DagBag from /home/airflow/.local/lib/python3.12/site-packages/airflow/example_dags/example_xcom.py
[2024-12-07T17:36:16.995+0000] {processor.py:925} INFO - DAG(s) 'example_xcom' retrieved from /home/airflow/.local/lib/python3.12/site-packages/airflow/example_dags/example_xcom.py
[2024-12-07T17:36:17.022+0000] {logging_mixin.py:190} INFO - [2024-12-07T17:36:17.022+0000] {dag.py:3239} INFO - Sync 1 DAGs
[2024-12-07T17:36:17.053+0000] {logging_mixin.py:190} INFO - [2024-12-07T17:36:17.053+0000] {dag.py:4180} INFO - Setting next_dagrun for example_xcom to 2021-01-01 00:00:00+00:00, run_after=2021-01-01 00:00:00+00:00
[2024-12-07T17:36:17.081+0000] {processor.py:208} INFO - Processing /home/airflow/.local/lib/python3.12/site-packages/airflow/example_dags/example_xcom.py took 0.109 seconds
[2024-12-07T17:36:48.085+0000] {processor.py:186} INFO - Started process (PID=8070) to work on /home/airflow/.local/lib/python3.12/site-packages/airflow/example_dags/example_xcom.py
[2024-12-07T17:36:48.087+0000] {processor.py:914} INFO - Processing file /home/airflow/.local/lib/python3.12/site-packages/airflow/example_dags/example_xcom.py for tasks to queue
[2024-12-07T17:36:48.108+0000] {logging_mixin.py:190} INFO - [2024-12-07T17:36:48.107+0000] {dagbag.py:588} INFO - Filling up the DagBag from /home/airflow/.local/lib/python3.12/site-packages/airflow/example_dags/example_xcom.py
[2024-12-07T17:36:48.174+0000] {processor.py:925} INFO - DAG(s) 'example_xcom' retrieved from /home/airflow/.local/lib/python3.12/site-packages/airflow/example_dags/example_xcom.py
[2024-12-07T17:36:48.347+0000] {logging_mixin.py:190} INFO - [2024-12-07T17:36:48.346+0000] {dag.py:3239} INFO - Sync 1 DAGs
[2024-12-07T17:36:48.567+0000] {logging_mixin.py:190} INFO - [2024-12-07T17:36:48.559+0000] {dag.py:4180} INFO - Setting next_dagrun for example_xcom to 2021-01-01 00:00:00+00:00, run_after=2021-01-01 00:00:00+00:00
[2024-12-07T17:36:48.766+0000] {processor.py:208} INFO - Processing /home/airflow/.local/lib/python3.12/site-packages/airflow/example_dags/example_xcom.py took 0.716 seconds
[2024-12-07T17:37:19.694+0000] {processor.py:186} INFO - Started process (PID=8359) to work on /home/airflow/.local/lib/python3.12/site-packages/airflow/example_dags/example_xcom.py
[2024-12-07T17:37:19.696+0000] {processor.py:914} INFO - Processing file /home/airflow/.local/lib/python3.12/site-packages/airflow/example_dags/example_xcom.py for tasks to queue
[2024-12-07T17:37:19.700+0000] {logging_mixin.py:190} INFO - [2024-12-07T17:37:19.699+0000] {dagbag.py:588} INFO - Filling up the DagBag from /home/airflow/.local/lib/python3.12/site-packages/airflow/example_dags/example_xcom.py
[2024-12-07T17:37:19.721+0000] {processor.py:925} INFO - DAG(s) 'example_xcom' retrieved from /home/airflow/.local/lib/python3.12/site-packages/airflow/example_dags/example_xcom.py
[2024-12-07T17:37:19.752+0000] {logging_mixin.py:190} INFO - [2024-12-07T17:37:19.752+0000] {dag.py:3239} INFO - Sync 1 DAGs
[2024-12-07T17:37:19.799+0000] {logging_mixin.py:190} INFO - [2024-12-07T17:37:19.798+0000] {dag.py:4180} INFO - Setting next_dagrun for example_xcom to 2021-01-01 00:00:00+00:00, run_after=2021-01-01 00:00:00+00:00
[2024-12-07T17:37:19.836+0000] {processor.py:208} INFO - Processing /home/airflow/.local/lib/python3.12/site-packages/airflow/example_dags/example_xcom.py took 0.154 seconds
[2024-12-07T17:37:50.780+0000] {processor.py:186} INFO - Started process (PID=8656) to work on /home/airflow/.local/lib/python3.12/site-packages/airflow/example_dags/example_xcom.py
[2024-12-07T17:37:50.782+0000] {processor.py:914} INFO - Processing file /home/airflow/.local/lib/python3.12/site-packages/airflow/example_dags/example_xcom.py for tasks to queue
[2024-12-07T17:37:50.784+0000] {logging_mixin.py:190} INFO - [2024-12-07T17:37:50.784+0000] {dagbag.py:588} INFO - Filling up the DagBag from /home/airflow/.local/lib/python3.12/site-packages/airflow/example_dags/example_xcom.py
[2024-12-07T17:37:50.797+0000] {processor.py:925} INFO - DAG(s) 'example_xcom' retrieved from /home/airflow/.local/lib/python3.12/site-packages/airflow/example_dags/example_xcom.py
[2024-12-07T17:37:50.825+0000] {logging_mixin.py:190} INFO - [2024-12-07T17:37:50.825+0000] {dag.py:3239} INFO - Sync 1 DAGs
[2024-12-07T17:37:50.854+0000] {logging_mixin.py:190} INFO - [2024-12-07T17:37:50.853+0000] {dag.py:4180} INFO - Setting next_dagrun for example_xcom to 2021-01-01 00:00:00+00:00, run_after=2021-01-01 00:00:00+00:00
[2024-12-07T17:37:50.878+0000] {processor.py:208} INFO - Processing /home/airflow/.local/lib/python3.12/site-packages/airflow/example_dags/example_xcom.py took 0.106 seconds
[2024-12-07T17:38:21.505+0000] {processor.py:186} INFO - Started process (PID=8945) to work on /home/airflow/.local/lib/python3.12/site-packages/airflow/example_dags/example_xcom.py
[2024-12-07T17:38:21.535+0000] {processor.py:914} INFO - Processing file /home/airflow/.local/lib/python3.12/site-packages/airflow/example_dags/example_xcom.py for tasks to queue
[2024-12-07T17:38:21.547+0000] {logging_mixin.py:190} INFO - [2024-12-07T17:38:21.546+0000] {dagbag.py:588} INFO - Filling up the DagBag from /home/airflow/.local/lib/python3.12/site-packages/airflow/example_dags/example_xcom.py
[2024-12-07T17:38:21.589+0000] {processor.py:925} INFO - DAG(s) 'example_xcom' retrieved from /home/airflow/.local/lib/python3.12/site-packages/airflow/example_dags/example_xcom.py
[2024-12-07T17:38:21.636+0000] {logging_mixin.py:190} INFO - [2024-12-07T17:38:21.635+0000] {dag.py:3239} INFO - Sync 1 DAGs
[2024-12-07T17:38:21.676+0000] {logging_mixin.py:190} INFO - [2024-12-07T17:38:21.676+0000] {dag.py:4180} INFO - Setting next_dagrun for example_xcom to 2021-01-01 00:00:00+00:00, run_after=2021-01-01 00:00:00+00:00
[2024-12-07T17:38:21.718+0000] {processor.py:208} INFO - Processing /home/airflow/.local/lib/python3.12/site-packages/airflow/example_dags/example_xcom.py took 0.260 seconds
[2024-12-07T17:38:52.646+0000] {processor.py:186} INFO - Started process (PID=9236) to work on /home/airflow/.local/lib/python3.12/site-packages/airflow/example_dags/example_xcom.py
[2024-12-07T17:38:52.648+0000] {processor.py:914} INFO - Processing file /home/airflow/.local/lib/python3.12/site-packages/airflow/example_dags/example_xcom.py for tasks to queue
[2024-12-07T17:38:52.651+0000] {logging_mixin.py:190} INFO - [2024-12-07T17:38:52.651+0000] {dagbag.py:588} INFO - Filling up the DagBag from /home/airflow/.local/lib/python3.12/site-packages/airflow/example_dags/example_xcom.py
[2024-12-07T17:38:52.671+0000] {processor.py:925} INFO - DAG(s) 'example_xcom' retrieved from /home/airflow/.local/lib/python3.12/site-packages/airflow/example_dags/example_xcom.py
[2024-12-07T17:38:52.715+0000] {logging_mixin.py:190} INFO - [2024-12-07T17:38:52.714+0000] {dag.py:3239} INFO - Sync 1 DAGs
[2024-12-07T17:38:52.772+0000] {logging_mixin.py:190} INFO - [2024-12-07T17:38:52.772+0000] {dag.py:4180} INFO - Setting next_dagrun for example_xcom to 2021-01-01 00:00:00+00:00, run_after=2021-01-01 00:00:00+00:00
[2024-12-07T17:38:52.807+0000] {processor.py:208} INFO - Processing /home/airflow/.local/lib/python3.12/site-packages/airflow/example_dags/example_xcom.py took 0.171 seconds
[2024-12-07T17:39:23.050+0000] {processor.py:186} INFO - Started process (PID=9525) to work on /home/airflow/.local/lib/python3.12/site-packages/airflow/example_dags/example_xcom.py
[2024-12-07T17:39:23.052+0000] {processor.py:914} INFO - Processing file /home/airflow/.local/lib/python3.12/site-packages/airflow/example_dags/example_xcom.py for tasks to queue
[2024-12-07T17:39:23.056+0000] {logging_mixin.py:190} INFO - [2024-12-07T17:39:23.056+0000] {dagbag.py:588} INFO - Filling up the DagBag from /home/airflow/.local/lib/python3.12/site-packages/airflow/example_dags/example_xcom.py
[2024-12-07T17:39:23.076+0000] {processor.py:925} INFO - DAG(s) 'example_xcom' retrieved from /home/airflow/.local/lib/python3.12/site-packages/airflow/example_dags/example_xcom.py
[2024-12-07T17:39:23.118+0000] {logging_mixin.py:190} INFO - [2024-12-07T17:39:23.117+0000] {dag.py:3239} INFO - Sync 1 DAGs
[2024-12-07T17:39:23.167+0000] {logging_mixin.py:190} INFO - [2024-12-07T17:39:23.167+0000] {dag.py:4180} INFO - Setting next_dagrun for example_xcom to 2021-01-01 00:00:00+00:00, run_after=2021-01-01 00:00:00+00:00
[2024-12-07T17:39:23.204+0000] {processor.py:208} INFO - Processing /home/airflow/.local/lib/python3.12/site-packages/airflow/example_dags/example_xcom.py took 0.160 seconds
[2024-12-07T17:39:53.515+0000] {processor.py:186} INFO - Started process (PID=9816) to work on /home/airflow/.local/lib/python3.12/site-packages/airflow/example_dags/example_xcom.py
[2024-12-07T17:39:53.518+0000] {processor.py:914} INFO - Processing file /home/airflow/.local/lib/python3.12/site-packages/airflow/example_dags/example_xcom.py for tasks to queue
[2024-12-07T17:39:53.524+0000] {logging_mixin.py:190} INFO - [2024-12-07T17:39:53.523+0000] {dagbag.py:588} INFO - Filling up the DagBag from /home/airflow/.local/lib/python3.12/site-packages/airflow/example_dags/example_xcom.py
[2024-12-07T17:39:53.552+0000] {processor.py:925} INFO - DAG(s) 'example_xcom' retrieved from /home/airflow/.local/lib/python3.12/site-packages/airflow/example_dags/example_xcom.py
[2024-12-07T17:39:53.600+0000] {logging_mixin.py:190} INFO - [2024-12-07T17:39:53.600+0000] {dag.py:3239} INFO - Sync 1 DAGs
[2024-12-07T17:39:53.660+0000] {logging_mixin.py:190} INFO - [2024-12-07T17:39:53.659+0000] {dag.py:4180} INFO - Setting next_dagrun for example_xcom to 2021-01-01 00:00:00+00:00, run_after=2021-01-01 00:00:00+00:00
[2024-12-07T17:39:53.688+0000] {processor.py:208} INFO - Processing /home/airflow/.local/lib/python3.12/site-packages/airflow/example_dags/example_xcom.py took 0.189 seconds
[2024-12-07T17:40:24.192+0000] {processor.py:186} INFO - Started process (PID=10107) to work on /home/airflow/.local/lib/python3.12/site-packages/airflow/example_dags/example_xcom.py
[2024-12-07T17:40:24.193+0000] {processor.py:914} INFO - Processing file /home/airflow/.local/lib/python3.12/site-packages/airflow/example_dags/example_xcom.py for tasks to queue
[2024-12-07T17:40:24.197+0000] {logging_mixin.py:190} INFO - [2024-12-07T17:40:24.197+0000] {dagbag.py:588} INFO - Filling up the DagBag from /home/airflow/.local/lib/python3.12/site-packages/airflow/example_dags/example_xcom.py
[2024-12-07T17:40:24.211+0000] {processor.py:925} INFO - DAG(s) 'example_xcom' retrieved from /home/airflow/.local/lib/python3.12/site-packages/airflow/example_dags/example_xcom.py
[2024-12-07T17:40:24.244+0000] {logging_mixin.py:190} INFO - [2024-12-07T17:40:24.243+0000] {dag.py:3239} INFO - Sync 1 DAGs
[2024-12-07T17:40:24.276+0000] {logging_mixin.py:190} INFO - [2024-12-07T17:40:24.276+0000] {dag.py:4180} INFO - Setting next_dagrun for example_xcom to 2021-01-01 00:00:00+00:00, run_after=2021-01-01 00:00:00+00:00
[2024-12-07T17:40:24.300+0000] {processor.py:208} INFO - Processing /home/airflow/.local/lib/python3.12/site-packages/airflow/example_dags/example_xcom.py took 0.117 seconds
[2024-12-07T17:40:54.997+0000] {processor.py:186} INFO - Started process (PID=10396) to work on /home/airflow/.local/lib/python3.12/site-packages/airflow/example_dags/example_xcom.py
[2024-12-07T17:40:55.006+0000] {processor.py:914} INFO - Processing file /home/airflow/.local/lib/python3.12/site-packages/airflow/example_dags/example_xcom.py for tasks to queue
[2024-12-07T17:40:55.012+0000] {logging_mixin.py:190} INFO - [2024-12-07T17:40:55.011+0000] {dagbag.py:588} INFO - Filling up the DagBag from /home/airflow/.local/lib/python3.12/site-packages/airflow/example_dags/example_xcom.py
[2024-12-07T17:40:55.053+0000] {processor.py:925} INFO - DAG(s) 'example_xcom' retrieved from /home/airflow/.local/lib/python3.12/site-packages/airflow/example_dags/example_xcom.py
[2024-12-07T17:40:55.085+0000] {logging_mixin.py:190} INFO - [2024-12-07T17:40:55.085+0000] {dag.py:3239} INFO - Sync 1 DAGs
[2024-12-07T17:40:55.120+0000] {logging_mixin.py:190} INFO - [2024-12-07T17:40:55.119+0000] {dag.py:4180} INFO - Setting next_dagrun for example_xcom to 2021-01-01 00:00:00+00:00, run_after=2021-01-01 00:00:00+00:00
[2024-12-07T17:40:55.656+0000] {processor.py:208} INFO - Processing /home/airflow/.local/lib/python3.12/site-packages/airflow/example_dags/example_xcom.py took 0.889 seconds
[2024-12-07T17:41:26.475+0000] {processor.py:186} INFO - Started process (PID=10688) to work on /home/airflow/.local/lib/python3.12/site-packages/airflow/example_dags/example_xcom.py
[2024-12-07T17:41:26.476+0000] {processor.py:914} INFO - Processing file /home/airflow/.local/lib/python3.12/site-packages/airflow/example_dags/example_xcom.py for tasks to queue
[2024-12-07T17:41:26.480+0000] {logging_mixin.py:190} INFO - [2024-12-07T17:41:26.480+0000] {dagbag.py:588} INFO - Filling up the DagBag from /home/airflow/.local/lib/python3.12/site-packages/airflow/example_dags/example_xcom.py
[2024-12-07T17:41:26.495+0000] {processor.py:925} INFO - DAG(s) 'example_xcom' retrieved from /home/airflow/.local/lib/python3.12/site-packages/airflow/example_dags/example_xcom.py
[2024-12-07T17:41:26.543+0000] {logging_mixin.py:190} INFO - [2024-12-07T17:41:26.542+0000] {dag.py:3239} INFO - Sync 1 DAGs
[2024-12-07T17:41:26.601+0000] {logging_mixin.py:190} INFO - [2024-12-07T17:41:26.600+0000] {dag.py:4180} INFO - Setting next_dagrun for example_xcom to 2021-01-01 00:00:00+00:00, run_after=2021-01-01 00:00:00+00:00
[2024-12-07T17:41:26.653+0000] {processor.py:208} INFO - Processing /home/airflow/.local/lib/python3.12/site-packages/airflow/example_dags/example_xcom.py took 0.189 seconds
[2024-12-07T17:41:56.779+0000] {processor.py:186} INFO - Started process (PID=10977) to work on /home/airflow/.local/lib/python3.12/site-packages/airflow/example_dags/example_xcom.py
[2024-12-07T17:41:56.781+0000] {processor.py:914} INFO - Processing file /home/airflow/.local/lib/python3.12/site-packages/airflow/example_dags/example_xcom.py for tasks to queue
[2024-12-07T17:41:56.783+0000] {logging_mixin.py:190} INFO - [2024-12-07T17:41:56.783+0000] {dagbag.py:588} INFO - Filling up the DagBag from /home/airflow/.local/lib/python3.12/site-packages/airflow/example_dags/example_xcom.py
[2024-12-07T17:41:56.794+0000] {processor.py:925} INFO - DAG(s) 'example_xcom' retrieved from /home/airflow/.local/lib/python3.12/site-packages/airflow/example_dags/example_xcom.py
[2024-12-07T17:41:56.819+0000] {logging_mixin.py:190} INFO - [2024-12-07T17:41:56.818+0000] {dag.py:3239} INFO - Sync 1 DAGs
[2024-12-07T17:41:56.852+0000] {logging_mixin.py:190} INFO - [2024-12-07T17:41:56.852+0000] {dag.py:4180} INFO - Setting next_dagrun for example_xcom to 2021-01-01 00:00:00+00:00, run_after=2021-01-01 00:00:00+00:00
[2024-12-07T17:41:56.883+0000] {processor.py:208} INFO - Processing /home/airflow/.local/lib/python3.12/site-packages/airflow/example_dags/example_xcom.py took 0.111 seconds
[2024-12-07T17:42:27.577+0000] {processor.py:186} INFO - Started process (PID=11268) to work on /home/airflow/.local/lib/python3.12/site-packages/airflow/example_dags/example_xcom.py
[2024-12-07T17:42:27.581+0000] {processor.py:914} INFO - Processing file /home/airflow/.local/lib/python3.12/site-packages/airflow/example_dags/example_xcom.py for tasks to queue
[2024-12-07T17:42:27.588+0000] {logging_mixin.py:190} INFO - [2024-12-07T17:42:27.585+0000] {dagbag.py:588} INFO - Filling up the DagBag from /home/airflow/.local/lib/python3.12/site-packages/airflow/example_dags/example_xcom.py
[2024-12-07T17:42:27.626+0000] {processor.py:925} INFO - DAG(s) 'example_xcom' retrieved from /home/airflow/.local/lib/python3.12/site-packages/airflow/example_dags/example_xcom.py
[2024-12-07T17:42:27.715+0000] {logging_mixin.py:190} INFO - [2024-12-07T17:42:27.714+0000] {dag.py:3239} INFO - Sync 1 DAGs
[2024-12-07T17:42:27.813+0000] {logging_mixin.py:190} INFO - [2024-12-07T17:42:27.813+0000] {dag.py:4180} INFO - Setting next_dagrun for example_xcom to 2021-01-01 00:00:00+00:00, run_after=2021-01-01 00:00:00+00:00
[2024-12-07T17:42:27.877+0000] {processor.py:208} INFO - Processing /home/airflow/.local/lib/python3.12/site-packages/airflow/example_dags/example_xcom.py took 0.319 seconds
[2024-12-07T17:42:58.257+0000] {processor.py:186} INFO - Started process (PID=11560) to work on /home/airflow/.local/lib/python3.12/site-packages/airflow/example_dags/example_xcom.py
[2024-12-07T17:42:58.259+0000] {processor.py:914} INFO - Processing file /home/airflow/.local/lib/python3.12/site-packages/airflow/example_dags/example_xcom.py for tasks to queue
[2024-12-07T17:42:58.262+0000] {logging_mixin.py:190} INFO - [2024-12-07T17:42:58.261+0000] {dagbag.py:588} INFO - Filling up the DagBag from /home/airflow/.local/lib/python3.12/site-packages/airflow/example_dags/example_xcom.py
[2024-12-07T17:42:58.274+0000] {processor.py:925} INFO - DAG(s) 'example_xcom' retrieved from /home/airflow/.local/lib/python3.12/site-packages/airflow/example_dags/example_xcom.py
[2024-12-07T17:42:58.303+0000] {logging_mixin.py:190} INFO - [2024-12-07T17:42:58.303+0000] {dag.py:3239} INFO - Sync 1 DAGs
[2024-12-07T17:42:58.329+0000] {logging_mixin.py:190} INFO - [2024-12-07T17:42:58.329+0000] {dag.py:4180} INFO - Setting next_dagrun for example_xcom to 2021-01-01 00:00:00+00:00, run_after=2021-01-01 00:00:00+00:00
[2024-12-07T17:42:59.456+0000] {processor.py:208} INFO - Processing /home/airflow/.local/lib/python3.12/site-packages/airflow/example_dags/example_xcom.py took 1.207 seconds
[2024-12-07T17:43:30.078+0000] {processor.py:186} INFO - Started process (PID=11851) to work on /home/airflow/.local/lib/python3.12/site-packages/airflow/example_dags/example_xcom.py
[2024-12-07T17:43:30.079+0000] {processor.py:914} INFO - Processing file /home/airflow/.local/lib/python3.12/site-packages/airflow/example_dags/example_xcom.py for tasks to queue
[2024-12-07T17:43:30.083+0000] {logging_mixin.py:190} INFO - [2024-12-07T17:43:30.082+0000] {dagbag.py:588} INFO - Filling up the DagBag from /home/airflow/.local/lib/python3.12/site-packages/airflow/example_dags/example_xcom.py
[2024-12-07T17:43:30.105+0000] {processor.py:925} INFO - DAG(s) 'example_xcom' retrieved from /home/airflow/.local/lib/python3.12/site-packages/airflow/example_dags/example_xcom.py
[2024-12-07T17:43:30.156+0000] {logging_mixin.py:190} INFO - [2024-12-07T17:43:30.155+0000] {dag.py:3239} INFO - Sync 1 DAGs
[2024-12-07T17:43:30.187+0000] {logging_mixin.py:190} INFO - [2024-12-07T17:43:30.187+0000] {dag.py:4180} INFO - Setting next_dagrun for example_xcom to 2021-01-01 00:00:00+00:00, run_after=2021-01-01 00:00:00+00:00
[2024-12-07T17:43:30.218+0000] {processor.py:208} INFO - Processing /home/airflow/.local/lib/python3.12/site-packages/airflow/example_dags/example_xcom.py took 0.153 seconds
