[2024-12-07T17:22:55.983+0000] {processor.py:186} INFO - Started process (PID=410) to work on /home/airflow/.local/lib/python3.12/site-packages/airflow/example_dags/example_task_group_decorator.py
[2024-12-07T17:22:55.985+0000] {processor.py:914} INFO - Processing file /home/airflow/.local/lib/python3.12/site-packages/airflow/example_dags/example_task_group_decorator.py for tasks to queue
[2024-12-07T17:22:55.988+0000] {logging_mixin.py:190} INFO - [2024-12-07T17:22:55.988+0000] {dagbag.py:588} INFO - Filling up the DagBag from /home/airflow/.local/lib/python3.12/site-packages/airflow/example_dags/example_task_group_decorator.py
[2024-12-07T17:22:56.009+0000] {processor.py:925} INFO - DAG(s) 'example_task_group_decorator' retrieved from /home/airflow/.local/lib/python3.12/site-packages/airflow/example_dags/example_task_group_decorator.py
[2024-12-07T17:22:56.342+0000] {logging_mixin.py:190} INFO - [2024-12-07T17:22:56.341+0000] {override.py:1911} INFO - Created Permission View: can delete on DAG:example_task_group_decorator
[2024-12-07T17:22:56.357+0000] {logging_mixin.py:190} INFO - [2024-12-07T17:22:56.357+0000] {override.py:1911} INFO - Created Permission View: can read on DAG:example_task_group_decorator
[2024-12-07T17:22:56.369+0000] {logging_mixin.py:190} INFO - [2024-12-07T17:22:56.369+0000] {override.py:1911} INFO - Created Permission View: can edit on DAG:example_task_group_decorator
[2024-12-07T17:22:56.390+0000] {logging_mixin.py:190} INFO - [2024-12-07T17:22:56.390+0000] {override.py:1911} INFO - Created Permission View: menu access on DAG Run:example_task_group_decorator
[2024-12-07T17:22:56.404+0000] {logging_mixin.py:190} INFO - [2024-12-07T17:22:56.403+0000] {override.py:1911} INFO - Created Permission View: can delete on DAG Run:example_task_group_decorator
[2024-12-07T17:22:56.415+0000] {logging_mixin.py:190} INFO - [2024-12-07T17:22:56.415+0000] {override.py:1911} INFO - Created Permission View: can read on DAG Run:example_task_group_decorator
[2024-12-07T17:22:56.429+0000] {logging_mixin.py:190} INFO - [2024-12-07T17:22:56.428+0000] {override.py:1911} INFO - Created Permission View: can create on DAG Run:example_task_group_decorator
[2024-12-07T17:22:56.430+0000] {logging_mixin.py:190} INFO - [2024-12-07T17:22:56.429+0000] {dag.py:3239} INFO - Sync 1 DAGs
[2024-12-07T17:22:56.450+0000] {logging_mixin.py:190} INFO - [2024-12-07T17:22:56.450+0000] {dag.py:3262} INFO - Creating ORM DAG for example_task_group_decorator
[2024-12-07T17:22:56.451+0000] {logging_mixin.py:190} INFO - [2024-12-07T17:22:56.451+0000] {dag.py:4180} INFO - Setting next_dagrun for example_task_group_decorator to None, run_after=None
[2024-12-07T17:22:56.496+0000] {processor.py:208} INFO - Processing /home/airflow/.local/lib/python3.12/site-packages/airflow/example_dags/example_task_group_decorator.py took 0.521 seconds
[2024-12-07T17:23:29.172+0000] {processor.py:186} INFO - Started process (PID=699) to work on /home/airflow/.local/lib/python3.12/site-packages/airflow/example_dags/example_task_group_decorator.py
[2024-12-07T17:23:29.177+0000] {processor.py:914} INFO - Processing file /home/airflow/.local/lib/python3.12/site-packages/airflow/example_dags/example_task_group_decorator.py for tasks to queue
[2024-12-07T17:23:29.219+0000] {logging_mixin.py:190} INFO - [2024-12-07T17:23:29.218+0000] {dagbag.py:588} INFO - Filling up the DagBag from /home/airflow/.local/lib/python3.12/site-packages/airflow/example_dags/example_task_group_decorator.py
[2024-12-07T17:23:29.492+0000] {processor.py:925} INFO - DAG(s) 'example_task_group_decorator' retrieved from /home/airflow/.local/lib/python3.12/site-packages/airflow/example_dags/example_task_group_decorator.py
[2024-12-07T17:23:29.754+0000] {logging_mixin.py:190} INFO - [2024-12-07T17:23:29.754+0000] {dag.py:3239} INFO - Sync 1 DAGs
[2024-12-07T17:23:29.992+0000] {logging_mixin.py:190} INFO - [2024-12-07T17:23:29.992+0000] {dag.py:4180} INFO - Setting next_dagrun for example_task_group_decorator to None, run_after=None
[2024-12-07T17:23:30.424+0000] {processor.py:208} INFO - Processing /home/airflow/.local/lib/python3.12/site-packages/airflow/example_dags/example_task_group_decorator.py took 1.348 seconds
[2024-12-07T17:24:07.496+0000] {processor.py:186} INFO - Started process (PID=990) to work on /home/airflow/.local/lib/python3.12/site-packages/airflow/example_dags/example_task_group_decorator.py
[2024-12-07T17:24:07.512+0000] {processor.py:914} INFO - Processing file /home/airflow/.local/lib/python3.12/site-packages/airflow/example_dags/example_task_group_decorator.py for tasks to queue
[2024-12-07T17:24:07.517+0000] {logging_mixin.py:190} INFO - [2024-12-07T17:24:07.516+0000] {dagbag.py:588} INFO - Filling up the DagBag from /home/airflow/.local/lib/python3.12/site-packages/airflow/example_dags/example_task_group_decorator.py
[2024-12-07T17:24:07.615+0000] {processor.py:925} INFO - DAG(s) 'example_task_group_decorator' retrieved from /home/airflow/.local/lib/python3.12/site-packages/airflow/example_dags/example_task_group_decorator.py
[2024-12-07T17:24:07.752+0000] {logging_mixin.py:190} INFO - [2024-12-07T17:24:07.752+0000] {dag.py:3239} INFO - Sync 1 DAGs
[2024-12-07T17:24:07.871+0000] {logging_mixin.py:190} INFO - [2024-12-07T17:24:07.870+0000] {dag.py:4180} INFO - Setting next_dagrun for example_task_group_decorator to None, run_after=None
[2024-12-07T17:24:07.963+0000] {processor.py:208} INFO - Processing /home/airflow/.local/lib/python3.12/site-packages/airflow/example_dags/example_task_group_decorator.py took 0.493 seconds
[2024-12-07T17:24:39.429+0000] {processor.py:186} INFO - Started process (PID=1276) to work on /home/airflow/.local/lib/python3.12/site-packages/airflow/example_dags/example_task_group_decorator.py
[2024-12-07T17:24:39.433+0000] {processor.py:914} INFO - Processing file /home/airflow/.local/lib/python3.12/site-packages/airflow/example_dags/example_task_group_decorator.py for tasks to queue
[2024-12-07T17:24:39.438+0000] {logging_mixin.py:190} INFO - [2024-12-07T17:24:39.437+0000] {dagbag.py:588} INFO - Filling up the DagBag from /home/airflow/.local/lib/python3.12/site-packages/airflow/example_dags/example_task_group_decorator.py
[2024-12-07T17:24:39.501+0000] {processor.py:925} INFO - DAG(s) 'example_task_group_decorator' retrieved from /home/airflow/.local/lib/python3.12/site-packages/airflow/example_dags/example_task_group_decorator.py
[2024-12-07T17:24:39.581+0000] {logging_mixin.py:190} INFO - [2024-12-07T17:24:39.581+0000] {dag.py:3239} INFO - Sync 1 DAGs
[2024-12-07T17:24:39.624+0000] {logging_mixin.py:190} INFO - [2024-12-07T17:24:39.624+0000] {dag.py:4180} INFO - Setting next_dagrun for example_task_group_decorator to None, run_after=None
[2024-12-07T17:24:39.691+0000] {processor.py:208} INFO - Processing /home/airflow/.local/lib/python3.12/site-packages/airflow/example_dags/example_task_group_decorator.py took 0.277 seconds
[2024-12-07T17:25:11.344+0000] {processor.py:186} INFO - Started process (PID=1567) to work on /home/airflow/.local/lib/python3.12/site-packages/airflow/example_dags/example_task_group_decorator.py
[2024-12-07T17:25:11.356+0000] {processor.py:914} INFO - Processing file /home/airflow/.local/lib/python3.12/site-packages/airflow/example_dags/example_task_group_decorator.py for tasks to queue
[2024-12-07T17:25:11.361+0000] {logging_mixin.py:190} INFO - [2024-12-07T17:25:11.360+0000] {dagbag.py:588} INFO - Filling up the DagBag from /home/airflow/.local/lib/python3.12/site-packages/airflow/example_dags/example_task_group_decorator.py
[2024-12-07T17:25:11.455+0000] {processor.py:925} INFO - DAG(s) 'example_task_group_decorator' retrieved from /home/airflow/.local/lib/python3.12/site-packages/airflow/example_dags/example_task_group_decorator.py
[2024-12-07T17:25:11.540+0000] {logging_mixin.py:190} INFO - [2024-12-07T17:25:11.529+0000] {dag.py:3239} INFO - Sync 1 DAGs
[2024-12-07T17:25:11.621+0000] {logging_mixin.py:190} INFO - [2024-12-07T17:25:11.621+0000] {dag.py:4180} INFO - Setting next_dagrun for example_task_group_decorator to None, run_after=None
[2024-12-07T17:25:11.725+0000] {processor.py:208} INFO - Processing /home/airflow/.local/lib/python3.12/site-packages/airflow/example_dags/example_task_group_decorator.py took 0.402 seconds
[2024-12-07T17:25:42.499+0000] {processor.py:186} INFO - Started process (PID=1859) to work on /home/airflow/.local/lib/python3.12/site-packages/airflow/example_dags/example_task_group_decorator.py
[2024-12-07T17:25:42.502+0000] {processor.py:914} INFO - Processing file /home/airflow/.local/lib/python3.12/site-packages/airflow/example_dags/example_task_group_decorator.py for tasks to queue
[2024-12-07T17:25:42.508+0000] {logging_mixin.py:190} INFO - [2024-12-07T17:25:42.508+0000] {dagbag.py:588} INFO - Filling up the DagBag from /home/airflow/.local/lib/python3.12/site-packages/airflow/example_dags/example_task_group_decorator.py
[2024-12-07T17:25:42.543+0000] {processor.py:925} INFO - DAG(s) 'example_task_group_decorator' retrieved from /home/airflow/.local/lib/python3.12/site-packages/airflow/example_dags/example_task_group_decorator.py
[2024-12-07T17:25:42.614+0000] {logging_mixin.py:190} INFO - [2024-12-07T17:25:42.613+0000] {dag.py:3239} INFO - Sync 1 DAGs
[2024-12-07T17:25:42.647+0000] {logging_mixin.py:190} INFO - [2024-12-07T17:25:42.647+0000] {dag.py:4180} INFO - Setting next_dagrun for example_task_group_decorator to None, run_after=None
[2024-12-07T17:25:42.709+0000] {processor.py:208} INFO - Processing /home/airflow/.local/lib/python3.12/site-packages/airflow/example_dags/example_task_group_decorator.py took 0.226 seconds
[2024-12-07T17:26:13.029+0000] {processor.py:186} INFO - Started process (PID=2150) to work on /home/airflow/.local/lib/python3.12/site-packages/airflow/example_dags/example_task_group_decorator.py
[2024-12-07T17:26:13.033+0000] {processor.py:914} INFO - Processing file /home/airflow/.local/lib/python3.12/site-packages/airflow/example_dags/example_task_group_decorator.py for tasks to queue
[2024-12-07T17:26:13.037+0000] {logging_mixin.py:190} INFO - [2024-12-07T17:26:13.036+0000] {dagbag.py:588} INFO - Filling up the DagBag from /home/airflow/.local/lib/python3.12/site-packages/airflow/example_dags/example_task_group_decorator.py
[2024-12-07T17:26:13.071+0000] {processor.py:925} INFO - DAG(s) 'example_task_group_decorator' retrieved from /home/airflow/.local/lib/python3.12/site-packages/airflow/example_dags/example_task_group_decorator.py
[2024-12-07T17:26:13.120+0000] {logging_mixin.py:190} INFO - [2024-12-07T17:26:13.120+0000] {dag.py:3239} INFO - Sync 1 DAGs
[2024-12-07T17:26:13.148+0000] {logging_mixin.py:190} INFO - [2024-12-07T17:26:13.147+0000] {dag.py:4180} INFO - Setting next_dagrun for example_task_group_decorator to None, run_after=None
[2024-12-07T17:26:13.187+0000] {processor.py:208} INFO - Processing /home/airflow/.local/lib/python3.12/site-packages/airflow/example_dags/example_task_group_decorator.py took 0.167 seconds
[2024-12-07T17:26:43.262+0000] {processor.py:186} INFO - Started process (PID=2435) to work on /home/airflow/.local/lib/python3.12/site-packages/airflow/example_dags/example_task_group_decorator.py
[2024-12-07T17:26:43.264+0000] {processor.py:914} INFO - Processing file /home/airflow/.local/lib/python3.12/site-packages/airflow/example_dags/example_task_group_decorator.py for tasks to queue
[2024-12-07T17:26:43.268+0000] {logging_mixin.py:190} INFO - [2024-12-07T17:26:43.267+0000] {dagbag.py:588} INFO - Filling up the DagBag from /home/airflow/.local/lib/python3.12/site-packages/airflow/example_dags/example_task_group_decorator.py
[2024-12-07T17:26:43.288+0000] {processor.py:925} INFO - DAG(s) 'example_task_group_decorator' retrieved from /home/airflow/.local/lib/python3.12/site-packages/airflow/example_dags/example_task_group_decorator.py
[2024-12-07T17:26:43.316+0000] {logging_mixin.py:190} INFO - [2024-12-07T17:26:43.316+0000] {dag.py:3239} INFO - Sync 1 DAGs
[2024-12-07T17:26:43.384+0000] {logging_mixin.py:190} INFO - [2024-12-07T17:26:43.384+0000] {dag.py:4180} INFO - Setting next_dagrun for example_task_group_decorator to None, run_after=None
[2024-12-07T17:26:43.447+0000] {processor.py:208} INFO - Processing /home/airflow/.local/lib/python3.12/site-packages/airflow/example_dags/example_task_group_decorator.py took 0.194 seconds
[2024-12-07T17:27:14.051+0000] {processor.py:186} INFO - Started process (PID=2727) to work on /home/airflow/.local/lib/python3.12/site-packages/airflow/example_dags/example_task_group_decorator.py
[2024-12-07T17:27:14.052+0000] {processor.py:914} INFO - Processing file /home/airflow/.local/lib/python3.12/site-packages/airflow/example_dags/example_task_group_decorator.py for tasks to queue
[2024-12-07T17:27:14.056+0000] {logging_mixin.py:190} INFO - [2024-12-07T17:27:14.056+0000] {dagbag.py:588} INFO - Filling up the DagBag from /home/airflow/.local/lib/python3.12/site-packages/airflow/example_dags/example_task_group_decorator.py
[2024-12-07T17:27:14.080+0000] {processor.py:925} INFO - DAG(s) 'example_task_group_decorator' retrieved from /home/airflow/.local/lib/python3.12/site-packages/airflow/example_dags/example_task_group_decorator.py
[2024-12-07T17:27:14.123+0000] {logging_mixin.py:190} INFO - [2024-12-07T17:27:14.123+0000] {dag.py:3239} INFO - Sync 1 DAGs
[2024-12-07T17:27:14.145+0000] {logging_mixin.py:190} INFO - [2024-12-07T17:27:14.144+0000] {dag.py:4180} INFO - Setting next_dagrun for example_task_group_decorator to None, run_after=None
[2024-12-07T17:27:14.175+0000] {processor.py:208} INFO - Processing /home/airflow/.local/lib/python3.12/site-packages/airflow/example_dags/example_task_group_decorator.py took 0.136 seconds
[2024-12-07T17:27:44.416+0000] {processor.py:186} INFO - Started process (PID=3017) to work on /home/airflow/.local/lib/python3.12/site-packages/airflow/example_dags/example_task_group_decorator.py
[2024-12-07T17:27:44.417+0000] {processor.py:914} INFO - Processing file /home/airflow/.local/lib/python3.12/site-packages/airflow/example_dags/example_task_group_decorator.py for tasks to queue
[2024-12-07T17:27:44.421+0000] {logging_mixin.py:190} INFO - [2024-12-07T17:27:44.420+0000] {dagbag.py:588} INFO - Filling up the DagBag from /home/airflow/.local/lib/python3.12/site-packages/airflow/example_dags/example_task_group_decorator.py
[2024-12-07T17:27:44.440+0000] {processor.py:925} INFO - DAG(s) 'example_task_group_decorator' retrieved from /home/airflow/.local/lib/python3.12/site-packages/airflow/example_dags/example_task_group_decorator.py
[2024-12-07T17:27:44.469+0000] {logging_mixin.py:190} INFO - [2024-12-07T17:27:44.469+0000] {dag.py:3239} INFO - Sync 1 DAGs
[2024-12-07T17:27:44.486+0000] {logging_mixin.py:190} INFO - [2024-12-07T17:27:44.486+0000] {dag.py:4180} INFO - Setting next_dagrun for example_task_group_decorator to None, run_after=None
[2024-12-07T17:27:44.510+0000] {processor.py:208} INFO - Processing /home/airflow/.local/lib/python3.12/site-packages/airflow/example_dags/example_task_group_decorator.py took 0.107 seconds
[2024-12-07T17:28:20.250+0000] {processor.py:186} INFO - Started process (PID=3319) to work on /home/airflow/.local/lib/python3.12/site-packages/airflow/example_dags/example_task_group_decorator.py
[2024-12-07T17:28:20.252+0000] {processor.py:914} INFO - Processing file /home/airflow/.local/lib/python3.12/site-packages/airflow/example_dags/example_task_group_decorator.py for tasks to queue
[2024-12-07T17:28:20.258+0000] {logging_mixin.py:190} INFO - [2024-12-07T17:28:20.257+0000] {dagbag.py:588} INFO - Filling up the DagBag from /home/airflow/.local/lib/python3.12/site-packages/airflow/example_dags/example_task_group_decorator.py
[2024-12-07T17:28:20.340+0000] {processor.py:925} INFO - DAG(s) 'example_task_group_decorator' retrieved from /home/airflow/.local/lib/python3.12/site-packages/airflow/example_dags/example_task_group_decorator.py
[2024-12-07T17:28:20.472+0000] {logging_mixin.py:190} INFO - [2024-12-07T17:28:20.471+0000] {dag.py:3239} INFO - Sync 1 DAGs
[2024-12-07T17:28:20.627+0000] {logging_mixin.py:190} INFO - [2024-12-07T17:28:20.626+0000] {dag.py:4180} INFO - Setting next_dagrun for example_task_group_decorator to None, run_after=None
[2024-12-07T17:28:20.687+0000] {processor.py:208} INFO - Processing /home/airflow/.local/lib/python3.12/site-packages/airflow/example_dags/example_task_group_decorator.py took 0.458 seconds
[2024-12-07T17:28:54.716+0000] {processor.py:186} INFO - Started process (PID=3620) to work on /home/airflow/.local/lib/python3.12/site-packages/airflow/example_dags/example_task_group_decorator.py
[2024-12-07T17:28:54.718+0000] {processor.py:914} INFO - Processing file /home/airflow/.local/lib/python3.12/site-packages/airflow/example_dags/example_task_group_decorator.py for tasks to queue
[2024-12-07T17:28:54.729+0000] {logging_mixin.py:190} INFO - [2024-12-07T17:28:54.729+0000] {dagbag.py:588} INFO - Filling up the DagBag from /home/airflow/.local/lib/python3.12/site-packages/airflow/example_dags/example_task_group_decorator.py
[2024-12-07T17:28:54.798+0000] {processor.py:925} INFO - DAG(s) 'example_task_group_decorator' retrieved from /home/airflow/.local/lib/python3.12/site-packages/airflow/example_dags/example_task_group_decorator.py
[2024-12-07T17:28:54.891+0000] {logging_mixin.py:190} INFO - [2024-12-07T17:28:54.891+0000] {dag.py:3239} INFO - Sync 1 DAGs
[2024-12-07T17:28:54.956+0000] {logging_mixin.py:190} INFO - [2024-12-07T17:28:54.955+0000] {dag.py:4180} INFO - Setting next_dagrun for example_task_group_decorator to None, run_after=None
[2024-12-07T17:28:55.062+0000] {processor.py:208} INFO - Processing /home/airflow/.local/lib/python3.12/site-packages/airflow/example_dags/example_task_group_decorator.py took 0.369 seconds
[2024-12-07T17:29:25.175+0000] {processor.py:186} INFO - Started process (PID=3908) to work on /home/airflow/.local/lib/python3.12/site-packages/airflow/example_dags/example_task_group_decorator.py
[2024-12-07T17:29:25.179+0000] {processor.py:914} INFO - Processing file /home/airflow/.local/lib/python3.12/site-packages/airflow/example_dags/example_task_group_decorator.py for tasks to queue
[2024-12-07T17:29:25.185+0000] {logging_mixin.py:190} INFO - [2024-12-07T17:29:25.184+0000] {dagbag.py:588} INFO - Filling up the DagBag from /home/airflow/.local/lib/python3.12/site-packages/airflow/example_dags/example_task_group_decorator.py
[2024-12-07T17:29:25.231+0000] {processor.py:925} INFO - DAG(s) 'example_task_group_decorator' retrieved from /home/airflow/.local/lib/python3.12/site-packages/airflow/example_dags/example_task_group_decorator.py
[2024-12-07T17:29:25.308+0000] {logging_mixin.py:190} INFO - [2024-12-07T17:29:25.307+0000] {dag.py:3239} INFO - Sync 1 DAGs
[2024-12-07T17:29:25.335+0000] {logging_mixin.py:190} INFO - [2024-12-07T17:29:25.332+0000] {dag.py:4180} INFO - Setting next_dagrun for example_task_group_decorator to None, run_after=None
[2024-12-07T17:29:25.403+0000] {processor.py:208} INFO - Processing /home/airflow/.local/lib/python3.12/site-packages/airflow/example_dags/example_task_group_decorator.py took 0.245 seconds
[2024-12-07T17:29:55.619+0000] {processor.py:186} INFO - Started process (PID=4199) to work on /home/airflow/.local/lib/python3.12/site-packages/airflow/example_dags/example_task_group_decorator.py
[2024-12-07T17:29:55.621+0000] {processor.py:914} INFO - Processing file /home/airflow/.local/lib/python3.12/site-packages/airflow/example_dags/example_task_group_decorator.py for tasks to queue
[2024-12-07T17:29:55.624+0000] {logging_mixin.py:190} INFO - [2024-12-07T17:29:55.623+0000] {dagbag.py:588} INFO - Filling up the DagBag from /home/airflow/.local/lib/python3.12/site-packages/airflow/example_dags/example_task_group_decorator.py
[2024-12-07T17:29:55.650+0000] {processor.py:925} INFO - DAG(s) 'example_task_group_decorator' retrieved from /home/airflow/.local/lib/python3.12/site-packages/airflow/example_dags/example_task_group_decorator.py
[2024-12-07T17:29:55.688+0000] {logging_mixin.py:190} INFO - [2024-12-07T17:29:55.688+0000] {dag.py:3239} INFO - Sync 1 DAGs
[2024-12-07T17:29:55.710+0000] {logging_mixin.py:190} INFO - [2024-12-07T17:29:55.710+0000] {dag.py:4180} INFO - Setting next_dagrun for example_task_group_decorator to None, run_after=None
[2024-12-07T17:29:55.743+0000] {processor.py:208} INFO - Processing /home/airflow/.local/lib/python3.12/site-packages/airflow/example_dags/example_task_group_decorator.py took 0.131 seconds
[2024-12-07T17:30:26.417+0000] {processor.py:186} INFO - Started process (PID=4490) to work on /home/airflow/.local/lib/python3.12/site-packages/airflow/example_dags/example_task_group_decorator.py
[2024-12-07T17:30:26.419+0000] {processor.py:914} INFO - Processing file /home/airflow/.local/lib/python3.12/site-packages/airflow/example_dags/example_task_group_decorator.py for tasks to queue
[2024-12-07T17:30:26.422+0000] {logging_mixin.py:190} INFO - [2024-12-07T17:30:26.421+0000] {dagbag.py:588} INFO - Filling up the DagBag from /home/airflow/.local/lib/python3.12/site-packages/airflow/example_dags/example_task_group_decorator.py
[2024-12-07T17:30:26.451+0000] {processor.py:925} INFO - DAG(s) 'example_task_group_decorator' retrieved from /home/airflow/.local/lib/python3.12/site-packages/airflow/example_dags/example_task_group_decorator.py
[2024-12-07T17:30:26.485+0000] {logging_mixin.py:190} INFO - [2024-12-07T17:30:26.485+0000] {dag.py:3239} INFO - Sync 1 DAGs
[2024-12-07T17:30:26.506+0000] {logging_mixin.py:190} INFO - [2024-12-07T17:30:26.506+0000] {dag.py:4180} INFO - Setting next_dagrun for example_task_group_decorator to None, run_after=None
[2024-12-07T17:30:26.536+0000] {processor.py:208} INFO - Processing /home/airflow/.local/lib/python3.12/site-packages/airflow/example_dags/example_task_group_decorator.py took 0.127 seconds
[2024-12-07T17:30:56.905+0000] {processor.py:186} INFO - Started process (PID=4780) to work on /home/airflow/.local/lib/python3.12/site-packages/airflow/example_dags/example_task_group_decorator.py
[2024-12-07T17:30:56.907+0000] {processor.py:914} INFO - Processing file /home/airflow/.local/lib/python3.12/site-packages/airflow/example_dags/example_task_group_decorator.py for tasks to queue
[2024-12-07T17:30:56.912+0000] {logging_mixin.py:190} INFO - [2024-12-07T17:30:56.911+0000] {dagbag.py:588} INFO - Filling up the DagBag from /home/airflow/.local/lib/python3.12/site-packages/airflow/example_dags/example_task_group_decorator.py
[2024-12-07T17:30:56.947+0000] {processor.py:925} INFO - DAG(s) 'example_task_group_decorator' retrieved from /home/airflow/.local/lib/python3.12/site-packages/airflow/example_dags/example_task_group_decorator.py
[2024-12-07T17:30:57.002+0000] {logging_mixin.py:190} INFO - [2024-12-07T17:30:57.001+0000] {dag.py:3239} INFO - Sync 1 DAGs
[2024-12-07T17:30:57.024+0000] {logging_mixin.py:190} INFO - [2024-12-07T17:30:57.024+0000] {dag.py:4180} INFO - Setting next_dagrun for example_task_group_decorator to None, run_after=None
[2024-12-07T17:30:57.055+0000] {processor.py:208} INFO - Processing /home/airflow/.local/lib/python3.12/site-packages/airflow/example_dags/example_task_group_decorator.py took 0.159 seconds
[2024-12-07T17:31:27.504+0000] {processor.py:186} INFO - Started process (PID=5071) to work on /home/airflow/.local/lib/python3.12/site-packages/airflow/example_dags/example_task_group_decorator.py
[2024-12-07T17:31:27.506+0000] {processor.py:914} INFO - Processing file /home/airflow/.local/lib/python3.12/site-packages/airflow/example_dags/example_task_group_decorator.py for tasks to queue
[2024-12-07T17:31:27.509+0000] {logging_mixin.py:190} INFO - [2024-12-07T17:31:27.508+0000] {dagbag.py:588} INFO - Filling up the DagBag from /home/airflow/.local/lib/python3.12/site-packages/airflow/example_dags/example_task_group_decorator.py
[2024-12-07T17:31:27.532+0000] {processor.py:925} INFO - DAG(s) 'example_task_group_decorator' retrieved from /home/airflow/.local/lib/python3.12/site-packages/airflow/example_dags/example_task_group_decorator.py
[2024-12-07T17:31:27.574+0000] {logging_mixin.py:190} INFO - [2024-12-07T17:31:27.574+0000] {dag.py:3239} INFO - Sync 1 DAGs
[2024-12-07T17:31:27.597+0000] {logging_mixin.py:190} INFO - [2024-12-07T17:31:27.597+0000] {dag.py:4180} INFO - Setting next_dagrun for example_task_group_decorator to None, run_after=None
[2024-12-07T17:31:27.629+0000] {processor.py:208} INFO - Processing /home/airflow/.local/lib/python3.12/site-packages/airflow/example_dags/example_task_group_decorator.py took 0.134 seconds
[2024-12-07T17:31:58.050+0000] {processor.py:186} INFO - Started process (PID=5362) to work on /home/airflow/.local/lib/python3.12/site-packages/airflow/example_dags/example_task_group_decorator.py
[2024-12-07T17:31:58.052+0000] {processor.py:914} INFO - Processing file /home/airflow/.local/lib/python3.12/site-packages/airflow/example_dags/example_task_group_decorator.py for tasks to queue
[2024-12-07T17:31:58.058+0000] {logging_mixin.py:190} INFO - [2024-12-07T17:31:58.057+0000] {dagbag.py:588} INFO - Filling up the DagBag from /home/airflow/.local/lib/python3.12/site-packages/airflow/example_dags/example_task_group_decorator.py
[2024-12-07T17:31:58.117+0000] {processor.py:925} INFO - DAG(s) 'example_task_group_decorator' retrieved from /home/airflow/.local/lib/python3.12/site-packages/airflow/example_dags/example_task_group_decorator.py
[2024-12-07T17:31:58.166+0000] {logging_mixin.py:190} INFO - [2024-12-07T17:31:58.166+0000] {dag.py:3239} INFO - Sync 1 DAGs
[2024-12-07T17:31:58.186+0000] {logging_mixin.py:190} INFO - [2024-12-07T17:31:58.185+0000] {dag.py:4180} INFO - Setting next_dagrun for example_task_group_decorator to None, run_after=None
[2024-12-07T17:31:58.212+0000] {processor.py:208} INFO - Processing /home/airflow/.local/lib/python3.12/site-packages/airflow/example_dags/example_task_group_decorator.py took 0.174 seconds
[2024-12-07T17:32:28.293+0000] {processor.py:186} INFO - Started process (PID=5649) to work on /home/airflow/.local/lib/python3.12/site-packages/airflow/example_dags/example_task_group_decorator.py
[2024-12-07T17:32:28.294+0000] {processor.py:914} INFO - Processing file /home/airflow/.local/lib/python3.12/site-packages/airflow/example_dags/example_task_group_decorator.py for tasks to queue
[2024-12-07T17:32:28.297+0000] {logging_mixin.py:190} INFO - [2024-12-07T17:32:28.297+0000] {dagbag.py:588} INFO - Filling up the DagBag from /home/airflow/.local/lib/python3.12/site-packages/airflow/example_dags/example_task_group_decorator.py
[2024-12-07T17:32:28.327+0000] {processor.py:925} INFO - DAG(s) 'example_task_group_decorator' retrieved from /home/airflow/.local/lib/python3.12/site-packages/airflow/example_dags/example_task_group_decorator.py
[2024-12-07T17:32:28.370+0000] {logging_mixin.py:190} INFO - [2024-12-07T17:32:28.369+0000] {dag.py:3239} INFO - Sync 1 DAGs
[2024-12-07T17:32:28.394+0000] {logging_mixin.py:190} INFO - [2024-12-07T17:32:28.394+0000] {dag.py:4180} INFO - Setting next_dagrun for example_task_group_decorator to None, run_after=None
[2024-12-07T17:32:28.427+0000] {processor.py:208} INFO - Processing /home/airflow/.local/lib/python3.12/site-packages/airflow/example_dags/example_task_group_decorator.py took 0.142 seconds
[2024-12-07T17:32:59.594+0000] {processor.py:186} INFO - Started process (PID=5937) to work on /home/airflow/.local/lib/python3.12/site-packages/airflow/example_dags/example_task_group_decorator.py
[2024-12-07T17:32:59.595+0000] {processor.py:914} INFO - Processing file /home/airflow/.local/lib/python3.12/site-packages/airflow/example_dags/example_task_group_decorator.py for tasks to queue
[2024-12-07T17:32:59.600+0000] {logging_mixin.py:190} INFO - [2024-12-07T17:32:59.599+0000] {dagbag.py:588} INFO - Filling up the DagBag from /home/airflow/.local/lib/python3.12/site-packages/airflow/example_dags/example_task_group_decorator.py
[2024-12-07T17:32:59.642+0000] {processor.py:925} INFO - DAG(s) 'example_task_group_decorator' retrieved from /home/airflow/.local/lib/python3.12/site-packages/airflow/example_dags/example_task_group_decorator.py
[2024-12-07T17:32:59.746+0000] {logging_mixin.py:190} INFO - [2024-12-07T17:32:59.745+0000] {dag.py:3239} INFO - Sync 1 DAGs
[2024-12-07T17:32:59.813+0000] {logging_mixin.py:190} INFO - [2024-12-07T17:32:59.812+0000] {dag.py:4180} INFO - Setting next_dagrun for example_task_group_decorator to None, run_after=None
[2024-12-07T17:32:59.884+0000] {processor.py:208} INFO - Processing /home/airflow/.local/lib/python3.12/site-packages/airflow/example_dags/example_task_group_decorator.py took 0.301 seconds
[2024-12-07T17:33:30.607+0000] {processor.py:186} INFO - Started process (PID=6238) to work on /home/airflow/.local/lib/python3.12/site-packages/airflow/example_dags/example_task_group_decorator.py
[2024-12-07T17:33:30.610+0000] {processor.py:914} INFO - Processing file /home/airflow/.local/lib/python3.12/site-packages/airflow/example_dags/example_task_group_decorator.py for tasks to queue
[2024-12-07T17:33:30.615+0000] {logging_mixin.py:190} INFO - [2024-12-07T17:33:30.614+0000] {dagbag.py:588} INFO - Filling up the DagBag from /home/airflow/.local/lib/python3.12/site-packages/airflow/example_dags/example_task_group_decorator.py
[2024-12-07T17:33:30.650+0000] {processor.py:925} INFO - DAG(s) 'example_task_group_decorator' retrieved from /home/airflow/.local/lib/python3.12/site-packages/airflow/example_dags/example_task_group_decorator.py
[2024-12-07T17:33:30.701+0000] {logging_mixin.py:190} INFO - [2024-12-07T17:33:30.701+0000] {dag.py:3239} INFO - Sync 1 DAGs
[2024-12-07T17:33:30.729+0000] {logging_mixin.py:190} INFO - [2024-12-07T17:33:30.728+0000] {dag.py:4180} INFO - Setting next_dagrun for example_task_group_decorator to None, run_after=None
[2024-12-07T17:33:30.783+0000] {processor.py:208} INFO - Processing /home/airflow/.local/lib/python3.12/site-packages/airflow/example_dags/example_task_group_decorator.py took 0.192 seconds
[2024-12-07T17:34:00.862+0000] {processor.py:186} INFO - Started process (PID=6526) to work on /home/airflow/.local/lib/python3.12/site-packages/airflow/example_dags/example_task_group_decorator.py
[2024-12-07T17:34:00.864+0000] {processor.py:914} INFO - Processing file /home/airflow/.local/lib/python3.12/site-packages/airflow/example_dags/example_task_group_decorator.py for tasks to queue
[2024-12-07T17:34:00.867+0000] {logging_mixin.py:190} INFO - [2024-12-07T17:34:00.867+0000] {dagbag.py:588} INFO - Filling up the DagBag from /home/airflow/.local/lib/python3.12/site-packages/airflow/example_dags/example_task_group_decorator.py
[2024-12-07T17:34:00.886+0000] {processor.py:925} INFO - DAG(s) 'example_task_group_decorator' retrieved from /home/airflow/.local/lib/python3.12/site-packages/airflow/example_dags/example_task_group_decorator.py
[2024-12-07T17:34:00.916+0000] {logging_mixin.py:190} INFO - [2024-12-07T17:34:00.915+0000] {dag.py:3239} INFO - Sync 1 DAGs
[2024-12-07T17:34:00.933+0000] {logging_mixin.py:190} INFO - [2024-12-07T17:34:00.933+0000] {dag.py:4180} INFO - Setting next_dagrun for example_task_group_decorator to None, run_after=None
[2024-12-07T17:34:00.956+0000] {processor.py:208} INFO - Processing /home/airflow/.local/lib/python3.12/site-packages/airflow/example_dags/example_task_group_decorator.py took 0.102 seconds
[2024-12-07T17:34:31.420+0000] {processor.py:186} INFO - Started process (PID=6815) to work on /home/airflow/.local/lib/python3.12/site-packages/airflow/example_dags/example_task_group_decorator.py
[2024-12-07T17:34:31.421+0000] {processor.py:914} INFO - Processing file /home/airflow/.local/lib/python3.12/site-packages/airflow/example_dags/example_task_group_decorator.py for tasks to queue
[2024-12-07T17:34:31.425+0000] {logging_mixin.py:190} INFO - [2024-12-07T17:34:31.424+0000] {dagbag.py:588} INFO - Filling up the DagBag from /home/airflow/.local/lib/python3.12/site-packages/airflow/example_dags/example_task_group_decorator.py
[2024-12-07T17:34:31.447+0000] {processor.py:925} INFO - DAG(s) 'example_task_group_decorator' retrieved from /home/airflow/.local/lib/python3.12/site-packages/airflow/example_dags/example_task_group_decorator.py
[2024-12-07T17:34:31.486+0000] {logging_mixin.py:190} INFO - [2024-12-07T17:34:31.485+0000] {dag.py:3239} INFO - Sync 1 DAGs
[2024-12-07T17:34:31.509+0000] {logging_mixin.py:190} INFO - [2024-12-07T17:34:31.509+0000] {dag.py:4180} INFO - Setting next_dagrun for example_task_group_decorator to None, run_after=None
[2024-12-07T17:34:31.550+0000] {processor.py:208} INFO - Processing /home/airflow/.local/lib/python3.12/site-packages/airflow/example_dags/example_task_group_decorator.py took 0.138 seconds
[2024-12-07T17:35:01.904+0000] {processor.py:186} INFO - Started process (PID=7106) to work on /home/airflow/.local/lib/python3.12/site-packages/airflow/example_dags/example_task_group_decorator.py
[2024-12-07T17:35:01.905+0000] {processor.py:914} INFO - Processing file /home/airflow/.local/lib/python3.12/site-packages/airflow/example_dags/example_task_group_decorator.py for tasks to queue
[2024-12-07T17:35:01.908+0000] {logging_mixin.py:190} INFO - [2024-12-07T17:35:01.908+0000] {dagbag.py:588} INFO - Filling up the DagBag from /home/airflow/.local/lib/python3.12/site-packages/airflow/example_dags/example_task_group_decorator.py
[2024-12-07T17:35:01.930+0000] {processor.py:925} INFO - DAG(s) 'example_task_group_decorator' retrieved from /home/airflow/.local/lib/python3.12/site-packages/airflow/example_dags/example_task_group_decorator.py
[2024-12-07T17:35:01.978+0000] {logging_mixin.py:190} INFO - [2024-12-07T17:35:01.977+0000] {dag.py:3239} INFO - Sync 1 DAGs
[2024-12-07T17:35:01.996+0000] {logging_mixin.py:190} INFO - [2024-12-07T17:35:01.996+0000] {dag.py:4180} INFO - Setting next_dagrun for example_task_group_decorator to None, run_after=None
[2024-12-07T17:35:02.020+0000] {processor.py:208} INFO - Processing /home/airflow/.local/lib/python3.12/site-packages/airflow/example_dags/example_task_group_decorator.py took 0.124 seconds
[2024-12-07T17:35:34.116+0000] {processor.py:186} INFO - Started process (PID=7399) to work on /home/airflow/.local/lib/python3.12/site-packages/airflow/example_dags/example_task_group_decorator.py
[2024-12-07T17:35:34.118+0000] {processor.py:914} INFO - Processing file /home/airflow/.local/lib/python3.12/site-packages/airflow/example_dags/example_task_group_decorator.py for tasks to queue
[2024-12-07T17:35:34.121+0000] {logging_mixin.py:190} INFO - [2024-12-07T17:35:34.120+0000] {dagbag.py:588} INFO - Filling up the DagBag from /home/airflow/.local/lib/python3.12/site-packages/airflow/example_dags/example_task_group_decorator.py
[2024-12-07T17:35:34.143+0000] {processor.py:925} INFO - DAG(s) 'example_task_group_decorator' retrieved from /home/airflow/.local/lib/python3.12/site-packages/airflow/example_dags/example_task_group_decorator.py
[2024-12-07T17:35:34.175+0000] {logging_mixin.py:190} INFO - [2024-12-07T17:35:34.175+0000] {dag.py:3239} INFO - Sync 1 DAGs
[2024-12-07T17:35:34.195+0000] {logging_mixin.py:190} INFO - [2024-12-07T17:35:34.195+0000] {dag.py:4180} INFO - Setting next_dagrun for example_task_group_decorator to None, run_after=None
[2024-12-07T17:35:34.221+0000] {processor.py:208} INFO - Processing /home/airflow/.local/lib/python3.12/site-packages/airflow/example_dags/example_task_group_decorator.py took 0.114 seconds
[2024-12-07T17:36:04.589+0000] {processor.py:186} INFO - Started process (PID=7688) to work on /home/airflow/.local/lib/python3.12/site-packages/airflow/example_dags/example_task_group_decorator.py
[2024-12-07T17:36:04.591+0000] {processor.py:914} INFO - Processing file /home/airflow/.local/lib/python3.12/site-packages/airflow/example_dags/example_task_group_decorator.py for tasks to queue
[2024-12-07T17:36:04.596+0000] {logging_mixin.py:190} INFO - [2024-12-07T17:36:04.595+0000] {dagbag.py:588} INFO - Filling up the DagBag from /home/airflow/.local/lib/python3.12/site-packages/airflow/example_dags/example_task_group_decorator.py
[2024-12-07T17:36:04.632+0000] {processor.py:925} INFO - DAG(s) 'example_task_group_decorator' retrieved from /home/airflow/.local/lib/python3.12/site-packages/airflow/example_dags/example_task_group_decorator.py
[2024-12-07T17:36:04.733+0000] {logging_mixin.py:190} INFO - [2024-12-07T17:36:04.733+0000] {dag.py:3239} INFO - Sync 1 DAGs
[2024-12-07T17:36:04.786+0000] {logging_mixin.py:190} INFO - [2024-12-07T17:36:04.786+0000] {dag.py:4180} INFO - Setting next_dagrun for example_task_group_decorator to None, run_after=None
[2024-12-07T17:36:04.905+0000] {processor.py:208} INFO - Processing /home/airflow/.local/lib/python3.12/site-packages/airflow/example_dags/example_task_group_decorator.py took 0.327 seconds
[2024-12-07T17:36:39.486+0000] {processor.py:186} INFO - Started process (PID=7990) to work on /home/airflow/.local/lib/python3.12/site-packages/airflow/example_dags/example_task_group_decorator.py
[2024-12-07T17:36:39.497+0000] {processor.py:914} INFO - Processing file /home/airflow/.local/lib/python3.12/site-packages/airflow/example_dags/example_task_group_decorator.py for tasks to queue
[2024-12-07T17:36:39.515+0000] {logging_mixin.py:190} INFO - [2024-12-07T17:36:39.514+0000] {dagbag.py:588} INFO - Filling up the DagBag from /home/airflow/.local/lib/python3.12/site-packages/airflow/example_dags/example_task_group_decorator.py
[2024-12-07T17:36:39.637+0000] {processor.py:925} INFO - DAG(s) 'example_task_group_decorator' retrieved from /home/airflow/.local/lib/python3.12/site-packages/airflow/example_dags/example_task_group_decorator.py
[2024-12-07T17:36:39.844+0000] {logging_mixin.py:190} INFO - [2024-12-07T17:36:39.844+0000] {dag.py:3239} INFO - Sync 1 DAGs
[2024-12-07T17:36:39.973+0000] {logging_mixin.py:190} INFO - [2024-12-07T17:36:39.973+0000] {dag.py:4180} INFO - Setting next_dagrun for example_task_group_decorator to None, run_after=None
[2024-12-07T17:36:40.107+0000] {processor.py:208} INFO - Processing /home/airflow/.local/lib/python3.12/site-packages/airflow/example_dags/example_task_group_decorator.py took 0.641 seconds
[2024-12-07T17:37:10.900+0000] {processor.py:186} INFO - Started process (PID=8282) to work on /home/airflow/.local/lib/python3.12/site-packages/airflow/example_dags/example_task_group_decorator.py
[2024-12-07T17:37:10.902+0000] {processor.py:914} INFO - Processing file /home/airflow/.local/lib/python3.12/site-packages/airflow/example_dags/example_task_group_decorator.py for tasks to queue
[2024-12-07T17:37:10.906+0000] {logging_mixin.py:190} INFO - [2024-12-07T17:37:10.906+0000] {dagbag.py:588} INFO - Filling up the DagBag from /home/airflow/.local/lib/python3.12/site-packages/airflow/example_dags/example_task_group_decorator.py
[2024-12-07T17:37:10.949+0000] {processor.py:925} INFO - DAG(s) 'example_task_group_decorator' retrieved from /home/airflow/.local/lib/python3.12/site-packages/airflow/example_dags/example_task_group_decorator.py
[2024-12-07T17:37:11.063+0000] {logging_mixin.py:190} INFO - [2024-12-07T17:37:11.063+0000] {dag.py:3239} INFO - Sync 1 DAGs
[2024-12-07T17:37:11.086+0000] {logging_mixin.py:190} INFO - [2024-12-07T17:37:11.085+0000] {dag.py:4180} INFO - Setting next_dagrun for example_task_group_decorator to None, run_after=None
[2024-12-07T17:37:11.113+0000] {processor.py:208} INFO - Processing /home/airflow/.local/lib/python3.12/site-packages/airflow/example_dags/example_task_group_decorator.py took 0.225 seconds
[2024-12-07T17:37:41.452+0000] {processor.py:186} INFO - Started process (PID=8573) to work on /home/airflow/.local/lib/python3.12/site-packages/airflow/example_dags/example_task_group_decorator.py
[2024-12-07T17:37:41.454+0000] {processor.py:914} INFO - Processing file /home/airflow/.local/lib/python3.12/site-packages/airflow/example_dags/example_task_group_decorator.py for tasks to queue
[2024-12-07T17:37:41.457+0000] {logging_mixin.py:190} INFO - [2024-12-07T17:37:41.457+0000] {dagbag.py:588} INFO - Filling up the DagBag from /home/airflow/.local/lib/python3.12/site-packages/airflow/example_dags/example_task_group_decorator.py
[2024-12-07T17:37:41.477+0000] {processor.py:925} INFO - DAG(s) 'example_task_group_decorator' retrieved from /home/airflow/.local/lib/python3.12/site-packages/airflow/example_dags/example_task_group_decorator.py
[2024-12-07T17:37:41.505+0000] {logging_mixin.py:190} INFO - [2024-12-07T17:37:41.504+0000] {dag.py:3239} INFO - Sync 1 DAGs
[2024-12-07T17:37:41.521+0000] {logging_mixin.py:190} INFO - [2024-12-07T17:37:41.521+0000] {dag.py:4180} INFO - Setting next_dagrun for example_task_group_decorator to None, run_after=None
[2024-12-07T17:37:41.542+0000] {processor.py:208} INFO - Processing /home/airflow/.local/lib/python3.12/site-packages/airflow/example_dags/example_task_group_decorator.py took 0.101 seconds
[2024-12-07T17:38:14.020+0000] {processor.py:186} INFO - Started process (PID=8864) to work on /home/airflow/.local/lib/python3.12/site-packages/airflow/example_dags/example_task_group_decorator.py
[2024-12-07T17:38:14.026+0000] {processor.py:914} INFO - Processing file /home/airflow/.local/lib/python3.12/site-packages/airflow/example_dags/example_task_group_decorator.py for tasks to queue
[2024-12-07T17:38:14.032+0000] {logging_mixin.py:190} INFO - [2024-12-07T17:38:14.031+0000] {dagbag.py:588} INFO - Filling up the DagBag from /home/airflow/.local/lib/python3.12/site-packages/airflow/example_dags/example_task_group_decorator.py
[2024-12-07T17:38:14.103+0000] {processor.py:925} INFO - DAG(s) 'example_task_group_decorator' retrieved from /home/airflow/.local/lib/python3.12/site-packages/airflow/example_dags/example_task_group_decorator.py
[2024-12-07T17:38:14.211+0000] {logging_mixin.py:190} INFO - [2024-12-07T17:38:14.210+0000] {dag.py:3239} INFO - Sync 1 DAGs
[2024-12-07T17:38:14.249+0000] {logging_mixin.py:190} INFO - [2024-12-07T17:38:14.248+0000] {dag.py:4180} INFO - Setting next_dagrun for example_task_group_decorator to None, run_after=None
[2024-12-07T17:38:14.305+0000] {processor.py:208} INFO - Processing /home/airflow/.local/lib/python3.12/site-packages/airflow/example_dags/example_task_group_decorator.py took 0.299 seconds
[2024-12-07T17:38:45.146+0000] {processor.py:186} INFO - Started process (PID=9155) to work on /home/airflow/.local/lib/python3.12/site-packages/airflow/example_dags/example_task_group_decorator.py
[2024-12-07T17:38:45.149+0000] {processor.py:914} INFO - Processing file /home/airflow/.local/lib/python3.12/site-packages/airflow/example_dags/example_task_group_decorator.py for tasks to queue
[2024-12-07T17:38:45.161+0000] {logging_mixin.py:190} INFO - [2024-12-07T17:38:45.160+0000] {dagbag.py:588} INFO - Filling up the DagBag from /home/airflow/.local/lib/python3.12/site-packages/airflow/example_dags/example_task_group_decorator.py
[2024-12-07T17:38:45.209+0000] {processor.py:925} INFO - DAG(s) 'example_task_group_decorator' retrieved from /home/airflow/.local/lib/python3.12/site-packages/airflow/example_dags/example_task_group_decorator.py
[2024-12-07T17:38:45.326+0000] {logging_mixin.py:190} INFO - [2024-12-07T17:38:45.326+0000] {dag.py:3239} INFO - Sync 1 DAGs
[2024-12-07T17:38:45.384+0000] {logging_mixin.py:190} INFO - [2024-12-07T17:38:45.384+0000] {dag.py:4180} INFO - Setting next_dagrun for example_task_group_decorator to None, run_after=None
[2024-12-07T17:38:45.431+0000] {processor.py:208} INFO - Processing /home/airflow/.local/lib/python3.12/site-packages/airflow/example_dags/example_task_group_decorator.py took 0.308 seconds
[2024-12-07T17:39:15.649+0000] {processor.py:186} INFO - Started process (PID=9441) to work on /home/airflow/.local/lib/python3.12/site-packages/airflow/example_dags/example_task_group_decorator.py
[2024-12-07T17:39:15.655+0000] {processor.py:914} INFO - Processing file /home/airflow/.local/lib/python3.12/site-packages/airflow/example_dags/example_task_group_decorator.py for tasks to queue
[2024-12-07T17:39:15.659+0000] {logging_mixin.py:190} INFO - [2024-12-07T17:39:15.658+0000] {dagbag.py:588} INFO - Filling up the DagBag from /home/airflow/.local/lib/python3.12/site-packages/airflow/example_dags/example_task_group_decorator.py
[2024-12-07T17:39:15.707+0000] {processor.py:925} INFO - DAG(s) 'example_task_group_decorator' retrieved from /home/airflow/.local/lib/python3.12/site-packages/airflow/example_dags/example_task_group_decorator.py
[2024-12-07T17:39:15.814+0000] {logging_mixin.py:190} INFO - [2024-12-07T17:39:15.814+0000] {dag.py:3239} INFO - Sync 1 DAGs
[2024-12-07T17:39:15.899+0000] {logging_mixin.py:190} INFO - [2024-12-07T17:39:15.891+0000] {dag.py:4180} INFO - Setting next_dagrun for example_task_group_decorator to None, run_after=None
[2024-12-07T17:39:15.989+0000] {processor.py:208} INFO - Processing /home/airflow/.local/lib/python3.12/site-packages/airflow/example_dags/example_task_group_decorator.py took 0.352 seconds
[2024-12-07T17:39:46.302+0000] {processor.py:186} INFO - Started process (PID=9733) to work on /home/airflow/.local/lib/python3.12/site-packages/airflow/example_dags/example_task_group_decorator.py
[2024-12-07T17:39:46.324+0000] {processor.py:914} INFO - Processing file /home/airflow/.local/lib/python3.12/site-packages/airflow/example_dags/example_task_group_decorator.py for tasks to queue
[2024-12-07T17:39:46.337+0000] {logging_mixin.py:190} INFO - [2024-12-07T17:39:46.336+0000] {dagbag.py:588} INFO - Filling up the DagBag from /home/airflow/.local/lib/python3.12/site-packages/airflow/example_dags/example_task_group_decorator.py
[2024-12-07T17:39:46.418+0000] {processor.py:925} INFO - DAG(s) 'example_task_group_decorator' retrieved from /home/airflow/.local/lib/python3.12/site-packages/airflow/example_dags/example_task_group_decorator.py
[2024-12-07T17:39:46.530+0000] {logging_mixin.py:190} INFO - [2024-12-07T17:39:46.530+0000] {dag.py:3239} INFO - Sync 1 DAGs
[2024-12-07T17:39:46.601+0000] {logging_mixin.py:190} INFO - [2024-12-07T17:39:46.601+0000] {dag.py:4180} INFO - Setting next_dagrun for example_task_group_decorator to None, run_after=None
[2024-12-07T17:39:46.660+0000] {processor.py:208} INFO - Processing /home/airflow/.local/lib/python3.12/site-packages/airflow/example_dags/example_task_group_decorator.py took 0.384 seconds
[2024-12-07T17:40:17.234+0000] {processor.py:186} INFO - Started process (PID=10024) to work on /home/airflow/.local/lib/python3.12/site-packages/airflow/example_dags/example_task_group_decorator.py
[2024-12-07T17:40:17.236+0000] {processor.py:914} INFO - Processing file /home/airflow/.local/lib/python3.12/site-packages/airflow/example_dags/example_task_group_decorator.py for tasks to queue
[2024-12-07T17:40:17.239+0000] {logging_mixin.py:190} INFO - [2024-12-07T17:40:17.239+0000] {dagbag.py:588} INFO - Filling up the DagBag from /home/airflow/.local/lib/python3.12/site-packages/airflow/example_dags/example_task_group_decorator.py
[2024-12-07T17:40:17.267+0000] {processor.py:925} INFO - DAG(s) 'example_task_group_decorator' retrieved from /home/airflow/.local/lib/python3.12/site-packages/airflow/example_dags/example_task_group_decorator.py
[2024-12-07T17:40:17.313+0000] {logging_mixin.py:190} INFO - [2024-12-07T17:40:17.313+0000] {dag.py:3239} INFO - Sync 1 DAGs
[2024-12-07T17:40:17.342+0000] {logging_mixin.py:190} INFO - [2024-12-07T17:40:17.342+0000] {dag.py:4180} INFO - Setting next_dagrun for example_task_group_decorator to None, run_after=None
[2024-12-07T17:40:17.395+0000] {processor.py:208} INFO - Processing /home/airflow/.local/lib/python3.12/site-packages/airflow/example_dags/example_task_group_decorator.py took 0.170 seconds
[2024-12-07T17:40:48.223+0000] {processor.py:186} INFO - Started process (PID=10315) to work on /home/airflow/.local/lib/python3.12/site-packages/airflow/example_dags/example_task_group_decorator.py
[2024-12-07T17:40:48.225+0000] {processor.py:914} INFO - Processing file /home/airflow/.local/lib/python3.12/site-packages/airflow/example_dags/example_task_group_decorator.py for tasks to queue
[2024-12-07T17:40:48.229+0000] {logging_mixin.py:190} INFO - [2024-12-07T17:40:48.228+0000] {dagbag.py:588} INFO - Filling up the DagBag from /home/airflow/.local/lib/python3.12/site-packages/airflow/example_dags/example_task_group_decorator.py
[2024-12-07T17:40:48.254+0000] {processor.py:925} INFO - DAG(s) 'example_task_group_decorator' retrieved from /home/airflow/.local/lib/python3.12/site-packages/airflow/example_dags/example_task_group_decorator.py
[2024-12-07T17:40:48.296+0000] {logging_mixin.py:190} INFO - [2024-12-07T17:40:48.295+0000] {dag.py:3239} INFO - Sync 1 DAGs
[2024-12-07T17:40:48.328+0000] {logging_mixin.py:190} INFO - [2024-12-07T17:40:48.327+0000] {dag.py:4180} INFO - Setting next_dagrun for example_task_group_decorator to None, run_after=None
[2024-12-07T17:40:48.368+0000] {processor.py:208} INFO - Processing /home/airflow/.local/lib/python3.12/site-packages/airflow/example_dags/example_task_group_decorator.py took 0.154 seconds
[2024-12-07T17:41:18.511+0000] {processor.py:186} INFO - Started process (PID=10603) to work on /home/airflow/.local/lib/python3.12/site-packages/airflow/example_dags/example_task_group_decorator.py
[2024-12-07T17:41:18.513+0000] {processor.py:914} INFO - Processing file /home/airflow/.local/lib/python3.12/site-packages/airflow/example_dags/example_task_group_decorator.py for tasks to queue
[2024-12-07T17:41:18.515+0000] {logging_mixin.py:190} INFO - [2024-12-07T17:41:18.515+0000] {dagbag.py:588} INFO - Filling up the DagBag from /home/airflow/.local/lib/python3.12/site-packages/airflow/example_dags/example_task_group_decorator.py
[2024-12-07T17:41:18.534+0000] {processor.py:925} INFO - DAG(s) 'example_task_group_decorator' retrieved from /home/airflow/.local/lib/python3.12/site-packages/airflow/example_dags/example_task_group_decorator.py
[2024-12-07T17:41:18.564+0000] {logging_mixin.py:190} INFO - [2024-12-07T17:41:18.563+0000] {dag.py:3239} INFO - Sync 1 DAGs
[2024-12-07T17:41:18.581+0000] {logging_mixin.py:190} INFO - [2024-12-07T17:41:18.580+0000] {dag.py:4180} INFO - Setting next_dagrun for example_task_group_decorator to None, run_after=None
[2024-12-07T17:41:18.607+0000] {processor.py:208} INFO - Processing /home/airflow/.local/lib/python3.12/site-packages/airflow/example_dags/example_task_group_decorator.py took 0.103 seconds
[2024-12-07T17:41:49.438+0000] {processor.py:186} INFO - Started process (PID=10895) to work on /home/airflow/.local/lib/python3.12/site-packages/airflow/example_dags/example_task_group_decorator.py
[2024-12-07T17:41:49.440+0000] {processor.py:914} INFO - Processing file /home/airflow/.local/lib/python3.12/site-packages/airflow/example_dags/example_task_group_decorator.py for tasks to queue
[2024-12-07T17:41:49.443+0000] {logging_mixin.py:190} INFO - [2024-12-07T17:41:49.443+0000] {dagbag.py:588} INFO - Filling up the DagBag from /home/airflow/.local/lib/python3.12/site-packages/airflow/example_dags/example_task_group_decorator.py
[2024-12-07T17:41:49.466+0000] {processor.py:925} INFO - DAG(s) 'example_task_group_decorator' retrieved from /home/airflow/.local/lib/python3.12/site-packages/airflow/example_dags/example_task_group_decorator.py
[2024-12-07T17:41:49.503+0000] {logging_mixin.py:190} INFO - [2024-12-07T17:41:49.502+0000] {dag.py:3239} INFO - Sync 1 DAGs
[2024-12-07T17:41:49.527+0000] {logging_mixin.py:190} INFO - [2024-12-07T17:41:49.527+0000] {dag.py:4180} INFO - Setting next_dagrun for example_task_group_decorator to None, run_after=None
[2024-12-07T17:41:49.551+0000] {processor.py:208} INFO - Processing /home/airflow/.local/lib/python3.12/site-packages/airflow/example_dags/example_task_group_decorator.py took 0.125 seconds
[2024-12-07T17:42:20.144+0000] {processor.py:186} INFO - Started process (PID=11185) to work on /home/airflow/.local/lib/python3.12/site-packages/airflow/example_dags/example_task_group_decorator.py
[2024-12-07T17:42:20.147+0000] {processor.py:914} INFO - Processing file /home/airflow/.local/lib/python3.12/site-packages/airflow/example_dags/example_task_group_decorator.py for tasks to queue
[2024-12-07T17:42:20.153+0000] {logging_mixin.py:190} INFO - [2024-12-07T17:42:20.153+0000] {dagbag.py:588} INFO - Filling up the DagBag from /home/airflow/.local/lib/python3.12/site-packages/airflow/example_dags/example_task_group_decorator.py
[2024-12-07T17:42:20.205+0000] {processor.py:925} INFO - DAG(s) 'example_task_group_decorator' retrieved from /home/airflow/.local/lib/python3.12/site-packages/airflow/example_dags/example_task_group_decorator.py
[2024-12-07T17:42:20.334+0000] {logging_mixin.py:190} INFO - [2024-12-07T17:42:20.334+0000] {dag.py:3239} INFO - Sync 1 DAGs
[2024-12-07T17:42:20.379+0000] {logging_mixin.py:190} INFO - [2024-12-07T17:42:20.379+0000] {dag.py:4180} INFO - Setting next_dagrun for example_task_group_decorator to None, run_after=None
[2024-12-07T17:42:20.417+0000] {processor.py:208} INFO - Processing /home/airflow/.local/lib/python3.12/site-packages/airflow/example_dags/example_task_group_decorator.py took 0.295 seconds
[2024-12-07T17:42:50.488+0000] {processor.py:186} INFO - Started process (PID=11476) to work on /home/airflow/.local/lib/python3.12/site-packages/airflow/example_dags/example_task_group_decorator.py
[2024-12-07T17:42:50.490+0000] {processor.py:914} INFO - Processing file /home/airflow/.local/lib/python3.12/site-packages/airflow/example_dags/example_task_group_decorator.py for tasks to queue
[2024-12-07T17:42:50.494+0000] {logging_mixin.py:190} INFO - [2024-12-07T17:42:50.494+0000] {dagbag.py:588} INFO - Filling up the DagBag from /home/airflow/.local/lib/python3.12/site-packages/airflow/example_dags/example_task_group_decorator.py
[2024-12-07T17:42:50.523+0000] {processor.py:925} INFO - DAG(s) 'example_task_group_decorator' retrieved from /home/airflow/.local/lib/python3.12/site-packages/airflow/example_dags/example_task_group_decorator.py
[2024-12-07T17:42:50.563+0000] {logging_mixin.py:190} INFO - [2024-12-07T17:42:50.563+0000] {dag.py:3239} INFO - Sync 1 DAGs
[2024-12-07T17:42:50.587+0000] {logging_mixin.py:190} INFO - [2024-12-07T17:42:50.587+0000] {dag.py:4180} INFO - Setting next_dagrun for example_task_group_decorator to None, run_after=None
[2024-12-07T17:42:50.618+0000] {processor.py:208} INFO - Processing /home/airflow/.local/lib/python3.12/site-packages/airflow/example_dags/example_task_group_decorator.py took 0.138 seconds
[2024-12-07T17:43:21.072+0000] {processor.py:186} INFO - Started process (PID=11768) to work on /home/airflow/.local/lib/python3.12/site-packages/airflow/example_dags/example_task_group_decorator.py
[2024-12-07T17:43:21.074+0000] {processor.py:914} INFO - Processing file /home/airflow/.local/lib/python3.12/site-packages/airflow/example_dags/example_task_group_decorator.py for tasks to queue
[2024-12-07T17:43:21.078+0000] {logging_mixin.py:190} INFO - [2024-12-07T17:43:21.077+0000] {dagbag.py:588} INFO - Filling up the DagBag from /home/airflow/.local/lib/python3.12/site-packages/airflow/example_dags/example_task_group_decorator.py
[2024-12-07T17:43:21.101+0000] {processor.py:925} INFO - DAG(s) 'example_task_group_decorator' retrieved from /home/airflow/.local/lib/python3.12/site-packages/airflow/example_dags/example_task_group_decorator.py
[2024-12-07T17:43:21.170+0000] {logging_mixin.py:190} INFO - [2024-12-07T17:43:21.169+0000] {dag.py:3239} INFO - Sync 1 DAGs
[2024-12-07T17:43:21.196+0000] {logging_mixin.py:190} INFO - [2024-12-07T17:43:21.196+0000] {dag.py:4180} INFO - Setting next_dagrun for example_task_group_decorator to None, run_after=None
[2024-12-07T17:43:21.234+0000] {processor.py:208} INFO - Processing /home/airflow/.local/lib/python3.12/site-packages/airflow/example_dags/example_task_group_decorator.py took 0.173 seconds
