[2024-12-07T17:22:30.498+0000] {processor.py:186} INFO - Started process (PID=251) to work on /home/airflow/.local/lib/python3.12/site-packages/airflow/example_dags/example_nested_branch_dag.py
[2024-12-07T17:22:30.500+0000] {processor.py:914} INFO - Processing file /home/airflow/.local/lib/python3.12/site-packages/airflow/example_dags/example_nested_branch_dag.py for tasks to queue
[2024-12-07T17:22:30.504+0000] {logging_mixin.py:190} INFO - [2024-12-07T17:22:30.504+0000] {dagbag.py:588} INFO - Filling up the DagBag from /home/airflow/.local/lib/python3.12/site-packages/airflow/example_dags/example_nested_branch_dag.py
[2024-12-07T17:22:30.551+0000] {processor.py:925} INFO - DAG(s) 'example_nested_branch_dag' retrieved from /home/airflow/.local/lib/python3.12/site-packages/airflow/example_dags/example_nested_branch_dag.py
[2024-12-07T17:22:30.862+0000] {logging_mixin.py:190} INFO - [2024-12-07T17:22:30.861+0000] {override.py:1911} INFO - Created Permission View: can delete on DAG:example_nested_branch_dag
[2024-12-07T17:22:30.882+0000] {logging_mixin.py:190} INFO - [2024-12-07T17:22:30.882+0000] {override.py:1911} INFO - Created Permission View: can read on DAG:example_nested_branch_dag
[2024-12-07T17:22:30.902+0000] {logging_mixin.py:190} INFO - [2024-12-07T17:22:30.901+0000] {override.py:1911} INFO - Created Permission View: can edit on DAG:example_nested_branch_dag
[2024-12-07T17:22:30.921+0000] {logging_mixin.py:190} INFO - [2024-12-07T17:22:30.921+0000] {override.py:1911} INFO - Created Permission View: menu access on DAG Run:example_nested_branch_dag
[2024-12-07T17:22:30.938+0000] {logging_mixin.py:190} INFO - [2024-12-07T17:22:30.937+0000] {override.py:1911} INFO - Created Permission View: can delete on DAG Run:example_nested_branch_dag
[2024-12-07T17:22:30.957+0000] {logging_mixin.py:190} INFO - [2024-12-07T17:22:30.956+0000] {override.py:1911} INFO - Created Permission View: can read on DAG Run:example_nested_branch_dag
[2024-12-07T17:22:30.976+0000] {logging_mixin.py:190} INFO - [2024-12-07T17:22:30.976+0000] {override.py:1911} INFO - Created Permission View: can create on DAG Run:example_nested_branch_dag
[2024-12-07T17:22:30.978+0000] {logging_mixin.py:190} INFO - [2024-12-07T17:22:30.977+0000] {dag.py:3239} INFO - Sync 1 DAGs
[2024-12-07T17:22:31.001+0000] {logging_mixin.py:190} INFO - [2024-12-07T17:22:31.001+0000] {dag.py:3262} INFO - Creating ORM DAG for example_nested_branch_dag
[2024-12-07T17:22:31.029+0000] {logging_mixin.py:190} INFO - [2024-12-07T17:22:31.028+0000] {dag.py:4180} INFO - Setting next_dagrun for example_nested_branch_dag to 2024-12-06 00:00:00+00:00, run_after=2024-12-07 00:00:00+00:00
[2024-12-07T17:22:31.099+0000] {processor.py:208} INFO - Processing /home/airflow/.local/lib/python3.12/site-packages/airflow/example_dags/example_nested_branch_dag.py took 0.612 seconds
[2024-12-07T17:23:11.637+0000] {processor.py:186} INFO - Started process (PID=543) to work on /home/airflow/.local/lib/python3.12/site-packages/airflow/example_dags/example_nested_branch_dag.py
[2024-12-07T17:23:11.639+0000] {processor.py:914} INFO - Processing file /home/airflow/.local/lib/python3.12/site-packages/airflow/example_dags/example_nested_branch_dag.py for tasks to queue
[2024-12-07T17:23:11.644+0000] {logging_mixin.py:190} INFO - [2024-12-07T17:23:11.642+0000] {dagbag.py:588} INFO - Filling up the DagBag from /home/airflow/.local/lib/python3.12/site-packages/airflow/example_dags/example_nested_branch_dag.py
[2024-12-07T17:23:11.676+0000] {processor.py:925} INFO - DAG(s) 'example_nested_branch_dag' retrieved from /home/airflow/.local/lib/python3.12/site-packages/airflow/example_dags/example_nested_branch_dag.py
[2024-12-07T17:23:11.717+0000] {logging_mixin.py:190} INFO - [2024-12-07T17:23:11.716+0000] {dag.py:3239} INFO - Sync 1 DAGs
[2024-12-07T17:23:11.766+0000] {logging_mixin.py:190} INFO - [2024-12-07T17:23:11.766+0000] {dag.py:4180} INFO - Setting next_dagrun for example_nested_branch_dag to 2024-12-06 00:00:00+00:00, run_after=2024-12-07 00:00:00+00:00
[2024-12-07T17:23:11.829+0000] {processor.py:208} INFO - Processing /home/airflow/.local/lib/python3.12/site-packages/airflow/example_dags/example_nested_branch_dag.py took 0.203 seconds
[2024-12-07T17:23:56.775+0000] {processor.py:186} INFO - Started process (PID=840) to work on /home/airflow/.local/lib/python3.12/site-packages/airflow/example_dags/example_nested_branch_dag.py
[2024-12-07T17:23:56.777+0000] {processor.py:914} INFO - Processing file /home/airflow/.local/lib/python3.12/site-packages/airflow/example_dags/example_nested_branch_dag.py for tasks to queue
[2024-12-07T17:23:56.789+0000] {logging_mixin.py:190} INFO - [2024-12-07T17:23:56.788+0000] {dagbag.py:588} INFO - Filling up the DagBag from /home/airflow/.local/lib/python3.12/site-packages/airflow/example_dags/example_nested_branch_dag.py
[2024-12-07T17:23:56.820+0000] {processor.py:925} INFO - DAG(s) 'example_nested_branch_dag' retrieved from /home/airflow/.local/lib/python3.12/site-packages/airflow/example_dags/example_nested_branch_dag.py
[2024-12-07T17:23:56.903+0000] {logging_mixin.py:190} INFO - [2024-12-07T17:23:56.903+0000] {dag.py:3239} INFO - Sync 1 DAGs
[2024-12-07T17:23:56.979+0000] {logging_mixin.py:190} INFO - [2024-12-07T17:23:56.978+0000] {dag.py:4180} INFO - Setting next_dagrun for example_nested_branch_dag to 2024-12-06 00:00:00+00:00, run_after=2024-12-07 00:00:00+00:00
[2024-12-07T17:23:57.077+0000] {processor.py:208} INFO - Processing /home/airflow/.local/lib/python3.12/site-packages/airflow/example_dags/example_nested_branch_dag.py took 0.315 seconds
[2024-12-07T17:24:31.492+0000] {processor.py:186} INFO - Started process (PID=1131) to work on /home/airflow/.local/lib/python3.12/site-packages/airflow/example_dags/example_nested_branch_dag.py
[2024-12-07T17:24:31.494+0000] {processor.py:914} INFO - Processing file /home/airflow/.local/lib/python3.12/site-packages/airflow/example_dags/example_nested_branch_dag.py for tasks to queue
[2024-12-07T17:24:31.498+0000] {logging_mixin.py:190} INFO - [2024-12-07T17:24:31.498+0000] {dagbag.py:588} INFO - Filling up the DagBag from /home/airflow/.local/lib/python3.12/site-packages/airflow/example_dags/example_nested_branch_dag.py
[2024-12-07T17:24:31.526+0000] {processor.py:925} INFO - DAG(s) 'example_nested_branch_dag' retrieved from /home/airflow/.local/lib/python3.12/site-packages/airflow/example_dags/example_nested_branch_dag.py
[2024-12-07T17:24:31.584+0000] {logging_mixin.py:190} INFO - [2024-12-07T17:24:31.583+0000] {dag.py:3239} INFO - Sync 1 DAGs
[2024-12-07T17:24:31.637+0000] {logging_mixin.py:190} INFO - [2024-12-07T17:24:31.637+0000] {dag.py:4180} INFO - Setting next_dagrun for example_nested_branch_dag to 2024-12-06 00:00:00+00:00, run_after=2024-12-07 00:00:00+00:00
[2024-12-07T17:24:31.702+0000] {processor.py:208} INFO - Processing /home/airflow/.local/lib/python3.12/site-packages/airflow/example_dags/example_nested_branch_dag.py took 0.224 seconds
[2024-12-07T17:25:02.463+0000] {processor.py:186} INFO - Started process (PID=1422) to work on /home/airflow/.local/lib/python3.12/site-packages/airflow/example_dags/example_nested_branch_dag.py
[2024-12-07T17:25:02.465+0000] {processor.py:914} INFO - Processing file /home/airflow/.local/lib/python3.12/site-packages/airflow/example_dags/example_nested_branch_dag.py for tasks to queue
[2024-12-07T17:25:02.470+0000] {logging_mixin.py:190} INFO - [2024-12-07T17:25:02.469+0000] {dagbag.py:588} INFO - Filling up the DagBag from /home/airflow/.local/lib/python3.12/site-packages/airflow/example_dags/example_nested_branch_dag.py
[2024-12-07T17:25:02.493+0000] {processor.py:925} INFO - DAG(s) 'example_nested_branch_dag' retrieved from /home/airflow/.local/lib/python3.12/site-packages/airflow/example_dags/example_nested_branch_dag.py
[2024-12-07T17:25:02.524+0000] {logging_mixin.py:190} INFO - [2024-12-07T17:25:02.524+0000] {dag.py:3239} INFO - Sync 1 DAGs
[2024-12-07T17:25:02.569+0000] {logging_mixin.py:190} INFO - [2024-12-07T17:25:02.569+0000] {dag.py:4180} INFO - Setting next_dagrun for example_nested_branch_dag to 2024-12-06 00:00:00+00:00, run_after=2024-12-07 00:00:00+00:00
[2024-12-07T17:25:02.604+0000] {processor.py:208} INFO - Processing /home/airflow/.local/lib/python3.12/site-packages/airflow/example_dags/example_nested_branch_dag.py took 0.156 seconds
[2024-12-07T17:25:33.617+0000] {processor.py:186} INFO - Started process (PID=1714) to work on /home/airflow/.local/lib/python3.12/site-packages/airflow/example_dags/example_nested_branch_dag.py
[2024-12-07T17:25:33.621+0000] {processor.py:914} INFO - Processing file /home/airflow/.local/lib/python3.12/site-packages/airflow/example_dags/example_nested_branch_dag.py for tasks to queue
[2024-12-07T17:25:33.625+0000] {logging_mixin.py:190} INFO - [2024-12-07T17:25:33.625+0000] {dagbag.py:588} INFO - Filling up the DagBag from /home/airflow/.local/lib/python3.12/site-packages/airflow/example_dags/example_nested_branch_dag.py
[2024-12-07T17:25:33.665+0000] {processor.py:925} INFO - DAG(s) 'example_nested_branch_dag' retrieved from /home/airflow/.local/lib/python3.12/site-packages/airflow/example_dags/example_nested_branch_dag.py
[2024-12-07T17:25:33.740+0000] {logging_mixin.py:190} INFO - [2024-12-07T17:25:33.740+0000] {dag.py:3239} INFO - Sync 1 DAGs
[2024-12-07T17:25:33.814+0000] {logging_mixin.py:190} INFO - [2024-12-07T17:25:33.814+0000] {dag.py:4180} INFO - Setting next_dagrun for example_nested_branch_dag to 2024-12-06 00:00:00+00:00, run_after=2024-12-07 00:00:00+00:00
[2024-12-07T17:25:33.861+0000] {processor.py:208} INFO - Processing /home/airflow/.local/lib/python3.12/site-packages/airflow/example_dags/example_nested_branch_dag.py took 0.273 seconds
[2024-12-07T17:26:05.106+0000] {processor.py:186} INFO - Started process (PID=2005) to work on /home/airflow/.local/lib/python3.12/site-packages/airflow/example_dags/example_nested_branch_dag.py
[2024-12-07T17:26:05.112+0000] {processor.py:914} INFO - Processing file /home/airflow/.local/lib/python3.12/site-packages/airflow/example_dags/example_nested_branch_dag.py for tasks to queue
[2024-12-07T17:26:05.120+0000] {logging_mixin.py:190} INFO - [2024-12-07T17:26:05.119+0000] {dagbag.py:588} INFO - Filling up the DagBag from /home/airflow/.local/lib/python3.12/site-packages/airflow/example_dags/example_nested_branch_dag.py
[2024-12-07T17:26:05.164+0000] {processor.py:925} INFO - DAG(s) 'example_nested_branch_dag' retrieved from /home/airflow/.local/lib/python3.12/site-packages/airflow/example_dags/example_nested_branch_dag.py
[2024-12-07T17:26:05.239+0000] {logging_mixin.py:190} INFO - [2024-12-07T17:26:05.239+0000] {dag.py:3239} INFO - Sync 1 DAGs
[2024-12-07T17:26:05.284+0000] {logging_mixin.py:190} INFO - [2024-12-07T17:26:05.283+0000] {dag.py:4180} INFO - Setting next_dagrun for example_nested_branch_dag to 2024-12-06 00:00:00+00:00, run_after=2024-12-07 00:00:00+00:00
[2024-12-07T17:26:05.314+0000] {processor.py:208} INFO - Processing /home/airflow/.local/lib/python3.12/site-packages/airflow/example_dags/example_nested_branch_dag.py took 0.227 seconds
[2024-12-07T17:26:35.492+0000] {processor.py:186} INFO - Started process (PID=2290) to work on /home/airflow/.local/lib/python3.12/site-packages/airflow/example_dags/example_nested_branch_dag.py
[2024-12-07T17:26:35.494+0000] {processor.py:914} INFO - Processing file /home/airflow/.local/lib/python3.12/site-packages/airflow/example_dags/example_nested_branch_dag.py for tasks to queue
[2024-12-07T17:26:35.497+0000] {logging_mixin.py:190} INFO - [2024-12-07T17:26:35.496+0000] {dagbag.py:588} INFO - Filling up the DagBag from /home/airflow/.local/lib/python3.12/site-packages/airflow/example_dags/example_nested_branch_dag.py
[2024-12-07T17:26:35.517+0000] {processor.py:925} INFO - DAG(s) 'example_nested_branch_dag' retrieved from /home/airflow/.local/lib/python3.12/site-packages/airflow/example_dags/example_nested_branch_dag.py
[2024-12-07T17:26:35.555+0000] {logging_mixin.py:190} INFO - [2024-12-07T17:26:35.555+0000] {dag.py:3239} INFO - Sync 1 DAGs
[2024-12-07T17:26:35.621+0000] {logging_mixin.py:190} INFO - [2024-12-07T17:26:35.620+0000] {dag.py:4180} INFO - Setting next_dagrun for example_nested_branch_dag to 2024-12-06 00:00:00+00:00, run_after=2024-12-07 00:00:00+00:00
[2024-12-07T17:26:35.701+0000] {processor.py:208} INFO - Processing /home/airflow/.local/lib/python3.12/site-packages/airflow/example_dags/example_nested_branch_dag.py took 0.219 seconds
[2024-12-07T17:27:06.365+0000] {processor.py:186} INFO - Started process (PID=2581) to work on /home/airflow/.local/lib/python3.12/site-packages/airflow/example_dags/example_nested_branch_dag.py
[2024-12-07T17:27:06.366+0000] {processor.py:914} INFO - Processing file /home/airflow/.local/lib/python3.12/site-packages/airflow/example_dags/example_nested_branch_dag.py for tasks to queue
[2024-12-07T17:27:06.370+0000] {logging_mixin.py:190} INFO - [2024-12-07T17:27:06.370+0000] {dagbag.py:588} INFO - Filling up the DagBag from /home/airflow/.local/lib/python3.12/site-packages/airflow/example_dags/example_nested_branch_dag.py
[2024-12-07T17:27:06.387+0000] {processor.py:925} INFO - DAG(s) 'example_nested_branch_dag' retrieved from /home/airflow/.local/lib/python3.12/site-packages/airflow/example_dags/example_nested_branch_dag.py
[2024-12-07T17:27:06.419+0000] {logging_mixin.py:190} INFO - [2024-12-07T17:27:06.418+0000] {dag.py:3239} INFO - Sync 1 DAGs
[2024-12-07T17:27:06.457+0000] {logging_mixin.py:190} INFO - [2024-12-07T17:27:06.456+0000] {dag.py:4180} INFO - Setting next_dagrun for example_nested_branch_dag to 2024-12-06 00:00:00+00:00, run_after=2024-12-07 00:00:00+00:00
[2024-12-07T17:27:06.492+0000] {processor.py:208} INFO - Processing /home/airflow/.local/lib/python3.12/site-packages/airflow/example_dags/example_nested_branch_dag.py took 0.137 seconds
[2024-12-07T17:27:36.871+0000] {processor.py:186} INFO - Started process (PID=2872) to work on /home/airflow/.local/lib/python3.12/site-packages/airflow/example_dags/example_nested_branch_dag.py
[2024-12-07T17:27:36.873+0000] {processor.py:914} INFO - Processing file /home/airflow/.local/lib/python3.12/site-packages/airflow/example_dags/example_nested_branch_dag.py for tasks to queue
[2024-12-07T17:27:36.877+0000] {logging_mixin.py:190} INFO - [2024-12-07T17:27:36.876+0000] {dagbag.py:588} INFO - Filling up the DagBag from /home/airflow/.local/lib/python3.12/site-packages/airflow/example_dags/example_nested_branch_dag.py
[2024-12-07T17:27:36.896+0000] {processor.py:925} INFO - DAG(s) 'example_nested_branch_dag' retrieved from /home/airflow/.local/lib/python3.12/site-packages/airflow/example_dags/example_nested_branch_dag.py
[2024-12-07T17:27:36.927+0000] {logging_mixin.py:190} INFO - [2024-12-07T17:27:36.926+0000] {dag.py:3239} INFO - Sync 1 DAGs
[2024-12-07T17:27:36.965+0000] {logging_mixin.py:190} INFO - [2024-12-07T17:27:36.965+0000] {dag.py:4180} INFO - Setting next_dagrun for example_nested_branch_dag to 2024-12-06 00:00:00+00:00, run_after=2024-12-07 00:00:00+00:00
[2024-12-07T17:27:36.992+0000] {processor.py:208} INFO - Processing /home/airflow/.local/lib/python3.12/site-packages/airflow/example_dags/example_nested_branch_dag.py took 0.131 seconds
[2024-12-07T17:28:08.176+0000] {processor.py:186} INFO - Started process (PID=3163) to work on /home/airflow/.local/lib/python3.12/site-packages/airflow/example_dags/example_nested_branch_dag.py
[2024-12-07T17:28:08.179+0000] {processor.py:914} INFO - Processing file /home/airflow/.local/lib/python3.12/site-packages/airflow/example_dags/example_nested_branch_dag.py for tasks to queue
[2024-12-07T17:28:08.196+0000] {logging_mixin.py:190} INFO - [2024-12-07T17:28:08.195+0000] {dagbag.py:588} INFO - Filling up the DagBag from /home/airflow/.local/lib/python3.12/site-packages/airflow/example_dags/example_nested_branch_dag.py
[2024-12-07T17:28:08.264+0000] {processor.py:925} INFO - DAG(s) 'example_nested_branch_dag' retrieved from /home/airflow/.local/lib/python3.12/site-packages/airflow/example_dags/example_nested_branch_dag.py
[2024-12-07T17:28:08.394+0000] {logging_mixin.py:190} INFO - [2024-12-07T17:28:08.393+0000] {dag.py:3239} INFO - Sync 1 DAGs
[2024-12-07T17:28:08.582+0000] {logging_mixin.py:190} INFO - [2024-12-07T17:28:08.582+0000] {dag.py:4180} INFO - Setting next_dagrun for example_nested_branch_dag to 2024-12-06 00:00:00+00:00, run_after=2024-12-07 00:00:00+00:00
[2024-12-07T17:28:08.729+0000] {processor.py:208} INFO - Processing /home/airflow/.local/lib/python3.12/site-packages/airflow/example_dags/example_nested_branch_dag.py took 0.587 seconds
[2024-12-07T17:28:39.369+0000] {processor.py:186} INFO - Started process (PID=3456) to work on /home/airflow/.local/lib/python3.12/site-packages/airflow/example_dags/example_nested_branch_dag.py
[2024-12-07T17:28:39.370+0000] {processor.py:914} INFO - Processing file /home/airflow/.local/lib/python3.12/site-packages/airflow/example_dags/example_nested_branch_dag.py for tasks to queue
[2024-12-07T17:28:39.375+0000] {logging_mixin.py:190} INFO - [2024-12-07T17:28:39.375+0000] {dagbag.py:588} INFO - Filling up the DagBag from /home/airflow/.local/lib/python3.12/site-packages/airflow/example_dags/example_nested_branch_dag.py
[2024-12-07T17:28:39.402+0000] {processor.py:925} INFO - DAG(s) 'example_nested_branch_dag' retrieved from /home/airflow/.local/lib/python3.12/site-packages/airflow/example_dags/example_nested_branch_dag.py
[2024-12-07T17:28:39.450+0000] {logging_mixin.py:190} INFO - [2024-12-07T17:28:39.450+0000] {dag.py:3239} INFO - Sync 1 DAGs
[2024-12-07T17:28:39.518+0000] {logging_mixin.py:190} INFO - [2024-12-07T17:28:39.518+0000] {dag.py:4180} INFO - Setting next_dagrun for example_nested_branch_dag to 2024-12-06 00:00:00+00:00, run_after=2024-12-07 00:00:00+00:00
[2024-12-07T17:28:39.610+0000] {processor.py:208} INFO - Processing /home/airflow/.local/lib/python3.12/site-packages/airflow/example_dags/example_nested_branch_dag.py took 0.255 seconds
[2024-12-07T17:29:09.771+0000] {processor.py:186} INFO - Started process (PID=3747) to work on /home/airflow/.local/lib/python3.12/site-packages/airflow/example_dags/example_nested_branch_dag.py
[2024-12-07T17:29:09.773+0000] {processor.py:914} INFO - Processing file /home/airflow/.local/lib/python3.12/site-packages/airflow/example_dags/example_nested_branch_dag.py for tasks to queue
[2024-12-07T17:29:09.776+0000] {logging_mixin.py:190} INFO - [2024-12-07T17:29:09.776+0000] {dagbag.py:588} INFO - Filling up the DagBag from /home/airflow/.local/lib/python3.12/site-packages/airflow/example_dags/example_nested_branch_dag.py
[2024-12-07T17:29:09.804+0000] {processor.py:925} INFO - DAG(s) 'example_nested_branch_dag' retrieved from /home/airflow/.local/lib/python3.12/site-packages/airflow/example_dags/example_nested_branch_dag.py
[2024-12-07T17:29:09.865+0000] {logging_mixin.py:190} INFO - [2024-12-07T17:29:09.865+0000] {dag.py:3239} INFO - Sync 1 DAGs
[2024-12-07T17:29:09.940+0000] {logging_mixin.py:190} INFO - [2024-12-07T17:29:09.940+0000] {dag.py:4180} INFO - Setting next_dagrun for example_nested_branch_dag to 2024-12-06 00:00:00+00:00, run_after=2024-12-07 00:00:00+00:00
[2024-12-07T17:29:09.987+0000] {processor.py:208} INFO - Processing /home/airflow/.local/lib/python3.12/site-packages/airflow/example_dags/example_nested_branch_dag.py took 0.228 seconds
[2024-12-07T17:29:40.282+0000] {processor.py:186} INFO - Started process (PID=4038) to work on /home/airflow/.local/lib/python3.12/site-packages/airflow/example_dags/example_nested_branch_dag.py
[2024-12-07T17:29:40.284+0000] {processor.py:914} INFO - Processing file /home/airflow/.local/lib/python3.12/site-packages/airflow/example_dags/example_nested_branch_dag.py for tasks to queue
[2024-12-07T17:29:40.287+0000] {logging_mixin.py:190} INFO - [2024-12-07T17:29:40.287+0000] {dagbag.py:588} INFO - Filling up the DagBag from /home/airflow/.local/lib/python3.12/site-packages/airflow/example_dags/example_nested_branch_dag.py
[2024-12-07T17:29:40.308+0000] {processor.py:925} INFO - DAG(s) 'example_nested_branch_dag' retrieved from /home/airflow/.local/lib/python3.12/site-packages/airflow/example_dags/example_nested_branch_dag.py
[2024-12-07T17:29:40.346+0000] {logging_mixin.py:190} INFO - [2024-12-07T17:29:40.345+0000] {dag.py:3239} INFO - Sync 1 DAGs
[2024-12-07T17:29:40.388+0000] {logging_mixin.py:190} INFO - [2024-12-07T17:29:40.387+0000] {dag.py:4180} INFO - Setting next_dagrun for example_nested_branch_dag to 2024-12-06 00:00:00+00:00, run_after=2024-12-07 00:00:00+00:00
[2024-12-07T17:29:40.425+0000] {processor.py:208} INFO - Processing /home/airflow/.local/lib/python3.12/site-packages/airflow/example_dags/example_nested_branch_dag.py took 0.156 seconds
[2024-12-07T17:30:10.597+0000] {processor.py:186} INFO - Started process (PID=4324) to work on /home/airflow/.local/lib/python3.12/site-packages/airflow/example_dags/example_nested_branch_dag.py
[2024-12-07T17:30:10.599+0000] {processor.py:914} INFO - Processing file /home/airflow/.local/lib/python3.12/site-packages/airflow/example_dags/example_nested_branch_dag.py for tasks to queue
[2024-12-07T17:30:10.605+0000] {logging_mixin.py:190} INFO - [2024-12-07T17:30:10.604+0000] {dagbag.py:588} INFO - Filling up the DagBag from /home/airflow/.local/lib/python3.12/site-packages/airflow/example_dags/example_nested_branch_dag.py
[2024-12-07T17:30:10.630+0000] {processor.py:925} INFO - DAG(s) 'example_nested_branch_dag' retrieved from /home/airflow/.local/lib/python3.12/site-packages/airflow/example_dags/example_nested_branch_dag.py
[2024-12-07T17:30:10.675+0000] {logging_mixin.py:190} INFO - [2024-12-07T17:30:10.674+0000] {dag.py:3239} INFO - Sync 1 DAGs
[2024-12-07T17:30:10.748+0000] {logging_mixin.py:190} INFO - [2024-12-07T17:30:10.747+0000] {dag.py:4180} INFO - Setting next_dagrun for example_nested_branch_dag to 2024-12-06 00:00:00+00:00, run_after=2024-12-07 00:00:00+00:00
[2024-12-07T17:30:10.801+0000] {processor.py:208} INFO - Processing /home/airflow/.local/lib/python3.12/site-packages/airflow/example_dags/example_nested_branch_dag.py took 0.226 seconds
[2024-12-07T17:30:41.365+0000] {processor.py:186} INFO - Started process (PID=4615) to work on /home/airflow/.local/lib/python3.12/site-packages/airflow/example_dags/example_nested_branch_dag.py
[2024-12-07T17:30:41.366+0000] {processor.py:914} INFO - Processing file /home/airflow/.local/lib/python3.12/site-packages/airflow/example_dags/example_nested_branch_dag.py for tasks to queue
[2024-12-07T17:30:41.370+0000] {logging_mixin.py:190} INFO - [2024-12-07T17:30:41.369+0000] {dagbag.py:588} INFO - Filling up the DagBag from /home/airflow/.local/lib/python3.12/site-packages/airflow/example_dags/example_nested_branch_dag.py
[2024-12-07T17:30:41.387+0000] {processor.py:925} INFO - DAG(s) 'example_nested_branch_dag' retrieved from /home/airflow/.local/lib/python3.12/site-packages/airflow/example_dags/example_nested_branch_dag.py
[2024-12-07T17:30:41.418+0000] {logging_mixin.py:190} INFO - [2024-12-07T17:30:41.418+0000] {dag.py:3239} INFO - Sync 1 DAGs
[2024-12-07T17:30:41.457+0000] {logging_mixin.py:190} INFO - [2024-12-07T17:30:41.456+0000] {dag.py:4180} INFO - Setting next_dagrun for example_nested_branch_dag to 2024-12-06 00:00:00+00:00, run_after=2024-12-07 00:00:00+00:00
[2024-12-07T17:30:41.508+0000] {processor.py:208} INFO - Processing /home/airflow/.local/lib/python3.12/site-packages/airflow/example_dags/example_nested_branch_dag.py took 0.150 seconds
[2024-12-07T17:31:12.347+0000] {processor.py:186} INFO - Started process (PID=4905) to work on /home/airflow/.local/lib/python3.12/site-packages/airflow/example_dags/example_nested_branch_dag.py
[2024-12-07T17:31:12.348+0000] {processor.py:914} INFO - Processing file /home/airflow/.local/lib/python3.12/site-packages/airflow/example_dags/example_nested_branch_dag.py for tasks to queue
[2024-12-07T17:31:12.352+0000] {logging_mixin.py:190} INFO - [2024-12-07T17:31:12.352+0000] {dagbag.py:588} INFO - Filling up the DagBag from /home/airflow/.local/lib/python3.12/site-packages/airflow/example_dags/example_nested_branch_dag.py
[2024-12-07T17:31:12.372+0000] {processor.py:925} INFO - DAG(s) 'example_nested_branch_dag' retrieved from /home/airflow/.local/lib/python3.12/site-packages/airflow/example_dags/example_nested_branch_dag.py
[2024-12-07T17:31:12.419+0000] {logging_mixin.py:190} INFO - [2024-12-07T17:31:12.418+0000] {dag.py:3239} INFO - Sync 1 DAGs
[2024-12-07T17:31:12.473+0000] {logging_mixin.py:190} INFO - [2024-12-07T17:31:12.473+0000] {dag.py:4180} INFO - Setting next_dagrun for example_nested_branch_dag to 2024-12-06 00:00:00+00:00, run_after=2024-12-07 00:00:00+00:00
[2024-12-07T17:31:12.506+0000] {processor.py:208} INFO - Processing /home/airflow/.local/lib/python3.12/site-packages/airflow/example_dags/example_nested_branch_dag.py took 0.168 seconds
[2024-12-07T17:31:42.884+0000] {processor.py:186} INFO - Started process (PID=5191) to work on /home/airflow/.local/lib/python3.12/site-packages/airflow/example_dags/example_nested_branch_dag.py
[2024-12-07T17:31:42.886+0000] {processor.py:914} INFO - Processing file /home/airflow/.local/lib/python3.12/site-packages/airflow/example_dags/example_nested_branch_dag.py for tasks to queue
[2024-12-07T17:31:42.889+0000] {logging_mixin.py:190} INFO - [2024-12-07T17:31:42.889+0000] {dagbag.py:588} INFO - Filling up the DagBag from /home/airflow/.local/lib/python3.12/site-packages/airflow/example_dags/example_nested_branch_dag.py
[2024-12-07T17:31:42.904+0000] {processor.py:925} INFO - DAG(s) 'example_nested_branch_dag' retrieved from /home/airflow/.local/lib/python3.12/site-packages/airflow/example_dags/example_nested_branch_dag.py
[2024-12-07T17:31:42.935+0000] {logging_mixin.py:190} INFO - [2024-12-07T17:31:42.934+0000] {dag.py:3239} INFO - Sync 1 DAGs
[2024-12-07T17:31:42.981+0000] {logging_mixin.py:190} INFO - [2024-12-07T17:31:42.981+0000] {dag.py:4180} INFO - Setting next_dagrun for example_nested_branch_dag to 2024-12-06 00:00:00+00:00, run_after=2024-12-07 00:00:00+00:00
[2024-12-07T17:31:43.011+0000] {processor.py:208} INFO - Processing /home/airflow/.local/lib/python3.12/site-packages/airflow/example_dags/example_nested_branch_dag.py took 0.135 seconds
[2024-12-07T17:32:13.767+0000] {processor.py:186} INFO - Started process (PID=5482) to work on /home/airflow/.local/lib/python3.12/site-packages/airflow/example_dags/example_nested_branch_dag.py
[2024-12-07T17:32:13.768+0000] {processor.py:914} INFO - Processing file /home/airflow/.local/lib/python3.12/site-packages/airflow/example_dags/example_nested_branch_dag.py for tasks to queue
[2024-12-07T17:32:13.771+0000] {logging_mixin.py:190} INFO - [2024-12-07T17:32:13.771+0000] {dagbag.py:588} INFO - Filling up the DagBag from /home/airflow/.local/lib/python3.12/site-packages/airflow/example_dags/example_nested_branch_dag.py
[2024-12-07T17:32:13.786+0000] {processor.py:925} INFO - DAG(s) 'example_nested_branch_dag' retrieved from /home/airflow/.local/lib/python3.12/site-packages/airflow/example_dags/example_nested_branch_dag.py
[2024-12-07T17:32:13.818+0000] {logging_mixin.py:190} INFO - [2024-12-07T17:32:13.817+0000] {dag.py:3239} INFO - Sync 1 DAGs
[2024-12-07T17:32:13.855+0000] {logging_mixin.py:190} INFO - [2024-12-07T17:32:13.854+0000] {dag.py:4180} INFO - Setting next_dagrun for example_nested_branch_dag to 2024-12-06 00:00:00+00:00, run_after=2024-12-07 00:00:00+00:00
[2024-12-07T17:32:13.885+0000] {processor.py:208} INFO - Processing /home/airflow/.local/lib/python3.12/site-packages/airflow/example_dags/example_nested_branch_dag.py took 0.126 seconds
[2024-12-07T17:32:44.823+0000] {processor.py:186} INFO - Started process (PID=5772) to work on /home/airflow/.local/lib/python3.12/site-packages/airflow/example_dags/example_nested_branch_dag.py
[2024-12-07T17:32:44.824+0000] {processor.py:914} INFO - Processing file /home/airflow/.local/lib/python3.12/site-packages/airflow/example_dags/example_nested_branch_dag.py for tasks to queue
[2024-12-07T17:32:44.827+0000] {logging_mixin.py:190} INFO - [2024-12-07T17:32:44.827+0000] {dagbag.py:588} INFO - Filling up the DagBag from /home/airflow/.local/lib/python3.12/site-packages/airflow/example_dags/example_nested_branch_dag.py
[2024-12-07T17:32:44.843+0000] {processor.py:925} INFO - DAG(s) 'example_nested_branch_dag' retrieved from /home/airflow/.local/lib/python3.12/site-packages/airflow/example_dags/example_nested_branch_dag.py
[2024-12-07T17:32:44.877+0000] {logging_mixin.py:190} INFO - [2024-12-07T17:32:44.876+0000] {dag.py:3239} INFO - Sync 1 DAGs
[2024-12-07T17:32:44.914+0000] {logging_mixin.py:190} INFO - [2024-12-07T17:32:44.914+0000] {dag.py:4180} INFO - Setting next_dagrun for example_nested_branch_dag to 2024-12-06 00:00:00+00:00, run_after=2024-12-07 00:00:00+00:00
[2024-12-07T17:32:44.946+0000] {processor.py:208} INFO - Processing /home/airflow/.local/lib/python3.12/site-packages/airflow/example_dags/example_nested_branch_dag.py took 0.135 seconds
[2024-12-07T17:33:15.067+0000] {processor.py:186} INFO - Started process (PID=6062) to work on /home/airflow/.local/lib/python3.12/site-packages/airflow/example_dags/example_nested_branch_dag.py
[2024-12-07T17:33:15.069+0000] {processor.py:914} INFO - Processing file /home/airflow/.local/lib/python3.12/site-packages/airflow/example_dags/example_nested_branch_dag.py for tasks to queue
[2024-12-07T17:33:15.072+0000] {logging_mixin.py:190} INFO - [2024-12-07T17:33:15.072+0000] {dagbag.py:588} INFO - Filling up the DagBag from /home/airflow/.local/lib/python3.12/site-packages/airflow/example_dags/example_nested_branch_dag.py
[2024-12-07T17:33:15.087+0000] {processor.py:925} INFO - DAG(s) 'example_nested_branch_dag' retrieved from /home/airflow/.local/lib/python3.12/site-packages/airflow/example_dags/example_nested_branch_dag.py
[2024-12-07T17:33:15.121+0000] {logging_mixin.py:190} INFO - [2024-12-07T17:33:15.120+0000] {dag.py:3239} INFO - Sync 1 DAGs
[2024-12-07T17:33:15.163+0000] {logging_mixin.py:190} INFO - [2024-12-07T17:33:15.163+0000] {dag.py:4180} INFO - Setting next_dagrun for example_nested_branch_dag to 2024-12-06 00:00:00+00:00, run_after=2024-12-07 00:00:00+00:00
[2024-12-07T17:33:15.203+0000] {processor.py:208} INFO - Processing /home/airflow/.local/lib/python3.12/site-packages/airflow/example_dags/example_nested_branch_dag.py took 0.143 seconds
[2024-12-07T17:33:45.333+0000] {processor.py:186} INFO - Started process (PID=6348) to work on /home/airflow/.local/lib/python3.12/site-packages/airflow/example_dags/example_nested_branch_dag.py
[2024-12-07T17:33:45.335+0000] {processor.py:914} INFO - Processing file /home/airflow/.local/lib/python3.12/site-packages/airflow/example_dags/example_nested_branch_dag.py for tasks to queue
[2024-12-07T17:33:45.338+0000] {logging_mixin.py:190} INFO - [2024-12-07T17:33:45.338+0000] {dagbag.py:588} INFO - Filling up the DagBag from /home/airflow/.local/lib/python3.12/site-packages/airflow/example_dags/example_nested_branch_dag.py
[2024-12-07T17:33:45.358+0000] {processor.py:925} INFO - DAG(s) 'example_nested_branch_dag' retrieved from /home/airflow/.local/lib/python3.12/site-packages/airflow/example_dags/example_nested_branch_dag.py
[2024-12-07T17:33:45.394+0000] {logging_mixin.py:190} INFO - [2024-12-07T17:33:45.394+0000] {dag.py:3239} INFO - Sync 1 DAGs
[2024-12-07T17:33:45.447+0000] {logging_mixin.py:190} INFO - [2024-12-07T17:33:45.447+0000] {dag.py:4180} INFO - Setting next_dagrun for example_nested_branch_dag to 2024-12-06 00:00:00+00:00, run_after=2024-12-07 00:00:00+00:00
[2024-12-07T17:33:45.604+0000] {processor.py:208} INFO - Processing /home/airflow/.local/lib/python3.12/site-packages/airflow/example_dags/example_nested_branch_dag.py took 0.281 seconds
[2024-12-07T17:34:15.788+0000] {processor.py:186} INFO - Started process (PID=6639) to work on /home/airflow/.local/lib/python3.12/site-packages/airflow/example_dags/example_nested_branch_dag.py
[2024-12-07T17:34:15.789+0000] {processor.py:914} INFO - Processing file /home/airflow/.local/lib/python3.12/site-packages/airflow/example_dags/example_nested_branch_dag.py for tasks to queue
[2024-12-07T17:34:15.792+0000] {logging_mixin.py:190} INFO - [2024-12-07T17:34:15.792+0000] {dagbag.py:588} INFO - Filling up the DagBag from /home/airflow/.local/lib/python3.12/site-packages/airflow/example_dags/example_nested_branch_dag.py
[2024-12-07T17:34:15.807+0000] {processor.py:925} INFO - DAG(s) 'example_nested_branch_dag' retrieved from /home/airflow/.local/lib/python3.12/site-packages/airflow/example_dags/example_nested_branch_dag.py
[2024-12-07T17:34:15.838+0000] {logging_mixin.py:190} INFO - [2024-12-07T17:34:15.838+0000] {dag.py:3239} INFO - Sync 1 DAGs
[2024-12-07T17:34:15.875+0000] {logging_mixin.py:190} INFO - [2024-12-07T17:34:15.874+0000] {dag.py:4180} INFO - Setting next_dagrun for example_nested_branch_dag to 2024-12-06 00:00:00+00:00, run_after=2024-12-07 00:00:00+00:00
[2024-12-07T17:34:15.905+0000] {processor.py:208} INFO - Processing /home/airflow/.local/lib/python3.12/site-packages/airflow/example_dags/example_nested_branch_dag.py took 0.124 seconds
[2024-12-07T17:34:46.135+0000] {processor.py:186} INFO - Started process (PID=6930) to work on /home/airflow/.local/lib/python3.12/site-packages/airflow/example_dags/example_nested_branch_dag.py
[2024-12-07T17:34:46.141+0000] {processor.py:914} INFO - Processing file /home/airflow/.local/lib/python3.12/site-packages/airflow/example_dags/example_nested_branch_dag.py for tasks to queue
[2024-12-07T17:34:46.145+0000] {logging_mixin.py:190} INFO - [2024-12-07T17:34:46.145+0000] {dagbag.py:588} INFO - Filling up the DagBag from /home/airflow/.local/lib/python3.12/site-packages/airflow/example_dags/example_nested_branch_dag.py
[2024-12-07T17:34:46.174+0000] {processor.py:925} INFO - DAG(s) 'example_nested_branch_dag' retrieved from /home/airflow/.local/lib/python3.12/site-packages/airflow/example_dags/example_nested_branch_dag.py
[2024-12-07T17:34:46.254+0000] {logging_mixin.py:190} INFO - [2024-12-07T17:34:46.253+0000] {dag.py:3239} INFO - Sync 1 DAGs
[2024-12-07T17:34:46.311+0000] {logging_mixin.py:190} INFO - [2024-12-07T17:34:46.311+0000] {dag.py:4180} INFO - Setting next_dagrun for example_nested_branch_dag to 2024-12-06 00:00:00+00:00, run_after=2024-12-07 00:00:00+00:00
[2024-12-07T17:34:46.375+0000] {processor.py:208} INFO - Processing /home/airflow/.local/lib/python3.12/site-packages/airflow/example_dags/example_nested_branch_dag.py took 0.250 seconds
[2024-12-07T17:35:16.648+0000] {processor.py:186} INFO - Started process (PID=7221) to work on /home/airflow/.local/lib/python3.12/site-packages/airflow/example_dags/example_nested_branch_dag.py
[2024-12-07T17:35:16.649+0000] {processor.py:914} INFO - Processing file /home/airflow/.local/lib/python3.12/site-packages/airflow/example_dags/example_nested_branch_dag.py for tasks to queue
[2024-12-07T17:35:16.655+0000] {logging_mixin.py:190} INFO - [2024-12-07T17:35:16.651+0000] {dagbag.py:588} INFO - Filling up the DagBag from /home/airflow/.local/lib/python3.12/site-packages/airflow/example_dags/example_nested_branch_dag.py
[2024-12-07T17:35:16.675+0000] {processor.py:925} INFO - DAG(s) 'example_nested_branch_dag' retrieved from /home/airflow/.local/lib/python3.12/site-packages/airflow/example_dags/example_nested_branch_dag.py
[2024-12-07T17:35:16.710+0000] {logging_mixin.py:190} INFO - [2024-12-07T17:35:16.710+0000] {dag.py:3239} INFO - Sync 1 DAGs
[2024-12-07T17:35:16.767+0000] {logging_mixin.py:190} INFO - [2024-12-07T17:35:16.766+0000] {dag.py:4180} INFO - Setting next_dagrun for example_nested_branch_dag to 2024-12-06 00:00:00+00:00, run_after=2024-12-07 00:00:00+00:00
[2024-12-07T17:35:16.810+0000] {processor.py:208} INFO - Processing /home/airflow/.local/lib/python3.12/site-packages/airflow/example_dags/example_nested_branch_dag.py took 0.170 seconds
[2024-12-07T17:35:47.338+0000] {processor.py:186} INFO - Started process (PID=7512) to work on /home/airflow/.local/lib/python3.12/site-packages/airflow/example_dags/example_nested_branch_dag.py
[2024-12-07T17:35:47.340+0000] {processor.py:914} INFO - Processing file /home/airflow/.local/lib/python3.12/site-packages/airflow/example_dags/example_nested_branch_dag.py for tasks to queue
[2024-12-07T17:35:47.345+0000] {logging_mixin.py:190} INFO - [2024-12-07T17:35:47.345+0000] {dagbag.py:588} INFO - Filling up the DagBag from /home/airflow/.local/lib/python3.12/site-packages/airflow/example_dags/example_nested_branch_dag.py
[2024-12-07T17:35:47.371+0000] {processor.py:925} INFO - DAG(s) 'example_nested_branch_dag' retrieved from /home/airflow/.local/lib/python3.12/site-packages/airflow/example_dags/example_nested_branch_dag.py
[2024-12-07T17:35:47.438+0000] {logging_mixin.py:190} INFO - [2024-12-07T17:35:47.438+0000] {dag.py:3239} INFO - Sync 1 DAGs
[2024-12-07T17:35:47.517+0000] {logging_mixin.py:190} INFO - [2024-12-07T17:35:47.516+0000] {dag.py:4180} INFO - Setting next_dagrun for example_nested_branch_dag to 2024-12-06 00:00:00+00:00, run_after=2024-12-07 00:00:00+00:00
[2024-12-07T17:35:47.614+0000] {processor.py:208} INFO - Processing /home/airflow/.local/lib/python3.12/site-packages/airflow/example_dags/example_nested_branch_dag.py took 0.299 seconds
[2024-12-07T17:36:18.308+0000] {processor.py:186} INFO - Started process (PID=7803) to work on /home/airflow/.local/lib/python3.12/site-packages/airflow/example_dags/example_nested_branch_dag.py
[2024-12-07T17:36:18.316+0000] {processor.py:914} INFO - Processing file /home/airflow/.local/lib/python3.12/site-packages/airflow/example_dags/example_nested_branch_dag.py for tasks to queue
[2024-12-07T17:36:18.326+0000] {logging_mixin.py:190} INFO - [2024-12-07T17:36:18.325+0000] {dagbag.py:588} INFO - Filling up the DagBag from /home/airflow/.local/lib/python3.12/site-packages/airflow/example_dags/example_nested_branch_dag.py
[2024-12-07T17:36:18.367+0000] {processor.py:925} INFO - DAG(s) 'example_nested_branch_dag' retrieved from /home/airflow/.local/lib/python3.12/site-packages/airflow/example_dags/example_nested_branch_dag.py
[2024-12-07T17:36:18.425+0000] {logging_mixin.py:190} INFO - [2024-12-07T17:36:18.424+0000] {dag.py:3239} INFO - Sync 1 DAGs
[2024-12-07T17:36:18.467+0000] {logging_mixin.py:190} INFO - [2024-12-07T17:36:18.467+0000] {dag.py:4180} INFO - Setting next_dagrun for example_nested_branch_dag to 2024-12-06 00:00:00+00:00, run_after=2024-12-07 00:00:00+00:00
[2024-12-07T17:36:18.508+0000] {processor.py:208} INFO - Processing /home/airflow/.local/lib/python3.12/site-packages/airflow/example_dags/example_nested_branch_dag.py took 0.222 seconds
[2024-12-07T17:36:53.611+0000] {processor.py:186} INFO - Started process (PID=8107) to work on /home/airflow/.local/lib/python3.12/site-packages/airflow/example_dags/example_nested_branch_dag.py
[2024-12-07T17:36:53.613+0000] {processor.py:914} INFO - Processing file /home/airflow/.local/lib/python3.12/site-packages/airflow/example_dags/example_nested_branch_dag.py for tasks to queue
[2024-12-07T17:36:53.623+0000] {logging_mixin.py:190} INFO - [2024-12-07T17:36:53.620+0000] {dagbag.py:588} INFO - Filling up the DagBag from /home/airflow/.local/lib/python3.12/site-packages/airflow/example_dags/example_nested_branch_dag.py
[2024-12-07T17:36:53.650+0000] {processor.py:925} INFO - DAG(s) 'example_nested_branch_dag' retrieved from /home/airflow/.local/lib/python3.12/site-packages/airflow/example_dags/example_nested_branch_dag.py
[2024-12-07T17:36:53.746+0000] {logging_mixin.py:190} INFO - [2024-12-07T17:36:53.746+0000] {dag.py:3239} INFO - Sync 1 DAGs
[2024-12-07T17:36:53.825+0000] {logging_mixin.py:190} INFO - [2024-12-07T17:36:53.825+0000] {dag.py:4180} INFO - Setting next_dagrun for example_nested_branch_dag to 2024-12-06 00:00:00+00:00, run_after=2024-12-07 00:00:00+00:00
[2024-12-07T17:36:54.014+0000] {processor.py:208} INFO - Processing /home/airflow/.local/lib/python3.12/site-packages/airflow/example_dags/example_nested_branch_dag.py took 0.423 seconds
[2024-12-07T17:37:24.753+0000] {processor.py:186} INFO - Started process (PID=8393) to work on /home/airflow/.local/lib/python3.12/site-packages/airflow/example_dags/example_nested_branch_dag.py
[2024-12-07T17:37:24.756+0000] {processor.py:914} INFO - Processing file /home/airflow/.local/lib/python3.12/site-packages/airflow/example_dags/example_nested_branch_dag.py for tasks to queue
[2024-12-07T17:37:24.772+0000] {logging_mixin.py:190} INFO - [2024-12-07T17:37:24.771+0000] {dagbag.py:588} INFO - Filling up the DagBag from /home/airflow/.local/lib/python3.12/site-packages/airflow/example_dags/example_nested_branch_dag.py
[2024-12-07T17:37:24.827+0000] {processor.py:925} INFO - DAG(s) 'example_nested_branch_dag' retrieved from /home/airflow/.local/lib/python3.12/site-packages/airflow/example_dags/example_nested_branch_dag.py
[2024-12-07T17:37:24.910+0000] {logging_mixin.py:190} INFO - [2024-12-07T17:37:24.900+0000] {dag.py:3239} INFO - Sync 1 DAGs
[2024-12-07T17:37:25.042+0000] {logging_mixin.py:190} INFO - [2024-12-07T17:37:25.042+0000] {dag.py:4180} INFO - Setting next_dagrun for example_nested_branch_dag to 2024-12-06 00:00:00+00:00, run_after=2024-12-07 00:00:00+00:00
[2024-12-07T17:37:25.105+0000] {processor.py:208} INFO - Processing /home/airflow/.local/lib/python3.12/site-packages/airflow/example_dags/example_nested_branch_dag.py took 0.386 seconds
[2024-12-07T17:37:55.555+0000] {processor.py:186} INFO - Started process (PID=8684) to work on /home/airflow/.local/lib/python3.12/site-packages/airflow/example_dags/example_nested_branch_dag.py
[2024-12-07T17:37:55.556+0000] {processor.py:914} INFO - Processing file /home/airflow/.local/lib/python3.12/site-packages/airflow/example_dags/example_nested_branch_dag.py for tasks to queue
[2024-12-07T17:37:55.562+0000] {logging_mixin.py:190} INFO - [2024-12-07T17:37:55.561+0000] {dagbag.py:588} INFO - Filling up the DagBag from /home/airflow/.local/lib/python3.12/site-packages/airflow/example_dags/example_nested_branch_dag.py
[2024-12-07T17:37:55.581+0000] {processor.py:925} INFO - DAG(s) 'example_nested_branch_dag' retrieved from /home/airflow/.local/lib/python3.12/site-packages/airflow/example_dags/example_nested_branch_dag.py
[2024-12-07T17:37:55.619+0000] {logging_mixin.py:190} INFO - [2024-12-07T17:37:55.618+0000] {dag.py:3239} INFO - Sync 1 DAGs
[2024-12-07T17:37:55.662+0000] {logging_mixin.py:190} INFO - [2024-12-07T17:37:55.661+0000] {dag.py:4180} INFO - Setting next_dagrun for example_nested_branch_dag to 2024-12-06 00:00:00+00:00, run_after=2024-12-07 00:00:00+00:00
[2024-12-07T17:37:55.692+0000] {processor.py:208} INFO - Processing /home/airflow/.local/lib/python3.12/site-packages/airflow/example_dags/example_nested_branch_dag.py took 0.147 seconds
[2024-12-07T17:38:27.493+0000] {processor.py:186} INFO - Started process (PID=8970) to work on /home/airflow/.local/lib/python3.12/site-packages/airflow/example_dags/example_nested_branch_dag.py
[2024-12-07T17:38:27.494+0000] {processor.py:914} INFO - Processing file /home/airflow/.local/lib/python3.12/site-packages/airflow/example_dags/example_nested_branch_dag.py for tasks to queue
[2024-12-07T17:38:27.500+0000] {logging_mixin.py:190} INFO - [2024-12-07T17:38:27.499+0000] {dagbag.py:588} INFO - Filling up the DagBag from /home/airflow/.local/lib/python3.12/site-packages/airflow/example_dags/example_nested_branch_dag.py
[2024-12-07T17:38:27.528+0000] {processor.py:925} INFO - DAG(s) 'example_nested_branch_dag' retrieved from /home/airflow/.local/lib/python3.12/site-packages/airflow/example_dags/example_nested_branch_dag.py
[2024-12-07T17:38:27.599+0000] {logging_mixin.py:190} INFO - [2024-12-07T17:38:27.599+0000] {dag.py:3239} INFO - Sync 1 DAGs
[2024-12-07T17:38:27.694+0000] {logging_mixin.py:190} INFO - [2024-12-07T17:38:27.694+0000] {dag.py:4180} INFO - Setting next_dagrun for example_nested_branch_dag to 2024-12-06 00:00:00+00:00, run_after=2024-12-07 00:00:00+00:00
[2024-12-07T17:38:27.746+0000] {processor.py:208} INFO - Processing /home/airflow/.local/lib/python3.12/site-packages/airflow/example_dags/example_nested_branch_dag.py took 0.266 seconds
[2024-12-07T17:38:57.971+0000] {processor.py:186} INFO - Started process (PID=9261) to work on /home/airflow/.local/lib/python3.12/site-packages/airflow/example_dags/example_nested_branch_dag.py
[2024-12-07T17:38:57.973+0000] {processor.py:914} INFO - Processing file /home/airflow/.local/lib/python3.12/site-packages/airflow/example_dags/example_nested_branch_dag.py for tasks to queue
[2024-12-07T17:38:57.976+0000] {logging_mixin.py:190} INFO - [2024-12-07T17:38:57.976+0000] {dagbag.py:588} INFO - Filling up the DagBag from /home/airflow/.local/lib/python3.12/site-packages/airflow/example_dags/example_nested_branch_dag.py
[2024-12-07T17:38:57.994+0000] {processor.py:925} INFO - DAG(s) 'example_nested_branch_dag' retrieved from /home/airflow/.local/lib/python3.12/site-packages/airflow/example_dags/example_nested_branch_dag.py
[2024-12-07T17:38:58.025+0000] {logging_mixin.py:190} INFO - [2024-12-07T17:38:58.024+0000] {dag.py:3239} INFO - Sync 1 DAGs
[2024-12-07T17:38:58.096+0000] {logging_mixin.py:190} INFO - [2024-12-07T17:38:58.095+0000] {dag.py:4180} INFO - Setting next_dagrun for example_nested_branch_dag to 2024-12-06 00:00:00+00:00, run_after=2024-12-07 00:00:00+00:00
[2024-12-07T17:38:58.284+0000] {processor.py:208} INFO - Processing /home/airflow/.local/lib/python3.12/site-packages/airflow/example_dags/example_nested_branch_dag.py took 0.320 seconds
[2024-12-07T17:39:28.816+0000] {processor.py:186} INFO - Started process (PID=9553) to work on /home/airflow/.local/lib/python3.12/site-packages/airflow/example_dags/example_nested_branch_dag.py
[2024-12-07T17:39:28.828+0000] {processor.py:914} INFO - Processing file /home/airflow/.local/lib/python3.12/site-packages/airflow/example_dags/example_nested_branch_dag.py for tasks to queue
[2024-12-07T17:39:28.834+0000] {logging_mixin.py:190} INFO - [2024-12-07T17:39:28.833+0000] {dagbag.py:588} INFO - Filling up the DagBag from /home/airflow/.local/lib/python3.12/site-packages/airflow/example_dags/example_nested_branch_dag.py
[2024-12-07T17:39:28.880+0000] {processor.py:925} INFO - DAG(s) 'example_nested_branch_dag' retrieved from /home/airflow/.local/lib/python3.12/site-packages/airflow/example_dags/example_nested_branch_dag.py
[2024-12-07T17:39:28.950+0000] {logging_mixin.py:190} INFO - [2024-12-07T17:39:28.949+0000] {dag.py:3239} INFO - Sync 1 DAGs
[2024-12-07T17:39:29.048+0000] {logging_mixin.py:190} INFO - [2024-12-07T17:39:29.047+0000] {dag.py:4180} INFO - Setting next_dagrun for example_nested_branch_dag to 2024-12-06 00:00:00+00:00, run_after=2024-12-07 00:00:00+00:00
[2024-12-07T17:39:29.124+0000] {processor.py:208} INFO - Processing /home/airflow/.local/lib/python3.12/site-packages/airflow/example_dags/example_nested_branch_dag.py took 0.331 seconds
[2024-12-07T17:39:59.796+0000] {processor.py:186} INFO - Started process (PID=9844) to work on /home/airflow/.local/lib/python3.12/site-packages/airflow/example_dags/example_nested_branch_dag.py
[2024-12-07T17:39:59.797+0000] {processor.py:914} INFO - Processing file /home/airflow/.local/lib/python3.12/site-packages/airflow/example_dags/example_nested_branch_dag.py for tasks to queue
[2024-12-07T17:39:59.803+0000] {logging_mixin.py:190} INFO - [2024-12-07T17:39:59.803+0000] {dagbag.py:588} INFO - Filling up the DagBag from /home/airflow/.local/lib/python3.12/site-packages/airflow/example_dags/example_nested_branch_dag.py
[2024-12-07T17:39:59.828+0000] {processor.py:925} INFO - DAG(s) 'example_nested_branch_dag' retrieved from /home/airflow/.local/lib/python3.12/site-packages/airflow/example_dags/example_nested_branch_dag.py
[2024-12-07T17:39:59.873+0000] {logging_mixin.py:190} INFO - [2024-12-07T17:39:59.873+0000] {dag.py:3239} INFO - Sync 1 DAGs
[2024-12-07T17:39:59.927+0000] {logging_mixin.py:190} INFO - [2024-12-07T17:39:59.926+0000] {dag.py:4180} INFO - Setting next_dagrun for example_nested_branch_dag to 2024-12-06 00:00:00+00:00, run_after=2024-12-07 00:00:00+00:00
[2024-12-07T17:39:59.976+0000] {processor.py:208} INFO - Processing /home/airflow/.local/lib/python3.12/site-packages/airflow/example_dags/example_nested_branch_dag.py took 0.190 seconds
[2024-12-07T17:40:32.150+0000] {processor.py:186} INFO - Started process (PID=10135) to work on /home/airflow/.local/lib/python3.12/site-packages/airflow/example_dags/example_nested_branch_dag.py
[2024-12-07T17:40:32.152+0000] {processor.py:914} INFO - Processing file /home/airflow/.local/lib/python3.12/site-packages/airflow/example_dags/example_nested_branch_dag.py for tasks to queue
[2024-12-07T17:40:32.170+0000] {logging_mixin.py:190} INFO - [2024-12-07T17:40:32.170+0000] {dagbag.py:588} INFO - Filling up the DagBag from /home/airflow/.local/lib/python3.12/site-packages/airflow/example_dags/example_nested_branch_dag.py
[2024-12-07T17:40:32.308+0000] {processor.py:925} INFO - DAG(s) 'example_nested_branch_dag' retrieved from /home/airflow/.local/lib/python3.12/site-packages/airflow/example_dags/example_nested_branch_dag.py
[2024-12-07T17:40:32.427+0000] {logging_mixin.py:190} INFO - [2024-12-07T17:40:32.426+0000] {dag.py:3239} INFO - Sync 1 DAGs
[2024-12-07T17:40:32.588+0000] {logging_mixin.py:190} INFO - [2024-12-07T17:40:32.588+0000] {dag.py:4180} INFO - Setting next_dagrun for example_nested_branch_dag to 2024-12-06 00:00:00+00:00, run_after=2024-12-07 00:00:00+00:00
[2024-12-07T17:40:32.708+0000] {processor.py:208} INFO - Processing /home/airflow/.local/lib/python3.12/site-packages/airflow/example_dags/example_nested_branch_dag.py took 0.603 seconds
[2024-12-07T17:41:03.487+0000] {processor.py:186} INFO - Started process (PID=10426) to work on /home/airflow/.local/lib/python3.12/site-packages/airflow/example_dags/example_nested_branch_dag.py
[2024-12-07T17:41:03.488+0000] {processor.py:914} INFO - Processing file /home/airflow/.local/lib/python3.12/site-packages/airflow/example_dags/example_nested_branch_dag.py for tasks to queue
[2024-12-07T17:41:03.494+0000] {logging_mixin.py:190} INFO - [2024-12-07T17:41:03.493+0000] {dagbag.py:588} INFO - Filling up the DagBag from /home/airflow/.local/lib/python3.12/site-packages/airflow/example_dags/example_nested_branch_dag.py
[2024-12-07T17:41:03.519+0000] {processor.py:925} INFO - DAG(s) 'example_nested_branch_dag' retrieved from /home/airflow/.local/lib/python3.12/site-packages/airflow/example_dags/example_nested_branch_dag.py
[2024-12-07T17:41:03.579+0000] {logging_mixin.py:190} INFO - [2024-12-07T17:41:03.578+0000] {dag.py:3239} INFO - Sync 1 DAGs
[2024-12-07T17:41:03.626+0000] {logging_mixin.py:190} INFO - [2024-12-07T17:41:03.626+0000] {dag.py:4180} INFO - Setting next_dagrun for example_nested_branch_dag to 2024-12-06 00:00:00+00:00, run_after=2024-12-07 00:00:00+00:00
[2024-12-07T17:41:04.583+0000] {processor.py:208} INFO - Processing /home/airflow/.local/lib/python3.12/site-packages/airflow/example_dags/example_nested_branch_dag.py took 1.107 seconds
[2024-12-07T17:41:35.235+0000] {processor.py:186} INFO - Started process (PID=10718) to work on /home/airflow/.local/lib/python3.12/site-packages/airflow/example_dags/example_nested_branch_dag.py
[2024-12-07T17:41:35.237+0000] {processor.py:914} INFO - Processing file /home/airflow/.local/lib/python3.12/site-packages/airflow/example_dags/example_nested_branch_dag.py for tasks to queue
[2024-12-07T17:41:35.240+0000] {logging_mixin.py:190} INFO - [2024-12-07T17:41:35.240+0000] {dagbag.py:588} INFO - Filling up the DagBag from /home/airflow/.local/lib/python3.12/site-packages/airflow/example_dags/example_nested_branch_dag.py
[2024-12-07T17:41:35.254+0000] {processor.py:925} INFO - DAG(s) 'example_nested_branch_dag' retrieved from /home/airflow/.local/lib/python3.12/site-packages/airflow/example_dags/example_nested_branch_dag.py
[2024-12-07T17:41:35.283+0000] {logging_mixin.py:190} INFO - [2024-12-07T17:41:35.283+0000] {dag.py:3239} INFO - Sync 1 DAGs
[2024-12-07T17:41:35.313+0000] {logging_mixin.py:190} INFO - [2024-12-07T17:41:35.313+0000] {dag.py:4180} INFO - Setting next_dagrun for example_nested_branch_dag to 2024-12-06 00:00:00+00:00, run_after=2024-12-07 00:00:00+00:00
[2024-12-07T17:41:35.344+0000] {processor.py:208} INFO - Processing /home/airflow/.local/lib/python3.12/site-packages/airflow/example_dags/example_nested_branch_dag.py took 0.116 seconds
[2024-12-07T17:42:05.409+0000] {processor.py:186} INFO - Started process (PID=11007) to work on /home/airflow/.local/lib/python3.12/site-packages/airflow/example_dags/example_nested_branch_dag.py
[2024-12-07T17:42:05.410+0000] {processor.py:914} INFO - Processing file /home/airflow/.local/lib/python3.12/site-packages/airflow/example_dags/example_nested_branch_dag.py for tasks to queue
[2024-12-07T17:42:05.413+0000] {logging_mixin.py:190} INFO - [2024-12-07T17:42:05.413+0000] {dagbag.py:588} INFO - Filling up the DagBag from /home/airflow/.local/lib/python3.12/site-packages/airflow/example_dags/example_nested_branch_dag.py
[2024-12-07T17:42:05.427+0000] {processor.py:925} INFO - DAG(s) 'example_nested_branch_dag' retrieved from /home/airflow/.local/lib/python3.12/site-packages/airflow/example_dags/example_nested_branch_dag.py
[2024-12-07T17:42:05.452+0000] {logging_mixin.py:190} INFO - [2024-12-07T17:42:05.452+0000] {dag.py:3239} INFO - Sync 1 DAGs
[2024-12-07T17:42:05.495+0000] {logging_mixin.py:190} INFO - [2024-12-07T17:42:05.494+0000] {dag.py:4180} INFO - Setting next_dagrun for example_nested_branch_dag to 2024-12-06 00:00:00+00:00, run_after=2024-12-07 00:00:00+00:00
[2024-12-07T17:42:05.582+0000] {processor.py:208} INFO - Processing /home/airflow/.local/lib/python3.12/site-packages/airflow/example_dags/example_nested_branch_dag.py took 0.180 seconds
[2024-12-07T17:42:35.760+0000] {processor.py:186} INFO - Started process (PID=11298) to work on /home/airflow/.local/lib/python3.12/site-packages/airflow/example_dags/example_nested_branch_dag.py
[2024-12-07T17:42:35.762+0000] {processor.py:914} INFO - Processing file /home/airflow/.local/lib/python3.12/site-packages/airflow/example_dags/example_nested_branch_dag.py for tasks to queue
[2024-12-07T17:42:35.766+0000] {logging_mixin.py:190} INFO - [2024-12-07T17:42:35.766+0000] {dagbag.py:588} INFO - Filling up the DagBag from /home/airflow/.local/lib/python3.12/site-packages/airflow/example_dags/example_nested_branch_dag.py
[2024-12-07T17:42:35.782+0000] {processor.py:925} INFO - DAG(s) 'example_nested_branch_dag' retrieved from /home/airflow/.local/lib/python3.12/site-packages/airflow/example_dags/example_nested_branch_dag.py
[2024-12-07T17:42:35.816+0000] {logging_mixin.py:190} INFO - [2024-12-07T17:42:35.815+0000] {dag.py:3239} INFO - Sync 1 DAGs
[2024-12-07T17:42:35.865+0000] {logging_mixin.py:190} INFO - [2024-12-07T17:42:35.865+0000] {dag.py:4180} INFO - Setting next_dagrun for example_nested_branch_dag to 2024-12-06 00:00:00+00:00, run_after=2024-12-07 00:00:00+00:00
[2024-12-07T17:42:35.917+0000] {processor.py:208} INFO - Processing /home/airflow/.local/lib/python3.12/site-packages/airflow/example_dags/example_nested_branch_dag.py took 0.167 seconds
[2024-12-07T17:43:05.993+0000] {processor.py:186} INFO - Started process (PID=11588) to work on /home/airflow/.local/lib/python3.12/site-packages/airflow/example_dags/example_nested_branch_dag.py
[2024-12-07T17:43:05.994+0000] {processor.py:914} INFO - Processing file /home/airflow/.local/lib/python3.12/site-packages/airflow/example_dags/example_nested_branch_dag.py for tasks to queue
[2024-12-07T17:43:05.999+0000] {logging_mixin.py:190} INFO - [2024-12-07T17:43:05.997+0000] {dagbag.py:588} INFO - Filling up the DagBag from /home/airflow/.local/lib/python3.12/site-packages/airflow/example_dags/example_nested_branch_dag.py
[2024-12-07T17:43:06.014+0000] {processor.py:925} INFO - DAG(s) 'example_nested_branch_dag' retrieved from /home/airflow/.local/lib/python3.12/site-packages/airflow/example_dags/example_nested_branch_dag.py
[2024-12-07T17:43:06.049+0000] {logging_mixin.py:190} INFO - [2024-12-07T17:43:06.049+0000] {dag.py:3239} INFO - Sync 1 DAGs
[2024-12-07T17:43:06.094+0000] {logging_mixin.py:190} INFO - [2024-12-07T17:43:06.093+0000] {dag.py:4180} INFO - Setting next_dagrun for example_nested_branch_dag to 2024-12-06 00:00:00+00:00, run_after=2024-12-07 00:00:00+00:00
[2024-12-07T17:43:06.129+0000] {processor.py:208} INFO - Processing /home/airflow/.local/lib/python3.12/site-packages/airflow/example_dags/example_nested_branch_dag.py took 0.146 seconds
[2024-12-07T17:43:36.303+0000] {processor.py:186} INFO - Started process (PID=11879) to work on /home/airflow/.local/lib/python3.12/site-packages/airflow/example_dags/example_nested_branch_dag.py
[2024-12-07T17:43:36.304+0000] {processor.py:914} INFO - Processing file /home/airflow/.local/lib/python3.12/site-packages/airflow/example_dags/example_nested_branch_dag.py for tasks to queue
[2024-12-07T17:43:36.308+0000] {logging_mixin.py:190} INFO - [2024-12-07T17:43:36.307+0000] {dagbag.py:588} INFO - Filling up the DagBag from /home/airflow/.local/lib/python3.12/site-packages/airflow/example_dags/example_nested_branch_dag.py
[2024-12-07T17:43:36.325+0000] {processor.py:925} INFO - DAG(s) 'example_nested_branch_dag' retrieved from /home/airflow/.local/lib/python3.12/site-packages/airflow/example_dags/example_nested_branch_dag.py
[2024-12-07T17:43:36.358+0000] {logging_mixin.py:190} INFO - [2024-12-07T17:43:36.358+0000] {dag.py:3239} INFO - Sync 1 DAGs
[2024-12-07T17:43:36.398+0000] {logging_mixin.py:190} INFO - [2024-12-07T17:43:36.397+0000] {dag.py:4180} INFO - Setting next_dagrun for example_nested_branch_dag to 2024-12-06 00:00:00+00:00, run_after=2024-12-07 00:00:00+00:00
[2024-12-07T17:43:36.427+0000] {processor.py:208} INFO - Processing /home/airflow/.local/lib/python3.12/site-packages/airflow/example_dags/example_nested_branch_dag.py took 0.135 seconds
