[2024-12-07T17:21:56.008+0000] {processor.py:186} INFO - Started process (PID=174) to work on /home/airflow/.local/lib/python3.12/site-packages/airflow/example_dags/example_python_operator.py
[2024-12-07T17:21:56.010+0000] {processor.py:914} INFO - Processing file /home/airflow/.local/lib/python3.12/site-packages/airflow/example_dags/example_python_operator.py for tasks to queue
[2024-12-07T17:21:56.015+0000] {logging_mixin.py:190} INFO - [2024-12-07T17:21:56.014+0000] {dagbag.py:588} INFO - Filling up the DagBag from /home/airflow/.local/lib/python3.12/site-packages/airflow/example_dags/example_python_operator.py
[2024-12-07T17:21:56.080+0000] {processor.py:925} INFO - DAG(s) 'example_python_operator' retrieved from /home/airflow/.local/lib/python3.12/site-packages/airflow/example_dags/example_python_operator.py
[2024-12-07T17:22:00.344+0000] {logging_mixin.py:190} INFO - [2024-12-07T17:22:00.342+0000] {override.py:1911} INFO - Created Permission View: can delete on DAG:example_python_operator
[2024-12-07T17:22:00.887+0000] {logging_mixin.py:190} INFO - [2024-12-07T17:22:00.886+0000] {override.py:1911} INFO - Created Permission View: can read on DAG:example_python_operator
[2024-12-07T17:22:01.202+0000] {logging_mixin.py:190} INFO - [2024-12-07T17:22:01.202+0000] {override.py:1911} INFO - Created Permission View: can edit on DAG:example_python_operator
[2024-12-07T17:22:01.955+0000] {logging_mixin.py:190} INFO - [2024-12-07T17:22:01.955+0000] {override.py:1911} INFO - Created Permission View: menu access on DAG Run:example_python_operator
[2024-12-07T17:22:02.740+0000] {logging_mixin.py:190} INFO - [2024-12-07T17:22:02.740+0000] {override.py:1911} INFO - Created Permission View: can delete on DAG Run:example_python_operator
[2024-12-07T17:22:02.826+0000] {logging_mixin.py:190} INFO - [2024-12-07T17:22:02.825+0000] {override.py:1911} INFO - Created Permission View: can read on DAG Run:example_python_operator
[2024-12-07T17:22:03.313+0000] {logging_mixin.py:190} INFO - [2024-12-07T17:22:03.313+0000] {override.py:1911} INFO - Created Permission View: can create on DAG Run:example_python_operator
[2024-12-07T17:22:03.314+0000] {logging_mixin.py:190} INFO - [2024-12-07T17:22:03.314+0000] {dag.py:3239} INFO - Sync 1 DAGs
[2024-12-07T17:22:12.454+0000] {logging_mixin.py:190} INFO - [2024-12-07T17:22:12.453+0000] {dag.py:3262} INFO - Creating ORM DAG for example_python_operator
[2024-12-07T17:22:12.455+0000] {logging_mixin.py:190} INFO - [2024-12-07T17:22:12.455+0000] {dag.py:4180} INFO - Setting next_dagrun for example_python_operator to None, run_after=None
[2024-12-07T17:22:13.432+0000] {processor.py:208} INFO - Processing /home/airflow/.local/lib/python3.12/site-packages/airflow/example_dags/example_python_operator.py took 17.442 seconds
[2024-12-07T17:23:05.220+0000] {processor.py:186} INFO - Started process (PID=473) to work on /home/airflow/.local/lib/python3.12/site-packages/airflow/example_dags/example_python_operator.py
[2024-12-07T17:23:05.223+0000] {processor.py:914} INFO - Processing file /home/airflow/.local/lib/python3.12/site-packages/airflow/example_dags/example_python_operator.py for tasks to queue
[2024-12-07T17:23:05.230+0000] {logging_mixin.py:190} INFO - [2024-12-07T17:23:05.230+0000] {dagbag.py:588} INFO - Filling up the DagBag from /home/airflow/.local/lib/python3.12/site-packages/airflow/example_dags/example_python_operator.py
[2024-12-07T17:23:05.272+0000] {processor.py:925} INFO - DAG(s) 'example_python_operator' retrieved from /home/airflow/.local/lib/python3.12/site-packages/airflow/example_dags/example_python_operator.py
[2024-12-07T17:23:05.343+0000] {logging_mixin.py:190} INFO - [2024-12-07T17:23:05.342+0000] {dag.py:3239} INFO - Sync 1 DAGs
[2024-12-07T17:23:05.372+0000] {logging_mixin.py:190} INFO - [2024-12-07T17:23:05.372+0000] {dag.py:4180} INFO - Setting next_dagrun for example_python_operator to None, run_after=None
[2024-12-07T17:23:05.416+0000] {processor.py:208} INFO - Processing /home/airflow/.local/lib/python3.12/site-packages/airflow/example_dags/example_python_operator.py took 0.209 seconds
[2024-12-07T17:23:38.108+0000] {processor.py:186} INFO - Started process (PID=754) to work on /home/airflow/.local/lib/python3.12/site-packages/airflow/example_dags/example_python_operator.py
[2024-12-07T17:23:38.110+0000] {processor.py:914} INFO - Processing file /home/airflow/.local/lib/python3.12/site-packages/airflow/example_dags/example_python_operator.py for tasks to queue
[2024-12-07T17:23:38.113+0000] {logging_mixin.py:190} INFO - [2024-12-07T17:23:38.113+0000] {dagbag.py:588} INFO - Filling up the DagBag from /home/airflow/.local/lib/python3.12/site-packages/airflow/example_dags/example_python_operator.py
[2024-12-07T17:23:38.143+0000] {processor.py:925} INFO - DAG(s) 'example_python_operator' retrieved from /home/airflow/.local/lib/python3.12/site-packages/airflow/example_dags/example_python_operator.py
[2024-12-07T17:23:38.197+0000] {logging_mixin.py:190} INFO - [2024-12-07T17:23:38.196+0000] {dag.py:3239} INFO - Sync 1 DAGs
[2024-12-07T17:23:38.234+0000] {logging_mixin.py:190} INFO - [2024-12-07T17:23:38.234+0000] {dag.py:4180} INFO - Setting next_dagrun for example_python_operator to None, run_after=None
[2024-12-07T17:23:38.476+0000] {processor.py:208} INFO - Processing /home/airflow/.local/lib/python3.12/site-packages/airflow/example_dags/example_python_operator.py took 0.377 seconds
[2024-12-07T17:24:09.616+0000] {processor.py:186} INFO - Started process (PID=1007) to work on /home/airflow/.local/lib/python3.12/site-packages/airflow/example_dags/example_python_operator.py
[2024-12-07T17:24:09.622+0000] {processor.py:914} INFO - Processing file /home/airflow/.local/lib/python3.12/site-packages/airflow/example_dags/example_python_operator.py for tasks to queue
[2024-12-07T17:24:09.628+0000] {logging_mixin.py:190} INFO - [2024-12-07T17:24:09.627+0000] {dagbag.py:588} INFO - Filling up the DagBag from /home/airflow/.local/lib/python3.12/site-packages/airflow/example_dags/example_python_operator.py
[2024-12-07T17:24:09.703+0000] {processor.py:925} INFO - DAG(s) 'example_python_operator' retrieved from /home/airflow/.local/lib/python3.12/site-packages/airflow/example_dags/example_python_operator.py
[2024-12-07T17:24:09.799+0000] {logging_mixin.py:190} INFO - [2024-12-07T17:24:09.798+0000] {dag.py:3239} INFO - Sync 1 DAGs
[2024-12-07T17:24:09.893+0000] {logging_mixin.py:190} INFO - [2024-12-07T17:24:09.893+0000] {dag.py:4180} INFO - Setting next_dagrun for example_python_operator to None, run_after=None
[2024-12-07T17:24:09.985+0000] {processor.py:208} INFO - Processing /home/airflow/.local/lib/python3.12/site-packages/airflow/example_dags/example_python_operator.py took 0.391 seconds
[2024-12-07T17:24:43.253+0000] {processor.py:186} INFO - Started process (PID=1296) to work on /home/airflow/.local/lib/python3.12/site-packages/airflow/example_dags/example_python_operator.py
[2024-12-07T17:24:43.371+0000] {processor.py:914} INFO - Processing file /home/airflow/.local/lib/python3.12/site-packages/airflow/example_dags/example_python_operator.py for tasks to queue
[2024-12-07T17:24:43.376+0000] {logging_mixin.py:190} INFO - [2024-12-07T17:24:43.375+0000] {dagbag.py:588} INFO - Filling up the DagBag from /home/airflow/.local/lib/python3.12/site-packages/airflow/example_dags/example_python_operator.py
[2024-12-07T17:24:43.402+0000] {processor.py:925} INFO - DAG(s) 'example_python_operator' retrieved from /home/airflow/.local/lib/python3.12/site-packages/airflow/example_dags/example_python_operator.py
[2024-12-07T17:24:44.607+0000] {logging_mixin.py:190} INFO - [2024-12-07T17:24:44.605+0000] {dag.py:3239} INFO - Sync 1 DAGs
[2024-12-07T17:24:44.730+0000] {logging_mixin.py:190} INFO - [2024-12-07T17:24:44.729+0000] {dag.py:4180} INFO - Setting next_dagrun for example_python_operator to None, run_after=None
[2024-12-07T17:24:44.866+0000] {processor.py:208} INFO - Processing /home/airflow/.local/lib/python3.12/site-packages/airflow/example_dags/example_python_operator.py took 1.622 seconds
[2024-12-07T17:25:15.892+0000] {processor.py:186} INFO - Started process (PID=1584) to work on /home/airflow/.local/lib/python3.12/site-packages/airflow/example_dags/example_python_operator.py
[2024-12-07T17:25:15.894+0000] {processor.py:914} INFO - Processing file /home/airflow/.local/lib/python3.12/site-packages/airflow/example_dags/example_python_operator.py for tasks to queue
[2024-12-07T17:25:15.899+0000] {logging_mixin.py:190} INFO - [2024-12-07T17:25:15.898+0000] {dagbag.py:588} INFO - Filling up the DagBag from /home/airflow/.local/lib/python3.12/site-packages/airflow/example_dags/example_python_operator.py
[2024-12-07T17:25:15.925+0000] {processor.py:925} INFO - DAG(s) 'example_python_operator' retrieved from /home/airflow/.local/lib/python3.12/site-packages/airflow/example_dags/example_python_operator.py
[2024-12-07T17:25:15.971+0000] {logging_mixin.py:190} INFO - [2024-12-07T17:25:15.971+0000] {dag.py:3239} INFO - Sync 1 DAGs
[2024-12-07T17:25:15.995+0000] {logging_mixin.py:190} INFO - [2024-12-07T17:25:15.995+0000] {dag.py:4180} INFO - Setting next_dagrun for example_python_operator to None, run_after=None
[2024-12-07T17:25:16.026+0000] {processor.py:208} INFO - Processing /home/airflow/.local/lib/python3.12/site-packages/airflow/example_dags/example_python_operator.py took 0.149 seconds
[2024-12-07T17:25:46.102+0000] {processor.py:186} INFO - Started process (PID=1876) to work on /home/airflow/.local/lib/python3.12/site-packages/airflow/example_dags/example_python_operator.py
[2024-12-07T17:25:46.103+0000] {processor.py:914} INFO - Processing file /home/airflow/.local/lib/python3.12/site-packages/airflow/example_dags/example_python_operator.py for tasks to queue
[2024-12-07T17:25:46.108+0000] {logging_mixin.py:190} INFO - [2024-12-07T17:25:46.107+0000] {dagbag.py:588} INFO - Filling up the DagBag from /home/airflow/.local/lib/python3.12/site-packages/airflow/example_dags/example_python_operator.py
[2024-12-07T17:25:46.136+0000] {processor.py:925} INFO - DAG(s) 'example_python_operator' retrieved from /home/airflow/.local/lib/python3.12/site-packages/airflow/example_dags/example_python_operator.py
[2024-12-07T17:25:46.175+0000] {logging_mixin.py:190} INFO - [2024-12-07T17:25:46.175+0000] {dag.py:3239} INFO - Sync 1 DAGs
[2024-12-07T17:25:46.204+0000] {logging_mixin.py:190} INFO - [2024-12-07T17:25:46.204+0000] {dag.py:4180} INFO - Setting next_dagrun for example_python_operator to None, run_after=None
[2024-12-07T17:25:46.252+0000] {processor.py:208} INFO - Processing /home/airflow/.local/lib/python3.12/site-packages/airflow/example_dags/example_python_operator.py took 0.168 seconds
[2024-12-07T17:26:16.885+0000] {processor.py:186} INFO - Started process (PID=2167) to work on /home/airflow/.local/lib/python3.12/site-packages/airflow/example_dags/example_python_operator.py
[2024-12-07T17:26:16.886+0000] {processor.py:914} INFO - Processing file /home/airflow/.local/lib/python3.12/site-packages/airflow/example_dags/example_python_operator.py for tasks to queue
[2024-12-07T17:26:16.890+0000] {logging_mixin.py:190} INFO - [2024-12-07T17:26:16.890+0000] {dagbag.py:588} INFO - Filling up the DagBag from /home/airflow/.local/lib/python3.12/site-packages/airflow/example_dags/example_python_operator.py
[2024-12-07T17:26:16.911+0000] {processor.py:925} INFO - DAG(s) 'example_python_operator' retrieved from /home/airflow/.local/lib/python3.12/site-packages/airflow/example_dags/example_python_operator.py
[2024-12-07T17:26:16.952+0000] {logging_mixin.py:190} INFO - [2024-12-07T17:26:16.951+0000] {dag.py:3239} INFO - Sync 1 DAGs
[2024-12-07T17:26:16.976+0000] {logging_mixin.py:190} INFO - [2024-12-07T17:26:16.975+0000] {dag.py:4180} INFO - Setting next_dagrun for example_python_operator to None, run_after=None
[2024-12-07T17:26:16.999+0000] {processor.py:208} INFO - Processing /home/airflow/.local/lib/python3.12/site-packages/airflow/example_dags/example_python_operator.py took 0.126 seconds
[2024-12-07T17:26:47.318+0000] {processor.py:186} INFO - Started process (PID=2457) to work on /home/airflow/.local/lib/python3.12/site-packages/airflow/example_dags/example_python_operator.py
[2024-12-07T17:26:47.320+0000] {processor.py:914} INFO - Processing file /home/airflow/.local/lib/python3.12/site-packages/airflow/example_dags/example_python_operator.py for tasks to queue
[2024-12-07T17:26:47.323+0000] {logging_mixin.py:190} INFO - [2024-12-07T17:26:47.322+0000] {dagbag.py:588} INFO - Filling up the DagBag from /home/airflow/.local/lib/python3.12/site-packages/airflow/example_dags/example_python_operator.py
[2024-12-07T17:26:47.338+0000] {processor.py:925} INFO - DAG(s) 'example_python_operator' retrieved from /home/airflow/.local/lib/python3.12/site-packages/airflow/example_dags/example_python_operator.py
[2024-12-07T17:26:47.365+0000] {logging_mixin.py:190} INFO - [2024-12-07T17:26:47.365+0000] {dag.py:3239} INFO - Sync 1 DAGs
[2024-12-07T17:26:47.383+0000] {logging_mixin.py:190} INFO - [2024-12-07T17:26:47.382+0000] {dag.py:4180} INFO - Setting next_dagrun for example_python_operator to None, run_after=None
[2024-12-07T17:26:47.409+0000] {processor.py:208} INFO - Processing /home/airflow/.local/lib/python3.12/site-packages/airflow/example_dags/example_python_operator.py took 0.098 seconds
[2024-12-07T17:27:18.342+0000] {processor.py:186} INFO - Started process (PID=2754) to work on /home/airflow/.local/lib/python3.12/site-packages/airflow/example_dags/example_python_operator.py
[2024-12-07T17:27:18.344+0000] {processor.py:914} INFO - Processing file /home/airflow/.local/lib/python3.12/site-packages/airflow/example_dags/example_python_operator.py for tasks to queue
[2024-12-07T17:27:18.347+0000] {logging_mixin.py:190} INFO - [2024-12-07T17:27:18.346+0000] {dagbag.py:588} INFO - Filling up the DagBag from /home/airflow/.local/lib/python3.12/site-packages/airflow/example_dags/example_python_operator.py
[2024-12-07T17:27:18.367+0000] {processor.py:925} INFO - DAG(s) 'example_python_operator' retrieved from /home/airflow/.local/lib/python3.12/site-packages/airflow/example_dags/example_python_operator.py
[2024-12-07T17:27:18.406+0000] {logging_mixin.py:190} INFO - [2024-12-07T17:27:18.406+0000] {dag.py:3239} INFO - Sync 1 DAGs
[2024-12-07T17:27:18.430+0000] {logging_mixin.py:190} INFO - [2024-12-07T17:27:18.430+0000] {dag.py:4180} INFO - Setting next_dagrun for example_python_operator to None, run_after=None
[2024-12-07T17:27:18.457+0000] {processor.py:208} INFO - Processing /home/airflow/.local/lib/python3.12/site-packages/airflow/example_dags/example_python_operator.py took 0.126 seconds
[2024-12-07T17:27:48.555+0000] {processor.py:186} INFO - Started process (PID=3045) to work on /home/airflow/.local/lib/python3.12/site-packages/airflow/example_dags/example_python_operator.py
[2024-12-07T17:27:48.556+0000] {processor.py:914} INFO - Processing file /home/airflow/.local/lib/python3.12/site-packages/airflow/example_dags/example_python_operator.py for tasks to queue
[2024-12-07T17:27:48.559+0000] {logging_mixin.py:190} INFO - [2024-12-07T17:27:48.559+0000] {dagbag.py:588} INFO - Filling up the DagBag from /home/airflow/.local/lib/python3.12/site-packages/airflow/example_dags/example_python_operator.py
[2024-12-07T17:27:48.574+0000] {processor.py:925} INFO - DAG(s) 'example_python_operator' retrieved from /home/airflow/.local/lib/python3.12/site-packages/airflow/example_dags/example_python_operator.py
[2024-12-07T17:27:48.602+0000] {logging_mixin.py:190} INFO - [2024-12-07T17:27:48.602+0000] {dag.py:3239} INFO - Sync 1 DAGs
[2024-12-07T17:27:48.626+0000] {logging_mixin.py:190} INFO - [2024-12-07T17:27:48.625+0000] {dag.py:4180} INFO - Setting next_dagrun for example_python_operator to None, run_after=None
[2024-12-07T17:27:48.661+0000] {processor.py:208} INFO - Processing /home/airflow/.local/lib/python3.12/site-packages/airflow/example_dags/example_python_operator.py took 0.113 seconds
[2024-12-07T17:28:21.354+0000] {processor.py:186} INFO - Started process (PID=3334) to work on /home/airflow/.local/lib/python3.12/site-packages/airflow/example_dags/example_python_operator.py
[2024-12-07T17:28:21.358+0000] {processor.py:914} INFO - Processing file /home/airflow/.local/lib/python3.12/site-packages/airflow/example_dags/example_python_operator.py for tasks to queue
[2024-12-07T17:28:21.364+0000] {logging_mixin.py:190} INFO - [2024-12-07T17:28:21.363+0000] {dagbag.py:588} INFO - Filling up the DagBag from /home/airflow/.local/lib/python3.12/site-packages/airflow/example_dags/example_python_operator.py
[2024-12-07T17:28:21.395+0000] {processor.py:925} INFO - DAG(s) 'example_python_operator' retrieved from /home/airflow/.local/lib/python3.12/site-packages/airflow/example_dags/example_python_operator.py
[2024-12-07T17:28:21.454+0000] {logging_mixin.py:190} INFO - [2024-12-07T17:28:21.454+0000] {dag.py:3239} INFO - Sync 1 DAGs
[2024-12-07T17:28:21.484+0000] {logging_mixin.py:190} INFO - [2024-12-07T17:28:21.484+0000] {dag.py:4180} INFO - Setting next_dagrun for example_python_operator to None, run_after=None
[2024-12-07T17:28:21.513+0000] {processor.py:208} INFO - Processing /home/airflow/.local/lib/python3.12/site-packages/airflow/example_dags/example_python_operator.py took 0.199 seconds
[2024-12-07T17:28:51.843+0000] {processor.py:186} INFO - Started process (PID=3586) to work on /home/airflow/.local/lib/python3.12/site-packages/airflow/example_dags/example_python_operator.py
[2024-12-07T17:28:51.844+0000] {processor.py:914} INFO - Processing file /home/airflow/.local/lib/python3.12/site-packages/airflow/example_dags/example_python_operator.py for tasks to queue
[2024-12-07T17:28:51.849+0000] {logging_mixin.py:190} INFO - [2024-12-07T17:28:51.848+0000] {dagbag.py:588} INFO - Filling up the DagBag from /home/airflow/.local/lib/python3.12/site-packages/airflow/example_dags/example_python_operator.py
[2024-12-07T17:28:51.888+0000] {processor.py:925} INFO - DAG(s) 'example_python_operator' retrieved from /home/airflow/.local/lib/python3.12/site-packages/airflow/example_dags/example_python_operator.py
[2024-12-07T17:28:51.966+0000] {logging_mixin.py:190} INFO - [2024-12-07T17:28:51.965+0000] {dag.py:3239} INFO - Sync 1 DAGs
[2024-12-07T17:28:52.028+0000] {logging_mixin.py:190} INFO - [2024-12-07T17:28:52.027+0000] {dag.py:4180} INFO - Setting next_dagrun for example_python_operator to None, run_after=None
[2024-12-07T17:28:52.192+0000] {processor.py:208} INFO - Processing /home/airflow/.local/lib/python3.12/site-packages/airflow/example_dags/example_python_operator.py took 0.380 seconds
[2024-12-07T17:29:23.104+0000] {processor.py:186} INFO - Started process (PID=3880) to work on /home/airflow/.local/lib/python3.12/site-packages/airflow/example_dags/example_python_operator.py
[2024-12-07T17:29:23.106+0000] {processor.py:914} INFO - Processing file /home/airflow/.local/lib/python3.12/site-packages/airflow/example_dags/example_python_operator.py for tasks to queue
[2024-12-07T17:29:23.110+0000] {logging_mixin.py:190} INFO - [2024-12-07T17:29:23.110+0000] {dagbag.py:588} INFO - Filling up the DagBag from /home/airflow/.local/lib/python3.12/site-packages/airflow/example_dags/example_python_operator.py
[2024-12-07T17:29:23.147+0000] {processor.py:925} INFO - DAG(s) 'example_python_operator' retrieved from /home/airflow/.local/lib/python3.12/site-packages/airflow/example_dags/example_python_operator.py
[2024-12-07T17:29:23.229+0000] {logging_mixin.py:190} INFO - [2024-12-07T17:29:23.229+0000] {dag.py:3239} INFO - Sync 1 DAGs
[2024-12-07T17:29:23.270+0000] {logging_mixin.py:190} INFO - [2024-12-07T17:29:23.269+0000] {dag.py:4180} INFO - Setting next_dagrun for example_python_operator to None, run_after=None
[2024-12-07T17:29:23.335+0000] {processor.py:208} INFO - Processing /home/airflow/.local/lib/python3.12/site-packages/airflow/example_dags/example_python_operator.py took 0.239 seconds
[2024-12-07T17:29:54.071+0000] {processor.py:186} INFO - Started process (PID=4171) to work on /home/airflow/.local/lib/python3.12/site-packages/airflow/example_dags/example_python_operator.py
[2024-12-07T17:29:54.073+0000] {processor.py:914} INFO - Processing file /home/airflow/.local/lib/python3.12/site-packages/airflow/example_dags/example_python_operator.py for tasks to queue
[2024-12-07T17:29:54.076+0000] {logging_mixin.py:190} INFO - [2024-12-07T17:29:54.076+0000] {dagbag.py:588} INFO - Filling up the DagBag from /home/airflow/.local/lib/python3.12/site-packages/airflow/example_dags/example_python_operator.py
[2024-12-07T17:29:54.091+0000] {processor.py:925} INFO - DAG(s) 'example_python_operator' retrieved from /home/airflow/.local/lib/python3.12/site-packages/airflow/example_dags/example_python_operator.py
[2024-12-07T17:29:54.123+0000] {logging_mixin.py:190} INFO - [2024-12-07T17:29:54.122+0000] {dag.py:3239} INFO - Sync 1 DAGs
[2024-12-07T17:29:54.144+0000] {logging_mixin.py:190} INFO - [2024-12-07T17:29:54.143+0000] {dag.py:4180} INFO - Setting next_dagrun for example_python_operator to None, run_after=None
[2024-12-07T17:29:54.174+0000] {processor.py:208} INFO - Processing /home/airflow/.local/lib/python3.12/site-packages/airflow/example_dags/example_python_operator.py took 0.109 seconds
[2024-12-07T17:30:24.281+0000] {processor.py:186} INFO - Started process (PID=4460) to work on /home/airflow/.local/lib/python3.12/site-packages/airflow/example_dags/example_python_operator.py
[2024-12-07T17:30:24.282+0000] {processor.py:914} INFO - Processing file /home/airflow/.local/lib/python3.12/site-packages/airflow/example_dags/example_python_operator.py for tasks to queue
[2024-12-07T17:30:24.287+0000] {logging_mixin.py:190} INFO - [2024-12-07T17:30:24.286+0000] {dagbag.py:588} INFO - Filling up the DagBag from /home/airflow/.local/lib/python3.12/site-packages/airflow/example_dags/example_python_operator.py
[2024-12-07T17:30:24.313+0000] {processor.py:925} INFO - DAG(s) 'example_python_operator' retrieved from /home/airflow/.local/lib/python3.12/site-packages/airflow/example_dags/example_python_operator.py
[2024-12-07T17:30:24.361+0000] {logging_mixin.py:190} INFO - [2024-12-07T17:30:24.360+0000] {dag.py:3239} INFO - Sync 1 DAGs
[2024-12-07T17:30:24.394+0000] {logging_mixin.py:190} INFO - [2024-12-07T17:30:24.393+0000] {dag.py:4180} INFO - Setting next_dagrun for example_python_operator to None, run_after=None
[2024-12-07T17:30:24.435+0000] {processor.py:208} INFO - Processing /home/airflow/.local/lib/python3.12/site-packages/airflow/example_dags/example_python_operator.py took 0.164 seconds
[2024-12-07T17:30:55.301+0000] {processor.py:186} INFO - Started process (PID=4747) to work on /home/airflow/.local/lib/python3.12/site-packages/airflow/example_dags/example_python_operator.py
[2024-12-07T17:30:55.302+0000] {processor.py:914} INFO - Processing file /home/airflow/.local/lib/python3.12/site-packages/airflow/example_dags/example_python_operator.py for tasks to queue
[2024-12-07T17:30:55.305+0000] {logging_mixin.py:190} INFO - [2024-12-07T17:30:55.305+0000] {dagbag.py:588} INFO - Filling up the DagBag from /home/airflow/.local/lib/python3.12/site-packages/airflow/example_dags/example_python_operator.py
[2024-12-07T17:30:55.324+0000] {processor.py:925} INFO - DAG(s) 'example_python_operator' retrieved from /home/airflow/.local/lib/python3.12/site-packages/airflow/example_dags/example_python_operator.py
[2024-12-07T17:30:55.363+0000] {logging_mixin.py:190} INFO - [2024-12-07T17:30:55.362+0000] {dag.py:3239} INFO - Sync 1 DAGs
[2024-12-07T17:30:55.386+0000] {logging_mixin.py:190} INFO - [2024-12-07T17:30:55.386+0000] {dag.py:4180} INFO - Setting next_dagrun for example_python_operator to None, run_after=None
[2024-12-07T17:30:55.416+0000] {processor.py:208} INFO - Processing /home/airflow/.local/lib/python3.12/site-packages/airflow/example_dags/example_python_operator.py took 0.123 seconds
[2024-12-07T17:31:26.126+0000] {processor.py:186} INFO - Started process (PID=5038) to work on /home/airflow/.local/lib/python3.12/site-packages/airflow/example_dags/example_python_operator.py
[2024-12-07T17:31:26.128+0000] {processor.py:914} INFO - Processing file /home/airflow/.local/lib/python3.12/site-packages/airflow/example_dags/example_python_operator.py for tasks to queue
[2024-12-07T17:31:26.132+0000] {logging_mixin.py:190} INFO - [2024-12-07T17:31:26.131+0000] {dagbag.py:588} INFO - Filling up the DagBag from /home/airflow/.local/lib/python3.12/site-packages/airflow/example_dags/example_python_operator.py
[2024-12-07T17:31:26.147+0000] {processor.py:925} INFO - DAG(s) 'example_python_operator' retrieved from /home/airflow/.local/lib/python3.12/site-packages/airflow/example_dags/example_python_operator.py
[2024-12-07T17:31:26.183+0000] {logging_mixin.py:190} INFO - [2024-12-07T17:31:26.182+0000] {dag.py:3239} INFO - Sync 1 DAGs
[2024-12-07T17:31:26.203+0000] {logging_mixin.py:190} INFO - [2024-12-07T17:31:26.202+0000] {dag.py:4180} INFO - Setting next_dagrun for example_python_operator to None, run_after=None
[2024-12-07T17:31:26.231+0000] {processor.py:208} INFO - Processing /home/airflow/.local/lib/python3.12/site-packages/airflow/example_dags/example_python_operator.py took 0.112 seconds
[2024-12-07T17:31:56.419+0000] {processor.py:186} INFO - Started process (PID=5329) to work on /home/airflow/.local/lib/python3.12/site-packages/airflow/example_dags/example_python_operator.py
[2024-12-07T17:31:56.421+0000] {processor.py:914} INFO - Processing file /home/airflow/.local/lib/python3.12/site-packages/airflow/example_dags/example_python_operator.py for tasks to queue
[2024-12-07T17:31:56.425+0000] {logging_mixin.py:190} INFO - [2024-12-07T17:31:56.424+0000] {dagbag.py:588} INFO - Filling up the DagBag from /home/airflow/.local/lib/python3.12/site-packages/airflow/example_dags/example_python_operator.py
[2024-12-07T17:31:56.442+0000] {processor.py:925} INFO - DAG(s) 'example_python_operator' retrieved from /home/airflow/.local/lib/python3.12/site-packages/airflow/example_dags/example_python_operator.py
[2024-12-07T17:31:56.472+0000] {logging_mixin.py:190} INFO - [2024-12-07T17:31:56.472+0000] {dag.py:3239} INFO - Sync 1 DAGs
[2024-12-07T17:31:56.489+0000] {logging_mixin.py:190} INFO - [2024-12-07T17:31:56.489+0000] {dag.py:4180} INFO - Setting next_dagrun for example_python_operator to None, run_after=None
[2024-12-07T17:31:56.518+0000] {processor.py:208} INFO - Processing /home/airflow/.local/lib/python3.12/site-packages/airflow/example_dags/example_python_operator.py took 0.106 seconds
[2024-12-07T17:32:26.766+0000] {processor.py:186} INFO - Started process (PID=5619) to work on /home/airflow/.local/lib/python3.12/site-packages/airflow/example_dags/example_python_operator.py
[2024-12-07T17:32:26.767+0000] {processor.py:914} INFO - Processing file /home/airflow/.local/lib/python3.12/site-packages/airflow/example_dags/example_python_operator.py for tasks to queue
[2024-12-07T17:32:26.771+0000] {logging_mixin.py:190} INFO - [2024-12-07T17:32:26.770+0000] {dagbag.py:588} INFO - Filling up the DagBag from /home/airflow/.local/lib/python3.12/site-packages/airflow/example_dags/example_python_operator.py
[2024-12-07T17:32:26.786+0000] {processor.py:925} INFO - DAG(s) 'example_python_operator' retrieved from /home/airflow/.local/lib/python3.12/site-packages/airflow/example_dags/example_python_operator.py
[2024-12-07T17:32:26.817+0000] {logging_mixin.py:190} INFO - [2024-12-07T17:32:26.816+0000] {dag.py:3239} INFO - Sync 1 DAGs
[2024-12-07T17:32:26.837+0000] {logging_mixin.py:190} INFO - [2024-12-07T17:32:26.836+0000] {dag.py:4180} INFO - Setting next_dagrun for example_python_operator to None, run_after=None
[2024-12-07T17:32:26.867+0000] {processor.py:208} INFO - Processing /home/airflow/.local/lib/python3.12/site-packages/airflow/example_dags/example_python_operator.py took 0.109 seconds
[2024-12-07T17:32:57.510+0000] {processor.py:186} INFO - Started process (PID=5907) to work on /home/airflow/.local/lib/python3.12/site-packages/airflow/example_dags/example_python_operator.py
[2024-12-07T17:32:57.512+0000] {processor.py:914} INFO - Processing file /home/airflow/.local/lib/python3.12/site-packages/airflow/example_dags/example_python_operator.py for tasks to queue
[2024-12-07T17:32:57.515+0000] {logging_mixin.py:190} INFO - [2024-12-07T17:32:57.515+0000] {dagbag.py:588} INFO - Filling up the DagBag from /home/airflow/.local/lib/python3.12/site-packages/airflow/example_dags/example_python_operator.py
[2024-12-07T17:32:57.534+0000] {processor.py:925} INFO - DAG(s) 'example_python_operator' retrieved from /home/airflow/.local/lib/python3.12/site-packages/airflow/example_dags/example_python_operator.py
[2024-12-07T17:32:57.572+0000] {logging_mixin.py:190} INFO - [2024-12-07T17:32:57.571+0000] {dag.py:3239} INFO - Sync 1 DAGs
[2024-12-07T17:32:57.594+0000] {logging_mixin.py:190} INFO - [2024-12-07T17:32:57.593+0000] {dag.py:4180} INFO - Setting next_dagrun for example_python_operator to None, run_after=None
[2024-12-07T17:32:57.639+0000] {processor.py:208} INFO - Processing /home/airflow/.local/lib/python3.12/site-packages/airflow/example_dags/example_python_operator.py took 0.140 seconds
[2024-12-07T17:33:28.550+0000] {processor.py:186} INFO - Started process (PID=6195) to work on /home/airflow/.local/lib/python3.12/site-packages/airflow/example_dags/example_python_operator.py
[2024-12-07T17:33:28.551+0000] {processor.py:914} INFO - Processing file /home/airflow/.local/lib/python3.12/site-packages/airflow/example_dags/example_python_operator.py for tasks to queue
[2024-12-07T17:33:28.555+0000] {logging_mixin.py:190} INFO - [2024-12-07T17:33:28.554+0000] {dagbag.py:588} INFO - Filling up the DagBag from /home/airflow/.local/lib/python3.12/site-packages/airflow/example_dags/example_python_operator.py
[2024-12-07T17:33:28.570+0000] {processor.py:925} INFO - DAG(s) 'example_python_operator' retrieved from /home/airflow/.local/lib/python3.12/site-packages/airflow/example_dags/example_python_operator.py
[2024-12-07T17:33:28.598+0000] {logging_mixin.py:190} INFO - [2024-12-07T17:33:28.598+0000] {dag.py:3239} INFO - Sync 1 DAGs
[2024-12-07T17:33:28.616+0000] {logging_mixin.py:190} INFO - [2024-12-07T17:33:28.615+0000] {dag.py:4180} INFO - Setting next_dagrun for example_python_operator to None, run_after=None
[2024-12-07T17:33:28.647+0000] {processor.py:208} INFO - Processing /home/airflow/.local/lib/python3.12/site-packages/airflow/example_dags/example_python_operator.py took 0.106 seconds
[2024-12-07T17:33:58.931+0000] {processor.py:186} INFO - Started process (PID=6486) to work on /home/airflow/.local/lib/python3.12/site-packages/airflow/example_dags/example_python_operator.py
[2024-12-07T17:33:58.933+0000] {processor.py:914} INFO - Processing file /home/airflow/.local/lib/python3.12/site-packages/airflow/example_dags/example_python_operator.py for tasks to queue
[2024-12-07T17:33:58.938+0000] {logging_mixin.py:190} INFO - [2024-12-07T17:33:58.937+0000] {dagbag.py:588} INFO - Filling up the DagBag from /home/airflow/.local/lib/python3.12/site-packages/airflow/example_dags/example_python_operator.py
[2024-12-07T17:33:58.972+0000] {processor.py:925} INFO - DAG(s) 'example_python_operator' retrieved from /home/airflow/.local/lib/python3.12/site-packages/airflow/example_dags/example_python_operator.py
[2024-12-07T17:33:59.045+0000] {logging_mixin.py:190} INFO - [2024-12-07T17:33:59.045+0000] {dag.py:3239} INFO - Sync 1 DAGs
[2024-12-07T17:33:59.085+0000] {logging_mixin.py:190} INFO - [2024-12-07T17:33:59.084+0000] {dag.py:4180} INFO - Setting next_dagrun for example_python_operator to None, run_after=None
[2024-12-07T17:33:59.111+0000] {processor.py:208} INFO - Processing /home/airflow/.local/lib/python3.12/site-packages/airflow/example_dags/example_python_operator.py took 0.193 seconds
[2024-12-07T17:34:29.876+0000] {processor.py:186} INFO - Started process (PID=6777) to work on /home/airflow/.local/lib/python3.12/site-packages/airflow/example_dags/example_python_operator.py
[2024-12-07T17:34:29.877+0000] {processor.py:914} INFO - Processing file /home/airflow/.local/lib/python3.12/site-packages/airflow/example_dags/example_python_operator.py for tasks to queue
[2024-12-07T17:34:29.880+0000] {logging_mixin.py:190} INFO - [2024-12-07T17:34:29.879+0000] {dagbag.py:588} INFO - Filling up the DagBag from /home/airflow/.local/lib/python3.12/site-packages/airflow/example_dags/example_python_operator.py
[2024-12-07T17:34:29.895+0000] {processor.py:925} INFO - DAG(s) 'example_python_operator' retrieved from /home/airflow/.local/lib/python3.12/site-packages/airflow/example_dags/example_python_operator.py
[2024-12-07T17:34:29.922+0000] {logging_mixin.py:190} INFO - [2024-12-07T17:34:29.922+0000] {dag.py:3239} INFO - Sync 1 DAGs
[2024-12-07T17:34:29.941+0000] {logging_mixin.py:190} INFO - [2024-12-07T17:34:29.941+0000] {dag.py:4180} INFO - Setting next_dagrun for example_python_operator to None, run_after=None
[2024-12-07T17:34:29.967+0000] {processor.py:208} INFO - Processing /home/airflow/.local/lib/python3.12/site-packages/airflow/example_dags/example_python_operator.py took 0.099 seconds
[2024-12-07T17:35:00.288+0000] {processor.py:186} INFO - Started process (PID=7068) to work on /home/airflow/.local/lib/python3.12/site-packages/airflow/example_dags/example_python_operator.py
[2024-12-07T17:35:00.290+0000] {processor.py:914} INFO - Processing file /home/airflow/.local/lib/python3.12/site-packages/airflow/example_dags/example_python_operator.py for tasks to queue
[2024-12-07T17:35:00.293+0000] {logging_mixin.py:190} INFO - [2024-12-07T17:35:00.293+0000] {dagbag.py:588} INFO - Filling up the DagBag from /home/airflow/.local/lib/python3.12/site-packages/airflow/example_dags/example_python_operator.py
[2024-12-07T17:35:00.313+0000] {processor.py:925} INFO - DAG(s) 'example_python_operator' retrieved from /home/airflow/.local/lib/python3.12/site-packages/airflow/example_dags/example_python_operator.py
[2024-12-07T17:35:00.343+0000] {logging_mixin.py:190} INFO - [2024-12-07T17:35:00.342+0000] {dag.py:3239} INFO - Sync 1 DAGs
[2024-12-07T17:35:00.362+0000] {logging_mixin.py:190} INFO - [2024-12-07T17:35:00.362+0000] {dag.py:4180} INFO - Setting next_dagrun for example_python_operator to None, run_after=None
[2024-12-07T17:35:00.389+0000] {processor.py:208} INFO - Processing /home/airflow/.local/lib/python3.12/site-packages/airflow/example_dags/example_python_operator.py took 0.110 seconds
[2024-12-07T17:35:31.155+0000] {processor.py:186} INFO - Started process (PID=7359) to work on /home/airflow/.local/lib/python3.12/site-packages/airflow/example_dags/example_python_operator.py
[2024-12-07T17:35:31.157+0000] {processor.py:914} INFO - Processing file /home/airflow/.local/lib/python3.12/site-packages/airflow/example_dags/example_python_operator.py for tasks to queue
[2024-12-07T17:35:31.162+0000] {logging_mixin.py:190} INFO - [2024-12-07T17:35:31.161+0000] {dagbag.py:588} INFO - Filling up the DagBag from /home/airflow/.local/lib/python3.12/site-packages/airflow/example_dags/example_python_operator.py
[2024-12-07T17:35:31.183+0000] {processor.py:925} INFO - DAG(s) 'example_python_operator' retrieved from /home/airflow/.local/lib/python3.12/site-packages/airflow/example_dags/example_python_operator.py
[2024-12-07T17:35:31.223+0000] {logging_mixin.py:190} INFO - [2024-12-07T17:35:31.222+0000] {dag.py:3239} INFO - Sync 1 DAGs
[2024-12-07T17:35:31.250+0000] {logging_mixin.py:190} INFO - [2024-12-07T17:35:31.250+0000] {dag.py:4180} INFO - Setting next_dagrun for example_python_operator to None, run_after=None
[2024-12-07T17:35:32.004+0000] {processor.py:208} INFO - Processing /home/airflow/.local/lib/python3.12/site-packages/airflow/example_dags/example_python_operator.py took 0.860 seconds
[2024-12-07T17:36:02.201+0000] {processor.py:186} INFO - Started process (PID=7650) to work on /home/airflow/.local/lib/python3.12/site-packages/airflow/example_dags/example_python_operator.py
[2024-12-07T17:36:02.210+0000] {processor.py:914} INFO - Processing file /home/airflow/.local/lib/python3.12/site-packages/airflow/example_dags/example_python_operator.py for tasks to queue
[2024-12-07T17:36:02.221+0000] {logging_mixin.py:190} INFO - [2024-12-07T17:36:02.220+0000] {dagbag.py:588} INFO - Filling up the DagBag from /home/airflow/.local/lib/python3.12/site-packages/airflow/example_dags/example_python_operator.py
[2024-12-07T17:36:02.274+0000] {processor.py:925} INFO - DAG(s) 'example_python_operator' retrieved from /home/airflow/.local/lib/python3.12/site-packages/airflow/example_dags/example_python_operator.py
[2024-12-07T17:36:02.424+0000] {logging_mixin.py:190} INFO - [2024-12-07T17:36:02.421+0000] {dag.py:3239} INFO - Sync 1 DAGs
[2024-12-07T17:36:02.537+0000] {logging_mixin.py:190} INFO - [2024-12-07T17:36:02.537+0000] {dag.py:4180} INFO - Setting next_dagrun for example_python_operator to None, run_after=None
[2024-12-07T17:36:03.044+0000] {processor.py:208} INFO - Processing /home/airflow/.local/lib/python3.12/site-packages/airflow/example_dags/example_python_operator.py took 0.856 seconds
[2024-12-07T17:36:33.872+0000] {processor.py:186} INFO - Started process (PID=7940) to work on /home/airflow/.local/lib/python3.12/site-packages/airflow/example_dags/example_python_operator.py
[2024-12-07T17:36:33.877+0000] {processor.py:914} INFO - Processing file /home/airflow/.local/lib/python3.12/site-packages/airflow/example_dags/example_python_operator.py for tasks to queue
[2024-12-07T17:36:33.889+0000] {logging_mixin.py:190} INFO - [2024-12-07T17:36:33.888+0000] {dagbag.py:588} INFO - Filling up the DagBag from /home/airflow/.local/lib/python3.12/site-packages/airflow/example_dags/example_python_operator.py
[2024-12-07T17:36:33.969+0000] {processor.py:925} INFO - DAG(s) 'example_python_operator' retrieved from /home/airflow/.local/lib/python3.12/site-packages/airflow/example_dags/example_python_operator.py
[2024-12-07T17:36:34.073+0000] {logging_mixin.py:190} INFO - [2024-12-07T17:36:34.072+0000] {dag.py:3239} INFO - Sync 1 DAGs
[2024-12-07T17:36:34.168+0000] {logging_mixin.py:190} INFO - [2024-12-07T17:36:34.168+0000] {dag.py:4180} INFO - Setting next_dagrun for example_python_operator to None, run_after=None
[2024-12-07T17:36:34.337+0000] {processor.py:208} INFO - Processing /home/airflow/.local/lib/python3.12/site-packages/airflow/example_dags/example_python_operator.py took 0.497 seconds
[2024-12-07T17:37:04.789+0000] {processor.py:186} INFO - Started process (PID=8227) to work on /home/airflow/.local/lib/python3.12/site-packages/airflow/example_dags/example_python_operator.py
[2024-12-07T17:37:04.814+0000] {processor.py:914} INFO - Processing file /home/airflow/.local/lib/python3.12/site-packages/airflow/example_dags/example_python_operator.py for tasks to queue
[2024-12-07T17:37:04.825+0000] {logging_mixin.py:190} INFO - [2024-12-07T17:37:04.824+0000] {dagbag.py:588} INFO - Filling up the DagBag from /home/airflow/.local/lib/python3.12/site-packages/airflow/example_dags/example_python_operator.py
[2024-12-07T17:37:04.941+0000] {processor.py:925} INFO - DAG(s) 'example_python_operator' retrieved from /home/airflow/.local/lib/python3.12/site-packages/airflow/example_dags/example_python_operator.py
[2024-12-07T17:37:05.089+0000] {logging_mixin.py:190} INFO - [2024-12-07T17:37:05.088+0000] {dag.py:3239} INFO - Sync 1 DAGs
[2024-12-07T17:37:05.156+0000] {logging_mixin.py:190} INFO - [2024-12-07T17:37:05.156+0000] {dag.py:4180} INFO - Setting next_dagrun for example_python_operator to None, run_after=None
[2024-12-07T17:37:05.261+0000] {processor.py:208} INFO - Processing /home/airflow/.local/lib/python3.12/site-packages/airflow/example_dags/example_python_operator.py took 0.509 seconds
[2024-12-07T17:37:35.988+0000] {processor.py:186} INFO - Started process (PID=8518) to work on /home/airflow/.local/lib/python3.12/site-packages/airflow/example_dags/example_python_operator.py
[2024-12-07T17:37:36.047+0000] {processor.py:914} INFO - Processing file /home/airflow/.local/lib/python3.12/site-packages/airflow/example_dags/example_python_operator.py for tasks to queue
[2024-12-07T17:37:36.114+0000] {logging_mixin.py:190} INFO - [2024-12-07T17:37:36.114+0000] {dagbag.py:588} INFO - Filling up the DagBag from /home/airflow/.local/lib/python3.12/site-packages/airflow/example_dags/example_python_operator.py
[2024-12-07T17:37:36.250+0000] {processor.py:925} INFO - DAG(s) 'example_python_operator' retrieved from /home/airflow/.local/lib/python3.12/site-packages/airflow/example_dags/example_python_operator.py
[2024-12-07T17:37:36.359+0000] {logging_mixin.py:190} INFO - [2024-12-07T17:37:36.359+0000] {dag.py:3239} INFO - Sync 1 DAGs
[2024-12-07T17:37:36.393+0000] {logging_mixin.py:190} INFO - [2024-12-07T17:37:36.393+0000] {dag.py:4180} INFO - Setting next_dagrun for example_python_operator to None, run_after=None
[2024-12-07T17:37:36.454+0000] {processor.py:208} INFO - Processing /home/airflow/.local/lib/python3.12/site-packages/airflow/example_dags/example_python_operator.py took 0.488 seconds
[2024-12-07T17:38:07.188+0000] {processor.py:186} INFO - Started process (PID=8806) to work on /home/airflow/.local/lib/python3.12/site-packages/airflow/example_dags/example_python_operator.py
[2024-12-07T17:38:07.190+0000] {processor.py:914} INFO - Processing file /home/airflow/.local/lib/python3.12/site-packages/airflow/example_dags/example_python_operator.py for tasks to queue
[2024-12-07T17:38:07.200+0000] {logging_mixin.py:190} INFO - [2024-12-07T17:38:07.196+0000] {dagbag.py:588} INFO - Filling up the DagBag from /home/airflow/.local/lib/python3.12/site-packages/airflow/example_dags/example_python_operator.py
[2024-12-07T17:38:07.228+0000] {processor.py:925} INFO - DAG(s) 'example_python_operator' retrieved from /home/airflow/.local/lib/python3.12/site-packages/airflow/example_dags/example_python_operator.py
[2024-12-07T17:38:07.264+0000] {logging_mixin.py:190} INFO - [2024-12-07T17:38:07.264+0000] {dag.py:3239} INFO - Sync 1 DAGs
[2024-12-07T17:38:07.300+0000] {logging_mixin.py:190} INFO - [2024-12-07T17:38:07.300+0000] {dag.py:4180} INFO - Setting next_dagrun for example_python_operator to None, run_after=None
[2024-12-07T17:38:07.344+0000] {processor.py:208} INFO - Processing /home/airflow/.local/lib/python3.12/site-packages/airflow/example_dags/example_python_operator.py took 0.176 seconds
[2024-12-07T17:38:37.620+0000] {processor.py:186} INFO - Started process (PID=9097) to work on /home/airflow/.local/lib/python3.12/site-packages/airflow/example_dags/example_python_operator.py
[2024-12-07T17:38:37.621+0000] {processor.py:914} INFO - Processing file /home/airflow/.local/lib/python3.12/site-packages/airflow/example_dags/example_python_operator.py for tasks to queue
[2024-12-07T17:38:37.627+0000] {logging_mixin.py:190} INFO - [2024-12-07T17:38:37.626+0000] {dagbag.py:588} INFO - Filling up the DagBag from /home/airflow/.local/lib/python3.12/site-packages/airflow/example_dags/example_python_operator.py
[2024-12-07T17:38:37.651+0000] {processor.py:925} INFO - DAG(s) 'example_python_operator' retrieved from /home/airflow/.local/lib/python3.12/site-packages/airflow/example_dags/example_python_operator.py
[2024-12-07T17:38:37.692+0000] {logging_mixin.py:190} INFO - [2024-12-07T17:38:37.692+0000] {dag.py:3239} INFO - Sync 1 DAGs
[2024-12-07T17:38:37.726+0000] {logging_mixin.py:190} INFO - [2024-12-07T17:38:37.725+0000] {dag.py:4180} INFO - Setting next_dagrun for example_python_operator to None, run_after=None
[2024-12-07T17:38:37.772+0000] {processor.py:208} INFO - Processing /home/airflow/.local/lib/python3.12/site-packages/airflow/example_dags/example_python_operator.py took 0.164 seconds
[2024-12-07T17:39:08.725+0000] {processor.py:186} INFO - Started process (PID=9388) to work on /home/airflow/.local/lib/python3.12/site-packages/airflow/example_dags/example_python_operator.py
[2024-12-07T17:39:08.727+0000] {processor.py:914} INFO - Processing file /home/airflow/.local/lib/python3.12/site-packages/airflow/example_dags/example_python_operator.py for tasks to queue
[2024-12-07T17:39:08.730+0000] {logging_mixin.py:190} INFO - [2024-12-07T17:39:08.729+0000] {dagbag.py:588} INFO - Filling up the DagBag from /home/airflow/.local/lib/python3.12/site-packages/airflow/example_dags/example_python_operator.py
[2024-12-07T17:39:08.745+0000] {processor.py:925} INFO - DAG(s) 'example_python_operator' retrieved from /home/airflow/.local/lib/python3.12/site-packages/airflow/example_dags/example_python_operator.py
[2024-12-07T17:39:08.776+0000] {logging_mixin.py:190} INFO - [2024-12-07T17:39:08.776+0000] {dag.py:3239} INFO - Sync 1 DAGs
[2024-12-07T17:39:08.797+0000] {logging_mixin.py:190} INFO - [2024-12-07T17:39:08.797+0000] {dag.py:4180} INFO - Setting next_dagrun for example_python_operator to None, run_after=None
[2024-12-07T17:39:08.830+0000] {processor.py:208} INFO - Processing /home/airflow/.local/lib/python3.12/site-packages/airflow/example_dags/example_python_operator.py took 0.113 seconds
[2024-12-07T17:39:39.209+0000] {processor.py:186} INFO - Started process (PID=9680) to work on /home/airflow/.local/lib/python3.12/site-packages/airflow/example_dags/example_python_operator.py
[2024-12-07T17:39:39.211+0000] {processor.py:914} INFO - Processing file /home/airflow/.local/lib/python3.12/site-packages/airflow/example_dags/example_python_operator.py for tasks to queue
[2024-12-07T17:39:39.215+0000] {logging_mixin.py:190} INFO - [2024-12-07T17:39:39.215+0000] {dagbag.py:588} INFO - Filling up the DagBag from /home/airflow/.local/lib/python3.12/site-packages/airflow/example_dags/example_python_operator.py
[2024-12-07T17:39:39.258+0000] {processor.py:925} INFO - DAG(s) 'example_python_operator' retrieved from /home/airflow/.local/lib/python3.12/site-packages/airflow/example_dags/example_python_operator.py
[2024-12-07T17:39:39.374+0000] {logging_mixin.py:190} INFO - [2024-12-07T17:39:39.374+0000] {dag.py:3239} INFO - Sync 1 DAGs
[2024-12-07T17:39:39.424+0000] {logging_mixin.py:190} INFO - [2024-12-07T17:39:39.423+0000] {dag.py:4180} INFO - Setting next_dagrun for example_python_operator to None, run_after=None
[2024-12-07T17:39:39.465+0000] {processor.py:208} INFO - Processing /home/airflow/.local/lib/python3.12/site-packages/airflow/example_dags/example_python_operator.py took 0.272 seconds
[2024-12-07T17:40:10.001+0000] {processor.py:186} INFO - Started process (PID=9971) to work on /home/airflow/.local/lib/python3.12/site-packages/airflow/example_dags/example_python_operator.py
[2024-12-07T17:40:10.003+0000] {processor.py:914} INFO - Processing file /home/airflow/.local/lib/python3.12/site-packages/airflow/example_dags/example_python_operator.py for tasks to queue
[2024-12-07T17:40:10.009+0000] {logging_mixin.py:190} INFO - [2024-12-07T17:40:10.009+0000] {dagbag.py:588} INFO - Filling up the DagBag from /home/airflow/.local/lib/python3.12/site-packages/airflow/example_dags/example_python_operator.py
[2024-12-07T17:40:10.028+0000] {processor.py:925} INFO - DAG(s) 'example_python_operator' retrieved from /home/airflow/.local/lib/python3.12/site-packages/airflow/example_dags/example_python_operator.py
[2024-12-07T17:40:10.078+0000] {logging_mixin.py:190} INFO - [2024-12-07T17:40:10.078+0000] {dag.py:3239} INFO - Sync 1 DAGs
[2024-12-07T17:40:10.114+0000] {logging_mixin.py:190} INFO - [2024-12-07T17:40:10.114+0000] {dag.py:4180} INFO - Setting next_dagrun for example_python_operator to None, run_after=None
[2024-12-07T17:40:10.159+0000] {processor.py:208} INFO - Processing /home/airflow/.local/lib/python3.12/site-packages/airflow/example_dags/example_python_operator.py took 0.170 seconds
[2024-12-07T17:40:42.225+0000] {processor.py:186} INFO - Started process (PID=10260) to work on /home/airflow/.local/lib/python3.12/site-packages/airflow/example_dags/example_python_operator.py
[2024-12-07T17:40:42.227+0000] {processor.py:914} INFO - Processing file /home/airflow/.local/lib/python3.12/site-packages/airflow/example_dags/example_python_operator.py for tasks to queue
[2024-12-07T17:40:42.232+0000] {logging_mixin.py:190} INFO - [2024-12-07T17:40:42.231+0000] {dagbag.py:588} INFO - Filling up the DagBag from /home/airflow/.local/lib/python3.12/site-packages/airflow/example_dags/example_python_operator.py
[2024-12-07T17:40:42.272+0000] {processor.py:925} INFO - DAG(s) 'example_python_operator' retrieved from /home/airflow/.local/lib/python3.12/site-packages/airflow/example_dags/example_python_operator.py
[2024-12-07T17:40:42.339+0000] {logging_mixin.py:190} INFO - [2024-12-07T17:40:42.339+0000] {dag.py:3239} INFO - Sync 1 DAGs
[2024-12-07T17:40:42.509+0000] {logging_mixin.py:190} INFO - [2024-12-07T17:40:42.508+0000] {dag.py:4180} INFO - Setting next_dagrun for example_python_operator to None, run_after=None
[2024-12-07T17:40:42.563+0000] {processor.py:208} INFO - Processing /home/airflow/.local/lib/python3.12/site-packages/airflow/example_dags/example_python_operator.py took 0.353 seconds
[2024-12-07T17:41:13.510+0000] {processor.py:186} INFO - Started process (PID=10548) to work on /home/airflow/.local/lib/python3.12/site-packages/airflow/example_dags/example_python_operator.py
[2024-12-07T17:41:13.511+0000] {processor.py:914} INFO - Processing file /home/airflow/.local/lib/python3.12/site-packages/airflow/example_dags/example_python_operator.py for tasks to queue
[2024-12-07T17:41:13.515+0000] {logging_mixin.py:190} INFO - [2024-12-07T17:41:13.514+0000] {dagbag.py:588} INFO - Filling up the DagBag from /home/airflow/.local/lib/python3.12/site-packages/airflow/example_dags/example_python_operator.py
[2024-12-07T17:41:13.529+0000] {processor.py:925} INFO - DAG(s) 'example_python_operator' retrieved from /home/airflow/.local/lib/python3.12/site-packages/airflow/example_dags/example_python_operator.py
[2024-12-07T17:41:13.558+0000] {logging_mixin.py:190} INFO - [2024-12-07T17:41:13.557+0000] {dag.py:3239} INFO - Sync 1 DAGs
[2024-12-07T17:41:13.580+0000] {logging_mixin.py:190} INFO - [2024-12-07T17:41:13.580+0000] {dag.py:4180} INFO - Setting next_dagrun for example_python_operator to None, run_after=None
[2024-12-07T17:41:13.612+0000] {processor.py:208} INFO - Processing /home/airflow/.local/lib/python3.12/site-packages/airflow/example_dags/example_python_operator.py took 0.111 seconds
[2024-12-07T17:41:44.024+0000] {processor.py:186} INFO - Started process (PID=10840) to work on /home/airflow/.local/lib/python3.12/site-packages/airflow/example_dags/example_python_operator.py
[2024-12-07T17:41:44.025+0000] {processor.py:914} INFO - Processing file /home/airflow/.local/lib/python3.12/site-packages/airflow/example_dags/example_python_operator.py for tasks to queue
[2024-12-07T17:41:44.029+0000] {logging_mixin.py:190} INFO - [2024-12-07T17:41:44.029+0000] {dagbag.py:588} INFO - Filling up the DagBag from /home/airflow/.local/lib/python3.12/site-packages/airflow/example_dags/example_python_operator.py
[2024-12-07T17:41:44.053+0000] {processor.py:925} INFO - DAG(s) 'example_python_operator' retrieved from /home/airflow/.local/lib/python3.12/site-packages/airflow/example_dags/example_python_operator.py
[2024-12-07T17:41:44.119+0000] {logging_mixin.py:190} INFO - [2024-12-07T17:41:44.118+0000] {dag.py:3239} INFO - Sync 1 DAGs
[2024-12-07T17:41:44.164+0000] {logging_mixin.py:190} INFO - [2024-12-07T17:41:44.163+0000] {dag.py:4180} INFO - Setting next_dagrun for example_python_operator to None, run_after=None
[2024-12-07T17:41:44.202+0000] {processor.py:208} INFO - Processing /home/airflow/.local/lib/python3.12/site-packages/airflow/example_dags/example_python_operator.py took 0.199 seconds
[2024-12-07T17:42:14.955+0000] {processor.py:186} INFO - Started process (PID=11132) to work on /home/airflow/.local/lib/python3.12/site-packages/airflow/example_dags/example_python_operator.py
[2024-12-07T17:42:14.967+0000] {processor.py:914} INFO - Processing file /home/airflow/.local/lib/python3.12/site-packages/airflow/example_dags/example_python_operator.py for tasks to queue
[2024-12-07T17:42:14.971+0000] {logging_mixin.py:190} INFO - [2024-12-07T17:42:14.970+0000] {dagbag.py:588} INFO - Filling up the DagBag from /home/airflow/.local/lib/python3.12/site-packages/airflow/example_dags/example_python_operator.py
[2024-12-07T17:42:15.022+0000] {processor.py:925} INFO - DAG(s) 'example_python_operator' retrieved from /home/airflow/.local/lib/python3.12/site-packages/airflow/example_dags/example_python_operator.py
[2024-12-07T17:42:15.090+0000] {logging_mixin.py:190} INFO - [2024-12-07T17:42:15.090+0000] {dag.py:3239} INFO - Sync 1 DAGs
[2024-12-07T17:42:15.144+0000] {logging_mixin.py:190} INFO - [2024-12-07T17:42:15.143+0000] {dag.py:4180} INFO - Setting next_dagrun for example_python_operator to None, run_after=None
[2024-12-07T17:42:15.222+0000] {processor.py:208} INFO - Processing /home/airflow/.local/lib/python3.12/site-packages/airflow/example_dags/example_python_operator.py took 0.281 seconds
[2024-12-07T17:42:46.015+0000] {processor.py:186} INFO - Started process (PID=11421) to work on /home/airflow/.local/lib/python3.12/site-packages/airflow/example_dags/example_python_operator.py
[2024-12-07T17:42:46.016+0000] {processor.py:914} INFO - Processing file /home/airflow/.local/lib/python3.12/site-packages/airflow/example_dags/example_python_operator.py for tasks to queue
[2024-12-07T17:42:46.019+0000] {logging_mixin.py:190} INFO - [2024-12-07T17:42:46.019+0000] {dagbag.py:588} INFO - Filling up the DagBag from /home/airflow/.local/lib/python3.12/site-packages/airflow/example_dags/example_python_operator.py
[2024-12-07T17:42:46.039+0000] {processor.py:925} INFO - DAG(s) 'example_python_operator' retrieved from /home/airflow/.local/lib/python3.12/site-packages/airflow/example_dags/example_python_operator.py
[2024-12-07T17:42:46.104+0000] {logging_mixin.py:190} INFO - [2024-12-07T17:42:46.103+0000] {dag.py:3239} INFO - Sync 1 DAGs
[2024-12-07T17:42:46.160+0000] {logging_mixin.py:190} INFO - [2024-12-07T17:42:46.159+0000] {dag.py:4180} INFO - Setting next_dagrun for example_python_operator to None, run_after=None
[2024-12-07T17:42:46.223+0000] {processor.py:208} INFO - Processing /home/airflow/.local/lib/python3.12/site-packages/airflow/example_dags/example_python_operator.py took 0.217 seconds
[2024-12-07T17:43:16.413+0000] {processor.py:186} INFO - Started process (PID=11713) to work on /home/airflow/.local/lib/python3.12/site-packages/airflow/example_dags/example_python_operator.py
[2024-12-07T17:43:16.416+0000] {processor.py:914} INFO - Processing file /home/airflow/.local/lib/python3.12/site-packages/airflow/example_dags/example_python_operator.py for tasks to queue
[2024-12-07T17:43:16.429+0000] {logging_mixin.py:190} INFO - [2024-12-07T17:43:16.429+0000] {dagbag.py:588} INFO - Filling up the DagBag from /home/airflow/.local/lib/python3.12/site-packages/airflow/example_dags/example_python_operator.py
[2024-12-07T17:43:16.468+0000] {processor.py:925} INFO - DAG(s) 'example_python_operator' retrieved from /home/airflow/.local/lib/python3.12/site-packages/airflow/example_dags/example_python_operator.py
[2024-12-07T17:43:16.528+0000] {logging_mixin.py:190} INFO - [2024-12-07T17:43:16.528+0000] {dag.py:3239} INFO - Sync 1 DAGs
[2024-12-07T17:43:16.558+0000] {logging_mixin.py:190} INFO - [2024-12-07T17:43:16.557+0000] {dag.py:4180} INFO - Setting next_dagrun for example_python_operator to None, run_after=None
[2024-12-07T17:43:16.598+0000] {processor.py:208} INFO - Processing /home/airflow/.local/lib/python3.12/site-packages/airflow/example_dags/example_python_operator.py took 0.200 seconds
