[2024-12-07T17:22:31.249+0000] {processor.py:186} INFO - Started process (PID=261) to work on /home/airflow/.local/lib/python3.12/site-packages/airflow/example_dags/example_short_circuit_operator.py
[2024-12-07T17:22:31.251+0000] {processor.py:914} INFO - Processing file /home/airflow/.local/lib/python3.12/site-packages/airflow/example_dags/example_short_circuit_operator.py for tasks to queue
[2024-12-07T17:22:31.264+0000] {logging_mixin.py:190} INFO - [2024-12-07T17:22:31.263+0000] {dagbag.py:588} INFO - Filling up the DagBag from /home/airflow/.local/lib/python3.12/site-packages/airflow/example_dags/example_short_circuit_operator.py
[2024-12-07T17:22:31.312+0000] {processor.py:925} INFO - DAG(s) 'example_short_circuit_operator' retrieved from /home/airflow/.local/lib/python3.12/site-packages/airflow/example_dags/example_short_circuit_operator.py
[2024-12-07T17:22:31.612+0000] {logging_mixin.py:190} INFO - [2024-12-07T17:22:31.610+0000] {override.py:1911} INFO - Created Permission View: can delete on DAG:example_short_circuit_operator
[2024-12-07T17:22:31.641+0000] {logging_mixin.py:190} INFO - [2024-12-07T17:22:31.641+0000] {override.py:1911} INFO - Created Permission View: can read on DAG:example_short_circuit_operator
[2024-12-07T17:22:31.666+0000] {logging_mixin.py:190} INFO - [2024-12-07T17:22:31.666+0000] {override.py:1911} INFO - Created Permission View: can edit on DAG:example_short_circuit_operator
[2024-12-07T17:22:31.717+0000] {logging_mixin.py:190} INFO - [2024-12-07T17:22:31.716+0000] {override.py:1911} INFO - Created Permission View: menu access on DAG Run:example_short_circuit_operator
[2024-12-07T17:22:31.738+0000] {logging_mixin.py:190} INFO - [2024-12-07T17:22:31.737+0000] {override.py:1911} INFO - Created Permission View: can delete on DAG Run:example_short_circuit_operator
[2024-12-07T17:22:31.764+0000] {logging_mixin.py:190} INFO - [2024-12-07T17:22:31.763+0000] {override.py:1911} INFO - Created Permission View: can read on DAG Run:example_short_circuit_operator
[2024-12-07T17:22:31.791+0000] {logging_mixin.py:190} INFO - [2024-12-07T17:22:31.790+0000] {override.py:1911} INFO - Created Permission View: can create on DAG Run:example_short_circuit_operator
[2024-12-07T17:22:31.792+0000] {logging_mixin.py:190} INFO - [2024-12-07T17:22:31.792+0000] {dag.py:3239} INFO - Sync 1 DAGs
[2024-12-07T17:22:31.848+0000] {logging_mixin.py:190} INFO - [2024-12-07T17:22:31.847+0000] {dag.py:3262} INFO - Creating ORM DAG for example_short_circuit_operator
[2024-12-07T17:22:31.861+0000] {logging_mixin.py:190} INFO - [2024-12-07T17:22:31.850+0000] {dag.py:4180} INFO - Setting next_dagrun for example_short_circuit_operator to None, run_after=None
[2024-12-07T17:22:31.911+0000] {processor.py:208} INFO - Processing /home/airflow/.local/lib/python3.12/site-packages/airflow/example_dags/example_short_circuit_operator.py took 0.692 seconds
[2024-12-07T17:23:11.950+0000] {processor.py:186} INFO - Started process (PID=553) to work on /home/airflow/.local/lib/python3.12/site-packages/airflow/example_dags/example_short_circuit_operator.py
[2024-12-07T17:23:11.952+0000] {processor.py:914} INFO - Processing file /home/airflow/.local/lib/python3.12/site-packages/airflow/example_dags/example_short_circuit_operator.py for tasks to queue
[2024-12-07T17:23:11.965+0000] {logging_mixin.py:190} INFO - [2024-12-07T17:23:11.964+0000] {dagbag.py:588} INFO - Filling up the DagBag from /home/airflow/.local/lib/python3.12/site-packages/airflow/example_dags/example_short_circuit_operator.py
[2024-12-07T17:23:12.005+0000] {processor.py:925} INFO - DAG(s) 'example_short_circuit_operator' retrieved from /home/airflow/.local/lib/python3.12/site-packages/airflow/example_dags/example_short_circuit_operator.py
[2024-12-07T17:23:12.063+0000] {logging_mixin.py:190} INFO - [2024-12-07T17:23:12.063+0000] {dag.py:3239} INFO - Sync 1 DAGs
[2024-12-07T17:23:12.089+0000] {logging_mixin.py:190} INFO - [2024-12-07T17:23:12.089+0000] {dag.py:4180} INFO - Setting next_dagrun for example_short_circuit_operator to None, run_after=None
[2024-12-07T17:23:12.123+0000] {processor.py:208} INFO - Processing /home/airflow/.local/lib/python3.12/site-packages/airflow/example_dags/example_short_circuit_operator.py took 0.191 seconds
[2024-12-07T17:23:57.204+0000] {processor.py:186} INFO - Started process (PID=850) to work on /home/airflow/.local/lib/python3.12/site-packages/airflow/example_dags/example_short_circuit_operator.py
[2024-12-07T17:23:57.206+0000] {processor.py:914} INFO - Processing file /home/airflow/.local/lib/python3.12/site-packages/airflow/example_dags/example_short_circuit_operator.py for tasks to queue
[2024-12-07T17:23:57.210+0000] {logging_mixin.py:190} INFO - [2024-12-07T17:23:57.209+0000] {dagbag.py:588} INFO - Filling up the DagBag from /home/airflow/.local/lib/python3.12/site-packages/airflow/example_dags/example_short_circuit_operator.py
[2024-12-07T17:23:57.235+0000] {processor.py:925} INFO - DAG(s) 'example_short_circuit_operator' retrieved from /home/airflow/.local/lib/python3.12/site-packages/airflow/example_dags/example_short_circuit_operator.py
[2024-12-07T17:23:57.325+0000] {logging_mixin.py:190} INFO - [2024-12-07T17:23:57.325+0000] {dag.py:3239} INFO - Sync 1 DAGs
[2024-12-07T17:23:57.394+0000] {logging_mixin.py:190} INFO - [2024-12-07T17:23:57.394+0000] {dag.py:4180} INFO - Setting next_dagrun for example_short_circuit_operator to None, run_after=None
[2024-12-07T17:23:57.469+0000] {processor.py:208} INFO - Processing /home/airflow/.local/lib/python3.12/site-packages/airflow/example_dags/example_short_circuit_operator.py took 0.277 seconds
[2024-12-07T17:24:31.768+0000] {processor.py:186} INFO - Started process (PID=1141) to work on /home/airflow/.local/lib/python3.12/site-packages/airflow/example_dags/example_short_circuit_operator.py
[2024-12-07T17:24:31.769+0000] {processor.py:914} INFO - Processing file /home/airflow/.local/lib/python3.12/site-packages/airflow/example_dags/example_short_circuit_operator.py for tasks to queue
[2024-12-07T17:24:31.773+0000] {logging_mixin.py:190} INFO - [2024-12-07T17:24:31.773+0000] {dagbag.py:588} INFO - Filling up the DagBag from /home/airflow/.local/lib/python3.12/site-packages/airflow/example_dags/example_short_circuit_operator.py
[2024-12-07T17:24:31.799+0000] {processor.py:925} INFO - DAG(s) 'example_short_circuit_operator' retrieved from /home/airflow/.local/lib/python3.12/site-packages/airflow/example_dags/example_short_circuit_operator.py
[2024-12-07T17:24:31.863+0000] {logging_mixin.py:190} INFO - [2024-12-07T17:24:31.861+0000] {dag.py:3239} INFO - Sync 1 DAGs
[2024-12-07T17:24:31.902+0000] {logging_mixin.py:190} INFO - [2024-12-07T17:24:31.901+0000] {dag.py:4180} INFO - Setting next_dagrun for example_short_circuit_operator to None, run_after=None
[2024-12-07T17:24:31.970+0000] {processor.py:208} INFO - Processing /home/airflow/.local/lib/python3.12/site-packages/airflow/example_dags/example_short_circuit_operator.py took 0.215 seconds
[2024-12-07T17:25:02.662+0000] {processor.py:186} INFO - Started process (PID=1432) to work on /home/airflow/.local/lib/python3.12/site-packages/airflow/example_dags/example_short_circuit_operator.py
[2024-12-07T17:25:02.664+0000] {processor.py:914} INFO - Processing file /home/airflow/.local/lib/python3.12/site-packages/airflow/example_dags/example_short_circuit_operator.py for tasks to queue
[2024-12-07T17:25:02.669+0000] {logging_mixin.py:190} INFO - [2024-12-07T17:25:02.667+0000] {dagbag.py:588} INFO - Filling up the DagBag from /home/airflow/.local/lib/python3.12/site-packages/airflow/example_dags/example_short_circuit_operator.py
[2024-12-07T17:25:02.681+0000] {processor.py:925} INFO - DAG(s) 'example_short_circuit_operator' retrieved from /home/airflow/.local/lib/python3.12/site-packages/airflow/example_dags/example_short_circuit_operator.py
[2024-12-07T17:25:02.720+0000] {logging_mixin.py:190} INFO - [2024-12-07T17:25:02.719+0000] {dag.py:3239} INFO - Sync 1 DAGs
[2024-12-07T17:25:02.759+0000] {logging_mixin.py:190} INFO - [2024-12-07T17:25:02.759+0000] {dag.py:4180} INFO - Setting next_dagrun for example_short_circuit_operator to None, run_after=None
[2024-12-07T17:25:02.796+0000] {processor.py:208} INFO - Processing /home/airflow/.local/lib/python3.12/site-packages/airflow/example_dags/example_short_circuit_operator.py took 0.144 seconds
[2024-12-07T17:25:33.942+0000] {processor.py:186} INFO - Started process (PID=1724) to work on /home/airflow/.local/lib/python3.12/site-packages/airflow/example_dags/example_short_circuit_operator.py
[2024-12-07T17:25:33.943+0000] {processor.py:914} INFO - Processing file /home/airflow/.local/lib/python3.12/site-packages/airflow/example_dags/example_short_circuit_operator.py for tasks to queue
[2024-12-07T17:25:33.948+0000] {logging_mixin.py:190} INFO - [2024-12-07T17:25:33.948+0000] {dagbag.py:588} INFO - Filling up the DagBag from /home/airflow/.local/lib/python3.12/site-packages/airflow/example_dags/example_short_circuit_operator.py
[2024-12-07T17:25:33.977+0000] {processor.py:925} INFO - DAG(s) 'example_short_circuit_operator' retrieved from /home/airflow/.local/lib/python3.12/site-packages/airflow/example_dags/example_short_circuit_operator.py
[2024-12-07T17:25:34.047+0000] {logging_mixin.py:190} INFO - [2024-12-07T17:25:34.046+0000] {dag.py:3239} INFO - Sync 1 DAGs
[2024-12-07T17:25:34.099+0000] {logging_mixin.py:190} INFO - [2024-12-07T17:25:34.098+0000] {dag.py:4180} INFO - Setting next_dagrun for example_short_circuit_operator to None, run_after=None
[2024-12-07T17:25:34.160+0000] {processor.py:208} INFO - Processing /home/airflow/.local/lib/python3.12/site-packages/airflow/example_dags/example_short_circuit_operator.py took 0.229 seconds
[2024-12-07T17:26:05.598+0000] {processor.py:186} INFO - Started process (PID=2017) to work on /home/airflow/.local/lib/python3.12/site-packages/airflow/example_dags/example_short_circuit_operator.py
[2024-12-07T17:26:05.599+0000] {processor.py:914} INFO - Processing file /home/airflow/.local/lib/python3.12/site-packages/airflow/example_dags/example_short_circuit_operator.py for tasks to queue
[2024-12-07T17:26:05.602+0000] {logging_mixin.py:190} INFO - [2024-12-07T17:26:05.602+0000] {dagbag.py:588} INFO - Filling up the DagBag from /home/airflow/.local/lib/python3.12/site-packages/airflow/example_dags/example_short_circuit_operator.py
[2024-12-07T17:26:05.616+0000] {processor.py:925} INFO - DAG(s) 'example_short_circuit_operator' retrieved from /home/airflow/.local/lib/python3.12/site-packages/airflow/example_dags/example_short_circuit_operator.py
[2024-12-07T17:26:05.647+0000] {logging_mixin.py:190} INFO - [2024-12-07T17:26:05.646+0000] {dag.py:3239} INFO - Sync 1 DAGs
[2024-12-07T17:26:05.666+0000] {logging_mixin.py:190} INFO - [2024-12-07T17:26:05.666+0000] {dag.py:4180} INFO - Setting next_dagrun for example_short_circuit_operator to None, run_after=None
[2024-12-07T17:26:05.696+0000] {processor.py:208} INFO - Processing /home/airflow/.local/lib/python3.12/site-packages/airflow/example_dags/example_short_circuit_operator.py took 0.107 seconds
[2024-12-07T17:26:36.689+0000] {processor.py:186} INFO - Started process (PID=2305) to work on /home/airflow/.local/lib/python3.12/site-packages/airflow/example_dags/example_short_circuit_operator.py
[2024-12-07T17:26:36.691+0000] {processor.py:914} INFO - Processing file /home/airflow/.local/lib/python3.12/site-packages/airflow/example_dags/example_short_circuit_operator.py for tasks to queue
[2024-12-07T17:26:36.695+0000] {logging_mixin.py:190} INFO - [2024-12-07T17:26:36.695+0000] {dagbag.py:588} INFO - Filling up the DagBag from /home/airflow/.local/lib/python3.12/site-packages/airflow/example_dags/example_short_circuit_operator.py
[2024-12-07T17:26:36.710+0000] {processor.py:925} INFO - DAG(s) 'example_short_circuit_operator' retrieved from /home/airflow/.local/lib/python3.12/site-packages/airflow/example_dags/example_short_circuit_operator.py
[2024-12-07T17:26:36.752+0000] {logging_mixin.py:190} INFO - [2024-12-07T17:26:36.751+0000] {dag.py:3239} INFO - Sync 1 DAGs
[2024-12-07T17:26:36.783+0000] {logging_mixin.py:190} INFO - [2024-12-07T17:26:36.782+0000] {dag.py:4180} INFO - Setting next_dagrun for example_short_circuit_operator to None, run_after=None
[2024-12-07T17:26:36.814+0000] {processor.py:208} INFO - Processing /home/airflow/.local/lib/python3.12/site-packages/airflow/example_dags/example_short_circuit_operator.py took 0.135 seconds
[2024-12-07T17:27:07.742+0000] {processor.py:186} INFO - Started process (PID=2596) to work on /home/airflow/.local/lib/python3.12/site-packages/airflow/example_dags/example_short_circuit_operator.py
[2024-12-07T17:27:07.743+0000] {processor.py:914} INFO - Processing file /home/airflow/.local/lib/python3.12/site-packages/airflow/example_dags/example_short_circuit_operator.py for tasks to queue
[2024-12-07T17:27:07.747+0000] {logging_mixin.py:190} INFO - [2024-12-07T17:27:07.747+0000] {dagbag.py:588} INFO - Filling up the DagBag from /home/airflow/.local/lib/python3.12/site-packages/airflow/example_dags/example_short_circuit_operator.py
[2024-12-07T17:27:07.758+0000] {processor.py:925} INFO - DAG(s) 'example_short_circuit_operator' retrieved from /home/airflow/.local/lib/python3.12/site-packages/airflow/example_dags/example_short_circuit_operator.py
[2024-12-07T17:27:07.796+0000] {logging_mixin.py:190} INFO - [2024-12-07T17:27:07.796+0000] {dag.py:3239} INFO - Sync 1 DAGs
[2024-12-07T17:27:07.829+0000] {logging_mixin.py:190} INFO - [2024-12-07T17:27:07.828+0000] {dag.py:4180} INFO - Setting next_dagrun for example_short_circuit_operator to None, run_after=None
[2024-12-07T17:27:07.868+0000] {processor.py:208} INFO - Processing /home/airflow/.local/lib/python3.12/site-packages/airflow/example_dags/example_short_circuit_operator.py took 0.135 seconds
[2024-12-07T17:27:38.041+0000] {processor.py:186} INFO - Started process (PID=2884) to work on /home/airflow/.local/lib/python3.12/site-packages/airflow/example_dags/example_short_circuit_operator.py
[2024-12-07T17:27:38.043+0000] {processor.py:914} INFO - Processing file /home/airflow/.local/lib/python3.12/site-packages/airflow/example_dags/example_short_circuit_operator.py for tasks to queue
[2024-12-07T17:27:38.046+0000] {logging_mixin.py:190} INFO - [2024-12-07T17:27:38.045+0000] {dagbag.py:588} INFO - Filling up the DagBag from /home/airflow/.local/lib/python3.12/site-packages/airflow/example_dags/example_short_circuit_operator.py
[2024-12-07T17:27:38.056+0000] {processor.py:925} INFO - DAG(s) 'example_short_circuit_operator' retrieved from /home/airflow/.local/lib/python3.12/site-packages/airflow/example_dags/example_short_circuit_operator.py
[2024-12-07T17:27:38.088+0000] {logging_mixin.py:190} INFO - [2024-12-07T17:27:38.088+0000] {dag.py:3239} INFO - Sync 1 DAGs
[2024-12-07T17:27:38.108+0000] {logging_mixin.py:190} INFO - [2024-12-07T17:27:38.107+0000] {dag.py:4180} INFO - Setting next_dagrun for example_short_circuit_operator to None, run_after=None
[2024-12-07T17:27:38.134+0000] {processor.py:208} INFO - Processing /home/airflow/.local/lib/python3.12/site-packages/airflow/example_dags/example_short_circuit_operator.py took 0.100 seconds
[2024-12-07T17:28:08.941+0000] {processor.py:186} INFO - Started process (PID=3173) to work on /home/airflow/.local/lib/python3.12/site-packages/airflow/example_dags/example_short_circuit_operator.py
[2024-12-07T17:28:08.955+0000] {processor.py:914} INFO - Processing file /home/airflow/.local/lib/python3.12/site-packages/airflow/example_dags/example_short_circuit_operator.py for tasks to queue
[2024-12-07T17:28:08.962+0000] {logging_mixin.py:190} INFO - [2024-12-07T17:28:08.962+0000] {dagbag.py:588} INFO - Filling up the DagBag from /home/airflow/.local/lib/python3.12/site-packages/airflow/example_dags/example_short_circuit_operator.py
[2024-12-07T17:28:09.022+0000] {processor.py:925} INFO - DAG(s) 'example_short_circuit_operator' retrieved from /home/airflow/.local/lib/python3.12/site-packages/airflow/example_dags/example_short_circuit_operator.py
[2024-12-07T17:28:09.167+0000] {logging_mixin.py:190} INFO - [2024-12-07T17:28:09.167+0000] {dag.py:3239} INFO - Sync 1 DAGs
[2024-12-07T17:28:09.281+0000] {logging_mixin.py:190} INFO - [2024-12-07T17:28:09.281+0000] {dag.py:4180} INFO - Setting next_dagrun for example_short_circuit_operator to None, run_after=None
[2024-12-07T17:28:09.378+0000] {processor.py:208} INFO - Processing /home/airflow/.local/lib/python3.12/site-packages/airflow/example_dags/example_short_circuit_operator.py took 0.473 seconds
[2024-12-07T17:28:39.748+0000] {processor.py:186} INFO - Started process (PID=3466) to work on /home/airflow/.local/lib/python3.12/site-packages/airflow/example_dags/example_short_circuit_operator.py
[2024-12-07T17:28:39.749+0000] {processor.py:914} INFO - Processing file /home/airflow/.local/lib/python3.12/site-packages/airflow/example_dags/example_short_circuit_operator.py for tasks to queue
[2024-12-07T17:28:39.753+0000] {logging_mixin.py:190} INFO - [2024-12-07T17:28:39.752+0000] {dagbag.py:588} INFO - Filling up the DagBag from /home/airflow/.local/lib/python3.12/site-packages/airflow/example_dags/example_short_circuit_operator.py
[2024-12-07T17:28:39.765+0000] {processor.py:925} INFO - DAG(s) 'example_short_circuit_operator' retrieved from /home/airflow/.local/lib/python3.12/site-packages/airflow/example_dags/example_short_circuit_operator.py
[2024-12-07T17:28:39.793+0000] {logging_mixin.py:190} INFO - [2024-12-07T17:28:39.792+0000] {dag.py:3239} INFO - Sync 1 DAGs
[2024-12-07T17:28:39.810+0000] {logging_mixin.py:190} INFO - [2024-12-07T17:28:39.810+0000] {dag.py:4180} INFO - Setting next_dagrun for example_short_circuit_operator to None, run_after=None
[2024-12-07T17:28:39.837+0000] {processor.py:208} INFO - Processing /home/airflow/.local/lib/python3.12/site-packages/airflow/example_dags/example_short_circuit_operator.py took 0.100 seconds
[2024-12-07T17:29:10.239+0000] {processor.py:186} INFO - Started process (PID=3757) to work on /home/airflow/.local/lib/python3.12/site-packages/airflow/example_dags/example_short_circuit_operator.py
[2024-12-07T17:29:10.241+0000] {processor.py:914} INFO - Processing file /home/airflow/.local/lib/python3.12/site-packages/airflow/example_dags/example_short_circuit_operator.py for tasks to queue
[2024-12-07T17:29:10.246+0000] {logging_mixin.py:190} INFO - [2024-12-07T17:29:10.245+0000] {dagbag.py:588} INFO - Filling up the DagBag from /home/airflow/.local/lib/python3.12/site-packages/airflow/example_dags/example_short_circuit_operator.py
[2024-12-07T17:29:10.261+0000] {processor.py:925} INFO - DAG(s) 'example_short_circuit_operator' retrieved from /home/airflow/.local/lib/python3.12/site-packages/airflow/example_dags/example_short_circuit_operator.py
[2024-12-07T17:29:10.306+0000] {logging_mixin.py:190} INFO - [2024-12-07T17:29:10.305+0000] {dag.py:3239} INFO - Sync 1 DAGs
[2024-12-07T17:29:10.334+0000] {logging_mixin.py:190} INFO - [2024-12-07T17:29:10.333+0000] {dag.py:4180} INFO - Setting next_dagrun for example_short_circuit_operator to None, run_after=None
[2024-12-07T17:29:10.367+0000] {processor.py:208} INFO - Processing /home/airflow/.local/lib/python3.12/site-packages/airflow/example_dags/example_short_circuit_operator.py took 0.140 seconds
[2024-12-07T17:29:40.620+0000] {processor.py:186} INFO - Started process (PID=4048) to work on /home/airflow/.local/lib/python3.12/site-packages/airflow/example_dags/example_short_circuit_operator.py
[2024-12-07T17:29:40.622+0000] {processor.py:914} INFO - Processing file /home/airflow/.local/lib/python3.12/site-packages/airflow/example_dags/example_short_circuit_operator.py for tasks to queue
[2024-12-07T17:29:40.627+0000] {logging_mixin.py:190} INFO - [2024-12-07T17:29:40.626+0000] {dagbag.py:588} INFO - Filling up the DagBag from /home/airflow/.local/lib/python3.12/site-packages/airflow/example_dags/example_short_circuit_operator.py
[2024-12-07T17:29:40.645+0000] {processor.py:925} INFO - DAG(s) 'example_short_circuit_operator' retrieved from /home/airflow/.local/lib/python3.12/site-packages/airflow/example_dags/example_short_circuit_operator.py
[2024-12-07T17:29:40.677+0000] {logging_mixin.py:190} INFO - [2024-12-07T17:29:40.677+0000] {dag.py:3239} INFO - Sync 1 DAGs
[2024-12-07T17:29:40.702+0000] {logging_mixin.py:190} INFO - [2024-12-07T17:29:40.702+0000] {dag.py:4180} INFO - Setting next_dagrun for example_short_circuit_operator to None, run_after=None
[2024-12-07T17:29:40.746+0000] {processor.py:208} INFO - Processing /home/airflow/.local/lib/python3.12/site-packages/airflow/example_dags/example_short_circuit_operator.py took 0.135 seconds
[2024-12-07T17:30:11.316+0000] {processor.py:186} INFO - Started process (PID=4339) to work on /home/airflow/.local/lib/python3.12/site-packages/airflow/example_dags/example_short_circuit_operator.py
[2024-12-07T17:30:11.318+0000] {processor.py:914} INFO - Processing file /home/airflow/.local/lib/python3.12/site-packages/airflow/example_dags/example_short_circuit_operator.py for tasks to queue
[2024-12-07T17:30:11.322+0000] {logging_mixin.py:190} INFO - [2024-12-07T17:30:11.322+0000] {dagbag.py:588} INFO - Filling up the DagBag from /home/airflow/.local/lib/python3.12/site-packages/airflow/example_dags/example_short_circuit_operator.py
[2024-12-07T17:30:11.338+0000] {processor.py:925} INFO - DAG(s) 'example_short_circuit_operator' retrieved from /home/airflow/.local/lib/python3.12/site-packages/airflow/example_dags/example_short_circuit_operator.py
[2024-12-07T17:30:11.401+0000] {logging_mixin.py:190} INFO - [2024-12-07T17:30:11.400+0000] {dag.py:3239} INFO - Sync 1 DAGs
[2024-12-07T17:30:11.435+0000] {logging_mixin.py:190} INFO - [2024-12-07T17:30:11.435+0000] {dag.py:4180} INFO - Setting next_dagrun for example_short_circuit_operator to None, run_after=None
[2024-12-07T17:30:11.482+0000] {processor.py:208} INFO - Processing /home/airflow/.local/lib/python3.12/site-packages/airflow/example_dags/example_short_circuit_operator.py took 0.178 seconds
[2024-12-07T17:30:41.885+0000] {processor.py:186} INFO - Started process (PID=4630) to work on /home/airflow/.local/lib/python3.12/site-packages/airflow/example_dags/example_short_circuit_operator.py
[2024-12-07T17:30:41.886+0000] {processor.py:914} INFO - Processing file /home/airflow/.local/lib/python3.12/site-packages/airflow/example_dags/example_short_circuit_operator.py for tasks to queue
[2024-12-07T17:30:41.890+0000] {logging_mixin.py:190} INFO - [2024-12-07T17:30:41.889+0000] {dagbag.py:588} INFO - Filling up the DagBag from /home/airflow/.local/lib/python3.12/site-packages/airflow/example_dags/example_short_circuit_operator.py
[2024-12-07T17:30:41.902+0000] {processor.py:925} INFO - DAG(s) 'example_short_circuit_operator' retrieved from /home/airflow/.local/lib/python3.12/site-packages/airflow/example_dags/example_short_circuit_operator.py
[2024-12-07T17:30:41.940+0000] {logging_mixin.py:190} INFO - [2024-12-07T17:30:41.940+0000] {dag.py:3239} INFO - Sync 1 DAGs
[2024-12-07T17:30:41.961+0000] {logging_mixin.py:190} INFO - [2024-12-07T17:30:41.961+0000] {dag.py:4180} INFO - Setting next_dagrun for example_short_circuit_operator to None, run_after=None
[2024-12-07T17:30:41.989+0000] {processor.py:208} INFO - Processing /home/airflow/.local/lib/python3.12/site-packages/airflow/example_dags/example_short_circuit_operator.py took 0.114 seconds
[2024-12-07T17:31:12.589+0000] {processor.py:186} INFO - Started process (PID=4915) to work on /home/airflow/.local/lib/python3.12/site-packages/airflow/example_dags/example_short_circuit_operator.py
[2024-12-07T17:31:12.592+0000] {processor.py:914} INFO - Processing file /home/airflow/.local/lib/python3.12/site-packages/airflow/example_dags/example_short_circuit_operator.py for tasks to queue
[2024-12-07T17:31:12.597+0000] {logging_mixin.py:190} INFO - [2024-12-07T17:31:12.596+0000] {dagbag.py:588} INFO - Filling up the DagBag from /home/airflow/.local/lib/python3.12/site-packages/airflow/example_dags/example_short_circuit_operator.py
[2024-12-07T17:31:12.621+0000] {processor.py:925} INFO - DAG(s) 'example_short_circuit_operator' retrieved from /home/airflow/.local/lib/python3.12/site-packages/airflow/example_dags/example_short_circuit_operator.py
[2024-12-07T17:31:12.709+0000] {logging_mixin.py:190} INFO - [2024-12-07T17:31:12.708+0000] {dag.py:3239} INFO - Sync 1 DAGs
[2024-12-07T17:31:12.744+0000] {logging_mixin.py:190} INFO - [2024-12-07T17:31:12.744+0000] {dag.py:4180} INFO - Setting next_dagrun for example_short_circuit_operator to None, run_after=None
[2024-12-07T17:31:12.790+0000] {processor.py:208} INFO - Processing /home/airflow/.local/lib/python3.12/site-packages/airflow/example_dags/example_short_circuit_operator.py took 0.215 seconds
[2024-12-07T17:31:43.177+0000] {processor.py:186} INFO - Started process (PID=5206) to work on /home/airflow/.local/lib/python3.12/site-packages/airflow/example_dags/example_short_circuit_operator.py
[2024-12-07T17:31:43.180+0000] {processor.py:914} INFO - Processing file /home/airflow/.local/lib/python3.12/site-packages/airflow/example_dags/example_short_circuit_operator.py for tasks to queue
[2024-12-07T17:31:43.184+0000] {logging_mixin.py:190} INFO - [2024-12-07T17:31:43.184+0000] {dagbag.py:588} INFO - Filling up the DagBag from /home/airflow/.local/lib/python3.12/site-packages/airflow/example_dags/example_short_circuit_operator.py
[2024-12-07T17:31:43.204+0000] {processor.py:925} INFO - DAG(s) 'example_short_circuit_operator' retrieved from /home/airflow/.local/lib/python3.12/site-packages/airflow/example_dags/example_short_circuit_operator.py
[2024-12-07T17:31:43.248+0000] {logging_mixin.py:190} INFO - [2024-12-07T17:31:43.247+0000] {dag.py:3239} INFO - Sync 1 DAGs
[2024-12-07T17:31:43.275+0000] {logging_mixin.py:190} INFO - [2024-12-07T17:31:43.274+0000] {dag.py:4180} INFO - Setting next_dagrun for example_short_circuit_operator to None, run_after=None
[2024-12-07T17:31:43.308+0000] {processor.py:208} INFO - Processing /home/airflow/.local/lib/python3.12/site-packages/airflow/example_dags/example_short_circuit_operator.py took 0.141 seconds
[2024-12-07T17:32:14.185+0000] {processor.py:186} INFO - Started process (PID=5494) to work on /home/airflow/.local/lib/python3.12/site-packages/airflow/example_dags/example_short_circuit_operator.py
[2024-12-07T17:32:14.187+0000] {processor.py:914} INFO - Processing file /home/airflow/.local/lib/python3.12/site-packages/airflow/example_dags/example_short_circuit_operator.py for tasks to queue
[2024-12-07T17:32:14.191+0000] {logging_mixin.py:190} INFO - [2024-12-07T17:32:14.190+0000] {dagbag.py:588} INFO - Filling up the DagBag from /home/airflow/.local/lib/python3.12/site-packages/airflow/example_dags/example_short_circuit_operator.py
[2024-12-07T17:32:14.207+0000] {processor.py:925} INFO - DAG(s) 'example_short_circuit_operator' retrieved from /home/airflow/.local/lib/python3.12/site-packages/airflow/example_dags/example_short_circuit_operator.py
[2024-12-07T17:32:14.250+0000] {logging_mixin.py:190} INFO - [2024-12-07T17:32:14.249+0000] {dag.py:3239} INFO - Sync 1 DAGs
[2024-12-07T17:32:14.274+0000] {logging_mixin.py:190} INFO - [2024-12-07T17:32:14.273+0000] {dag.py:4180} INFO - Setting next_dagrun for example_short_circuit_operator to None, run_after=None
[2024-12-07T17:32:14.306+0000] {processor.py:208} INFO - Processing /home/airflow/.local/lib/python3.12/site-packages/airflow/example_dags/example_short_circuit_operator.py took 0.131 seconds
[2024-12-07T17:32:45.172+0000] {processor.py:186} INFO - Started process (PID=5784) to work on /home/airflow/.local/lib/python3.12/site-packages/airflow/example_dags/example_short_circuit_operator.py
[2024-12-07T17:32:45.174+0000] {processor.py:914} INFO - Processing file /home/airflow/.local/lib/python3.12/site-packages/airflow/example_dags/example_short_circuit_operator.py for tasks to queue
[2024-12-07T17:32:45.177+0000] {logging_mixin.py:190} INFO - [2024-12-07T17:32:45.177+0000] {dagbag.py:588} INFO - Filling up the DagBag from /home/airflow/.local/lib/python3.12/site-packages/airflow/example_dags/example_short_circuit_operator.py
[2024-12-07T17:32:45.195+0000] {processor.py:925} INFO - DAG(s) 'example_short_circuit_operator' retrieved from /home/airflow/.local/lib/python3.12/site-packages/airflow/example_dags/example_short_circuit_operator.py
[2024-12-07T17:32:45.238+0000] {logging_mixin.py:190} INFO - [2024-12-07T17:32:45.237+0000] {dag.py:3239} INFO - Sync 1 DAGs
[2024-12-07T17:32:45.258+0000] {logging_mixin.py:190} INFO - [2024-12-07T17:32:45.258+0000] {dag.py:4180} INFO - Setting next_dagrun for example_short_circuit_operator to None, run_after=None
[2024-12-07T17:32:45.288+0000] {processor.py:208} INFO - Processing /home/airflow/.local/lib/python3.12/site-packages/airflow/example_dags/example_short_circuit_operator.py took 0.127 seconds
[2024-12-07T17:33:15.425+0000] {processor.py:186} INFO - Started process (PID=6072) to work on /home/airflow/.local/lib/python3.12/site-packages/airflow/example_dags/example_short_circuit_operator.py
[2024-12-07T17:33:15.427+0000] {processor.py:914} INFO - Processing file /home/airflow/.local/lib/python3.12/site-packages/airflow/example_dags/example_short_circuit_operator.py for tasks to queue
[2024-12-07T17:33:15.431+0000] {logging_mixin.py:190} INFO - [2024-12-07T17:33:15.430+0000] {dagbag.py:588} INFO - Filling up the DagBag from /home/airflow/.local/lib/python3.12/site-packages/airflow/example_dags/example_short_circuit_operator.py
[2024-12-07T17:33:15.445+0000] {processor.py:925} INFO - DAG(s) 'example_short_circuit_operator' retrieved from /home/airflow/.local/lib/python3.12/site-packages/airflow/example_dags/example_short_circuit_operator.py
[2024-12-07T17:33:15.477+0000] {logging_mixin.py:190} INFO - [2024-12-07T17:33:15.477+0000] {dag.py:3239} INFO - Sync 1 DAGs
[2024-12-07T17:33:15.499+0000] {logging_mixin.py:190} INFO - [2024-12-07T17:33:15.499+0000] {dag.py:4180} INFO - Setting next_dagrun for example_short_circuit_operator to None, run_after=None
[2024-12-07T17:33:15.527+0000] {processor.py:208} INFO - Processing /home/airflow/.local/lib/python3.12/site-packages/airflow/example_dags/example_short_circuit_operator.py took 0.111 seconds
[2024-12-07T17:33:45.874+0000] {processor.py:186} INFO - Started process (PID=6363) to work on /home/airflow/.local/lib/python3.12/site-packages/airflow/example_dags/example_short_circuit_operator.py
[2024-12-07T17:33:45.875+0000] {processor.py:914} INFO - Processing file /home/airflow/.local/lib/python3.12/site-packages/airflow/example_dags/example_short_circuit_operator.py for tasks to queue
[2024-12-07T17:33:45.879+0000] {logging_mixin.py:190} INFO - [2024-12-07T17:33:45.878+0000] {dagbag.py:588} INFO - Filling up the DagBag from /home/airflow/.local/lib/python3.12/site-packages/airflow/example_dags/example_short_circuit_operator.py
[2024-12-07T17:33:45.897+0000] {processor.py:925} INFO - DAG(s) 'example_short_circuit_operator' retrieved from /home/airflow/.local/lib/python3.12/site-packages/airflow/example_dags/example_short_circuit_operator.py
[2024-12-07T17:33:45.945+0000] {logging_mixin.py:190} INFO - [2024-12-07T17:33:45.944+0000] {dag.py:3239} INFO - Sync 1 DAGs
[2024-12-07T17:33:45.978+0000] {logging_mixin.py:190} INFO - [2024-12-07T17:33:45.978+0000] {dag.py:4180} INFO - Setting next_dagrun for example_short_circuit_operator to None, run_after=None
[2024-12-07T17:33:46.013+0000] {processor.py:208} INFO - Processing /home/airflow/.local/lib/python3.12/site-packages/airflow/example_dags/example_short_circuit_operator.py took 0.153 seconds
[2024-12-07T17:34:16.115+0000] {processor.py:186} INFO - Started process (PID=6654) to work on /home/airflow/.local/lib/python3.12/site-packages/airflow/example_dags/example_short_circuit_operator.py
[2024-12-07T17:34:16.117+0000] {processor.py:914} INFO - Processing file /home/airflow/.local/lib/python3.12/site-packages/airflow/example_dags/example_short_circuit_operator.py for tasks to queue
[2024-12-07T17:34:16.121+0000] {logging_mixin.py:190} INFO - [2024-12-07T17:34:16.120+0000] {dagbag.py:588} INFO - Filling up the DagBag from /home/airflow/.local/lib/python3.12/site-packages/airflow/example_dags/example_short_circuit_operator.py
[2024-12-07T17:34:16.134+0000] {processor.py:925} INFO - DAG(s) 'example_short_circuit_operator' retrieved from /home/airflow/.local/lib/python3.12/site-packages/airflow/example_dags/example_short_circuit_operator.py
[2024-12-07T17:34:16.164+0000] {logging_mixin.py:190} INFO - [2024-12-07T17:34:16.164+0000] {dag.py:3239} INFO - Sync 1 DAGs
[2024-12-07T17:34:16.183+0000] {logging_mixin.py:190} INFO - [2024-12-07T17:34:16.182+0000] {dag.py:4180} INFO - Setting next_dagrun for example_short_circuit_operator to None, run_after=None
[2024-12-07T17:34:16.209+0000] {processor.py:208} INFO - Processing /home/airflow/.local/lib/python3.12/site-packages/airflow/example_dags/example_short_circuit_operator.py took 0.103 seconds
[2024-12-07T17:34:46.766+0000] {processor.py:186} INFO - Started process (PID=6945) to work on /home/airflow/.local/lib/python3.12/site-packages/airflow/example_dags/example_short_circuit_operator.py
[2024-12-07T17:34:46.768+0000] {processor.py:914} INFO - Processing file /home/airflow/.local/lib/python3.12/site-packages/airflow/example_dags/example_short_circuit_operator.py for tasks to queue
[2024-12-07T17:34:46.771+0000] {logging_mixin.py:190} INFO - [2024-12-07T17:34:46.771+0000] {dagbag.py:588} INFO - Filling up the DagBag from /home/airflow/.local/lib/python3.12/site-packages/airflow/example_dags/example_short_circuit_operator.py
[2024-12-07T17:34:46.789+0000] {processor.py:925} INFO - DAG(s) 'example_short_circuit_operator' retrieved from /home/airflow/.local/lib/python3.12/site-packages/airflow/example_dags/example_short_circuit_operator.py
[2024-12-07T17:34:46.831+0000] {logging_mixin.py:190} INFO - [2024-12-07T17:34:46.830+0000] {dag.py:3239} INFO - Sync 1 DAGs
[2024-12-07T17:34:46.859+0000] {logging_mixin.py:190} INFO - [2024-12-07T17:34:46.859+0000] {dag.py:4180} INFO - Setting next_dagrun for example_short_circuit_operator to None, run_after=None
[2024-12-07T17:34:46.969+0000] {processor.py:208} INFO - Processing /home/airflow/.local/lib/python3.12/site-packages/airflow/example_dags/example_short_circuit_operator.py took 0.213 seconds
[2024-12-07T17:35:17.925+0000] {processor.py:186} INFO - Started process (PID=7236) to work on /home/airflow/.local/lib/python3.12/site-packages/airflow/example_dags/example_short_circuit_operator.py
[2024-12-07T17:35:17.933+0000] {processor.py:914} INFO - Processing file /home/airflow/.local/lib/python3.12/site-packages/airflow/example_dags/example_short_circuit_operator.py for tasks to queue
[2024-12-07T17:35:17.937+0000] {logging_mixin.py:190} INFO - [2024-12-07T17:35:17.937+0000] {dagbag.py:588} INFO - Filling up the DagBag from /home/airflow/.local/lib/python3.12/site-packages/airflow/example_dags/example_short_circuit_operator.py
[2024-12-07T17:35:17.963+0000] {processor.py:925} INFO - DAG(s) 'example_short_circuit_operator' retrieved from /home/airflow/.local/lib/python3.12/site-packages/airflow/example_dags/example_short_circuit_operator.py
[2024-12-07T17:35:18.064+0000] {logging_mixin.py:190} INFO - [2024-12-07T17:35:18.064+0000] {dag.py:3239} INFO - Sync 1 DAGs
[2024-12-07T17:35:18.141+0000] {logging_mixin.py:190} INFO - [2024-12-07T17:35:18.140+0000] {dag.py:4180} INFO - Setting next_dagrun for example_short_circuit_operator to None, run_after=None
[2024-12-07T17:35:18.237+0000] {processor.py:208} INFO - Processing /home/airflow/.local/lib/python3.12/site-packages/airflow/example_dags/example_short_circuit_operator.py took 0.324 seconds
[2024-12-07T17:35:48.760+0000] {processor.py:186} INFO - Started process (PID=7527) to work on /home/airflow/.local/lib/python3.12/site-packages/airflow/example_dags/example_short_circuit_operator.py
[2024-12-07T17:35:48.763+0000] {processor.py:914} INFO - Processing file /home/airflow/.local/lib/python3.12/site-packages/airflow/example_dags/example_short_circuit_operator.py for tasks to queue
[2024-12-07T17:35:48.771+0000] {logging_mixin.py:190} INFO - [2024-12-07T17:35:48.770+0000] {dagbag.py:588} INFO - Filling up the DagBag from /home/airflow/.local/lib/python3.12/site-packages/airflow/example_dags/example_short_circuit_operator.py
[2024-12-07T17:35:48.795+0000] {processor.py:925} INFO - DAG(s) 'example_short_circuit_operator' retrieved from /home/airflow/.local/lib/python3.12/site-packages/airflow/example_dags/example_short_circuit_operator.py
[2024-12-07T17:35:48.845+0000] {logging_mixin.py:190} INFO - [2024-12-07T17:35:48.844+0000] {dag.py:3239} INFO - Sync 1 DAGs
[2024-12-07T17:35:48.871+0000] {logging_mixin.py:190} INFO - [2024-12-07T17:35:48.870+0000] {dag.py:4180} INFO - Setting next_dagrun for example_short_circuit_operator to None, run_after=None
[2024-12-07T17:35:48.932+0000] {processor.py:208} INFO - Processing /home/airflow/.local/lib/python3.12/site-packages/airflow/example_dags/example_short_circuit_operator.py took 0.188 seconds
[2024-12-07T17:36:19.615+0000] {processor.py:186} INFO - Started process (PID=7818) to work on /home/airflow/.local/lib/python3.12/site-packages/airflow/example_dags/example_short_circuit_operator.py
[2024-12-07T17:36:19.616+0000] {processor.py:914} INFO - Processing file /home/airflow/.local/lib/python3.12/site-packages/airflow/example_dags/example_short_circuit_operator.py for tasks to queue
[2024-12-07T17:36:19.622+0000] {logging_mixin.py:190} INFO - [2024-12-07T17:36:19.620+0000] {dagbag.py:588} INFO - Filling up the DagBag from /home/airflow/.local/lib/python3.12/site-packages/airflow/example_dags/example_short_circuit_operator.py
[2024-12-07T17:36:19.656+0000] {processor.py:925} INFO - DAG(s) 'example_short_circuit_operator' retrieved from /home/airflow/.local/lib/python3.12/site-packages/airflow/example_dags/example_short_circuit_operator.py
[2024-12-07T17:36:19.736+0000] {logging_mixin.py:190} INFO - [2024-12-07T17:36:19.735+0000] {dag.py:3239} INFO - Sync 1 DAGs
[2024-12-07T17:36:19.784+0000] {logging_mixin.py:190} INFO - [2024-12-07T17:36:19.784+0000] {dag.py:4180} INFO - Setting next_dagrun for example_short_circuit_operator to None, run_after=None
[2024-12-07T17:36:19.810+0000] {processor.py:208} INFO - Processing /home/airflow/.local/lib/python3.12/site-packages/airflow/example_dags/example_short_circuit_operator.py took 0.208 seconds
[2024-12-07T17:36:55.624+0000] {processor.py:186} INFO - Started process (PID=8117) to work on /home/airflow/.local/lib/python3.12/site-packages/airflow/example_dags/example_short_circuit_operator.py
[2024-12-07T17:36:55.829+0000] {processor.py:914} INFO - Processing file /home/airflow/.local/lib/python3.12/site-packages/airflow/example_dags/example_short_circuit_operator.py for tasks to queue
[2024-12-07T17:36:55.839+0000] {logging_mixin.py:190} INFO - [2024-12-07T17:36:55.839+0000] {dagbag.py:588} INFO - Filling up the DagBag from /home/airflow/.local/lib/python3.12/site-packages/airflow/example_dags/example_short_circuit_operator.py
[2024-12-07T17:36:55.919+0000] {processor.py:925} INFO - DAG(s) 'example_short_circuit_operator' retrieved from /home/airflow/.local/lib/python3.12/site-packages/airflow/example_dags/example_short_circuit_operator.py
[2024-12-07T17:36:55.984+0000] {logging_mixin.py:190} INFO - [2024-12-07T17:36:55.983+0000] {dag.py:3239} INFO - Sync 1 DAGs
[2024-12-07T17:36:56.051+0000] {logging_mixin.py:190} INFO - [2024-12-07T17:36:56.050+0000] {dag.py:4180} INFO - Setting next_dagrun for example_short_circuit_operator to None, run_after=None
[2024-12-07T17:36:56.144+0000] {processor.py:208} INFO - Processing /home/airflow/.local/lib/python3.12/site-packages/airflow/example_dags/example_short_circuit_operator.py took 0.538 seconds
[2024-12-07T17:37:26.479+0000] {processor.py:186} INFO - Started process (PID=8408) to work on /home/airflow/.local/lib/python3.12/site-packages/airflow/example_dags/example_short_circuit_operator.py
[2024-12-07T17:37:26.485+0000] {processor.py:914} INFO - Processing file /home/airflow/.local/lib/python3.12/site-packages/airflow/example_dags/example_short_circuit_operator.py for tasks to queue
[2024-12-07T17:37:26.494+0000] {logging_mixin.py:190} INFO - [2024-12-07T17:37:26.494+0000] {dagbag.py:588} INFO - Filling up the DagBag from /home/airflow/.local/lib/python3.12/site-packages/airflow/example_dags/example_short_circuit_operator.py
[2024-12-07T17:37:26.525+0000] {processor.py:925} INFO - DAG(s) 'example_short_circuit_operator' retrieved from /home/airflow/.local/lib/python3.12/site-packages/airflow/example_dags/example_short_circuit_operator.py
[2024-12-07T17:37:26.586+0000] {logging_mixin.py:190} INFO - [2024-12-07T17:37:26.585+0000] {dag.py:3239} INFO - Sync 1 DAGs
[2024-12-07T17:37:26.643+0000] {logging_mixin.py:190} INFO - [2024-12-07T17:37:26.639+0000] {dag.py:4180} INFO - Setting next_dagrun for example_short_circuit_operator to None, run_after=None
[2024-12-07T17:37:26.711+0000] {processor.py:208} INFO - Processing /home/airflow/.local/lib/python3.12/site-packages/airflow/example_dags/example_short_circuit_operator.py took 0.256 seconds
[2024-12-07T17:37:57.104+0000] {processor.py:186} INFO - Started process (PID=8694) to work on /home/airflow/.local/lib/python3.12/site-packages/airflow/example_dags/example_short_circuit_operator.py
[2024-12-07T17:37:57.106+0000] {processor.py:914} INFO - Processing file /home/airflow/.local/lib/python3.12/site-packages/airflow/example_dags/example_short_circuit_operator.py for tasks to queue
[2024-12-07T17:37:57.112+0000] {logging_mixin.py:190} INFO - [2024-12-07T17:37:57.111+0000] {dagbag.py:588} INFO - Filling up the DagBag from /home/airflow/.local/lib/python3.12/site-packages/airflow/example_dags/example_short_circuit_operator.py
[2024-12-07T17:37:57.130+0000] {processor.py:925} INFO - DAG(s) 'example_short_circuit_operator' retrieved from /home/airflow/.local/lib/python3.12/site-packages/airflow/example_dags/example_short_circuit_operator.py
[2024-12-07T17:37:57.232+0000] {logging_mixin.py:190} INFO - [2024-12-07T17:37:57.231+0000] {dag.py:3239} INFO - Sync 1 DAGs
[2024-12-07T17:37:57.298+0000] {logging_mixin.py:190} INFO - [2024-12-07T17:37:57.297+0000] {dag.py:4180} INFO - Setting next_dagrun for example_short_circuit_operator to None, run_after=None
[2024-12-07T17:37:57.394+0000] {processor.py:208} INFO - Processing /home/airflow/.local/lib/python3.12/site-packages/airflow/example_dags/example_short_circuit_operator.py took 0.302 seconds
[2024-12-07T17:38:27.842+0000] {processor.py:186} INFO - Started process (PID=8980) to work on /home/airflow/.local/lib/python3.12/site-packages/airflow/example_dags/example_short_circuit_operator.py
[2024-12-07T17:38:27.843+0000] {processor.py:914} INFO - Processing file /home/airflow/.local/lib/python3.12/site-packages/airflow/example_dags/example_short_circuit_operator.py for tasks to queue
[2024-12-07T17:38:27.847+0000] {logging_mixin.py:190} INFO - [2024-12-07T17:38:27.847+0000] {dagbag.py:588} INFO - Filling up the DagBag from /home/airflow/.local/lib/python3.12/site-packages/airflow/example_dags/example_short_circuit_operator.py
[2024-12-07T17:38:27.863+0000] {processor.py:925} INFO - DAG(s) 'example_short_circuit_operator' retrieved from /home/airflow/.local/lib/python3.12/site-packages/airflow/example_dags/example_short_circuit_operator.py
[2024-12-07T17:38:27.943+0000] {logging_mixin.py:190} INFO - [2024-12-07T17:38:27.942+0000] {dag.py:3239} INFO - Sync 1 DAGs
[2024-12-07T17:38:28.016+0000] {logging_mixin.py:190} INFO - [2024-12-07T17:38:28.015+0000] {dag.py:4180} INFO - Setting next_dagrun for example_short_circuit_operator to None, run_after=None
[2024-12-07T17:38:28.134+0000] {processor.py:208} INFO - Processing /home/airflow/.local/lib/python3.12/site-packages/airflow/example_dags/example_short_circuit_operator.py took 0.308 seconds
[2024-12-07T17:38:58.579+0000] {processor.py:186} INFO - Started process (PID=9273) to work on /home/airflow/.local/lib/python3.12/site-packages/airflow/example_dags/example_short_circuit_operator.py
[2024-12-07T17:38:58.581+0000] {processor.py:914} INFO - Processing file /home/airflow/.local/lib/python3.12/site-packages/airflow/example_dags/example_short_circuit_operator.py for tasks to queue
[2024-12-07T17:38:58.584+0000] {logging_mixin.py:190} INFO - [2024-12-07T17:38:58.583+0000] {dagbag.py:588} INFO - Filling up the DagBag from /home/airflow/.local/lib/python3.12/site-packages/airflow/example_dags/example_short_circuit_operator.py
[2024-12-07T17:38:58.593+0000] {processor.py:925} INFO - DAG(s) 'example_short_circuit_operator' retrieved from /home/airflow/.local/lib/python3.12/site-packages/airflow/example_dags/example_short_circuit_operator.py
[2024-12-07T17:38:58.620+0000] {logging_mixin.py:190} INFO - [2024-12-07T17:38:58.620+0000] {dag.py:3239} INFO - Sync 1 DAGs
[2024-12-07T17:38:58.639+0000] {logging_mixin.py:190} INFO - [2024-12-07T17:38:58.639+0000] {dag.py:4180} INFO - Setting next_dagrun for example_short_circuit_operator to None, run_after=None
[2024-12-07T17:38:58.664+0000] {processor.py:208} INFO - Processing /home/airflow/.local/lib/python3.12/site-packages/airflow/example_dags/example_short_circuit_operator.py took 0.092 seconds
[2024-12-07T17:39:29.429+0000] {processor.py:186} INFO - Started process (PID=9565) to work on /home/airflow/.local/lib/python3.12/site-packages/airflow/example_dags/example_short_circuit_operator.py
[2024-12-07T17:39:29.430+0000] {processor.py:914} INFO - Processing file /home/airflow/.local/lib/python3.12/site-packages/airflow/example_dags/example_short_circuit_operator.py for tasks to queue
[2024-12-07T17:39:29.434+0000] {logging_mixin.py:190} INFO - [2024-12-07T17:39:29.433+0000] {dagbag.py:588} INFO - Filling up the DagBag from /home/airflow/.local/lib/python3.12/site-packages/airflow/example_dags/example_short_circuit_operator.py
[2024-12-07T17:39:29.445+0000] {processor.py:925} INFO - DAG(s) 'example_short_circuit_operator' retrieved from /home/airflow/.local/lib/python3.12/site-packages/airflow/example_dags/example_short_circuit_operator.py
[2024-12-07T17:39:29.471+0000] {logging_mixin.py:190} INFO - [2024-12-07T17:39:29.471+0000] {dag.py:3239} INFO - Sync 1 DAGs
[2024-12-07T17:39:29.504+0000] {logging_mixin.py:190} INFO - [2024-12-07T17:39:29.503+0000] {dag.py:4180} INFO - Setting next_dagrun for example_short_circuit_operator to None, run_after=None
[2024-12-07T17:39:29.541+0000] {processor.py:208} INFO - Processing /home/airflow/.local/lib/python3.12/site-packages/airflow/example_dags/example_short_circuit_operator.py took 0.122 seconds
[2024-12-07T17:40:00.053+0000] {processor.py:186} INFO - Started process (PID=9854) to work on /home/airflow/.local/lib/python3.12/site-packages/airflow/example_dags/example_short_circuit_operator.py
[2024-12-07T17:40:00.054+0000] {processor.py:914} INFO - Processing file /home/airflow/.local/lib/python3.12/site-packages/airflow/example_dags/example_short_circuit_operator.py for tasks to queue
[2024-12-07T17:40:00.057+0000] {logging_mixin.py:190} INFO - [2024-12-07T17:40:00.057+0000] {dagbag.py:588} INFO - Filling up the DagBag from /home/airflow/.local/lib/python3.12/site-packages/airflow/example_dags/example_short_circuit_operator.py
[2024-12-07T17:40:00.073+0000] {processor.py:925} INFO - DAG(s) 'example_short_circuit_operator' retrieved from /home/airflow/.local/lib/python3.12/site-packages/airflow/example_dags/example_short_circuit_operator.py
[2024-12-07T17:40:00.109+0000] {logging_mixin.py:190} INFO - [2024-12-07T17:40:00.109+0000] {dag.py:3239} INFO - Sync 1 DAGs
[2024-12-07T17:40:00.141+0000] {logging_mixin.py:190} INFO - [2024-12-07T17:40:00.141+0000] {dag.py:4180} INFO - Setting next_dagrun for example_short_circuit_operator to None, run_after=None
[2024-12-07T17:40:00.195+0000] {processor.py:208} INFO - Processing /home/airflow/.local/lib/python3.12/site-packages/airflow/example_dags/example_short_circuit_operator.py took 0.155 seconds
[2024-12-07T17:40:33.220+0000] {processor.py:186} INFO - Started process (PID=10145) to work on /home/airflow/.local/lib/python3.12/site-packages/airflow/example_dags/example_short_circuit_operator.py
[2024-12-07T17:40:33.233+0000] {processor.py:914} INFO - Processing file /home/airflow/.local/lib/python3.12/site-packages/airflow/example_dags/example_short_circuit_operator.py for tasks to queue
[2024-12-07T17:40:33.252+0000] {logging_mixin.py:190} INFO - [2024-12-07T17:40:33.252+0000] {dagbag.py:588} INFO - Filling up the DagBag from /home/airflow/.local/lib/python3.12/site-packages/airflow/example_dags/example_short_circuit_operator.py
[2024-12-07T17:40:33.314+0000] {processor.py:925} INFO - DAG(s) 'example_short_circuit_operator' retrieved from /home/airflow/.local/lib/python3.12/site-packages/airflow/example_dags/example_short_circuit_operator.py
[2024-12-07T17:40:33.471+0000] {logging_mixin.py:190} INFO - [2024-12-07T17:40:33.470+0000] {dag.py:3239} INFO - Sync 1 DAGs
[2024-12-07T17:40:33.570+0000] {logging_mixin.py:190} INFO - [2024-12-07T17:40:33.570+0000] {dag.py:4180} INFO - Setting next_dagrun for example_short_circuit_operator to None, run_after=None
[2024-12-07T17:40:33.690+0000] {processor.py:208} INFO - Processing /home/airflow/.local/lib/python3.12/site-packages/airflow/example_dags/example_short_circuit_operator.py took 0.501 seconds
[2024-12-07T17:41:04.676+0000] {processor.py:186} INFO - Started process (PID=10436) to work on /home/airflow/.local/lib/python3.12/site-packages/airflow/example_dags/example_short_circuit_operator.py
[2024-12-07T17:41:04.679+0000] {processor.py:914} INFO - Processing file /home/airflow/.local/lib/python3.12/site-packages/airflow/example_dags/example_short_circuit_operator.py for tasks to queue
[2024-12-07T17:41:04.683+0000] {logging_mixin.py:190} INFO - [2024-12-07T17:41:04.682+0000] {dagbag.py:588} INFO - Filling up the DagBag from /home/airflow/.local/lib/python3.12/site-packages/airflow/example_dags/example_short_circuit_operator.py
[2024-12-07T17:41:04.694+0000] {processor.py:925} INFO - DAG(s) 'example_short_circuit_operator' retrieved from /home/airflow/.local/lib/python3.12/site-packages/airflow/example_dags/example_short_circuit_operator.py
[2024-12-07T17:41:04.725+0000] {logging_mixin.py:190} INFO - [2024-12-07T17:41:04.724+0000] {dag.py:3239} INFO - Sync 1 DAGs
[2024-12-07T17:41:04.750+0000] {logging_mixin.py:190} INFO - [2024-12-07T17:41:04.749+0000] {dag.py:4180} INFO - Setting next_dagrun for example_short_circuit_operator to None, run_after=None
[2024-12-07T17:41:04.839+0000] {processor.py:208} INFO - Processing /home/airflow/.local/lib/python3.12/site-packages/airflow/example_dags/example_short_circuit_operator.py took 0.171 seconds
[2024-12-07T17:41:35.601+0000] {processor.py:186} INFO - Started process (PID=10728) to work on /home/airflow/.local/lib/python3.12/site-packages/airflow/example_dags/example_short_circuit_operator.py
[2024-12-07T17:41:35.603+0000] {processor.py:914} INFO - Processing file /home/airflow/.local/lib/python3.12/site-packages/airflow/example_dags/example_short_circuit_operator.py for tasks to queue
[2024-12-07T17:41:35.607+0000] {logging_mixin.py:190} INFO - [2024-12-07T17:41:35.607+0000] {dagbag.py:588} INFO - Filling up the DagBag from /home/airflow/.local/lib/python3.12/site-packages/airflow/example_dags/example_short_circuit_operator.py
[2024-12-07T17:41:35.623+0000] {processor.py:925} INFO - DAG(s) 'example_short_circuit_operator' retrieved from /home/airflow/.local/lib/python3.12/site-packages/airflow/example_dags/example_short_circuit_operator.py
[2024-12-07T17:41:35.655+0000] {logging_mixin.py:190} INFO - [2024-12-07T17:41:35.654+0000] {dag.py:3239} INFO - Sync 1 DAGs
[2024-12-07T17:41:35.679+0000] {logging_mixin.py:190} INFO - [2024-12-07T17:41:35.679+0000] {dag.py:4180} INFO - Setting next_dagrun for example_short_circuit_operator to None, run_after=None
[2024-12-07T17:41:35.712+0000] {processor.py:208} INFO - Processing /home/airflow/.local/lib/python3.12/site-packages/airflow/example_dags/example_short_circuit_operator.py took 0.123 seconds
[2024-12-07T17:42:05.974+0000] {processor.py:186} INFO - Started process (PID=11017) to work on /home/airflow/.local/lib/python3.12/site-packages/airflow/example_dags/example_short_circuit_operator.py
[2024-12-07T17:42:05.975+0000] {processor.py:914} INFO - Processing file /home/airflow/.local/lib/python3.12/site-packages/airflow/example_dags/example_short_circuit_operator.py for tasks to queue
[2024-12-07T17:42:05.980+0000] {logging_mixin.py:190} INFO - [2024-12-07T17:42:05.979+0000] {dagbag.py:588} INFO - Filling up the DagBag from /home/airflow/.local/lib/python3.12/site-packages/airflow/example_dags/example_short_circuit_operator.py
[2024-12-07T17:42:05.990+0000] {processor.py:925} INFO - DAG(s) 'example_short_circuit_operator' retrieved from /home/airflow/.local/lib/python3.12/site-packages/airflow/example_dags/example_short_circuit_operator.py
[2024-12-07T17:42:06.019+0000] {logging_mixin.py:190} INFO - [2024-12-07T17:42:06.018+0000] {dag.py:3239} INFO - Sync 1 DAGs
[2024-12-07T17:42:06.042+0000] {logging_mixin.py:190} INFO - [2024-12-07T17:42:06.041+0000] {dag.py:4180} INFO - Setting next_dagrun for example_short_circuit_operator to None, run_after=None
[2024-12-07T17:42:06.076+0000] {processor.py:208} INFO - Processing /home/airflow/.local/lib/python3.12/site-packages/airflow/example_dags/example_short_circuit_operator.py took 0.109 seconds
[2024-12-07T17:42:36.200+0000] {processor.py:186} INFO - Started process (PID=11308) to work on /home/airflow/.local/lib/python3.12/site-packages/airflow/example_dags/example_short_circuit_operator.py
[2024-12-07T17:42:36.202+0000] {processor.py:914} INFO - Processing file /home/airflow/.local/lib/python3.12/site-packages/airflow/example_dags/example_short_circuit_operator.py for tasks to queue
[2024-12-07T17:42:36.205+0000] {logging_mixin.py:190} INFO - [2024-12-07T17:42:36.205+0000] {dagbag.py:588} INFO - Filling up the DagBag from /home/airflow/.local/lib/python3.12/site-packages/airflow/example_dags/example_short_circuit_operator.py
[2024-12-07T17:42:36.218+0000] {processor.py:925} INFO - DAG(s) 'example_short_circuit_operator' retrieved from /home/airflow/.local/lib/python3.12/site-packages/airflow/example_dags/example_short_circuit_operator.py
[2024-12-07T17:42:36.250+0000] {logging_mixin.py:190} INFO - [2024-12-07T17:42:36.250+0000] {dag.py:3239} INFO - Sync 1 DAGs
[2024-12-07T17:42:36.271+0000] {logging_mixin.py:190} INFO - [2024-12-07T17:42:36.270+0000] {dag.py:4180} INFO - Setting next_dagrun for example_short_circuit_operator to None, run_after=None
[2024-12-07T17:42:36.307+0000] {processor.py:208} INFO - Processing /home/airflow/.local/lib/python3.12/site-packages/airflow/example_dags/example_short_circuit_operator.py took 0.115 seconds
[2024-12-07T17:43:07.122+0000] {processor.py:186} INFO - Started process (PID=11598) to work on /home/airflow/.local/lib/python3.12/site-packages/airflow/example_dags/example_short_circuit_operator.py
[2024-12-07T17:43:07.124+0000] {processor.py:914} INFO - Processing file /home/airflow/.local/lib/python3.12/site-packages/airflow/example_dags/example_short_circuit_operator.py for tasks to queue
[2024-12-07T17:43:07.128+0000] {logging_mixin.py:190} INFO - [2024-12-07T17:43:07.127+0000] {dagbag.py:588} INFO - Filling up the DagBag from /home/airflow/.local/lib/python3.12/site-packages/airflow/example_dags/example_short_circuit_operator.py
[2024-12-07T17:43:07.139+0000] {processor.py:925} INFO - DAG(s) 'example_short_circuit_operator' retrieved from /home/airflow/.local/lib/python3.12/site-packages/airflow/example_dags/example_short_circuit_operator.py
[2024-12-07T17:43:07.188+0000] {logging_mixin.py:190} INFO - [2024-12-07T17:43:07.187+0000] {dag.py:3239} INFO - Sync 1 DAGs
[2024-12-07T17:43:07.211+0000] {logging_mixin.py:190} INFO - [2024-12-07T17:43:07.210+0000] {dag.py:4180} INFO - Setting next_dagrun for example_short_circuit_operator to None, run_after=None
[2024-12-07T17:43:07.237+0000] {processor.py:208} INFO - Processing /home/airflow/.local/lib/python3.12/site-packages/airflow/example_dags/example_short_circuit_operator.py took 0.123 seconds
[2024-12-07T17:43:37.508+0000] {processor.py:186} INFO - Started process (PID=11889) to work on /home/airflow/.local/lib/python3.12/site-packages/airflow/example_dags/example_short_circuit_operator.py
[2024-12-07T17:43:37.511+0000] {processor.py:914} INFO - Processing file /home/airflow/.local/lib/python3.12/site-packages/airflow/example_dags/example_short_circuit_operator.py for tasks to queue
[2024-12-07T17:43:37.518+0000] {logging_mixin.py:190} INFO - [2024-12-07T17:43:37.518+0000] {dagbag.py:588} INFO - Filling up the DagBag from /home/airflow/.local/lib/python3.12/site-packages/airflow/example_dags/example_short_circuit_operator.py
[2024-12-07T17:43:37.535+0000] {processor.py:925} INFO - DAG(s) 'example_short_circuit_operator' retrieved from /home/airflow/.local/lib/python3.12/site-packages/airflow/example_dags/example_short_circuit_operator.py
[2024-12-07T17:43:37.584+0000] {logging_mixin.py:190} INFO - [2024-12-07T17:43:37.583+0000] {dag.py:3239} INFO - Sync 1 DAGs
[2024-12-07T17:43:37.612+0000] {logging_mixin.py:190} INFO - [2024-12-07T17:43:37.611+0000] {dag.py:4180} INFO - Setting next_dagrun for example_short_circuit_operator to None, run_after=None
[2024-12-07T17:43:37.642+0000] {processor.py:208} INFO - Processing /home/airflow/.local/lib/python3.12/site-packages/airflow/example_dags/example_short_circuit_operator.py took 0.144 seconds
