[2024-12-07T17:22:27.136+0000] {processor.py:186} INFO - Started process (PID=211) to work on /home/airflow/.local/lib/python3.12/site-packages/airflow/example_dags/example_external_task_marker_dag.py
[2024-12-07T17:22:27.137+0000] {processor.py:914} INFO - Processing file /home/airflow/.local/lib/python3.12/site-packages/airflow/example_dags/example_external_task_marker_dag.py for tasks to queue
[2024-12-07T17:22:27.142+0000] {logging_mixin.py:190} INFO - [2024-12-07T17:22:27.141+0000] {dagbag.py:588} INFO - Filling up the DagBag from /home/airflow/.local/lib/python3.12/site-packages/airflow/example_dags/example_external_task_marker_dag.py
[2024-12-07T17:22:27.166+0000] {processor.py:925} INFO - DAG(s) 'example_external_task_marker_child', 'example_external_task_marker_parent' retrieved from /home/airflow/.local/lib/python3.12/site-packages/airflow/example_dags/example_external_task_marker_dag.py
[2024-12-07T17:22:27.495+0000] {logging_mixin.py:190} INFO - [2024-12-07T17:22:27.494+0000] {override.py:1911} INFO - Created Permission View: can delete on DAG:example_external_task_marker_child
[2024-12-07T17:22:27.529+0000] {logging_mixin.py:190} INFO - [2024-12-07T17:22:27.527+0000] {override.py:1911} INFO - Created Permission View: can read on DAG:example_external_task_marker_child
[2024-12-07T17:22:27.551+0000] {logging_mixin.py:190} INFO - [2024-12-07T17:22:27.549+0000] {override.py:1911} INFO - Created Permission View: can edit on DAG:example_external_task_marker_child
[2024-12-07T17:22:27.585+0000] {logging_mixin.py:190} INFO - [2024-12-07T17:22:27.584+0000] {override.py:1911} INFO - Created Permission View: menu access on DAG Run:example_external_task_marker_child
[2024-12-07T17:22:27.610+0000] {logging_mixin.py:190} INFO - [2024-12-07T17:22:27.609+0000] {override.py:1911} INFO - Created Permission View: can delete on DAG Run:example_external_task_marker_child
[2024-12-07T17:22:27.637+0000] {logging_mixin.py:190} INFO - [2024-12-07T17:22:27.636+0000] {override.py:1911} INFO - Created Permission View: can read on DAG Run:example_external_task_marker_child
[2024-12-07T17:22:27.655+0000] {logging_mixin.py:190} INFO - [2024-12-07T17:22:27.655+0000] {override.py:1911} INFO - Created Permission View: can create on DAG Run:example_external_task_marker_child
[2024-12-07T17:22:27.703+0000] {logging_mixin.py:190} INFO - [2024-12-07T17:22:27.702+0000] {override.py:1911} INFO - Created Permission View: can delete on DAG:example_external_task_marker_parent
[2024-12-07T17:22:27.730+0000] {logging_mixin.py:190} INFO - [2024-12-07T17:22:27.729+0000] {override.py:1911} INFO - Created Permission View: can read on DAG:example_external_task_marker_parent
[2024-12-07T17:22:27.749+0000] {logging_mixin.py:190} INFO - [2024-12-07T17:22:27.748+0000] {override.py:1911} INFO - Created Permission View: can edit on DAG:example_external_task_marker_parent
[2024-12-07T17:22:27.767+0000] {logging_mixin.py:190} INFO - [2024-12-07T17:22:27.767+0000] {override.py:1911} INFO - Created Permission View: menu access on DAG Run:example_external_task_marker_parent
[2024-12-07T17:22:27.785+0000] {logging_mixin.py:190} INFO - [2024-12-07T17:22:27.784+0000] {override.py:1911} INFO - Created Permission View: can delete on DAG Run:example_external_task_marker_parent
[2024-12-07T17:22:27.802+0000] {logging_mixin.py:190} INFO - [2024-12-07T17:22:27.801+0000] {override.py:1911} INFO - Created Permission View: can read on DAG Run:example_external_task_marker_parent
[2024-12-07T17:22:27.826+0000] {logging_mixin.py:190} INFO - [2024-12-07T17:22:27.825+0000] {override.py:1911} INFO - Created Permission View: can create on DAG Run:example_external_task_marker_parent
[2024-12-07T17:22:27.827+0000] {logging_mixin.py:190} INFO - [2024-12-07T17:22:27.827+0000] {dag.py:3239} INFO - Sync 2 DAGs
[2024-12-07T17:22:27.877+0000] {logging_mixin.py:190} INFO - [2024-12-07T17:22:27.876+0000] {dag.py:3262} INFO - Creating ORM DAG for example_external_task_marker_child
[2024-12-07T17:22:27.880+0000] {logging_mixin.py:190} INFO - [2024-12-07T17:22:27.879+0000] {dag.py:3262} INFO - Creating ORM DAG for example_external_task_marker_parent
[2024-12-07T17:22:27.882+0000] {logging_mixin.py:190} INFO - [2024-12-07T17:22:27.882+0000] {dag.py:4180} INFO - Setting next_dagrun for example_external_task_marker_child to None, run_after=None
[2024-12-07T17:22:27.884+0000] {logging_mixin.py:190} INFO - [2024-12-07T17:22:27.884+0000] {dag.py:4180} INFO - Setting next_dagrun for example_external_task_marker_parent to None, run_after=None
[2024-12-07T17:22:27.971+0000] {processor.py:208} INFO - Processing /home/airflow/.local/lib/python3.12/site-packages/airflow/example_dags/example_external_task_marker_dag.py took 0.849 seconds
[2024-12-07T17:23:10.078+0000] {processor.py:186} INFO - Started process (PID=503) to work on /home/airflow/.local/lib/python3.12/site-packages/airflow/example_dags/example_external_task_marker_dag.py
[2024-12-07T17:23:10.081+0000] {processor.py:914} INFO - Processing file /home/airflow/.local/lib/python3.12/site-packages/airflow/example_dags/example_external_task_marker_dag.py for tasks to queue
[2024-12-07T17:23:10.087+0000] {logging_mixin.py:190} INFO - [2024-12-07T17:23:10.086+0000] {dagbag.py:588} INFO - Filling up the DagBag from /home/airflow/.local/lib/python3.12/site-packages/airflow/example_dags/example_external_task_marker_dag.py
[2024-12-07T17:23:10.142+0000] {processor.py:925} INFO - DAG(s) 'example_external_task_marker_parent', 'example_external_task_marker_child' retrieved from /home/airflow/.local/lib/python3.12/site-packages/airflow/example_dags/example_external_task_marker_dag.py
[2024-12-07T17:23:10.317+0000] {logging_mixin.py:190} INFO - [2024-12-07T17:23:10.316+0000] {dag.py:3239} INFO - Sync 2 DAGs
[2024-12-07T17:23:10.363+0000] {logging_mixin.py:190} INFO - [2024-12-07T17:23:10.363+0000] {dag.py:4180} INFO - Setting next_dagrun for example_external_task_marker_child to None, run_after=None
[2024-12-07T17:23:10.372+0000] {logging_mixin.py:190} INFO - [2024-12-07T17:23:10.372+0000] {dag.py:4180} INFO - Setting next_dagrun for example_external_task_marker_parent to None, run_after=None
[2024-12-07T17:23:10.449+0000] {processor.py:208} INFO - Processing /home/airflow/.local/lib/python3.12/site-packages/airflow/example_dags/example_external_task_marker_dag.py took 0.388 seconds
[2024-12-07T17:23:41.559+0000] {processor.py:186} INFO - Started process (PID=794) to work on /home/airflow/.local/lib/python3.12/site-packages/airflow/example_dags/example_external_task_marker_dag.py
[2024-12-07T17:23:41.560+0000] {processor.py:914} INFO - Processing file /home/airflow/.local/lib/python3.12/site-packages/airflow/example_dags/example_external_task_marker_dag.py for tasks to queue
[2024-12-07T17:23:41.564+0000] {logging_mixin.py:190} INFO - [2024-12-07T17:23:41.564+0000] {dagbag.py:588} INFO - Filling up the DagBag from /home/airflow/.local/lib/python3.12/site-packages/airflow/example_dags/example_external_task_marker_dag.py
[2024-12-07T17:23:41.574+0000] {processor.py:925} INFO - DAG(s) 'example_external_task_marker_parent', 'example_external_task_marker_child' retrieved from /home/airflow/.local/lib/python3.12/site-packages/airflow/example_dags/example_external_task_marker_dag.py
[2024-12-07T17:23:41.672+0000] {logging_mixin.py:190} INFO - [2024-12-07T17:23:41.672+0000] {dag.py:3239} INFO - Sync 2 DAGs
[2024-12-07T17:23:41.694+0000] {logging_mixin.py:190} INFO - [2024-12-07T17:23:41.694+0000] {dag.py:4180} INFO - Setting next_dagrun for example_external_task_marker_child to None, run_after=None
[2024-12-07T17:23:41.699+0000] {logging_mixin.py:190} INFO - [2024-12-07T17:23:41.699+0000] {dag.py:4180} INFO - Setting next_dagrun for example_external_task_marker_parent to None, run_after=None
[2024-12-07T17:23:53.090+0000] {processor.py:208} INFO - Processing /home/airflow/.local/lib/python3.12/site-packages/airflow/example_dags/example_external_task_marker_dag.py took 11.540 seconds
[2024-12-07T17:24:24.498+0000] {processor.py:186} INFO - Started process (PID=1091) to work on /home/airflow/.local/lib/python3.12/site-packages/airflow/example_dags/example_external_task_marker_dag.py
[2024-12-07T17:24:24.500+0000] {processor.py:914} INFO - Processing file /home/airflow/.local/lib/python3.12/site-packages/airflow/example_dags/example_external_task_marker_dag.py for tasks to queue
[2024-12-07T17:24:24.504+0000] {logging_mixin.py:190} INFO - [2024-12-07T17:24:24.504+0000] {dagbag.py:588} INFO - Filling up the DagBag from /home/airflow/.local/lib/python3.12/site-packages/airflow/example_dags/example_external_task_marker_dag.py
[2024-12-07T17:24:24.524+0000] {processor.py:925} INFO - DAG(s) 'example_external_task_marker_child', 'example_external_task_marker_parent' retrieved from /home/airflow/.local/lib/python3.12/site-packages/airflow/example_dags/example_external_task_marker_dag.py
[2024-12-07T17:24:24.687+0000] {logging_mixin.py:190} INFO - [2024-12-07T17:24:24.686+0000] {dag.py:3239} INFO - Sync 2 DAGs
[2024-12-07T17:24:24.717+0000] {logging_mixin.py:190} INFO - [2024-12-07T17:24:24.717+0000] {dag.py:4180} INFO - Setting next_dagrun for example_external_task_marker_child to None, run_after=None
[2024-12-07T17:24:24.725+0000] {logging_mixin.py:190} INFO - [2024-12-07T17:24:24.724+0000] {dag.py:4180} INFO - Setting next_dagrun for example_external_task_marker_parent to None, run_after=None
[2024-12-07T17:24:25.439+0000] {processor.py:208} INFO - Processing /home/airflow/.local/lib/python3.12/site-packages/airflow/example_dags/example_external_task_marker_dag.py took 0.955 seconds
[2024-12-07T17:24:55.924+0000] {processor.py:186} INFO - Started process (PID=1379) to work on /home/airflow/.local/lib/python3.12/site-packages/airflow/example_dags/example_external_task_marker_dag.py
[2024-12-07T17:24:55.926+0000] {processor.py:914} INFO - Processing file /home/airflow/.local/lib/python3.12/site-packages/airflow/example_dags/example_external_task_marker_dag.py for tasks to queue
[2024-12-07T17:24:55.930+0000] {logging_mixin.py:190} INFO - [2024-12-07T17:24:55.930+0000] {dagbag.py:588} INFO - Filling up the DagBag from /home/airflow/.local/lib/python3.12/site-packages/airflow/example_dags/example_external_task_marker_dag.py
[2024-12-07T17:24:55.940+0000] {processor.py:925} INFO - DAG(s) 'example_external_task_marker_parent', 'example_external_task_marker_child' retrieved from /home/airflow/.local/lib/python3.12/site-packages/airflow/example_dags/example_external_task_marker_dag.py
[2024-12-07T17:24:55.970+0000] {logging_mixin.py:190} INFO - [2024-12-07T17:24:55.969+0000] {dag.py:3239} INFO - Sync 2 DAGs
[2024-12-07T17:24:55.987+0000] {logging_mixin.py:190} INFO - [2024-12-07T17:24:55.987+0000] {dag.py:4180} INFO - Setting next_dagrun for example_external_task_marker_child to None, run_after=None
[2024-12-07T17:24:55.992+0000] {logging_mixin.py:190} INFO - [2024-12-07T17:24:55.992+0000] {dag.py:4180} INFO - Setting next_dagrun for example_external_task_marker_parent to None, run_after=None
[2024-12-07T17:24:56.016+0000] {processor.py:208} INFO - Processing /home/airflow/.local/lib/python3.12/site-packages/airflow/example_dags/example_external_task_marker_dag.py took 0.099 seconds
[2024-12-07T17:25:26.500+0000] {processor.py:186} INFO - Started process (PID=1671) to work on /home/airflow/.local/lib/python3.12/site-packages/airflow/example_dags/example_external_task_marker_dag.py
[2024-12-07T17:25:26.501+0000] {processor.py:914} INFO - Processing file /home/airflow/.local/lib/python3.12/site-packages/airflow/example_dags/example_external_task_marker_dag.py for tasks to queue
[2024-12-07T17:25:26.505+0000] {logging_mixin.py:190} INFO - [2024-12-07T17:25:26.505+0000] {dagbag.py:588} INFO - Filling up the DagBag from /home/airflow/.local/lib/python3.12/site-packages/airflow/example_dags/example_external_task_marker_dag.py
[2024-12-07T17:25:26.523+0000] {processor.py:925} INFO - DAG(s) 'example_external_task_marker_parent', 'example_external_task_marker_child' retrieved from /home/airflow/.local/lib/python3.12/site-packages/airflow/example_dags/example_external_task_marker_dag.py
[2024-12-07T17:25:26.575+0000] {logging_mixin.py:190} INFO - [2024-12-07T17:25:26.574+0000] {dag.py:3239} INFO - Sync 2 DAGs
[2024-12-07T17:25:26.602+0000] {logging_mixin.py:190} INFO - [2024-12-07T17:25:26.601+0000] {dag.py:4180} INFO - Setting next_dagrun for example_external_task_marker_child to None, run_after=None
[2024-12-07T17:25:26.609+0000] {logging_mixin.py:190} INFO - [2024-12-07T17:25:26.608+0000] {dag.py:4180} INFO - Setting next_dagrun for example_external_task_marker_parent to None, run_after=None
[2024-12-07T17:25:26.649+0000] {processor.py:208} INFO - Processing /home/airflow/.local/lib/python3.12/site-packages/airflow/example_dags/example_external_task_marker_dag.py took 0.162 seconds
[2024-12-07T17:25:56.797+0000] {processor.py:186} INFO - Started process (PID=1962) to work on /home/airflow/.local/lib/python3.12/site-packages/airflow/example_dags/example_external_task_marker_dag.py
[2024-12-07T17:25:56.799+0000] {processor.py:914} INFO - Processing file /home/airflow/.local/lib/python3.12/site-packages/airflow/example_dags/example_external_task_marker_dag.py for tasks to queue
[2024-12-07T17:25:56.804+0000] {logging_mixin.py:190} INFO - [2024-12-07T17:25:56.804+0000] {dagbag.py:588} INFO - Filling up the DagBag from /home/airflow/.local/lib/python3.12/site-packages/airflow/example_dags/example_external_task_marker_dag.py
[2024-12-07T17:25:56.815+0000] {processor.py:925} INFO - DAG(s) 'example_external_task_marker_parent', 'example_external_task_marker_child' retrieved from /home/airflow/.local/lib/python3.12/site-packages/airflow/example_dags/example_external_task_marker_dag.py
[2024-12-07T17:25:56.855+0000] {logging_mixin.py:190} INFO - [2024-12-07T17:25:56.853+0000] {dag.py:3239} INFO - Sync 2 DAGs
[2024-12-07T17:25:56.886+0000] {logging_mixin.py:190} INFO - [2024-12-07T17:25:56.885+0000] {dag.py:4180} INFO - Setting next_dagrun for example_external_task_marker_child to None, run_after=None
[2024-12-07T17:25:56.892+0000] {logging_mixin.py:190} INFO - [2024-12-07T17:25:56.892+0000] {dag.py:4180} INFO - Setting next_dagrun for example_external_task_marker_parent to None, run_after=None
[2024-12-07T17:25:56.934+0000] {processor.py:208} INFO - Processing /home/airflow/.local/lib/python3.12/site-packages/airflow/example_dags/example_external_task_marker_dag.py took 0.146 seconds
[2024-12-07T17:26:27.071+0000] {processor.py:186} INFO - Started process (PID=2252) to work on /home/airflow/.local/lib/python3.12/site-packages/airflow/example_dags/example_external_task_marker_dag.py
[2024-12-07T17:26:27.072+0000] {processor.py:914} INFO - Processing file /home/airflow/.local/lib/python3.12/site-packages/airflow/example_dags/example_external_task_marker_dag.py for tasks to queue
[2024-12-07T17:26:27.075+0000] {logging_mixin.py:190} INFO - [2024-12-07T17:26:27.075+0000] {dagbag.py:588} INFO - Filling up the DagBag from /home/airflow/.local/lib/python3.12/site-packages/airflow/example_dags/example_external_task_marker_dag.py
[2024-12-07T17:26:27.085+0000] {processor.py:925} INFO - DAG(s) 'example_external_task_marker_parent', 'example_external_task_marker_child' retrieved from /home/airflow/.local/lib/python3.12/site-packages/airflow/example_dags/example_external_task_marker_dag.py
[2024-12-07T17:26:27.114+0000] {logging_mixin.py:190} INFO - [2024-12-07T17:26:27.113+0000] {dag.py:3239} INFO - Sync 2 DAGs
[2024-12-07T17:26:27.132+0000] {logging_mixin.py:190} INFO - [2024-12-07T17:26:27.131+0000] {dag.py:4180} INFO - Setting next_dagrun for example_external_task_marker_child to None, run_after=None
[2024-12-07T17:26:27.136+0000] {logging_mixin.py:190} INFO - [2024-12-07T17:26:27.136+0000] {dag.py:4180} INFO - Setting next_dagrun for example_external_task_marker_parent to None, run_after=None
[2024-12-07T17:26:27.160+0000] {processor.py:208} INFO - Processing /home/airflow/.local/lib/python3.12/site-packages/airflow/example_dags/example_external_task_marker_dag.py took 0.097 seconds
[2024-12-07T17:26:58.041+0000] {processor.py:186} INFO - Started process (PID=2541) to work on /home/airflow/.local/lib/python3.12/site-packages/airflow/example_dags/example_external_task_marker_dag.py
[2024-12-07T17:26:58.043+0000] {processor.py:914} INFO - Processing file /home/airflow/.local/lib/python3.12/site-packages/airflow/example_dags/example_external_task_marker_dag.py for tasks to queue
[2024-12-07T17:26:58.048+0000] {logging_mixin.py:190} INFO - [2024-12-07T17:26:58.047+0000] {dagbag.py:588} INFO - Filling up the DagBag from /home/airflow/.local/lib/python3.12/site-packages/airflow/example_dags/example_external_task_marker_dag.py
[2024-12-07T17:26:58.081+0000] {processor.py:925} INFO - DAG(s) 'example_external_task_marker_child', 'example_external_task_marker_parent' retrieved from /home/airflow/.local/lib/python3.12/site-packages/airflow/example_dags/example_external_task_marker_dag.py
[2024-12-07T17:26:58.213+0000] {logging_mixin.py:190} INFO - [2024-12-07T17:26:58.213+0000] {dag.py:3239} INFO - Sync 2 DAGs
[2024-12-07T17:26:58.283+0000] {logging_mixin.py:190} INFO - [2024-12-07T17:26:58.282+0000] {dag.py:4180} INFO - Setting next_dagrun for example_external_task_marker_child to None, run_after=None
[2024-12-07T17:26:58.295+0000] {logging_mixin.py:190} INFO - [2024-12-07T17:26:58.295+0000] {dag.py:4180} INFO - Setting next_dagrun for example_external_task_marker_parent to None, run_after=None
[2024-12-07T17:26:58.366+0000] {processor.py:208} INFO - Processing /home/airflow/.local/lib/python3.12/site-packages/airflow/example_dags/example_external_task_marker_dag.py took 0.346 seconds
[2024-12-07T17:27:29.029+0000] {processor.py:186} INFO - Started process (PID=2829) to work on /home/airflow/.local/lib/python3.12/site-packages/airflow/example_dags/example_external_task_marker_dag.py
[2024-12-07T17:27:29.032+0000] {processor.py:914} INFO - Processing file /home/airflow/.local/lib/python3.12/site-packages/airflow/example_dags/example_external_task_marker_dag.py for tasks to queue
[2024-12-07T17:27:29.037+0000] {logging_mixin.py:190} INFO - [2024-12-07T17:27:29.036+0000] {dagbag.py:588} INFO - Filling up the DagBag from /home/airflow/.local/lib/python3.12/site-packages/airflow/example_dags/example_external_task_marker_dag.py
[2024-12-07T17:27:29.071+0000] {processor.py:925} INFO - DAG(s) 'example_external_task_marker_child', 'example_external_task_marker_parent' retrieved from /home/airflow/.local/lib/python3.12/site-packages/airflow/example_dags/example_external_task_marker_dag.py
[2024-12-07T17:27:29.158+0000] {logging_mixin.py:190} INFO - [2024-12-07T17:27:29.157+0000] {dag.py:3239} INFO - Sync 2 DAGs
[2024-12-07T17:27:29.225+0000] {logging_mixin.py:190} INFO - [2024-12-07T17:27:29.224+0000] {dag.py:4180} INFO - Setting next_dagrun for example_external_task_marker_child to None, run_after=None
[2024-12-07T17:27:29.245+0000] {logging_mixin.py:190} INFO - [2024-12-07T17:27:29.244+0000] {dag.py:4180} INFO - Setting next_dagrun for example_external_task_marker_parent to None, run_after=None
[2024-12-07T17:27:29.291+0000] {processor.py:208} INFO - Processing /home/airflow/.local/lib/python3.12/site-packages/airflow/example_dags/example_external_task_marker_dag.py took 0.278 seconds
[2024-12-07T17:28:00.651+0000] {processor.py:186} INFO - Started process (PID=3118) to work on /home/airflow/.local/lib/python3.12/site-packages/airflow/example_dags/example_external_task_marker_dag.py
[2024-12-07T17:28:00.655+0000] {processor.py:914} INFO - Processing file /home/airflow/.local/lib/python3.12/site-packages/airflow/example_dags/example_external_task_marker_dag.py for tasks to queue
[2024-12-07T17:28:00.666+0000] {logging_mixin.py:190} INFO - [2024-12-07T17:28:00.665+0000] {dagbag.py:588} INFO - Filling up the DagBag from /home/airflow/.local/lib/python3.12/site-packages/airflow/example_dags/example_external_task_marker_dag.py
[2024-12-07T17:28:00.700+0000] {processor.py:925} INFO - DAG(s) 'example_external_task_marker_child', 'example_external_task_marker_parent' retrieved from /home/airflow/.local/lib/python3.12/site-packages/airflow/example_dags/example_external_task_marker_dag.py
[2024-12-07T17:28:00.803+0000] {logging_mixin.py:190} INFO - [2024-12-07T17:28:00.802+0000] {dag.py:3239} INFO - Sync 2 DAGs
[2024-12-07T17:28:00.894+0000] {logging_mixin.py:190} INFO - [2024-12-07T17:28:00.893+0000] {dag.py:4180} INFO - Setting next_dagrun for example_external_task_marker_child to None, run_after=None
[2024-12-07T17:28:00.931+0000] {logging_mixin.py:190} INFO - [2024-12-07T17:28:00.931+0000] {dag.py:4180} INFO - Setting next_dagrun for example_external_task_marker_parent to None, run_after=None
[2024-12-07T17:28:01.083+0000] {processor.py:208} INFO - Processing /home/airflow/.local/lib/python3.12/site-packages/airflow/example_dags/example_external_task_marker_dag.py took 0.452 seconds
[2024-12-07T17:28:31.469+0000] {processor.py:186} INFO - Started process (PID=3409) to work on /home/airflow/.local/lib/python3.12/site-packages/airflow/example_dags/example_external_task_marker_dag.py
[2024-12-07T17:28:31.471+0000] {processor.py:914} INFO - Processing file /home/airflow/.local/lib/python3.12/site-packages/airflow/example_dags/example_external_task_marker_dag.py for tasks to queue
[2024-12-07T17:28:31.475+0000] {logging_mixin.py:190} INFO - [2024-12-07T17:28:31.475+0000] {dagbag.py:588} INFO - Filling up the DagBag from /home/airflow/.local/lib/python3.12/site-packages/airflow/example_dags/example_external_task_marker_dag.py
[2024-12-07T17:28:31.488+0000] {processor.py:925} INFO - DAG(s) 'example_external_task_marker_parent', 'example_external_task_marker_child' retrieved from /home/airflow/.local/lib/python3.12/site-packages/airflow/example_dags/example_external_task_marker_dag.py
[2024-12-07T17:28:31.529+0000] {logging_mixin.py:190} INFO - [2024-12-07T17:28:31.529+0000] {dag.py:3239} INFO - Sync 2 DAGs
[2024-12-07T17:28:31.560+0000] {logging_mixin.py:190} INFO - [2024-12-07T17:28:31.559+0000] {dag.py:4180} INFO - Setting next_dagrun for example_external_task_marker_child to None, run_after=None
[2024-12-07T17:28:31.568+0000] {logging_mixin.py:190} INFO - [2024-12-07T17:28:31.568+0000] {dag.py:4180} INFO - Setting next_dagrun for example_external_task_marker_parent to None, run_after=None
[2024-12-07T17:28:31.599+0000] {processor.py:208} INFO - Processing /home/airflow/.local/lib/python3.12/site-packages/airflow/example_dags/example_external_task_marker_dag.py took 0.141 seconds
[2024-12-07T17:29:02.565+0000] {processor.py:186} INFO - Started process (PID=3697) to work on /home/airflow/.local/lib/python3.12/site-packages/airflow/example_dags/example_external_task_marker_dag.py
[2024-12-07T17:29:02.570+0000] {processor.py:914} INFO - Processing file /home/airflow/.local/lib/python3.12/site-packages/airflow/example_dags/example_external_task_marker_dag.py for tasks to queue
[2024-12-07T17:29:02.577+0000] {logging_mixin.py:190} INFO - [2024-12-07T17:29:02.576+0000] {dagbag.py:588} INFO - Filling up the DagBag from /home/airflow/.local/lib/python3.12/site-packages/airflow/example_dags/example_external_task_marker_dag.py
[2024-12-07T17:29:02.615+0000] {processor.py:925} INFO - DAG(s) 'example_external_task_marker_child', 'example_external_task_marker_parent' retrieved from /home/airflow/.local/lib/python3.12/site-packages/airflow/example_dags/example_external_task_marker_dag.py
[2024-12-07T17:29:02.730+0000] {logging_mixin.py:190} INFO - [2024-12-07T17:29:02.729+0000] {dag.py:3239} INFO - Sync 2 DAGs
[2024-12-07T17:29:02.797+0000] {logging_mixin.py:190} INFO - [2024-12-07T17:29:02.797+0000] {dag.py:4180} INFO - Setting next_dagrun for example_external_task_marker_child to None, run_after=None
[2024-12-07T17:29:02.825+0000] {logging_mixin.py:190} INFO - [2024-12-07T17:29:02.825+0000] {dag.py:4180} INFO - Setting next_dagrun for example_external_task_marker_parent to None, run_after=None
[2024-12-07T17:29:02.882+0000] {processor.py:208} INFO - Processing /home/airflow/.local/lib/python3.12/site-packages/airflow/example_dags/example_external_task_marker_dag.py took 0.344 seconds
[2024-12-07T17:29:33.016+0000] {processor.py:186} INFO - Started process (PID=3990) to work on /home/airflow/.local/lib/python3.12/site-packages/airflow/example_dags/example_external_task_marker_dag.py
[2024-12-07T17:29:33.017+0000] {processor.py:914} INFO - Processing file /home/airflow/.local/lib/python3.12/site-packages/airflow/example_dags/example_external_task_marker_dag.py for tasks to queue
[2024-12-07T17:29:33.021+0000] {logging_mixin.py:190} INFO - [2024-12-07T17:29:33.020+0000] {dagbag.py:588} INFO - Filling up the DagBag from /home/airflow/.local/lib/python3.12/site-packages/airflow/example_dags/example_external_task_marker_dag.py
[2024-12-07T17:29:33.031+0000] {processor.py:925} INFO - DAG(s) 'example_external_task_marker_parent', 'example_external_task_marker_child' retrieved from /home/airflow/.local/lib/python3.12/site-packages/airflow/example_dags/example_external_task_marker_dag.py
[2024-12-07T17:29:33.088+0000] {logging_mixin.py:190} INFO - [2024-12-07T17:29:33.087+0000] {dag.py:3239} INFO - Sync 2 DAGs
[2024-12-07T17:29:33.120+0000] {logging_mixin.py:190} INFO - [2024-12-07T17:29:33.120+0000] {dag.py:4180} INFO - Setting next_dagrun for example_external_task_marker_child to None, run_after=None
[2024-12-07T17:29:33.127+0000] {logging_mixin.py:190} INFO - [2024-12-07T17:29:33.126+0000] {dag.py:4180} INFO - Setting next_dagrun for example_external_task_marker_parent to None, run_after=None
[2024-12-07T17:29:33.802+0000] {processor.py:208} INFO - Processing /home/airflow/.local/lib/python3.12/site-packages/airflow/example_dags/example_external_task_marker_dag.py took 0.800 seconds
[2024-12-07T17:30:04.494+0000] {processor.py:186} INFO - Started process (PID=4281) to work on /home/airflow/.local/lib/python3.12/site-packages/airflow/example_dags/example_external_task_marker_dag.py
[2024-12-07T17:30:04.496+0000] {processor.py:914} INFO - Processing file /home/airflow/.local/lib/python3.12/site-packages/airflow/example_dags/example_external_task_marker_dag.py for tasks to queue
[2024-12-07T17:30:04.499+0000] {logging_mixin.py:190} INFO - [2024-12-07T17:30:04.499+0000] {dagbag.py:588} INFO - Filling up the DagBag from /home/airflow/.local/lib/python3.12/site-packages/airflow/example_dags/example_external_task_marker_dag.py
[2024-12-07T17:30:04.512+0000] {processor.py:925} INFO - DAG(s) 'example_external_task_marker_parent', 'example_external_task_marker_child' retrieved from /home/airflow/.local/lib/python3.12/site-packages/airflow/example_dags/example_external_task_marker_dag.py
[2024-12-07T17:30:04.551+0000] {logging_mixin.py:190} INFO - [2024-12-07T17:30:04.551+0000] {dag.py:3239} INFO - Sync 2 DAGs
[2024-12-07T17:30:04.573+0000] {logging_mixin.py:190} INFO - [2024-12-07T17:30:04.573+0000] {dag.py:4180} INFO - Setting next_dagrun for example_external_task_marker_child to None, run_after=None
[2024-12-07T17:30:04.581+0000] {logging_mixin.py:190} INFO - [2024-12-07T17:30:04.580+0000] {dag.py:4180} INFO - Setting next_dagrun for example_external_task_marker_parent to None, run_after=None
[2024-12-07T17:30:04.606+0000] {processor.py:208} INFO - Processing /home/airflow/.local/lib/python3.12/site-packages/airflow/example_dags/example_external_task_marker_dag.py took 0.122 seconds
[2024-12-07T17:30:34.685+0000] {processor.py:186} INFO - Started process (PID=4572) to work on /home/airflow/.local/lib/python3.12/site-packages/airflow/example_dags/example_external_task_marker_dag.py
[2024-12-07T17:30:34.687+0000] {processor.py:914} INFO - Processing file /home/airflow/.local/lib/python3.12/site-packages/airflow/example_dags/example_external_task_marker_dag.py for tasks to queue
[2024-12-07T17:30:34.694+0000] {logging_mixin.py:190} INFO - [2024-12-07T17:30:34.693+0000] {dagbag.py:588} INFO - Filling up the DagBag from /home/airflow/.local/lib/python3.12/site-packages/airflow/example_dags/example_external_task_marker_dag.py
[2024-12-07T17:30:34.709+0000] {processor.py:925} INFO - DAG(s) 'example_external_task_marker_parent', 'example_external_task_marker_child' retrieved from /home/airflow/.local/lib/python3.12/site-packages/airflow/example_dags/example_external_task_marker_dag.py
[2024-12-07T17:30:34.749+0000] {logging_mixin.py:190} INFO - [2024-12-07T17:30:34.748+0000] {dag.py:3239} INFO - Sync 2 DAGs
[2024-12-07T17:30:34.777+0000] {logging_mixin.py:190} INFO - [2024-12-07T17:30:34.777+0000] {dag.py:4180} INFO - Setting next_dagrun for example_external_task_marker_child to None, run_after=None
[2024-12-07T17:30:34.784+0000] {logging_mixin.py:190} INFO - [2024-12-07T17:30:34.784+0000] {dag.py:4180} INFO - Setting next_dagrun for example_external_task_marker_parent to None, run_after=None
[2024-12-07T17:30:34.820+0000] {processor.py:208} INFO - Processing /home/airflow/.local/lib/python3.12/site-packages/airflow/example_dags/example_external_task_marker_dag.py took 0.146 seconds
[2024-12-07T17:31:05.177+0000] {processor.py:186} INFO - Started process (PID=4862) to work on /home/airflow/.local/lib/python3.12/site-packages/airflow/example_dags/example_external_task_marker_dag.py
[2024-12-07T17:31:05.179+0000] {processor.py:914} INFO - Processing file /home/airflow/.local/lib/python3.12/site-packages/airflow/example_dags/example_external_task_marker_dag.py for tasks to queue
[2024-12-07T17:31:05.182+0000] {logging_mixin.py:190} INFO - [2024-12-07T17:31:05.182+0000] {dagbag.py:588} INFO - Filling up the DagBag from /home/airflow/.local/lib/python3.12/site-packages/airflow/example_dags/example_external_task_marker_dag.py
[2024-12-07T17:31:05.192+0000] {processor.py:925} INFO - DAG(s) 'example_external_task_marker_child', 'example_external_task_marker_parent' retrieved from /home/airflow/.local/lib/python3.12/site-packages/airflow/example_dags/example_external_task_marker_dag.py
[2024-12-07T17:31:05.220+0000] {logging_mixin.py:190} INFO - [2024-12-07T17:31:05.220+0000] {dag.py:3239} INFO - Sync 2 DAGs
[2024-12-07T17:31:05.238+0000] {logging_mixin.py:190} INFO - [2024-12-07T17:31:05.238+0000] {dag.py:4180} INFO - Setting next_dagrun for example_external_task_marker_child to None, run_after=None
[2024-12-07T17:31:05.243+0000] {logging_mixin.py:190} INFO - [2024-12-07T17:31:05.243+0000] {dag.py:4180} INFO - Setting next_dagrun for example_external_task_marker_parent to None, run_after=None
[2024-12-07T17:31:05.268+0000] {processor.py:208} INFO - Processing /home/airflow/.local/lib/python3.12/site-packages/airflow/example_dags/example_external_task_marker_dag.py took 0.098 seconds
[2024-12-07T17:31:36.048+0000] {processor.py:186} INFO - Started process (PID=5153) to work on /home/airflow/.local/lib/python3.12/site-packages/airflow/example_dags/example_external_task_marker_dag.py
[2024-12-07T17:31:36.050+0000] {processor.py:914} INFO - Processing file /home/airflow/.local/lib/python3.12/site-packages/airflow/example_dags/example_external_task_marker_dag.py for tasks to queue
[2024-12-07T17:31:36.054+0000] {logging_mixin.py:190} INFO - [2024-12-07T17:31:36.053+0000] {dagbag.py:588} INFO - Filling up the DagBag from /home/airflow/.local/lib/python3.12/site-packages/airflow/example_dags/example_external_task_marker_dag.py
[2024-12-07T17:31:36.071+0000] {processor.py:925} INFO - DAG(s) 'example_external_task_marker_parent', 'example_external_task_marker_child' retrieved from /home/airflow/.local/lib/python3.12/site-packages/airflow/example_dags/example_external_task_marker_dag.py
[2024-12-07T17:31:36.103+0000] {logging_mixin.py:190} INFO - [2024-12-07T17:31:36.102+0000] {dag.py:3239} INFO - Sync 2 DAGs
[2024-12-07T17:31:36.121+0000] {logging_mixin.py:190} INFO - [2024-12-07T17:31:36.121+0000] {dag.py:4180} INFO - Setting next_dagrun for example_external_task_marker_child to None, run_after=None
[2024-12-07T17:31:36.126+0000] {logging_mixin.py:190} INFO - [2024-12-07T17:31:36.126+0000] {dag.py:4180} INFO - Setting next_dagrun for example_external_task_marker_parent to None, run_after=None
[2024-12-07T17:31:36.149+0000] {processor.py:208} INFO - Processing /home/airflow/.local/lib/python3.12/site-packages/airflow/example_dags/example_external_task_marker_dag.py took 0.111 seconds
[2024-12-07T17:32:06.450+0000] {processor.py:186} INFO - Started process (PID=5444) to work on /home/airflow/.local/lib/python3.12/site-packages/airflow/example_dags/example_external_task_marker_dag.py
[2024-12-07T17:32:06.452+0000] {processor.py:914} INFO - Processing file /home/airflow/.local/lib/python3.12/site-packages/airflow/example_dags/example_external_task_marker_dag.py for tasks to queue
[2024-12-07T17:32:06.456+0000] {logging_mixin.py:190} INFO - [2024-12-07T17:32:06.456+0000] {dagbag.py:588} INFO - Filling up the DagBag from /home/airflow/.local/lib/python3.12/site-packages/airflow/example_dags/example_external_task_marker_dag.py
[2024-12-07T17:32:06.467+0000] {processor.py:925} INFO - DAG(s) 'example_external_task_marker_parent', 'example_external_task_marker_child' retrieved from /home/airflow/.local/lib/python3.12/site-packages/airflow/example_dags/example_external_task_marker_dag.py
[2024-12-07T17:32:06.503+0000] {logging_mixin.py:190} INFO - [2024-12-07T17:32:06.503+0000] {dag.py:3239} INFO - Sync 2 DAGs
[2024-12-07T17:32:06.524+0000] {logging_mixin.py:190} INFO - [2024-12-07T17:32:06.524+0000] {dag.py:4180} INFO - Setting next_dagrun for example_external_task_marker_child to None, run_after=None
[2024-12-07T17:32:06.529+0000] {logging_mixin.py:190} INFO - [2024-12-07T17:32:06.529+0000] {dag.py:4180} INFO - Setting next_dagrun for example_external_task_marker_parent to None, run_after=None
[2024-12-07T17:32:06.553+0000] {processor.py:208} INFO - Processing /home/airflow/.local/lib/python3.12/site-packages/airflow/example_dags/example_external_task_marker_dag.py took 0.115 seconds
[2024-12-07T17:32:37.065+0000] {processor.py:186} INFO - Started process (PID=5734) to work on /home/airflow/.local/lib/python3.12/site-packages/airflow/example_dags/example_external_task_marker_dag.py
[2024-12-07T17:32:37.067+0000] {processor.py:914} INFO - Processing file /home/airflow/.local/lib/python3.12/site-packages/airflow/example_dags/example_external_task_marker_dag.py for tasks to queue
[2024-12-07T17:32:37.070+0000] {logging_mixin.py:190} INFO - [2024-12-07T17:32:37.069+0000] {dagbag.py:588} INFO - Filling up the DagBag from /home/airflow/.local/lib/python3.12/site-packages/airflow/example_dags/example_external_task_marker_dag.py
[2024-12-07T17:32:37.080+0000] {processor.py:925} INFO - DAG(s) 'example_external_task_marker_child', 'example_external_task_marker_parent' retrieved from /home/airflow/.local/lib/python3.12/site-packages/airflow/example_dags/example_external_task_marker_dag.py
[2024-12-07T17:32:37.109+0000] {logging_mixin.py:190} INFO - [2024-12-07T17:32:37.109+0000] {dag.py:3239} INFO - Sync 2 DAGs
[2024-12-07T17:32:37.129+0000] {logging_mixin.py:190} INFO - [2024-12-07T17:32:37.129+0000] {dag.py:4180} INFO - Setting next_dagrun for example_external_task_marker_child to None, run_after=None
[2024-12-07T17:32:37.135+0000] {logging_mixin.py:190} INFO - [2024-12-07T17:32:37.135+0000] {dag.py:4180} INFO - Setting next_dagrun for example_external_task_marker_parent to None, run_after=None
[2024-12-07T17:32:37.160+0000] {processor.py:208} INFO - Processing /home/airflow/.local/lib/python3.12/site-packages/airflow/example_dags/example_external_task_marker_dag.py took 0.104 seconds
[2024-12-07T17:33:07.285+0000] {processor.py:186} INFO - Started process (PID=6024) to work on /home/airflow/.local/lib/python3.12/site-packages/airflow/example_dags/example_external_task_marker_dag.py
[2024-12-07T17:33:07.286+0000] {processor.py:914} INFO - Processing file /home/airflow/.local/lib/python3.12/site-packages/airflow/example_dags/example_external_task_marker_dag.py for tasks to queue
[2024-12-07T17:33:07.290+0000] {logging_mixin.py:190} INFO - [2024-12-07T17:33:07.290+0000] {dagbag.py:588} INFO - Filling up the DagBag from /home/airflow/.local/lib/python3.12/site-packages/airflow/example_dags/example_external_task_marker_dag.py
[2024-12-07T17:33:07.300+0000] {processor.py:925} INFO - DAG(s) 'example_external_task_marker_parent', 'example_external_task_marker_child' retrieved from /home/airflow/.local/lib/python3.12/site-packages/airflow/example_dags/example_external_task_marker_dag.py
[2024-12-07T17:33:07.328+0000] {logging_mixin.py:190} INFO - [2024-12-07T17:33:07.328+0000] {dag.py:3239} INFO - Sync 2 DAGs
[2024-12-07T17:33:07.348+0000] {logging_mixin.py:190} INFO - [2024-12-07T17:33:07.348+0000] {dag.py:4180} INFO - Setting next_dagrun for example_external_task_marker_child to None, run_after=None
[2024-12-07T17:33:07.353+0000] {logging_mixin.py:190} INFO - [2024-12-07T17:33:07.353+0000] {dag.py:4180} INFO - Setting next_dagrun for example_external_task_marker_parent to None, run_after=None
[2024-12-07T17:33:07.376+0000] {processor.py:208} INFO - Processing /home/airflow/.local/lib/python3.12/site-packages/airflow/example_dags/example_external_task_marker_dag.py took 0.099 seconds
[2024-12-07T17:33:37.610+0000] {processor.py:186} INFO - Started process (PID=6313) to work on /home/airflow/.local/lib/python3.12/site-packages/airflow/example_dags/example_external_task_marker_dag.py
[2024-12-07T17:33:37.612+0000] {processor.py:914} INFO - Processing file /home/airflow/.local/lib/python3.12/site-packages/airflow/example_dags/example_external_task_marker_dag.py for tasks to queue
[2024-12-07T17:33:37.616+0000] {logging_mixin.py:190} INFO - [2024-12-07T17:33:37.615+0000] {dagbag.py:588} INFO - Filling up the DagBag from /home/airflow/.local/lib/python3.12/site-packages/airflow/example_dags/example_external_task_marker_dag.py
[2024-12-07T17:33:37.630+0000] {processor.py:925} INFO - DAG(s) 'example_external_task_marker_parent', 'example_external_task_marker_child' retrieved from /home/airflow/.local/lib/python3.12/site-packages/airflow/example_dags/example_external_task_marker_dag.py
[2024-12-07T17:33:37.693+0000] {logging_mixin.py:190} INFO - [2024-12-07T17:33:37.693+0000] {dag.py:3239} INFO - Sync 2 DAGs
[2024-12-07T17:33:37.743+0000] {logging_mixin.py:190} INFO - [2024-12-07T17:33:37.743+0000] {dag.py:4180} INFO - Setting next_dagrun for example_external_task_marker_child to None, run_after=None
[2024-12-07T17:33:37.757+0000] {logging_mixin.py:190} INFO - [2024-12-07T17:33:37.756+0000] {dag.py:4180} INFO - Setting next_dagrun for example_external_task_marker_parent to None, run_after=None
[2024-12-07T17:33:37.810+0000] {processor.py:208} INFO - Processing /home/airflow/.local/lib/python3.12/site-packages/airflow/example_dags/example_external_task_marker_dag.py took 0.215 seconds
[2024-12-07T17:34:08.050+0000] {processor.py:186} INFO - Started process (PID=6601) to work on /home/airflow/.local/lib/python3.12/site-packages/airflow/example_dags/example_external_task_marker_dag.py
[2024-12-07T17:34:08.064+0000] {processor.py:914} INFO - Processing file /home/airflow/.local/lib/python3.12/site-packages/airflow/example_dags/example_external_task_marker_dag.py for tasks to queue
[2024-12-07T17:34:08.069+0000] {logging_mixin.py:190} INFO - [2024-12-07T17:34:08.069+0000] {dagbag.py:588} INFO - Filling up the DagBag from /home/airflow/.local/lib/python3.12/site-packages/airflow/example_dags/example_external_task_marker_dag.py
[2024-12-07T17:34:08.117+0000] {processor.py:925} INFO - DAG(s) 'example_external_task_marker_parent', 'example_external_task_marker_child' retrieved from /home/airflow/.local/lib/python3.12/site-packages/airflow/example_dags/example_external_task_marker_dag.py
[2024-12-07T17:34:08.221+0000] {logging_mixin.py:190} INFO - [2024-12-07T17:34:08.220+0000] {dag.py:3239} INFO - Sync 2 DAGs
[2024-12-07T17:34:08.272+0000] {logging_mixin.py:190} INFO - [2024-12-07T17:34:08.272+0000] {dag.py:4180} INFO - Setting next_dagrun for example_external_task_marker_child to None, run_after=None
[2024-12-07T17:34:08.292+0000] {logging_mixin.py:190} INFO - [2024-12-07T17:34:08.292+0000] {dag.py:4180} INFO - Setting next_dagrun for example_external_task_marker_parent to None, run_after=None
[2024-12-07T17:34:08.345+0000] {processor.py:208} INFO - Processing /home/airflow/.local/lib/python3.12/site-packages/airflow/example_dags/example_external_task_marker_dag.py took 0.328 seconds
[2024-12-07T17:34:38.895+0000] {processor.py:186} INFO - Started process (PID=6892) to work on /home/airflow/.local/lib/python3.12/site-packages/airflow/example_dags/example_external_task_marker_dag.py
[2024-12-07T17:34:38.897+0000] {processor.py:914} INFO - Processing file /home/airflow/.local/lib/python3.12/site-packages/airflow/example_dags/example_external_task_marker_dag.py for tasks to queue
[2024-12-07T17:34:38.900+0000] {logging_mixin.py:190} INFO - [2024-12-07T17:34:38.899+0000] {dagbag.py:588} INFO - Filling up the DagBag from /home/airflow/.local/lib/python3.12/site-packages/airflow/example_dags/example_external_task_marker_dag.py
[2024-12-07T17:34:38.910+0000] {processor.py:925} INFO - DAG(s) 'example_external_task_marker_parent', 'example_external_task_marker_child' retrieved from /home/airflow/.local/lib/python3.12/site-packages/airflow/example_dags/example_external_task_marker_dag.py
[2024-12-07T17:34:38.938+0000] {logging_mixin.py:190} INFO - [2024-12-07T17:34:38.938+0000] {dag.py:3239} INFO - Sync 2 DAGs
[2024-12-07T17:34:38.956+0000] {logging_mixin.py:190} INFO - [2024-12-07T17:34:38.956+0000] {dag.py:4180} INFO - Setting next_dagrun for example_external_task_marker_child to None, run_after=None
[2024-12-07T17:34:38.962+0000] {logging_mixin.py:190} INFO - [2024-12-07T17:34:38.961+0000] {dag.py:4180} INFO - Setting next_dagrun for example_external_task_marker_parent to None, run_after=None
[2024-12-07T17:34:38.987+0000] {processor.py:208} INFO - Processing /home/airflow/.local/lib/python3.12/site-packages/airflow/example_dags/example_external_task_marker_dag.py took 0.099 seconds
[2024-12-07T17:35:09.425+0000] {processor.py:186} INFO - Started process (PID=7183) to work on /home/airflow/.local/lib/python3.12/site-packages/airflow/example_dags/example_external_task_marker_dag.py
[2024-12-07T17:35:09.426+0000] {processor.py:914} INFO - Processing file /home/airflow/.local/lib/python3.12/site-packages/airflow/example_dags/example_external_task_marker_dag.py for tasks to queue
[2024-12-07T17:35:09.429+0000] {logging_mixin.py:190} INFO - [2024-12-07T17:35:09.429+0000] {dagbag.py:588} INFO - Filling up the DagBag from /home/airflow/.local/lib/python3.12/site-packages/airflow/example_dags/example_external_task_marker_dag.py
[2024-12-07T17:35:09.439+0000] {processor.py:925} INFO - DAG(s) 'example_external_task_marker_child', 'example_external_task_marker_parent' retrieved from /home/airflow/.local/lib/python3.12/site-packages/airflow/example_dags/example_external_task_marker_dag.py
[2024-12-07T17:35:09.468+0000] {logging_mixin.py:190} INFO - [2024-12-07T17:35:09.468+0000] {dag.py:3239} INFO - Sync 2 DAGs
[2024-12-07T17:35:09.488+0000] {logging_mixin.py:190} INFO - [2024-12-07T17:35:09.487+0000] {dag.py:4180} INFO - Setting next_dagrun for example_external_task_marker_child to None, run_after=None
[2024-12-07T17:35:09.492+0000] {logging_mixin.py:190} INFO - [2024-12-07T17:35:09.492+0000] {dag.py:4180} INFO - Setting next_dagrun for example_external_task_marker_parent to None, run_after=None
[2024-12-07T17:35:09.518+0000] {processor.py:208} INFO - Processing /home/airflow/.local/lib/python3.12/site-packages/airflow/example_dags/example_external_task_marker_dag.py took 0.101 seconds
[2024-12-07T17:35:40.134+0000] {processor.py:186} INFO - Started process (PID=7472) to work on /home/airflow/.local/lib/python3.12/site-packages/airflow/example_dags/example_external_task_marker_dag.py
[2024-12-07T17:35:40.139+0000] {processor.py:914} INFO - Processing file /home/airflow/.local/lib/python3.12/site-packages/airflow/example_dags/example_external_task_marker_dag.py for tasks to queue
[2024-12-07T17:35:40.143+0000] {logging_mixin.py:190} INFO - [2024-12-07T17:35:40.143+0000] {dagbag.py:588} INFO - Filling up the DagBag from /home/airflow/.local/lib/python3.12/site-packages/airflow/example_dags/example_external_task_marker_dag.py
[2024-12-07T17:35:40.173+0000] {processor.py:925} INFO - DAG(s) 'example_external_task_marker_parent', 'example_external_task_marker_child' retrieved from /home/airflow/.local/lib/python3.12/site-packages/airflow/example_dags/example_external_task_marker_dag.py
[2024-12-07T17:35:40.218+0000] {logging_mixin.py:190} INFO - [2024-12-07T17:35:40.217+0000] {dag.py:3239} INFO - Sync 2 DAGs
[2024-12-07T17:35:40.250+0000] {logging_mixin.py:190} INFO - [2024-12-07T17:35:40.250+0000] {dag.py:4180} INFO - Setting next_dagrun for example_external_task_marker_child to None, run_after=None
[2024-12-07T17:35:40.260+0000] {logging_mixin.py:190} INFO - [2024-12-07T17:35:40.259+0000] {dag.py:4180} INFO - Setting next_dagrun for example_external_task_marker_parent to None, run_after=None
[2024-12-07T17:35:40.347+0000] {processor.py:208} INFO - Processing /home/airflow/.local/lib/python3.12/site-packages/airflow/example_dags/example_external_task_marker_dag.py took 0.223 seconds
[2024-12-07T17:36:10.748+0000] {processor.py:186} INFO - Started process (PID=7760) to work on /home/airflow/.local/lib/python3.12/site-packages/airflow/example_dags/example_external_task_marker_dag.py
[2024-12-07T17:36:10.750+0000] {processor.py:914} INFO - Processing file /home/airflow/.local/lib/python3.12/site-packages/airflow/example_dags/example_external_task_marker_dag.py for tasks to queue
[2024-12-07T17:36:10.756+0000] {logging_mixin.py:190} INFO - [2024-12-07T17:36:10.754+0000] {dagbag.py:588} INFO - Filling up the DagBag from /home/airflow/.local/lib/python3.12/site-packages/airflow/example_dags/example_external_task_marker_dag.py
[2024-12-07T17:36:10.774+0000] {processor.py:925} INFO - DAG(s) 'example_external_task_marker_parent', 'example_external_task_marker_child' retrieved from /home/airflow/.local/lib/python3.12/site-packages/airflow/example_dags/example_external_task_marker_dag.py
[2024-12-07T17:36:10.824+0000] {logging_mixin.py:190} INFO - [2024-12-07T17:36:10.824+0000] {dag.py:3239} INFO - Sync 2 DAGs
[2024-12-07T17:36:10.858+0000] {logging_mixin.py:190} INFO - [2024-12-07T17:36:10.858+0000] {dag.py:4180} INFO - Setting next_dagrun for example_external_task_marker_child to None, run_after=None
[2024-12-07T17:36:10.866+0000] {logging_mixin.py:190} INFO - [2024-12-07T17:36:10.865+0000] {dag.py:4180} INFO - Setting next_dagrun for example_external_task_marker_parent to None, run_after=None
[2024-12-07T17:36:11.227+0000] {processor.py:208} INFO - Processing /home/airflow/.local/lib/python3.12/site-packages/airflow/example_dags/example_external_task_marker_dag.py took 0.492 seconds
[2024-12-07T17:36:46.682+0000] {processor.py:186} INFO - Started process (PID=8052) to work on /home/airflow/.local/lib/python3.12/site-packages/airflow/example_dags/example_external_task_marker_dag.py
[2024-12-07T17:36:46.690+0000] {processor.py:914} INFO - Processing file /home/airflow/.local/lib/python3.12/site-packages/airflow/example_dags/example_external_task_marker_dag.py for tasks to queue
[2024-12-07T17:36:46.706+0000] {logging_mixin.py:190} INFO - [2024-12-07T17:36:46.706+0000] {dagbag.py:588} INFO - Filling up the DagBag from /home/airflow/.local/lib/python3.12/site-packages/airflow/example_dags/example_external_task_marker_dag.py
[2024-12-07T17:36:46.751+0000] {processor.py:925} INFO - DAG(s) 'example_external_task_marker_child', 'example_external_task_marker_parent' retrieved from /home/airflow/.local/lib/python3.12/site-packages/airflow/example_dags/example_external_task_marker_dag.py
[2024-12-07T17:36:46.913+0000] {logging_mixin.py:190} INFO - [2024-12-07T17:36:46.912+0000] {dag.py:3239} INFO - Sync 2 DAGs
[2024-12-07T17:36:47.019+0000] {logging_mixin.py:190} INFO - [2024-12-07T17:36:47.019+0000] {dag.py:4180} INFO - Setting next_dagrun for example_external_task_marker_child to None, run_after=None
[2024-12-07T17:36:47.040+0000] {logging_mixin.py:190} INFO - [2024-12-07T17:36:47.039+0000] {dag.py:4180} INFO - Setting next_dagrun for example_external_task_marker_parent to None, run_after=None
[2024-12-07T17:36:47.128+0000] {processor.py:208} INFO - Processing /home/airflow/.local/lib/python3.12/site-packages/airflow/example_dags/example_external_task_marker_dag.py took 0.465 seconds
[2024-12-07T17:37:17.956+0000] {processor.py:186} INFO - Started process (PID=8342) to work on /home/airflow/.local/lib/python3.12/site-packages/airflow/example_dags/example_external_task_marker_dag.py
[2024-12-07T17:37:17.959+0000] {processor.py:914} INFO - Processing file /home/airflow/.local/lib/python3.12/site-packages/airflow/example_dags/example_external_task_marker_dag.py for tasks to queue
[2024-12-07T17:37:17.964+0000] {logging_mixin.py:190} INFO - [2024-12-07T17:37:17.963+0000] {dagbag.py:588} INFO - Filling up the DagBag from /home/airflow/.local/lib/python3.12/site-packages/airflow/example_dags/example_external_task_marker_dag.py
[2024-12-07T17:37:17.984+0000] {processor.py:925} INFO - DAG(s) 'example_external_task_marker_child', 'example_external_task_marker_parent' retrieved from /home/airflow/.local/lib/python3.12/site-packages/airflow/example_dags/example_external_task_marker_dag.py
[2024-12-07T17:37:18.074+0000] {logging_mixin.py:190} INFO - [2024-12-07T17:37:18.073+0000] {dag.py:3239} INFO - Sync 2 DAGs
[2024-12-07T17:37:18.121+0000] {logging_mixin.py:190} INFO - [2024-12-07T17:37:18.121+0000] {dag.py:4180} INFO - Setting next_dagrun for example_external_task_marker_child to None, run_after=None
[2024-12-07T17:37:18.131+0000] {logging_mixin.py:190} INFO - [2024-12-07T17:37:18.131+0000] {dag.py:4180} INFO - Setting next_dagrun for example_external_task_marker_parent to None, run_after=None
[2024-12-07T17:37:18.184+0000] {processor.py:208} INFO - Processing /home/airflow/.local/lib/python3.12/site-packages/airflow/example_dags/example_external_task_marker_dag.py took 0.251 seconds
[2024-12-07T17:37:48.288+0000] {processor.py:186} INFO - Started process (PID=8615) to work on /home/airflow/.local/lib/python3.12/site-packages/airflow/example_dags/example_external_task_marker_dag.py
[2024-12-07T17:37:48.289+0000] {processor.py:914} INFO - Processing file /home/airflow/.local/lib/python3.12/site-packages/airflow/example_dags/example_external_task_marker_dag.py for tasks to queue
[2024-12-07T17:37:48.293+0000] {logging_mixin.py:190} INFO - [2024-12-07T17:37:48.292+0000] {dagbag.py:588} INFO - Filling up the DagBag from /home/airflow/.local/lib/python3.12/site-packages/airflow/example_dags/example_external_task_marker_dag.py
[2024-12-07T17:37:48.308+0000] {processor.py:925} INFO - DAG(s) 'example_external_task_marker_parent', 'example_external_task_marker_child' retrieved from /home/airflow/.local/lib/python3.12/site-packages/airflow/example_dags/example_external_task_marker_dag.py
[2024-12-07T17:37:48.352+0000] {logging_mixin.py:190} INFO - [2024-12-07T17:37:48.352+0000] {dag.py:3239} INFO - Sync 2 DAGs
[2024-12-07T17:37:48.379+0000] {logging_mixin.py:190} INFO - [2024-12-07T17:37:48.378+0000] {dag.py:4180} INFO - Setting next_dagrun for example_external_task_marker_child to None, run_after=None
[2024-12-07T17:37:48.386+0000] {logging_mixin.py:190} INFO - [2024-12-07T17:37:48.385+0000] {dag.py:4180} INFO - Setting next_dagrun for example_external_task_marker_parent to None, run_after=None
[2024-12-07T17:37:48.426+0000] {processor.py:208} INFO - Processing /home/airflow/.local/lib/python3.12/site-packages/airflow/example_dags/example_external_task_marker_dag.py took 0.149 seconds
[2024-12-07T17:38:18.794+0000] {processor.py:186} INFO - Started process (PID=8906) to work on /home/airflow/.local/lib/python3.12/site-packages/airflow/example_dags/example_external_task_marker_dag.py
[2024-12-07T17:38:18.797+0000] {processor.py:914} INFO - Processing file /home/airflow/.local/lib/python3.12/site-packages/airflow/example_dags/example_external_task_marker_dag.py for tasks to queue
[2024-12-07T17:38:18.806+0000] {logging_mixin.py:190} INFO - [2024-12-07T17:38:18.804+0000] {dagbag.py:588} INFO - Filling up the DagBag from /home/airflow/.local/lib/python3.12/site-packages/airflow/example_dags/example_external_task_marker_dag.py
[2024-12-07T17:38:18.829+0000] {processor.py:925} INFO - DAG(s) 'example_external_task_marker_parent', 'example_external_task_marker_child' retrieved from /home/airflow/.local/lib/python3.12/site-packages/airflow/example_dags/example_external_task_marker_dag.py
[2024-12-07T17:38:18.887+0000] {logging_mixin.py:190} INFO - [2024-12-07T17:38:18.886+0000] {dag.py:3239} INFO - Sync 2 DAGs
[2024-12-07T17:38:18.921+0000] {logging_mixin.py:190} INFO - [2024-12-07T17:38:18.920+0000] {dag.py:4180} INFO - Setting next_dagrun for example_external_task_marker_child to None, run_after=None
[2024-12-07T17:38:18.928+0000] {logging_mixin.py:190} INFO - [2024-12-07T17:38:18.928+0000] {dag.py:4180} INFO - Setting next_dagrun for example_external_task_marker_parent to None, run_after=None
[2024-12-07T17:38:19.353+0000] {processor.py:208} INFO - Processing /home/airflow/.local/lib/python3.12/site-packages/airflow/example_dags/example_external_task_marker_dag.py took 0.571 seconds
[2024-12-07T17:38:49.805+0000] {processor.py:186} INFO - Started process (PID=9212) to work on /home/airflow/.local/lib/python3.12/site-packages/airflow/example_dags/example_external_task_marker_dag.py
[2024-12-07T17:38:49.807+0000] {processor.py:914} INFO - Processing file /home/airflow/.local/lib/python3.12/site-packages/airflow/example_dags/example_external_task_marker_dag.py for tasks to queue
[2024-12-07T17:38:49.811+0000] {logging_mixin.py:190} INFO - [2024-12-07T17:38:49.810+0000] {dagbag.py:588} INFO - Filling up the DagBag from /home/airflow/.local/lib/python3.12/site-packages/airflow/example_dags/example_external_task_marker_dag.py
[2024-12-07T17:38:49.824+0000] {processor.py:925} INFO - DAG(s) 'example_external_task_marker_parent', 'example_external_task_marker_child' retrieved from /home/airflow/.local/lib/python3.12/site-packages/airflow/example_dags/example_external_task_marker_dag.py
[2024-12-07T17:38:49.862+0000] {logging_mixin.py:190} INFO - [2024-12-07T17:38:49.862+0000] {dag.py:3239} INFO - Sync 2 DAGs
[2024-12-07T17:38:49.885+0000] {logging_mixin.py:190} INFO - [2024-12-07T17:38:49.885+0000] {dag.py:4180} INFO - Setting next_dagrun for example_external_task_marker_child to None, run_after=None
[2024-12-07T17:38:49.890+0000] {logging_mixin.py:190} INFO - [2024-12-07T17:38:49.890+0000] {dag.py:4180} INFO - Setting next_dagrun for example_external_task_marker_parent to None, run_after=None
[2024-12-07T17:38:50.543+0000] {processor.py:208} INFO - Processing /home/airflow/.local/lib/python3.12/site-packages/airflow/example_dags/example_external_task_marker_dag.py took 0.750 seconds
[2024-12-07T17:39:20.614+0000] {processor.py:186} INFO - Started process (PID=9501) to work on /home/airflow/.local/lib/python3.12/site-packages/airflow/example_dags/example_external_task_marker_dag.py
[2024-12-07T17:39:20.615+0000] {processor.py:914} INFO - Processing file /home/airflow/.local/lib/python3.12/site-packages/airflow/example_dags/example_external_task_marker_dag.py for tasks to queue
[2024-12-07T17:39:20.620+0000] {logging_mixin.py:190} INFO - [2024-12-07T17:39:20.619+0000] {dagbag.py:588} INFO - Filling up the DagBag from /home/airflow/.local/lib/python3.12/site-packages/airflow/example_dags/example_external_task_marker_dag.py
[2024-12-07T17:39:20.635+0000] {processor.py:925} INFO - DAG(s) 'example_external_task_marker_child', 'example_external_task_marker_parent' retrieved from /home/airflow/.local/lib/python3.12/site-packages/airflow/example_dags/example_external_task_marker_dag.py
[2024-12-07T17:39:20.685+0000] {logging_mixin.py:190} INFO - [2024-12-07T17:39:20.684+0000] {dag.py:3239} INFO - Sync 2 DAGs
[2024-12-07T17:39:20.723+0000] {logging_mixin.py:190} INFO - [2024-12-07T17:39:20.722+0000] {dag.py:4180} INFO - Setting next_dagrun for example_external_task_marker_child to None, run_after=None
[2024-12-07T17:39:20.730+0000] {logging_mixin.py:190} INFO - [2024-12-07T17:39:20.729+0000] {dag.py:4180} INFO - Setting next_dagrun for example_external_task_marker_parent to None, run_after=None
[2024-12-07T17:39:20.766+0000] {processor.py:208} INFO - Processing /home/airflow/.local/lib/python3.12/site-packages/airflow/example_dags/example_external_task_marker_dag.py took 0.166 seconds
[2024-12-07T17:39:51.438+0000] {processor.py:186} INFO - Started process (PID=9788) to work on /home/airflow/.local/lib/python3.12/site-packages/airflow/example_dags/example_external_task_marker_dag.py
[2024-12-07T17:39:51.441+0000] {processor.py:914} INFO - Processing file /home/airflow/.local/lib/python3.12/site-packages/airflow/example_dags/example_external_task_marker_dag.py for tasks to queue
[2024-12-07T17:39:51.446+0000] {logging_mixin.py:190} INFO - [2024-12-07T17:39:51.445+0000] {dagbag.py:588} INFO - Filling up the DagBag from /home/airflow/.local/lib/python3.12/site-packages/airflow/example_dags/example_external_task_marker_dag.py
[2024-12-07T17:39:51.470+0000] {processor.py:925} INFO - DAG(s) 'example_external_task_marker_parent', 'example_external_task_marker_child' retrieved from /home/airflow/.local/lib/python3.12/site-packages/airflow/example_dags/example_external_task_marker_dag.py
[2024-12-07T17:39:51.584+0000] {logging_mixin.py:190} INFO - [2024-12-07T17:39:51.583+0000] {dag.py:3239} INFO - Sync 2 DAGs
[2024-12-07T17:39:51.645+0000] {logging_mixin.py:190} INFO - [2024-12-07T17:39:51.645+0000] {dag.py:4180} INFO - Setting next_dagrun for example_external_task_marker_child to None, run_after=None
[2024-12-07T17:39:51.701+0000] {logging_mixin.py:190} INFO - [2024-12-07T17:39:51.700+0000] {dag.py:4180} INFO - Setting next_dagrun for example_external_task_marker_parent to None, run_after=None
[2024-12-07T17:39:51.822+0000] {processor.py:208} INFO - Processing /home/airflow/.local/lib/python3.12/site-packages/airflow/example_dags/example_external_task_marker_dag.py took 0.402 seconds
[2024-12-07T17:40:22.274+0000] {processor.py:186} INFO - Started process (PID=10077) to work on /home/airflow/.local/lib/python3.12/site-packages/airflow/example_dags/example_external_task_marker_dag.py
[2024-12-07T17:40:22.276+0000] {processor.py:914} INFO - Processing file /home/airflow/.local/lib/python3.12/site-packages/airflow/example_dags/example_external_task_marker_dag.py for tasks to queue
[2024-12-07T17:40:22.280+0000] {logging_mixin.py:190} INFO - [2024-12-07T17:40:22.280+0000] {dagbag.py:588} INFO - Filling up the DagBag from /home/airflow/.local/lib/python3.12/site-packages/airflow/example_dags/example_external_task_marker_dag.py
[2024-12-07T17:40:22.297+0000] {processor.py:925} INFO - DAG(s) 'example_external_task_marker_parent', 'example_external_task_marker_child' retrieved from /home/airflow/.local/lib/python3.12/site-packages/airflow/example_dags/example_external_task_marker_dag.py
[2024-12-07T17:40:22.351+0000] {logging_mixin.py:190} INFO - [2024-12-07T17:40:22.351+0000] {dag.py:3239} INFO - Sync 2 DAGs
[2024-12-07T17:40:22.386+0000] {logging_mixin.py:190} INFO - [2024-12-07T17:40:22.385+0000] {dag.py:4180} INFO - Setting next_dagrun for example_external_task_marker_child to None, run_after=None
[2024-12-07T17:40:22.394+0000] {logging_mixin.py:190} INFO - [2024-12-07T17:40:22.394+0000] {dag.py:4180} INFO - Setting next_dagrun for example_external_task_marker_parent to None, run_after=None
[2024-12-07T17:40:22.427+0000] {processor.py:208} INFO - Processing /home/airflow/.local/lib/python3.12/site-packages/airflow/example_dags/example_external_task_marker_dag.py took 0.170 seconds
[2024-12-07T17:40:53.387+0000] {processor.py:186} INFO - Started process (PID=10368) to work on /home/airflow/.local/lib/python3.12/site-packages/airflow/example_dags/example_external_task_marker_dag.py
[2024-12-07T17:40:53.389+0000] {processor.py:914} INFO - Processing file /home/airflow/.local/lib/python3.12/site-packages/airflow/example_dags/example_external_task_marker_dag.py for tasks to queue
[2024-12-07T17:40:53.392+0000] {logging_mixin.py:190} INFO - [2024-12-07T17:40:53.391+0000] {dagbag.py:588} INFO - Filling up the DagBag from /home/airflow/.local/lib/python3.12/site-packages/airflow/example_dags/example_external_task_marker_dag.py
[2024-12-07T17:40:53.402+0000] {processor.py:925} INFO - DAG(s) 'example_external_task_marker_child', 'example_external_task_marker_parent' retrieved from /home/airflow/.local/lib/python3.12/site-packages/airflow/example_dags/example_external_task_marker_dag.py
[2024-12-07T17:40:53.436+0000] {logging_mixin.py:190} INFO - [2024-12-07T17:40:53.435+0000] {dag.py:3239} INFO - Sync 2 DAGs
[2024-12-07T17:40:53.459+0000] {logging_mixin.py:190} INFO - [2024-12-07T17:40:53.459+0000] {dag.py:4180} INFO - Setting next_dagrun for example_external_task_marker_child to None, run_after=None
[2024-12-07T17:40:53.464+0000] {logging_mixin.py:190} INFO - [2024-12-07T17:40:53.464+0000] {dag.py:4180} INFO - Setting next_dagrun for example_external_task_marker_parent to None, run_after=None
[2024-12-07T17:40:53.487+0000] {processor.py:208} INFO - Processing /home/airflow/.local/lib/python3.12/site-packages/airflow/example_dags/example_external_task_marker_dag.py took 0.111 seconds
[2024-12-07T17:41:24.012+0000] {processor.py:186} INFO - Started process (PID=10660) to work on /home/airflow/.local/lib/python3.12/site-packages/airflow/example_dags/example_external_task_marker_dag.py
[2024-12-07T17:41:24.014+0000] {processor.py:914} INFO - Processing file /home/airflow/.local/lib/python3.12/site-packages/airflow/example_dags/example_external_task_marker_dag.py for tasks to queue
[2024-12-07T17:41:24.017+0000] {logging_mixin.py:190} INFO - [2024-12-07T17:41:24.017+0000] {dagbag.py:588} INFO - Filling up the DagBag from /home/airflow/.local/lib/python3.12/site-packages/airflow/example_dags/example_external_task_marker_dag.py
[2024-12-07T17:41:24.028+0000] {processor.py:925} INFO - DAG(s) 'example_external_task_marker_child', 'example_external_task_marker_parent' retrieved from /home/airflow/.local/lib/python3.12/site-packages/airflow/example_dags/example_external_task_marker_dag.py
[2024-12-07T17:41:24.066+0000] {logging_mixin.py:190} INFO - [2024-12-07T17:41:24.066+0000] {dag.py:3239} INFO - Sync 2 DAGs
[2024-12-07T17:41:24.092+0000] {logging_mixin.py:190} INFO - [2024-12-07T17:41:24.092+0000] {dag.py:4180} INFO - Setting next_dagrun for example_external_task_marker_child to None, run_after=None
[2024-12-07T17:41:24.099+0000] {logging_mixin.py:190} INFO - [2024-12-07T17:41:24.098+0000] {dag.py:4180} INFO - Setting next_dagrun for example_external_task_marker_parent to None, run_after=None
[2024-12-07T17:41:24.125+0000] {processor.py:208} INFO - Processing /home/airflow/.local/lib/python3.12/site-packages/airflow/example_dags/example_external_task_marker_dag.py took 0.120 seconds
[2024-12-07T17:41:54.210+0000] {processor.py:186} INFO - Started process (PID=10952) to work on /home/airflow/.local/lib/python3.12/site-packages/airflow/example_dags/example_external_task_marker_dag.py
[2024-12-07T17:41:54.211+0000] {processor.py:914} INFO - Processing file /home/airflow/.local/lib/python3.12/site-packages/airflow/example_dags/example_external_task_marker_dag.py for tasks to queue
[2024-12-07T17:41:54.216+0000] {logging_mixin.py:190} INFO - [2024-12-07T17:41:54.216+0000] {dagbag.py:588} INFO - Filling up the DagBag from /home/airflow/.local/lib/python3.12/site-packages/airflow/example_dags/example_external_task_marker_dag.py
[2024-12-07T17:41:54.230+0000] {processor.py:925} INFO - DAG(s) 'example_external_task_marker_parent', 'example_external_task_marker_child' retrieved from /home/airflow/.local/lib/python3.12/site-packages/airflow/example_dags/example_external_task_marker_dag.py
[2024-12-07T17:41:54.273+0000] {logging_mixin.py:190} INFO - [2024-12-07T17:41:54.273+0000] {dag.py:3239} INFO - Sync 2 DAGs
[2024-12-07T17:41:54.293+0000] {logging_mixin.py:190} INFO - [2024-12-07T17:41:54.293+0000] {dag.py:4180} INFO - Setting next_dagrun for example_external_task_marker_child to None, run_after=None
[2024-12-07T17:41:54.299+0000] {logging_mixin.py:190} INFO - [2024-12-07T17:41:54.299+0000] {dag.py:4180} INFO - Setting next_dagrun for example_external_task_marker_parent to None, run_after=None
[2024-12-07T17:41:54.324+0000] {processor.py:208} INFO - Processing /home/airflow/.local/lib/python3.12/site-packages/airflow/example_dags/example_external_task_marker_dag.py took 0.124 seconds
[2024-12-07T17:42:24.758+0000] {processor.py:186} INFO - Started process (PID=11241) to work on /home/airflow/.local/lib/python3.12/site-packages/airflow/example_dags/example_external_task_marker_dag.py
[2024-12-07T17:42:24.765+0000] {processor.py:914} INFO - Processing file /home/airflow/.local/lib/python3.12/site-packages/airflow/example_dags/example_external_task_marker_dag.py for tasks to queue
[2024-12-07T17:42:24.770+0000] {logging_mixin.py:190} INFO - [2024-12-07T17:42:24.769+0000] {dagbag.py:588} INFO - Filling up the DagBag from /home/airflow/.local/lib/python3.12/site-packages/airflow/example_dags/example_external_task_marker_dag.py
[2024-12-07T17:42:24.787+0000] {processor.py:925} INFO - DAG(s) 'example_external_task_marker_parent', 'example_external_task_marker_child' retrieved from /home/airflow/.local/lib/python3.12/site-packages/airflow/example_dags/example_external_task_marker_dag.py
[2024-12-07T17:42:24.923+0000] {logging_mixin.py:190} INFO - [2024-12-07T17:42:24.923+0000] {dag.py:3239} INFO - Sync 2 DAGs
[2024-12-07T17:42:25.019+0000] {logging_mixin.py:190} INFO - [2024-12-07T17:42:25.019+0000] {dag.py:4180} INFO - Setting next_dagrun for example_external_task_marker_child to None, run_after=None
[2024-12-07T17:42:25.050+0000] {logging_mixin.py:190} INFO - [2024-12-07T17:42:25.050+0000] {dag.py:4180} INFO - Setting next_dagrun for example_external_task_marker_parent to None, run_after=None
[2024-12-07T17:42:25.152+0000] {processor.py:208} INFO - Processing /home/airflow/.local/lib/python3.12/site-packages/airflow/example_dags/example_external_task_marker_dag.py took 0.412 seconds
[2024-12-07T17:42:55.327+0000] {processor.py:186} INFO - Started process (PID=11530) to work on /home/airflow/.local/lib/python3.12/site-packages/airflow/example_dags/example_external_task_marker_dag.py
[2024-12-07T17:42:55.328+0000] {processor.py:914} INFO - Processing file /home/airflow/.local/lib/python3.12/site-packages/airflow/example_dags/example_external_task_marker_dag.py for tasks to queue
[2024-12-07T17:42:55.332+0000] {logging_mixin.py:190} INFO - [2024-12-07T17:42:55.331+0000] {dagbag.py:588} INFO - Filling up the DagBag from /home/airflow/.local/lib/python3.12/site-packages/airflow/example_dags/example_external_task_marker_dag.py
[2024-12-07T17:42:55.345+0000] {processor.py:925} INFO - DAG(s) 'example_external_task_marker_parent', 'example_external_task_marker_child' retrieved from /home/airflow/.local/lib/python3.12/site-packages/airflow/example_dags/example_external_task_marker_dag.py
[2024-12-07T17:42:55.386+0000] {logging_mixin.py:190} INFO - [2024-12-07T17:42:55.385+0000] {dag.py:3239} INFO - Sync 2 DAGs
[2024-12-07T17:42:55.419+0000] {logging_mixin.py:190} INFO - [2024-12-07T17:42:55.419+0000] {dag.py:4180} INFO - Setting next_dagrun for example_external_task_marker_child to None, run_after=None
[2024-12-07T17:42:55.429+0000] {logging_mixin.py:190} INFO - [2024-12-07T17:42:55.428+0000] {dag.py:4180} INFO - Setting next_dagrun for example_external_task_marker_parent to None, run_after=None
[2024-12-07T17:42:55.474+0000] {processor.py:208} INFO - Processing /home/airflow/.local/lib/python3.12/site-packages/airflow/example_dags/example_external_task_marker_dag.py took 0.161 seconds
[2024-12-07T17:43:26.127+0000] {processor.py:186} INFO - Started process (PID=11821) to work on /home/airflow/.local/lib/python3.12/site-packages/airflow/example_dags/example_external_task_marker_dag.py
[2024-12-07T17:43:26.128+0000] {processor.py:914} INFO - Processing file /home/airflow/.local/lib/python3.12/site-packages/airflow/example_dags/example_external_task_marker_dag.py for tasks to queue
[2024-12-07T17:43:26.132+0000] {logging_mixin.py:190} INFO - [2024-12-07T17:43:26.131+0000] {dagbag.py:588} INFO - Filling up the DagBag from /home/airflow/.local/lib/python3.12/site-packages/airflow/example_dags/example_external_task_marker_dag.py
[2024-12-07T17:43:26.154+0000] {processor.py:925} INFO - DAG(s) 'example_external_task_marker_parent', 'example_external_task_marker_child' retrieved from /home/airflow/.local/lib/python3.12/site-packages/airflow/example_dags/example_external_task_marker_dag.py
[2024-12-07T17:43:26.258+0000] {logging_mixin.py:190} INFO - [2024-12-07T17:43:26.257+0000] {dag.py:3239} INFO - Sync 2 DAGs
[2024-12-07T17:43:26.310+0000] {logging_mixin.py:190} INFO - [2024-12-07T17:43:26.309+0000] {dag.py:4180} INFO - Setting next_dagrun for example_external_task_marker_child to None, run_after=None
[2024-12-07T17:43:26.317+0000] {logging_mixin.py:190} INFO - [2024-12-07T17:43:26.317+0000] {dag.py:4180} INFO - Setting next_dagrun for example_external_task_marker_parent to None, run_after=None
[2024-12-07T17:43:26.389+0000] {processor.py:208} INFO - Processing /home/airflow/.local/lib/python3.12/site-packages/airflow/example_dags/example_external_task_marker_dag.py took 0.271 seconds
