[2024-12-07T17:22:45.211+0000] {processor.py:186} INFO - Started process (PID=350) to work on /home/airflow/.local/lib/python3.12/site-packages/airflow/example_dags/example_setup_teardown.py
[2024-12-07T17:22:45.212+0000] {processor.py:914} INFO - Processing file /home/airflow/.local/lib/python3.12/site-packages/airflow/example_dags/example_setup_teardown.py for tasks to queue
[2024-12-07T17:22:45.216+0000] {logging_mixin.py:190} INFO - [2024-12-07T17:22:45.215+0000] {dagbag.py:588} INFO - Filling up the DagBag from /home/airflow/.local/lib/python3.12/site-packages/airflow/example_dags/example_setup_teardown.py
[2024-12-07T17:22:45.229+0000] {processor.py:925} INFO - DAG(s) 'example_setup_teardown' retrieved from /home/airflow/.local/lib/python3.12/site-packages/airflow/example_dags/example_setup_teardown.py
[2024-12-07T17:22:45.564+0000] {logging_mixin.py:190} INFO - [2024-12-07T17:22:45.561+0000] {override.py:1911} INFO - Created Permission View: can delete on DAG:example_setup_teardown
[2024-12-07T17:22:45.610+0000] {logging_mixin.py:190} INFO - [2024-12-07T17:22:45.609+0000] {override.py:1911} INFO - Created Permission View: can read on DAG:example_setup_teardown
[2024-12-07T17:22:45.637+0000] {logging_mixin.py:190} INFO - [2024-12-07T17:22:45.636+0000] {override.py:1911} INFO - Created Permission View: can edit on DAG:example_setup_teardown
[2024-12-07T17:22:45.658+0000] {logging_mixin.py:190} INFO - [2024-12-07T17:22:45.657+0000] {override.py:1911} INFO - Created Permission View: menu access on DAG Run:example_setup_teardown
[2024-12-07T17:22:45.683+0000] {logging_mixin.py:190} INFO - [2024-12-07T17:22:45.682+0000] {override.py:1911} INFO - Created Permission View: can delete on DAG Run:example_setup_teardown
[2024-12-07T17:22:45.707+0000] {logging_mixin.py:190} INFO - [2024-12-07T17:22:45.706+0000] {override.py:1911} INFO - Created Permission View: can read on DAG Run:example_setup_teardown
[2024-12-07T17:22:45.723+0000] {logging_mixin.py:190} INFO - [2024-12-07T17:22:45.722+0000] {override.py:1911} INFO - Created Permission View: can create on DAG Run:example_setup_teardown
[2024-12-07T17:22:45.724+0000] {logging_mixin.py:190} INFO - [2024-12-07T17:22:45.724+0000] {dag.py:3239} INFO - Sync 1 DAGs
[2024-12-07T17:22:45.752+0000] {logging_mixin.py:190} INFO - [2024-12-07T17:22:45.752+0000] {dag.py:3262} INFO - Creating ORM DAG for example_setup_teardown
[2024-12-07T17:22:45.754+0000] {logging_mixin.py:190} INFO - [2024-12-07T17:22:45.754+0000] {dag.py:4180} INFO - Setting next_dagrun for example_setup_teardown to None, run_after=None
[2024-12-07T17:22:45.783+0000] {processor.py:208} INFO - Processing /home/airflow/.local/lib/python3.12/site-packages/airflow/example_dags/example_setup_teardown.py took 0.582 seconds
[2024-12-07T17:23:17.396+0000] {processor.py:186} INFO - Started process (PID=639) to work on /home/airflow/.local/lib/python3.12/site-packages/airflow/example_dags/example_setup_teardown.py
[2024-12-07T17:23:17.398+0000] {processor.py:914} INFO - Processing file /home/airflow/.local/lib/python3.12/site-packages/airflow/example_dags/example_setup_teardown.py for tasks to queue
[2024-12-07T17:23:17.402+0000] {logging_mixin.py:190} INFO - [2024-12-07T17:23:17.402+0000] {dagbag.py:588} INFO - Filling up the DagBag from /home/airflow/.local/lib/python3.12/site-packages/airflow/example_dags/example_setup_teardown.py
[2024-12-07T17:23:17.417+0000] {processor.py:925} INFO - DAG(s) 'example_setup_teardown' retrieved from /home/airflow/.local/lib/python3.12/site-packages/airflow/example_dags/example_setup_teardown.py
[2024-12-07T17:23:17.451+0000] {logging_mixin.py:190} INFO - [2024-12-07T17:23:17.451+0000] {dag.py:3239} INFO - Sync 1 DAGs
[2024-12-07T17:23:17.496+0000] {logging_mixin.py:190} INFO - [2024-12-07T17:23:17.495+0000] {dag.py:4180} INFO - Setting next_dagrun for example_setup_teardown to None, run_after=None
[2024-12-07T17:23:17.546+0000] {processor.py:208} INFO - Processing /home/airflow/.local/lib/python3.12/site-packages/airflow/example_dags/example_setup_teardown.py took 0.160 seconds
[2024-12-07T17:24:02.693+0000] {processor.py:186} INFO - Started process (PID=932) to work on /home/airflow/.local/lib/python3.12/site-packages/airflow/example_dags/example_setup_teardown.py
[2024-12-07T17:24:02.696+0000] {processor.py:914} INFO - Processing file /home/airflow/.local/lib/python3.12/site-packages/airflow/example_dags/example_setup_teardown.py for tasks to queue
[2024-12-07T17:24:02.710+0000] {logging_mixin.py:190} INFO - [2024-12-07T17:24:02.709+0000] {dagbag.py:588} INFO - Filling up the DagBag from /home/airflow/.local/lib/python3.12/site-packages/airflow/example_dags/example_setup_teardown.py
[2024-12-07T17:24:02.739+0000] {processor.py:925} INFO - DAG(s) 'example_setup_teardown' retrieved from /home/airflow/.local/lib/python3.12/site-packages/airflow/example_dags/example_setup_teardown.py
[2024-12-07T17:24:02.810+0000] {logging_mixin.py:190} INFO - [2024-12-07T17:24:02.809+0000] {dag.py:3239} INFO - Sync 1 DAGs
[2024-12-07T17:24:02.874+0000] {logging_mixin.py:190} INFO - [2024-12-07T17:24:02.874+0000] {dag.py:4180} INFO - Setting next_dagrun for example_setup_teardown to None, run_after=None
[2024-12-07T17:24:02.983+0000] {processor.py:208} INFO - Processing /home/airflow/.local/lib/python3.12/site-packages/airflow/example_dags/example_setup_teardown.py took 0.312 seconds
[2024-12-07T17:24:37.450+0000] {processor.py:186} INFO - Started process (PID=1221) to work on /home/airflow/.local/lib/python3.12/site-packages/airflow/example_dags/example_setup_teardown.py
[2024-12-07T17:24:37.453+0000] {processor.py:914} INFO - Processing file /home/airflow/.local/lib/python3.12/site-packages/airflow/example_dags/example_setup_teardown.py for tasks to queue
[2024-12-07T17:24:37.457+0000] {logging_mixin.py:190} INFO - [2024-12-07T17:24:37.457+0000] {dagbag.py:588} INFO - Filling up the DagBag from /home/airflow/.local/lib/python3.12/site-packages/airflow/example_dags/example_setup_teardown.py
[2024-12-07T17:24:37.471+0000] {processor.py:925} INFO - DAG(s) 'example_setup_teardown' retrieved from /home/airflow/.local/lib/python3.12/site-packages/airflow/example_dags/example_setup_teardown.py
[2024-12-07T17:24:37.529+0000] {logging_mixin.py:190} INFO - [2024-12-07T17:24:37.528+0000] {dag.py:3239} INFO - Sync 1 DAGs
[2024-12-07T17:24:37.582+0000] {logging_mixin.py:190} INFO - [2024-12-07T17:24:37.581+0000] {dag.py:4180} INFO - Setting next_dagrun for example_setup_teardown to None, run_after=None
[2024-12-07T17:24:37.655+0000] {processor.py:208} INFO - Processing /home/airflow/.local/lib/python3.12/site-packages/airflow/example_dags/example_setup_teardown.py took 0.217 seconds
[2024-12-07T17:25:08.467+0000] {processor.py:186} INFO - Started process (PID=1512) to work on /home/airflow/.local/lib/python3.12/site-packages/airflow/example_dags/example_setup_teardown.py
[2024-12-07T17:25:08.469+0000] {processor.py:914} INFO - Processing file /home/airflow/.local/lib/python3.12/site-packages/airflow/example_dags/example_setup_teardown.py for tasks to queue
[2024-12-07T17:25:08.489+0000] {logging_mixin.py:190} INFO - [2024-12-07T17:25:08.488+0000] {dagbag.py:588} INFO - Filling up the DagBag from /home/airflow/.local/lib/python3.12/site-packages/airflow/example_dags/example_setup_teardown.py
[2024-12-07T17:25:08.518+0000] {processor.py:925} INFO - DAG(s) 'example_setup_teardown' retrieved from /home/airflow/.local/lib/python3.12/site-packages/airflow/example_dags/example_setup_teardown.py
[2024-12-07T17:25:08.582+0000] {logging_mixin.py:190} INFO - [2024-12-07T17:25:08.581+0000] {dag.py:3239} INFO - Sync 1 DAGs
[2024-12-07T17:25:08.612+0000] {logging_mixin.py:190} INFO - [2024-12-07T17:25:08.612+0000] {dag.py:4180} INFO - Setting next_dagrun for example_setup_teardown to None, run_after=None
[2024-12-07T17:25:08.668+0000] {processor.py:208} INFO - Processing /home/airflow/.local/lib/python3.12/site-packages/airflow/example_dags/example_setup_teardown.py took 0.218 seconds
[2024-12-07T17:25:38.759+0000] {processor.py:186} INFO - Started process (PID=1799) to work on /home/airflow/.local/lib/python3.12/site-packages/airflow/example_dags/example_setup_teardown.py
[2024-12-07T17:25:38.761+0000] {processor.py:914} INFO - Processing file /home/airflow/.local/lib/python3.12/site-packages/airflow/example_dags/example_setup_teardown.py for tasks to queue
[2024-12-07T17:25:38.765+0000] {logging_mixin.py:190} INFO - [2024-12-07T17:25:38.765+0000] {dagbag.py:588} INFO - Filling up the DagBag from /home/airflow/.local/lib/python3.12/site-packages/airflow/example_dags/example_setup_teardown.py
[2024-12-07T17:25:38.783+0000] {processor.py:925} INFO - DAG(s) 'example_setup_teardown' retrieved from /home/airflow/.local/lib/python3.12/site-packages/airflow/example_dags/example_setup_teardown.py
[2024-12-07T17:25:38.822+0000] {logging_mixin.py:190} INFO - [2024-12-07T17:25:38.822+0000] {dag.py:3239} INFO - Sync 1 DAGs
[2024-12-07T17:25:38.845+0000] {logging_mixin.py:190} INFO - [2024-12-07T17:25:38.844+0000] {dag.py:4180} INFO - Setting next_dagrun for example_setup_teardown to None, run_after=None
[2024-12-07T17:25:38.876+0000] {processor.py:208} INFO - Processing /home/airflow/.local/lib/python3.12/site-packages/airflow/example_dags/example_setup_teardown.py took 0.128 seconds
[2024-12-07T17:26:09.878+0000] {processor.py:186} INFO - Started process (PID=2090) to work on /home/airflow/.local/lib/python3.12/site-packages/airflow/example_dags/example_setup_teardown.py
[2024-12-07T17:26:09.880+0000] {processor.py:914} INFO - Processing file /home/airflow/.local/lib/python3.12/site-packages/airflow/example_dags/example_setup_teardown.py for tasks to queue
[2024-12-07T17:26:09.885+0000] {logging_mixin.py:190} INFO - [2024-12-07T17:26:09.884+0000] {dagbag.py:588} INFO - Filling up the DagBag from /home/airflow/.local/lib/python3.12/site-packages/airflow/example_dags/example_setup_teardown.py
[2024-12-07T17:26:09.900+0000] {processor.py:925} INFO - DAG(s) 'example_setup_teardown' retrieved from /home/airflow/.local/lib/python3.12/site-packages/airflow/example_dags/example_setup_teardown.py
[2024-12-07T17:26:09.945+0000] {logging_mixin.py:190} INFO - [2024-12-07T17:26:09.945+0000] {dag.py:3239} INFO - Sync 1 DAGs
[2024-12-07T17:26:09.978+0000] {logging_mixin.py:190} INFO - [2024-12-07T17:26:09.977+0000] {dag.py:4180} INFO - Setting next_dagrun for example_setup_teardown to None, run_after=None
[2024-12-07T17:26:10.006+0000] {processor.py:208} INFO - Processing /home/airflow/.local/lib/python3.12/site-packages/airflow/example_dags/example_setup_teardown.py took 0.141 seconds
[2024-12-07T17:26:40.170+0000] {processor.py:186} INFO - Started process (PID=2375) to work on /home/airflow/.local/lib/python3.12/site-packages/airflow/example_dags/example_setup_teardown.py
[2024-12-07T17:26:40.172+0000] {processor.py:914} INFO - Processing file /home/airflow/.local/lib/python3.12/site-packages/airflow/example_dags/example_setup_teardown.py for tasks to queue
[2024-12-07T17:26:40.174+0000] {logging_mixin.py:190} INFO - [2024-12-07T17:26:40.174+0000] {dagbag.py:588} INFO - Filling up the DagBag from /home/airflow/.local/lib/python3.12/site-packages/airflow/example_dags/example_setup_teardown.py
[2024-12-07T17:26:40.185+0000] {processor.py:925} INFO - DAG(s) 'example_setup_teardown' retrieved from /home/airflow/.local/lib/python3.12/site-packages/airflow/example_dags/example_setup_teardown.py
[2024-12-07T17:26:40.215+0000] {logging_mixin.py:190} INFO - [2024-12-07T17:26:40.215+0000] {dag.py:3239} INFO - Sync 1 DAGs
[2024-12-07T17:26:40.238+0000] {logging_mixin.py:190} INFO - [2024-12-07T17:26:40.238+0000] {dag.py:4180} INFO - Setting next_dagrun for example_setup_teardown to None, run_after=None
[2024-12-07T17:26:40.276+0000] {processor.py:208} INFO - Processing /home/airflow/.local/lib/python3.12/site-packages/airflow/example_dags/example_setup_teardown.py took 0.113 seconds
[2024-12-07T17:27:10.553+0000] {processor.py:186} INFO - Started process (PID=2666) to work on /home/airflow/.local/lib/python3.12/site-packages/airflow/example_dags/example_setup_teardown.py
[2024-12-07T17:27:10.555+0000] {processor.py:914} INFO - Processing file /home/airflow/.local/lib/python3.12/site-packages/airflow/example_dags/example_setup_teardown.py for tasks to queue
[2024-12-07T17:27:10.559+0000] {logging_mixin.py:190} INFO - [2024-12-07T17:27:10.559+0000] {dagbag.py:588} INFO - Filling up the DagBag from /home/airflow/.local/lib/python3.12/site-packages/airflow/example_dags/example_setup_teardown.py
[2024-12-07T17:27:10.574+0000] {processor.py:925} INFO - DAG(s) 'example_setup_teardown' retrieved from /home/airflow/.local/lib/python3.12/site-packages/airflow/example_dags/example_setup_teardown.py
[2024-12-07T17:27:10.627+0000] {logging_mixin.py:190} INFO - [2024-12-07T17:27:10.626+0000] {dag.py:3239} INFO - Sync 1 DAGs
[2024-12-07T17:27:10.655+0000] {logging_mixin.py:190} INFO - [2024-12-07T17:27:10.655+0000] {dag.py:4180} INFO - Setting next_dagrun for example_setup_teardown to None, run_after=None
[2024-12-07T17:27:10.681+0000] {processor.py:208} INFO - Processing /home/airflow/.local/lib/python3.12/site-packages/airflow/example_dags/example_setup_teardown.py took 0.140 seconds
[2024-12-07T17:27:41.533+0000] {processor.py:186} INFO - Started process (PID=2957) to work on /home/airflow/.local/lib/python3.12/site-packages/airflow/example_dags/example_setup_teardown.py
[2024-12-07T17:27:41.535+0000] {processor.py:914} INFO - Processing file /home/airflow/.local/lib/python3.12/site-packages/airflow/example_dags/example_setup_teardown.py for tasks to queue
[2024-12-07T17:27:41.538+0000] {logging_mixin.py:190} INFO - [2024-12-07T17:27:41.538+0000] {dagbag.py:588} INFO - Filling up the DagBag from /home/airflow/.local/lib/python3.12/site-packages/airflow/example_dags/example_setup_teardown.py
[2024-12-07T17:27:41.552+0000] {processor.py:925} INFO - DAG(s) 'example_setup_teardown' retrieved from /home/airflow/.local/lib/python3.12/site-packages/airflow/example_dags/example_setup_teardown.py
[2024-12-07T17:27:41.584+0000] {logging_mixin.py:190} INFO - [2024-12-07T17:27:41.584+0000] {dag.py:3239} INFO - Sync 1 DAGs
[2024-12-07T17:27:41.606+0000] {logging_mixin.py:190} INFO - [2024-12-07T17:27:41.606+0000] {dag.py:4180} INFO - Setting next_dagrun for example_setup_teardown to None, run_after=None
[2024-12-07T17:27:41.639+0000] {processor.py:208} INFO - Processing /home/airflow/.local/lib/python3.12/site-packages/airflow/example_dags/example_setup_teardown.py took 0.116 seconds
[2024-12-07T17:28:16.727+0000] {processor.py:186} INFO - Started process (PID=3253) to work on /home/airflow/.local/lib/python3.12/site-packages/airflow/example_dags/example_setup_teardown.py
[2024-12-07T17:28:16.736+0000] {processor.py:914} INFO - Processing file /home/airflow/.local/lib/python3.12/site-packages/airflow/example_dags/example_setup_teardown.py for tasks to queue
[2024-12-07T17:28:16.758+0000] {logging_mixin.py:190} INFO - [2024-12-07T17:28:16.756+0000] {dagbag.py:588} INFO - Filling up the DagBag from /home/airflow/.local/lib/python3.12/site-packages/airflow/example_dags/example_setup_teardown.py
[2024-12-07T17:28:16.816+0000] {processor.py:925} INFO - DAG(s) 'example_setup_teardown' retrieved from /home/airflow/.local/lib/python3.12/site-packages/airflow/example_dags/example_setup_teardown.py
[2024-12-07T17:28:16.921+0000] {logging_mixin.py:190} INFO - [2024-12-07T17:28:16.920+0000] {dag.py:3239} INFO - Sync 1 DAGs
[2024-12-07T17:28:16.955+0000] {logging_mixin.py:190} INFO - [2024-12-07T17:28:16.954+0000] {dag.py:4180} INFO - Setting next_dagrun for example_setup_teardown to None, run_after=None
[2024-12-07T17:28:17.017+0000] {processor.py:208} INFO - Processing /home/airflow/.local/lib/python3.12/site-packages/airflow/example_dags/example_setup_teardown.py took 0.303 seconds
[2024-12-07T17:28:47.595+0000] {processor.py:186} INFO - Started process (PID=3544) to work on /home/airflow/.local/lib/python3.12/site-packages/airflow/example_dags/example_setup_teardown.py
[2024-12-07T17:28:47.596+0000] {processor.py:914} INFO - Processing file /home/airflow/.local/lib/python3.12/site-packages/airflow/example_dags/example_setup_teardown.py for tasks to queue
[2024-12-07T17:28:47.598+0000] {logging_mixin.py:190} INFO - [2024-12-07T17:28:47.598+0000] {dagbag.py:588} INFO - Filling up the DagBag from /home/airflow/.local/lib/python3.12/site-packages/airflow/example_dags/example_setup_teardown.py
[2024-12-07T17:28:47.609+0000] {processor.py:925} INFO - DAG(s) 'example_setup_teardown' retrieved from /home/airflow/.local/lib/python3.12/site-packages/airflow/example_dags/example_setup_teardown.py
[2024-12-07T17:28:47.641+0000] {logging_mixin.py:190} INFO - [2024-12-07T17:28:47.641+0000] {dag.py:3239} INFO - Sync 1 DAGs
[2024-12-07T17:28:47.664+0000] {logging_mixin.py:190} INFO - [2024-12-07T17:28:47.664+0000] {dag.py:4180} INFO - Setting next_dagrun for example_setup_teardown to None, run_after=None
[2024-12-07T17:28:48.526+0000] {processor.py:208} INFO - Processing /home/airflow/.local/lib/python3.12/site-packages/airflow/example_dags/example_setup_teardown.py took 0.939 seconds
[2024-12-07T17:29:18.643+0000] {processor.py:186} INFO - Started process (PID=3838) to work on /home/airflow/.local/lib/python3.12/site-packages/airflow/example_dags/example_setup_teardown.py
[2024-12-07T17:29:18.645+0000] {processor.py:914} INFO - Processing file /home/airflow/.local/lib/python3.12/site-packages/airflow/example_dags/example_setup_teardown.py for tasks to queue
[2024-12-07T17:29:18.650+0000] {logging_mixin.py:190} INFO - [2024-12-07T17:29:18.649+0000] {dagbag.py:588} INFO - Filling up the DagBag from /home/airflow/.local/lib/python3.12/site-packages/airflow/example_dags/example_setup_teardown.py
[2024-12-07T17:29:18.675+0000] {processor.py:925} INFO - DAG(s) 'example_setup_teardown' retrieved from /home/airflow/.local/lib/python3.12/site-packages/airflow/example_dags/example_setup_teardown.py
[2024-12-07T17:29:18.758+0000] {logging_mixin.py:190} INFO - [2024-12-07T17:29:18.758+0000] {dag.py:3239} INFO - Sync 1 DAGs
[2024-12-07T17:29:18.804+0000] {logging_mixin.py:190} INFO - [2024-12-07T17:29:18.804+0000] {dag.py:4180} INFO - Setting next_dagrun for example_setup_teardown to None, run_after=None
[2024-12-07T17:29:18.857+0000] {processor.py:208} INFO - Processing /home/airflow/.local/lib/python3.12/site-packages/airflow/example_dags/example_setup_teardown.py took 0.227 seconds
[2024-12-07T17:29:49.124+0000] {processor.py:186} INFO - Started process (PID=4129) to work on /home/airflow/.local/lib/python3.12/site-packages/airflow/example_dags/example_setup_teardown.py
[2024-12-07T17:29:49.126+0000] {processor.py:914} INFO - Processing file /home/airflow/.local/lib/python3.12/site-packages/airflow/example_dags/example_setup_teardown.py for tasks to queue
[2024-12-07T17:29:49.130+0000] {logging_mixin.py:190} INFO - [2024-12-07T17:29:49.130+0000] {dagbag.py:588} INFO - Filling up the DagBag from /home/airflow/.local/lib/python3.12/site-packages/airflow/example_dags/example_setup_teardown.py
[2024-12-07T17:29:49.146+0000] {processor.py:925} INFO - DAG(s) 'example_setup_teardown' retrieved from /home/airflow/.local/lib/python3.12/site-packages/airflow/example_dags/example_setup_teardown.py
[2024-12-07T17:29:49.173+0000] {logging_mixin.py:190} INFO - [2024-12-07T17:29:49.173+0000] {dag.py:3239} INFO - Sync 1 DAGs
[2024-12-07T17:29:49.195+0000] {logging_mixin.py:190} INFO - [2024-12-07T17:29:49.195+0000] {dag.py:4180} INFO - Setting next_dagrun for example_setup_teardown to None, run_after=None
[2024-12-07T17:29:49.226+0000] {processor.py:208} INFO - Processing /home/airflow/.local/lib/python3.12/site-packages/airflow/example_dags/example_setup_teardown.py took 0.112 seconds
[2024-12-07T17:30:19.523+0000] {processor.py:186} INFO - Started process (PID=4415) to work on /home/airflow/.local/lib/python3.12/site-packages/airflow/example_dags/example_setup_teardown.py
[2024-12-07T17:30:19.525+0000] {processor.py:914} INFO - Processing file /home/airflow/.local/lib/python3.12/site-packages/airflow/example_dags/example_setup_teardown.py for tasks to queue
[2024-12-07T17:30:19.529+0000] {logging_mixin.py:190} INFO - [2024-12-07T17:30:19.529+0000] {dagbag.py:588} INFO - Filling up the DagBag from /home/airflow/.local/lib/python3.12/site-packages/airflow/example_dags/example_setup_teardown.py
[2024-12-07T17:30:19.575+0000] {processor.py:925} INFO - DAG(s) 'example_setup_teardown' retrieved from /home/airflow/.local/lib/python3.12/site-packages/airflow/example_dags/example_setup_teardown.py
[2024-12-07T17:30:19.621+0000] {logging_mixin.py:190} INFO - [2024-12-07T17:30:19.620+0000] {dag.py:3239} INFO - Sync 1 DAGs
[2024-12-07T17:30:19.655+0000] {logging_mixin.py:190} INFO - [2024-12-07T17:30:19.655+0000] {dag.py:4180} INFO - Setting next_dagrun for example_setup_teardown to None, run_after=None
[2024-12-07T17:30:19.696+0000] {processor.py:208} INFO - Processing /home/airflow/.local/lib/python3.12/site-packages/airflow/example_dags/example_setup_teardown.py took 0.194 seconds
[2024-12-07T17:30:49.873+0000] {processor.py:186} INFO - Started process (PID=4705) to work on /home/airflow/.local/lib/python3.12/site-packages/airflow/example_dags/example_setup_teardown.py
[2024-12-07T17:30:49.875+0000] {processor.py:914} INFO - Processing file /home/airflow/.local/lib/python3.12/site-packages/airflow/example_dags/example_setup_teardown.py for tasks to queue
[2024-12-07T17:30:49.878+0000] {logging_mixin.py:190} INFO - [2024-12-07T17:30:49.878+0000] {dagbag.py:588} INFO - Filling up the DagBag from /home/airflow/.local/lib/python3.12/site-packages/airflow/example_dags/example_setup_teardown.py
[2024-12-07T17:30:49.890+0000] {processor.py:925} INFO - DAG(s) 'example_setup_teardown' retrieved from /home/airflow/.local/lib/python3.12/site-packages/airflow/example_dags/example_setup_teardown.py
[2024-12-07T17:30:49.921+0000] {logging_mixin.py:190} INFO - [2024-12-07T17:30:49.921+0000] {dag.py:3239} INFO - Sync 1 DAGs
[2024-12-07T17:30:49.942+0000] {logging_mixin.py:190} INFO - [2024-12-07T17:30:49.941+0000] {dag.py:4180} INFO - Setting next_dagrun for example_setup_teardown to None, run_after=None
[2024-12-07T17:30:49.971+0000] {processor.py:208} INFO - Processing /home/airflow/.local/lib/python3.12/site-packages/airflow/example_dags/example_setup_teardown.py took 0.108 seconds
[2024-12-07T17:31:20.183+0000] {processor.py:186} INFO - Started process (PID=4996) to work on /home/airflow/.local/lib/python3.12/site-packages/airflow/example_dags/example_setup_teardown.py
[2024-12-07T17:31:20.185+0000] {processor.py:914} INFO - Processing file /home/airflow/.local/lib/python3.12/site-packages/airflow/example_dags/example_setup_teardown.py for tasks to queue
[2024-12-07T17:31:20.187+0000] {logging_mixin.py:190} INFO - [2024-12-07T17:31:20.187+0000] {dagbag.py:588} INFO - Filling up the DagBag from /home/airflow/.local/lib/python3.12/site-packages/airflow/example_dags/example_setup_teardown.py
[2024-12-07T17:31:20.198+0000] {processor.py:925} INFO - DAG(s) 'example_setup_teardown' retrieved from /home/airflow/.local/lib/python3.12/site-packages/airflow/example_dags/example_setup_teardown.py
[2024-12-07T17:31:20.227+0000] {logging_mixin.py:190} INFO - [2024-12-07T17:31:20.227+0000] {dag.py:3239} INFO - Sync 1 DAGs
[2024-12-07T17:31:20.251+0000] {logging_mixin.py:190} INFO - [2024-12-07T17:31:20.251+0000] {dag.py:4180} INFO - Setting next_dagrun for example_setup_teardown to None, run_after=None
[2024-12-07T17:31:20.279+0000] {processor.py:208} INFO - Processing /home/airflow/.local/lib/python3.12/site-packages/airflow/example_dags/example_setup_teardown.py took 0.103 seconds
[2024-12-07T17:31:50.796+0000] {processor.py:186} INFO - Started process (PID=5286) to work on /home/airflow/.local/lib/python3.12/site-packages/airflow/example_dags/example_setup_teardown.py
[2024-12-07T17:31:50.798+0000] {processor.py:914} INFO - Processing file /home/airflow/.local/lib/python3.12/site-packages/airflow/example_dags/example_setup_teardown.py for tasks to queue
[2024-12-07T17:31:50.802+0000] {logging_mixin.py:190} INFO - [2024-12-07T17:31:50.801+0000] {dagbag.py:588} INFO - Filling up the DagBag from /home/airflow/.local/lib/python3.12/site-packages/airflow/example_dags/example_setup_teardown.py
[2024-12-07T17:31:50.820+0000] {processor.py:925} INFO - DAG(s) 'example_setup_teardown' retrieved from /home/airflow/.local/lib/python3.12/site-packages/airflow/example_dags/example_setup_teardown.py
[2024-12-07T17:31:50.863+0000] {logging_mixin.py:190} INFO - [2024-12-07T17:31:50.863+0000] {dag.py:3239} INFO - Sync 1 DAGs
[2024-12-07T17:31:50.886+0000] {logging_mixin.py:190} INFO - [2024-12-07T17:31:50.886+0000] {dag.py:4180} INFO - Setting next_dagrun for example_setup_teardown to None, run_after=None
[2024-12-07T17:31:50.920+0000] {processor.py:208} INFO - Processing /home/airflow/.local/lib/python3.12/site-packages/airflow/example_dags/example_setup_teardown.py took 0.134 seconds
[2024-12-07T17:32:21.078+0000] {processor.py:186} INFO - Started process (PID=5577) to work on /home/airflow/.local/lib/python3.12/site-packages/airflow/example_dags/example_setup_teardown.py
[2024-12-07T17:32:21.080+0000] {processor.py:914} INFO - Processing file /home/airflow/.local/lib/python3.12/site-packages/airflow/example_dags/example_setup_teardown.py for tasks to queue
[2024-12-07T17:32:21.083+0000] {logging_mixin.py:190} INFO - [2024-12-07T17:32:21.083+0000] {dagbag.py:588} INFO - Filling up the DagBag from /home/airflow/.local/lib/python3.12/site-packages/airflow/example_dags/example_setup_teardown.py
[2024-12-07T17:32:21.096+0000] {processor.py:925} INFO - DAG(s) 'example_setup_teardown' retrieved from /home/airflow/.local/lib/python3.12/site-packages/airflow/example_dags/example_setup_teardown.py
[2024-12-07T17:32:21.133+0000] {logging_mixin.py:190} INFO - [2024-12-07T17:32:21.133+0000] {dag.py:3239} INFO - Sync 1 DAGs
[2024-12-07T17:32:21.162+0000] {logging_mixin.py:190} INFO - [2024-12-07T17:32:21.161+0000] {dag.py:4180} INFO - Setting next_dagrun for example_setup_teardown to None, run_after=None
[2024-12-07T17:32:21.205+0000] {processor.py:208} INFO - Processing /home/airflow/.local/lib/python3.12/site-packages/airflow/example_dags/example_setup_teardown.py took 0.135 seconds
[2024-12-07T17:32:51.678+0000] {processor.py:186} INFO - Started process (PID=5867) to work on /home/airflow/.local/lib/python3.12/site-packages/airflow/example_dags/example_setup_teardown.py
[2024-12-07T17:32:51.679+0000] {processor.py:914} INFO - Processing file /home/airflow/.local/lib/python3.12/site-packages/airflow/example_dags/example_setup_teardown.py for tasks to queue
[2024-12-07T17:32:51.682+0000] {logging_mixin.py:190} INFO - [2024-12-07T17:32:51.682+0000] {dagbag.py:588} INFO - Filling up the DagBag from /home/airflow/.local/lib/python3.12/site-packages/airflow/example_dags/example_setup_teardown.py
[2024-12-07T17:32:51.696+0000] {processor.py:925} INFO - DAG(s) 'example_setup_teardown' retrieved from /home/airflow/.local/lib/python3.12/site-packages/airflow/example_dags/example_setup_teardown.py
[2024-12-07T17:32:51.726+0000] {logging_mixin.py:190} INFO - [2024-12-07T17:32:51.725+0000] {dag.py:3239} INFO - Sync 1 DAGs
[2024-12-07T17:32:51.748+0000] {logging_mixin.py:190} INFO - [2024-12-07T17:32:51.748+0000] {dag.py:4180} INFO - Setting next_dagrun for example_setup_teardown to None, run_after=None
[2024-12-07T17:32:51.777+0000] {processor.py:208} INFO - Processing /home/airflow/.local/lib/python3.12/site-packages/airflow/example_dags/example_setup_teardown.py took 0.106 seconds
[2024-12-07T17:33:22.010+0000] {processor.py:186} INFO - Started process (PID=6158) to work on /home/airflow/.local/lib/python3.12/site-packages/airflow/example_dags/example_setup_teardown.py
[2024-12-07T17:33:22.012+0000] {processor.py:914} INFO - Processing file /home/airflow/.local/lib/python3.12/site-packages/airflow/example_dags/example_setup_teardown.py for tasks to queue
[2024-12-07T17:33:22.018+0000] {logging_mixin.py:190} INFO - [2024-12-07T17:33:22.017+0000] {dagbag.py:588} INFO - Filling up the DagBag from /home/airflow/.local/lib/python3.12/site-packages/airflow/example_dags/example_setup_teardown.py
[2024-12-07T17:33:22.034+0000] {processor.py:925} INFO - DAG(s) 'example_setup_teardown' retrieved from /home/airflow/.local/lib/python3.12/site-packages/airflow/example_dags/example_setup_teardown.py
[2024-12-07T17:33:22.064+0000] {logging_mixin.py:190} INFO - [2024-12-07T17:33:22.064+0000] {dag.py:3239} INFO - Sync 1 DAGs
[2024-12-07T17:33:22.084+0000] {logging_mixin.py:190} INFO - [2024-12-07T17:33:22.084+0000] {dag.py:4180} INFO - Setting next_dagrun for example_setup_teardown to None, run_after=None
[2024-12-07T17:33:22.111+0000] {processor.py:208} INFO - Processing /home/airflow/.local/lib/python3.12/site-packages/airflow/example_dags/example_setup_teardown.py took 0.111 seconds
[2024-12-07T17:33:52.485+0000] {processor.py:186} INFO - Started process (PID=6449) to work on /home/airflow/.local/lib/python3.12/site-packages/airflow/example_dags/example_setup_teardown.py
[2024-12-07T17:33:52.486+0000] {processor.py:914} INFO - Processing file /home/airflow/.local/lib/python3.12/site-packages/airflow/example_dags/example_setup_teardown.py for tasks to queue
[2024-12-07T17:33:52.490+0000] {logging_mixin.py:190} INFO - [2024-12-07T17:33:52.489+0000] {dagbag.py:588} INFO - Filling up the DagBag from /home/airflow/.local/lib/python3.12/site-packages/airflow/example_dags/example_setup_teardown.py
[2024-12-07T17:33:52.502+0000] {processor.py:925} INFO - DAG(s) 'example_setup_teardown' retrieved from /home/airflow/.local/lib/python3.12/site-packages/airflow/example_dags/example_setup_teardown.py
[2024-12-07T17:33:52.529+0000] {logging_mixin.py:190} INFO - [2024-12-07T17:33:52.528+0000] {dag.py:3239} INFO - Sync 1 DAGs
[2024-12-07T17:33:52.549+0000] {logging_mixin.py:190} INFO - [2024-12-07T17:33:52.549+0000] {dag.py:4180} INFO - Setting next_dagrun for example_setup_teardown to None, run_after=None
[2024-12-07T17:33:52.617+0000] {processor.py:208} INFO - Processing /home/airflow/.local/lib/python3.12/site-packages/airflow/example_dags/example_setup_teardown.py took 0.142 seconds
[2024-12-07T17:34:23.326+0000] {processor.py:186} INFO - Started process (PID=6740) to work on /home/airflow/.local/lib/python3.12/site-packages/airflow/example_dags/example_setup_teardown.py
[2024-12-07T17:34:23.328+0000] {processor.py:914} INFO - Processing file /home/airflow/.local/lib/python3.12/site-packages/airflow/example_dags/example_setup_teardown.py for tasks to queue
[2024-12-07T17:34:23.331+0000] {logging_mixin.py:190} INFO - [2024-12-07T17:34:23.331+0000] {dagbag.py:588} INFO - Filling up the DagBag from /home/airflow/.local/lib/python3.12/site-packages/airflow/example_dags/example_setup_teardown.py
[2024-12-07T17:34:23.344+0000] {processor.py:925} INFO - DAG(s) 'example_setup_teardown' retrieved from /home/airflow/.local/lib/python3.12/site-packages/airflow/example_dags/example_setup_teardown.py
[2024-12-07T17:34:23.370+0000] {logging_mixin.py:190} INFO - [2024-12-07T17:34:23.370+0000] {dag.py:3239} INFO - Sync 1 DAGs
[2024-12-07T17:34:23.389+0000] {logging_mixin.py:190} INFO - [2024-12-07T17:34:23.389+0000] {dag.py:4180} INFO - Setting next_dagrun for example_setup_teardown to None, run_after=None
[2024-12-07T17:34:23.418+0000] {processor.py:208} INFO - Processing /home/airflow/.local/lib/python3.12/site-packages/airflow/example_dags/example_setup_teardown.py took 0.104 seconds
[2024-12-07T17:34:53.864+0000] {processor.py:186} INFO - Started process (PID=7026) to work on /home/airflow/.local/lib/python3.12/site-packages/airflow/example_dags/example_setup_teardown.py
[2024-12-07T17:34:53.865+0000] {processor.py:914} INFO - Processing file /home/airflow/.local/lib/python3.12/site-packages/airflow/example_dags/example_setup_teardown.py for tasks to queue
[2024-12-07T17:34:53.869+0000] {logging_mixin.py:190} INFO - [2024-12-07T17:34:53.868+0000] {dagbag.py:588} INFO - Filling up the DagBag from /home/airflow/.local/lib/python3.12/site-packages/airflow/example_dags/example_setup_teardown.py
[2024-12-07T17:34:53.879+0000] {processor.py:925} INFO - DAG(s) 'example_setup_teardown' retrieved from /home/airflow/.local/lib/python3.12/site-packages/airflow/example_dags/example_setup_teardown.py
[2024-12-07T17:34:53.905+0000] {logging_mixin.py:190} INFO - [2024-12-07T17:34:53.904+0000] {dag.py:3239} INFO - Sync 1 DAGs
[2024-12-07T17:34:53.924+0000] {logging_mixin.py:190} INFO - [2024-12-07T17:34:53.924+0000] {dag.py:4180} INFO - Setting next_dagrun for example_setup_teardown to None, run_after=None
[2024-12-07T17:34:53.950+0000] {processor.py:208} INFO - Processing /home/airflow/.local/lib/python3.12/site-packages/airflow/example_dags/example_setup_teardown.py took 0.094 seconds
[2024-12-07T17:35:25.821+0000] {processor.py:186} INFO - Started process (PID=7317) to work on /home/airflow/.local/lib/python3.12/site-packages/airflow/example_dags/example_setup_teardown.py
[2024-12-07T17:35:25.823+0000] {processor.py:914} INFO - Processing file /home/airflow/.local/lib/python3.12/site-packages/airflow/example_dags/example_setup_teardown.py for tasks to queue
[2024-12-07T17:35:25.826+0000] {logging_mixin.py:190} INFO - [2024-12-07T17:35:25.826+0000] {dagbag.py:588} INFO - Filling up the DagBag from /home/airflow/.local/lib/python3.12/site-packages/airflow/example_dags/example_setup_teardown.py
[2024-12-07T17:35:25.838+0000] {processor.py:925} INFO - DAG(s) 'example_setup_teardown' retrieved from /home/airflow/.local/lib/python3.12/site-packages/airflow/example_dags/example_setup_teardown.py
[2024-12-07T17:35:25.872+0000] {logging_mixin.py:190} INFO - [2024-12-07T17:35:25.871+0000] {dag.py:3239} INFO - Sync 1 DAGs
[2024-12-07T17:35:25.899+0000] {logging_mixin.py:190} INFO - [2024-12-07T17:35:25.899+0000] {dag.py:4180} INFO - Setting next_dagrun for example_setup_teardown to None, run_after=None
[2024-12-07T17:35:25.934+0000] {processor.py:208} INFO - Processing /home/airflow/.local/lib/python3.12/site-packages/airflow/example_dags/example_setup_teardown.py took 0.124 seconds
[2024-12-07T17:35:56.099+0000] {processor.py:186} INFO - Started process (PID=7605) to work on /home/airflow/.local/lib/python3.12/site-packages/airflow/example_dags/example_setup_teardown.py
[2024-12-07T17:35:56.100+0000] {processor.py:914} INFO - Processing file /home/airflow/.local/lib/python3.12/site-packages/airflow/example_dags/example_setup_teardown.py for tasks to queue
[2024-12-07T17:35:56.104+0000] {logging_mixin.py:190} INFO - [2024-12-07T17:35:56.104+0000] {dagbag.py:588} INFO - Filling up the DagBag from /home/airflow/.local/lib/python3.12/site-packages/airflow/example_dags/example_setup_teardown.py
[2024-12-07T17:35:56.119+0000] {processor.py:925} INFO - DAG(s) 'example_setup_teardown' retrieved from /home/airflow/.local/lib/python3.12/site-packages/airflow/example_dags/example_setup_teardown.py
[2024-12-07T17:35:56.155+0000] {logging_mixin.py:190} INFO - [2024-12-07T17:35:56.154+0000] {dag.py:3239} INFO - Sync 1 DAGs
[2024-12-07T17:35:56.190+0000] {logging_mixin.py:190} INFO - [2024-12-07T17:35:56.190+0000] {dag.py:4180} INFO - Setting next_dagrun for example_setup_teardown to None, run_after=None
[2024-12-07T17:35:56.238+0000] {processor.py:208} INFO - Processing /home/airflow/.local/lib/python3.12/site-packages/airflow/example_dags/example_setup_teardown.py took 0.149 seconds
[2024-12-07T17:36:27.542+0000] {processor.py:186} INFO - Started process (PID=7895) to work on /home/airflow/.local/lib/python3.12/site-packages/airflow/example_dags/example_setup_teardown.py
[2024-12-07T17:36:27.544+0000] {processor.py:914} INFO - Processing file /home/airflow/.local/lib/python3.12/site-packages/airflow/example_dags/example_setup_teardown.py for tasks to queue
[2024-12-07T17:36:27.547+0000] {logging_mixin.py:190} INFO - [2024-12-07T17:36:27.547+0000] {dagbag.py:588} INFO - Filling up the DagBag from /home/airflow/.local/lib/python3.12/site-packages/airflow/example_dags/example_setup_teardown.py
[2024-12-07T17:36:27.561+0000] {processor.py:925} INFO - DAG(s) 'example_setup_teardown' retrieved from /home/airflow/.local/lib/python3.12/site-packages/airflow/example_dags/example_setup_teardown.py
[2024-12-07T17:36:27.628+0000] {logging_mixin.py:190} INFO - [2024-12-07T17:36:27.628+0000] {dag.py:3239} INFO - Sync 1 DAGs
[2024-12-07T17:36:27.661+0000] {logging_mixin.py:190} INFO - [2024-12-07T17:36:27.661+0000] {dag.py:4180} INFO - Setting next_dagrun for example_setup_teardown to None, run_after=None
[2024-12-07T17:36:27.719+0000] {processor.py:208} INFO - Processing /home/airflow/.local/lib/python3.12/site-packages/airflow/example_dags/example_setup_teardown.py took 0.187 seconds
[2024-12-07T17:36:58.861+0000] {processor.py:186} INFO - Started process (PID=8189) to work on /home/airflow/.local/lib/python3.12/site-packages/airflow/example_dags/example_setup_teardown.py
[2024-12-07T17:36:58.865+0000] {processor.py:914} INFO - Processing file /home/airflow/.local/lib/python3.12/site-packages/airflow/example_dags/example_setup_teardown.py for tasks to queue
[2024-12-07T17:36:58.871+0000] {logging_mixin.py:190} INFO - [2024-12-07T17:36:58.870+0000] {dagbag.py:588} INFO - Filling up the DagBag from /home/airflow/.local/lib/python3.12/site-packages/airflow/example_dags/example_setup_teardown.py
[2024-12-07T17:36:58.896+0000] {processor.py:925} INFO - DAG(s) 'example_setup_teardown' retrieved from /home/airflow/.local/lib/python3.12/site-packages/airflow/example_dags/example_setup_teardown.py
[2024-12-07T17:36:58.938+0000] {logging_mixin.py:190} INFO - [2024-12-07T17:36:58.936+0000] {dag.py:3239} INFO - Sync 1 DAGs
[2024-12-07T17:36:58.962+0000] {logging_mixin.py:190} INFO - [2024-12-07T17:36:58.962+0000] {dag.py:4180} INFO - Setting next_dagrun for example_setup_teardown to None, run_after=None
[2024-12-07T17:36:59.025+0000] {processor.py:208} INFO - Processing /home/airflow/.local/lib/python3.12/site-packages/airflow/example_dags/example_setup_teardown.py took 0.190 seconds
[2024-12-07T17:37:29.280+0000] {processor.py:186} INFO - Started process (PID=8478) to work on /home/airflow/.local/lib/python3.12/site-packages/airflow/example_dags/example_setup_teardown.py
[2024-12-07T17:37:29.282+0000] {processor.py:914} INFO - Processing file /home/airflow/.local/lib/python3.12/site-packages/airflow/example_dags/example_setup_teardown.py for tasks to queue
[2024-12-07T17:37:29.288+0000] {logging_mixin.py:190} INFO - [2024-12-07T17:37:29.288+0000] {dagbag.py:588} INFO - Filling up the DagBag from /home/airflow/.local/lib/python3.12/site-packages/airflow/example_dags/example_setup_teardown.py
[2024-12-07T17:37:29.302+0000] {processor.py:925} INFO - DAG(s) 'example_setup_teardown' retrieved from /home/airflow/.local/lib/python3.12/site-packages/airflow/example_dags/example_setup_teardown.py
[2024-12-07T17:37:29.333+0000] {logging_mixin.py:190} INFO - [2024-12-07T17:37:29.332+0000] {dag.py:3239} INFO - Sync 1 DAGs
[2024-12-07T17:37:29.357+0000] {logging_mixin.py:190} INFO - [2024-12-07T17:37:29.357+0000] {dag.py:4180} INFO - Setting next_dagrun for example_setup_teardown to None, run_after=None
[2024-12-07T17:37:29.398+0000] {processor.py:208} INFO - Processing /home/airflow/.local/lib/python3.12/site-packages/airflow/example_dags/example_setup_teardown.py took 0.132 seconds
[2024-12-07T17:38:01.937+0000] {processor.py:186} INFO - Started process (PID=8771) to work on /home/airflow/.local/lib/python3.12/site-packages/airflow/example_dags/example_setup_teardown.py
[2024-12-07T17:38:01.939+0000] {processor.py:914} INFO - Processing file /home/airflow/.local/lib/python3.12/site-packages/airflow/example_dags/example_setup_teardown.py for tasks to queue
[2024-12-07T17:38:01.943+0000] {logging_mixin.py:190} INFO - [2024-12-07T17:38:01.942+0000] {dagbag.py:588} INFO - Filling up the DagBag from /home/airflow/.local/lib/python3.12/site-packages/airflow/example_dags/example_setup_teardown.py
[2024-12-07T17:38:01.960+0000] {processor.py:925} INFO - DAG(s) 'example_setup_teardown' retrieved from /home/airflow/.local/lib/python3.12/site-packages/airflow/example_dags/example_setup_teardown.py
[2024-12-07T17:38:02.009+0000] {logging_mixin.py:190} INFO - [2024-12-07T17:38:02.008+0000] {dag.py:3239} INFO - Sync 1 DAGs
[2024-12-07T17:38:02.080+0000] {logging_mixin.py:190} INFO - [2024-12-07T17:38:02.079+0000] {dag.py:4180} INFO - Setting next_dagrun for example_setup_teardown to None, run_after=None
[2024-12-07T17:38:02.166+0000] {processor.py:208} INFO - Processing /home/airflow/.local/lib/python3.12/site-packages/airflow/example_dags/example_setup_teardown.py took 0.241 seconds
[2024-12-07T17:38:33.983+0000] {processor.py:186} INFO - Started process (PID=9060) to work on /home/airflow/.local/lib/python3.12/site-packages/airflow/example_dags/example_setup_teardown.py
[2024-12-07T17:38:33.986+0000] {processor.py:914} INFO - Processing file /home/airflow/.local/lib/python3.12/site-packages/airflow/example_dags/example_setup_teardown.py for tasks to queue
[2024-12-07T17:38:33.991+0000] {logging_mixin.py:190} INFO - [2024-12-07T17:38:33.990+0000] {dagbag.py:588} INFO - Filling up the DagBag from /home/airflow/.local/lib/python3.12/site-packages/airflow/example_dags/example_setup_teardown.py
[2024-12-07T17:38:34.016+0000] {processor.py:925} INFO - DAG(s) 'example_setup_teardown' retrieved from /home/airflow/.local/lib/python3.12/site-packages/airflow/example_dags/example_setup_teardown.py
[2024-12-07T17:38:34.095+0000] {logging_mixin.py:190} INFO - [2024-12-07T17:38:34.095+0000] {dag.py:3239} INFO - Sync 1 DAGs
[2024-12-07T17:38:34.149+0000] {logging_mixin.py:190} INFO - [2024-12-07T17:38:34.149+0000] {dag.py:4180} INFO - Setting next_dagrun for example_setup_teardown to None, run_after=None
[2024-12-07T17:38:34.202+0000] {processor.py:208} INFO - Processing /home/airflow/.local/lib/python3.12/site-packages/airflow/example_dags/example_setup_teardown.py took 0.234 seconds
[2024-12-07T17:39:04.401+0000] {processor.py:186} INFO - Started process (PID=9351) to work on /home/airflow/.local/lib/python3.12/site-packages/airflow/example_dags/example_setup_teardown.py
[2024-12-07T17:39:04.403+0000] {processor.py:914} INFO - Processing file /home/airflow/.local/lib/python3.12/site-packages/airflow/example_dags/example_setup_teardown.py for tasks to queue
[2024-12-07T17:39:04.406+0000] {logging_mixin.py:190} INFO - [2024-12-07T17:39:04.406+0000] {dagbag.py:588} INFO - Filling up the DagBag from /home/airflow/.local/lib/python3.12/site-packages/airflow/example_dags/example_setup_teardown.py
[2024-12-07T17:39:04.421+0000] {processor.py:925} INFO - DAG(s) 'example_setup_teardown' retrieved from /home/airflow/.local/lib/python3.12/site-packages/airflow/example_dags/example_setup_teardown.py
[2024-12-07T17:39:04.455+0000] {logging_mixin.py:190} INFO - [2024-12-07T17:39:04.455+0000] {dag.py:3239} INFO - Sync 1 DAGs
[2024-12-07T17:39:04.479+0000] {logging_mixin.py:190} INFO - [2024-12-07T17:39:04.478+0000] {dag.py:4180} INFO - Setting next_dagrun for example_setup_teardown to None, run_after=None
[2024-12-07T17:39:04.517+0000] {processor.py:208} INFO - Processing /home/airflow/.local/lib/python3.12/site-packages/airflow/example_dags/example_setup_teardown.py took 0.123 seconds
[2024-12-07T17:39:35.042+0000] {processor.py:186} INFO - Started process (PID=9640) to work on /home/airflow/.local/lib/python3.12/site-packages/airflow/example_dags/example_setup_teardown.py
[2024-12-07T17:39:35.045+0000] {processor.py:914} INFO - Processing file /home/airflow/.local/lib/python3.12/site-packages/airflow/example_dags/example_setup_teardown.py for tasks to queue
[2024-12-07T17:39:35.059+0000] {logging_mixin.py:190} INFO - [2024-12-07T17:39:35.059+0000] {dagbag.py:588} INFO - Filling up the DagBag from /home/airflow/.local/lib/python3.12/site-packages/airflow/example_dags/example_setup_teardown.py
[2024-12-07T17:39:35.108+0000] {processor.py:925} INFO - DAG(s) 'example_setup_teardown' retrieved from /home/airflow/.local/lib/python3.12/site-packages/airflow/example_dags/example_setup_teardown.py
[2024-12-07T17:39:35.187+0000] {logging_mixin.py:190} INFO - [2024-12-07T17:39:35.187+0000] {dag.py:3239} INFO - Sync 1 DAGs
[2024-12-07T17:39:35.412+0000] {logging_mixin.py:190} INFO - [2024-12-07T17:39:35.412+0000] {dag.py:4180} INFO - Setting next_dagrun for example_setup_teardown to None, run_after=None
[2024-12-07T17:39:35.507+0000] {processor.py:208} INFO - Processing /home/airflow/.local/lib/python3.12/site-packages/airflow/example_dags/example_setup_teardown.py took 0.487 seconds
[2024-12-07T17:40:05.902+0000] {processor.py:186} INFO - Started process (PID=9931) to work on /home/airflow/.local/lib/python3.12/site-packages/airflow/example_dags/example_setup_teardown.py
[2024-12-07T17:40:05.904+0000] {processor.py:914} INFO - Processing file /home/airflow/.local/lib/python3.12/site-packages/airflow/example_dags/example_setup_teardown.py for tasks to queue
[2024-12-07T17:40:05.907+0000] {logging_mixin.py:190} INFO - [2024-12-07T17:40:05.907+0000] {dagbag.py:588} INFO - Filling up the DagBag from /home/airflow/.local/lib/python3.12/site-packages/airflow/example_dags/example_setup_teardown.py
[2024-12-07T17:40:05.920+0000] {processor.py:925} INFO - DAG(s) 'example_setup_teardown' retrieved from /home/airflow/.local/lib/python3.12/site-packages/airflow/example_dags/example_setup_teardown.py
[2024-12-07T17:40:05.953+0000] {logging_mixin.py:190} INFO - [2024-12-07T17:40:05.953+0000] {dag.py:3239} INFO - Sync 1 DAGs
[2024-12-07T17:40:05.983+0000] {logging_mixin.py:190} INFO - [2024-12-07T17:40:05.982+0000] {dag.py:4180} INFO - Setting next_dagrun for example_setup_teardown to None, run_after=None
[2024-12-07T17:40:06.070+0000] {processor.py:208} INFO - Processing /home/airflow/.local/lib/python3.12/site-packages/airflow/example_dags/example_setup_teardown.py took 0.175 seconds
[2024-12-07T17:40:39.169+0000] {processor.py:186} INFO - Started process (PID=10220) to work on /home/airflow/.local/lib/python3.12/site-packages/airflow/example_dags/example_setup_teardown.py
[2024-12-07T17:40:39.171+0000] {processor.py:914} INFO - Processing file /home/airflow/.local/lib/python3.12/site-packages/airflow/example_dags/example_setup_teardown.py for tasks to queue
[2024-12-07T17:40:39.175+0000] {logging_mixin.py:190} INFO - [2024-12-07T17:40:39.174+0000] {dagbag.py:588} INFO - Filling up the DagBag from /home/airflow/.local/lib/python3.12/site-packages/airflow/example_dags/example_setup_teardown.py
[2024-12-07T17:40:39.191+0000] {processor.py:925} INFO - DAG(s) 'example_setup_teardown' retrieved from /home/airflow/.local/lib/python3.12/site-packages/airflow/example_dags/example_setup_teardown.py
[2024-12-07T17:40:39.228+0000] {logging_mixin.py:190} INFO - [2024-12-07T17:40:39.227+0000] {dag.py:3239} INFO - Sync 1 DAGs
[2024-12-07T17:40:39.251+0000] {logging_mixin.py:190} INFO - [2024-12-07T17:40:39.251+0000] {dag.py:4180} INFO - Setting next_dagrun for example_setup_teardown to None, run_after=None
[2024-12-07T17:40:39.307+0000] {processor.py:208} INFO - Processing /home/airflow/.local/lib/python3.12/site-packages/airflow/example_dags/example_setup_teardown.py took 0.150 seconds
[2024-12-07T17:41:09.623+0000] {processor.py:186} INFO - Started process (PID=10508) to work on /home/airflow/.local/lib/python3.12/site-packages/airflow/example_dags/example_setup_teardown.py
[2024-12-07T17:41:09.624+0000] {processor.py:914} INFO - Processing file /home/airflow/.local/lib/python3.12/site-packages/airflow/example_dags/example_setup_teardown.py for tasks to queue
[2024-12-07T17:41:09.631+0000] {logging_mixin.py:190} INFO - [2024-12-07T17:41:09.630+0000] {dagbag.py:588} INFO - Filling up the DagBag from /home/airflow/.local/lib/python3.12/site-packages/airflow/example_dags/example_setup_teardown.py
[2024-12-07T17:41:09.644+0000] {processor.py:925} INFO - DAG(s) 'example_setup_teardown' retrieved from /home/airflow/.local/lib/python3.12/site-packages/airflow/example_dags/example_setup_teardown.py
[2024-12-07T17:41:09.675+0000] {logging_mixin.py:190} INFO - [2024-12-07T17:41:09.674+0000] {dag.py:3239} INFO - Sync 1 DAGs
[2024-12-07T17:41:09.696+0000] {logging_mixin.py:190} INFO - [2024-12-07T17:41:09.696+0000] {dag.py:4180} INFO - Setting next_dagrun for example_setup_teardown to None, run_after=None
[2024-12-07T17:41:09.727+0000] {processor.py:208} INFO - Processing /home/airflow/.local/lib/python3.12/site-packages/airflow/example_dags/example_setup_teardown.py took 0.111 seconds
[2024-12-07T17:41:40.523+0000] {processor.py:186} INFO - Started process (PID=10798) to work on /home/airflow/.local/lib/python3.12/site-packages/airflow/example_dags/example_setup_teardown.py
[2024-12-07T17:41:40.524+0000] {processor.py:914} INFO - Processing file /home/airflow/.local/lib/python3.12/site-packages/airflow/example_dags/example_setup_teardown.py for tasks to queue
[2024-12-07T17:41:40.528+0000] {logging_mixin.py:190} INFO - [2024-12-07T17:41:40.527+0000] {dagbag.py:588} INFO - Filling up the DagBag from /home/airflow/.local/lib/python3.12/site-packages/airflow/example_dags/example_setup_teardown.py
[2024-12-07T17:41:40.543+0000] {processor.py:925} INFO - DAG(s) 'example_setup_teardown' retrieved from /home/airflow/.local/lib/python3.12/site-packages/airflow/example_dags/example_setup_teardown.py
[2024-12-07T17:41:40.582+0000] {logging_mixin.py:190} INFO - [2024-12-07T17:41:40.581+0000] {dag.py:3239} INFO - Sync 1 DAGs
[2024-12-07T17:41:40.611+0000] {logging_mixin.py:190} INFO - [2024-12-07T17:41:40.611+0000] {dag.py:4180} INFO - Setting next_dagrun for example_setup_teardown to None, run_after=None
[2024-12-07T17:41:40.645+0000] {processor.py:208} INFO - Processing /home/airflow/.local/lib/python3.12/site-packages/airflow/example_dags/example_setup_teardown.py took 0.133 seconds
[2024-12-07T17:42:11.080+0000] {processor.py:186} INFO - Started process (PID=11090) to work on /home/airflow/.local/lib/python3.12/site-packages/airflow/example_dags/example_setup_teardown.py
[2024-12-07T17:42:11.082+0000] {processor.py:914} INFO - Processing file /home/airflow/.local/lib/python3.12/site-packages/airflow/example_dags/example_setup_teardown.py for tasks to queue
[2024-12-07T17:42:11.087+0000] {logging_mixin.py:190} INFO - [2024-12-07T17:42:11.086+0000] {dagbag.py:588} INFO - Filling up the DagBag from /home/airflow/.local/lib/python3.12/site-packages/airflow/example_dags/example_setup_teardown.py
[2024-12-07T17:42:11.105+0000] {processor.py:925} INFO - DAG(s) 'example_setup_teardown' retrieved from /home/airflow/.local/lib/python3.12/site-packages/airflow/example_dags/example_setup_teardown.py
[2024-12-07T17:42:11.160+0000] {logging_mixin.py:190} INFO - [2024-12-07T17:42:11.160+0000] {dag.py:3239} INFO - Sync 1 DAGs
[2024-12-07T17:42:11.183+0000] {logging_mixin.py:190} INFO - [2024-12-07T17:42:11.182+0000] {dag.py:4180} INFO - Setting next_dagrun for example_setup_teardown to None, run_after=None
[2024-12-07T17:42:11.212+0000] {processor.py:208} INFO - Processing /home/airflow/.local/lib/python3.12/site-packages/airflow/example_dags/example_setup_teardown.py took 0.144 seconds
[2024-12-07T17:42:42.115+0000] {processor.py:186} INFO - Started process (PID=11381) to work on /home/airflow/.local/lib/python3.12/site-packages/airflow/example_dags/example_setup_teardown.py
[2024-12-07T17:42:42.116+0000] {processor.py:914} INFO - Processing file /home/airflow/.local/lib/python3.12/site-packages/airflow/example_dags/example_setup_teardown.py for tasks to queue
[2024-12-07T17:42:42.121+0000] {logging_mixin.py:190} INFO - [2024-12-07T17:42:42.120+0000] {dagbag.py:588} INFO - Filling up the DagBag from /home/airflow/.local/lib/python3.12/site-packages/airflow/example_dags/example_setup_teardown.py
[2024-12-07T17:42:42.136+0000] {processor.py:925} INFO - DAG(s) 'example_setup_teardown' retrieved from /home/airflow/.local/lib/python3.12/site-packages/airflow/example_dags/example_setup_teardown.py
[2024-12-07T17:42:42.162+0000] {logging_mixin.py:190} INFO - [2024-12-07T17:42:42.161+0000] {dag.py:3239} INFO - Sync 1 DAGs
[2024-12-07T17:42:42.185+0000] {logging_mixin.py:190} INFO - [2024-12-07T17:42:42.185+0000] {dag.py:4180} INFO - Setting next_dagrun for example_setup_teardown to None, run_after=None
[2024-12-07T17:42:42.222+0000] {processor.py:208} INFO - Processing /home/airflow/.local/lib/python3.12/site-packages/airflow/example_dags/example_setup_teardown.py took 0.117 seconds
[2024-12-07T17:43:12.568+0000] {processor.py:186} INFO - Started process (PID=11675) to work on /home/airflow/.local/lib/python3.12/site-packages/airflow/example_dags/example_setup_teardown.py
[2024-12-07T17:43:12.569+0000] {processor.py:914} INFO - Processing file /home/airflow/.local/lib/python3.12/site-packages/airflow/example_dags/example_setup_teardown.py for tasks to queue
[2024-12-07T17:43:12.572+0000] {logging_mixin.py:190} INFO - [2024-12-07T17:43:12.572+0000] {dagbag.py:588} INFO - Filling up the DagBag from /home/airflow/.local/lib/python3.12/site-packages/airflow/example_dags/example_setup_teardown.py
[2024-12-07T17:43:12.585+0000] {processor.py:925} INFO - DAG(s) 'example_setup_teardown' retrieved from /home/airflow/.local/lib/python3.12/site-packages/airflow/example_dags/example_setup_teardown.py
[2024-12-07T17:43:12.609+0000] {logging_mixin.py:190} INFO - [2024-12-07T17:43:12.609+0000] {dag.py:3239} INFO - Sync 1 DAGs
[2024-12-07T17:43:12.628+0000] {logging_mixin.py:190} INFO - [2024-12-07T17:43:12.628+0000] {dag.py:4180} INFO - Setting next_dagrun for example_setup_teardown to None, run_after=None
[2024-12-07T17:43:12.665+0000] {processor.py:208} INFO - Processing /home/airflow/.local/lib/python3.12/site-packages/airflow/example_dags/example_setup_teardown.py took 0.105 seconds
