[2024-12-07T17:22:31.787+0000] {processor.py:186} INFO - Started process (PID=266) to work on /home/airflow/.local/lib/python3.12/site-packages/airflow/example_dags/example_xcomargs.py
[2024-12-07T17:22:31.789+0000] {processor.py:914} INFO - Processing file /home/airflow/.local/lib/python3.12/site-packages/airflow/example_dags/example_xcomargs.py for tasks to queue
[2024-12-07T17:22:31.797+0000] {logging_mixin.py:190} INFO - [2024-12-07T17:22:31.794+0000] {dagbag.py:588} INFO - Filling up the DagBag from /home/airflow/.local/lib/python3.12/site-packages/airflow/example_dags/example_xcomargs.py
[2024-12-07T17:22:31.857+0000] {processor.py:925} INFO - DAG(s) 'example_xcom_args', 'example_xcom_args_with_operators' retrieved from /home/airflow/.local/lib/python3.12/site-packages/airflow/example_dags/example_xcomargs.py
[2024-12-07T17:22:32.127+0000] {logging_mixin.py:190} INFO - [2024-12-07T17:22:32.124+0000] {override.py:1911} INFO - Created Permission View: can delete on DAG:example_xcom_args
[2024-12-07T17:22:32.157+0000] {logging_mixin.py:190} INFO - [2024-12-07T17:22:32.156+0000] {override.py:1911} INFO - Created Permission View: can read on DAG:example_xcom_args
[2024-12-07T17:22:32.175+0000] {logging_mixin.py:190} INFO - [2024-12-07T17:22:32.174+0000] {override.py:1911} INFO - Created Permission View: can edit on DAG:example_xcom_args
[2024-12-07T17:22:32.199+0000] {logging_mixin.py:190} INFO - [2024-12-07T17:22:32.198+0000] {override.py:1911} INFO - Created Permission View: menu access on DAG Run:example_xcom_args
[2024-12-07T17:22:32.221+0000] {logging_mixin.py:190} INFO - [2024-12-07T17:22:32.221+0000] {override.py:1911} INFO - Created Permission View: can delete on DAG Run:example_xcom_args
[2024-12-07T17:22:32.238+0000] {logging_mixin.py:190} INFO - [2024-12-07T17:22:32.238+0000] {override.py:1911} INFO - Created Permission View: can read on DAG Run:example_xcom_args
[2024-12-07T17:22:32.256+0000] {logging_mixin.py:190} INFO - [2024-12-07T17:22:32.255+0000] {override.py:1911} INFO - Created Permission View: can create on DAG Run:example_xcom_args
[2024-12-07T17:22:32.295+0000] {logging_mixin.py:190} INFO - [2024-12-07T17:22:32.295+0000] {override.py:1911} INFO - Created Permission View: can delete on DAG:example_xcom_args_with_operators
[2024-12-07T17:22:32.314+0000] {logging_mixin.py:190} INFO - [2024-12-07T17:22:32.314+0000] {override.py:1911} INFO - Created Permission View: can read on DAG:example_xcom_args_with_operators
[2024-12-07T17:22:32.338+0000] {logging_mixin.py:190} INFO - [2024-12-07T17:22:32.337+0000] {override.py:1911} INFO - Created Permission View: can edit on DAG:example_xcom_args_with_operators
[2024-12-07T17:22:32.357+0000] {logging_mixin.py:190} INFO - [2024-12-07T17:22:32.357+0000] {override.py:1911} INFO - Created Permission View: menu access on DAG Run:example_xcom_args_with_operators
[2024-12-07T17:22:32.385+0000] {logging_mixin.py:190} INFO - [2024-12-07T17:22:32.384+0000] {override.py:1911} INFO - Created Permission View: can delete on DAG Run:example_xcom_args_with_operators
[2024-12-07T17:22:32.404+0000] {logging_mixin.py:190} INFO - [2024-12-07T17:22:32.403+0000] {override.py:1911} INFO - Created Permission View: can read on DAG Run:example_xcom_args_with_operators
[2024-12-07T17:22:32.423+0000] {logging_mixin.py:190} INFO - [2024-12-07T17:22:32.422+0000] {override.py:1911} INFO - Created Permission View: can create on DAG Run:example_xcom_args_with_operators
[2024-12-07T17:22:32.424+0000] {logging_mixin.py:190} INFO - [2024-12-07T17:22:32.424+0000] {dag.py:3239} INFO - Sync 2 DAGs
[2024-12-07T17:22:32.459+0000] {logging_mixin.py:190} INFO - [2024-12-07T17:22:32.458+0000] {dag.py:3262} INFO - Creating ORM DAG for example_xcom_args
[2024-12-07T17:22:32.464+0000] {logging_mixin.py:190} INFO - [2024-12-07T17:22:32.463+0000] {dag.py:3262} INFO - Creating ORM DAG for example_xcom_args_with_operators
[2024-12-07T17:22:32.467+0000] {logging_mixin.py:190} INFO - [2024-12-07T17:22:32.466+0000] {dag.py:4180} INFO - Setting next_dagrun for example_xcom_args to None, run_after=None
[2024-12-07T17:22:32.473+0000] {logging_mixin.py:190} INFO - [2024-12-07T17:22:32.473+0000] {dag.py:4180} INFO - Setting next_dagrun for example_xcom_args_with_operators to None, run_after=None
[2024-12-07T17:22:32.525+0000] {processor.py:208} INFO - Processing /home/airflow/.local/lib/python3.12/site-packages/airflow/example_dags/example_xcomargs.py took 0.760 seconds
[2024-12-07T17:23:12.026+0000] {processor.py:186} INFO - Started process (PID=558) to work on /home/airflow/.local/lib/python3.12/site-packages/airflow/example_dags/example_xcomargs.py
[2024-12-07T17:23:12.028+0000] {processor.py:914} INFO - Processing file /home/airflow/.local/lib/python3.12/site-packages/airflow/example_dags/example_xcomargs.py for tasks to queue
[2024-12-07T17:23:12.032+0000] {logging_mixin.py:190} INFO - [2024-12-07T17:23:12.031+0000] {dagbag.py:588} INFO - Filling up the DagBag from /home/airflow/.local/lib/python3.12/site-packages/airflow/example_dags/example_xcomargs.py
[2024-12-07T17:23:12.050+0000] {processor.py:925} INFO - DAG(s) 'example_xcom_args_with_operators', 'example_xcom_args' retrieved from /home/airflow/.local/lib/python3.12/site-packages/airflow/example_dags/example_xcomargs.py
[2024-12-07T17:23:12.087+0000] {logging_mixin.py:190} INFO - [2024-12-07T17:23:12.087+0000] {dag.py:3239} INFO - Sync 2 DAGs
[2024-12-07T17:23:12.115+0000] {logging_mixin.py:190} INFO - [2024-12-07T17:23:12.115+0000] {dag.py:4180} INFO - Setting next_dagrun for example_xcom_args to None, run_after=None
[2024-12-07T17:23:12.123+0000] {logging_mixin.py:190} INFO - [2024-12-07T17:23:12.122+0000] {dag.py:4180} INFO - Setting next_dagrun for example_xcom_args_with_operators to None, run_after=None
[2024-12-07T17:23:12.160+0000] {processor.py:208} INFO - Processing /home/airflow/.local/lib/python3.12/site-packages/airflow/example_dags/example_xcomargs.py took 0.151 seconds
[2024-12-07T17:23:57.490+0000] {processor.py:186} INFO - Started process (PID=855) to work on /home/airflow/.local/lib/python3.12/site-packages/airflow/example_dags/example_xcomargs.py
[2024-12-07T17:23:57.491+0000] {processor.py:914} INFO - Processing file /home/airflow/.local/lib/python3.12/site-packages/airflow/example_dags/example_xcomargs.py for tasks to queue
[2024-12-07T17:23:57.495+0000] {logging_mixin.py:190} INFO - [2024-12-07T17:23:57.495+0000] {dagbag.py:588} INFO - Filling up the DagBag from /home/airflow/.local/lib/python3.12/site-packages/airflow/example_dags/example_xcomargs.py
[2024-12-07T17:23:57.544+0000] {processor.py:925} INFO - DAG(s) 'example_xcom_args_with_operators', 'example_xcom_args' retrieved from /home/airflow/.local/lib/python3.12/site-packages/airflow/example_dags/example_xcomargs.py
[2024-12-07T17:23:57.649+0000] {logging_mixin.py:190} INFO - [2024-12-07T17:23:57.649+0000] {dag.py:3239} INFO - Sync 2 DAGs
[2024-12-07T17:23:57.717+0000] {logging_mixin.py:190} INFO - [2024-12-07T17:23:57.716+0000] {dag.py:4180} INFO - Setting next_dagrun for example_xcom_args to None, run_after=None
[2024-12-07T17:23:57.730+0000] {logging_mixin.py:190} INFO - [2024-12-07T17:23:57.729+0000] {dag.py:4180} INFO - Setting next_dagrun for example_xcom_args_with_operators to None, run_after=None
[2024-12-07T17:23:57.793+0000] {processor.py:208} INFO - Processing /home/airflow/.local/lib/python3.12/site-packages/airflow/example_dags/example_xcomargs.py took 0.326 seconds
[2024-12-07T17:24:31.898+0000] {processor.py:186} INFO - Started process (PID=1146) to work on /home/airflow/.local/lib/python3.12/site-packages/airflow/example_dags/example_xcomargs.py
[2024-12-07T17:24:31.900+0000] {processor.py:914} INFO - Processing file /home/airflow/.local/lib/python3.12/site-packages/airflow/example_dags/example_xcomargs.py for tasks to queue
[2024-12-07T17:24:31.904+0000] {logging_mixin.py:190} INFO - [2024-12-07T17:24:31.904+0000] {dagbag.py:588} INFO - Filling up the DagBag from /home/airflow/.local/lib/python3.12/site-packages/airflow/example_dags/example_xcomargs.py
[2024-12-07T17:24:31.929+0000] {processor.py:925} INFO - DAG(s) 'example_xcom_args', 'example_xcom_args_with_operators' retrieved from /home/airflow/.local/lib/python3.12/site-packages/airflow/example_dags/example_xcomargs.py
[2024-12-07T17:24:32.000+0000] {logging_mixin.py:190} INFO - [2024-12-07T17:24:31.999+0000] {dag.py:3239} INFO - Sync 2 DAGs
[2024-12-07T17:24:32.079+0000] {logging_mixin.py:190} INFO - [2024-12-07T17:24:32.078+0000] {dag.py:4180} INFO - Setting next_dagrun for example_xcom_args to None, run_after=None
[2024-12-07T17:24:32.087+0000] {logging_mixin.py:190} INFO - [2024-12-07T17:24:32.087+0000] {dag.py:4180} INFO - Setting next_dagrun for example_xcom_args_with_operators to None, run_after=None
[2024-12-07T17:24:32.139+0000] {processor.py:208} INFO - Processing /home/airflow/.local/lib/python3.12/site-packages/airflow/example_dags/example_xcomargs.py took 0.255 seconds
[2024-12-07T17:25:02.783+0000] {processor.py:186} INFO - Started process (PID=1437) to work on /home/airflow/.local/lib/python3.12/site-packages/airflow/example_dags/example_xcomargs.py
[2024-12-07T17:25:02.785+0000] {processor.py:914} INFO - Processing file /home/airflow/.local/lib/python3.12/site-packages/airflow/example_dags/example_xcomargs.py for tasks to queue
[2024-12-07T17:25:02.791+0000] {logging_mixin.py:190} INFO - [2024-12-07T17:25:02.790+0000] {dagbag.py:588} INFO - Filling up the DagBag from /home/airflow/.local/lib/python3.12/site-packages/airflow/example_dags/example_xcomargs.py
[2024-12-07T17:25:02.810+0000] {processor.py:925} INFO - DAG(s) 'example_xcom_args', 'example_xcom_args_with_operators' retrieved from /home/airflow/.local/lib/python3.12/site-packages/airflow/example_dags/example_xcomargs.py
[2024-12-07T17:25:02.864+0000] {logging_mixin.py:190} INFO - [2024-12-07T17:25:02.864+0000] {dag.py:3239} INFO - Sync 2 DAGs
[2024-12-07T17:25:02.898+0000] {logging_mixin.py:190} INFO - [2024-12-07T17:25:02.896+0000] {dag.py:4180} INFO - Setting next_dagrun for example_xcom_args to None, run_after=None
[2024-12-07T17:25:02.905+0000] {logging_mixin.py:190} INFO - [2024-12-07T17:25:02.905+0000] {dag.py:4180} INFO - Setting next_dagrun for example_xcom_args_with_operators to None, run_after=None
[2024-12-07T17:25:02.941+0000] {processor.py:208} INFO - Processing /home/airflow/.local/lib/python3.12/site-packages/airflow/example_dags/example_xcomargs.py took 0.169 seconds
[2024-12-07T17:25:34.099+0000] {processor.py:186} INFO - Started process (PID=1729) to work on /home/airflow/.local/lib/python3.12/site-packages/airflow/example_dags/example_xcomargs.py
[2024-12-07T17:25:34.104+0000] {processor.py:914} INFO - Processing file /home/airflow/.local/lib/python3.12/site-packages/airflow/example_dags/example_xcomargs.py for tasks to queue
[2024-12-07T17:25:34.109+0000] {logging_mixin.py:190} INFO - [2024-12-07T17:25:34.109+0000] {dagbag.py:588} INFO - Filling up the DagBag from /home/airflow/.local/lib/python3.12/site-packages/airflow/example_dags/example_xcomargs.py
[2024-12-07T17:25:34.143+0000] {processor.py:925} INFO - DAG(s) 'example_xcom_args', 'example_xcom_args_with_operators' retrieved from /home/airflow/.local/lib/python3.12/site-packages/airflow/example_dags/example_xcomargs.py
[2024-12-07T17:25:34.209+0000] {logging_mixin.py:190} INFO - [2024-12-07T17:25:34.209+0000] {dag.py:3239} INFO - Sync 2 DAGs
[2024-12-07T17:25:34.247+0000] {logging_mixin.py:190} INFO - [2024-12-07T17:25:34.247+0000] {dag.py:4180} INFO - Setting next_dagrun for example_xcom_args to None, run_after=None
[2024-12-07T17:25:34.258+0000] {logging_mixin.py:190} INFO - [2024-12-07T17:25:34.257+0000] {dag.py:4180} INFO - Setting next_dagrun for example_xcom_args_with_operators to None, run_after=None
[2024-12-07T17:25:34.301+0000] {processor.py:208} INFO - Processing /home/airflow/.local/lib/python3.12/site-packages/airflow/example_dags/example_xcomargs.py took 0.218 seconds
[2024-12-07T17:26:05.755+0000] {processor.py:186} INFO - Started process (PID=2022) to work on /home/airflow/.local/lib/python3.12/site-packages/airflow/example_dags/example_xcomargs.py
[2024-12-07T17:26:05.758+0000] {processor.py:914} INFO - Processing file /home/airflow/.local/lib/python3.12/site-packages/airflow/example_dags/example_xcomargs.py for tasks to queue
[2024-12-07T17:26:05.765+0000] {logging_mixin.py:190} INFO - [2024-12-07T17:26:05.763+0000] {dagbag.py:588} INFO - Filling up the DagBag from /home/airflow/.local/lib/python3.12/site-packages/airflow/example_dags/example_xcomargs.py
[2024-12-07T17:26:05.790+0000] {processor.py:925} INFO - DAG(s) 'example_xcom_args_with_operators', 'example_xcom_args' retrieved from /home/airflow/.local/lib/python3.12/site-packages/airflow/example_dags/example_xcomargs.py
[2024-12-07T17:26:05.848+0000] {logging_mixin.py:190} INFO - [2024-12-07T17:26:05.847+0000] {dag.py:3239} INFO - Sync 2 DAGs
[2024-12-07T17:26:05.898+0000] {logging_mixin.py:190} INFO - [2024-12-07T17:26:05.898+0000] {dag.py:4180} INFO - Setting next_dagrun for example_xcom_args to None, run_after=None
[2024-12-07T17:26:05.905+0000] {logging_mixin.py:190} INFO - [2024-12-07T17:26:05.905+0000] {dag.py:4180} INFO - Setting next_dagrun for example_xcom_args_with_operators to None, run_after=None
[2024-12-07T17:26:05.942+0000] {processor.py:208} INFO - Processing /home/airflow/.local/lib/python3.12/site-packages/airflow/example_dags/example_xcomargs.py took 0.196 seconds
[2024-12-07T17:26:36.786+0000] {processor.py:186} INFO - Started process (PID=2310) to work on /home/airflow/.local/lib/python3.12/site-packages/airflow/example_dags/example_xcomargs.py
[2024-12-07T17:26:36.788+0000] {processor.py:914} INFO - Processing file /home/airflow/.local/lib/python3.12/site-packages/airflow/example_dags/example_xcomargs.py for tasks to queue
[2024-12-07T17:26:36.792+0000] {logging_mixin.py:190} INFO - [2024-12-07T17:26:36.792+0000] {dagbag.py:588} INFO - Filling up the DagBag from /home/airflow/.local/lib/python3.12/site-packages/airflow/example_dags/example_xcomargs.py
[2024-12-07T17:26:36.810+0000] {processor.py:925} INFO - DAG(s) 'example_xcom_args', 'example_xcom_args_with_operators' retrieved from /home/airflow/.local/lib/python3.12/site-packages/airflow/example_dags/example_xcomargs.py
[2024-12-07T17:26:36.855+0000] {logging_mixin.py:190} INFO - [2024-12-07T17:26:36.855+0000] {dag.py:3239} INFO - Sync 2 DAGs
[2024-12-07T17:26:36.875+0000] {logging_mixin.py:190} INFO - [2024-12-07T17:26:36.875+0000] {dag.py:4180} INFO - Setting next_dagrun for example_xcom_args to None, run_after=None
[2024-12-07T17:26:36.880+0000] {logging_mixin.py:190} INFO - [2024-12-07T17:26:36.880+0000] {dag.py:4180} INFO - Setting next_dagrun for example_xcom_args_with_operators to None, run_after=None
[2024-12-07T17:26:36.909+0000] {processor.py:208} INFO - Processing /home/airflow/.local/lib/python3.12/site-packages/airflow/example_dags/example_xcomargs.py took 0.132 seconds
[2024-12-07T17:27:07.930+0000] {processor.py:186} INFO - Started process (PID=2601) to work on /home/airflow/.local/lib/python3.12/site-packages/airflow/example_dags/example_xcomargs.py
[2024-12-07T17:27:07.931+0000] {processor.py:914} INFO - Processing file /home/airflow/.local/lib/python3.12/site-packages/airflow/example_dags/example_xcomargs.py for tasks to queue
[2024-12-07T17:27:07.936+0000] {logging_mixin.py:190} INFO - [2024-12-07T17:27:07.936+0000] {dagbag.py:588} INFO - Filling up the DagBag from /home/airflow/.local/lib/python3.12/site-packages/airflow/example_dags/example_xcomargs.py
[2024-12-07T17:27:07.953+0000] {processor.py:925} INFO - DAG(s) 'example_xcom_args', 'example_xcom_args_with_operators' retrieved from /home/airflow/.local/lib/python3.12/site-packages/airflow/example_dags/example_xcomargs.py
[2024-12-07T17:27:07.995+0000] {logging_mixin.py:190} INFO - [2024-12-07T17:27:07.995+0000] {dag.py:3239} INFO - Sync 2 DAGs
[2024-12-07T17:27:08.025+0000] {logging_mixin.py:190} INFO - [2024-12-07T17:27:08.024+0000] {dag.py:4180} INFO - Setting next_dagrun for example_xcom_args to None, run_after=None
[2024-12-07T17:27:08.033+0000] {logging_mixin.py:190} INFO - [2024-12-07T17:27:08.032+0000] {dag.py:4180} INFO - Setting next_dagrun for example_xcom_args_with_operators to None, run_after=None
[2024-12-07T17:27:08.058+0000] {processor.py:208} INFO - Processing /home/airflow/.local/lib/python3.12/site-packages/airflow/example_dags/example_xcomargs.py took 0.139 seconds
[2024-12-07T17:27:38.192+0000] {processor.py:186} INFO - Started process (PID=2889) to work on /home/airflow/.local/lib/python3.12/site-packages/airflow/example_dags/example_xcomargs.py
[2024-12-07T17:27:38.194+0000] {processor.py:914} INFO - Processing file /home/airflow/.local/lib/python3.12/site-packages/airflow/example_dags/example_xcomargs.py for tasks to queue
[2024-12-07T17:27:38.198+0000] {logging_mixin.py:190} INFO - [2024-12-07T17:27:38.196+0000] {dagbag.py:588} INFO - Filling up the DagBag from /home/airflow/.local/lib/python3.12/site-packages/airflow/example_dags/example_xcomargs.py
[2024-12-07T17:27:38.210+0000] {processor.py:925} INFO - DAG(s) 'example_xcom_args_with_operators', 'example_xcom_args' retrieved from /home/airflow/.local/lib/python3.12/site-packages/airflow/example_dags/example_xcomargs.py
[2024-12-07T17:27:38.240+0000] {logging_mixin.py:190} INFO - [2024-12-07T17:27:38.239+0000] {dag.py:3239} INFO - Sync 2 DAGs
[2024-12-07T17:27:38.259+0000] {logging_mixin.py:190} INFO - [2024-12-07T17:27:38.259+0000] {dag.py:4180} INFO - Setting next_dagrun for example_xcom_args to None, run_after=None
[2024-12-07T17:27:38.265+0000] {logging_mixin.py:190} INFO - [2024-12-07T17:27:38.265+0000] {dag.py:4180} INFO - Setting next_dagrun for example_xcom_args_with_operators to None, run_after=None
[2024-12-07T17:27:38.290+0000] {processor.py:208} INFO - Processing /home/airflow/.local/lib/python3.12/site-packages/airflow/example_dags/example_xcomargs.py took 0.106 seconds
[2024-12-07T17:28:09.056+0000] {processor.py:186} INFO - Started process (PID=3178) to work on /home/airflow/.local/lib/python3.12/site-packages/airflow/example_dags/example_xcomargs.py
[2024-12-07T17:28:09.068+0000] {processor.py:914} INFO - Processing file /home/airflow/.local/lib/python3.12/site-packages/airflow/example_dags/example_xcomargs.py for tasks to queue
[2024-12-07T17:28:09.073+0000] {logging_mixin.py:190} INFO - [2024-12-07T17:28:09.072+0000] {dagbag.py:588} INFO - Filling up the DagBag from /home/airflow/.local/lib/python3.12/site-packages/airflow/example_dags/example_xcomargs.py
[2024-12-07T17:28:09.150+0000] {processor.py:925} INFO - DAG(s) 'example_xcom_args', 'example_xcom_args_with_operators' retrieved from /home/airflow/.local/lib/python3.12/site-packages/airflow/example_dags/example_xcomargs.py
[2024-12-07T17:28:09.327+0000] {logging_mixin.py:190} INFO - [2024-12-07T17:28:09.327+0000] {dag.py:3239} INFO - Sync 2 DAGs
[2024-12-07T17:28:09.436+0000] {logging_mixin.py:190} INFO - [2024-12-07T17:28:09.425+0000] {dag.py:4180} INFO - Setting next_dagrun for example_xcom_args to None, run_after=None
[2024-12-07T17:28:09.455+0000] {logging_mixin.py:190} INFO - [2024-12-07T17:28:09.455+0000] {dag.py:4180} INFO - Setting next_dagrun for example_xcom_args_with_operators to None, run_after=None
[2024-12-07T17:28:09.555+0000] {processor.py:208} INFO - Processing /home/airflow/.local/lib/python3.12/site-packages/airflow/example_dags/example_xcomargs.py took 0.533 seconds
[2024-12-07T17:28:39.893+0000] {processor.py:186} INFO - Started process (PID=3471) to work on /home/airflow/.local/lib/python3.12/site-packages/airflow/example_dags/example_xcomargs.py
[2024-12-07T17:28:39.895+0000] {processor.py:914} INFO - Processing file /home/airflow/.local/lib/python3.12/site-packages/airflow/example_dags/example_xcomargs.py for tasks to queue
[2024-12-07T17:28:39.899+0000] {logging_mixin.py:190} INFO - [2024-12-07T17:28:39.898+0000] {dagbag.py:588} INFO - Filling up the DagBag from /home/airflow/.local/lib/python3.12/site-packages/airflow/example_dags/example_xcomargs.py
[2024-12-07T17:28:39.911+0000] {processor.py:925} INFO - DAG(s) 'example_xcom_args', 'example_xcom_args_with_operators' retrieved from /home/airflow/.local/lib/python3.12/site-packages/airflow/example_dags/example_xcomargs.py
[2024-12-07T17:28:39.945+0000] {logging_mixin.py:190} INFO - [2024-12-07T17:28:39.945+0000] {dag.py:3239} INFO - Sync 2 DAGs
[2024-12-07T17:28:39.969+0000] {logging_mixin.py:190} INFO - [2024-12-07T17:28:39.968+0000] {dag.py:4180} INFO - Setting next_dagrun for example_xcom_args to None, run_after=None
[2024-12-07T17:28:39.975+0000] {logging_mixin.py:190} INFO - [2024-12-07T17:28:39.974+0000] {dag.py:4180} INFO - Setting next_dagrun for example_xcom_args_with_operators to None, run_after=None
[2024-12-07T17:28:40.006+0000] {processor.py:208} INFO - Processing /home/airflow/.local/lib/python3.12/site-packages/airflow/example_dags/example_xcomargs.py took 0.123 seconds
[2024-12-07T17:29:10.240+0000] {processor.py:186} INFO - Started process (PID=3760) to work on /home/airflow/.local/lib/python3.12/site-packages/airflow/example_dags/example_xcomargs.py
[2024-12-07T17:29:10.242+0000] {processor.py:914} INFO - Processing file /home/airflow/.local/lib/python3.12/site-packages/airflow/example_dags/example_xcomargs.py for tasks to queue
[2024-12-07T17:29:10.246+0000] {logging_mixin.py:190} INFO - [2024-12-07T17:29:10.245+0000] {dagbag.py:588} INFO - Filling up the DagBag from /home/airflow/.local/lib/python3.12/site-packages/airflow/example_dags/example_xcomargs.py
[2024-12-07T17:29:10.260+0000] {processor.py:925} INFO - DAG(s) 'example_xcom_args_with_operators', 'example_xcom_args' retrieved from /home/airflow/.local/lib/python3.12/site-packages/airflow/example_dags/example_xcomargs.py
[2024-12-07T17:29:10.304+0000] {logging_mixin.py:190} INFO - [2024-12-07T17:29:10.304+0000] {dag.py:3239} INFO - Sync 2 DAGs
[2024-12-07T17:29:10.337+0000] {logging_mixin.py:190} INFO - [2024-12-07T17:29:10.336+0000] {dag.py:4180} INFO - Setting next_dagrun for example_xcom_args to None, run_after=None
[2024-12-07T17:29:10.344+0000] {logging_mixin.py:190} INFO - [2024-12-07T17:29:10.343+0000] {dag.py:4180} INFO - Setting next_dagrun for example_xcom_args_with_operators to None, run_after=None
[2024-12-07T17:29:10.377+0000] {processor.py:208} INFO - Processing /home/airflow/.local/lib/python3.12/site-packages/airflow/example_dags/example_xcomargs.py took 0.145 seconds
[2024-12-07T17:29:40.666+0000] {processor.py:186} INFO - Started process (PID=4053) to work on /home/airflow/.local/lib/python3.12/site-packages/airflow/example_dags/example_xcomargs.py
[2024-12-07T17:29:40.667+0000] {processor.py:914} INFO - Processing file /home/airflow/.local/lib/python3.12/site-packages/airflow/example_dags/example_xcomargs.py for tasks to queue
[2024-12-07T17:29:40.671+0000] {logging_mixin.py:190} INFO - [2024-12-07T17:29:40.670+0000] {dagbag.py:588} INFO - Filling up the DagBag from /home/airflow/.local/lib/python3.12/site-packages/airflow/example_dags/example_xcomargs.py
[2024-12-07T17:29:40.687+0000] {processor.py:925} INFO - DAG(s) 'example_xcom_args', 'example_xcom_args_with_operators' retrieved from /home/airflow/.local/lib/python3.12/site-packages/airflow/example_dags/example_xcomargs.py
[2024-12-07T17:29:40.739+0000] {logging_mixin.py:190} INFO - [2024-12-07T17:29:40.737+0000] {dag.py:3239} INFO - Sync 2 DAGs
[2024-12-07T17:29:40.795+0000] {logging_mixin.py:190} INFO - [2024-12-07T17:29:40.795+0000] {dag.py:4180} INFO - Setting next_dagrun for example_xcom_args to None, run_after=None
[2024-12-07T17:29:40.803+0000] {logging_mixin.py:190} INFO - [2024-12-07T17:29:40.802+0000] {dag.py:4180} INFO - Setting next_dagrun for example_xcom_args_with_operators to None, run_after=None
[2024-12-07T17:29:40.838+0000] {processor.py:208} INFO - Processing /home/airflow/.local/lib/python3.12/site-packages/airflow/example_dags/example_xcomargs.py took 0.180 seconds
[2024-12-07T17:30:11.549+0000] {processor.py:186} INFO - Started process (PID=4346) to work on /home/airflow/.local/lib/python3.12/site-packages/airflow/example_dags/example_xcomargs.py
[2024-12-07T17:30:11.551+0000] {processor.py:914} INFO - Processing file /home/airflow/.local/lib/python3.12/site-packages/airflow/example_dags/example_xcomargs.py for tasks to queue
[2024-12-07T17:30:11.555+0000] {logging_mixin.py:190} INFO - [2024-12-07T17:30:11.554+0000] {dagbag.py:588} INFO - Filling up the DagBag from /home/airflow/.local/lib/python3.12/site-packages/airflow/example_dags/example_xcomargs.py
[2024-12-07T17:30:11.574+0000] {processor.py:925} INFO - DAG(s) 'example_xcom_args', 'example_xcom_args_with_operators' retrieved from /home/airflow/.local/lib/python3.12/site-packages/airflow/example_dags/example_xcomargs.py
[2024-12-07T17:30:11.607+0000] {logging_mixin.py:190} INFO - [2024-12-07T17:30:11.606+0000] {dag.py:3239} INFO - Sync 2 DAGs
[2024-12-07T17:30:11.628+0000] {logging_mixin.py:190} INFO - [2024-12-07T17:30:11.628+0000] {dag.py:4180} INFO - Setting next_dagrun for example_xcom_args to None, run_after=None
[2024-12-07T17:30:11.633+0000] {logging_mixin.py:190} INFO - [2024-12-07T17:30:11.633+0000] {dag.py:4180} INFO - Setting next_dagrun for example_xcom_args_with_operators to None, run_after=None
[2024-12-07T17:30:11.660+0000] {processor.py:208} INFO - Processing /home/airflow/.local/lib/python3.12/site-packages/airflow/example_dags/example_xcomargs.py took 0.119 seconds
[2024-12-07T17:30:42.040+0000] {processor.py:186} INFO - Started process (PID=4635) to work on /home/airflow/.local/lib/python3.12/site-packages/airflow/example_dags/example_xcomargs.py
[2024-12-07T17:30:42.042+0000] {processor.py:914} INFO - Processing file /home/airflow/.local/lib/python3.12/site-packages/airflow/example_dags/example_xcomargs.py for tasks to queue
[2024-12-07T17:30:42.047+0000] {logging_mixin.py:190} INFO - [2024-12-07T17:30:42.047+0000] {dagbag.py:588} INFO - Filling up the DagBag from /home/airflow/.local/lib/python3.12/site-packages/airflow/example_dags/example_xcomargs.py
[2024-12-07T17:30:42.069+0000] {processor.py:925} INFO - DAG(s) 'example_xcom_args', 'example_xcom_args_with_operators' retrieved from /home/airflow/.local/lib/python3.12/site-packages/airflow/example_dags/example_xcomargs.py
[2024-12-07T17:30:42.119+0000] {logging_mixin.py:190} INFO - [2024-12-07T17:30:42.118+0000] {dag.py:3239} INFO - Sync 2 DAGs
[2024-12-07T17:30:42.151+0000] {logging_mixin.py:190} INFO - [2024-12-07T17:30:42.150+0000] {dag.py:4180} INFO - Setting next_dagrun for example_xcom_args to None, run_after=None
[2024-12-07T17:30:42.157+0000] {logging_mixin.py:190} INFO - [2024-12-07T17:30:42.157+0000] {dag.py:4180} INFO - Setting next_dagrun for example_xcom_args_with_operators to None, run_after=None
[2024-12-07T17:30:42.196+0000] {processor.py:208} INFO - Processing /home/airflow/.local/lib/python3.12/site-packages/airflow/example_dags/example_xcomargs.py took 0.166 seconds
[2024-12-07T17:31:12.719+0000] {processor.py:186} INFO - Started process (PID=4920) to work on /home/airflow/.local/lib/python3.12/site-packages/airflow/example_dags/example_xcomargs.py
[2024-12-07T17:31:12.721+0000] {processor.py:914} INFO - Processing file /home/airflow/.local/lib/python3.12/site-packages/airflow/example_dags/example_xcomargs.py for tasks to queue
[2024-12-07T17:31:12.725+0000] {logging_mixin.py:190} INFO - [2024-12-07T17:31:12.725+0000] {dagbag.py:588} INFO - Filling up the DagBag from /home/airflow/.local/lib/python3.12/site-packages/airflow/example_dags/example_xcomargs.py
[2024-12-07T17:31:12.748+0000] {processor.py:925} INFO - DAG(s) 'example_xcom_args_with_operators', 'example_xcom_args' retrieved from /home/airflow/.local/lib/python3.12/site-packages/airflow/example_dags/example_xcomargs.py
[2024-12-07T17:31:12.787+0000] {logging_mixin.py:190} INFO - [2024-12-07T17:31:12.786+0000] {dag.py:3239} INFO - Sync 2 DAGs
[2024-12-07T17:31:12.821+0000] {logging_mixin.py:190} INFO - [2024-12-07T17:31:12.820+0000] {dag.py:4180} INFO - Setting next_dagrun for example_xcom_args to None, run_after=None
[2024-12-07T17:31:12.828+0000] {logging_mixin.py:190} INFO - [2024-12-07T17:31:12.828+0000] {dag.py:4180} INFO - Setting next_dagrun for example_xcom_args_with_operators to None, run_after=None
[2024-12-07T17:31:12.854+0000] {processor.py:208} INFO - Processing /home/airflow/.local/lib/python3.12/site-packages/airflow/example_dags/example_xcomargs.py took 0.149 seconds
[2024-12-07T17:31:43.354+0000] {processor.py:186} INFO - Started process (PID=5211) to work on /home/airflow/.local/lib/python3.12/site-packages/airflow/example_dags/example_xcomargs.py
[2024-12-07T17:31:43.356+0000] {processor.py:914} INFO - Processing file /home/airflow/.local/lib/python3.12/site-packages/airflow/example_dags/example_xcomargs.py for tasks to queue
[2024-12-07T17:31:43.361+0000] {logging_mixin.py:190} INFO - [2024-12-07T17:31:43.360+0000] {dagbag.py:588} INFO - Filling up the DagBag from /home/airflow/.local/lib/python3.12/site-packages/airflow/example_dags/example_xcomargs.py
[2024-12-07T17:31:43.377+0000] {processor.py:925} INFO - DAG(s) 'example_xcom_args_with_operators', 'example_xcom_args' retrieved from /home/airflow/.local/lib/python3.12/site-packages/airflow/example_dags/example_xcomargs.py
[2024-12-07T17:31:43.430+0000] {logging_mixin.py:190} INFO - [2024-12-07T17:31:43.430+0000] {dag.py:3239} INFO - Sync 2 DAGs
[2024-12-07T17:31:43.466+0000] {logging_mixin.py:190} INFO - [2024-12-07T17:31:43.466+0000] {dag.py:4180} INFO - Setting next_dagrun for example_xcom_args to None, run_after=None
[2024-12-07T17:31:43.475+0000] {logging_mixin.py:190} INFO - [2024-12-07T17:31:43.475+0000] {dag.py:4180} INFO - Setting next_dagrun for example_xcom_args_with_operators to None, run_after=None
[2024-12-07T17:31:43.513+0000] {processor.py:208} INFO - Processing /home/airflow/.local/lib/python3.12/site-packages/airflow/example_dags/example_xcomargs.py took 0.168 seconds
[2024-12-07T17:32:14.185+0000] {processor.py:186} INFO - Started process (PID=5497) to work on /home/airflow/.local/lib/python3.12/site-packages/airflow/example_dags/example_xcomargs.py
[2024-12-07T17:32:14.186+0000] {processor.py:914} INFO - Processing file /home/airflow/.local/lib/python3.12/site-packages/airflow/example_dags/example_xcomargs.py for tasks to queue
[2024-12-07T17:32:14.191+0000] {logging_mixin.py:190} INFO - [2024-12-07T17:32:14.190+0000] {dagbag.py:588} INFO - Filling up the DagBag from /home/airflow/.local/lib/python3.12/site-packages/airflow/example_dags/example_xcomargs.py
[2024-12-07T17:32:14.216+0000] {processor.py:925} INFO - DAG(s) 'example_xcom_args', 'example_xcom_args_with_operators' retrieved from /home/airflow/.local/lib/python3.12/site-packages/airflow/example_dags/example_xcomargs.py
[2024-12-07T17:32:14.253+0000] {logging_mixin.py:190} INFO - [2024-12-07T17:32:14.252+0000] {dag.py:3239} INFO - Sync 2 DAGs
[2024-12-07T17:32:14.281+0000] {logging_mixin.py:190} INFO - [2024-12-07T17:32:14.280+0000] {dag.py:4180} INFO - Setting next_dagrun for example_xcom_args to None, run_after=None
[2024-12-07T17:32:14.287+0000] {logging_mixin.py:190} INFO - [2024-12-07T17:32:14.287+0000] {dag.py:4180} INFO - Setting next_dagrun for example_xcom_args_with_operators to None, run_after=None
[2024-12-07T17:32:14.321+0000] {processor.py:208} INFO - Processing /home/airflow/.local/lib/python3.12/site-packages/airflow/example_dags/example_xcomargs.py took 0.143 seconds
[2024-12-07T17:32:45.177+0000] {processor.py:186} INFO - Started process (PID=5787) to work on /home/airflow/.local/lib/python3.12/site-packages/airflow/example_dags/example_xcomargs.py
[2024-12-07T17:32:45.178+0000] {processor.py:914} INFO - Processing file /home/airflow/.local/lib/python3.12/site-packages/airflow/example_dags/example_xcomargs.py for tasks to queue
[2024-12-07T17:32:45.182+0000] {logging_mixin.py:190} INFO - [2024-12-07T17:32:45.181+0000] {dagbag.py:588} INFO - Filling up the DagBag from /home/airflow/.local/lib/python3.12/site-packages/airflow/example_dags/example_xcomargs.py
[2024-12-07T17:32:45.204+0000] {processor.py:925} INFO - DAG(s) 'example_xcom_args_with_operators', 'example_xcom_args' retrieved from /home/airflow/.local/lib/python3.12/site-packages/airflow/example_dags/example_xcomargs.py
[2024-12-07T17:32:45.243+0000] {logging_mixin.py:190} INFO - [2024-12-07T17:32:45.242+0000] {dag.py:3239} INFO - Sync 2 DAGs
[2024-12-07T17:32:45.265+0000] {logging_mixin.py:190} INFO - [2024-12-07T17:32:45.265+0000] {dag.py:4180} INFO - Setting next_dagrun for example_xcom_args to None, run_after=None
[2024-12-07T17:32:45.271+0000] {logging_mixin.py:190} INFO - [2024-12-07T17:32:45.271+0000] {dag.py:4180} INFO - Setting next_dagrun for example_xcom_args_with_operators to None, run_after=None
[2024-12-07T17:32:45.299+0000] {processor.py:208} INFO - Processing /home/airflow/.local/lib/python3.12/site-packages/airflow/example_dags/example_xcomargs.py took 0.136 seconds
[2024-12-07T17:33:15.463+0000] {processor.py:186} INFO - Started process (PID=6077) to work on /home/airflow/.local/lib/python3.12/site-packages/airflow/example_dags/example_xcomargs.py
[2024-12-07T17:33:15.465+0000] {processor.py:914} INFO - Processing file /home/airflow/.local/lib/python3.12/site-packages/airflow/example_dags/example_xcomargs.py for tasks to queue
[2024-12-07T17:33:15.467+0000] {logging_mixin.py:190} INFO - [2024-12-07T17:33:15.467+0000] {dagbag.py:588} INFO - Filling up the DagBag from /home/airflow/.local/lib/python3.12/site-packages/airflow/example_dags/example_xcomargs.py
[2024-12-07T17:33:15.481+0000] {processor.py:925} INFO - DAG(s) 'example_xcom_args_with_operators', 'example_xcom_args' retrieved from /home/airflow/.local/lib/python3.12/site-packages/airflow/example_dags/example_xcomargs.py
[2024-12-07T17:33:15.512+0000] {logging_mixin.py:190} INFO - [2024-12-07T17:33:15.512+0000] {dag.py:3239} INFO - Sync 2 DAGs
[2024-12-07T17:33:15.538+0000] {logging_mixin.py:190} INFO - [2024-12-07T17:33:15.538+0000] {dag.py:4180} INFO - Setting next_dagrun for example_xcom_args to None, run_after=None
[2024-12-07T17:33:15.545+0000] {logging_mixin.py:190} INFO - [2024-12-07T17:33:15.545+0000] {dag.py:4180} INFO - Setting next_dagrun for example_xcom_args_with_operators to None, run_after=None
[2024-12-07T17:33:15.572+0000] {processor.py:208} INFO - Processing /home/airflow/.local/lib/python3.12/site-packages/airflow/example_dags/example_xcomargs.py took 0.119 seconds
[2024-12-07T17:33:46.016+0000] {processor.py:186} INFO - Started process (PID=6368) to work on /home/airflow/.local/lib/python3.12/site-packages/airflow/example_dags/example_xcomargs.py
[2024-12-07T17:33:46.018+0000] {processor.py:914} INFO - Processing file /home/airflow/.local/lib/python3.12/site-packages/airflow/example_dags/example_xcomargs.py for tasks to queue
[2024-12-07T17:33:46.021+0000] {logging_mixin.py:190} INFO - [2024-12-07T17:33:46.020+0000] {dagbag.py:588} INFO - Filling up the DagBag from /home/airflow/.local/lib/python3.12/site-packages/airflow/example_dags/example_xcomargs.py
[2024-12-07T17:33:46.037+0000] {processor.py:925} INFO - DAG(s) 'example_xcom_args_with_operators', 'example_xcom_args' retrieved from /home/airflow/.local/lib/python3.12/site-packages/airflow/example_dags/example_xcomargs.py
[2024-12-07T17:33:46.063+0000] {logging_mixin.py:190} INFO - [2024-12-07T17:33:46.063+0000] {dag.py:3239} INFO - Sync 2 DAGs
[2024-12-07T17:33:46.081+0000] {logging_mixin.py:190} INFO - [2024-12-07T17:33:46.081+0000] {dag.py:4180} INFO - Setting next_dagrun for example_xcom_args to None, run_after=None
[2024-12-07T17:33:46.086+0000] {logging_mixin.py:190} INFO - [2024-12-07T17:33:46.085+0000] {dag.py:4180} INFO - Setting next_dagrun for example_xcom_args_with_operators to None, run_after=None
[2024-12-07T17:33:46.556+0000] {processor.py:208} INFO - Processing /home/airflow/.local/lib/python3.12/site-packages/airflow/example_dags/example_xcomargs.py took 0.548 seconds
[2024-12-07T17:34:17.267+0000] {processor.py:186} INFO - Started process (PID=6661) to work on /home/airflow/.local/lib/python3.12/site-packages/airflow/example_dags/example_xcomargs.py
[2024-12-07T17:34:17.268+0000] {processor.py:914} INFO - Processing file /home/airflow/.local/lib/python3.12/site-packages/airflow/example_dags/example_xcomargs.py for tasks to queue
[2024-12-07T17:34:17.271+0000] {logging_mixin.py:190} INFO - [2024-12-07T17:34:17.271+0000] {dagbag.py:588} INFO - Filling up the DagBag from /home/airflow/.local/lib/python3.12/site-packages/airflow/example_dags/example_xcomargs.py
[2024-12-07T17:34:17.285+0000] {processor.py:925} INFO - DAG(s) 'example_xcom_args', 'example_xcom_args_with_operators' retrieved from /home/airflow/.local/lib/python3.12/site-packages/airflow/example_dags/example_xcomargs.py
[2024-12-07T17:34:17.314+0000] {logging_mixin.py:190} INFO - [2024-12-07T17:34:17.314+0000] {dag.py:3239} INFO - Sync 2 DAGs
[2024-12-07T17:34:17.332+0000] {logging_mixin.py:190} INFO - [2024-12-07T17:34:17.332+0000] {dag.py:4180} INFO - Setting next_dagrun for example_xcom_args to None, run_after=None
[2024-12-07T17:34:17.337+0000] {logging_mixin.py:190} INFO - [2024-12-07T17:34:17.337+0000] {dag.py:4180} INFO - Setting next_dagrun for example_xcom_args_with_operators to None, run_after=None
[2024-12-07T17:34:17.360+0000] {processor.py:208} INFO - Processing /home/airflow/.local/lib/python3.12/site-packages/airflow/example_dags/example_xcomargs.py took 0.101 seconds
[2024-12-07T17:34:47.794+0000] {processor.py:186} INFO - Started process (PID=6952) to work on /home/airflow/.local/lib/python3.12/site-packages/airflow/example_dags/example_xcomargs.py
[2024-12-07T17:34:47.796+0000] {processor.py:914} INFO - Processing file /home/airflow/.local/lib/python3.12/site-packages/airflow/example_dags/example_xcomargs.py for tasks to queue
[2024-12-07T17:34:47.799+0000] {logging_mixin.py:190} INFO - [2024-12-07T17:34:47.798+0000] {dagbag.py:588} INFO - Filling up the DagBag from /home/airflow/.local/lib/python3.12/site-packages/airflow/example_dags/example_xcomargs.py
[2024-12-07T17:34:47.812+0000] {processor.py:925} INFO - DAG(s) 'example_xcom_args', 'example_xcom_args_with_operators' retrieved from /home/airflow/.local/lib/python3.12/site-packages/airflow/example_dags/example_xcomargs.py
[2024-12-07T17:34:47.840+0000] {logging_mixin.py:190} INFO - [2024-12-07T17:34:47.840+0000] {dag.py:3239} INFO - Sync 2 DAGs
[2024-12-07T17:34:47.858+0000] {logging_mixin.py:190} INFO - [2024-12-07T17:34:47.858+0000] {dag.py:4180} INFO - Setting next_dagrun for example_xcom_args to None, run_after=None
[2024-12-07T17:34:47.863+0000] {logging_mixin.py:190} INFO - [2024-12-07T17:34:47.863+0000] {dag.py:4180} INFO - Setting next_dagrun for example_xcom_args_with_operators to None, run_after=None
[2024-12-07T17:34:47.886+0000] {processor.py:208} INFO - Processing /home/airflow/.local/lib/python3.12/site-packages/airflow/example_dags/example_xcomargs.py took 0.098 seconds
[2024-12-07T17:35:18.379+0000] {processor.py:186} INFO - Started process (PID=7241) to work on /home/airflow/.local/lib/python3.12/site-packages/airflow/example_dags/example_xcomargs.py
[2024-12-07T17:35:18.383+0000] {processor.py:914} INFO - Processing file /home/airflow/.local/lib/python3.12/site-packages/airflow/example_dags/example_xcomargs.py for tasks to queue
[2024-12-07T17:35:18.396+0000] {logging_mixin.py:190} INFO - [2024-12-07T17:35:18.395+0000] {dagbag.py:588} INFO - Filling up the DagBag from /home/airflow/.local/lib/python3.12/site-packages/airflow/example_dags/example_xcomargs.py
[2024-12-07T17:35:18.443+0000] {processor.py:925} INFO - DAG(s) 'example_xcom_args', 'example_xcom_args_with_operators' retrieved from /home/airflow/.local/lib/python3.12/site-packages/airflow/example_dags/example_xcomargs.py
[2024-12-07T17:35:18.520+0000] {logging_mixin.py:190} INFO - [2024-12-07T17:35:18.518+0000] {dag.py:3239} INFO - Sync 2 DAGs
[2024-12-07T17:35:18.566+0000] {logging_mixin.py:190} INFO - [2024-12-07T17:35:18.565+0000] {dag.py:4180} INFO - Setting next_dagrun for example_xcom_args to None, run_after=None
[2024-12-07T17:35:18.576+0000] {logging_mixin.py:190} INFO - [2024-12-07T17:35:18.576+0000] {dag.py:4180} INFO - Setting next_dagrun for example_xcom_args_with_operators to None, run_after=None
[2024-12-07T17:35:18.630+0000] {processor.py:208} INFO - Processing /home/airflow/.local/lib/python3.12/site-packages/airflow/example_dags/example_xcomargs.py took 0.273 seconds
[2024-12-07T17:35:49.110+0000] {processor.py:186} INFO - Started process (PID=7532) to work on /home/airflow/.local/lib/python3.12/site-packages/airflow/example_dags/example_xcomargs.py
[2024-12-07T17:35:49.119+0000] {processor.py:914} INFO - Processing file /home/airflow/.local/lib/python3.12/site-packages/airflow/example_dags/example_xcomargs.py for tasks to queue
[2024-12-07T17:35:49.125+0000] {logging_mixin.py:190} INFO - [2024-12-07T17:35:49.124+0000] {dagbag.py:588} INFO - Filling up the DagBag from /home/airflow/.local/lib/python3.12/site-packages/airflow/example_dags/example_xcomargs.py
[2024-12-07T17:35:49.171+0000] {processor.py:925} INFO - DAG(s) 'example_xcom_args_with_operators', 'example_xcom_args' retrieved from /home/airflow/.local/lib/python3.12/site-packages/airflow/example_dags/example_xcomargs.py
[2024-12-07T17:35:49.283+0000] {logging_mixin.py:190} INFO - [2024-12-07T17:35:49.283+0000] {dag.py:3239} INFO - Sync 2 DAGs
[2024-12-07T17:35:49.365+0000] {logging_mixin.py:190} INFO - [2024-12-07T17:35:49.364+0000] {dag.py:4180} INFO - Setting next_dagrun for example_xcom_args to None, run_after=None
[2024-12-07T17:35:49.402+0000] {logging_mixin.py:190} INFO - [2024-12-07T17:35:49.401+0000] {dag.py:4180} INFO - Setting next_dagrun for example_xcom_args_with_operators to None, run_after=None
[2024-12-07T17:35:49.549+0000] {processor.py:208} INFO - Processing /home/airflow/.local/lib/python3.12/site-packages/airflow/example_dags/example_xcomargs.py took 0.460 seconds
[2024-12-07T17:36:19.874+0000] {processor.py:186} INFO - Started process (PID=7830) to work on /home/airflow/.local/lib/python3.12/site-packages/airflow/example_dags/example_xcomargs.py
[2024-12-07T17:36:19.875+0000] {processor.py:914} INFO - Processing file /home/airflow/.local/lib/python3.12/site-packages/airflow/example_dags/example_xcomargs.py for tasks to queue
[2024-12-07T17:36:19.881+0000] {logging_mixin.py:190} INFO - [2024-12-07T17:36:19.881+0000] {dagbag.py:588} INFO - Filling up the DagBag from /home/airflow/.local/lib/python3.12/site-packages/airflow/example_dags/example_xcomargs.py
[2024-12-07T17:36:19.902+0000] {processor.py:925} INFO - DAG(s) 'example_xcom_args', 'example_xcom_args_with_operators' retrieved from /home/airflow/.local/lib/python3.12/site-packages/airflow/example_dags/example_xcomargs.py
[2024-12-07T17:36:19.951+0000] {logging_mixin.py:190} INFO - [2024-12-07T17:36:19.950+0000] {dag.py:3239} INFO - Sync 2 DAGs
[2024-12-07T17:36:19.981+0000] {logging_mixin.py:190} INFO - [2024-12-07T17:36:19.980+0000] {dag.py:4180} INFO - Setting next_dagrun for example_xcom_args to None, run_after=None
[2024-12-07T17:36:19.988+0000] {logging_mixin.py:190} INFO - [2024-12-07T17:36:19.988+0000] {dag.py:4180} INFO - Setting next_dagrun for example_xcom_args_with_operators to None, run_after=None
[2024-12-07T17:36:20.015+0000] {processor.py:208} INFO - Processing /home/airflow/.local/lib/python3.12/site-packages/airflow/example_dags/example_xcomargs.py took 0.150 seconds
[2024-12-07T17:36:55.967+0000] {processor.py:186} INFO - Started process (PID=8122) to work on /home/airflow/.local/lib/python3.12/site-packages/airflow/example_dags/example_xcomargs.py
[2024-12-07T17:36:55.970+0000] {processor.py:914} INFO - Processing file /home/airflow/.local/lib/python3.12/site-packages/airflow/example_dags/example_xcomargs.py for tasks to queue
[2024-12-07T17:36:55.978+0000] {logging_mixin.py:190} INFO - [2024-12-07T17:36:55.977+0000] {dagbag.py:588} INFO - Filling up the DagBag from /home/airflow/.local/lib/python3.12/site-packages/airflow/example_dags/example_xcomargs.py
[2024-12-07T17:36:56.002+0000] {processor.py:925} INFO - DAG(s) 'example_xcom_args', 'example_xcom_args_with_operators' retrieved from /home/airflow/.local/lib/python3.12/site-packages/airflow/example_dags/example_xcomargs.py
[2024-12-07T17:36:56.174+0000] {logging_mixin.py:190} INFO - [2024-12-07T17:36:56.173+0000] {dag.py:3239} INFO - Sync 2 DAGs
[2024-12-07T17:36:56.284+0000] {logging_mixin.py:190} INFO - [2024-12-07T17:36:56.283+0000] {dag.py:4180} INFO - Setting next_dagrun for example_xcom_args to None, run_after=None
[2024-12-07T17:36:56.300+0000] {logging_mixin.py:190} INFO - [2024-12-07T17:36:56.299+0000] {dag.py:4180} INFO - Setting next_dagrun for example_xcom_args_with_operators to None, run_after=None
[2024-12-07T17:36:56.367+0000] {processor.py:208} INFO - Processing /home/airflow/.local/lib/python3.12/site-packages/airflow/example_dags/example_xcomargs.py took 0.411 seconds
[2024-12-07T17:37:26.821+0000] {processor.py:186} INFO - Started process (PID=8413) to work on /home/airflow/.local/lib/python3.12/site-packages/airflow/example_dags/example_xcomargs.py
[2024-12-07T17:37:26.823+0000] {processor.py:914} INFO - Processing file /home/airflow/.local/lib/python3.12/site-packages/airflow/example_dags/example_xcomargs.py for tasks to queue
[2024-12-07T17:37:26.827+0000] {logging_mixin.py:190} INFO - [2024-12-07T17:37:26.827+0000] {dagbag.py:588} INFO - Filling up the DagBag from /home/airflow/.local/lib/python3.12/site-packages/airflow/example_dags/example_xcomargs.py
[2024-12-07T17:37:26.860+0000] {processor.py:925} INFO - DAG(s) 'example_xcom_args', 'example_xcom_args_with_operators' retrieved from /home/airflow/.local/lib/python3.12/site-packages/airflow/example_dags/example_xcomargs.py
[2024-12-07T17:37:26.927+0000] {logging_mixin.py:190} INFO - [2024-12-07T17:37:26.926+0000] {dag.py:3239} INFO - Sync 2 DAGs
[2024-12-07T17:37:26.959+0000] {logging_mixin.py:190} INFO - [2024-12-07T17:37:26.959+0000] {dag.py:4180} INFO - Setting next_dagrun for example_xcom_args to None, run_after=None
[2024-12-07T17:37:26.966+0000] {logging_mixin.py:190} INFO - [2024-12-07T17:37:26.965+0000] {dag.py:4180} INFO - Setting next_dagrun for example_xcom_args_with_operators to None, run_after=None
[2024-12-07T17:37:27.007+0000] {processor.py:208} INFO - Processing /home/airflow/.local/lib/python3.12/site-packages/airflow/example_dags/example_xcomargs.py took 0.209 seconds
[2024-12-07T17:37:57.506+0000] {processor.py:186} INFO - Started process (PID=8701) to work on /home/airflow/.local/lib/python3.12/site-packages/airflow/example_dags/example_xcomargs.py
[2024-12-07T17:37:57.508+0000] {processor.py:914} INFO - Processing file /home/airflow/.local/lib/python3.12/site-packages/airflow/example_dags/example_xcomargs.py for tasks to queue
[2024-12-07T17:37:57.513+0000] {logging_mixin.py:190} INFO - [2024-12-07T17:37:57.511+0000] {dagbag.py:588} INFO - Filling up the DagBag from /home/airflow/.local/lib/python3.12/site-packages/airflow/example_dags/example_xcomargs.py
[2024-12-07T17:37:57.543+0000] {processor.py:925} INFO - DAG(s) 'example_xcom_args', 'example_xcom_args_with_operators' retrieved from /home/airflow/.local/lib/python3.12/site-packages/airflow/example_dags/example_xcomargs.py
[2024-12-07T17:37:57.609+0000] {logging_mixin.py:190} INFO - [2024-12-07T17:37:57.608+0000] {dag.py:3239} INFO - Sync 2 DAGs
[2024-12-07T17:37:57.668+0000] {logging_mixin.py:190} INFO - [2024-12-07T17:37:57.668+0000] {dag.py:4180} INFO - Setting next_dagrun for example_xcom_args to None, run_after=None
[2024-12-07T17:37:57.686+0000] {logging_mixin.py:190} INFO - [2024-12-07T17:37:57.685+0000] {dag.py:4180} INFO - Setting next_dagrun for example_xcom_args_with_operators to None, run_after=None
[2024-12-07T17:37:57.806+0000] {processor.py:208} INFO - Processing /home/airflow/.local/lib/python3.12/site-packages/airflow/example_dags/example_xcomargs.py took 0.318 seconds
[2024-12-07T17:38:28.434+0000] {processor.py:186} INFO - Started process (PID=8990) to work on /home/airflow/.local/lib/python3.12/site-packages/airflow/example_dags/example_xcomargs.py
[2024-12-07T17:38:28.437+0000] {processor.py:914} INFO - Processing file /home/airflow/.local/lib/python3.12/site-packages/airflow/example_dags/example_xcomargs.py for tasks to queue
[2024-12-07T17:38:28.450+0000] {logging_mixin.py:190} INFO - [2024-12-07T17:38:28.449+0000] {dagbag.py:588} INFO - Filling up the DagBag from /home/airflow/.local/lib/python3.12/site-packages/airflow/example_dags/example_xcomargs.py
[2024-12-07T17:38:28.500+0000] {processor.py:925} INFO - DAG(s) 'example_xcom_args_with_operators', 'example_xcom_args' retrieved from /home/airflow/.local/lib/python3.12/site-packages/airflow/example_dags/example_xcomargs.py
[2024-12-07T17:38:28.559+0000] {logging_mixin.py:190} INFO - [2024-12-07T17:38:28.559+0000] {dag.py:3239} INFO - Sync 2 DAGs
[2024-12-07T17:38:28.612+0000] {logging_mixin.py:190} INFO - [2024-12-07T17:38:28.612+0000] {dag.py:4180} INFO - Setting next_dagrun for example_xcom_args to None, run_after=None
[2024-12-07T17:38:28.624+0000] {logging_mixin.py:190} INFO - [2024-12-07T17:38:28.624+0000] {dag.py:4180} INFO - Setting next_dagrun for example_xcom_args_with_operators to None, run_after=None
[2024-12-07T17:38:28.714+0000] {processor.py:208} INFO - Processing /home/airflow/.local/lib/python3.12/site-packages/airflow/example_dags/example_xcomargs.py took 0.305 seconds
[2024-12-07T17:38:59.605+0000] {processor.py:186} INFO - Started process (PID=9278) to work on /home/airflow/.local/lib/python3.12/site-packages/airflow/example_dags/example_xcomargs.py
[2024-12-07T17:38:59.607+0000] {processor.py:914} INFO - Processing file /home/airflow/.local/lib/python3.12/site-packages/airflow/example_dags/example_xcomargs.py for tasks to queue
[2024-12-07T17:38:59.610+0000] {logging_mixin.py:190} INFO - [2024-12-07T17:38:59.610+0000] {dagbag.py:588} INFO - Filling up the DagBag from /home/airflow/.local/lib/python3.12/site-packages/airflow/example_dags/example_xcomargs.py
[2024-12-07T17:38:59.633+0000] {processor.py:925} INFO - DAG(s) 'example_xcom_args', 'example_xcom_args_with_operators' retrieved from /home/airflow/.local/lib/python3.12/site-packages/airflow/example_dags/example_xcomargs.py
[2024-12-07T17:38:59.671+0000] {logging_mixin.py:190} INFO - [2024-12-07T17:38:59.671+0000] {dag.py:3239} INFO - Sync 2 DAGs
[2024-12-07T17:38:59.698+0000] {logging_mixin.py:190} INFO - [2024-12-07T17:38:59.698+0000] {dag.py:4180} INFO - Setting next_dagrun for example_xcom_args to None, run_after=None
[2024-12-07T17:38:59.704+0000] {logging_mixin.py:190} INFO - [2024-12-07T17:38:59.704+0000] {dag.py:4180} INFO - Setting next_dagrun for example_xcom_args_with_operators to None, run_after=None
[2024-12-07T17:38:59.735+0000] {processor.py:208} INFO - Processing /home/airflow/.local/lib/python3.12/site-packages/airflow/example_dags/example_xcomargs.py took 0.140 seconds
[2024-12-07T17:39:30.445+0000] {processor.py:186} INFO - Started process (PID=9570) to work on /home/airflow/.local/lib/python3.12/site-packages/airflow/example_dags/example_xcomargs.py
[2024-12-07T17:39:30.447+0000] {processor.py:914} INFO - Processing file /home/airflow/.local/lib/python3.12/site-packages/airflow/example_dags/example_xcomargs.py for tasks to queue
[2024-12-07T17:39:30.451+0000] {logging_mixin.py:190} INFO - [2024-12-07T17:39:30.450+0000] {dagbag.py:588} INFO - Filling up the DagBag from /home/airflow/.local/lib/python3.12/site-packages/airflow/example_dags/example_xcomargs.py
[2024-12-07T17:39:30.469+0000] {processor.py:925} INFO - DAG(s) 'example_xcom_args', 'example_xcom_args_with_operators' retrieved from /home/airflow/.local/lib/python3.12/site-packages/airflow/example_dags/example_xcomargs.py
[2024-12-07T17:39:30.514+0000] {logging_mixin.py:190} INFO - [2024-12-07T17:39:30.513+0000] {dag.py:3239} INFO - Sync 2 DAGs
[2024-12-07T17:39:30.546+0000] {logging_mixin.py:190} INFO - [2024-12-07T17:39:30.545+0000] {dag.py:4180} INFO - Setting next_dagrun for example_xcom_args to None, run_after=None
[2024-12-07T17:39:30.556+0000] {logging_mixin.py:190} INFO - [2024-12-07T17:39:30.556+0000] {dag.py:4180} INFO - Setting next_dagrun for example_xcom_args_with_operators to None, run_after=None
[2024-12-07T17:39:30.602+0000] {processor.py:208} INFO - Processing /home/airflow/.local/lib/python3.12/site-packages/airflow/example_dags/example_xcomargs.py took 0.164 seconds
[2024-12-07T17:40:01.288+0000] {processor.py:186} INFO - Started process (PID=9861) to work on /home/airflow/.local/lib/python3.12/site-packages/airflow/example_dags/example_xcomargs.py
[2024-12-07T17:40:01.290+0000] {processor.py:914} INFO - Processing file /home/airflow/.local/lib/python3.12/site-packages/airflow/example_dags/example_xcomargs.py for tasks to queue
[2024-12-07T17:40:01.294+0000] {logging_mixin.py:190} INFO - [2024-12-07T17:40:01.293+0000] {dagbag.py:588} INFO - Filling up the DagBag from /home/airflow/.local/lib/python3.12/site-packages/airflow/example_dags/example_xcomargs.py
[2024-12-07T17:40:01.318+0000] {processor.py:925} INFO - DAG(s) 'example_xcom_args', 'example_xcom_args_with_operators' retrieved from /home/airflow/.local/lib/python3.12/site-packages/airflow/example_dags/example_xcomargs.py
[2024-12-07T17:40:01.370+0000] {logging_mixin.py:190} INFO - [2024-12-07T17:40:01.370+0000] {dag.py:3239} INFO - Sync 2 DAGs
[2024-12-07T17:40:01.406+0000] {logging_mixin.py:190} INFO - [2024-12-07T17:40:01.406+0000] {dag.py:4180} INFO - Setting next_dagrun for example_xcom_args to None, run_after=None
[2024-12-07T17:40:01.413+0000] {logging_mixin.py:190} INFO - [2024-12-07T17:40:01.413+0000] {dag.py:4180} INFO - Setting next_dagrun for example_xcom_args_with_operators to None, run_after=None
[2024-12-07T17:40:01.450+0000] {processor.py:208} INFO - Processing /home/airflow/.local/lib/python3.12/site-packages/airflow/example_dags/example_xcomargs.py took 0.176 seconds
[2024-12-07T17:40:33.650+0000] {processor.py:186} INFO - Started process (PID=10150) to work on /home/airflow/.local/lib/python3.12/site-packages/airflow/example_dags/example_xcomargs.py
[2024-12-07T17:40:33.663+0000] {processor.py:914} INFO - Processing file /home/airflow/.local/lib/python3.12/site-packages/airflow/example_dags/example_xcomargs.py for tasks to queue
[2024-12-07T17:40:33.679+0000] {logging_mixin.py:190} INFO - [2024-12-07T17:40:33.678+0000] {dagbag.py:588} INFO - Filling up the DagBag from /home/airflow/.local/lib/python3.12/site-packages/airflow/example_dags/example_xcomargs.py
[2024-12-07T17:40:33.748+0000] {processor.py:925} INFO - DAG(s) 'example_xcom_args_with_operators', 'example_xcom_args' retrieved from /home/airflow/.local/lib/python3.12/site-packages/airflow/example_dags/example_xcomargs.py
[2024-12-07T17:40:33.889+0000] {logging_mixin.py:190} INFO - [2024-12-07T17:40:33.888+0000] {dag.py:3239} INFO - Sync 2 DAGs
[2024-12-07T17:40:33.974+0000] {logging_mixin.py:190} INFO - [2024-12-07T17:40:33.974+0000] {dag.py:4180} INFO - Setting next_dagrun for example_xcom_args to None, run_after=None
[2024-12-07T17:40:33.995+0000] {logging_mixin.py:190} INFO - [2024-12-07T17:40:33.994+0000] {dag.py:4180} INFO - Setting next_dagrun for example_xcom_args_with_operators to None, run_after=None
[2024-12-07T17:40:34.090+0000] {processor.py:208} INFO - Processing /home/airflow/.local/lib/python3.12/site-packages/airflow/example_dags/example_xcomargs.py took 0.474 seconds
[2024-12-07T17:41:04.936+0000] {processor.py:186} INFO - Started process (PID=10441) to work on /home/airflow/.local/lib/python3.12/site-packages/airflow/example_dags/example_xcomargs.py
[2024-12-07T17:41:04.950+0000] {processor.py:914} INFO - Processing file /home/airflow/.local/lib/python3.12/site-packages/airflow/example_dags/example_xcomargs.py for tasks to queue
[2024-12-07T17:41:04.955+0000] {logging_mixin.py:190} INFO - [2024-12-07T17:41:04.954+0000] {dagbag.py:588} INFO - Filling up the DagBag from /home/airflow/.local/lib/python3.12/site-packages/airflow/example_dags/example_xcomargs.py
[2024-12-07T17:41:04.992+0000] {processor.py:925} INFO - DAG(s) 'example_xcom_args', 'example_xcom_args_with_operators' retrieved from /home/airflow/.local/lib/python3.12/site-packages/airflow/example_dags/example_xcomargs.py
[2024-12-07T17:41:05.082+0000] {logging_mixin.py:190} INFO - [2024-12-07T17:41:05.082+0000] {dag.py:3239} INFO - Sync 2 DAGs
[2024-12-07T17:41:05.130+0000] {logging_mixin.py:190} INFO - [2024-12-07T17:41:05.129+0000] {dag.py:4180} INFO - Setting next_dagrun for example_xcom_args to None, run_after=None
[2024-12-07T17:41:05.137+0000] {logging_mixin.py:190} INFO - [2024-12-07T17:41:05.136+0000] {dag.py:4180} INFO - Setting next_dagrun for example_xcom_args_with_operators to None, run_after=None
[2024-12-07T17:41:05.174+0000] {processor.py:208} INFO - Processing /home/airflow/.local/lib/python3.12/site-packages/airflow/example_dags/example_xcomargs.py took 0.254 seconds
[2024-12-07T17:41:35.796+0000] {processor.py:186} INFO - Started process (PID=10733) to work on /home/airflow/.local/lib/python3.12/site-packages/airflow/example_dags/example_xcomargs.py
[2024-12-07T17:41:35.801+0000] {processor.py:914} INFO - Processing file /home/airflow/.local/lib/python3.12/site-packages/airflow/example_dags/example_xcomargs.py for tasks to queue
[2024-12-07T17:41:35.816+0000] {logging_mixin.py:190} INFO - [2024-12-07T17:41:35.815+0000] {dagbag.py:588} INFO - Filling up the DagBag from /home/airflow/.local/lib/python3.12/site-packages/airflow/example_dags/example_xcomargs.py
[2024-12-07T17:41:35.852+0000] {processor.py:925} INFO - DAG(s) 'example_xcom_args_with_operators', 'example_xcom_args' retrieved from /home/airflow/.local/lib/python3.12/site-packages/airflow/example_dags/example_xcomargs.py
[2024-12-07T17:41:35.895+0000] {logging_mixin.py:190} INFO - [2024-12-07T17:41:35.895+0000] {dag.py:3239} INFO - Sync 2 DAGs
[2024-12-07T17:41:35.921+0000] {logging_mixin.py:190} INFO - [2024-12-07T17:41:35.920+0000] {dag.py:4180} INFO - Setting next_dagrun for example_xcom_args to None, run_after=None
[2024-12-07T17:41:35.927+0000] {logging_mixin.py:190} INFO - [2024-12-07T17:41:35.927+0000] {dag.py:4180} INFO - Setting next_dagrun for example_xcom_args_with_operators to None, run_after=None
[2024-12-07T17:41:35.962+0000] {processor.py:208} INFO - Processing /home/airflow/.local/lib/python3.12/site-packages/airflow/example_dags/example_xcomargs.py took 0.177 seconds
[2024-12-07T17:42:06.182+0000] {processor.py:186} INFO - Started process (PID=11022) to work on /home/airflow/.local/lib/python3.12/site-packages/airflow/example_dags/example_xcomargs.py
[2024-12-07T17:42:06.184+0000] {processor.py:914} INFO - Processing file /home/airflow/.local/lib/python3.12/site-packages/airflow/example_dags/example_xcomargs.py for tasks to queue
[2024-12-07T17:42:06.190+0000] {logging_mixin.py:190} INFO - [2024-12-07T17:42:06.189+0000] {dagbag.py:588} INFO - Filling up the DagBag from /home/airflow/.local/lib/python3.12/site-packages/airflow/example_dags/example_xcomargs.py
[2024-12-07T17:42:06.206+0000] {processor.py:925} INFO - DAG(s) 'example_xcom_args', 'example_xcom_args_with_operators' retrieved from /home/airflow/.local/lib/python3.12/site-packages/airflow/example_dags/example_xcomargs.py
[2024-12-07T17:42:06.257+0000] {logging_mixin.py:190} INFO - [2024-12-07T17:42:06.256+0000] {dag.py:3239} INFO - Sync 2 DAGs
[2024-12-07T17:42:06.305+0000] {logging_mixin.py:190} INFO - [2024-12-07T17:42:06.304+0000] {dag.py:4180} INFO - Setting next_dagrun for example_xcom_args to None, run_after=None
[2024-12-07T17:42:06.311+0000] {logging_mixin.py:190} INFO - [2024-12-07T17:42:06.311+0000] {dag.py:4180} INFO - Setting next_dagrun for example_xcom_args_with_operators to None, run_after=None
[2024-12-07T17:42:06.353+0000] {processor.py:208} INFO - Processing /home/airflow/.local/lib/python3.12/site-packages/airflow/example_dags/example_xcomargs.py took 0.179 seconds
[2024-12-07T17:42:37.219+0000] {processor.py:186} INFO - Started process (PID=11313) to work on /home/airflow/.local/lib/python3.12/site-packages/airflow/example_dags/example_xcomargs.py
[2024-12-07T17:42:37.220+0000] {processor.py:914} INFO - Processing file /home/airflow/.local/lib/python3.12/site-packages/airflow/example_dags/example_xcomargs.py for tasks to queue
[2024-12-07T17:42:37.223+0000] {logging_mixin.py:190} INFO - [2024-12-07T17:42:37.222+0000] {dagbag.py:588} INFO - Filling up the DagBag from /home/airflow/.local/lib/python3.12/site-packages/airflow/example_dags/example_xcomargs.py
[2024-12-07T17:42:37.235+0000] {processor.py:925} INFO - DAG(s) 'example_xcom_args_with_operators', 'example_xcom_args' retrieved from /home/airflow/.local/lib/python3.12/site-packages/airflow/example_dags/example_xcomargs.py
[2024-12-07T17:42:37.272+0000] {logging_mixin.py:190} INFO - [2024-12-07T17:42:37.271+0000] {dag.py:3239} INFO - Sync 2 DAGs
[2024-12-07T17:42:37.294+0000] {logging_mixin.py:190} INFO - [2024-12-07T17:42:37.294+0000] {dag.py:4180} INFO - Setting next_dagrun for example_xcom_args to None, run_after=None
[2024-12-07T17:42:37.305+0000] {logging_mixin.py:190} INFO - [2024-12-07T17:42:37.304+0000] {dag.py:4180} INFO - Setting next_dagrun for example_xcom_args_with_operators to None, run_after=None
[2024-12-07T17:42:37.344+0000] {processor.py:208} INFO - Processing /home/airflow/.local/lib/python3.12/site-packages/airflow/example_dags/example_xcomargs.py took 0.132 seconds
[2024-12-07T17:43:08.308+0000] {processor.py:186} INFO - Started process (PID=11605) to work on /home/airflow/.local/lib/python3.12/site-packages/airflow/example_dags/example_xcomargs.py
[2024-12-07T17:43:08.309+0000] {processor.py:914} INFO - Processing file /home/airflow/.local/lib/python3.12/site-packages/airflow/example_dags/example_xcomargs.py for tasks to queue
[2024-12-07T17:43:08.313+0000] {logging_mixin.py:190} INFO - [2024-12-07T17:43:08.313+0000] {dagbag.py:588} INFO - Filling up the DagBag from /home/airflow/.local/lib/python3.12/site-packages/airflow/example_dags/example_xcomargs.py
[2024-12-07T17:43:08.332+0000] {processor.py:925} INFO - DAG(s) 'example_xcom_args', 'example_xcom_args_with_operators' retrieved from /home/airflow/.local/lib/python3.12/site-packages/airflow/example_dags/example_xcomargs.py
[2024-12-07T17:43:08.375+0000] {logging_mixin.py:190} INFO - [2024-12-07T17:43:08.375+0000] {dag.py:3239} INFO - Sync 2 DAGs
[2024-12-07T17:43:08.397+0000] {logging_mixin.py:190} INFO - [2024-12-07T17:43:08.397+0000] {dag.py:4180} INFO - Setting next_dagrun for example_xcom_args to None, run_after=None
[2024-12-07T17:43:08.402+0000] {logging_mixin.py:190} INFO - [2024-12-07T17:43:08.402+0000] {dag.py:4180} INFO - Setting next_dagrun for example_xcom_args_with_operators to None, run_after=None
[2024-12-07T17:43:08.436+0000] {processor.py:208} INFO - Processing /home/airflow/.local/lib/python3.12/site-packages/airflow/example_dags/example_xcomargs.py took 0.137 seconds
[2024-12-07T17:43:38.723+0000] {processor.py:186} INFO - Started process (PID=11896) to work on /home/airflow/.local/lib/python3.12/site-packages/airflow/example_dags/example_xcomargs.py
[2024-12-07T17:43:38.724+0000] {processor.py:914} INFO - Processing file /home/airflow/.local/lib/python3.12/site-packages/airflow/example_dags/example_xcomargs.py for tasks to queue
[2024-12-07T17:43:38.729+0000] {logging_mixin.py:190} INFO - [2024-12-07T17:43:38.728+0000] {dagbag.py:588} INFO - Filling up the DagBag from /home/airflow/.local/lib/python3.12/site-packages/airflow/example_dags/example_xcomargs.py
[2024-12-07T17:43:38.749+0000] {processor.py:925} INFO - DAG(s) 'example_xcom_args_with_operators', 'example_xcom_args' retrieved from /home/airflow/.local/lib/python3.12/site-packages/airflow/example_dags/example_xcomargs.py
[2024-12-07T17:43:38.792+0000] {logging_mixin.py:190} INFO - [2024-12-07T17:43:38.792+0000] {dag.py:3239} INFO - Sync 2 DAGs
[2024-12-07T17:43:38.819+0000] {logging_mixin.py:190} INFO - [2024-12-07T17:43:38.818+0000] {dag.py:4180} INFO - Setting next_dagrun for example_xcom_args to None, run_after=None
[2024-12-07T17:43:38.825+0000] {logging_mixin.py:190} INFO - [2024-12-07T17:43:38.825+0000] {dag.py:4180} INFO - Setting next_dagrun for example_xcom_args_with_operators to None, run_after=None
[2024-12-07T17:43:38.858+0000] {processor.py:208} INFO - Processing /home/airflow/.local/lib/python3.12/site-packages/airflow/example_dags/example_xcomargs.py took 0.144 seconds
