[2024-12-07T17:22:37.039+0000] {processor.py:186} INFO - Started process (PID=306) to work on /home/airflow/.local/lib/python3.12/site-packages/airflow/example_dags/example_branch_labels.py
[2024-12-07T17:22:37.040+0000] {processor.py:914} INFO - Processing file /home/airflow/.local/lib/python3.12/site-packages/airflow/example_dags/example_branch_labels.py for tasks to queue
[2024-12-07T17:22:37.044+0000] {logging_mixin.py:190} INFO - [2024-12-07T17:22:37.043+0000] {dagbag.py:588} INFO - Filling up the DagBag from /home/airflow/.local/lib/python3.12/site-packages/airflow/example_dags/example_branch_labels.py
[2024-12-07T17:22:37.063+0000] {processor.py:925} INFO - DAG(s) 'example_branch_labels' retrieved from /home/airflow/.local/lib/python3.12/site-packages/airflow/example_dags/example_branch_labels.py
[2024-12-07T17:22:37.329+0000] {logging_mixin.py:190} INFO - [2024-12-07T17:22:37.327+0000] {override.py:1911} INFO - Created Permission View: can delete on DAG:example_branch_labels
[2024-12-07T17:22:37.347+0000] {logging_mixin.py:190} INFO - [2024-12-07T17:22:37.347+0000] {override.py:1911} INFO - Created Permission View: can read on DAG:example_branch_labels
[2024-12-07T17:22:37.361+0000] {logging_mixin.py:190} INFO - [2024-12-07T17:22:37.361+0000] {override.py:1911} INFO - Created Permission View: can edit on DAG:example_branch_labels
[2024-12-07T17:22:37.383+0000] {logging_mixin.py:190} INFO - [2024-12-07T17:22:37.383+0000] {override.py:1911} INFO - Created Permission View: menu access on DAG Run:example_branch_labels
[2024-12-07T17:22:37.397+0000] {logging_mixin.py:190} INFO - [2024-12-07T17:22:37.396+0000] {override.py:1911} INFO - Created Permission View: can delete on DAG Run:example_branch_labels
[2024-12-07T17:22:37.411+0000] {logging_mixin.py:190} INFO - [2024-12-07T17:22:37.411+0000] {override.py:1911} INFO - Created Permission View: can read on DAG Run:example_branch_labels
[2024-12-07T17:22:37.438+0000] {logging_mixin.py:190} INFO - [2024-12-07T17:22:37.437+0000] {override.py:1911} INFO - Created Permission View: can create on DAG Run:example_branch_labels
[2024-12-07T17:22:37.441+0000] {logging_mixin.py:190} INFO - [2024-12-07T17:22:37.440+0000] {dag.py:3239} INFO - Sync 1 DAGs
[2024-12-07T17:22:37.478+0000] {logging_mixin.py:190} INFO - [2024-12-07T17:22:37.477+0000] {dag.py:3262} INFO - Creating ORM DAG for example_branch_labels
[2024-12-07T17:22:37.514+0000] {logging_mixin.py:190} INFO - [2024-12-07T17:22:37.514+0000] {dag.py:4180} INFO - Setting next_dagrun for example_branch_labels to 2024-12-06 00:00:00+00:00, run_after=2024-12-07 00:00:00+00:00
[2024-12-07T17:22:37.564+0000] {processor.py:208} INFO - Processing /home/airflow/.local/lib/python3.12/site-packages/airflow/example_dags/example_branch_labels.py took 0.535 seconds
[2024-12-07T17:23:14.800+0000] {processor.py:186} INFO - Started process (PID=598) to work on /home/airflow/.local/lib/python3.12/site-packages/airflow/example_dags/example_branch_labels.py
[2024-12-07T17:23:14.803+0000] {processor.py:914} INFO - Processing file /home/airflow/.local/lib/python3.12/site-packages/airflow/example_dags/example_branch_labels.py for tasks to queue
[2024-12-07T17:23:14.808+0000] {logging_mixin.py:190} INFO - [2024-12-07T17:23:14.807+0000] {dagbag.py:588} INFO - Filling up the DagBag from /home/airflow/.local/lib/python3.12/site-packages/airflow/example_dags/example_branch_labels.py
[2024-12-07T17:23:14.860+0000] {processor.py:925} INFO - DAG(s) 'example_branch_labels' retrieved from /home/airflow/.local/lib/python3.12/site-packages/airflow/example_dags/example_branch_labels.py
[2024-12-07T17:23:14.926+0000] {logging_mixin.py:190} INFO - [2024-12-07T17:23:14.925+0000] {dag.py:3239} INFO - Sync 1 DAGs
[2024-12-07T17:23:15.033+0000] {logging_mixin.py:190} INFO - [2024-12-07T17:23:15.033+0000] {dag.py:4180} INFO - Setting next_dagrun for example_branch_labels to 2024-12-06 00:00:00+00:00, run_after=2024-12-07 00:00:00+00:00
[2024-12-07T17:23:15.133+0000] {processor.py:208} INFO - Processing /home/airflow/.local/lib/python3.12/site-packages/airflow/example_dags/example_branch_labels.py took 0.358 seconds
[2024-12-07T17:24:00.716+0000] {processor.py:186} INFO - Started process (PID=895) to work on /home/airflow/.local/lib/python3.12/site-packages/airflow/example_dags/example_branch_labels.py
[2024-12-07T17:24:00.721+0000] {processor.py:914} INFO - Processing file /home/airflow/.local/lib/python3.12/site-packages/airflow/example_dags/example_branch_labels.py for tasks to queue
[2024-12-07T17:24:00.729+0000] {logging_mixin.py:190} INFO - [2024-12-07T17:24:00.729+0000] {dagbag.py:588} INFO - Filling up the DagBag from /home/airflow/.local/lib/python3.12/site-packages/airflow/example_dags/example_branch_labels.py
[2024-12-07T17:24:00.767+0000] {processor.py:925} INFO - DAG(s) 'example_branch_labels' retrieved from /home/airflow/.local/lib/python3.12/site-packages/airflow/example_dags/example_branch_labels.py
[2024-12-07T17:24:00.852+0000] {logging_mixin.py:190} INFO - [2024-12-07T17:24:00.852+0000] {dag.py:3239} INFO - Sync 1 DAGs
[2024-12-07T17:24:00.960+0000] {logging_mixin.py:190} INFO - [2024-12-07T17:24:00.960+0000] {dag.py:4180} INFO - Setting next_dagrun for example_branch_labels to 2024-12-06 00:00:00+00:00, run_after=2024-12-07 00:00:00+00:00
[2024-12-07T17:24:01.002+0000] {processor.py:208} INFO - Processing /home/airflow/.local/lib/python3.12/site-packages/airflow/example_dags/example_branch_labels.py took 0.309 seconds
[2024-12-07T17:24:35.259+0000] {processor.py:186} INFO - Started process (PID=1186) to work on /home/airflow/.local/lib/python3.12/site-packages/airflow/example_dags/example_branch_labels.py
[2024-12-07T17:24:35.261+0000] {processor.py:914} INFO - Processing file /home/airflow/.local/lib/python3.12/site-packages/airflow/example_dags/example_branch_labels.py for tasks to queue
[2024-12-07T17:24:35.265+0000] {logging_mixin.py:190} INFO - [2024-12-07T17:24:35.264+0000] {dagbag.py:588} INFO - Filling up the DagBag from /home/airflow/.local/lib/python3.12/site-packages/airflow/example_dags/example_branch_labels.py
[2024-12-07T17:24:35.284+0000] {processor.py:925} INFO - DAG(s) 'example_branch_labels' retrieved from /home/airflow/.local/lib/python3.12/site-packages/airflow/example_dags/example_branch_labels.py
[2024-12-07T17:24:35.330+0000] {logging_mixin.py:190} INFO - [2024-12-07T17:24:35.329+0000] {dag.py:3239} INFO - Sync 1 DAGs
[2024-12-07T17:24:35.391+0000] {logging_mixin.py:190} INFO - [2024-12-07T17:24:35.391+0000] {dag.py:4180} INFO - Setting next_dagrun for example_branch_labels to 2024-12-06 00:00:00+00:00, run_after=2024-12-07 00:00:00+00:00
[2024-12-07T17:24:35.473+0000] {processor.py:208} INFO - Processing /home/airflow/.local/lib/python3.12/site-packages/airflow/example_dags/example_branch_labels.py took 0.229 seconds
[2024-12-07T17:25:06.019+0000] {processor.py:186} INFO - Started process (PID=1472) to work on /home/airflow/.local/lib/python3.12/site-packages/airflow/example_dags/example_branch_labels.py
[2024-12-07T17:25:06.021+0000] {processor.py:914} INFO - Processing file /home/airflow/.local/lib/python3.12/site-packages/airflow/example_dags/example_branch_labels.py for tasks to queue
[2024-12-07T17:25:06.030+0000] {logging_mixin.py:190} INFO - [2024-12-07T17:25:06.029+0000] {dagbag.py:588} INFO - Filling up the DagBag from /home/airflow/.local/lib/python3.12/site-packages/airflow/example_dags/example_branch_labels.py
[2024-12-07T17:25:06.051+0000] {processor.py:925} INFO - DAG(s) 'example_branch_labels' retrieved from /home/airflow/.local/lib/python3.12/site-packages/airflow/example_dags/example_branch_labels.py
[2024-12-07T17:25:06.111+0000] {logging_mixin.py:190} INFO - [2024-12-07T17:25:06.110+0000] {dag.py:3239} INFO - Sync 1 DAGs
[2024-12-07T17:25:06.161+0000] {logging_mixin.py:190} INFO - [2024-12-07T17:25:06.161+0000] {dag.py:4180} INFO - Setting next_dagrun for example_branch_labels to 2024-12-06 00:00:00+00:00, run_after=2024-12-07 00:00:00+00:00
[2024-12-07T17:25:06.207+0000] {processor.py:208} INFO - Processing /home/airflow/.local/lib/python3.12/site-packages/airflow/example_dags/example_branch_labels.py took 0.201 seconds
[2024-12-07T17:25:36.844+0000] {processor.py:186} INFO - Started process (PID=1759) to work on /home/airflow/.local/lib/python3.12/site-packages/airflow/example_dags/example_branch_labels.py
[2024-12-07T17:25:36.846+0000] {processor.py:914} INFO - Processing file /home/airflow/.local/lib/python3.12/site-packages/airflow/example_dags/example_branch_labels.py for tasks to queue
[2024-12-07T17:25:36.849+0000] {logging_mixin.py:190} INFO - [2024-12-07T17:25:36.849+0000] {dagbag.py:588} INFO - Filling up the DagBag from /home/airflow/.local/lib/python3.12/site-packages/airflow/example_dags/example_branch_labels.py
[2024-12-07T17:25:36.864+0000] {processor.py:925} INFO - DAG(s) 'example_branch_labels' retrieved from /home/airflow/.local/lib/python3.12/site-packages/airflow/example_dags/example_branch_labels.py
[2024-12-07T17:25:36.899+0000] {logging_mixin.py:190} INFO - [2024-12-07T17:25:36.899+0000] {dag.py:3239} INFO - Sync 1 DAGs
[2024-12-07T17:25:36.958+0000] {logging_mixin.py:190} INFO - [2024-12-07T17:25:36.957+0000] {dag.py:4180} INFO - Setting next_dagrun for example_branch_labels to 2024-12-06 00:00:00+00:00, run_after=2024-12-07 00:00:00+00:00
[2024-12-07T17:25:36.998+0000] {processor.py:208} INFO - Processing /home/airflow/.local/lib/python3.12/site-packages/airflow/example_dags/example_branch_labels.py took 0.162 seconds
[2024-12-07T17:26:07.318+0000] {processor.py:186} INFO - Started process (PID=2050) to work on /home/airflow/.local/lib/python3.12/site-packages/airflow/example_dags/example_branch_labels.py
[2024-12-07T17:26:07.320+0000] {processor.py:914} INFO - Processing file /home/airflow/.local/lib/python3.12/site-packages/airflow/example_dags/example_branch_labels.py for tasks to queue
[2024-12-07T17:26:07.324+0000] {logging_mixin.py:190} INFO - [2024-12-07T17:26:07.324+0000] {dagbag.py:588} INFO - Filling up the DagBag from /home/airflow/.local/lib/python3.12/site-packages/airflow/example_dags/example_branch_labels.py
[2024-12-07T17:26:07.373+0000] {processor.py:925} INFO - DAG(s) 'example_branch_labels' retrieved from /home/airflow/.local/lib/python3.12/site-packages/airflow/example_dags/example_branch_labels.py
[2024-12-07T17:26:07.453+0000] {logging_mixin.py:190} INFO - [2024-12-07T17:26:07.453+0000] {dag.py:3239} INFO - Sync 1 DAGs
[2024-12-07T17:26:07.518+0000] {logging_mixin.py:190} INFO - [2024-12-07T17:26:07.518+0000] {dag.py:4180} INFO - Setting next_dagrun for example_branch_labels to 2024-12-06 00:00:00+00:00, run_after=2024-12-07 00:00:00+00:00
[2024-12-07T17:26:07.556+0000] {processor.py:208} INFO - Processing /home/airflow/.local/lib/python3.12/site-packages/airflow/example_dags/example_branch_labels.py took 0.254 seconds
[2024-12-07T17:26:38.283+0000] {processor.py:186} INFO - Started process (PID=2340) to work on /home/airflow/.local/lib/python3.12/site-packages/airflow/example_dags/example_branch_labels.py
[2024-12-07T17:26:38.284+0000] {processor.py:914} INFO - Processing file /home/airflow/.local/lib/python3.12/site-packages/airflow/example_dags/example_branch_labels.py for tasks to queue
[2024-12-07T17:26:38.288+0000] {logging_mixin.py:190} INFO - [2024-12-07T17:26:38.287+0000] {dagbag.py:588} INFO - Filling up the DagBag from /home/airflow/.local/lib/python3.12/site-packages/airflow/example_dags/example_branch_labels.py
[2024-12-07T17:26:38.302+0000] {processor.py:925} INFO - DAG(s) 'example_branch_labels' retrieved from /home/airflow/.local/lib/python3.12/site-packages/airflow/example_dags/example_branch_labels.py
[2024-12-07T17:26:38.333+0000] {logging_mixin.py:190} INFO - [2024-12-07T17:26:38.332+0000] {dag.py:3239} INFO - Sync 1 DAGs
[2024-12-07T17:26:38.365+0000] {logging_mixin.py:190} INFO - [2024-12-07T17:26:38.365+0000] {dag.py:4180} INFO - Setting next_dagrun for example_branch_labels to 2024-12-06 00:00:00+00:00, run_after=2024-12-07 00:00:00+00:00
[2024-12-07T17:26:38.392+0000] {processor.py:208} INFO - Processing /home/airflow/.local/lib/python3.12/site-packages/airflow/example_dags/example_branch_labels.py took 0.118 seconds
[2024-12-07T17:27:08.866+0000] {processor.py:186} INFO - Started process (PID=2631) to work on /home/airflow/.local/lib/python3.12/site-packages/airflow/example_dags/example_branch_labels.py
[2024-12-07T17:27:08.867+0000] {processor.py:914} INFO - Processing file /home/airflow/.local/lib/python3.12/site-packages/airflow/example_dags/example_branch_labels.py for tasks to queue
[2024-12-07T17:27:08.871+0000] {logging_mixin.py:190} INFO - [2024-12-07T17:27:08.870+0000] {dagbag.py:588} INFO - Filling up the DagBag from /home/airflow/.local/lib/python3.12/site-packages/airflow/example_dags/example_branch_labels.py
[2024-12-07T17:27:08.885+0000] {processor.py:925} INFO - DAG(s) 'example_branch_labels' retrieved from /home/airflow/.local/lib/python3.12/site-packages/airflow/example_dags/example_branch_labels.py
[2024-12-07T17:27:08.927+0000] {logging_mixin.py:190} INFO - [2024-12-07T17:27:08.927+0000] {dag.py:3239} INFO - Sync 1 DAGs
[2024-12-07T17:27:08.970+0000] {logging_mixin.py:190} INFO - [2024-12-07T17:27:08.970+0000] {dag.py:4180} INFO - Setting next_dagrun for example_branch_labels to 2024-12-06 00:00:00+00:00, run_after=2024-12-07 00:00:00+00:00
[2024-12-07T17:27:08.999+0000] {processor.py:208} INFO - Processing /home/airflow/.local/lib/python3.12/site-packages/airflow/example_dags/example_branch_labels.py took 0.143 seconds
[2024-12-07T17:27:39.328+0000] {processor.py:186} INFO - Started process (PID=2922) to work on /home/airflow/.local/lib/python3.12/site-packages/airflow/example_dags/example_branch_labels.py
[2024-12-07T17:27:39.330+0000] {processor.py:914} INFO - Processing file /home/airflow/.local/lib/python3.12/site-packages/airflow/example_dags/example_branch_labels.py for tasks to queue
[2024-12-07T17:27:39.333+0000] {logging_mixin.py:190} INFO - [2024-12-07T17:27:39.333+0000] {dagbag.py:588} INFO - Filling up the DagBag from /home/airflow/.local/lib/python3.12/site-packages/airflow/example_dags/example_branch_labels.py
[2024-12-07T17:27:39.348+0000] {processor.py:925} INFO - DAG(s) 'example_branch_labels' retrieved from /home/airflow/.local/lib/python3.12/site-packages/airflow/example_dags/example_branch_labels.py
[2024-12-07T17:27:39.378+0000] {logging_mixin.py:190} INFO - [2024-12-07T17:27:39.378+0000] {dag.py:3239} INFO - Sync 1 DAGs
[2024-12-07T17:27:39.430+0000] {logging_mixin.py:190} INFO - [2024-12-07T17:27:39.425+0000] {dag.py:4180} INFO - Setting next_dagrun for example_branch_labels to 2024-12-06 00:00:00+00:00, run_after=2024-12-07 00:00:00+00:00
[2024-12-07T17:27:39.485+0000] {processor.py:208} INFO - Processing /home/airflow/.local/lib/python3.12/site-packages/airflow/example_dags/example_branch_labels.py took 0.169 seconds
[2024-12-07T17:28:12.766+0000] {processor.py:186} INFO - Started process (PID=3213) to work on /home/airflow/.local/lib/python3.12/site-packages/airflow/example_dags/example_branch_labels.py
[2024-12-07T17:28:12.892+0000] {processor.py:914} INFO - Processing file /home/airflow/.local/lib/python3.12/site-packages/airflow/example_dags/example_branch_labels.py for tasks to queue
[2024-12-07T17:28:12.903+0000] {logging_mixin.py:190} INFO - [2024-12-07T17:28:12.902+0000] {dagbag.py:588} INFO - Filling up the DagBag from /home/airflow/.local/lib/python3.12/site-packages/airflow/example_dags/example_branch_labels.py
[2024-12-07T17:28:12.981+0000] {processor.py:925} INFO - DAG(s) 'example_branch_labels' retrieved from /home/airflow/.local/lib/python3.12/site-packages/airflow/example_dags/example_branch_labels.py
[2024-12-07T17:28:13.084+0000] {logging_mixin.py:190} INFO - [2024-12-07T17:28:13.084+0000] {dag.py:3239} INFO - Sync 1 DAGs
[2024-12-07T17:28:13.304+0000] {logging_mixin.py:190} INFO - [2024-12-07T17:28:13.303+0000] {dag.py:4180} INFO - Setting next_dagrun for example_branch_labels to 2024-12-06 00:00:00+00:00, run_after=2024-12-07 00:00:00+00:00
[2024-12-07T17:28:13.374+0000] {processor.py:208} INFO - Processing /home/airflow/.local/lib/python3.12/site-packages/airflow/example_dags/example_branch_labels.py took 0.623 seconds
[2024-12-07T17:28:43.606+0000] {processor.py:186} INFO - Started process (PID=3501) to work on /home/airflow/.local/lib/python3.12/site-packages/airflow/example_dags/example_branch_labels.py
[2024-12-07T17:28:43.609+0000] {processor.py:914} INFO - Processing file /home/airflow/.local/lib/python3.12/site-packages/airflow/example_dags/example_branch_labels.py for tasks to queue
[2024-12-07T17:28:43.613+0000] {logging_mixin.py:190} INFO - [2024-12-07T17:28:43.612+0000] {dagbag.py:588} INFO - Filling up the DagBag from /home/airflow/.local/lib/python3.12/site-packages/airflow/example_dags/example_branch_labels.py
[2024-12-07T17:28:43.638+0000] {processor.py:925} INFO - DAG(s) 'example_branch_labels' retrieved from /home/airflow/.local/lib/python3.12/site-packages/airflow/example_dags/example_branch_labels.py
[2024-12-07T17:28:43.683+0000] {logging_mixin.py:190} INFO - [2024-12-07T17:28:43.683+0000] {dag.py:3239} INFO - Sync 1 DAGs
[2024-12-07T17:28:43.722+0000] {logging_mixin.py:190} INFO - [2024-12-07T17:28:43.721+0000] {dag.py:4180} INFO - Setting next_dagrun for example_branch_labels to 2024-12-06 00:00:00+00:00, run_after=2024-12-07 00:00:00+00:00
[2024-12-07T17:28:43.756+0000] {processor.py:208} INFO - Processing /home/airflow/.local/lib/python3.12/site-packages/airflow/example_dags/example_branch_labels.py took 0.160 seconds
[2024-12-07T17:29:13.911+0000] {processor.py:186} INFO - Started process (PID=3790) to work on /home/airflow/.local/lib/python3.12/site-packages/airflow/example_dags/example_branch_labels.py
[2024-12-07T17:29:13.914+0000] {processor.py:914} INFO - Processing file /home/airflow/.local/lib/python3.12/site-packages/airflow/example_dags/example_branch_labels.py for tasks to queue
[2024-12-07T17:29:13.919+0000] {logging_mixin.py:190} INFO - [2024-12-07T17:29:13.918+0000] {dagbag.py:588} INFO - Filling up the DagBag from /home/airflow/.local/lib/python3.12/site-packages/airflow/example_dags/example_branch_labels.py
[2024-12-07T17:29:13.944+0000] {processor.py:925} INFO - DAG(s) 'example_branch_labels' retrieved from /home/airflow/.local/lib/python3.12/site-packages/airflow/example_dags/example_branch_labels.py
[2024-12-07T17:29:13.986+0000] {logging_mixin.py:190} INFO - [2024-12-07T17:29:13.986+0000] {dag.py:3239} INFO - Sync 1 DAGs
[2024-12-07T17:29:14.021+0000] {logging_mixin.py:190} INFO - [2024-12-07T17:29:14.020+0000] {dag.py:4180} INFO - Setting next_dagrun for example_branch_labels to 2024-12-06 00:00:00+00:00, run_after=2024-12-07 00:00:00+00:00
[2024-12-07T17:29:14.047+0000] {processor.py:208} INFO - Processing /home/airflow/.local/lib/python3.12/site-packages/airflow/example_dags/example_branch_labels.py took 0.152 seconds
[2024-12-07T17:29:44.386+0000] {processor.py:186} INFO - Started process (PID=4083) to work on /home/airflow/.local/lib/python3.12/site-packages/airflow/example_dags/example_branch_labels.py
[2024-12-07T17:29:44.387+0000] {processor.py:914} INFO - Processing file /home/airflow/.local/lib/python3.12/site-packages/airflow/example_dags/example_branch_labels.py for tasks to queue
[2024-12-07T17:29:44.391+0000] {logging_mixin.py:190} INFO - [2024-12-07T17:29:44.390+0000] {dagbag.py:588} INFO - Filling up the DagBag from /home/airflow/.local/lib/python3.12/site-packages/airflow/example_dags/example_branch_labels.py
[2024-12-07T17:29:44.405+0000] {processor.py:925} INFO - DAG(s) 'example_branch_labels' retrieved from /home/airflow/.local/lib/python3.12/site-packages/airflow/example_dags/example_branch_labels.py
[2024-12-07T17:29:44.444+0000] {logging_mixin.py:190} INFO - [2024-12-07T17:29:44.444+0000] {dag.py:3239} INFO - Sync 1 DAGs
[2024-12-07T17:29:44.506+0000] {logging_mixin.py:190} INFO - [2024-12-07T17:29:44.506+0000] {dag.py:4180} INFO - Setting next_dagrun for example_branch_labels to 2024-12-06 00:00:00+00:00, run_after=2024-12-07 00:00:00+00:00
[2024-12-07T17:29:44.545+0000] {processor.py:208} INFO - Processing /home/airflow/.local/lib/python3.12/site-packages/airflow/example_dags/example_branch_labels.py took 0.167 seconds
[2024-12-07T17:30:14.840+0000] {processor.py:186} INFO - Started process (PID=4374) to work on /home/airflow/.local/lib/python3.12/site-packages/airflow/example_dags/example_branch_labels.py
[2024-12-07T17:30:14.842+0000] {processor.py:914} INFO - Processing file /home/airflow/.local/lib/python3.12/site-packages/airflow/example_dags/example_branch_labels.py for tasks to queue
[2024-12-07T17:30:14.848+0000] {logging_mixin.py:190} INFO - [2024-12-07T17:30:14.847+0000] {dagbag.py:588} INFO - Filling up the DagBag from /home/airflow/.local/lib/python3.12/site-packages/airflow/example_dags/example_branch_labels.py
[2024-12-07T17:30:14.872+0000] {processor.py:925} INFO - DAG(s) 'example_branch_labels' retrieved from /home/airflow/.local/lib/python3.12/site-packages/airflow/example_dags/example_branch_labels.py
[2024-12-07T17:30:14.922+0000] {logging_mixin.py:190} INFO - [2024-12-07T17:30:14.921+0000] {dag.py:3239} INFO - Sync 1 DAGs
[2024-12-07T17:30:14.969+0000] {logging_mixin.py:190} INFO - [2024-12-07T17:30:14.968+0000] {dag.py:4180} INFO - Setting next_dagrun for example_branch_labels to 2024-12-06 00:00:00+00:00, run_after=2024-12-07 00:00:00+00:00
[2024-12-07T17:30:15.005+0000] {processor.py:208} INFO - Processing /home/airflow/.local/lib/python3.12/site-packages/airflow/example_dags/example_branch_labels.py took 0.183 seconds
[2024-12-07T17:30:45.795+0000] {processor.py:186} INFO - Started process (PID=4665) to work on /home/airflow/.local/lib/python3.12/site-packages/airflow/example_dags/example_branch_labels.py
[2024-12-07T17:30:45.797+0000] {processor.py:914} INFO - Processing file /home/airflow/.local/lib/python3.12/site-packages/airflow/example_dags/example_branch_labels.py for tasks to queue
[2024-12-07T17:30:45.802+0000] {logging_mixin.py:190} INFO - [2024-12-07T17:30:45.801+0000] {dagbag.py:588} INFO - Filling up the DagBag from /home/airflow/.local/lib/python3.12/site-packages/airflow/example_dags/example_branch_labels.py
[2024-12-07T17:30:45.823+0000] {processor.py:925} INFO - DAG(s) 'example_branch_labels' retrieved from /home/airflow/.local/lib/python3.12/site-packages/airflow/example_dags/example_branch_labels.py
[2024-12-07T17:30:45.860+0000] {logging_mixin.py:190} INFO - [2024-12-07T17:30:45.859+0000] {dag.py:3239} INFO - Sync 1 DAGs
[2024-12-07T17:30:45.895+0000] {logging_mixin.py:190} INFO - [2024-12-07T17:30:45.894+0000] {dag.py:4180} INFO - Setting next_dagrun for example_branch_labels to 2024-12-06 00:00:00+00:00, run_after=2024-12-07 00:00:00+00:00
[2024-12-07T17:30:45.920+0000] {processor.py:208} INFO - Processing /home/airflow/.local/lib/python3.12/site-packages/airflow/example_dags/example_branch_labels.py took 0.135 seconds
[2024-12-07T17:31:16.202+0000] {processor.py:186} INFO - Started process (PID=4955) to work on /home/airflow/.local/lib/python3.12/site-packages/airflow/example_dags/example_branch_labels.py
[2024-12-07T17:31:16.204+0000] {processor.py:914} INFO - Processing file /home/airflow/.local/lib/python3.12/site-packages/airflow/example_dags/example_branch_labels.py for tasks to queue
[2024-12-07T17:31:16.206+0000] {logging_mixin.py:190} INFO - [2024-12-07T17:31:16.206+0000] {dagbag.py:588} INFO - Filling up the DagBag from /home/airflow/.local/lib/python3.12/site-packages/airflow/example_dags/example_branch_labels.py
[2024-12-07T17:31:16.220+0000] {processor.py:925} INFO - DAG(s) 'example_branch_labels' retrieved from /home/airflow/.local/lib/python3.12/site-packages/airflow/example_dags/example_branch_labels.py
[2024-12-07T17:31:16.249+0000] {logging_mixin.py:190} INFO - [2024-12-07T17:31:16.248+0000] {dag.py:3239} INFO - Sync 1 DAGs
[2024-12-07T17:31:16.284+0000] {logging_mixin.py:190} INFO - [2024-12-07T17:31:16.284+0000] {dag.py:4180} INFO - Setting next_dagrun for example_branch_labels to 2024-12-06 00:00:00+00:00, run_after=2024-12-07 00:00:00+00:00
[2024-12-07T17:31:16.318+0000] {processor.py:208} INFO - Processing /home/airflow/.local/lib/python3.12/site-packages/airflow/example_dags/example_branch_labels.py took 0.126 seconds
[2024-12-07T17:31:46.878+0000] {processor.py:186} INFO - Started process (PID=5246) to work on /home/airflow/.local/lib/python3.12/site-packages/airflow/example_dags/example_branch_labels.py
[2024-12-07T17:31:46.886+0000] {processor.py:914} INFO - Processing file /home/airflow/.local/lib/python3.12/site-packages/airflow/example_dags/example_branch_labels.py for tasks to queue
[2024-12-07T17:31:46.891+0000] {logging_mixin.py:190} INFO - [2024-12-07T17:31:46.890+0000] {dagbag.py:588} INFO - Filling up the DagBag from /home/airflow/.local/lib/python3.12/site-packages/airflow/example_dags/example_branch_labels.py
[2024-12-07T17:31:46.919+0000] {processor.py:925} INFO - DAG(s) 'example_branch_labels' retrieved from /home/airflow/.local/lib/python3.12/site-packages/airflow/example_dags/example_branch_labels.py
[2024-12-07T17:31:46.962+0000] {logging_mixin.py:190} INFO - [2024-12-07T17:31:46.961+0000] {dag.py:3239} INFO - Sync 1 DAGs
[2024-12-07T17:31:46.999+0000] {logging_mixin.py:190} INFO - [2024-12-07T17:31:46.999+0000] {dag.py:4180} INFO - Setting next_dagrun for example_branch_labels to 2024-12-06 00:00:00+00:00, run_after=2024-12-07 00:00:00+00:00
[2024-12-07T17:31:47.031+0000] {processor.py:208} INFO - Processing /home/airflow/.local/lib/python3.12/site-packages/airflow/example_dags/example_branch_labels.py took 0.168 seconds
[2024-12-07T17:32:17.231+0000] {processor.py:186} INFO - Started process (PID=5537) to work on /home/airflow/.local/lib/python3.12/site-packages/airflow/example_dags/example_branch_labels.py
[2024-12-07T17:32:17.233+0000] {processor.py:914} INFO - Processing file /home/airflow/.local/lib/python3.12/site-packages/airflow/example_dags/example_branch_labels.py for tasks to queue
[2024-12-07T17:32:17.236+0000] {logging_mixin.py:190} INFO - [2024-12-07T17:32:17.235+0000] {dagbag.py:588} INFO - Filling up the DagBag from /home/airflow/.local/lib/python3.12/site-packages/airflow/example_dags/example_branch_labels.py
[2024-12-07T17:32:17.248+0000] {processor.py:925} INFO - DAG(s) 'example_branch_labels' retrieved from /home/airflow/.local/lib/python3.12/site-packages/airflow/example_dags/example_branch_labels.py
[2024-12-07T17:32:17.280+0000] {logging_mixin.py:190} INFO - [2024-12-07T17:32:17.279+0000] {dag.py:3239} INFO - Sync 1 DAGs
[2024-12-07T17:32:17.315+0000] {logging_mixin.py:190} INFO - [2024-12-07T17:32:17.315+0000] {dag.py:4180} INFO - Setting next_dagrun for example_branch_labels to 2024-12-06 00:00:00+00:00, run_after=2024-12-07 00:00:00+00:00
[2024-12-07T17:32:17.345+0000] {processor.py:208} INFO - Processing /home/airflow/.local/lib/python3.12/site-packages/airflow/example_dags/example_branch_labels.py took 0.121 seconds
[2024-12-07T17:32:47.774+0000] {processor.py:186} INFO - Started process (PID=5822) to work on /home/airflow/.local/lib/python3.12/site-packages/airflow/example_dags/example_branch_labels.py
[2024-12-07T17:32:47.775+0000] {processor.py:914} INFO - Processing file /home/airflow/.local/lib/python3.12/site-packages/airflow/example_dags/example_branch_labels.py for tasks to queue
[2024-12-07T17:32:47.778+0000] {logging_mixin.py:190} INFO - [2024-12-07T17:32:47.778+0000] {dagbag.py:588} INFO - Filling up the DagBag from /home/airflow/.local/lib/python3.12/site-packages/airflow/example_dags/example_branch_labels.py
[2024-12-07T17:32:47.798+0000] {processor.py:925} INFO - DAG(s) 'example_branch_labels' retrieved from /home/airflow/.local/lib/python3.12/site-packages/airflow/example_dags/example_branch_labels.py
[2024-12-07T17:32:47.834+0000] {logging_mixin.py:190} INFO - [2024-12-07T17:32:47.834+0000] {dag.py:3239} INFO - Sync 1 DAGs
[2024-12-07T17:32:47.888+0000] {logging_mixin.py:190} INFO - [2024-12-07T17:32:47.887+0000] {dag.py:4180} INFO - Setting next_dagrun for example_branch_labels to 2024-12-06 00:00:00+00:00, run_after=2024-12-07 00:00:00+00:00
[2024-12-07T17:32:47.982+0000] {processor.py:208} INFO - Processing /home/airflow/.local/lib/python3.12/site-packages/airflow/example_dags/example_branch_labels.py took 0.222 seconds
[2024-12-07T17:33:18.380+0000] {processor.py:186} INFO - Started process (PID=6112) to work on /home/airflow/.local/lib/python3.12/site-packages/airflow/example_dags/example_branch_labels.py
[2024-12-07T17:33:18.382+0000] {processor.py:914} INFO - Processing file /home/airflow/.local/lib/python3.12/site-packages/airflow/example_dags/example_branch_labels.py for tasks to queue
[2024-12-07T17:33:18.388+0000] {logging_mixin.py:190} INFO - [2024-12-07T17:33:18.388+0000] {dagbag.py:588} INFO - Filling up the DagBag from /home/airflow/.local/lib/python3.12/site-packages/airflow/example_dags/example_branch_labels.py
[2024-12-07T17:33:18.407+0000] {processor.py:925} INFO - DAG(s) 'example_branch_labels' retrieved from /home/airflow/.local/lib/python3.12/site-packages/airflow/example_dags/example_branch_labels.py
[2024-12-07T17:33:18.456+0000] {logging_mixin.py:190} INFO - [2024-12-07T17:33:18.455+0000] {dag.py:3239} INFO - Sync 1 DAGs
[2024-12-07T17:33:18.502+0000] {logging_mixin.py:190} INFO - [2024-12-07T17:33:18.501+0000] {dag.py:4180} INFO - Setting next_dagrun for example_branch_labels to 2024-12-06 00:00:00+00:00, run_after=2024-12-07 00:00:00+00:00
[2024-12-07T17:33:18.529+0000] {processor.py:208} INFO - Processing /home/airflow/.local/lib/python3.12/site-packages/airflow/example_dags/example_branch_labels.py took 0.158 seconds
[2024-12-07T17:33:48.751+0000] {processor.py:186} INFO - Started process (PID=6398) to work on /home/airflow/.local/lib/python3.12/site-packages/airflow/example_dags/example_branch_labels.py
[2024-12-07T17:33:48.753+0000] {processor.py:914} INFO - Processing file /home/airflow/.local/lib/python3.12/site-packages/airflow/example_dags/example_branch_labels.py for tasks to queue
[2024-12-07T17:33:48.758+0000] {logging_mixin.py:190} INFO - [2024-12-07T17:33:48.757+0000] {dagbag.py:588} INFO - Filling up the DagBag from /home/airflow/.local/lib/python3.12/site-packages/airflow/example_dags/example_branch_labels.py
[2024-12-07T17:33:48.779+0000] {processor.py:925} INFO - DAG(s) 'example_branch_labels' retrieved from /home/airflow/.local/lib/python3.12/site-packages/airflow/example_dags/example_branch_labels.py
[2024-12-07T17:33:48.821+0000] {logging_mixin.py:190} INFO - [2024-12-07T17:33:48.821+0000] {dag.py:3239} INFO - Sync 1 DAGs
[2024-12-07T17:33:48.874+0000] {logging_mixin.py:190} INFO - [2024-12-07T17:33:48.873+0000] {dag.py:4180} INFO - Setting next_dagrun for example_branch_labels to 2024-12-06 00:00:00+00:00, run_after=2024-12-07 00:00:00+00:00
[2024-12-07T17:33:48.921+0000] {processor.py:208} INFO - Processing /home/airflow/.local/lib/python3.12/site-packages/airflow/example_dags/example_branch_labels.py took 0.182 seconds
[2024-12-07T17:34:19.805+0000] {processor.py:186} INFO - Started process (PID=6695) to work on /home/airflow/.local/lib/python3.12/site-packages/airflow/example_dags/example_branch_labels.py
[2024-12-07T17:34:19.806+0000] {processor.py:914} INFO - Processing file /home/airflow/.local/lib/python3.12/site-packages/airflow/example_dags/example_branch_labels.py for tasks to queue
[2024-12-07T17:34:19.809+0000] {logging_mixin.py:190} INFO - [2024-12-07T17:34:19.809+0000] {dagbag.py:588} INFO - Filling up the DagBag from /home/airflow/.local/lib/python3.12/site-packages/airflow/example_dags/example_branch_labels.py
[2024-12-07T17:34:19.821+0000] {processor.py:925} INFO - DAG(s) 'example_branch_labels' retrieved from /home/airflow/.local/lib/python3.12/site-packages/airflow/example_dags/example_branch_labels.py
[2024-12-07T17:34:19.849+0000] {logging_mixin.py:190} INFO - [2024-12-07T17:34:19.849+0000] {dag.py:3239} INFO - Sync 1 DAGs
[2024-12-07T17:34:19.879+0000] {logging_mixin.py:190} INFO - [2024-12-07T17:34:19.879+0000] {dag.py:4180} INFO - Setting next_dagrun for example_branch_labels to 2024-12-06 00:00:00+00:00, run_after=2024-12-07 00:00:00+00:00
[2024-12-07T17:34:19.907+0000] {processor.py:208} INFO - Processing /home/airflow/.local/lib/python3.12/site-packages/airflow/example_dags/example_branch_labels.py took 0.108 seconds
[2024-12-07T17:34:50.198+0000] {processor.py:186} INFO - Started process (PID=6986) to work on /home/airflow/.local/lib/python3.12/site-packages/airflow/example_dags/example_branch_labels.py
[2024-12-07T17:34:50.200+0000] {processor.py:914} INFO - Processing file /home/airflow/.local/lib/python3.12/site-packages/airflow/example_dags/example_branch_labels.py for tasks to queue
[2024-12-07T17:34:50.209+0000] {logging_mixin.py:190} INFO - [2024-12-07T17:34:50.206+0000] {dagbag.py:588} INFO - Filling up the DagBag from /home/airflow/.local/lib/python3.12/site-packages/airflow/example_dags/example_branch_labels.py
[2024-12-07T17:34:50.228+0000] {processor.py:925} INFO - DAG(s) 'example_branch_labels' retrieved from /home/airflow/.local/lib/python3.12/site-packages/airflow/example_dags/example_branch_labels.py
[2024-12-07T17:34:50.260+0000] {logging_mixin.py:190} INFO - [2024-12-07T17:34:50.260+0000] {dag.py:3239} INFO - Sync 1 DAGs
[2024-12-07T17:34:50.294+0000] {logging_mixin.py:190} INFO - [2024-12-07T17:34:50.294+0000] {dag.py:4180} INFO - Setting next_dagrun for example_branch_labels to 2024-12-06 00:00:00+00:00, run_after=2024-12-07 00:00:00+00:00
[2024-12-07T17:34:50.322+0000] {processor.py:208} INFO - Processing /home/airflow/.local/lib/python3.12/site-packages/airflow/example_dags/example_branch_labels.py took 0.135 seconds
[2024-12-07T17:35:21.326+0000] {processor.py:186} INFO - Started process (PID=7277) to work on /home/airflow/.local/lib/python3.12/site-packages/airflow/example_dags/example_branch_labels.py
[2024-12-07T17:35:21.328+0000] {processor.py:914} INFO - Processing file /home/airflow/.local/lib/python3.12/site-packages/airflow/example_dags/example_branch_labels.py for tasks to queue
[2024-12-07T17:35:21.332+0000] {logging_mixin.py:190} INFO - [2024-12-07T17:35:21.331+0000] {dagbag.py:588} INFO - Filling up the DagBag from /home/airflow/.local/lib/python3.12/site-packages/airflow/example_dags/example_branch_labels.py
[2024-12-07T17:35:21.351+0000] {processor.py:925} INFO - DAG(s) 'example_branch_labels' retrieved from /home/airflow/.local/lib/python3.12/site-packages/airflow/example_dags/example_branch_labels.py
[2024-12-07T17:35:21.399+0000] {logging_mixin.py:190} INFO - [2024-12-07T17:35:21.399+0000] {dag.py:3239} INFO - Sync 1 DAGs
[2024-12-07T17:35:21.454+0000] {logging_mixin.py:190} INFO - [2024-12-07T17:35:21.453+0000] {dag.py:4180} INFO - Setting next_dagrun for example_branch_labels to 2024-12-06 00:00:00+00:00, run_after=2024-12-07 00:00:00+00:00
[2024-12-07T17:35:21.494+0000] {processor.py:208} INFO - Processing /home/airflow/.local/lib/python3.12/site-packages/airflow/example_dags/example_branch_labels.py took 0.191 seconds
[2024-12-07T17:35:52.115+0000] {processor.py:186} INFO - Started process (PID=7568) to work on /home/airflow/.local/lib/python3.12/site-packages/airflow/example_dags/example_branch_labels.py
[2024-12-07T17:35:52.117+0000] {processor.py:914} INFO - Processing file /home/airflow/.local/lib/python3.12/site-packages/airflow/example_dags/example_branch_labels.py for tasks to queue
[2024-12-07T17:35:52.122+0000] {logging_mixin.py:190} INFO - [2024-12-07T17:35:52.121+0000] {dagbag.py:588} INFO - Filling up the DagBag from /home/airflow/.local/lib/python3.12/site-packages/airflow/example_dags/example_branch_labels.py
[2024-12-07T17:35:52.146+0000] {processor.py:925} INFO - DAG(s) 'example_branch_labels' retrieved from /home/airflow/.local/lib/python3.12/site-packages/airflow/example_dags/example_branch_labels.py
[2024-12-07T17:35:52.198+0000] {logging_mixin.py:190} INFO - [2024-12-07T17:35:52.197+0000] {dag.py:3239} INFO - Sync 1 DAGs
[2024-12-07T17:35:52.239+0000] {logging_mixin.py:190} INFO - [2024-12-07T17:35:52.239+0000] {dag.py:4180} INFO - Setting next_dagrun for example_branch_labels to 2024-12-06 00:00:00+00:00, run_after=2024-12-07 00:00:00+00:00
[2024-12-07T17:35:52.270+0000] {processor.py:208} INFO - Processing /home/airflow/.local/lib/python3.12/site-packages/airflow/example_dags/example_branch_labels.py took 0.171 seconds
[2024-12-07T17:36:22.443+0000] {processor.py:186} INFO - Started process (PID=7860) to work on /home/airflow/.local/lib/python3.12/site-packages/airflow/example_dags/example_branch_labels.py
[2024-12-07T17:36:22.444+0000] {processor.py:914} INFO - Processing file /home/airflow/.local/lib/python3.12/site-packages/airflow/example_dags/example_branch_labels.py for tasks to queue
[2024-12-07T17:36:22.449+0000] {logging_mixin.py:190} INFO - [2024-12-07T17:36:22.449+0000] {dagbag.py:588} INFO - Filling up the DagBag from /home/airflow/.local/lib/python3.12/site-packages/airflow/example_dags/example_branch_labels.py
[2024-12-07T17:36:22.467+0000] {processor.py:925} INFO - DAG(s) 'example_branch_labels' retrieved from /home/airflow/.local/lib/python3.12/site-packages/airflow/example_dags/example_branch_labels.py
[2024-12-07T17:36:22.505+0000] {logging_mixin.py:190} INFO - [2024-12-07T17:36:22.504+0000] {dag.py:3239} INFO - Sync 1 DAGs
[2024-12-07T17:36:22.547+0000] {logging_mixin.py:190} INFO - [2024-12-07T17:36:22.546+0000] {dag.py:4180} INFO - Setting next_dagrun for example_branch_labels to 2024-12-06 00:00:00+00:00, run_after=2024-12-07 00:00:00+00:00
[2024-12-07T17:36:22.575+0000] {processor.py:208} INFO - Processing /home/airflow/.local/lib/python3.12/site-packages/airflow/example_dags/example_branch_labels.py took 0.141 seconds
[2024-12-07T17:36:57.478+0000] {processor.py:186} INFO - Started process (PID=8152) to work on /home/airflow/.local/lib/python3.12/site-packages/airflow/example_dags/example_branch_labels.py
[2024-12-07T17:36:57.621+0000] {processor.py:914} INFO - Processing file /home/airflow/.local/lib/python3.12/site-packages/airflow/example_dags/example_branch_labels.py for tasks to queue
[2024-12-07T17:36:57.624+0000] {logging_mixin.py:190} INFO - [2024-12-07T17:36:57.624+0000] {dagbag.py:588} INFO - Filling up the DagBag from /home/airflow/.local/lib/python3.12/site-packages/airflow/example_dags/example_branch_labels.py
[2024-12-07T17:36:57.636+0000] {processor.py:925} INFO - DAG(s) 'example_branch_labels' retrieved from /home/airflow/.local/lib/python3.12/site-packages/airflow/example_dags/example_branch_labels.py
[2024-12-07T17:36:57.683+0000] {logging_mixin.py:190} INFO - [2024-12-07T17:36:57.682+0000] {dag.py:3239} INFO - Sync 1 DAGs
[2024-12-07T17:36:57.728+0000] {logging_mixin.py:190} INFO - [2024-12-07T17:36:57.727+0000] {dag.py:4180} INFO - Setting next_dagrun for example_branch_labels to 2024-12-06 00:00:00+00:00, run_after=2024-12-07 00:00:00+00:00
[2024-12-07T17:36:57.769+0000] {processor.py:208} INFO - Processing /home/airflow/.local/lib/python3.12/site-packages/airflow/example_dags/example_branch_labels.py took 0.302 seconds
[2024-12-07T17:37:28.140+0000] {processor.py:186} INFO - Started process (PID=8443) to work on /home/airflow/.local/lib/python3.12/site-packages/airflow/example_dags/example_branch_labels.py
[2024-12-07T17:37:28.142+0000] {processor.py:914} INFO - Processing file /home/airflow/.local/lib/python3.12/site-packages/airflow/example_dags/example_branch_labels.py for tasks to queue
[2024-12-07T17:37:28.146+0000] {logging_mixin.py:190} INFO - [2024-12-07T17:37:28.146+0000] {dagbag.py:588} INFO - Filling up the DagBag from /home/airflow/.local/lib/python3.12/site-packages/airflow/example_dags/example_branch_labels.py
[2024-12-07T17:37:28.166+0000] {processor.py:925} INFO - DAG(s) 'example_branch_labels' retrieved from /home/airflow/.local/lib/python3.12/site-packages/airflow/example_dags/example_branch_labels.py
[2024-12-07T17:37:28.200+0000] {logging_mixin.py:190} INFO - [2024-12-07T17:37:28.200+0000] {dag.py:3239} INFO - Sync 1 DAGs
[2024-12-07T17:37:28.252+0000] {logging_mixin.py:190} INFO - [2024-12-07T17:37:28.251+0000] {dag.py:4180} INFO - Setting next_dagrun for example_branch_labels to 2024-12-06 00:00:00+00:00, run_after=2024-12-07 00:00:00+00:00
[2024-12-07T17:37:28.295+0000] {processor.py:208} INFO - Processing /home/airflow/.local/lib/python3.12/site-packages/airflow/example_dags/example_branch_labels.py took 0.167 seconds
[2024-12-07T17:37:59.956+0000] {processor.py:186} INFO - Started process (PID=8734) to work on /home/airflow/.local/lib/python3.12/site-packages/airflow/example_dags/example_branch_labels.py
[2024-12-07T17:37:59.966+0000] {processor.py:914} INFO - Processing file /home/airflow/.local/lib/python3.12/site-packages/airflow/example_dags/example_branch_labels.py for tasks to queue
[2024-12-07T17:37:59.971+0000] {logging_mixin.py:190} INFO - [2024-12-07T17:37:59.970+0000] {dagbag.py:588} INFO - Filling up the DagBag from /home/airflow/.local/lib/python3.12/site-packages/airflow/example_dags/example_branch_labels.py
[2024-12-07T17:38:00.002+0000] {processor.py:925} INFO - DAG(s) 'example_branch_labels' retrieved from /home/airflow/.local/lib/python3.12/site-packages/airflow/example_dags/example_branch_labels.py
[2024-12-07T17:38:00.080+0000] {logging_mixin.py:190} INFO - [2024-12-07T17:38:00.079+0000] {dag.py:3239} INFO - Sync 1 DAGs
[2024-12-07T17:38:00.172+0000] {logging_mixin.py:190} INFO - [2024-12-07T17:38:00.171+0000] {dag.py:4180} INFO - Setting next_dagrun for example_branch_labels to 2024-12-06 00:00:00+00:00, run_after=2024-12-07 00:00:00+00:00
[2024-12-07T17:38:00.221+0000] {processor.py:208} INFO - Processing /home/airflow/.local/lib/python3.12/site-packages/airflow/example_dags/example_branch_labels.py took 0.286 seconds
[2024-12-07T17:38:31.310+0000] {processor.py:186} INFO - Started process (PID=9020) to work on /home/airflow/.local/lib/python3.12/site-packages/airflow/example_dags/example_branch_labels.py
[2024-12-07T17:38:31.312+0000] {processor.py:914} INFO - Processing file /home/airflow/.local/lib/python3.12/site-packages/airflow/example_dags/example_branch_labels.py for tasks to queue
[2024-12-07T17:38:31.317+0000] {logging_mixin.py:190} INFO - [2024-12-07T17:38:31.316+0000] {dagbag.py:588} INFO - Filling up the DagBag from /home/airflow/.local/lib/python3.12/site-packages/airflow/example_dags/example_branch_labels.py
[2024-12-07T17:38:31.351+0000] {processor.py:925} INFO - DAG(s) 'example_branch_labels' retrieved from /home/airflow/.local/lib/python3.12/site-packages/airflow/example_dags/example_branch_labels.py
[2024-12-07T17:38:31.426+0000] {logging_mixin.py:190} INFO - [2024-12-07T17:38:31.425+0000] {dag.py:3239} INFO - Sync 1 DAGs
[2024-12-07T17:38:31.538+0000] {logging_mixin.py:190} INFO - [2024-12-07T17:38:31.538+0000] {dag.py:4180} INFO - Setting next_dagrun for example_branch_labels to 2024-12-06 00:00:00+00:00, run_after=2024-12-07 00:00:00+00:00
[2024-12-07T17:38:31.650+0000] {processor.py:208} INFO - Processing /home/airflow/.local/lib/python3.12/site-packages/airflow/example_dags/example_branch_labels.py took 0.358 seconds
[2024-12-07T17:39:02.243+0000] {processor.py:186} INFO - Started process (PID=9311) to work on /home/airflow/.local/lib/python3.12/site-packages/airflow/example_dags/example_branch_labels.py
[2024-12-07T17:39:02.244+0000] {processor.py:914} INFO - Processing file /home/airflow/.local/lib/python3.12/site-packages/airflow/example_dags/example_branch_labels.py for tasks to queue
[2024-12-07T17:39:02.247+0000] {logging_mixin.py:190} INFO - [2024-12-07T17:39:02.247+0000] {dagbag.py:588} INFO - Filling up the DagBag from /home/airflow/.local/lib/python3.12/site-packages/airflow/example_dags/example_branch_labels.py
[2024-12-07T17:39:02.264+0000] {processor.py:925} INFO - DAG(s) 'example_branch_labels' retrieved from /home/airflow/.local/lib/python3.12/site-packages/airflow/example_dags/example_branch_labels.py
[2024-12-07T17:39:02.299+0000] {logging_mixin.py:190} INFO - [2024-12-07T17:39:02.298+0000] {dag.py:3239} INFO - Sync 1 DAGs
[2024-12-07T17:39:02.338+0000] {logging_mixin.py:190} INFO - [2024-12-07T17:39:02.337+0000] {dag.py:4180} INFO - Setting next_dagrun for example_branch_labels to 2024-12-06 00:00:00+00:00, run_after=2024-12-07 00:00:00+00:00
[2024-12-07T17:39:02.372+0000] {processor.py:208} INFO - Processing /home/airflow/.local/lib/python3.12/site-packages/airflow/example_dags/example_branch_labels.py took 0.136 seconds
[2024-12-07T17:39:32.927+0000] {processor.py:186} INFO - Started process (PID=9598) to work on /home/airflow/.local/lib/python3.12/site-packages/airflow/example_dags/example_branch_labels.py
[2024-12-07T17:39:32.928+0000] {processor.py:914} INFO - Processing file /home/airflow/.local/lib/python3.12/site-packages/airflow/example_dags/example_branch_labels.py for tasks to queue
[2024-12-07T17:39:32.932+0000] {logging_mixin.py:190} INFO - [2024-12-07T17:39:32.931+0000] {dagbag.py:588} INFO - Filling up the DagBag from /home/airflow/.local/lib/python3.12/site-packages/airflow/example_dags/example_branch_labels.py
[2024-12-07T17:39:32.945+0000] {processor.py:925} INFO - DAG(s) 'example_branch_labels' retrieved from /home/airflow/.local/lib/python3.12/site-packages/airflow/example_dags/example_branch_labels.py
[2024-12-07T17:39:32.977+0000] {logging_mixin.py:190} INFO - [2024-12-07T17:39:32.976+0000] {dag.py:3239} INFO - Sync 1 DAGs
[2024-12-07T17:39:33.008+0000] {logging_mixin.py:190} INFO - [2024-12-07T17:39:33.008+0000] {dag.py:4180} INFO - Setting next_dagrun for example_branch_labels to 2024-12-06 00:00:00+00:00, run_after=2024-12-07 00:00:00+00:00
[2024-12-07T17:39:33.037+0000] {processor.py:208} INFO - Processing /home/airflow/.local/lib/python3.12/site-packages/airflow/example_dags/example_branch_labels.py took 0.119 seconds
[2024-12-07T17:40:03.206+0000] {processor.py:186} INFO - Started process (PID=9889) to work on /home/airflow/.local/lib/python3.12/site-packages/airflow/example_dags/example_branch_labels.py
[2024-12-07T17:40:03.208+0000] {processor.py:914} INFO - Processing file /home/airflow/.local/lib/python3.12/site-packages/airflow/example_dags/example_branch_labels.py for tasks to queue
[2024-12-07T17:40:03.210+0000] {logging_mixin.py:190} INFO - [2024-12-07T17:40:03.210+0000] {dagbag.py:588} INFO - Filling up the DagBag from /home/airflow/.local/lib/python3.12/site-packages/airflow/example_dags/example_branch_labels.py
[2024-12-07T17:40:03.227+0000] {processor.py:925} INFO - DAG(s) 'example_branch_labels' retrieved from /home/airflow/.local/lib/python3.12/site-packages/airflow/example_dags/example_branch_labels.py
[2024-12-07T17:40:03.253+0000] {logging_mixin.py:190} INFO - [2024-12-07T17:40:03.253+0000] {dag.py:3239} INFO - Sync 1 DAGs
[2024-12-07T17:40:03.283+0000] {logging_mixin.py:190} INFO - [2024-12-07T17:40:03.283+0000] {dag.py:4180} INFO - Setting next_dagrun for example_branch_labels to 2024-12-06 00:00:00+00:00, run_after=2024-12-07 00:00:00+00:00
[2024-12-07T17:40:03.308+0000] {processor.py:208} INFO - Processing /home/airflow/.local/lib/python3.12/site-packages/airflow/example_dags/example_branch_labels.py took 0.112 seconds
[2024-12-07T17:40:35.616+0000] {processor.py:186} INFO - Started process (PID=10180) to work on /home/airflow/.local/lib/python3.12/site-packages/airflow/example_dags/example_branch_labels.py
[2024-12-07T17:40:35.620+0000] {processor.py:914} INFO - Processing file /home/airflow/.local/lib/python3.12/site-packages/airflow/example_dags/example_branch_labels.py for tasks to queue
[2024-12-07T17:40:35.632+0000] {logging_mixin.py:190} INFO - [2024-12-07T17:40:35.631+0000] {dagbag.py:588} INFO - Filling up the DagBag from /home/airflow/.local/lib/python3.12/site-packages/airflow/example_dags/example_branch_labels.py
[2024-12-07T17:40:35.678+0000] {processor.py:925} INFO - DAG(s) 'example_branch_labels' retrieved from /home/airflow/.local/lib/python3.12/site-packages/airflow/example_dags/example_branch_labels.py
[2024-12-07T17:40:35.755+0000] {logging_mixin.py:190} INFO - [2024-12-07T17:40:35.754+0000] {dag.py:3239} INFO - Sync 1 DAGs
[2024-12-07T17:40:35.854+0000] {logging_mixin.py:190} INFO - [2024-12-07T17:40:35.854+0000] {dag.py:4180} INFO - Setting next_dagrun for example_branch_labels to 2024-12-06 00:00:00+00:00, run_after=2024-12-07 00:00:00+00:00
[2024-12-07T17:40:35.921+0000] {processor.py:208} INFO - Processing /home/airflow/.local/lib/python3.12/site-packages/airflow/example_dags/example_branch_labels.py took 0.328 seconds
[2024-12-07T17:41:06.560+0000] {processor.py:186} INFO - Started process (PID=10471) to work on /home/airflow/.local/lib/python3.12/site-packages/airflow/example_dags/example_branch_labels.py
[2024-12-07T17:41:06.561+0000] {processor.py:914} INFO - Processing file /home/airflow/.local/lib/python3.12/site-packages/airflow/example_dags/example_branch_labels.py for tasks to queue
[2024-12-07T17:41:06.564+0000] {logging_mixin.py:190} INFO - [2024-12-07T17:41:06.564+0000] {dagbag.py:588} INFO - Filling up the DagBag from /home/airflow/.local/lib/python3.12/site-packages/airflow/example_dags/example_branch_labels.py
[2024-12-07T17:41:06.576+0000] {processor.py:925} INFO - DAG(s) 'example_branch_labels' retrieved from /home/airflow/.local/lib/python3.12/site-packages/airflow/example_dags/example_branch_labels.py
[2024-12-07T17:41:06.602+0000] {logging_mixin.py:190} INFO - [2024-12-07T17:41:06.602+0000] {dag.py:3239} INFO - Sync 1 DAGs
[2024-12-07T17:41:06.632+0000] {logging_mixin.py:190} INFO - [2024-12-07T17:41:06.632+0000] {dag.py:4180} INFO - Setting next_dagrun for example_branch_labels to 2024-12-06 00:00:00+00:00, run_after=2024-12-07 00:00:00+00:00
[2024-12-07T17:41:06.662+0000] {processor.py:208} INFO - Processing /home/airflow/.local/lib/python3.12/site-packages/airflow/example_dags/example_branch_labels.py took 0.110 seconds
[2024-12-07T17:41:37.654+0000] {processor.py:186} INFO - Started process (PID=10763) to work on /home/airflow/.local/lib/python3.12/site-packages/airflow/example_dags/example_branch_labels.py
[2024-12-07T17:41:37.656+0000] {processor.py:914} INFO - Processing file /home/airflow/.local/lib/python3.12/site-packages/airflow/example_dags/example_branch_labels.py for tasks to queue
[2024-12-07T17:41:37.659+0000] {logging_mixin.py:190} INFO - [2024-12-07T17:41:37.659+0000] {dagbag.py:588} INFO - Filling up the DagBag from /home/airflow/.local/lib/python3.12/site-packages/airflow/example_dags/example_branch_labels.py
[2024-12-07T17:41:37.684+0000] {processor.py:925} INFO - DAG(s) 'example_branch_labels' retrieved from /home/airflow/.local/lib/python3.12/site-packages/airflow/example_dags/example_branch_labels.py
[2024-12-07T17:41:37.748+0000] {logging_mixin.py:190} INFO - [2024-12-07T17:41:37.747+0000] {dag.py:3239} INFO - Sync 1 DAGs
[2024-12-07T17:41:37.780+0000] {logging_mixin.py:190} INFO - [2024-12-07T17:41:37.779+0000] {dag.py:4180} INFO - Setting next_dagrun for example_branch_labels to 2024-12-06 00:00:00+00:00, run_after=2024-12-07 00:00:00+00:00
[2024-12-07T17:41:37.812+0000] {processor.py:208} INFO - Processing /home/airflow/.local/lib/python3.12/site-packages/airflow/example_dags/example_branch_labels.py took 0.170 seconds
[2024-12-07T17:42:08.099+0000] {processor.py:186} INFO - Started process (PID=11055) to work on /home/airflow/.local/lib/python3.12/site-packages/airflow/example_dags/example_branch_labels.py
[2024-12-07T17:42:08.102+0000] {processor.py:914} INFO - Processing file /home/airflow/.local/lib/python3.12/site-packages/airflow/example_dags/example_branch_labels.py for tasks to queue
[2024-12-07T17:42:08.106+0000] {logging_mixin.py:190} INFO - [2024-12-07T17:42:08.105+0000] {dagbag.py:588} INFO - Filling up the DagBag from /home/airflow/.local/lib/python3.12/site-packages/airflow/example_dags/example_branch_labels.py
[2024-12-07T17:42:08.125+0000] {processor.py:925} INFO - DAG(s) 'example_branch_labels' retrieved from /home/airflow/.local/lib/python3.12/site-packages/airflow/example_dags/example_branch_labels.py
[2024-12-07T17:42:08.161+0000] {logging_mixin.py:190} INFO - [2024-12-07T17:42:08.161+0000] {dag.py:3239} INFO - Sync 1 DAGs
[2024-12-07T17:42:08.212+0000] {logging_mixin.py:190} INFO - [2024-12-07T17:42:08.211+0000] {dag.py:4180} INFO - Setting next_dagrun for example_branch_labels to 2024-12-06 00:00:00+00:00, run_after=2024-12-07 00:00:00+00:00
[2024-12-07T17:42:08.260+0000] {processor.py:208} INFO - Processing /home/airflow/.local/lib/python3.12/site-packages/airflow/example_dags/example_branch_labels.py took 0.174 seconds
[2024-12-07T17:42:39.252+0000] {processor.py:186} INFO - Started process (PID=11348) to work on /home/airflow/.local/lib/python3.12/site-packages/airflow/example_dags/example_branch_labels.py
[2024-12-07T17:42:39.253+0000] {processor.py:914} INFO - Processing file /home/airflow/.local/lib/python3.12/site-packages/airflow/example_dags/example_branch_labels.py for tasks to queue
[2024-12-07T17:42:39.257+0000] {logging_mixin.py:190} INFO - [2024-12-07T17:42:39.256+0000] {dagbag.py:588} INFO - Filling up the DagBag from /home/airflow/.local/lib/python3.12/site-packages/airflow/example_dags/example_branch_labels.py
[2024-12-07T17:42:39.269+0000] {processor.py:925} INFO - DAG(s) 'example_branch_labels' retrieved from /home/airflow/.local/lib/python3.12/site-packages/airflow/example_dags/example_branch_labels.py
[2024-12-07T17:42:39.297+0000] {logging_mixin.py:190} INFO - [2024-12-07T17:42:39.296+0000] {dag.py:3239} INFO - Sync 1 DAGs
[2024-12-07T17:42:39.329+0000] {logging_mixin.py:190} INFO - [2024-12-07T17:42:39.329+0000] {dag.py:4180} INFO - Setting next_dagrun for example_branch_labels to 2024-12-06 00:00:00+00:00, run_after=2024-12-07 00:00:00+00:00
[2024-12-07T17:42:39.356+0000] {processor.py:208} INFO - Processing /home/airflow/.local/lib/python3.12/site-packages/airflow/example_dags/example_branch_labels.py took 0.111 seconds
[2024-12-07T17:43:10.043+0000] {processor.py:186} INFO - Started process (PID=11638) to work on /home/airflow/.local/lib/python3.12/site-packages/airflow/example_dags/example_branch_labels.py
[2024-12-07T17:43:10.044+0000] {processor.py:914} INFO - Processing file /home/airflow/.local/lib/python3.12/site-packages/airflow/example_dags/example_branch_labels.py for tasks to queue
[2024-12-07T17:43:10.048+0000] {logging_mixin.py:190} INFO - [2024-12-07T17:43:10.047+0000] {dagbag.py:588} INFO - Filling up the DagBag from /home/airflow/.local/lib/python3.12/site-packages/airflow/example_dags/example_branch_labels.py
[2024-12-07T17:43:10.068+0000] {processor.py:925} INFO - DAG(s) 'example_branch_labels' retrieved from /home/airflow/.local/lib/python3.12/site-packages/airflow/example_dags/example_branch_labels.py
[2024-12-07T17:43:10.110+0000] {logging_mixin.py:190} INFO - [2024-12-07T17:43:10.109+0000] {dag.py:3239} INFO - Sync 1 DAGs
[2024-12-07T17:43:10.156+0000] {logging_mixin.py:190} INFO - [2024-12-07T17:43:10.155+0000] {dag.py:4180} INFO - Setting next_dagrun for example_branch_labels to 2024-12-06 00:00:00+00:00, run_after=2024-12-07 00:00:00+00:00
[2024-12-07T17:43:10.188+0000] {processor.py:208} INFO - Processing /home/airflow/.local/lib/python3.12/site-packages/airflow/example_dags/example_branch_labels.py took 0.157 seconds
[2024-12-07T17:43:40.329+0000] {processor.py:186} INFO - Started process (PID=11924) to work on /home/airflow/.local/lib/python3.12/site-packages/airflow/example_dags/example_branch_labels.py
[2024-12-07T17:43:40.331+0000] {processor.py:914} INFO - Processing file /home/airflow/.local/lib/python3.12/site-packages/airflow/example_dags/example_branch_labels.py for tasks to queue
[2024-12-07T17:43:40.339+0000] {logging_mixin.py:190} INFO - [2024-12-07T17:43:40.338+0000] {dagbag.py:588} INFO - Filling up the DagBag from /home/airflow/.local/lib/python3.12/site-packages/airflow/example_dags/example_branch_labels.py
[2024-12-07T17:43:40.365+0000] {processor.py:925} INFO - DAG(s) 'example_branch_labels' retrieved from /home/airflow/.local/lib/python3.12/site-packages/airflow/example_dags/example_branch_labels.py
[2024-12-07T17:43:40.417+0000] {logging_mixin.py:190} INFO - [2024-12-07T17:43:40.417+0000] {dag.py:3239} INFO - Sync 1 DAGs
[2024-12-07T17:43:41.927+0000] {logging_mixin.py:190} INFO - [2024-12-07T17:43:41.926+0000] {dag.py:4180} INFO - Setting next_dagrun for example_branch_labels to 2024-12-06 00:00:00+00:00, run_after=2024-12-07 00:00:00+00:00
