[2024-12-07T17:22:45.494+0000] {processor.py:186} INFO - Started process (PID=353) to work on /home/airflow/.local/lib/python3.12/site-packages/airflow/example_dags/example_skip_dag.py
[2024-12-07T17:22:45.496+0000] {processor.py:914} INFO - Processing file /home/airflow/.local/lib/python3.12/site-packages/airflow/example_dags/example_skip_dag.py for tasks to queue
[2024-12-07T17:22:45.501+0000] {logging_mixin.py:190} INFO - [2024-12-07T17:22:45.500+0000] {dagbag.py:588} INFO - Filling up the DagBag from /home/airflow/.local/lib/python3.12/site-packages/airflow/example_dags/example_skip_dag.py
[2024-12-07T17:22:45.516+0000] {processor.py:925} INFO - DAG(s) 'example_skip_dag' retrieved from /home/airflow/.local/lib/python3.12/site-packages/airflow/example_dags/example_skip_dag.py
[2024-12-07T17:22:45.785+0000] {logging_mixin.py:190} INFO - [2024-12-07T17:22:45.784+0000] {override.py:1911} INFO - Created Permission View: can delete on DAG:example_skip_dag
[2024-12-07T17:22:45.820+0000] {logging_mixin.py:190} INFO - [2024-12-07T17:22:45.819+0000] {override.py:1911} INFO - Created Permission View: can read on DAG:example_skip_dag
[2024-12-07T17:22:45.840+0000] {logging_mixin.py:190} INFO - [2024-12-07T17:22:45.839+0000] {override.py:1911} INFO - Created Permission View: can edit on DAG:example_skip_dag
[2024-12-07T17:22:45.870+0000] {logging_mixin.py:190} INFO - [2024-12-07T17:22:45.870+0000] {override.py:1911} INFO - Created Permission View: menu access on DAG Run:example_skip_dag
[2024-12-07T17:22:45.895+0000] {logging_mixin.py:190} INFO - [2024-12-07T17:22:45.894+0000] {override.py:1911} INFO - Created Permission View: can delete on DAG Run:example_skip_dag
[2024-12-07T17:22:45.917+0000] {logging_mixin.py:190} INFO - [2024-12-07T17:22:45.916+0000] {override.py:1911} INFO - Created Permission View: can read on DAG Run:example_skip_dag
[2024-12-07T17:22:45.956+0000] {logging_mixin.py:190} INFO - [2024-12-07T17:22:45.955+0000] {override.py:1911} INFO - Created Permission View: can create on DAG Run:example_skip_dag
[2024-12-07T17:22:45.957+0000] {logging_mixin.py:190} INFO - [2024-12-07T17:22:45.957+0000] {dag.py:3239} INFO - Sync 1 DAGs
[2024-12-07T17:22:45.992+0000] {logging_mixin.py:190} INFO - [2024-12-07T17:22:45.991+0000] {dag.py:3262} INFO - Creating ORM DAG for example_skip_dag
[2024-12-07T17:22:46.018+0000] {logging_mixin.py:190} INFO - [2024-12-07T17:22:46.018+0000] {dag.py:4180} INFO - Setting next_dagrun for example_skip_dag to 2024-12-06 00:00:00+00:00, run_after=2024-12-07 00:00:00+00:00
[2024-12-07T17:22:46.055+0000] {processor.py:208} INFO - Processing /home/airflow/.local/lib/python3.12/site-packages/airflow/example_dags/example_skip_dag.py took 0.573 seconds
[2024-12-07T17:23:17.650+0000] {processor.py:186} INFO - Started process (PID=646) to work on /home/airflow/.local/lib/python3.12/site-packages/airflow/example_dags/example_skip_dag.py
[2024-12-07T17:23:17.652+0000] {processor.py:914} INFO - Processing file /home/airflow/.local/lib/python3.12/site-packages/airflow/example_dags/example_skip_dag.py for tasks to queue
[2024-12-07T17:23:17.657+0000] {logging_mixin.py:190} INFO - [2024-12-07T17:23:17.657+0000] {dagbag.py:588} INFO - Filling up the DagBag from /home/airflow/.local/lib/python3.12/site-packages/airflow/example_dags/example_skip_dag.py
[2024-12-07T17:23:17.677+0000] {processor.py:925} INFO - DAG(s) 'example_skip_dag' retrieved from /home/airflow/.local/lib/python3.12/site-packages/airflow/example_dags/example_skip_dag.py
[2024-12-07T17:23:17.750+0000] {logging_mixin.py:190} INFO - [2024-12-07T17:23:17.750+0000] {dag.py:3239} INFO - Sync 1 DAGs
[2024-12-07T17:23:17.831+0000] {logging_mixin.py:190} INFO - [2024-12-07T17:23:17.831+0000] {dag.py:4180} INFO - Setting next_dagrun for example_skip_dag to 2024-12-06 00:00:00+00:00, run_after=2024-12-07 00:00:00+00:00
[2024-12-07T17:23:17.911+0000] {processor.py:208} INFO - Processing /home/airflow/.local/lib/python3.12/site-packages/airflow/example_dags/example_skip_dag.py took 0.272 seconds
[2024-12-07T17:24:03.065+0000] {processor.py:186} INFO - Started process (PID=937) to work on /home/airflow/.local/lib/python3.12/site-packages/airflow/example_dags/example_skip_dag.py
[2024-12-07T17:24:03.067+0000] {processor.py:914} INFO - Processing file /home/airflow/.local/lib/python3.12/site-packages/airflow/example_dags/example_skip_dag.py for tasks to queue
[2024-12-07T17:24:03.071+0000] {logging_mixin.py:190} INFO - [2024-12-07T17:24:03.070+0000] {dagbag.py:588} INFO - Filling up the DagBag from /home/airflow/.local/lib/python3.12/site-packages/airflow/example_dags/example_skip_dag.py
[2024-12-07T17:24:03.089+0000] {processor.py:925} INFO - DAG(s) 'example_skip_dag' retrieved from /home/airflow/.local/lib/python3.12/site-packages/airflow/example_dags/example_skip_dag.py
[2024-12-07T17:24:03.129+0000] {logging_mixin.py:190} INFO - [2024-12-07T17:24:03.129+0000] {dag.py:3239} INFO - Sync 1 DAGs
[2024-12-07T17:24:03.185+0000] {logging_mixin.py:190} INFO - [2024-12-07T17:24:03.185+0000] {dag.py:4180} INFO - Setting next_dagrun for example_skip_dag to 2024-12-06 00:00:00+00:00, run_after=2024-12-07 00:00:00+00:00
[2024-12-07T17:24:03.251+0000] {processor.py:208} INFO - Processing /home/airflow/.local/lib/python3.12/site-packages/airflow/example_dags/example_skip_dag.py took 0.198 seconds
[2024-12-07T17:24:37.623+0000] {processor.py:186} INFO - Started process (PID=1226) to work on /home/airflow/.local/lib/python3.12/site-packages/airflow/example_dags/example_skip_dag.py
[2024-12-07T17:24:37.625+0000] {processor.py:914} INFO - Processing file /home/airflow/.local/lib/python3.12/site-packages/airflow/example_dags/example_skip_dag.py for tasks to queue
[2024-12-07T17:24:37.629+0000] {logging_mixin.py:190} INFO - [2024-12-07T17:24:37.628+0000] {dagbag.py:588} INFO - Filling up the DagBag from /home/airflow/.local/lib/python3.12/site-packages/airflow/example_dags/example_skip_dag.py
[2024-12-07T17:24:37.649+0000] {processor.py:925} INFO - DAG(s) 'example_skip_dag' retrieved from /home/airflow/.local/lib/python3.12/site-packages/airflow/example_dags/example_skip_dag.py
[2024-12-07T17:24:37.696+0000] {logging_mixin.py:190} INFO - [2024-12-07T17:24:37.695+0000] {dag.py:3239} INFO - Sync 1 DAGs
[2024-12-07T17:24:37.758+0000] {logging_mixin.py:190} INFO - [2024-12-07T17:24:37.756+0000] {dag.py:4180} INFO - Setting next_dagrun for example_skip_dag to 2024-12-06 00:00:00+00:00, run_after=2024-12-07 00:00:00+00:00
[2024-12-07T17:24:37.817+0000] {processor.py:208} INFO - Processing /home/airflow/.local/lib/python3.12/site-packages/airflow/example_dags/example_skip_dag.py took 0.210 seconds
[2024-12-07T17:25:08.934+0000] {processor.py:186} INFO - Started process (PID=1517) to work on /home/airflow/.local/lib/python3.12/site-packages/airflow/example_dags/example_skip_dag.py
[2024-12-07T17:25:08.936+0000] {processor.py:914} INFO - Processing file /home/airflow/.local/lib/python3.12/site-packages/airflow/example_dags/example_skip_dag.py for tasks to queue
[2024-12-07T17:25:08.941+0000] {logging_mixin.py:190} INFO - [2024-12-07T17:25:08.940+0000] {dagbag.py:588} INFO - Filling up the DagBag from /home/airflow/.local/lib/python3.12/site-packages/airflow/example_dags/example_skip_dag.py
[2024-12-07T17:25:08.958+0000] {processor.py:925} INFO - DAG(s) 'example_skip_dag' retrieved from /home/airflow/.local/lib/python3.12/site-packages/airflow/example_dags/example_skip_dag.py
[2024-12-07T17:25:08.997+0000] {logging_mixin.py:190} INFO - [2024-12-07T17:25:08.996+0000] {dag.py:3239} INFO - Sync 1 DAGs
[2024-12-07T17:25:09.040+0000] {logging_mixin.py:190} INFO - [2024-12-07T17:25:09.040+0000] {dag.py:4180} INFO - Setting next_dagrun for example_skip_dag to 2024-12-06 00:00:00+00:00, run_after=2024-12-07 00:00:00+00:00
[2024-12-07T17:25:09.100+0000] {processor.py:208} INFO - Processing /home/airflow/.local/lib/python3.12/site-packages/airflow/example_dags/example_skip_dag.py took 0.184 seconds
[2024-12-07T17:25:39.820+0000] {processor.py:186} INFO - Started process (PID=1809) to work on /home/airflow/.local/lib/python3.12/site-packages/airflow/example_dags/example_skip_dag.py
[2024-12-07T17:25:39.822+0000] {processor.py:914} INFO - Processing file /home/airflow/.local/lib/python3.12/site-packages/airflow/example_dags/example_skip_dag.py for tasks to queue
[2024-12-07T17:25:39.827+0000] {logging_mixin.py:190} INFO - [2024-12-07T17:25:39.826+0000] {dagbag.py:588} INFO - Filling up the DagBag from /home/airflow/.local/lib/python3.12/site-packages/airflow/example_dags/example_skip_dag.py
[2024-12-07T17:25:39.857+0000] {processor.py:925} INFO - DAG(s) 'example_skip_dag' retrieved from /home/airflow/.local/lib/python3.12/site-packages/airflow/example_dags/example_skip_dag.py
[2024-12-07T17:25:39.918+0000] {logging_mixin.py:190} INFO - [2024-12-07T17:25:39.918+0000] {dag.py:3239} INFO - Sync 1 DAGs
[2024-12-07T17:25:39.954+0000] {logging_mixin.py:190} INFO - [2024-12-07T17:25:39.954+0000] {dag.py:4180} INFO - Setting next_dagrun for example_skip_dag to 2024-12-06 00:00:00+00:00, run_after=2024-12-07 00:00:00+00:00
[2024-12-07T17:25:39.985+0000] {processor.py:208} INFO - Processing /home/airflow/.local/lib/python3.12/site-packages/airflow/example_dags/example_skip_dag.py took 0.181 seconds
[2024-12-07T17:26:10.056+0000] {processor.py:186} INFO - Started process (PID=2095) to work on /home/airflow/.local/lib/python3.12/site-packages/airflow/example_dags/example_skip_dag.py
[2024-12-07T17:26:10.057+0000] {processor.py:914} INFO - Processing file /home/airflow/.local/lib/python3.12/site-packages/airflow/example_dags/example_skip_dag.py for tasks to queue
[2024-12-07T17:26:10.061+0000] {logging_mixin.py:190} INFO - [2024-12-07T17:26:10.061+0000] {dagbag.py:588} INFO - Filling up the DagBag from /home/airflow/.local/lib/python3.12/site-packages/airflow/example_dags/example_skip_dag.py
[2024-12-07T17:26:10.075+0000] {processor.py:925} INFO - DAG(s) 'example_skip_dag' retrieved from /home/airflow/.local/lib/python3.12/site-packages/airflow/example_dags/example_skip_dag.py
[2024-12-07T17:26:10.110+0000] {logging_mixin.py:190} INFO - [2024-12-07T17:26:10.110+0000] {dag.py:3239} INFO - Sync 1 DAGs
[2024-12-07T17:26:10.153+0000] {logging_mixin.py:190} INFO - [2024-12-07T17:26:10.153+0000] {dag.py:4180} INFO - Setting next_dagrun for example_skip_dag to 2024-12-06 00:00:00+00:00, run_after=2024-12-07 00:00:00+00:00
[2024-12-07T17:26:10.194+0000] {processor.py:208} INFO - Processing /home/airflow/.local/lib/python3.12/site-packages/airflow/example_dags/example_skip_dag.py took 0.147 seconds
[2024-12-07T17:26:41.186+0000] {processor.py:186} INFO - Started process (PID=2385) to work on /home/airflow/.local/lib/python3.12/site-packages/airflow/example_dags/example_skip_dag.py
[2024-12-07T17:26:41.188+0000] {processor.py:914} INFO - Processing file /home/airflow/.local/lib/python3.12/site-packages/airflow/example_dags/example_skip_dag.py for tasks to queue
[2024-12-07T17:26:41.191+0000] {logging_mixin.py:190} INFO - [2024-12-07T17:26:41.191+0000] {dagbag.py:588} INFO - Filling up the DagBag from /home/airflow/.local/lib/python3.12/site-packages/airflow/example_dags/example_skip_dag.py
[2024-12-07T17:26:41.204+0000] {processor.py:925} INFO - DAG(s) 'example_skip_dag' retrieved from /home/airflow/.local/lib/python3.12/site-packages/airflow/example_dags/example_skip_dag.py
[2024-12-07T17:26:41.231+0000] {logging_mixin.py:190} INFO - [2024-12-07T17:26:41.231+0000] {dag.py:3239} INFO - Sync 1 DAGs
[2024-12-07T17:26:41.263+0000] {logging_mixin.py:190} INFO - [2024-12-07T17:26:41.263+0000] {dag.py:4180} INFO - Setting next_dagrun for example_skip_dag to 2024-12-06 00:00:00+00:00, run_after=2024-12-07 00:00:00+00:00
[2024-12-07T17:26:41.299+0000] {processor.py:208} INFO - Processing /home/airflow/.local/lib/python3.12/site-packages/airflow/example_dags/example_skip_dag.py took 0.123 seconds
[2024-12-07T17:27:11.571+0000] {processor.py:186} INFO - Started process (PID=2676) to work on /home/airflow/.local/lib/python3.12/site-packages/airflow/example_dags/example_skip_dag.py
[2024-12-07T17:27:11.573+0000] {processor.py:914} INFO - Processing file /home/airflow/.local/lib/python3.12/site-packages/airflow/example_dags/example_skip_dag.py for tasks to queue
[2024-12-07T17:27:11.576+0000] {logging_mixin.py:190} INFO - [2024-12-07T17:27:11.576+0000] {dagbag.py:588} INFO - Filling up the DagBag from /home/airflow/.local/lib/python3.12/site-packages/airflow/example_dags/example_skip_dag.py
[2024-12-07T17:27:11.590+0000] {processor.py:925} INFO - DAG(s) 'example_skip_dag' retrieved from /home/airflow/.local/lib/python3.12/site-packages/airflow/example_dags/example_skip_dag.py
[2024-12-07T17:27:11.633+0000] {logging_mixin.py:190} INFO - [2024-12-07T17:27:11.632+0000] {dag.py:3239} INFO - Sync 1 DAGs
[2024-12-07T17:27:11.723+0000] {logging_mixin.py:190} INFO - [2024-12-07T17:27:11.722+0000] {dag.py:4180} INFO - Setting next_dagrun for example_skip_dag to 2024-12-06 00:00:00+00:00, run_after=2024-12-07 00:00:00+00:00
[2024-12-07T17:27:11.777+0000] {processor.py:208} INFO - Processing /home/airflow/.local/lib/python3.12/site-packages/airflow/example_dags/example_skip_dag.py took 0.215 seconds
[2024-12-07T17:27:42.553+0000] {processor.py:186} INFO - Started process (PID=2964) to work on /home/airflow/.local/lib/python3.12/site-packages/airflow/example_dags/example_skip_dag.py
[2024-12-07T17:27:42.555+0000] {processor.py:914} INFO - Processing file /home/airflow/.local/lib/python3.12/site-packages/airflow/example_dags/example_skip_dag.py for tasks to queue
[2024-12-07T17:27:42.558+0000] {logging_mixin.py:190} INFO - [2024-12-07T17:27:42.558+0000] {dagbag.py:588} INFO - Filling up the DagBag from /home/airflow/.local/lib/python3.12/site-packages/airflow/example_dags/example_skip_dag.py
[2024-12-07T17:27:42.568+0000] {processor.py:925} INFO - DAG(s) 'example_skip_dag' retrieved from /home/airflow/.local/lib/python3.12/site-packages/airflow/example_dags/example_skip_dag.py
[2024-12-07T17:27:42.597+0000] {logging_mixin.py:190} INFO - [2024-12-07T17:27:42.596+0000] {dag.py:3239} INFO - Sync 1 DAGs
[2024-12-07T17:27:42.626+0000] {logging_mixin.py:190} INFO - [2024-12-07T17:27:42.626+0000] {dag.py:4180} INFO - Setting next_dagrun for example_skip_dag to 2024-12-06 00:00:00+00:00, run_after=2024-12-07 00:00:00+00:00
[2024-12-07T17:27:42.656+0000] {processor.py:208} INFO - Processing /home/airflow/.local/lib/python3.12/site-packages/airflow/example_dags/example_skip_dag.py took 0.109 seconds
[2024-12-07T17:28:17.034+0000] {processor.py:186} INFO - Started process (PID=3258) to work on /home/airflow/.local/lib/python3.12/site-packages/airflow/example_dags/example_skip_dag.py
[2024-12-07T17:28:17.037+0000] {processor.py:914} INFO - Processing file /home/airflow/.local/lib/python3.12/site-packages/airflow/example_dags/example_skip_dag.py for tasks to queue
[2024-12-07T17:28:17.050+0000] {logging_mixin.py:190} INFO - [2024-12-07T17:28:17.050+0000] {dagbag.py:588} INFO - Filling up the DagBag from /home/airflow/.local/lib/python3.12/site-packages/airflow/example_dags/example_skip_dag.py
[2024-12-07T17:28:17.069+0000] {processor.py:925} INFO - DAG(s) 'example_skip_dag' retrieved from /home/airflow/.local/lib/python3.12/site-packages/airflow/example_dags/example_skip_dag.py
[2024-12-07T17:28:17.130+0000] {logging_mixin.py:190} INFO - [2024-12-07T17:28:17.129+0000] {dag.py:3239} INFO - Sync 1 DAGs
[2024-12-07T17:28:17.215+0000] {logging_mixin.py:190} INFO - [2024-12-07T17:28:17.214+0000] {dag.py:4180} INFO - Setting next_dagrun for example_skip_dag to 2024-12-06 00:00:00+00:00, run_after=2024-12-07 00:00:00+00:00
[2024-12-07T17:28:17.314+0000] {processor.py:208} INFO - Processing /home/airflow/.local/lib/python3.12/site-packages/airflow/example_dags/example_skip_dag.py took 0.294 seconds
[2024-12-07T17:28:48.583+0000] {processor.py:186} INFO - Started process (PID=3555) to work on /home/airflow/.local/lib/python3.12/site-packages/airflow/example_dags/example_skip_dag.py
[2024-12-07T17:28:48.586+0000] {processor.py:914} INFO - Processing file /home/airflow/.local/lib/python3.12/site-packages/airflow/example_dags/example_skip_dag.py for tasks to queue
[2024-12-07T17:28:48.592+0000] {logging_mixin.py:190} INFO - [2024-12-07T17:28:48.591+0000] {dagbag.py:588} INFO - Filling up the DagBag from /home/airflow/.local/lib/python3.12/site-packages/airflow/example_dags/example_skip_dag.py
[2024-12-07T17:28:48.610+0000] {processor.py:925} INFO - DAG(s) 'example_skip_dag' retrieved from /home/airflow/.local/lib/python3.12/site-packages/airflow/example_dags/example_skip_dag.py
[2024-12-07T17:28:48.722+0000] {logging_mixin.py:190} INFO - [2024-12-07T17:28:48.718+0000] {dag.py:3239} INFO - Sync 1 DAGs
[2024-12-07T17:28:48.778+0000] {logging_mixin.py:190} INFO - [2024-12-07T17:28:48.778+0000] {dag.py:4180} INFO - Setting next_dagrun for example_skip_dag to 2024-12-06 00:00:00+00:00, run_after=2024-12-07 00:00:00+00:00
[2024-12-07T17:28:49.474+0000] {processor.py:208} INFO - Processing /home/airflow/.local/lib/python3.12/site-packages/airflow/example_dags/example_skip_dag.py took 0.898 seconds
[2024-12-07T17:29:19.807+0000] {processor.py:186} INFO - Started process (PID=3848) to work on /home/airflow/.local/lib/python3.12/site-packages/airflow/example_dags/example_skip_dag.py
[2024-12-07T17:29:19.809+0000] {processor.py:914} INFO - Processing file /home/airflow/.local/lib/python3.12/site-packages/airflow/example_dags/example_skip_dag.py for tasks to queue
[2024-12-07T17:29:19.817+0000] {logging_mixin.py:190} INFO - [2024-12-07T17:29:19.816+0000] {dagbag.py:588} INFO - Filling up the DagBag from /home/airflow/.local/lib/python3.12/site-packages/airflow/example_dags/example_skip_dag.py
[2024-12-07T17:29:19.836+0000] {processor.py:925} INFO - DAG(s) 'example_skip_dag' retrieved from /home/airflow/.local/lib/python3.12/site-packages/airflow/example_dags/example_skip_dag.py
[2024-12-07T17:29:19.912+0000] {logging_mixin.py:190} INFO - [2024-12-07T17:29:19.912+0000] {dag.py:3239} INFO - Sync 1 DAGs
[2024-12-07T17:29:20.012+0000] {logging_mixin.py:190} INFO - [2024-12-07T17:29:20.012+0000] {dag.py:4180} INFO - Setting next_dagrun for example_skip_dag to 2024-12-06 00:00:00+00:00, run_after=2024-12-07 00:00:00+00:00
[2024-12-07T17:29:20.065+0000] {processor.py:208} INFO - Processing /home/airflow/.local/lib/python3.12/site-packages/airflow/example_dags/example_skip_dag.py took 0.270 seconds
[2024-12-07T17:29:50.289+0000] {processor.py:186} INFO - Started process (PID=4136) to work on /home/airflow/.local/lib/python3.12/site-packages/airflow/example_dags/example_skip_dag.py
[2024-12-07T17:29:50.291+0000] {processor.py:914} INFO - Processing file /home/airflow/.local/lib/python3.12/site-packages/airflow/example_dags/example_skip_dag.py for tasks to queue
[2024-12-07T17:29:50.294+0000] {logging_mixin.py:190} INFO - [2024-12-07T17:29:50.294+0000] {dagbag.py:588} INFO - Filling up the DagBag from /home/airflow/.local/lib/python3.12/site-packages/airflow/example_dags/example_skip_dag.py
[2024-12-07T17:29:50.304+0000] {processor.py:925} INFO - DAG(s) 'example_skip_dag' retrieved from /home/airflow/.local/lib/python3.12/site-packages/airflow/example_dags/example_skip_dag.py
[2024-12-07T17:29:50.329+0000] {logging_mixin.py:190} INFO - [2024-12-07T17:29:50.329+0000] {dag.py:3239} INFO - Sync 1 DAGs
[2024-12-07T17:29:50.358+0000] {logging_mixin.py:190} INFO - [2024-12-07T17:29:50.358+0000] {dag.py:4180} INFO - Setting next_dagrun for example_skip_dag to 2024-12-06 00:00:00+00:00, run_after=2024-12-07 00:00:00+00:00
[2024-12-07T17:29:50.384+0000] {processor.py:208} INFO - Processing /home/airflow/.local/lib/python3.12/site-packages/airflow/example_dags/example_skip_dag.py took 0.102 seconds
[2024-12-07T17:30:20.759+0000] {processor.py:186} INFO - Started process (PID=4425) to work on /home/airflow/.local/lib/python3.12/site-packages/airflow/example_dags/example_skip_dag.py
[2024-12-07T17:30:20.760+0000] {processor.py:914} INFO - Processing file /home/airflow/.local/lib/python3.12/site-packages/airflow/example_dags/example_skip_dag.py for tasks to queue
[2024-12-07T17:30:20.764+0000] {logging_mixin.py:190} INFO - [2024-12-07T17:30:20.764+0000] {dagbag.py:588} INFO - Filling up the DagBag from /home/airflow/.local/lib/python3.12/site-packages/airflow/example_dags/example_skip_dag.py
[2024-12-07T17:30:20.774+0000] {processor.py:925} INFO - DAG(s) 'example_skip_dag' retrieved from /home/airflow/.local/lib/python3.12/site-packages/airflow/example_dags/example_skip_dag.py
[2024-12-07T17:30:20.809+0000] {logging_mixin.py:190} INFO - [2024-12-07T17:30:20.809+0000] {dag.py:3239} INFO - Sync 1 DAGs
[2024-12-07T17:30:20.844+0000] {logging_mixin.py:190} INFO - [2024-12-07T17:30:20.843+0000] {dag.py:4180} INFO - Setting next_dagrun for example_skip_dag to 2024-12-06 00:00:00+00:00, run_after=2024-12-07 00:00:00+00:00
[2024-12-07T17:30:20.875+0000] {processor.py:208} INFO - Processing /home/airflow/.local/lib/python3.12/site-packages/airflow/example_dags/example_skip_dag.py took 0.123 seconds
[2024-12-07T17:30:51.042+0000] {processor.py:186} INFO - Started process (PID=4712) to work on /home/airflow/.local/lib/python3.12/site-packages/airflow/example_dags/example_skip_dag.py
[2024-12-07T17:30:51.044+0000] {processor.py:914} INFO - Processing file /home/airflow/.local/lib/python3.12/site-packages/airflow/example_dags/example_skip_dag.py for tasks to queue
[2024-12-07T17:30:51.047+0000] {logging_mixin.py:190} INFO - [2024-12-07T17:30:51.046+0000] {dagbag.py:588} INFO - Filling up the DagBag from /home/airflow/.local/lib/python3.12/site-packages/airflow/example_dags/example_skip_dag.py
[2024-12-07T17:30:51.056+0000] {processor.py:925} INFO - DAG(s) 'example_skip_dag' retrieved from /home/airflow/.local/lib/python3.12/site-packages/airflow/example_dags/example_skip_dag.py
[2024-12-07T17:30:51.084+0000] {logging_mixin.py:190} INFO - [2024-12-07T17:30:51.084+0000] {dag.py:3239} INFO - Sync 1 DAGs
[2024-12-07T17:30:51.112+0000] {logging_mixin.py:190} INFO - [2024-12-07T17:30:51.112+0000] {dag.py:4180} INFO - Setting next_dagrun for example_skip_dag to 2024-12-06 00:00:00+00:00, run_after=2024-12-07 00:00:00+00:00
[2024-12-07T17:30:51.137+0000] {processor.py:208} INFO - Processing /home/airflow/.local/lib/python3.12/site-packages/airflow/example_dags/example_skip_dag.py took 0.102 seconds
[2024-12-07T17:31:21.199+0000] {processor.py:186} INFO - Started process (PID=5003) to work on /home/airflow/.local/lib/python3.12/site-packages/airflow/example_dags/example_skip_dag.py
[2024-12-07T17:31:21.200+0000] {processor.py:914} INFO - Processing file /home/airflow/.local/lib/python3.12/site-packages/airflow/example_dags/example_skip_dag.py for tasks to queue
[2024-12-07T17:31:21.204+0000] {logging_mixin.py:190} INFO - [2024-12-07T17:31:21.203+0000] {dagbag.py:588} INFO - Filling up the DagBag from /home/airflow/.local/lib/python3.12/site-packages/airflow/example_dags/example_skip_dag.py
[2024-12-07T17:31:21.215+0000] {processor.py:925} INFO - DAG(s) 'example_skip_dag' retrieved from /home/airflow/.local/lib/python3.12/site-packages/airflow/example_dags/example_skip_dag.py
[2024-12-07T17:31:21.251+0000] {logging_mixin.py:190} INFO - [2024-12-07T17:31:21.251+0000] {dag.py:3239} INFO - Sync 1 DAGs
[2024-12-07T17:31:21.289+0000] {logging_mixin.py:190} INFO - [2024-12-07T17:31:21.288+0000] {dag.py:4180} INFO - Setting next_dagrun for example_skip_dag to 2024-12-06 00:00:00+00:00, run_after=2024-12-07 00:00:00+00:00
[2024-12-07T17:31:21.326+0000] {processor.py:208} INFO - Processing /home/airflow/.local/lib/python3.12/site-packages/airflow/example_dags/example_skip_dag.py took 0.136 seconds
[2024-12-07T17:31:51.941+0000] {processor.py:186} INFO - Started process (PID=5294) to work on /home/airflow/.local/lib/python3.12/site-packages/airflow/example_dags/example_skip_dag.py
[2024-12-07T17:31:51.943+0000] {processor.py:914} INFO - Processing file /home/airflow/.local/lib/python3.12/site-packages/airflow/example_dags/example_skip_dag.py for tasks to queue
[2024-12-07T17:31:51.946+0000] {logging_mixin.py:190} INFO - [2024-12-07T17:31:51.946+0000] {dagbag.py:588} INFO - Filling up the DagBag from /home/airflow/.local/lib/python3.12/site-packages/airflow/example_dags/example_skip_dag.py
[2024-12-07T17:31:51.957+0000] {processor.py:925} INFO - DAG(s) 'example_skip_dag' retrieved from /home/airflow/.local/lib/python3.12/site-packages/airflow/example_dags/example_skip_dag.py
[2024-12-07T17:31:51.985+0000] {logging_mixin.py:190} INFO - [2024-12-07T17:31:51.984+0000] {dag.py:3239} INFO - Sync 1 DAGs
[2024-12-07T17:31:52.017+0000] {logging_mixin.py:190} INFO - [2024-12-07T17:31:52.016+0000] {dag.py:4180} INFO - Setting next_dagrun for example_skip_dag to 2024-12-06 00:00:00+00:00, run_after=2024-12-07 00:00:00+00:00
[2024-12-07T17:31:52.049+0000] {processor.py:208} INFO - Processing /home/airflow/.local/lib/python3.12/site-packages/airflow/example_dags/example_skip_dag.py took 0.117 seconds
[2024-12-07T17:32:22.282+0000] {processor.py:186} INFO - Started process (PID=5584) to work on /home/airflow/.local/lib/python3.12/site-packages/airflow/example_dags/example_skip_dag.py
[2024-12-07T17:32:22.283+0000] {processor.py:914} INFO - Processing file /home/airflow/.local/lib/python3.12/site-packages/airflow/example_dags/example_skip_dag.py for tasks to queue
[2024-12-07T17:32:22.287+0000] {logging_mixin.py:190} INFO - [2024-12-07T17:32:22.287+0000] {dagbag.py:588} INFO - Filling up the DagBag from /home/airflow/.local/lib/python3.12/site-packages/airflow/example_dags/example_skip_dag.py
[2024-12-07T17:32:22.300+0000] {processor.py:925} INFO - DAG(s) 'example_skip_dag' retrieved from /home/airflow/.local/lib/python3.12/site-packages/airflow/example_dags/example_skip_dag.py
[2024-12-07T17:32:22.332+0000] {logging_mixin.py:190} INFO - [2024-12-07T17:32:22.332+0000] {dag.py:3239} INFO - Sync 1 DAGs
[2024-12-07T17:32:22.369+0000] {logging_mixin.py:190} INFO - [2024-12-07T17:32:22.368+0000] {dag.py:4180} INFO - Setting next_dagrun for example_skip_dag to 2024-12-06 00:00:00+00:00, run_after=2024-12-07 00:00:00+00:00
[2024-12-07T17:32:22.403+0000] {processor.py:208} INFO - Processing /home/airflow/.local/lib/python3.12/site-packages/airflow/example_dags/example_skip_dag.py took 0.132 seconds
[2024-12-07T17:32:52.699+0000] {processor.py:186} INFO - Started process (PID=5874) to work on /home/airflow/.local/lib/python3.12/site-packages/airflow/example_dags/example_skip_dag.py
[2024-12-07T17:32:52.700+0000] {processor.py:914} INFO - Processing file /home/airflow/.local/lib/python3.12/site-packages/airflow/example_dags/example_skip_dag.py for tasks to queue
[2024-12-07T17:32:52.704+0000] {logging_mixin.py:190} INFO - [2024-12-07T17:32:52.704+0000] {dagbag.py:588} INFO - Filling up the DagBag from /home/airflow/.local/lib/python3.12/site-packages/airflow/example_dags/example_skip_dag.py
[2024-12-07T17:32:52.714+0000] {processor.py:925} INFO - DAG(s) 'example_skip_dag' retrieved from /home/airflow/.local/lib/python3.12/site-packages/airflow/example_dags/example_skip_dag.py
[2024-12-07T17:32:52.767+0000] {logging_mixin.py:190} INFO - [2024-12-07T17:32:52.766+0000] {dag.py:3239} INFO - Sync 1 DAGs
[2024-12-07T17:32:52.826+0000] {logging_mixin.py:190} INFO - [2024-12-07T17:32:52.825+0000] {dag.py:4180} INFO - Setting next_dagrun for example_skip_dag to 2024-12-06 00:00:00+00:00, run_after=2024-12-07 00:00:00+00:00
[2024-12-07T17:32:52.849+0000] {processor.py:208} INFO - Processing /home/airflow/.local/lib/python3.12/site-packages/airflow/example_dags/example_skip_dag.py took 0.157 seconds
[2024-12-07T17:33:23.031+0000] {processor.py:186} INFO - Started process (PID=6165) to work on /home/airflow/.local/lib/python3.12/site-packages/airflow/example_dags/example_skip_dag.py
[2024-12-07T17:33:23.032+0000] {processor.py:914} INFO - Processing file /home/airflow/.local/lib/python3.12/site-packages/airflow/example_dags/example_skip_dag.py for tasks to queue
[2024-12-07T17:33:23.035+0000] {logging_mixin.py:190} INFO - [2024-12-07T17:33:23.035+0000] {dagbag.py:588} INFO - Filling up the DagBag from /home/airflow/.local/lib/python3.12/site-packages/airflow/example_dags/example_skip_dag.py
[2024-12-07T17:33:23.045+0000] {processor.py:925} INFO - DAG(s) 'example_skip_dag' retrieved from /home/airflow/.local/lib/python3.12/site-packages/airflow/example_dags/example_skip_dag.py
[2024-12-07T17:33:23.077+0000] {logging_mixin.py:190} INFO - [2024-12-07T17:33:23.077+0000] {dag.py:3239} INFO - Sync 1 DAGs
[2024-12-07T17:33:23.107+0000] {logging_mixin.py:190} INFO - [2024-12-07T17:33:23.107+0000] {dag.py:4180} INFO - Setting next_dagrun for example_skip_dag to 2024-12-06 00:00:00+00:00, run_after=2024-12-07 00:00:00+00:00
[2024-12-07T17:33:23.135+0000] {processor.py:208} INFO - Processing /home/airflow/.local/lib/python3.12/site-packages/airflow/example_dags/example_skip_dag.py took 0.112 seconds
[2024-12-07T17:33:53.505+0000] {processor.py:186} INFO - Started process (PID=6456) to work on /home/airflow/.local/lib/python3.12/site-packages/airflow/example_dags/example_skip_dag.py
[2024-12-07T17:33:53.506+0000] {processor.py:914} INFO - Processing file /home/airflow/.local/lib/python3.12/site-packages/airflow/example_dags/example_skip_dag.py for tasks to queue
[2024-12-07T17:33:53.509+0000] {logging_mixin.py:190} INFO - [2024-12-07T17:33:53.509+0000] {dagbag.py:588} INFO - Filling up the DagBag from /home/airflow/.local/lib/python3.12/site-packages/airflow/example_dags/example_skip_dag.py
[2024-12-07T17:33:53.519+0000] {processor.py:925} INFO - DAG(s) 'example_skip_dag' retrieved from /home/airflow/.local/lib/python3.12/site-packages/airflow/example_dags/example_skip_dag.py
[2024-12-07T17:33:53.545+0000] {logging_mixin.py:190} INFO - [2024-12-07T17:33:53.545+0000] {dag.py:3239} INFO - Sync 1 DAGs
[2024-12-07T17:33:53.573+0000] {logging_mixin.py:190} INFO - [2024-12-07T17:33:53.573+0000] {dag.py:4180} INFO - Setting next_dagrun for example_skip_dag to 2024-12-06 00:00:00+00:00, run_after=2024-12-07 00:00:00+00:00
[2024-12-07T17:33:53.598+0000] {processor.py:208} INFO - Processing /home/airflow/.local/lib/python3.12/site-packages/airflow/example_dags/example_skip_dag.py took 0.101 seconds
[2024-12-07T17:34:24.345+0000] {processor.py:186} INFO - Started process (PID=6747) to work on /home/airflow/.local/lib/python3.12/site-packages/airflow/example_dags/example_skip_dag.py
[2024-12-07T17:34:24.346+0000] {processor.py:914} INFO - Processing file /home/airflow/.local/lib/python3.12/site-packages/airflow/example_dags/example_skip_dag.py for tasks to queue
[2024-12-07T17:34:24.349+0000] {logging_mixin.py:190} INFO - [2024-12-07T17:34:24.349+0000] {dagbag.py:588} INFO - Filling up the DagBag from /home/airflow/.local/lib/python3.12/site-packages/airflow/example_dags/example_skip_dag.py
[2024-12-07T17:34:24.359+0000] {processor.py:925} INFO - DAG(s) 'example_skip_dag' retrieved from /home/airflow/.local/lib/python3.12/site-packages/airflow/example_dags/example_skip_dag.py
[2024-12-07T17:34:24.385+0000] {logging_mixin.py:190} INFO - [2024-12-07T17:34:24.384+0000] {dag.py:3239} INFO - Sync 1 DAGs
[2024-12-07T17:34:24.413+0000] {logging_mixin.py:190} INFO - [2024-12-07T17:34:24.413+0000] {dag.py:4180} INFO - Setting next_dagrun for example_skip_dag to 2024-12-06 00:00:00+00:00, run_after=2024-12-07 00:00:00+00:00
[2024-12-07T17:34:24.438+0000] {processor.py:208} INFO - Processing /home/airflow/.local/lib/python3.12/site-packages/airflow/example_dags/example_skip_dag.py took 0.101 seconds
[2024-12-07T17:34:54.881+0000] {processor.py:186} INFO - Started process (PID=7038) to work on /home/airflow/.local/lib/python3.12/site-packages/airflow/example_dags/example_skip_dag.py
[2024-12-07T17:34:54.883+0000] {processor.py:914} INFO - Processing file /home/airflow/.local/lib/python3.12/site-packages/airflow/example_dags/example_skip_dag.py for tasks to queue
[2024-12-07T17:34:54.887+0000] {logging_mixin.py:190} INFO - [2024-12-07T17:34:54.887+0000] {dagbag.py:588} INFO - Filling up the DagBag from /home/airflow/.local/lib/python3.12/site-packages/airflow/example_dags/example_skip_dag.py
[2024-12-07T17:34:54.897+0000] {processor.py:925} INFO - DAG(s) 'example_skip_dag' retrieved from /home/airflow/.local/lib/python3.12/site-packages/airflow/example_dags/example_skip_dag.py
[2024-12-07T17:34:54.921+0000] {logging_mixin.py:190} INFO - [2024-12-07T17:34:54.921+0000] {dag.py:3239} INFO - Sync 1 DAGs
[2024-12-07T17:34:54.949+0000] {logging_mixin.py:190} INFO - [2024-12-07T17:34:54.948+0000] {dag.py:4180} INFO - Setting next_dagrun for example_skip_dag to 2024-12-06 00:00:00+00:00, run_after=2024-12-07 00:00:00+00:00
[2024-12-07T17:34:54.975+0000] {processor.py:208} INFO - Processing /home/airflow/.local/lib/python3.12/site-packages/airflow/example_dags/example_skip_dag.py took 0.103 seconds
[2024-12-07T17:35:26.013+0000] {processor.py:186} INFO - Started process (PID=7322) to work on /home/airflow/.local/lib/python3.12/site-packages/airflow/example_dags/example_skip_dag.py
[2024-12-07T17:35:26.016+0000] {processor.py:914} INFO - Processing file /home/airflow/.local/lib/python3.12/site-packages/airflow/example_dags/example_skip_dag.py for tasks to queue
[2024-12-07T17:35:26.019+0000] {logging_mixin.py:190} INFO - [2024-12-07T17:35:26.018+0000] {dagbag.py:588} INFO - Filling up the DagBag from /home/airflow/.local/lib/python3.12/site-packages/airflow/example_dags/example_skip_dag.py
[2024-12-07T17:35:26.035+0000] {processor.py:925} INFO - DAG(s) 'example_skip_dag' retrieved from /home/airflow/.local/lib/python3.12/site-packages/airflow/example_dags/example_skip_dag.py
[2024-12-07T17:35:26.084+0000] {logging_mixin.py:190} INFO - [2024-12-07T17:35:26.083+0000] {dag.py:3239} INFO - Sync 1 DAGs
[2024-12-07T17:35:26.143+0000] {logging_mixin.py:190} INFO - [2024-12-07T17:35:26.142+0000] {dag.py:4180} INFO - Setting next_dagrun for example_skip_dag to 2024-12-06 00:00:00+00:00, run_after=2024-12-07 00:00:00+00:00
[2024-12-07T17:35:26.190+0000] {processor.py:208} INFO - Processing /home/airflow/.local/lib/python3.12/site-packages/airflow/example_dags/example_skip_dag.py took 0.190 seconds
[2024-12-07T17:35:56.338+0000] {processor.py:186} INFO - Started process (PID=7610) to work on /home/airflow/.local/lib/python3.12/site-packages/airflow/example_dags/example_skip_dag.py
[2024-12-07T17:35:56.339+0000] {processor.py:914} INFO - Processing file /home/airflow/.local/lib/python3.12/site-packages/airflow/example_dags/example_skip_dag.py for tasks to queue
[2024-12-07T17:35:56.344+0000] {logging_mixin.py:190} INFO - [2024-12-07T17:35:56.343+0000] {dagbag.py:588} INFO - Filling up the DagBag from /home/airflow/.local/lib/python3.12/site-packages/airflow/example_dags/example_skip_dag.py
[2024-12-07T17:35:56.369+0000] {processor.py:925} INFO - DAG(s) 'example_skip_dag' retrieved from /home/airflow/.local/lib/python3.12/site-packages/airflow/example_dags/example_skip_dag.py
[2024-12-07T17:35:56.438+0000] {logging_mixin.py:190} INFO - [2024-12-07T17:35:56.437+0000] {dag.py:3239} INFO - Sync 1 DAGs
[2024-12-07T17:35:56.491+0000] {logging_mixin.py:190} INFO - [2024-12-07T17:35:56.491+0000] {dag.py:4180} INFO - Setting next_dagrun for example_skip_dag to 2024-12-06 00:00:00+00:00, run_after=2024-12-07 00:00:00+00:00
[2024-12-07T17:35:56.527+0000] {processor.py:208} INFO - Processing /home/airflow/.local/lib/python3.12/site-packages/airflow/example_dags/example_skip_dag.py took 0.206 seconds
[2024-12-07T17:36:27.754+0000] {processor.py:186} INFO - Started process (PID=7900) to work on /home/airflow/.local/lib/python3.12/site-packages/airflow/example_dags/example_skip_dag.py
[2024-12-07T17:36:27.756+0000] {processor.py:914} INFO - Processing file /home/airflow/.local/lib/python3.12/site-packages/airflow/example_dags/example_skip_dag.py for tasks to queue
[2024-12-07T17:36:27.764+0000] {logging_mixin.py:190} INFO - [2024-12-07T17:36:27.760+0000] {dagbag.py:588} INFO - Filling up the DagBag from /home/airflow/.local/lib/python3.12/site-packages/airflow/example_dags/example_skip_dag.py
[2024-12-07T17:36:27.784+0000] {processor.py:925} INFO - DAG(s) 'example_skip_dag' retrieved from /home/airflow/.local/lib/python3.12/site-packages/airflow/example_dags/example_skip_dag.py
[2024-12-07T17:36:27.816+0000] {logging_mixin.py:190} INFO - [2024-12-07T17:36:27.816+0000] {dag.py:3239} INFO - Sync 1 DAGs
[2024-12-07T17:36:27.857+0000] {logging_mixin.py:190} INFO - [2024-12-07T17:36:27.856+0000] {dag.py:4180} INFO - Setting next_dagrun for example_skip_dag to 2024-12-06 00:00:00+00:00, run_after=2024-12-07 00:00:00+00:00
[2024-12-07T17:36:27.895+0000] {processor.py:208} INFO - Processing /home/airflow/.local/lib/python3.12/site-packages/airflow/example_dags/example_skip_dag.py took 0.151 seconds
[2024-12-07T17:36:59.206+0000] {processor.py:186} INFO - Started process (PID=8194) to work on /home/airflow/.local/lib/python3.12/site-packages/airflow/example_dags/example_skip_dag.py
[2024-12-07T17:36:59.208+0000] {processor.py:914} INFO - Processing file /home/airflow/.local/lib/python3.12/site-packages/airflow/example_dags/example_skip_dag.py for tasks to queue
[2024-12-07T17:36:59.215+0000] {logging_mixin.py:190} INFO - [2024-12-07T17:36:59.214+0000] {dagbag.py:588} INFO - Filling up the DagBag from /home/airflow/.local/lib/python3.12/site-packages/airflow/example_dags/example_skip_dag.py
[2024-12-07T17:36:59.242+0000] {processor.py:925} INFO - DAG(s) 'example_skip_dag' retrieved from /home/airflow/.local/lib/python3.12/site-packages/airflow/example_dags/example_skip_dag.py
[2024-12-07T17:36:59.308+0000] {logging_mixin.py:190} INFO - [2024-12-07T17:36:59.308+0000] {dag.py:3239} INFO - Sync 1 DAGs
[2024-12-07T17:36:59.414+0000] {logging_mixin.py:190} INFO - [2024-12-07T17:36:59.414+0000] {dag.py:4180} INFO - Setting next_dagrun for example_skip_dag to 2024-12-06 00:00:00+00:00, run_after=2024-12-07 00:00:00+00:00
[2024-12-07T17:36:59.516+0000] {processor.py:208} INFO - Processing /home/airflow/.local/lib/python3.12/site-packages/airflow/example_dags/example_skip_dag.py took 0.326 seconds
[2024-12-07T17:37:30.348+0000] {processor.py:186} INFO - Started process (PID=8485) to work on /home/airflow/.local/lib/python3.12/site-packages/airflow/example_dags/example_skip_dag.py
[2024-12-07T17:37:30.350+0000] {processor.py:914} INFO - Processing file /home/airflow/.local/lib/python3.12/site-packages/airflow/example_dags/example_skip_dag.py for tasks to queue
[2024-12-07T17:37:30.354+0000] {logging_mixin.py:190} INFO - [2024-12-07T17:37:30.354+0000] {dagbag.py:588} INFO - Filling up the DagBag from /home/airflow/.local/lib/python3.12/site-packages/airflow/example_dags/example_skip_dag.py
[2024-12-07T17:37:30.368+0000] {processor.py:925} INFO - DAG(s) 'example_skip_dag' retrieved from /home/airflow/.local/lib/python3.12/site-packages/airflow/example_dags/example_skip_dag.py
[2024-12-07T17:37:30.414+0000] {logging_mixin.py:190} INFO - [2024-12-07T17:37:30.413+0000] {dag.py:3239} INFO - Sync 1 DAGs
[2024-12-07T17:37:30.460+0000] {logging_mixin.py:190} INFO - [2024-12-07T17:37:30.459+0000] {dag.py:4180} INFO - Setting next_dagrun for example_skip_dag to 2024-12-06 00:00:00+00:00, run_after=2024-12-07 00:00:00+00:00
[2024-12-07T17:37:30.507+0000] {processor.py:208} INFO - Processing /home/airflow/.local/lib/python3.12/site-packages/airflow/example_dags/example_skip_dag.py took 0.171 seconds
[2024-12-07T17:38:02.246+0000] {processor.py:186} INFO - Started process (PID=8776) to work on /home/airflow/.local/lib/python3.12/site-packages/airflow/example_dags/example_skip_dag.py
[2024-12-07T17:38:02.248+0000] {processor.py:914} INFO - Processing file /home/airflow/.local/lib/python3.12/site-packages/airflow/example_dags/example_skip_dag.py for tasks to queue
[2024-12-07T17:38:02.252+0000] {logging_mixin.py:190} INFO - [2024-12-07T17:38:02.252+0000] {dagbag.py:588} INFO - Filling up the DagBag from /home/airflow/.local/lib/python3.12/site-packages/airflow/example_dags/example_skip_dag.py
[2024-12-07T17:38:02.268+0000] {processor.py:925} INFO - DAG(s) 'example_skip_dag' retrieved from /home/airflow/.local/lib/python3.12/site-packages/airflow/example_dags/example_skip_dag.py
[2024-12-07T17:38:02.315+0000] {logging_mixin.py:190} INFO - [2024-12-07T17:38:02.315+0000] {dag.py:3239} INFO - Sync 1 DAGs
[2024-12-07T17:38:02.360+0000] {logging_mixin.py:190} INFO - [2024-12-07T17:38:02.359+0000] {dag.py:4180} INFO - Setting next_dagrun for example_skip_dag to 2024-12-06 00:00:00+00:00, run_after=2024-12-07 00:00:00+00:00
[2024-12-07T17:38:02.404+0000] {processor.py:208} INFO - Processing /home/airflow/.local/lib/python3.12/site-packages/airflow/example_dags/example_skip_dag.py took 0.168 seconds
[2024-12-07T17:38:34.144+0000] {processor.py:186} INFO - Started process (PID=9065) to work on /home/airflow/.local/lib/python3.12/site-packages/airflow/example_dags/example_skip_dag.py
[2024-12-07T17:38:34.146+0000] {processor.py:914} INFO - Processing file /home/airflow/.local/lib/python3.12/site-packages/airflow/example_dags/example_skip_dag.py for tasks to queue
[2024-12-07T17:38:34.153+0000] {logging_mixin.py:190} INFO - [2024-12-07T17:38:34.151+0000] {dagbag.py:588} INFO - Filling up the DagBag from /home/airflow/.local/lib/python3.12/site-packages/airflow/example_dags/example_skip_dag.py
[2024-12-07T17:38:34.172+0000] {processor.py:925} INFO - DAG(s) 'example_skip_dag' retrieved from /home/airflow/.local/lib/python3.12/site-packages/airflow/example_dags/example_skip_dag.py
[2024-12-07T17:38:34.232+0000] {logging_mixin.py:190} INFO - [2024-12-07T17:38:34.232+0000] {dag.py:3239} INFO - Sync 1 DAGs
[2024-12-07T17:38:34.359+0000] {logging_mixin.py:190} INFO - [2024-12-07T17:38:34.358+0000] {dag.py:4180} INFO - Setting next_dagrun for example_skip_dag to 2024-12-06 00:00:00+00:00, run_after=2024-12-07 00:00:00+00:00
[2024-12-07T17:38:34.429+0000] {processor.py:208} INFO - Processing /home/airflow/.local/lib/python3.12/site-packages/airflow/example_dags/example_skip_dag.py took 0.302 seconds
[2024-12-07T17:39:04.578+0000] {processor.py:186} INFO - Started process (PID=9356) to work on /home/airflow/.local/lib/python3.12/site-packages/airflow/example_dags/example_skip_dag.py
[2024-12-07T17:39:04.579+0000] {processor.py:914} INFO - Processing file /home/airflow/.local/lib/python3.12/site-packages/airflow/example_dags/example_skip_dag.py for tasks to queue
[2024-12-07T17:39:04.582+0000] {logging_mixin.py:190} INFO - [2024-12-07T17:39:04.582+0000] {dagbag.py:588} INFO - Filling up the DagBag from /home/airflow/.local/lib/python3.12/site-packages/airflow/example_dags/example_skip_dag.py
[2024-12-07T17:39:04.592+0000] {processor.py:925} INFO - DAG(s) 'example_skip_dag' retrieved from /home/airflow/.local/lib/python3.12/site-packages/airflow/example_dags/example_skip_dag.py
[2024-12-07T17:39:04.621+0000] {logging_mixin.py:190} INFO - [2024-12-07T17:39:04.621+0000] {dag.py:3239} INFO - Sync 1 DAGs
[2024-12-07T17:39:04.660+0000] {logging_mixin.py:190} INFO - [2024-12-07T17:39:04.660+0000] {dag.py:4180} INFO - Setting next_dagrun for example_skip_dag to 2024-12-06 00:00:00+00:00, run_after=2024-12-07 00:00:00+00:00
[2024-12-07T17:39:04.705+0000] {processor.py:208} INFO - Processing /home/airflow/.local/lib/python3.12/site-packages/airflow/example_dags/example_skip_dag.py took 0.137 seconds
[2024-12-07T17:39:35.620+0000] {processor.py:186} INFO - Started process (PID=9645) to work on /home/airflow/.local/lib/python3.12/site-packages/airflow/example_dags/example_skip_dag.py
[2024-12-07T17:39:35.622+0000] {processor.py:914} INFO - Processing file /home/airflow/.local/lib/python3.12/site-packages/airflow/example_dags/example_skip_dag.py for tasks to queue
[2024-12-07T17:39:35.635+0000] {logging_mixin.py:190} INFO - [2024-12-07T17:39:35.635+0000] {dagbag.py:588} INFO - Filling up the DagBag from /home/airflow/.local/lib/python3.12/site-packages/airflow/example_dags/example_skip_dag.py
[2024-12-07T17:39:35.683+0000] {processor.py:925} INFO - DAG(s) 'example_skip_dag' retrieved from /home/airflow/.local/lib/python3.12/site-packages/airflow/example_dags/example_skip_dag.py
[2024-12-07T17:39:35.794+0000] {logging_mixin.py:190} INFO - [2024-12-07T17:39:35.794+0000] {dag.py:3239} INFO - Sync 1 DAGs
[2024-12-07T17:39:35.874+0000] {logging_mixin.py:190} INFO - [2024-12-07T17:39:35.873+0000] {dag.py:4180} INFO - Setting next_dagrun for example_skip_dag to 2024-12-06 00:00:00+00:00, run_after=2024-12-07 00:00:00+00:00
[2024-12-07T17:39:35.922+0000] {processor.py:208} INFO - Processing /home/airflow/.local/lib/python3.12/site-packages/airflow/example_dags/example_skip_dag.py took 0.334 seconds
[2024-12-07T17:40:06.213+0000] {processor.py:186} INFO - Started process (PID=9936) to work on /home/airflow/.local/lib/python3.12/site-packages/airflow/example_dags/example_skip_dag.py
[2024-12-07T17:40:06.215+0000] {processor.py:914} INFO - Processing file /home/airflow/.local/lib/python3.12/site-packages/airflow/example_dags/example_skip_dag.py for tasks to queue
[2024-12-07T17:40:06.218+0000] {logging_mixin.py:190} INFO - [2024-12-07T17:40:06.218+0000] {dagbag.py:588} INFO - Filling up the DagBag from /home/airflow/.local/lib/python3.12/site-packages/airflow/example_dags/example_skip_dag.py
[2024-12-07T17:40:06.232+0000] {processor.py:925} INFO - DAG(s) 'example_skip_dag' retrieved from /home/airflow/.local/lib/python3.12/site-packages/airflow/example_dags/example_skip_dag.py
[2024-12-07T17:40:06.273+0000] {logging_mixin.py:190} INFO - [2024-12-07T17:40:06.272+0000] {dag.py:3239} INFO - Sync 1 DAGs
[2024-12-07T17:40:06.306+0000] {logging_mixin.py:190} INFO - [2024-12-07T17:40:06.306+0000] {dag.py:4180} INFO - Setting next_dagrun for example_skip_dag to 2024-12-06 00:00:00+00:00, run_after=2024-12-07 00:00:00+00:00
[2024-12-07T17:40:06.335+0000] {processor.py:208} INFO - Processing /home/airflow/.local/lib/python3.12/site-packages/airflow/example_dags/example_skip_dag.py took 0.130 seconds
[2024-12-07T17:40:39.424+0000] {processor.py:186} INFO - Started process (PID=10225) to work on /home/airflow/.local/lib/python3.12/site-packages/airflow/example_dags/example_skip_dag.py
[2024-12-07T17:40:39.426+0000] {processor.py:914} INFO - Processing file /home/airflow/.local/lib/python3.12/site-packages/airflow/example_dags/example_skip_dag.py for tasks to queue
[2024-12-07T17:40:39.431+0000] {logging_mixin.py:190} INFO - [2024-12-07T17:40:39.430+0000] {dagbag.py:588} INFO - Filling up the DagBag from /home/airflow/.local/lib/python3.12/site-packages/airflow/example_dags/example_skip_dag.py
[2024-12-07T17:40:39.456+0000] {processor.py:925} INFO - DAG(s) 'example_skip_dag' retrieved from /home/airflow/.local/lib/python3.12/site-packages/airflow/example_dags/example_skip_dag.py
[2024-12-07T17:40:39.536+0000] {logging_mixin.py:190} INFO - [2024-12-07T17:40:39.536+0000] {dag.py:3239} INFO - Sync 1 DAGs
[2024-12-07T17:40:39.657+0000] {logging_mixin.py:190} INFO - [2024-12-07T17:40:39.657+0000] {dag.py:4180} INFO - Setting next_dagrun for example_skip_dag to 2024-12-06 00:00:00+00:00, run_after=2024-12-07 00:00:00+00:00
[2024-12-07T17:40:39.784+0000] {processor.py:208} INFO - Processing /home/airflow/.local/lib/python3.12/site-packages/airflow/example_dags/example_skip_dag.py took 0.378 seconds
[2024-12-07T17:41:10.639+0000] {processor.py:186} INFO - Started process (PID=10516) to work on /home/airflow/.local/lib/python3.12/site-packages/airflow/example_dags/example_skip_dag.py
[2024-12-07T17:41:10.640+0000] {processor.py:914} INFO - Processing file /home/airflow/.local/lib/python3.12/site-packages/airflow/example_dags/example_skip_dag.py for tasks to queue
[2024-12-07T17:41:10.644+0000] {logging_mixin.py:190} INFO - [2024-12-07T17:41:10.644+0000] {dagbag.py:588} INFO - Filling up the DagBag from /home/airflow/.local/lib/python3.12/site-packages/airflow/example_dags/example_skip_dag.py
[2024-12-07T17:41:10.657+0000] {processor.py:925} INFO - DAG(s) 'example_skip_dag' retrieved from /home/airflow/.local/lib/python3.12/site-packages/airflow/example_dags/example_skip_dag.py
[2024-12-07T17:41:10.694+0000] {logging_mixin.py:190} INFO - [2024-12-07T17:41:10.693+0000] {dag.py:3239} INFO - Sync 1 DAGs
[2024-12-07T17:41:10.724+0000] {logging_mixin.py:190} INFO - [2024-12-07T17:41:10.724+0000] {dag.py:4180} INFO - Setting next_dagrun for example_skip_dag to 2024-12-06 00:00:00+00:00, run_after=2024-12-07 00:00:00+00:00
[2024-12-07T17:41:10.756+0000] {processor.py:208} INFO - Processing /home/airflow/.local/lib/python3.12/site-packages/airflow/example_dags/example_skip_dag.py took 0.127 seconds
[2024-12-07T17:41:41.528+0000] {processor.py:186} INFO - Started process (PID=10808) to work on /home/airflow/.local/lib/python3.12/site-packages/airflow/example_dags/example_skip_dag.py
[2024-12-07T17:41:41.530+0000] {processor.py:914} INFO - Processing file /home/airflow/.local/lib/python3.12/site-packages/airflow/example_dags/example_skip_dag.py for tasks to queue
[2024-12-07T17:41:41.533+0000] {logging_mixin.py:190} INFO - [2024-12-07T17:41:41.533+0000] {dagbag.py:588} INFO - Filling up the DagBag from /home/airflow/.local/lib/python3.12/site-packages/airflow/example_dags/example_skip_dag.py
[2024-12-07T17:41:41.547+0000] {processor.py:925} INFO - DAG(s) 'example_skip_dag' retrieved from /home/airflow/.local/lib/python3.12/site-packages/airflow/example_dags/example_skip_dag.py
[2024-12-07T17:41:41.580+0000] {logging_mixin.py:190} INFO - [2024-12-07T17:41:41.580+0000] {dag.py:3239} INFO - Sync 1 DAGs
[2024-12-07T17:41:41.679+0000] {logging_mixin.py:190} INFO - [2024-12-07T17:41:41.678+0000] {dag.py:4180} INFO - Setting next_dagrun for example_skip_dag to 2024-12-06 00:00:00+00:00, run_after=2024-12-07 00:00:00+00:00
[2024-12-07T17:41:41.741+0000] {processor.py:208} INFO - Processing /home/airflow/.local/lib/python3.12/site-packages/airflow/example_dags/example_skip_dag.py took 0.222 seconds
[2024-12-07T17:42:12.095+0000] {processor.py:186} INFO - Started process (PID=11097) to work on /home/airflow/.local/lib/python3.12/site-packages/airflow/example_dags/example_skip_dag.py
[2024-12-07T17:42:12.097+0000] {processor.py:914} INFO - Processing file /home/airflow/.local/lib/python3.12/site-packages/airflow/example_dags/example_skip_dag.py for tasks to queue
[2024-12-07T17:42:12.100+0000] {logging_mixin.py:190} INFO - [2024-12-07T17:42:12.100+0000] {dagbag.py:588} INFO - Filling up the DagBag from /home/airflow/.local/lib/python3.12/site-packages/airflow/example_dags/example_skip_dag.py
[2024-12-07T17:42:12.110+0000] {processor.py:925} INFO - DAG(s) 'example_skip_dag' retrieved from /home/airflow/.local/lib/python3.12/site-packages/airflow/example_dags/example_skip_dag.py
[2024-12-07T17:42:12.137+0000] {logging_mixin.py:190} INFO - [2024-12-07T17:42:12.137+0000] {dag.py:3239} INFO - Sync 1 DAGs
[2024-12-07T17:42:12.185+0000] {logging_mixin.py:190} INFO - [2024-12-07T17:42:12.185+0000] {dag.py:4180} INFO - Setting next_dagrun for example_skip_dag to 2024-12-06 00:00:00+00:00, run_after=2024-12-07 00:00:00+00:00
[2024-12-07T17:42:12.215+0000] {processor.py:208} INFO - Processing /home/airflow/.local/lib/python3.12/site-packages/airflow/example_dags/example_skip_dag.py took 0.129 seconds
[2024-12-07T17:42:42.313+0000] {processor.py:186} INFO - Started process (PID=11388) to work on /home/airflow/.local/lib/python3.12/site-packages/airflow/example_dags/example_skip_dag.py
[2024-12-07T17:42:42.315+0000] {processor.py:914} INFO - Processing file /home/airflow/.local/lib/python3.12/site-packages/airflow/example_dags/example_skip_dag.py for tasks to queue
[2024-12-07T17:42:42.319+0000] {logging_mixin.py:190} INFO - [2024-12-07T17:42:42.319+0000] {dagbag.py:588} INFO - Filling up the DagBag from /home/airflow/.local/lib/python3.12/site-packages/airflow/example_dags/example_skip_dag.py
[2024-12-07T17:42:42.337+0000] {processor.py:925} INFO - DAG(s) 'example_skip_dag' retrieved from /home/airflow/.local/lib/python3.12/site-packages/airflow/example_dags/example_skip_dag.py
[2024-12-07T17:42:42.382+0000] {logging_mixin.py:190} INFO - [2024-12-07T17:42:42.381+0000] {dag.py:3239} INFO - Sync 1 DAGs
[2024-12-07T17:42:42.416+0000] {logging_mixin.py:190} INFO - [2024-12-07T17:42:42.416+0000] {dag.py:4180} INFO - Setting next_dagrun for example_skip_dag to 2024-12-06 00:00:00+00:00, run_after=2024-12-07 00:00:00+00:00
[2024-12-07T17:42:42.446+0000] {processor.py:208} INFO - Processing /home/airflow/.local/lib/python3.12/site-packages/airflow/example_dags/example_skip_dag.py took 0.145 seconds
[2024-12-07T17:43:12.568+0000] {processor.py:186} INFO - Started process (PID=11678) to work on /home/airflow/.local/lib/python3.12/site-packages/airflow/example_dags/example_skip_dag.py
[2024-12-07T17:43:12.569+0000] {processor.py:914} INFO - Processing file /home/airflow/.local/lib/python3.12/site-packages/airflow/example_dags/example_skip_dag.py for tasks to queue
[2024-12-07T17:43:12.572+0000] {logging_mixin.py:190} INFO - [2024-12-07T17:43:12.572+0000] {dagbag.py:588} INFO - Filling up the DagBag from /home/airflow/.local/lib/python3.12/site-packages/airflow/example_dags/example_skip_dag.py
[2024-12-07T17:43:12.585+0000] {processor.py:925} INFO - DAG(s) 'example_skip_dag' retrieved from /home/airflow/.local/lib/python3.12/site-packages/airflow/example_dags/example_skip_dag.py
[2024-12-07T17:43:12.610+0000] {logging_mixin.py:190} INFO - [2024-12-07T17:43:12.610+0000] {dag.py:3239} INFO - Sync 1 DAGs
[2024-12-07T17:43:12.643+0000] {logging_mixin.py:190} INFO - [2024-12-07T17:43:12.643+0000] {dag.py:4180} INFO - Setting next_dagrun for example_skip_dag to 2024-12-06 00:00:00+00:00, run_after=2024-12-07 00:00:00+00:00
[2024-12-07T17:43:12.685+0000] {processor.py:208} INFO - Processing /home/airflow/.local/lib/python3.12/site-packages/airflow/example_dags/example_skip_dag.py took 0.124 seconds
