[2024-12-07T17:22:31.983+0000] {processor.py:186} INFO - Started process (PID=271) to work on /home/airflow/.local/lib/python3.12/site-packages/airflow/example_dags/example_inlet_event_extra.py
[2024-12-07T17:22:31.984+0000] {processor.py:914} INFO - Processing file /home/airflow/.local/lib/python3.12/site-packages/airflow/example_dags/example_inlet_event_extra.py for tasks to queue
[2024-12-07T17:22:31.988+0000] {logging_mixin.py:190} INFO - [2024-12-07T17:22:31.987+0000] {dagbag.py:588} INFO - Filling up the DagBag from /home/airflow/.local/lib/python3.12/site-packages/airflow/example_dags/example_inlet_event_extra.py
[2024-12-07T17:22:34.426+0000] {processor.py:925} INFO - DAG(s) 'read_dataset_event_from_classic', 'read_dataset_event' retrieved from /home/airflow/.local/lib/python3.12/site-packages/airflow/example_dags/example_inlet_event_extra.py
[2024-12-07T17:22:34.824+0000] {logging_mixin.py:190} INFO - [2024-12-07T17:22:34.823+0000] {override.py:1911} INFO - Created Permission View: can delete on DAG:read_dataset_event_from_classic
[2024-12-07T17:22:34.862+0000] {logging_mixin.py:190} INFO - [2024-12-07T17:22:34.861+0000] {override.py:1911} INFO - Created Permission View: can read on DAG:read_dataset_event_from_classic
[2024-12-07T17:22:34.876+0000] {logging_mixin.py:190} INFO - [2024-12-07T17:22:34.876+0000] {override.py:1911} INFO - Created Permission View: can edit on DAG:read_dataset_event_from_classic
[2024-12-07T17:22:34.896+0000] {logging_mixin.py:190} INFO - [2024-12-07T17:22:34.896+0000] {override.py:1911} INFO - Created Permission View: menu access on DAG Run:read_dataset_event_from_classic
[2024-12-07T17:22:34.914+0000] {logging_mixin.py:190} INFO - [2024-12-07T17:22:34.913+0000] {override.py:1911} INFO - Created Permission View: can delete on DAG Run:read_dataset_event_from_classic
[2024-12-07T17:22:34.978+0000] {logging_mixin.py:190} INFO - [2024-12-07T17:22:34.978+0000] {override.py:1911} INFO - Created Permission View: can read on DAG Run:read_dataset_event_from_classic
[2024-12-07T17:22:35.007+0000] {logging_mixin.py:190} INFO - [2024-12-07T17:22:35.007+0000] {override.py:1911} INFO - Created Permission View: can create on DAG Run:read_dataset_event_from_classic
[2024-12-07T17:22:35.041+0000] {logging_mixin.py:190} INFO - [2024-12-07T17:22:35.041+0000] {override.py:1911} INFO - Created Permission View: can delete on DAG:read_dataset_event
[2024-12-07T17:22:35.069+0000] {logging_mixin.py:190} INFO - [2024-12-07T17:22:35.068+0000] {override.py:1911} INFO - Created Permission View: can read on DAG:read_dataset_event
[2024-12-07T17:22:35.100+0000] {logging_mixin.py:190} INFO - [2024-12-07T17:22:35.098+0000] {override.py:1911} INFO - Created Permission View: can edit on DAG:read_dataset_event
[2024-12-07T17:22:35.130+0000] {logging_mixin.py:190} INFO - [2024-12-07T17:22:35.129+0000] {override.py:1911} INFO - Created Permission View: menu access on DAG Run:read_dataset_event
[2024-12-07T17:22:35.148+0000] {logging_mixin.py:190} INFO - [2024-12-07T17:22:35.148+0000] {override.py:1911} INFO - Created Permission View: can delete on DAG Run:read_dataset_event
[2024-12-07T17:22:35.163+0000] {logging_mixin.py:190} INFO - [2024-12-07T17:22:35.163+0000] {override.py:1911} INFO - Created Permission View: can read on DAG Run:read_dataset_event
[2024-12-07T17:22:35.178+0000] {logging_mixin.py:190} INFO - [2024-12-07T17:22:35.178+0000] {override.py:1911} INFO - Created Permission View: can create on DAG Run:read_dataset_event
[2024-12-07T17:22:35.179+0000] {logging_mixin.py:190} INFO - [2024-12-07T17:22:35.179+0000] {dag.py:3239} INFO - Sync 2 DAGs
[2024-12-07T17:22:35.204+0000] {logging_mixin.py:190} INFO - [2024-12-07T17:22:35.204+0000] {dag.py:3262} INFO - Creating ORM DAG for read_dataset_event_from_classic
[2024-12-07T17:22:35.206+0000] {logging_mixin.py:190} INFO - [2024-12-07T17:22:35.206+0000] {dag.py:3262} INFO - Creating ORM DAG for read_dataset_event
[2024-12-07T17:22:35.224+0000] {logging_mixin.py:190} INFO - [2024-12-07T17:22:35.224+0000] {dag.py:4180} INFO - Setting next_dagrun for read_dataset_event to 2024-12-06 00:00:00+00:00, run_after=2024-12-07 00:00:00+00:00
[2024-12-07T17:22:35.229+0000] {logging_mixin.py:190} INFO - [2024-12-07T17:22:35.229+0000] {dag.py:4180} INFO - Setting next_dagrun for read_dataset_event_from_classic to 2024-12-06 00:00:00+00:00, run_after=2024-12-07 00:00:00+00:00
[2024-12-07T17:22:35.268+0000] {processor.py:208} INFO - Processing /home/airflow/.local/lib/python3.12/site-packages/airflow/example_dags/example_inlet_event_extra.py took 3.295 seconds
[2024-12-07T17:23:12.525+0000] {processor.py:186} INFO - Started process (PID=575) to work on /home/airflow/.local/lib/python3.12/site-packages/airflow/example_dags/example_inlet_event_extra.py
[2024-12-07T17:23:12.528+0000] {processor.py:914} INFO - Processing file /home/airflow/.local/lib/python3.12/site-packages/airflow/example_dags/example_inlet_event_extra.py for tasks to queue
[2024-12-07T17:23:12.535+0000] {logging_mixin.py:190} INFO - [2024-12-07T17:23:12.534+0000] {dagbag.py:588} INFO - Filling up the DagBag from /home/airflow/.local/lib/python3.12/site-packages/airflow/example_dags/example_inlet_event_extra.py
[2024-12-07T17:23:13.579+0000] {processor.py:925} INFO - DAG(s) 'read_dataset_event', 'read_dataset_event_from_classic' retrieved from /home/airflow/.local/lib/python3.12/site-packages/airflow/example_dags/example_inlet_event_extra.py
[2024-12-07T17:23:13.631+0000] {logging_mixin.py:190} INFO - [2024-12-07T17:23:13.630+0000] {dag.py:3239} INFO - Sync 2 DAGs
[2024-12-07T17:23:13.704+0000] {logging_mixin.py:190} INFO - [2024-12-07T17:23:13.703+0000] {dag.py:4180} INFO - Setting next_dagrun for read_dataset_event to 2024-12-06 00:00:00+00:00, run_after=2024-12-07 00:00:00+00:00
[2024-12-07T17:23:13.724+0000] {logging_mixin.py:190} INFO - [2024-12-07T17:23:13.724+0000] {dag.py:4180} INFO - Setting next_dagrun for read_dataset_event_from_classic to 2024-12-06 00:00:00+00:00, run_after=2024-12-07 00:00:00+00:00
[2024-12-07T17:23:13.772+0000] {processor.py:208} INFO - Processing /home/airflow/.local/lib/python3.12/site-packages/airflow/example_dags/example_inlet_event_extra.py took 1.261 seconds
[2024-12-07T17:23:57.596+0000] {processor.py:186} INFO - Started process (PID=860) to work on /home/airflow/.local/lib/python3.12/site-packages/airflow/example_dags/example_inlet_event_extra.py
[2024-12-07T17:23:57.599+0000] {processor.py:914} INFO - Processing file /home/airflow/.local/lib/python3.12/site-packages/airflow/example_dags/example_inlet_event_extra.py for tasks to queue
[2024-12-07T17:23:57.617+0000] {logging_mixin.py:190} INFO - [2024-12-07T17:23:57.616+0000] {dagbag.py:588} INFO - Filling up the DagBag from /home/airflow/.local/lib/python3.12/site-packages/airflow/example_dags/example_inlet_event_extra.py
[2024-12-07T17:23:59.113+0000] {processor.py:925} INFO - DAG(s) 'read_dataset_event', 'read_dataset_event_from_classic' retrieved from /home/airflow/.local/lib/python3.12/site-packages/airflow/example_dags/example_inlet_event_extra.py
[2024-12-07T17:23:59.168+0000] {logging_mixin.py:190} INFO - [2024-12-07T17:23:59.167+0000] {dag.py:3239} INFO - Sync 2 DAGs
[2024-12-07T17:23:59.209+0000] {logging_mixin.py:190} INFO - [2024-12-07T17:23:59.209+0000] {dag.py:4180} INFO - Setting next_dagrun for read_dataset_event to 2024-12-06 00:00:00+00:00, run_after=2024-12-07 00:00:00+00:00
[2024-12-07T17:23:59.222+0000] {logging_mixin.py:190} INFO - [2024-12-07T17:23:59.218+0000] {dag.py:4180} INFO - Setting next_dagrun for read_dataset_event_from_classic to 2024-12-06 00:00:00+00:00, run_after=2024-12-07 00:00:00+00:00
[2024-12-07T17:23:59.274+0000] {processor.py:208} INFO - Processing /home/airflow/.local/lib/python3.12/site-packages/airflow/example_dags/example_inlet_event_extra.py took 1.700 seconds
[2024-12-07T17:24:32.095+0000] {processor.py:186} INFO - Started process (PID=1151) to work on /home/airflow/.local/lib/python3.12/site-packages/airflow/example_dags/example_inlet_event_extra.py
[2024-12-07T17:24:32.097+0000] {processor.py:914} INFO - Processing file /home/airflow/.local/lib/python3.12/site-packages/airflow/example_dags/example_inlet_event_extra.py for tasks to queue
[2024-12-07T17:24:32.108+0000] {logging_mixin.py:190} INFO - [2024-12-07T17:24:32.107+0000] {dagbag.py:588} INFO - Filling up the DagBag from /home/airflow/.local/lib/python3.12/site-packages/airflow/example_dags/example_inlet_event_extra.py
[2024-12-07T17:24:34.432+0000] {processor.py:925} INFO - DAG(s) 'read_dataset_event', 'read_dataset_event_from_classic' retrieved from /home/airflow/.local/lib/python3.12/site-packages/airflow/example_dags/example_inlet_event_extra.py
[2024-12-07T17:24:34.503+0000] {logging_mixin.py:190} INFO - [2024-12-07T17:24:34.503+0000] {dag.py:3239} INFO - Sync 2 DAGs
[2024-12-07T17:24:34.591+0000] {logging_mixin.py:190} INFO - [2024-12-07T17:24:34.591+0000] {dag.py:4180} INFO - Setting next_dagrun for read_dataset_event to 2024-12-06 00:00:00+00:00, run_after=2024-12-07 00:00:00+00:00
[2024-12-07T17:24:34.620+0000] {logging_mixin.py:190} INFO - [2024-12-07T17:24:34.620+0000] {dag.py:4180} INFO - Setting next_dagrun for read_dataset_event_from_classic to 2024-12-06 00:00:00+00:00, run_after=2024-12-07 00:00:00+00:00
[2024-12-07T17:24:34.675+0000] {processor.py:208} INFO - Processing /home/airflow/.local/lib/python3.12/site-packages/airflow/example_dags/example_inlet_event_extra.py took 2.601 seconds
[2024-12-07T17:25:05.337+0000] {processor.py:186} INFO - Started process (PID=1459) to work on /home/airflow/.local/lib/python3.12/site-packages/airflow/example_dags/example_inlet_event_extra.py
[2024-12-07T17:25:05.339+0000] {processor.py:914} INFO - Processing file /home/airflow/.local/lib/python3.12/site-packages/airflow/example_dags/example_inlet_event_extra.py for tasks to queue
[2024-12-07T17:25:05.344+0000] {logging_mixin.py:190} INFO - [2024-12-07T17:25:05.343+0000] {dagbag.py:588} INFO - Filling up the DagBag from /home/airflow/.local/lib/python3.12/site-packages/airflow/example_dags/example_inlet_event_extra.py
[2024-12-07T17:25:06.904+0000] {processor.py:925} INFO - DAG(s) 'read_dataset_event_from_classic', 'read_dataset_event' retrieved from /home/airflow/.local/lib/python3.12/site-packages/airflow/example_dags/example_inlet_event_extra.py
[2024-12-07T17:25:06.972+0000] {logging_mixin.py:190} INFO - [2024-12-07T17:25:06.972+0000] {dag.py:3239} INFO - Sync 2 DAGs
[2024-12-07T17:25:07.020+0000] {logging_mixin.py:190} INFO - [2024-12-07T17:25:07.020+0000] {dag.py:4180} INFO - Setting next_dagrun for read_dataset_event to 2024-12-06 00:00:00+00:00, run_after=2024-12-07 00:00:00+00:00
[2024-12-07T17:25:07.027+0000] {logging_mixin.py:190} INFO - [2024-12-07T17:25:07.027+0000] {dag.py:4180} INFO - Setting next_dagrun for read_dataset_event_from_classic to 2024-12-06 00:00:00+00:00, run_after=2024-12-07 00:00:00+00:00
[2024-12-07T17:25:07.059+0000] {processor.py:208} INFO - Processing /home/airflow/.local/lib/python3.12/site-packages/airflow/example_dags/example_inlet_event_extra.py took 1.733 seconds
[2024-12-07T17:25:37.290+0000] {processor.py:186} INFO - Started process (PID=1774) to work on /home/airflow/.local/lib/python3.12/site-packages/airflow/example_dags/example_inlet_event_extra.py
[2024-12-07T17:25:37.292+0000] {processor.py:914} INFO - Processing file /home/airflow/.local/lib/python3.12/site-packages/airflow/example_dags/example_inlet_event_extra.py for tasks to queue
[2024-12-07T17:25:37.295+0000] {logging_mixin.py:190} INFO - [2024-12-07T17:25:37.295+0000] {dagbag.py:588} INFO - Filling up the DagBag from /home/airflow/.local/lib/python3.12/site-packages/airflow/example_dags/example_inlet_event_extra.py
[2024-12-07T17:25:38.115+0000] {processor.py:925} INFO - DAG(s) 'read_dataset_event_from_classic', 'read_dataset_event' retrieved from /home/airflow/.local/lib/python3.12/site-packages/airflow/example_dags/example_inlet_event_extra.py
[2024-12-07T17:25:38.143+0000] {logging_mixin.py:190} INFO - [2024-12-07T17:25:38.142+0000] {dag.py:3239} INFO - Sync 2 DAGs
[2024-12-07T17:25:38.173+0000] {logging_mixin.py:190} INFO - [2024-12-07T17:25:38.172+0000] {dag.py:4180} INFO - Setting next_dagrun for read_dataset_event to 2024-12-06 00:00:00+00:00, run_after=2024-12-07 00:00:00+00:00
[2024-12-07T17:25:38.179+0000] {logging_mixin.py:190} INFO - [2024-12-07T17:25:38.179+0000] {dag.py:4180} INFO - Setting next_dagrun for read_dataset_event_from_classic to 2024-12-06 00:00:00+00:00, run_after=2024-12-07 00:00:00+00:00
[2024-12-07T17:25:38.202+0000] {processor.py:208} INFO - Processing /home/airflow/.local/lib/python3.12/site-packages/airflow/example_dags/example_inlet_event_extra.py took 0.925 seconds
[2024-12-07T17:26:08.846+0000] {processor.py:186} INFO - Started process (PID=2067) to work on /home/airflow/.local/lib/python3.12/site-packages/airflow/example_dags/example_inlet_event_extra.py
[2024-12-07T17:26:08.848+0000] {processor.py:914} INFO - Processing file /home/airflow/.local/lib/python3.12/site-packages/airflow/example_dags/example_inlet_event_extra.py for tasks to queue
[2024-12-07T17:26:08.852+0000] {logging_mixin.py:190} INFO - [2024-12-07T17:26:08.851+0000] {dagbag.py:588} INFO - Filling up the DagBag from /home/airflow/.local/lib/python3.12/site-packages/airflow/example_dags/example_inlet_event_extra.py
[2024-12-07T17:26:10.092+0000] {processor.py:925} INFO - DAG(s) 'read_dataset_event', 'read_dataset_event_from_classic' retrieved from /home/airflow/.local/lib/python3.12/site-packages/airflow/example_dags/example_inlet_event_extra.py
[2024-12-07T17:26:10.130+0000] {logging_mixin.py:190} INFO - [2024-12-07T17:26:10.129+0000] {dag.py:3239} INFO - Sync 2 DAGs
[2024-12-07T17:26:10.174+0000] {logging_mixin.py:190} INFO - [2024-12-07T17:26:10.174+0000] {dag.py:4180} INFO - Setting next_dagrun for read_dataset_event to 2024-12-06 00:00:00+00:00, run_after=2024-12-07 00:00:00+00:00
[2024-12-07T17:26:10.183+0000] {logging_mixin.py:190} INFO - [2024-12-07T17:26:10.182+0000] {dag.py:4180} INFO - Setting next_dagrun for read_dataset_event_from_classic to 2024-12-06 00:00:00+00:00, run_after=2024-12-07 00:00:00+00:00
[2024-12-07T17:26:10.215+0000] {processor.py:208} INFO - Processing /home/airflow/.local/lib/python3.12/site-packages/airflow/example_dags/example_inlet_event_extra.py took 1.380 seconds
[2024-12-07T17:26:40.358+0000] {processor.py:186} INFO - Started process (PID=2382) to work on /home/airflow/.local/lib/python3.12/site-packages/airflow/example_dags/example_inlet_event_extra.py
[2024-12-07T17:26:40.359+0000] {processor.py:914} INFO - Processing file /home/airflow/.local/lib/python3.12/site-packages/airflow/example_dags/example_inlet_event_extra.py for tasks to queue
[2024-12-07T17:26:40.363+0000] {logging_mixin.py:190} INFO - [2024-12-07T17:26:40.362+0000] {dagbag.py:588} INFO - Filling up the DagBag from /home/airflow/.local/lib/python3.12/site-packages/airflow/example_dags/example_inlet_event_extra.py
[2024-12-07T17:26:41.156+0000] {processor.py:925} INFO - DAG(s) 'read_dataset_event_from_classic', 'read_dataset_event' retrieved from /home/airflow/.local/lib/python3.12/site-packages/airflow/example_dags/example_inlet_event_extra.py
[2024-12-07T17:26:41.193+0000] {logging_mixin.py:190} INFO - [2024-12-07T17:26:41.192+0000] {dag.py:3239} INFO - Sync 2 DAGs
[2024-12-07T17:26:41.226+0000] {logging_mixin.py:190} INFO - [2024-12-07T17:26:41.226+0000] {dag.py:4180} INFO - Setting next_dagrun for read_dataset_event to 2024-12-06 00:00:00+00:00, run_after=2024-12-07 00:00:00+00:00
[2024-12-07T17:26:41.233+0000] {logging_mixin.py:190} INFO - [2024-12-07T17:26:41.233+0000] {dag.py:4180} INFO - Setting next_dagrun for read_dataset_event_from_classic to 2024-12-06 00:00:00+00:00, run_after=2024-12-07 00:00:00+00:00
[2024-12-07T17:26:41.256+0000] {processor.py:208} INFO - Processing /home/airflow/.local/lib/python3.12/site-packages/airflow/example_dags/example_inlet_event_extra.py took 0.908 seconds
[2024-12-07T17:27:11.571+0000] {processor.py:186} INFO - Started process (PID=2673) to work on /home/airflow/.local/lib/python3.12/site-packages/airflow/example_dags/example_inlet_event_extra.py
[2024-12-07T17:27:11.573+0000] {processor.py:914} INFO - Processing file /home/airflow/.local/lib/python3.12/site-packages/airflow/example_dags/example_inlet_event_extra.py for tasks to queue
[2024-12-07T17:27:11.576+0000] {logging_mixin.py:190} INFO - [2024-12-07T17:27:11.576+0000] {dagbag.py:588} INFO - Filling up the DagBag from /home/airflow/.local/lib/python3.12/site-packages/airflow/example_dags/example_inlet_event_extra.py
[2024-12-07T17:27:12.566+0000] {processor.py:925} INFO - DAG(s) 'read_dataset_event', 'read_dataset_event_from_classic' retrieved from /home/airflow/.local/lib/python3.12/site-packages/airflow/example_dags/example_inlet_event_extra.py
[2024-12-07T17:27:12.607+0000] {logging_mixin.py:190} INFO - [2024-12-07T17:27:12.606+0000] {dag.py:3239} INFO - Sync 2 DAGs
[2024-12-07T17:27:12.647+0000] {logging_mixin.py:190} INFO - [2024-12-07T17:27:12.647+0000] {dag.py:4180} INFO - Setting next_dagrun for read_dataset_event to 2024-12-06 00:00:00+00:00, run_after=2024-12-07 00:00:00+00:00
[2024-12-07T17:27:12.654+0000] {logging_mixin.py:190} INFO - [2024-12-07T17:27:12.654+0000] {dag.py:4180} INFO - Setting next_dagrun for read_dataset_event_from_classic to 2024-12-06 00:00:00+00:00, run_after=2024-12-07 00:00:00+00:00
[2024-12-07T17:27:12.675+0000] {processor.py:208} INFO - Processing /home/airflow/.local/lib/python3.12/site-packages/airflow/example_dags/example_inlet_event_extra.py took 1.114 seconds
[2024-12-07T17:27:43.117+0000] {processor.py:186} INFO - Started process (PID=2989) to work on /home/airflow/.local/lib/python3.12/site-packages/airflow/example_dags/example_inlet_event_extra.py
[2024-12-07T17:27:43.119+0000] {processor.py:914} INFO - Processing file /home/airflow/.local/lib/python3.12/site-packages/airflow/example_dags/example_inlet_event_extra.py for tasks to queue
[2024-12-07T17:27:43.124+0000] {logging_mixin.py:190} INFO - [2024-12-07T17:27:43.124+0000] {dagbag.py:588} INFO - Filling up the DagBag from /home/airflow/.local/lib/python3.12/site-packages/airflow/example_dags/example_inlet_event_extra.py
[2024-12-07T17:27:43.875+0000] {processor.py:925} INFO - DAG(s) 'read_dataset_event_from_classic', 'read_dataset_event' retrieved from /home/airflow/.local/lib/python3.12/site-packages/airflow/example_dags/example_inlet_event_extra.py
[2024-12-07T17:27:43.910+0000] {logging_mixin.py:190} INFO - [2024-12-07T17:27:43.910+0000] {dag.py:3239} INFO - Sync 2 DAGs
[2024-12-07T17:27:43.947+0000] {logging_mixin.py:190} INFO - [2024-12-07T17:27:43.947+0000] {dag.py:4180} INFO - Setting next_dagrun for read_dataset_event to 2024-12-06 00:00:00+00:00, run_after=2024-12-07 00:00:00+00:00
[2024-12-07T17:27:43.953+0000] {logging_mixin.py:190} INFO - [2024-12-07T17:27:43.953+0000] {dag.py:4180} INFO - Setting next_dagrun for read_dataset_event_from_classic to 2024-12-06 00:00:00+00:00, run_after=2024-12-07 00:00:00+00:00
[2024-12-07T17:27:43.973+0000] {processor.py:208} INFO - Processing /home/airflow/.local/lib/python3.12/site-packages/airflow/example_dags/example_inlet_event_extra.py took 0.869 seconds
[2024-12-07T17:28:14.189+0000] {processor.py:186} INFO - Started process (PID=3228) to work on /home/airflow/.local/lib/python3.12/site-packages/airflow/example_dags/example_inlet_event_extra.py
[2024-12-07T17:28:14.191+0000] {processor.py:914} INFO - Processing file /home/airflow/.local/lib/python3.12/site-packages/airflow/example_dags/example_inlet_event_extra.py for tasks to queue
[2024-12-07T17:28:14.197+0000] {logging_mixin.py:190} INFO - [2024-12-07T17:28:14.196+0000] {dagbag.py:588} INFO - Filling up the DagBag from /home/airflow/.local/lib/python3.12/site-packages/airflow/example_dags/example_inlet_event_extra.py
[2024-12-07T17:28:16.736+0000] {processor.py:925} INFO - DAG(s) 'read_dataset_event', 'read_dataset_event_from_classic' retrieved from /home/airflow/.local/lib/python3.12/site-packages/airflow/example_dags/example_inlet_event_extra.py
[2024-12-07T17:28:16.804+0000] {logging_mixin.py:190} INFO - [2024-12-07T17:28:16.804+0000] {dag.py:3239} INFO - Sync 2 DAGs
[2024-12-07T17:28:16.884+0000] {logging_mixin.py:190} INFO - [2024-12-07T17:28:16.883+0000] {dag.py:4180} INFO - Setting next_dagrun for read_dataset_event to 2024-12-06 00:00:00+00:00, run_after=2024-12-07 00:00:00+00:00
[2024-12-07T17:28:16.896+0000] {logging_mixin.py:190} INFO - [2024-12-07T17:28:16.895+0000] {dag.py:4180} INFO - Setting next_dagrun for read_dataset_event_from_classic to 2024-12-06 00:00:00+00:00, run_after=2024-12-07 00:00:00+00:00
[2024-12-07T17:28:16.941+0000] {processor.py:208} INFO - Processing /home/airflow/.local/lib/python3.12/site-packages/airflow/example_dags/example_inlet_event_extra.py took 2.773 seconds
[2024-12-07T17:28:47.225+0000] {processor.py:186} INFO - Started process (PID=3539) to work on /home/airflow/.local/lib/python3.12/site-packages/airflow/example_dags/example_inlet_event_extra.py
[2024-12-07T17:28:47.226+0000] {processor.py:914} INFO - Processing file /home/airflow/.local/lib/python3.12/site-packages/airflow/example_dags/example_inlet_event_extra.py for tasks to queue
[2024-12-07T17:28:47.229+0000] {logging_mixin.py:190} INFO - [2024-12-07T17:28:47.228+0000] {dagbag.py:588} INFO - Filling up the DagBag from /home/airflow/.local/lib/python3.12/site-packages/airflow/example_dags/example_inlet_event_extra.py
[2024-12-07T17:28:48.168+0000] {processor.py:925} INFO - DAG(s) 'read_dataset_event', 'read_dataset_event_from_classic' retrieved from /home/airflow/.local/lib/python3.12/site-packages/airflow/example_dags/example_inlet_event_extra.py
[2024-12-07T17:28:48.227+0000] {logging_mixin.py:190} INFO - [2024-12-07T17:28:48.227+0000] {dag.py:3239} INFO - Sync 2 DAGs
[2024-12-07T17:28:48.261+0000] {logging_mixin.py:190} INFO - [2024-12-07T17:28:48.261+0000] {dag.py:4180} INFO - Setting next_dagrun for read_dataset_event to 2024-12-06 00:00:00+00:00, run_after=2024-12-07 00:00:00+00:00
[2024-12-07T17:28:48.272+0000] {logging_mixin.py:190} INFO - [2024-12-07T17:28:48.272+0000] {dag.py:4180} INFO - Setting next_dagrun for read_dataset_event_from_classic to 2024-12-06 00:00:00+00:00, run_after=2024-12-07 00:00:00+00:00
[2024-12-07T17:28:49.023+0000] {processor.py:208} INFO - Processing /home/airflow/.local/lib/python3.12/site-packages/airflow/example_dags/example_inlet_event_extra.py took 1.806 seconds
[2024-12-07T17:29:19.812+0000] {processor.py:186} INFO - Started process (PID=3845) to work on /home/airflow/.local/lib/python3.12/site-packages/airflow/example_dags/example_inlet_event_extra.py
[2024-12-07T17:29:19.814+0000] {processor.py:914} INFO - Processing file /home/airflow/.local/lib/python3.12/site-packages/airflow/example_dags/example_inlet_event_extra.py for tasks to queue
[2024-12-07T17:29:19.819+0000] {logging_mixin.py:190} INFO - [2024-12-07T17:29:19.818+0000] {dagbag.py:588} INFO - Filling up the DagBag from /home/airflow/.local/lib/python3.12/site-packages/airflow/example_dags/example_inlet_event_extra.py
[2024-12-07T17:29:21.260+0000] {processor.py:925} INFO - DAG(s) 'read_dataset_event', 'read_dataset_event_from_classic' retrieved from /home/airflow/.local/lib/python3.12/site-packages/airflow/example_dags/example_inlet_event_extra.py
[2024-12-07T17:29:21.310+0000] {logging_mixin.py:190} INFO - [2024-12-07T17:29:21.310+0000] {dag.py:3239} INFO - Sync 2 DAGs
[2024-12-07T17:29:21.462+0000] {logging_mixin.py:190} INFO - [2024-12-07T17:29:21.461+0000] {dag.py:4180} INFO - Setting next_dagrun for read_dataset_event to 2024-12-06 00:00:00+00:00, run_after=2024-12-07 00:00:00+00:00
[2024-12-07T17:29:21.492+0000] {logging_mixin.py:190} INFO - [2024-12-07T17:29:21.491+0000] {dag.py:4180} INFO - Setting next_dagrun for read_dataset_event_from_classic to 2024-12-06 00:00:00+00:00, run_after=2024-12-07 00:00:00+00:00
[2024-12-07T17:29:21.563+0000] {processor.py:208} INFO - Processing /home/airflow/.local/lib/python3.12/site-packages/airflow/example_dags/example_inlet_event_extra.py took 1.769 seconds
[2024-12-07T17:29:52.357+0000] {processor.py:186} INFO - Started process (PID=4146) to work on /home/airflow/.local/lib/python3.12/site-packages/airflow/example_dags/example_inlet_event_extra.py
[2024-12-07T17:29:52.358+0000] {processor.py:914} INFO - Processing file /home/airflow/.local/lib/python3.12/site-packages/airflow/example_dags/example_inlet_event_extra.py for tasks to queue
[2024-12-07T17:29:52.366+0000] {logging_mixin.py:190} INFO - [2024-12-07T17:29:52.366+0000] {dagbag.py:588} INFO - Filling up the DagBag from /home/airflow/.local/lib/python3.12/site-packages/airflow/example_dags/example_inlet_event_extra.py
[2024-12-07T17:29:53.243+0000] {processor.py:925} INFO - DAG(s) 'read_dataset_event_from_classic', 'read_dataset_event' retrieved from /home/airflow/.local/lib/python3.12/site-packages/airflow/example_dags/example_inlet_event_extra.py
[2024-12-07T17:29:53.267+0000] {logging_mixin.py:190} INFO - [2024-12-07T17:29:53.267+0000] {dag.py:3239} INFO - Sync 2 DAGs
[2024-12-07T17:29:53.295+0000] {logging_mixin.py:190} INFO - [2024-12-07T17:29:53.295+0000] {dag.py:4180} INFO - Setting next_dagrun for read_dataset_event to 2024-12-06 00:00:00+00:00, run_after=2024-12-07 00:00:00+00:00
[2024-12-07T17:29:53.302+0000] {logging_mixin.py:190} INFO - [2024-12-07T17:29:53.301+0000] {dag.py:4180} INFO - Setting next_dagrun for read_dataset_event_from_classic to 2024-12-06 00:00:00+00:00, run_after=2024-12-07 00:00:00+00:00
[2024-12-07T17:29:53.325+0000] {processor.py:208} INFO - Processing /home/airflow/.local/lib/python3.12/site-packages/airflow/example_dags/example_inlet_event_extra.py took 0.978 seconds
[2024-12-07T17:30:24.145+0000] {processor.py:186} INFO - Started process (PID=4457) to work on /home/airflow/.local/lib/python3.12/site-packages/airflow/example_dags/example_inlet_event_extra.py
[2024-12-07T17:30:24.147+0000] {processor.py:914} INFO - Processing file /home/airflow/.local/lib/python3.12/site-packages/airflow/example_dags/example_inlet_event_extra.py for tasks to queue
[2024-12-07T17:30:24.150+0000] {logging_mixin.py:190} INFO - [2024-12-07T17:30:24.150+0000] {dagbag.py:588} INFO - Filling up the DagBag from /home/airflow/.local/lib/python3.12/site-packages/airflow/example_dags/example_inlet_event_extra.py
[2024-12-07T17:30:25.200+0000] {processor.py:925} INFO - DAG(s) 'read_dataset_event_from_classic', 'read_dataset_event' retrieved from /home/airflow/.local/lib/python3.12/site-packages/airflow/example_dags/example_inlet_event_extra.py
[2024-12-07T17:30:25.249+0000] {logging_mixin.py:190} INFO - [2024-12-07T17:30:25.248+0000] {dag.py:3239} INFO - Sync 2 DAGs
[2024-12-07T17:30:25.300+0000] {logging_mixin.py:190} INFO - [2024-12-07T17:30:25.299+0000] {dag.py:4180} INFO - Setting next_dagrun for read_dataset_event to 2024-12-06 00:00:00+00:00, run_after=2024-12-07 00:00:00+00:00
[2024-12-07T17:30:25.310+0000] {logging_mixin.py:190} INFO - [2024-12-07T17:30:25.309+0000] {dag.py:4180} INFO - Setting next_dagrun for read_dataset_event_from_classic to 2024-12-06 00:00:00+00:00, run_after=2024-12-07 00:00:00+00:00
[2024-12-07T17:30:25.336+0000] {processor.py:208} INFO - Processing /home/airflow/.local/lib/python3.12/site-packages/airflow/example_dags/example_inlet_event_extra.py took 1.199 seconds
[2024-12-07T17:30:55.700+0000] {processor.py:186} INFO - Started process (PID=4765) to work on /home/airflow/.local/lib/python3.12/site-packages/airflow/example_dags/example_inlet_event_extra.py
[2024-12-07T17:30:55.701+0000] {processor.py:914} INFO - Processing file /home/airflow/.local/lib/python3.12/site-packages/airflow/example_dags/example_inlet_event_extra.py for tasks to queue
[2024-12-07T17:30:55.706+0000] {logging_mixin.py:190} INFO - [2024-12-07T17:30:55.705+0000] {dagbag.py:588} INFO - Filling up the DagBag from /home/airflow/.local/lib/python3.12/site-packages/airflow/example_dags/example_inlet_event_extra.py
[2024-12-07T17:30:56.402+0000] {processor.py:925} INFO - DAG(s) 'read_dataset_event', 'read_dataset_event_from_classic' retrieved from /home/airflow/.local/lib/python3.12/site-packages/airflow/example_dags/example_inlet_event_extra.py
[2024-12-07T17:30:56.429+0000] {logging_mixin.py:190} INFO - [2024-12-07T17:30:56.428+0000] {dag.py:3239} INFO - Sync 2 DAGs
[2024-12-07T17:30:56.462+0000] {logging_mixin.py:190} INFO - [2024-12-07T17:30:56.462+0000] {dag.py:4180} INFO - Setting next_dagrun for read_dataset_event to 2024-12-06 00:00:00+00:00, run_after=2024-12-07 00:00:00+00:00
[2024-12-07T17:30:56.469+0000] {logging_mixin.py:190} INFO - [2024-12-07T17:30:56.469+0000] {dag.py:4180} INFO - Setting next_dagrun for read_dataset_event_from_classic to 2024-12-06 00:00:00+00:00, run_after=2024-12-07 00:00:00+00:00
[2024-12-07T17:30:56.493+0000] {processor.py:208} INFO - Processing /home/airflow/.local/lib/python3.12/site-packages/airflow/example_dags/example_inlet_event_extra.py took 0.804 seconds
[2024-12-07T17:31:26.663+0000] {processor.py:186} INFO - Started process (PID=5063) to work on /home/airflow/.local/lib/python3.12/site-packages/airflow/example_dags/example_inlet_event_extra.py
[2024-12-07T17:31:26.664+0000] {processor.py:914} INFO - Processing file /home/airflow/.local/lib/python3.12/site-packages/airflow/example_dags/example_inlet_event_extra.py for tasks to queue
[2024-12-07T17:31:26.667+0000] {logging_mixin.py:190} INFO - [2024-12-07T17:31:26.667+0000] {dagbag.py:588} INFO - Filling up the DagBag from /home/airflow/.local/lib/python3.12/site-packages/airflow/example_dags/example_inlet_event_extra.py
[2024-12-07T17:31:27.324+0000] {processor.py:925} INFO - DAG(s) 'read_dataset_event', 'read_dataset_event_from_classic' retrieved from /home/airflow/.local/lib/python3.12/site-packages/airflow/example_dags/example_inlet_event_extra.py
[2024-12-07T17:31:27.360+0000] {logging_mixin.py:190} INFO - [2024-12-07T17:31:27.359+0000] {dag.py:3239} INFO - Sync 2 DAGs
[2024-12-07T17:31:27.400+0000] {logging_mixin.py:190} INFO - [2024-12-07T17:31:27.400+0000] {dag.py:4180} INFO - Setting next_dagrun for read_dataset_event to 2024-12-06 00:00:00+00:00, run_after=2024-12-07 00:00:00+00:00
[2024-12-07T17:31:27.410+0000] {logging_mixin.py:190} INFO - [2024-12-07T17:31:27.409+0000] {dag.py:4180} INFO - Setting next_dagrun for read_dataset_event_from_classic to 2024-12-06 00:00:00+00:00, run_after=2024-12-07 00:00:00+00:00
[2024-12-07T17:31:27.436+0000] {processor.py:208} INFO - Processing /home/airflow/.local/lib/python3.12/site-packages/airflow/example_dags/example_inlet_event_extra.py took 0.780 seconds
[2024-12-07T17:31:57.781+0000] {processor.py:186} INFO - Started process (PID=5354) to work on /home/airflow/.local/lib/python3.12/site-packages/airflow/example_dags/example_inlet_event_extra.py
[2024-12-07T17:31:57.783+0000] {processor.py:914} INFO - Processing file /home/airflow/.local/lib/python3.12/site-packages/airflow/example_dags/example_inlet_event_extra.py for tasks to queue
[2024-12-07T17:31:57.786+0000] {logging_mixin.py:190} INFO - [2024-12-07T17:31:57.786+0000] {dagbag.py:588} INFO - Filling up the DagBag from /home/airflow/.local/lib/python3.12/site-packages/airflow/example_dags/example_inlet_event_extra.py
[2024-12-07T17:31:58.707+0000] {processor.py:925} INFO - DAG(s) 'read_dataset_event_from_classic', 'read_dataset_event' retrieved from /home/airflow/.local/lib/python3.12/site-packages/airflow/example_dags/example_inlet_event_extra.py
[2024-12-07T17:31:58.730+0000] {logging_mixin.py:190} INFO - [2024-12-07T17:31:58.730+0000] {dag.py:3239} INFO - Sync 2 DAGs
[2024-12-07T17:31:58.771+0000] {logging_mixin.py:190} INFO - [2024-12-07T17:31:58.770+0000] {dag.py:4180} INFO - Setting next_dagrun for read_dataset_event to 2024-12-06 00:00:00+00:00, run_after=2024-12-07 00:00:00+00:00
[2024-12-07T17:31:58.778+0000] {logging_mixin.py:190} INFO - [2024-12-07T17:31:58.778+0000] {dag.py:4180} INFO - Setting next_dagrun for read_dataset_event_from_classic to 2024-12-06 00:00:00+00:00, run_after=2024-12-07 00:00:00+00:00
[2024-12-07T17:31:58.809+0000] {processor.py:208} INFO - Processing /home/airflow/.local/lib/python3.12/site-packages/airflow/example_dags/example_inlet_event_extra.py took 1.037 seconds
[2024-12-07T17:32:29.309+0000] {processor.py:186} INFO - Started process (PID=5654) to work on /home/airflow/.local/lib/python3.12/site-packages/airflow/example_dags/example_inlet_event_extra.py
[2024-12-07T17:32:29.311+0000] {processor.py:914} INFO - Processing file /home/airflow/.local/lib/python3.12/site-packages/airflow/example_dags/example_inlet_event_extra.py for tasks to queue
[2024-12-07T17:32:29.313+0000] {logging_mixin.py:190} INFO - [2024-12-07T17:32:29.313+0000] {dagbag.py:588} INFO - Filling up the DagBag from /home/airflow/.local/lib/python3.12/site-packages/airflow/example_dags/example_inlet_event_extra.py
[2024-12-07T17:32:30.198+0000] {processor.py:925} INFO - DAG(s) 'read_dataset_event', 'read_dataset_event_from_classic' retrieved from /home/airflow/.local/lib/python3.12/site-packages/airflow/example_dags/example_inlet_event_extra.py
[2024-12-07T17:32:30.248+0000] {logging_mixin.py:190} INFO - [2024-12-07T17:32:30.247+0000] {dag.py:3239} INFO - Sync 2 DAGs
[2024-12-07T17:32:30.289+0000] {logging_mixin.py:190} INFO - [2024-12-07T17:32:30.289+0000] {dag.py:4180} INFO - Setting next_dagrun for read_dataset_event to 2024-12-06 00:00:00+00:00, run_after=2024-12-07 00:00:00+00:00
[2024-12-07T17:32:30.298+0000] {logging_mixin.py:190} INFO - [2024-12-07T17:32:30.298+0000] {dag.py:4180} INFO - Setting next_dagrun for read_dataset_event_from_classic to 2024-12-06 00:00:00+00:00, run_after=2024-12-07 00:00:00+00:00
[2024-12-07T17:32:30.326+0000] {processor.py:208} INFO - Processing /home/airflow/.local/lib/python3.12/site-packages/airflow/example_dags/example_inlet_event_extra.py took 1.024 seconds
[2024-12-07T17:33:00.455+0000] {processor.py:186} INFO - Started process (PID=5962) to work on /home/airflow/.local/lib/python3.12/site-packages/airflow/example_dags/example_inlet_event_extra.py
[2024-12-07T17:33:00.456+0000] {processor.py:914} INFO - Processing file /home/airflow/.local/lib/python3.12/site-packages/airflow/example_dags/example_inlet_event_extra.py for tasks to queue
[2024-12-07T17:33:00.460+0000] {logging_mixin.py:190} INFO - [2024-12-07T17:33:00.460+0000] {dagbag.py:588} INFO - Filling up the DagBag from /home/airflow/.local/lib/python3.12/site-packages/airflow/example_dags/example_inlet_event_extra.py
[2024-12-07T17:33:01.652+0000] {processor.py:925} INFO - DAG(s) 'read_dataset_event_from_classic', 'read_dataset_event' retrieved from /home/airflow/.local/lib/python3.12/site-packages/airflow/example_dags/example_inlet_event_extra.py
[2024-12-07T17:33:01.715+0000] {logging_mixin.py:190} INFO - [2024-12-07T17:33:01.714+0000] {dag.py:3239} INFO - Sync 2 DAGs
[2024-12-07T17:33:01.777+0000] {logging_mixin.py:190} INFO - [2024-12-07T17:33:01.776+0000] {dag.py:4180} INFO - Setting next_dagrun for read_dataset_event to 2024-12-06 00:00:00+00:00, run_after=2024-12-07 00:00:00+00:00
[2024-12-07T17:33:01.786+0000] {logging_mixin.py:190} INFO - [2024-12-07T17:33:01.786+0000] {dag.py:4180} INFO - Setting next_dagrun for read_dataset_event_from_classic to 2024-12-06 00:00:00+00:00, run_after=2024-12-07 00:00:00+00:00
[2024-12-07T17:33:01.911+0000] {processor.py:208} INFO - Processing /home/airflow/.local/lib/python3.12/site-packages/airflow/example_dags/example_inlet_event_extra.py took 1.467 seconds
[2024-12-07T17:33:32.045+0000] {processor.py:186} INFO - Started process (PID=6255) to work on /home/airflow/.local/lib/python3.12/site-packages/airflow/example_dags/example_inlet_event_extra.py
[2024-12-07T17:33:32.047+0000] {processor.py:914} INFO - Processing file /home/airflow/.local/lib/python3.12/site-packages/airflow/example_dags/example_inlet_event_extra.py for tasks to queue
[2024-12-07T17:33:32.052+0000] {logging_mixin.py:190} INFO - [2024-12-07T17:33:32.051+0000] {dagbag.py:588} INFO - Filling up the DagBag from /home/airflow/.local/lib/python3.12/site-packages/airflow/example_dags/example_inlet_event_extra.py
[2024-12-07T17:33:33.076+0000] {processor.py:925} INFO - DAG(s) 'read_dataset_event_from_classic', 'read_dataset_event' retrieved from /home/airflow/.local/lib/python3.12/site-packages/airflow/example_dags/example_inlet_event_extra.py
[2024-12-07T17:33:33.110+0000] {logging_mixin.py:190} INFO - [2024-12-07T17:33:33.109+0000] {dag.py:3239} INFO - Sync 2 DAGs
[2024-12-07T17:33:33.172+0000] {logging_mixin.py:190} INFO - [2024-12-07T17:33:33.172+0000] {dag.py:4180} INFO - Setting next_dagrun for read_dataset_event to 2024-12-06 00:00:00+00:00, run_after=2024-12-07 00:00:00+00:00
[2024-12-07T17:33:33.183+0000] {logging_mixin.py:190} INFO - [2024-12-07T17:33:33.182+0000] {dag.py:4180} INFO - Setting next_dagrun for read_dataset_event_from_classic to 2024-12-06 00:00:00+00:00, run_after=2024-12-07 00:00:00+00:00
[2024-12-07T17:33:33.211+0000] {processor.py:208} INFO - Processing /home/airflow/.local/lib/python3.12/site-packages/airflow/example_dags/example_inlet_event_extra.py took 1.178 seconds
[2024-12-07T17:34:03.325+0000] {processor.py:186} INFO - Started process (PID=6564) to work on /home/airflow/.local/lib/python3.12/site-packages/airflow/example_dags/example_inlet_event_extra.py
[2024-12-07T17:34:03.326+0000] {processor.py:914} INFO - Processing file /home/airflow/.local/lib/python3.12/site-packages/airflow/example_dags/example_inlet_event_extra.py for tasks to queue
[2024-12-07T17:34:03.330+0000] {logging_mixin.py:190} INFO - [2024-12-07T17:34:03.330+0000] {dagbag.py:588} INFO - Filling up the DagBag from /home/airflow/.local/lib/python3.12/site-packages/airflow/example_dags/example_inlet_event_extra.py
[2024-12-07T17:34:04.107+0000] {processor.py:925} INFO - DAG(s) 'read_dataset_event_from_classic', 'read_dataset_event' retrieved from /home/airflow/.local/lib/python3.12/site-packages/airflow/example_dags/example_inlet_event_extra.py
[2024-12-07T17:34:04.130+0000] {logging_mixin.py:190} INFO - [2024-12-07T17:34:04.130+0000] {dag.py:3239} INFO - Sync 2 DAGs
[2024-12-07T17:34:04.160+0000] {logging_mixin.py:190} INFO - [2024-12-07T17:34:04.159+0000] {dag.py:4180} INFO - Setting next_dagrun for read_dataset_event to 2024-12-06 00:00:00+00:00, run_after=2024-12-07 00:00:00+00:00
[2024-12-07T17:34:04.166+0000] {logging_mixin.py:190} INFO - [2024-12-07T17:34:04.166+0000] {dag.py:4180} INFO - Setting next_dagrun for read_dataset_event_from_classic to 2024-12-06 00:00:00+00:00, run_after=2024-12-07 00:00:00+00:00
[2024-12-07T17:34:04.189+0000] {processor.py:208} INFO - Processing /home/airflow/.local/lib/python3.12/site-packages/airflow/example_dags/example_inlet_event_extra.py took 0.874 seconds
[2024-12-07T17:34:35.095+0000] {processor.py:186} INFO - Started process (PID=6887) to work on /home/airflow/.local/lib/python3.12/site-packages/airflow/example_dags/example_inlet_event_extra.py
[2024-12-07T17:34:35.096+0000] {processor.py:914} INFO - Processing file /home/airflow/.local/lib/python3.12/site-packages/airflow/example_dags/example_inlet_event_extra.py for tasks to queue
[2024-12-07T17:34:35.099+0000] {logging_mixin.py:190} INFO - [2024-12-07T17:34:35.099+0000] {dagbag.py:588} INFO - Filling up the DagBag from /home/airflow/.local/lib/python3.12/site-packages/airflow/example_dags/example_inlet_event_extra.py
[2024-12-07T17:34:35.732+0000] {processor.py:925} INFO - DAG(s) 'read_dataset_event_from_classic', 'read_dataset_event' retrieved from /home/airflow/.local/lib/python3.12/site-packages/airflow/example_dags/example_inlet_event_extra.py
[2024-12-07T17:34:35.756+0000] {logging_mixin.py:190} INFO - [2024-12-07T17:34:35.755+0000] {dag.py:3239} INFO - Sync 2 DAGs
[2024-12-07T17:34:35.784+0000] {logging_mixin.py:190} INFO - [2024-12-07T17:34:35.784+0000] {dag.py:4180} INFO - Setting next_dagrun for read_dataset_event to 2024-12-06 00:00:00+00:00, run_after=2024-12-07 00:00:00+00:00
[2024-12-07T17:34:35.791+0000] {logging_mixin.py:190} INFO - [2024-12-07T17:34:35.790+0000] {dag.py:4180} INFO - Setting next_dagrun for read_dataset_event_from_classic to 2024-12-06 00:00:00+00:00, run_after=2024-12-07 00:00:00+00:00
[2024-12-07T17:34:35.815+0000] {processor.py:208} INFO - Processing /home/airflow/.local/lib/python3.12/site-packages/airflow/example_dags/example_inlet_event_extra.py took 0.727 seconds
[2024-12-07T17:35:06.594+0000] {processor.py:186} INFO - Started process (PID=7178) to work on /home/airflow/.local/lib/python3.12/site-packages/airflow/example_dags/example_inlet_event_extra.py
[2024-12-07T17:35:06.595+0000] {processor.py:914} INFO - Processing file /home/airflow/.local/lib/python3.12/site-packages/airflow/example_dags/example_inlet_event_extra.py for tasks to queue
[2024-12-07T17:35:06.598+0000] {logging_mixin.py:190} INFO - [2024-12-07T17:35:06.597+0000] {dagbag.py:588} INFO - Filling up the DagBag from /home/airflow/.local/lib/python3.12/site-packages/airflow/example_dags/example_inlet_event_extra.py
[2024-12-07T17:35:07.269+0000] {processor.py:925} INFO - DAG(s) 'read_dataset_event_from_classic', 'read_dataset_event' retrieved from /home/airflow/.local/lib/python3.12/site-packages/airflow/example_dags/example_inlet_event_extra.py
[2024-12-07T17:35:07.294+0000] {logging_mixin.py:190} INFO - [2024-12-07T17:35:07.293+0000] {dag.py:3239} INFO - Sync 2 DAGs
[2024-12-07T17:35:07.322+0000] {logging_mixin.py:190} INFO - [2024-12-07T17:35:07.321+0000] {dag.py:4180} INFO - Setting next_dagrun for read_dataset_event to 2024-12-06 00:00:00+00:00, run_after=2024-12-07 00:00:00+00:00
[2024-12-07T17:35:07.328+0000] {logging_mixin.py:190} INFO - [2024-12-07T17:35:07.328+0000] {dag.py:4180} INFO - Setting next_dagrun for read_dataset_event_from_classic to 2024-12-06 00:00:00+00:00, run_after=2024-12-07 00:00:00+00:00
[2024-12-07T17:35:07.350+0000] {processor.py:208} INFO - Processing /home/airflow/.local/lib/python3.12/site-packages/airflow/example_dags/example_inlet_event_extra.py took 0.763 seconds
[2024-12-07T17:35:38.106+0000] {processor.py:186} INFO - Started process (PID=7469) to work on /home/airflow/.local/lib/python3.12/site-packages/airflow/example_dags/example_inlet_event_extra.py
[2024-12-07T17:35:38.108+0000] {processor.py:914} INFO - Processing file /home/airflow/.local/lib/python3.12/site-packages/airflow/example_dags/example_inlet_event_extra.py for tasks to queue
[2024-12-07T17:35:38.120+0000] {logging_mixin.py:190} INFO - [2024-12-07T17:35:38.113+0000] {dagbag.py:588} INFO - Filling up the DagBag from /home/airflow/.local/lib/python3.12/site-packages/airflow/example_dags/example_inlet_event_extra.py
[2024-12-07T17:35:40.055+0000] {processor.py:925} INFO - DAG(s) 'read_dataset_event', 'read_dataset_event_from_classic' retrieved from /home/airflow/.local/lib/python3.12/site-packages/airflow/example_dags/example_inlet_event_extra.py
[2024-12-07T17:35:40.094+0000] {logging_mixin.py:190} INFO - [2024-12-07T17:35:40.094+0000] {dag.py:3239} INFO - Sync 2 DAGs
[2024-12-07T17:35:40.176+0000] {logging_mixin.py:190} INFO - [2024-12-07T17:35:40.176+0000] {dag.py:4180} INFO - Setting next_dagrun for read_dataset_event to 2024-12-06 00:00:00+00:00, run_after=2024-12-07 00:00:00+00:00
[2024-12-07T17:35:40.190+0000] {logging_mixin.py:190} INFO - [2024-12-07T17:35:40.189+0000] {dag.py:4180} INFO - Setting next_dagrun for read_dataset_event_from_classic to 2024-12-06 00:00:00+00:00, run_after=2024-12-07 00:00:00+00:00
[2024-12-07T17:35:40.230+0000] {processor.py:208} INFO - Processing /home/airflow/.local/lib/python3.12/site-packages/airflow/example_dags/example_inlet_event_extra.py took 2.151 seconds
[2024-12-07T17:36:10.751+0000] {processor.py:186} INFO - Started process (PID=7763) to work on /home/airflow/.local/lib/python3.12/site-packages/airflow/example_dags/example_inlet_event_extra.py
[2024-12-07T17:36:10.753+0000] {processor.py:914} INFO - Processing file /home/airflow/.local/lib/python3.12/site-packages/airflow/example_dags/example_inlet_event_extra.py for tasks to queue
[2024-12-07T17:36:10.759+0000] {logging_mixin.py:190} INFO - [2024-12-07T17:36:10.758+0000] {dagbag.py:588} INFO - Filling up the DagBag from /home/airflow/.local/lib/python3.12/site-packages/airflow/example_dags/example_inlet_event_extra.py
[2024-12-07T17:36:11.667+0000] {processor.py:925} INFO - DAG(s) 'read_dataset_event_from_classic', 'read_dataset_event' retrieved from /home/airflow/.local/lib/python3.12/site-packages/airflow/example_dags/example_inlet_event_extra.py
[2024-12-07T17:36:11.697+0000] {logging_mixin.py:190} INFO - [2024-12-07T17:36:11.697+0000] {dag.py:3239} INFO - Sync 2 DAGs
[2024-12-07T17:36:11.733+0000] {logging_mixin.py:190} INFO - [2024-12-07T17:36:11.733+0000] {dag.py:4180} INFO - Setting next_dagrun for read_dataset_event to 2024-12-06 00:00:00+00:00, run_after=2024-12-07 00:00:00+00:00
[2024-12-07T17:36:11.741+0000] {logging_mixin.py:190} INFO - [2024-12-07T17:36:11.740+0000] {dag.py:4180} INFO - Setting next_dagrun for read_dataset_event_from_classic to 2024-12-06 00:00:00+00:00, run_after=2024-12-07 00:00:00+00:00
[2024-12-07T17:36:11.868+0000] {processor.py:208} INFO - Processing /home/airflow/.local/lib/python3.12/site-packages/airflow/example_dags/example_inlet_event_extra.py took 1.130 seconds
[2024-12-07T17:36:47.366+0000] {processor.py:186} INFO - Started process (PID=8060) to work on /home/airflow/.local/lib/python3.12/site-packages/airflow/example_dags/example_inlet_event_extra.py
[2024-12-07T17:36:47.380+0000] {processor.py:914} INFO - Processing file /home/airflow/.local/lib/python3.12/site-packages/airflow/example_dags/example_inlet_event_extra.py for tasks to queue
[2024-12-07T17:36:47.397+0000] {logging_mixin.py:190} INFO - [2024-12-07T17:36:47.396+0000] {dagbag.py:588} INFO - Filling up the DagBag from /home/airflow/.local/lib/python3.12/site-packages/airflow/example_dags/example_inlet_event_extra.py
[2024-12-07T17:36:51.972+0000] {processor.py:925} INFO - DAG(s) 'read_dataset_event_from_classic', 'read_dataset_event' retrieved from /home/airflow/.local/lib/python3.12/site-packages/airflow/example_dags/example_inlet_event_extra.py
[2024-12-07T17:36:52.034+0000] {logging_mixin.py:190} INFO - [2024-12-07T17:36:52.033+0000] {dag.py:3239} INFO - Sync 2 DAGs
[2024-12-07T17:36:52.141+0000] {logging_mixin.py:190} INFO - [2024-12-07T17:36:52.141+0000] {dag.py:4180} INFO - Setting next_dagrun for read_dataset_event to 2024-12-06 00:00:00+00:00, run_after=2024-12-07 00:00:00+00:00
[2024-12-07T17:36:52.224+0000] {logging_mixin.py:190} INFO - [2024-12-07T17:36:52.224+0000] {dag.py:4180} INFO - Setting next_dagrun for read_dataset_event_from_classic to 2024-12-06 00:00:00+00:00, run_after=2024-12-07 00:00:00+00:00
[2024-12-07T17:36:52.372+0000] {processor.py:208} INFO - Processing /home/airflow/.local/lib/python3.12/site-packages/airflow/example_dags/example_inlet_event_extra.py took 5.027 seconds
[2024-12-07T17:37:22.940+0000] {processor.py:186} INFO - Started process (PID=8380) to work on /home/airflow/.local/lib/python3.12/site-packages/airflow/example_dags/example_inlet_event_extra.py
[2024-12-07T17:37:22.942+0000] {processor.py:914} INFO - Processing file /home/airflow/.local/lib/python3.12/site-packages/airflow/example_dags/example_inlet_event_extra.py for tasks to queue
[2024-12-07T17:37:22.946+0000] {logging_mixin.py:190} INFO - [2024-12-07T17:37:22.946+0000] {dagbag.py:588} INFO - Filling up the DagBag from /home/airflow/.local/lib/python3.12/site-packages/airflow/example_dags/example_inlet_event_extra.py
[2024-12-07T17:37:24.102+0000] {processor.py:925} INFO - DAG(s) 'read_dataset_event', 'read_dataset_event_from_classic' retrieved from /home/airflow/.local/lib/python3.12/site-packages/airflow/example_dags/example_inlet_event_extra.py
[2024-12-07T17:37:24.155+0000] {logging_mixin.py:190} INFO - [2024-12-07T17:37:24.154+0000] {dag.py:3239} INFO - Sync 2 DAGs
[2024-12-07T17:37:24.211+0000] {logging_mixin.py:190} INFO - [2024-12-07T17:37:24.211+0000] {dag.py:4180} INFO - Setting next_dagrun for read_dataset_event to 2024-12-06 00:00:00+00:00, run_after=2024-12-07 00:00:00+00:00
[2024-12-07T17:37:24.223+0000] {logging_mixin.py:190} INFO - [2024-12-07T17:37:24.223+0000] {dag.py:4180} INFO - Setting next_dagrun for read_dataset_event_from_classic to 2024-12-06 00:00:00+00:00, run_after=2024-12-07 00:00:00+00:00
[2024-12-07T17:37:24.254+0000] {processor.py:208} INFO - Processing /home/airflow/.local/lib/python3.12/site-packages/airflow/example_dags/example_inlet_event_extra.py took 1.330 seconds
[2024-12-07T17:37:55.368+0000] {processor.py:186} INFO - Started process (PID=8679) to work on /home/airflow/.local/lib/python3.12/site-packages/airflow/example_dags/example_inlet_event_extra.py
[2024-12-07T17:37:55.370+0000] {processor.py:914} INFO - Processing file /home/airflow/.local/lib/python3.12/site-packages/airflow/example_dags/example_inlet_event_extra.py for tasks to queue
[2024-12-07T17:37:55.374+0000] {logging_mixin.py:190} INFO - [2024-12-07T17:37:55.374+0000] {dagbag.py:588} INFO - Filling up the DagBag from /home/airflow/.local/lib/python3.12/site-packages/airflow/example_dags/example_inlet_event_extra.py
[2024-12-07T17:37:57.101+0000] {processor.py:925} INFO - DAG(s) 'read_dataset_event_from_classic', 'read_dataset_event' retrieved from /home/airflow/.local/lib/python3.12/site-packages/airflow/example_dags/example_inlet_event_extra.py
[2024-12-07T17:37:57.143+0000] {logging_mixin.py:190} INFO - [2024-12-07T17:37:57.141+0000] {dag.py:3239} INFO - Sync 2 DAGs
[2024-12-07T17:37:57.258+0000] {logging_mixin.py:190} INFO - [2024-12-07T17:37:57.258+0000] {dag.py:4180} INFO - Setting next_dagrun for read_dataset_event to 2024-12-06 00:00:00+00:00, run_after=2024-12-07 00:00:00+00:00
[2024-12-07T17:37:57.280+0000] {logging_mixin.py:190} INFO - [2024-12-07T17:37:57.279+0000] {dag.py:4180} INFO - Setting next_dagrun for read_dataset_event_from_classic to 2024-12-06 00:00:00+00:00, run_after=2024-12-07 00:00:00+00:00
[2024-12-07T17:37:57.374+0000] {processor.py:208} INFO - Processing /home/airflow/.local/lib/python3.12/site-packages/airflow/example_dags/example_inlet_event_extra.py took 2.015 seconds
[2024-12-07T17:38:28.239+0000] {processor.py:186} INFO - Started process (PID=8985) to work on /home/airflow/.local/lib/python3.12/site-packages/airflow/example_dags/example_inlet_event_extra.py
[2024-12-07T17:38:28.241+0000] {processor.py:914} INFO - Processing file /home/airflow/.local/lib/python3.12/site-packages/airflow/example_dags/example_inlet_event_extra.py for tasks to queue
[2024-12-07T17:38:28.256+0000] {logging_mixin.py:190} INFO - [2024-12-07T17:38:28.255+0000] {dagbag.py:588} INFO - Filling up the DagBag from /home/airflow/.local/lib/python3.12/site-packages/airflow/example_dags/example_inlet_event_extra.py
[2024-12-07T17:38:30.918+0000] {processor.py:925} INFO - DAG(s) 'read_dataset_event', 'read_dataset_event_from_classic' retrieved from /home/airflow/.local/lib/python3.12/site-packages/airflow/example_dags/example_inlet_event_extra.py
[2024-12-07T17:38:30.998+0000] {logging_mixin.py:190} INFO - [2024-12-07T17:38:30.997+0000] {dag.py:3239} INFO - Sync 2 DAGs
[2024-12-07T17:38:31.098+0000] {logging_mixin.py:190} INFO - [2024-12-07T17:38:31.097+0000] {dag.py:4180} INFO - Setting next_dagrun for read_dataset_event to 2024-12-06 00:00:00+00:00, run_after=2024-12-07 00:00:00+00:00
[2024-12-07T17:38:31.132+0000] {logging_mixin.py:190} INFO - [2024-12-07T17:38:31.131+0000] {dag.py:4180} INFO - Setting next_dagrun for read_dataset_event_from_classic to 2024-12-06 00:00:00+00:00, run_after=2024-12-07 00:00:00+00:00
[2024-12-07T17:38:31.193+0000] {processor.py:208} INFO - Processing /home/airflow/.local/lib/python3.12/site-packages/airflow/example_dags/example_inlet_event_extra.py took 2.990 seconds
[2024-12-07T17:39:02.050+0000] {processor.py:186} INFO - Started process (PID=9303) to work on /home/airflow/.local/lib/python3.12/site-packages/airflow/example_dags/example_inlet_event_extra.py
[2024-12-07T17:39:02.052+0000] {processor.py:914} INFO - Processing file /home/airflow/.local/lib/python3.12/site-packages/airflow/example_dags/example_inlet_event_extra.py for tasks to queue
[2024-12-07T17:39:02.055+0000] {logging_mixin.py:190} INFO - [2024-12-07T17:39:02.054+0000] {dagbag.py:588} INFO - Filling up the DagBag from /home/airflow/.local/lib/python3.12/site-packages/airflow/example_dags/example_inlet_event_extra.py
[2024-12-07T17:39:02.877+0000] {processor.py:925} INFO - DAG(s) 'read_dataset_event_from_classic', 'read_dataset_event' retrieved from /home/airflow/.local/lib/python3.12/site-packages/airflow/example_dags/example_inlet_event_extra.py
[2024-12-07T17:39:02.901+0000] {logging_mixin.py:190} INFO - [2024-12-07T17:39:02.900+0000] {dag.py:3239} INFO - Sync 2 DAGs
[2024-12-07T17:39:02.931+0000] {logging_mixin.py:190} INFO - [2024-12-07T17:39:02.930+0000] {dag.py:4180} INFO - Setting next_dagrun for read_dataset_event to 2024-12-06 00:00:00+00:00, run_after=2024-12-07 00:00:00+00:00
[2024-12-07T17:39:02.937+0000] {logging_mixin.py:190} INFO - [2024-12-07T17:39:02.937+0000] {dag.py:4180} INFO - Setting next_dagrun for read_dataset_event_from_classic to 2024-12-06 00:00:00+00:00, run_after=2024-12-07 00:00:00+00:00
[2024-12-07T17:39:02.960+0000] {processor.py:208} INFO - Processing /home/airflow/.local/lib/python3.12/site-packages/airflow/example_dags/example_inlet_event_extra.py took 0.920 seconds
[2024-12-07T17:39:33.278+0000] {processor.py:186} INFO - Started process (PID=9615) to work on /home/airflow/.local/lib/python3.12/site-packages/airflow/example_dags/example_inlet_event_extra.py
[2024-12-07T17:39:33.281+0000] {processor.py:914} INFO - Processing file /home/airflow/.local/lib/python3.12/site-packages/airflow/example_dags/example_inlet_event_extra.py for tasks to queue
[2024-12-07T17:39:33.285+0000] {logging_mixin.py:190} INFO - [2024-12-07T17:39:33.284+0000] {dagbag.py:588} INFO - Filling up the DagBag from /home/airflow/.local/lib/python3.12/site-packages/airflow/example_dags/example_inlet_event_extra.py
[2024-12-07T17:39:34.034+0000] {processor.py:925} INFO - DAG(s) 'read_dataset_event_from_classic', 'read_dataset_event' retrieved from /home/airflow/.local/lib/python3.12/site-packages/airflow/example_dags/example_inlet_event_extra.py
[2024-12-07T17:39:34.069+0000] {logging_mixin.py:190} INFO - [2024-12-07T17:39:34.069+0000] {dag.py:3239} INFO - Sync 2 DAGs
[2024-12-07T17:39:34.104+0000] {logging_mixin.py:190} INFO - [2024-12-07T17:39:34.103+0000] {dag.py:4180} INFO - Setting next_dagrun for read_dataset_event to 2024-12-06 00:00:00+00:00, run_after=2024-12-07 00:00:00+00:00
[2024-12-07T17:39:34.116+0000] {logging_mixin.py:190} INFO - [2024-12-07T17:39:34.115+0000] {dag.py:4180} INFO - Setting next_dagrun for read_dataset_event_from_classic to 2024-12-06 00:00:00+00:00, run_after=2024-12-07 00:00:00+00:00
[2024-12-07T17:39:34.150+0000] {processor.py:208} INFO - Processing /home/airflow/.local/lib/python3.12/site-packages/airflow/example_dags/example_inlet_event_extra.py took 0.879 seconds
[2024-12-07T17:40:04.563+0000] {processor.py:186} INFO - Started process (PID=9906) to work on /home/airflow/.local/lib/python3.12/site-packages/airflow/example_dags/example_inlet_event_extra.py
[2024-12-07T17:40:04.565+0000] {processor.py:914} INFO - Processing file /home/airflow/.local/lib/python3.12/site-packages/airflow/example_dags/example_inlet_event_extra.py for tasks to queue
[2024-12-07T17:40:04.571+0000] {logging_mixin.py:190} INFO - [2024-12-07T17:40:04.570+0000] {dagbag.py:588} INFO - Filling up the DagBag from /home/airflow/.local/lib/python3.12/site-packages/airflow/example_dags/example_inlet_event_extra.py
[2024-12-07T17:40:05.699+0000] {processor.py:925} INFO - DAG(s) 'read_dataset_event', 'read_dataset_event_from_classic' retrieved from /home/airflow/.local/lib/python3.12/site-packages/airflow/example_dags/example_inlet_event_extra.py
[2024-12-07T17:40:05.730+0000] {logging_mixin.py:190} INFO - [2024-12-07T17:40:05.729+0000] {dag.py:3239} INFO - Sync 2 DAGs
[2024-12-07T17:40:05.770+0000] {logging_mixin.py:190} INFO - [2024-12-07T17:40:05.769+0000] {dag.py:4180} INFO - Setting next_dagrun for read_dataset_event to 2024-12-06 00:00:00+00:00, run_after=2024-12-07 00:00:00+00:00
[2024-12-07T17:40:05.778+0000] {logging_mixin.py:190} INFO - [2024-12-07T17:40:05.778+0000] {dag.py:4180} INFO - Setting next_dagrun for read_dataset_event_from_classic to 2024-12-06 00:00:00+00:00, run_after=2024-12-07 00:00:00+00:00
[2024-12-07T17:40:05.833+0000] {processor.py:208} INFO - Processing /home/airflow/.local/lib/python3.12/site-packages/airflow/example_dags/example_inlet_event_extra.py took 1.281 seconds
[2024-12-07T17:40:37.943+0000] {processor.py:186} INFO - Started process (PID=10197) to work on /home/airflow/.local/lib/python3.12/site-packages/airflow/example_dags/example_inlet_event_extra.py
[2024-12-07T17:40:37.945+0000] {processor.py:914} INFO - Processing file /home/airflow/.local/lib/python3.12/site-packages/airflow/example_dags/example_inlet_event_extra.py for tasks to queue
[2024-12-07T17:40:37.949+0000] {logging_mixin.py:190} INFO - [2024-12-07T17:40:37.949+0000] {dagbag.py:588} INFO - Filling up the DagBag from /home/airflow/.local/lib/python3.12/site-packages/airflow/example_dags/example_inlet_event_extra.py
[2024-12-07T17:40:39.351+0000] {processor.py:925} INFO - DAG(s) 'read_dataset_event', 'read_dataset_event_from_classic' retrieved from /home/airflow/.local/lib/python3.12/site-packages/airflow/example_dags/example_inlet_event_extra.py
[2024-12-07T17:40:39.421+0000] {logging_mixin.py:190} INFO - [2024-12-07T17:40:39.420+0000] {dag.py:3239} INFO - Sync 2 DAGs
[2024-12-07T17:40:39.524+0000] {logging_mixin.py:190} INFO - [2024-12-07T17:40:39.524+0000] {dag.py:4180} INFO - Setting next_dagrun for read_dataset_event to 2024-12-06 00:00:00+00:00, run_after=2024-12-07 00:00:00+00:00
[2024-12-07T17:40:39.545+0000] {logging_mixin.py:190} INFO - [2024-12-07T17:40:39.545+0000] {dag.py:4180} INFO - Setting next_dagrun for read_dataset_event_from_classic to 2024-12-06 00:00:00+00:00, run_after=2024-12-07 00:00:00+00:00
[2024-12-07T17:40:39.589+0000] {processor.py:208} INFO - Processing /home/airflow/.local/lib/python3.12/site-packages/airflow/example_dags/example_inlet_event_extra.py took 1.667 seconds
[2024-12-07T17:41:09.784+0000] {processor.py:186} INFO - Started process (PID=10513) to work on /home/airflow/.local/lib/python3.12/site-packages/airflow/example_dags/example_inlet_event_extra.py
[2024-12-07T17:41:09.785+0000] {processor.py:914} INFO - Processing file /home/airflow/.local/lib/python3.12/site-packages/airflow/example_dags/example_inlet_event_extra.py for tasks to queue
[2024-12-07T17:41:09.790+0000] {logging_mixin.py:190} INFO - [2024-12-07T17:41:09.789+0000] {dagbag.py:588} INFO - Filling up the DagBag from /home/airflow/.local/lib/python3.12/site-packages/airflow/example_dags/example_inlet_event_extra.py
[2024-12-07T17:41:10.732+0000] {processor.py:925} INFO - DAG(s) 'read_dataset_event_from_classic', 'read_dataset_event' retrieved from /home/airflow/.local/lib/python3.12/site-packages/airflow/example_dags/example_inlet_event_extra.py
[2024-12-07T17:41:10.764+0000] {logging_mixin.py:190} INFO - [2024-12-07T17:41:10.763+0000] {dag.py:3239} INFO - Sync 2 DAGs
[2024-12-07T17:41:10.822+0000] {logging_mixin.py:190} INFO - [2024-12-07T17:41:10.821+0000] {dag.py:4180} INFO - Setting next_dagrun for read_dataset_event to 2024-12-06 00:00:00+00:00, run_after=2024-12-07 00:00:00+00:00
[2024-12-07T17:41:10.839+0000] {logging_mixin.py:190} INFO - [2024-12-07T17:41:10.839+0000] {dag.py:4180} INFO - Setting next_dagrun for read_dataset_event_from_classic to 2024-12-06 00:00:00+00:00, run_after=2024-12-07 00:00:00+00:00
[2024-12-07T17:41:10.887+0000] {processor.py:208} INFO - Processing /home/airflow/.local/lib/python3.12/site-packages/airflow/example_dags/example_inlet_event_extra.py took 1.114 seconds
[2024-12-07T17:41:41.528+0000] {processor.py:186} INFO - Started process (PID=10805) to work on /home/airflow/.local/lib/python3.12/site-packages/airflow/example_dags/example_inlet_event_extra.py
[2024-12-07T17:41:41.530+0000] {processor.py:914} INFO - Processing file /home/airflow/.local/lib/python3.12/site-packages/airflow/example_dags/example_inlet_event_extra.py for tasks to queue
[2024-12-07T17:41:41.533+0000] {logging_mixin.py:190} INFO - [2024-12-07T17:41:41.533+0000] {dagbag.py:588} INFO - Filling up the DagBag from /home/airflow/.local/lib/python3.12/site-packages/airflow/example_dags/example_inlet_event_extra.py
[2024-12-07T17:41:42.936+0000] {processor.py:925} INFO - DAG(s) 'read_dataset_event', 'read_dataset_event_from_classic' retrieved from /home/airflow/.local/lib/python3.12/site-packages/airflow/example_dags/example_inlet_event_extra.py
[2024-12-07T17:41:42.966+0000] {logging_mixin.py:190} INFO - [2024-12-07T17:41:42.965+0000] {dag.py:3239} INFO - Sync 2 DAGs
[2024-12-07T17:41:43.003+0000] {logging_mixin.py:190} INFO - [2024-12-07T17:41:43.003+0000] {dag.py:4180} INFO - Setting next_dagrun for read_dataset_event to 2024-12-06 00:00:00+00:00, run_after=2024-12-07 00:00:00+00:00
[2024-12-07T17:41:43.010+0000] {logging_mixin.py:190} INFO - [2024-12-07T17:41:43.009+0000] {dag.py:4180} INFO - Setting next_dagrun for read_dataset_event_from_classic to 2024-12-06 00:00:00+00:00, run_after=2024-12-07 00:00:00+00:00
[2024-12-07T17:41:43.036+0000] {processor.py:208} INFO - Processing /home/airflow/.local/lib/python3.12/site-packages/airflow/example_dags/example_inlet_event_extra.py took 1.518 seconds
[2024-12-07T17:42:13.298+0000] {processor.py:186} INFO - Started process (PID=11107) to work on /home/airflow/.local/lib/python3.12/site-packages/airflow/example_dags/example_inlet_event_extra.py
[2024-12-07T17:42:13.300+0000] {processor.py:914} INFO - Processing file /home/airflow/.local/lib/python3.12/site-packages/airflow/example_dags/example_inlet_event_extra.py for tasks to queue
[2024-12-07T17:42:13.305+0000] {logging_mixin.py:190} INFO - [2024-12-07T17:42:13.304+0000] {dagbag.py:588} INFO - Filling up the DagBag from /home/airflow/.local/lib/python3.12/site-packages/airflow/example_dags/example_inlet_event_extra.py
[2024-12-07T17:42:14.080+0000] {processor.py:925} INFO - DAG(s) 'read_dataset_event', 'read_dataset_event_from_classic' retrieved from /home/airflow/.local/lib/python3.12/site-packages/airflow/example_dags/example_inlet_event_extra.py
[2024-12-07T17:42:14.104+0000] {logging_mixin.py:190} INFO - [2024-12-07T17:42:14.103+0000] {dag.py:3239} INFO - Sync 2 DAGs
[2024-12-07T17:42:14.134+0000] {logging_mixin.py:190} INFO - [2024-12-07T17:42:14.134+0000] {dag.py:4180} INFO - Setting next_dagrun for read_dataset_event to 2024-12-06 00:00:00+00:00, run_after=2024-12-07 00:00:00+00:00
[2024-12-07T17:42:14.140+0000] {logging_mixin.py:190} INFO - [2024-12-07T17:42:14.140+0000] {dag.py:4180} INFO - Setting next_dagrun for read_dataset_event_from_classic to 2024-12-06 00:00:00+00:00, run_after=2024-12-07 00:00:00+00:00
[2024-12-07T17:42:14.165+0000] {processor.py:208} INFO - Processing /home/airflow/.local/lib/python3.12/site-packages/airflow/example_dags/example_inlet_event_extra.py took 0.893 seconds
[2024-12-07T17:42:45.048+0000] {processor.py:186} INFO - Started process (PID=11418) to work on /home/airflow/.local/lib/python3.12/site-packages/airflow/example_dags/example_inlet_event_extra.py
[2024-12-07T17:42:45.052+0000] {processor.py:914} INFO - Processing file /home/airflow/.local/lib/python3.12/site-packages/airflow/example_dags/example_inlet_event_extra.py for tasks to queue
[2024-12-07T17:42:45.060+0000] {logging_mixin.py:190} INFO - [2024-12-07T17:42:45.059+0000] {dagbag.py:588} INFO - Filling up the DagBag from /home/airflow/.local/lib/python3.12/site-packages/airflow/example_dags/example_inlet_event_extra.py
[2024-12-07T17:42:45.965+0000] {processor.py:925} INFO - DAG(s) 'read_dataset_event_from_classic', 'read_dataset_event' retrieved from /home/airflow/.local/lib/python3.12/site-packages/airflow/example_dags/example_inlet_event_extra.py
[2024-12-07T17:42:45.995+0000] {logging_mixin.py:190} INFO - [2024-12-07T17:42:45.995+0000] {dag.py:3239} INFO - Sync 2 DAGs
[2024-12-07T17:42:46.035+0000] {logging_mixin.py:190} INFO - [2024-12-07T17:42:46.035+0000] {dag.py:4180} INFO - Setting next_dagrun for read_dataset_event to 2024-12-06 00:00:00+00:00, run_after=2024-12-07 00:00:00+00:00
[2024-12-07T17:42:46.045+0000] {logging_mixin.py:190} INFO - [2024-12-07T17:42:46.045+0000] {dag.py:4180} INFO - Setting next_dagrun for read_dataset_event_from_classic to 2024-12-06 00:00:00+00:00, run_after=2024-12-07 00:00:00+00:00
[2024-12-07T17:42:46.134+0000] {processor.py:208} INFO - Processing /home/airflow/.local/lib/python3.12/site-packages/airflow/example_dags/example_inlet_event_extra.py took 1.098 seconds
[2024-12-07T17:43:16.256+0000] {processor.py:186} INFO - Started process (PID=11710) to work on /home/airflow/.local/lib/python3.12/site-packages/airflow/example_dags/example_inlet_event_extra.py
[2024-12-07T17:43:16.258+0000] {processor.py:914} INFO - Processing file /home/airflow/.local/lib/python3.12/site-packages/airflow/example_dags/example_inlet_event_extra.py for tasks to queue
[2024-12-07T17:43:16.261+0000] {logging_mixin.py:190} INFO - [2024-12-07T17:43:16.261+0000] {dagbag.py:588} INFO - Filling up the DagBag from /home/airflow/.local/lib/python3.12/site-packages/airflow/example_dags/example_inlet_event_extra.py
[2024-12-07T17:43:17.225+0000] {processor.py:925} INFO - DAG(s) 'read_dataset_event_from_classic', 'read_dataset_event' retrieved from /home/airflow/.local/lib/python3.12/site-packages/airflow/example_dags/example_inlet_event_extra.py
[2024-12-07T17:43:17.251+0000] {logging_mixin.py:190} INFO - [2024-12-07T17:43:17.250+0000] {dag.py:3239} INFO - Sync 2 DAGs
[2024-12-07T17:43:17.287+0000] {logging_mixin.py:190} INFO - [2024-12-07T17:43:17.287+0000] {dag.py:4180} INFO - Setting next_dagrun for read_dataset_event to 2024-12-06 00:00:00+00:00, run_after=2024-12-07 00:00:00+00:00
[2024-12-07T17:43:17.294+0000] {logging_mixin.py:190} INFO - [2024-12-07T17:43:17.293+0000] {dag.py:4180} INFO - Setting next_dagrun for read_dataset_event_from_classic to 2024-12-06 00:00:00+00:00, run_after=2024-12-07 00:00:00+00:00
[2024-12-07T17:43:17.319+0000] {processor.py:208} INFO - Processing /home/airflow/.local/lib/python3.12/site-packages/airflow/example_dags/example_inlet_event_extra.py took 1.072 seconds
