[2024-12-07T17:22:28.053+0000] {processor.py:186} INFO - Started process (PID=221) to work on /home/airflow/.local/lib/python3.12/site-packages/airflow/example_dags/example_python_decorator.py
[2024-12-07T17:22:28.055+0000] {processor.py:914} INFO - Processing file /home/airflow/.local/lib/python3.12/site-packages/airflow/example_dags/example_python_decorator.py for tasks to queue
[2024-12-07T17:22:28.059+0000] {logging_mixin.py:190} INFO - [2024-12-07T17:22:28.058+0000] {dagbag.py:588} INFO - Filling up the DagBag from /home/airflow/.local/lib/python3.12/site-packages/airflow/example_dags/example_python_decorator.py
[2024-12-07T17:22:28.103+0000] {processor.py:925} INFO - DAG(s) 'example_python_decorator' retrieved from /home/airflow/.local/lib/python3.12/site-packages/airflow/example_dags/example_python_decorator.py
[2024-12-07T17:22:28.425+0000] {logging_mixin.py:190} INFO - [2024-12-07T17:22:28.424+0000] {override.py:1911} INFO - Created Permission View: can delete on DAG:example_python_decorator
[2024-12-07T17:22:28.449+0000] {logging_mixin.py:190} INFO - [2024-12-07T17:22:28.448+0000] {override.py:1911} INFO - Created Permission View: can read on DAG:example_python_decorator
[2024-12-07T17:22:28.508+0000] {logging_mixin.py:190} INFO - [2024-12-07T17:22:28.507+0000] {override.py:1911} INFO - Created Permission View: can edit on DAG:example_python_decorator
[2024-12-07T17:22:28.538+0000] {logging_mixin.py:190} INFO - [2024-12-07T17:22:28.537+0000] {override.py:1911} INFO - Created Permission View: menu access on DAG Run:example_python_decorator
[2024-12-07T17:22:28.560+0000] {logging_mixin.py:190} INFO - [2024-12-07T17:22:28.559+0000] {override.py:1911} INFO - Created Permission View: can delete on DAG Run:example_python_decorator
[2024-12-07T17:22:28.600+0000] {logging_mixin.py:190} INFO - [2024-12-07T17:22:28.599+0000] {override.py:1911} INFO - Created Permission View: can read on DAG Run:example_python_decorator
[2024-12-07T17:22:28.645+0000] {logging_mixin.py:190} INFO - [2024-12-07T17:22:28.643+0000] {override.py:1911} INFO - Created Permission View: can create on DAG Run:example_python_decorator
[2024-12-07T17:22:28.650+0000] {logging_mixin.py:190} INFO - [2024-12-07T17:22:28.649+0000] {dag.py:3239} INFO - Sync 1 DAGs
[2024-12-07T17:22:28.707+0000] {logging_mixin.py:190} INFO - [2024-12-07T17:22:28.707+0000] {dag.py:3262} INFO - Creating ORM DAG for example_python_decorator
[2024-12-07T17:22:28.715+0000] {logging_mixin.py:190} INFO - [2024-12-07T17:22:28.713+0000] {dag.py:4180} INFO - Setting next_dagrun for example_python_decorator to None, run_after=None
[2024-12-07T17:22:28.766+0000] {processor.py:208} INFO - Processing /home/airflow/.local/lib/python3.12/site-packages/airflow/example_dags/example_python_decorator.py took 0.723 seconds
[2024-12-07T17:23:10.643+0000] {processor.py:186} INFO - Started process (PID=513) to work on /home/airflow/.local/lib/python3.12/site-packages/airflow/example_dags/example_python_decorator.py
[2024-12-07T17:23:10.660+0000] {processor.py:914} INFO - Processing file /home/airflow/.local/lib/python3.12/site-packages/airflow/example_dags/example_python_decorator.py for tasks to queue
[2024-12-07T17:23:10.667+0000] {logging_mixin.py:190} INFO - [2024-12-07T17:23:10.667+0000] {dagbag.py:588} INFO - Filling up the DagBag from /home/airflow/.local/lib/python3.12/site-packages/airflow/example_dags/example_python_decorator.py
[2024-12-07T17:23:10.763+0000] {processor.py:925} INFO - DAG(s) 'example_python_decorator' retrieved from /home/airflow/.local/lib/python3.12/site-packages/airflow/example_dags/example_python_decorator.py
[2024-12-07T17:23:10.865+0000] {logging_mixin.py:190} INFO - [2024-12-07T17:23:10.864+0000] {dag.py:3239} INFO - Sync 1 DAGs
[2024-12-07T17:23:10.899+0000] {logging_mixin.py:190} INFO - [2024-12-07T17:23:10.897+0000] {dag.py:4180} INFO - Setting next_dagrun for example_python_decorator to None, run_after=None
[2024-12-07T17:23:10.949+0000] {processor.py:208} INFO - Processing /home/airflow/.local/lib/python3.12/site-packages/airflow/example_dags/example_python_decorator.py took 0.323 seconds
[2024-12-07T17:23:55.009+0000] {processor.py:186} INFO - Started process (PID=810) to work on /home/airflow/.local/lib/python3.12/site-packages/airflow/example_dags/example_python_decorator.py
[2024-12-07T17:23:55.024+0000] {processor.py:914} INFO - Processing file /home/airflow/.local/lib/python3.12/site-packages/airflow/example_dags/example_python_decorator.py for tasks to queue
[2024-12-07T17:23:55.044+0000] {logging_mixin.py:190} INFO - [2024-12-07T17:23:55.042+0000] {dagbag.py:588} INFO - Filling up the DagBag from /home/airflow/.local/lib/python3.12/site-packages/airflow/example_dags/example_python_decorator.py
[2024-12-07T17:23:55.125+0000] {processor.py:925} INFO - DAG(s) 'example_python_decorator' retrieved from /home/airflow/.local/lib/python3.12/site-packages/airflow/example_dags/example_python_decorator.py
[2024-12-07T17:23:55.220+0000] {logging_mixin.py:190} INFO - [2024-12-07T17:23:55.220+0000] {dag.py:3239} INFO - Sync 1 DAGs
[2024-12-07T17:23:55.281+0000] {logging_mixin.py:190} INFO - [2024-12-07T17:23:55.280+0000] {dag.py:4180} INFO - Setting next_dagrun for example_python_decorator to None, run_after=None
[2024-12-07T17:23:55.378+0000] {processor.py:208} INFO - Processing /home/airflow/.local/lib/python3.12/site-packages/airflow/example_dags/example_python_decorator.py took 0.405 seconds
[2024-12-07T17:24:30.145+0000] {processor.py:186} INFO - Started process (PID=1101) to work on /home/airflow/.local/lib/python3.12/site-packages/airflow/example_dags/example_python_decorator.py
[2024-12-07T17:24:30.146+0000] {processor.py:914} INFO - Processing file /home/airflow/.local/lib/python3.12/site-packages/airflow/example_dags/example_python_decorator.py for tasks to queue
[2024-12-07T17:24:30.151+0000] {logging_mixin.py:190} INFO - [2024-12-07T17:24:30.150+0000] {dagbag.py:588} INFO - Filling up the DagBag from /home/airflow/.local/lib/python3.12/site-packages/airflow/example_dags/example_python_decorator.py
[2024-12-07T17:24:30.211+0000] {processor.py:925} INFO - DAG(s) 'example_python_decorator' retrieved from /home/airflow/.local/lib/python3.12/site-packages/airflow/example_dags/example_python_decorator.py
[2024-12-07T17:24:30.412+0000] {logging_mixin.py:190} INFO - [2024-12-07T17:24:30.412+0000] {dag.py:3239} INFO - Sync 1 DAGs
[2024-12-07T17:24:30.545+0000] {logging_mixin.py:190} INFO - [2024-12-07T17:24:30.544+0000] {dag.py:4180} INFO - Setting next_dagrun for example_python_decorator to None, run_after=None
[2024-12-07T17:24:30.676+0000] {processor.py:208} INFO - Processing /home/airflow/.local/lib/python3.12/site-packages/airflow/example_dags/example_python_decorator.py took 0.543 seconds
[2024-12-07T17:25:01.159+0000] {processor.py:186} INFO - Started process (PID=1392) to work on /home/airflow/.local/lib/python3.12/site-packages/airflow/example_dags/example_python_decorator.py
[2024-12-07T17:25:01.161+0000] {processor.py:914} INFO - Processing file /home/airflow/.local/lib/python3.12/site-packages/airflow/example_dags/example_python_decorator.py for tasks to queue
[2024-12-07T17:25:01.164+0000] {logging_mixin.py:190} INFO - [2024-12-07T17:25:01.163+0000] {dagbag.py:588} INFO - Filling up the DagBag from /home/airflow/.local/lib/python3.12/site-packages/airflow/example_dags/example_python_decorator.py
[2024-12-07T17:25:01.182+0000] {processor.py:925} INFO - DAG(s) 'example_python_decorator' retrieved from /home/airflow/.local/lib/python3.12/site-packages/airflow/example_dags/example_python_decorator.py
[2024-12-07T17:25:01.210+0000] {logging_mixin.py:190} INFO - [2024-12-07T17:25:01.209+0000] {dag.py:3239} INFO - Sync 1 DAGs
[2024-12-07T17:25:01.232+0000] {logging_mixin.py:190} INFO - [2024-12-07T17:25:01.232+0000] {dag.py:4180} INFO - Setting next_dagrun for example_python_decorator to None, run_after=None
[2024-12-07T17:25:01.260+0000] {processor.py:208} INFO - Processing /home/airflow/.local/lib/python3.12/site-packages/airflow/example_dags/example_python_decorator.py took 0.109 seconds
[2024-12-07T17:25:31.590+0000] {processor.py:186} INFO - Started process (PID=1679) to work on /home/airflow/.local/lib/python3.12/site-packages/airflow/example_dags/example_python_decorator.py
[2024-12-07T17:25:31.592+0000] {processor.py:914} INFO - Processing file /home/airflow/.local/lib/python3.12/site-packages/airflow/example_dags/example_python_decorator.py for tasks to queue
[2024-12-07T17:25:31.595+0000] {logging_mixin.py:190} INFO - [2024-12-07T17:25:31.595+0000] {dagbag.py:588} INFO - Filling up the DagBag from /home/airflow/.local/lib/python3.12/site-packages/airflow/example_dags/example_python_decorator.py
[2024-12-07T17:25:31.621+0000] {processor.py:925} INFO - DAG(s) 'example_python_decorator' retrieved from /home/airflow/.local/lib/python3.12/site-packages/airflow/example_dags/example_python_decorator.py
[2024-12-07T17:25:31.664+0000] {logging_mixin.py:190} INFO - [2024-12-07T17:25:31.661+0000] {dag.py:3239} INFO - Sync 1 DAGs
[2024-12-07T17:25:31.697+0000] {logging_mixin.py:190} INFO - [2024-12-07T17:25:31.696+0000] {dag.py:4180} INFO - Setting next_dagrun for example_python_decorator to None, run_after=None
[2024-12-07T17:25:31.745+0000] {processor.py:208} INFO - Processing /home/airflow/.local/lib/python3.12/site-packages/airflow/example_dags/example_python_decorator.py took 0.166 seconds
[2024-12-07T17:26:01.864+0000] {processor.py:186} INFO - Started process (PID=1970) to work on /home/airflow/.local/lib/python3.12/site-packages/airflow/example_dags/example_python_decorator.py
[2024-12-07T17:26:01.872+0000] {processor.py:914} INFO - Processing file /home/airflow/.local/lib/python3.12/site-packages/airflow/example_dags/example_python_decorator.py for tasks to queue
[2024-12-07T17:26:01.876+0000] {logging_mixin.py:190} INFO - [2024-12-07T17:26:01.876+0000] {dagbag.py:588} INFO - Filling up the DagBag from /home/airflow/.local/lib/python3.12/site-packages/airflow/example_dags/example_python_decorator.py
[2024-12-07T17:26:01.931+0000] {processor.py:925} INFO - DAG(s) 'example_python_decorator' retrieved from /home/airflow/.local/lib/python3.12/site-packages/airflow/example_dags/example_python_decorator.py
[2024-12-07T17:26:02.087+0000] {logging_mixin.py:190} INFO - [2024-12-07T17:26:02.087+0000] {dag.py:3239} INFO - Sync 1 DAGs
[2024-12-07T17:26:02.115+0000] {logging_mixin.py:190} INFO - [2024-12-07T17:26:02.115+0000] {dag.py:4180} INFO - Setting next_dagrun for example_python_decorator to None, run_after=None
[2024-12-07T17:26:02.761+0000] {processor.py:208} INFO - Processing /home/airflow/.local/lib/python3.12/site-packages/airflow/example_dags/example_python_decorator.py took 0.912 seconds
[2024-12-07T17:26:33.139+0000] {processor.py:186} INFO - Started process (PID=2260) to work on /home/airflow/.local/lib/python3.12/site-packages/airflow/example_dags/example_python_decorator.py
[2024-12-07T17:26:33.141+0000] {processor.py:914} INFO - Processing file /home/airflow/.local/lib/python3.12/site-packages/airflow/example_dags/example_python_decorator.py for tasks to queue
[2024-12-07T17:26:33.145+0000] {logging_mixin.py:190} INFO - [2024-12-07T17:26:33.145+0000] {dagbag.py:588} INFO - Filling up the DagBag from /home/airflow/.local/lib/python3.12/site-packages/airflow/example_dags/example_python_decorator.py
[2024-12-07T17:26:33.172+0000] {processor.py:925} INFO - DAG(s) 'example_python_decorator' retrieved from /home/airflow/.local/lib/python3.12/site-packages/airflow/example_dags/example_python_decorator.py
[2024-12-07T17:26:33.221+0000] {logging_mixin.py:190} INFO - [2024-12-07T17:26:33.220+0000] {dag.py:3239} INFO - Sync 1 DAGs
[2024-12-07T17:26:33.250+0000] {logging_mixin.py:190} INFO - [2024-12-07T17:26:33.250+0000] {dag.py:4180} INFO - Setting next_dagrun for example_python_decorator to None, run_after=None
[2024-12-07T17:26:33.288+0000] {processor.py:208} INFO - Processing /home/airflow/.local/lib/python3.12/site-packages/airflow/example_dags/example_python_decorator.py took 0.157 seconds
[2024-12-07T17:27:03.595+0000] {processor.py:186} INFO - Started process (PID=2551) to work on /home/airflow/.local/lib/python3.12/site-packages/airflow/example_dags/example_python_decorator.py
[2024-12-07T17:27:03.606+0000] {processor.py:914} INFO - Processing file /home/airflow/.local/lib/python3.12/site-packages/airflow/example_dags/example_python_decorator.py for tasks to queue
[2024-12-07T17:27:03.610+0000] {logging_mixin.py:190} INFO - [2024-12-07T17:27:03.609+0000] {dagbag.py:588} INFO - Filling up the DagBag from /home/airflow/.local/lib/python3.12/site-packages/airflow/example_dags/example_python_decorator.py
[2024-12-07T17:27:03.672+0000] {processor.py:925} INFO - DAG(s) 'example_python_decorator' retrieved from /home/airflow/.local/lib/python3.12/site-packages/airflow/example_dags/example_python_decorator.py
[2024-12-07T17:27:03.753+0000] {logging_mixin.py:190} INFO - [2024-12-07T17:27:03.753+0000] {dag.py:3239} INFO - Sync 1 DAGs
[2024-12-07T17:27:03.822+0000] {logging_mixin.py:190} INFO - [2024-12-07T17:27:03.822+0000] {dag.py:4180} INFO - Setting next_dagrun for example_python_decorator to None, run_after=None
[2024-12-07T17:27:03.912+0000] {processor.py:208} INFO - Processing /home/airflow/.local/lib/python3.12/site-packages/airflow/example_dags/example_python_decorator.py took 0.343 seconds
[2024-12-07T17:27:34.409+0000] {processor.py:186} INFO - Started process (PID=2842) to work on /home/airflow/.local/lib/python3.12/site-packages/airflow/example_dags/example_python_decorator.py
[2024-12-07T17:27:34.410+0000] {processor.py:914} INFO - Processing file /home/airflow/.local/lib/python3.12/site-packages/airflow/example_dags/example_python_decorator.py for tasks to queue
[2024-12-07T17:27:34.414+0000] {logging_mixin.py:190} INFO - [2024-12-07T17:27:34.413+0000] {dagbag.py:588} INFO - Filling up the DagBag from /home/airflow/.local/lib/python3.12/site-packages/airflow/example_dags/example_python_decorator.py
[2024-12-07T17:27:34.442+0000] {processor.py:925} INFO - DAG(s) 'example_python_decorator' retrieved from /home/airflow/.local/lib/python3.12/site-packages/airflow/example_dags/example_python_decorator.py
[2024-12-07T17:27:34.483+0000] {logging_mixin.py:190} INFO - [2024-12-07T17:27:34.482+0000] {dag.py:3239} INFO - Sync 1 DAGs
[2024-12-07T17:27:34.509+0000] {logging_mixin.py:190} INFO - [2024-12-07T17:27:34.509+0000] {dag.py:4180} INFO - Setting next_dagrun for example_python_decorator to None, run_after=None
[2024-12-07T17:27:34.548+0000] {processor.py:208} INFO - Processing /home/airflow/.local/lib/python3.12/site-packages/airflow/example_dags/example_python_decorator.py took 0.149 seconds
[2024-12-07T17:28:05.426+0000] {processor.py:186} INFO - Started process (PID=3132) to work on /home/airflow/.local/lib/python3.12/site-packages/airflow/example_dags/example_python_decorator.py
[2024-12-07T17:28:05.446+0000] {processor.py:914} INFO - Processing file /home/airflow/.local/lib/python3.12/site-packages/airflow/example_dags/example_python_decorator.py for tasks to queue
[2024-12-07T17:28:05.463+0000] {logging_mixin.py:190} INFO - [2024-12-07T17:28:05.462+0000] {dagbag.py:588} INFO - Filling up the DagBag from /home/airflow/.local/lib/python3.12/site-packages/airflow/example_dags/example_python_decorator.py
[2024-12-07T17:28:05.552+0000] {processor.py:925} INFO - DAG(s) 'example_python_decorator' retrieved from /home/airflow/.local/lib/python3.12/site-packages/airflow/example_dags/example_python_decorator.py
[2024-12-07T17:28:05.670+0000] {logging_mixin.py:190} INFO - [2024-12-07T17:28:05.670+0000] {dag.py:3239} INFO - Sync 1 DAGs
[2024-12-07T17:28:05.753+0000] {logging_mixin.py:190} INFO - [2024-12-07T17:28:05.752+0000] {dag.py:4180} INFO - Setting next_dagrun for example_python_decorator to None, run_after=None
[2024-12-07T17:28:05.848+0000] {processor.py:208} INFO - Processing /home/airflow/.local/lib/python3.12/site-packages/airflow/example_dags/example_python_decorator.py took 0.444 seconds
[2024-12-07T17:28:36.720+0000] {processor.py:186} INFO - Started process (PID=3424) to work on /home/airflow/.local/lib/python3.12/site-packages/airflow/example_dags/example_python_decorator.py
[2024-12-07T17:28:36.722+0000] {processor.py:914} INFO - Processing file /home/airflow/.local/lib/python3.12/site-packages/airflow/example_dags/example_python_decorator.py for tasks to queue
[2024-12-07T17:28:36.725+0000] {logging_mixin.py:190} INFO - [2024-12-07T17:28:36.724+0000] {dagbag.py:588} INFO - Filling up the DagBag from /home/airflow/.local/lib/python3.12/site-packages/airflow/example_dags/example_python_decorator.py
[2024-12-07T17:28:36.747+0000] {processor.py:925} INFO - DAG(s) 'example_python_decorator' retrieved from /home/airflow/.local/lib/python3.12/site-packages/airflow/example_dags/example_python_decorator.py
[2024-12-07T17:28:36.783+0000] {logging_mixin.py:190} INFO - [2024-12-07T17:28:36.783+0000] {dag.py:3239} INFO - Sync 1 DAGs
[2024-12-07T17:28:36.805+0000] {logging_mixin.py:190} INFO - [2024-12-07T17:28:36.804+0000] {dag.py:4180} INFO - Setting next_dagrun for example_python_decorator to None, run_after=None
[2024-12-07T17:28:36.837+0000] {processor.py:208} INFO - Processing /home/airflow/.local/lib/python3.12/site-packages/airflow/example_dags/example_python_decorator.py took 0.125 seconds
[2024-12-07T17:29:07.783+0000] {processor.py:186} INFO - Started process (PID=3715) to work on /home/airflow/.local/lib/python3.12/site-packages/airflow/example_dags/example_python_decorator.py
[2024-12-07T17:29:07.785+0000] {processor.py:914} INFO - Processing file /home/airflow/.local/lib/python3.12/site-packages/airflow/example_dags/example_python_decorator.py for tasks to queue
[2024-12-07T17:29:07.796+0000] {logging_mixin.py:190} INFO - [2024-12-07T17:29:07.796+0000] {dagbag.py:588} INFO - Filling up the DagBag from /home/airflow/.local/lib/python3.12/site-packages/airflow/example_dags/example_python_decorator.py
[2024-12-07T17:29:07.849+0000] {processor.py:925} INFO - DAG(s) 'example_python_decorator' retrieved from /home/airflow/.local/lib/python3.12/site-packages/airflow/example_dags/example_python_decorator.py
[2024-12-07T17:29:07.919+0000] {logging_mixin.py:190} INFO - [2024-12-07T17:29:07.919+0000] {dag.py:3239} INFO - Sync 1 DAGs
[2024-12-07T17:29:07.959+0000] {logging_mixin.py:190} INFO - [2024-12-07T17:29:07.959+0000] {dag.py:4180} INFO - Setting next_dagrun for example_python_decorator to None, run_after=None
[2024-12-07T17:29:08.018+0000] {processor.py:208} INFO - Processing /home/airflow/.local/lib/python3.12/site-packages/airflow/example_dags/example_python_decorator.py took 0.255 seconds
[2024-12-07T17:29:38.405+0000] {processor.py:186} INFO - Started process (PID=4008) to work on /home/airflow/.local/lib/python3.12/site-packages/airflow/example_dags/example_python_decorator.py
[2024-12-07T17:29:38.406+0000] {processor.py:914} INFO - Processing file /home/airflow/.local/lib/python3.12/site-packages/airflow/example_dags/example_python_decorator.py for tasks to queue
[2024-12-07T17:29:38.410+0000] {logging_mixin.py:190} INFO - [2024-12-07T17:29:38.410+0000] {dagbag.py:588} INFO - Filling up the DagBag from /home/airflow/.local/lib/python3.12/site-packages/airflow/example_dags/example_python_decorator.py
[2024-12-07T17:29:38.439+0000] {processor.py:925} INFO - DAG(s) 'example_python_decorator' retrieved from /home/airflow/.local/lib/python3.12/site-packages/airflow/example_dags/example_python_decorator.py
[2024-12-07T17:29:38.483+0000] {logging_mixin.py:190} INFO - [2024-12-07T17:29:38.482+0000] {dag.py:3239} INFO - Sync 1 DAGs
[2024-12-07T17:29:38.514+0000] {logging_mixin.py:190} INFO - [2024-12-07T17:29:38.514+0000] {dag.py:4180} INFO - Setting next_dagrun for example_python_decorator to None, run_after=None
[2024-12-07T17:29:38.551+0000] {processor.py:208} INFO - Processing /home/airflow/.local/lib/python3.12/site-packages/airflow/example_dags/example_python_decorator.py took 0.158 seconds
[2024-12-07T17:30:08.651+0000] {processor.py:186} INFO - Started process (PID=4294) to work on /home/airflow/.local/lib/python3.12/site-packages/airflow/example_dags/example_python_decorator.py
[2024-12-07T17:30:08.654+0000] {processor.py:914} INFO - Processing file /home/airflow/.local/lib/python3.12/site-packages/airflow/example_dags/example_python_decorator.py for tasks to queue
[2024-12-07T17:30:08.659+0000] {logging_mixin.py:190} INFO - [2024-12-07T17:30:08.658+0000] {dagbag.py:588} INFO - Filling up the DagBag from /home/airflow/.local/lib/python3.12/site-packages/airflow/example_dags/example_python_decorator.py
[2024-12-07T17:30:08.694+0000] {processor.py:925} INFO - DAG(s) 'example_python_decorator' retrieved from /home/airflow/.local/lib/python3.12/site-packages/airflow/example_dags/example_python_decorator.py
[2024-12-07T17:30:08.747+0000] {logging_mixin.py:190} INFO - [2024-12-07T17:30:08.746+0000] {dag.py:3239} INFO - Sync 1 DAGs
[2024-12-07T17:30:08.783+0000] {logging_mixin.py:190} INFO - [2024-12-07T17:30:08.783+0000] {dag.py:4180} INFO - Setting next_dagrun for example_python_decorator to None, run_after=None
[2024-12-07T17:30:08.825+0000] {processor.py:208} INFO - Processing /home/airflow/.local/lib/python3.12/site-packages/airflow/example_dags/example_python_decorator.py took 0.188 seconds
[2024-12-07T17:30:39.216+0000] {processor.py:186} INFO - Started process (PID=4585) to work on /home/airflow/.local/lib/python3.12/site-packages/airflow/example_dags/example_python_decorator.py
[2024-12-07T17:30:39.218+0000] {processor.py:914} INFO - Processing file /home/airflow/.local/lib/python3.12/site-packages/airflow/example_dags/example_python_decorator.py for tasks to queue
[2024-12-07T17:30:39.221+0000] {logging_mixin.py:190} INFO - [2024-12-07T17:30:39.221+0000] {dagbag.py:588} INFO - Filling up the DagBag from /home/airflow/.local/lib/python3.12/site-packages/airflow/example_dags/example_python_decorator.py
[2024-12-07T17:30:39.243+0000] {processor.py:925} INFO - DAG(s) 'example_python_decorator' retrieved from /home/airflow/.local/lib/python3.12/site-packages/airflow/example_dags/example_python_decorator.py
[2024-12-07T17:30:39.303+0000] {logging_mixin.py:190} INFO - [2024-12-07T17:30:39.302+0000] {dag.py:3239} INFO - Sync 1 DAGs
[2024-12-07T17:30:39.348+0000] {logging_mixin.py:190} INFO - [2024-12-07T17:30:39.347+0000] {dag.py:4180} INFO - Setting next_dagrun for example_python_decorator to None, run_after=None
[2024-12-07T17:30:39.403+0000] {processor.py:208} INFO - Processing /home/airflow/.local/lib/python3.12/site-packages/airflow/example_dags/example_python_decorator.py took 0.197 seconds
[2024-12-07T17:31:10.402+0000] {processor.py:186} INFO - Started process (PID=4872) to work on /home/airflow/.local/lib/python3.12/site-packages/airflow/example_dags/example_python_decorator.py
[2024-12-07T17:31:10.404+0000] {processor.py:914} INFO - Processing file /home/airflow/.local/lib/python3.12/site-packages/airflow/example_dags/example_python_decorator.py for tasks to queue
[2024-12-07T17:31:10.415+0000] {logging_mixin.py:190} INFO - [2024-12-07T17:31:10.414+0000] {dagbag.py:588} INFO - Filling up the DagBag from /home/airflow/.local/lib/python3.12/site-packages/airflow/example_dags/example_python_decorator.py
[2024-12-07T17:31:10.448+0000] {processor.py:925} INFO - DAG(s) 'example_python_decorator' retrieved from /home/airflow/.local/lib/python3.12/site-packages/airflow/example_dags/example_python_decorator.py
[2024-12-07T17:31:10.500+0000] {logging_mixin.py:190} INFO - [2024-12-07T17:31:10.500+0000] {dag.py:3239} INFO - Sync 1 DAGs
[2024-12-07T17:31:10.549+0000] {logging_mixin.py:190} INFO - [2024-12-07T17:31:10.548+0000] {dag.py:4180} INFO - Setting next_dagrun for example_python_decorator to None, run_after=None
[2024-12-07T17:31:10.678+0000] {processor.py:208} INFO - Processing /home/airflow/.local/lib/python3.12/site-packages/airflow/example_dags/example_python_decorator.py took 0.290 seconds
[2024-12-07T17:31:41.256+0000] {processor.py:186} INFO - Started process (PID=5163) to work on /home/airflow/.local/lib/python3.12/site-packages/airflow/example_dags/example_python_decorator.py
[2024-12-07T17:31:41.267+0000] {processor.py:914} INFO - Processing file /home/airflow/.local/lib/python3.12/site-packages/airflow/example_dags/example_python_decorator.py for tasks to queue
[2024-12-07T17:31:41.271+0000] {logging_mixin.py:190} INFO - [2024-12-07T17:31:41.270+0000] {dagbag.py:588} INFO - Filling up the DagBag from /home/airflow/.local/lib/python3.12/site-packages/airflow/example_dags/example_python_decorator.py
[2024-12-07T17:31:41.302+0000] {processor.py:925} INFO - DAG(s) 'example_python_decorator' retrieved from /home/airflow/.local/lib/python3.12/site-packages/airflow/example_dags/example_python_decorator.py
[2024-12-07T17:31:41.335+0000] {logging_mixin.py:190} INFO - [2024-12-07T17:31:41.335+0000] {dag.py:3239} INFO - Sync 1 DAGs
[2024-12-07T17:31:41.359+0000] {logging_mixin.py:190} INFO - [2024-12-07T17:31:41.358+0000] {dag.py:4180} INFO - Setting next_dagrun for example_python_decorator to None, run_after=None
[2024-12-07T17:31:41.393+0000] {processor.py:208} INFO - Processing /home/airflow/.local/lib/python3.12/site-packages/airflow/example_dags/example_python_decorator.py took 0.157 seconds
[2024-12-07T17:32:12.033+0000] {processor.py:186} INFO - Started process (PID=5454) to work on /home/airflow/.local/lib/python3.12/site-packages/airflow/example_dags/example_python_decorator.py
[2024-12-07T17:32:12.036+0000] {processor.py:914} INFO - Processing file /home/airflow/.local/lib/python3.12/site-packages/airflow/example_dags/example_python_decorator.py for tasks to queue
[2024-12-07T17:32:12.041+0000] {logging_mixin.py:190} INFO - [2024-12-07T17:32:12.039+0000] {dagbag.py:588} INFO - Filling up the DagBag from /home/airflow/.local/lib/python3.12/site-packages/airflow/example_dags/example_python_decorator.py
[2024-12-07T17:32:12.086+0000] {processor.py:925} INFO - DAG(s) 'example_python_decorator' retrieved from /home/airflow/.local/lib/python3.12/site-packages/airflow/example_dags/example_python_decorator.py
[2024-12-07T17:32:12.183+0000] {logging_mixin.py:190} INFO - [2024-12-07T17:32:12.182+0000] {dag.py:3239} INFO - Sync 1 DAGs
[2024-12-07T17:32:12.220+0000] {logging_mixin.py:190} INFO - [2024-12-07T17:32:12.220+0000] {dag.py:4180} INFO - Setting next_dagrun for example_python_decorator to None, run_after=None
[2024-12-07T17:32:12.289+0000] {processor.py:208} INFO - Processing /home/airflow/.local/lib/python3.12/site-packages/airflow/example_dags/example_python_decorator.py took 0.268 seconds
[2024-12-07T17:32:43.264+0000] {processor.py:186} INFO - Started process (PID=5744) to work on /home/airflow/.local/lib/python3.12/site-packages/airflow/example_dags/example_python_decorator.py
[2024-12-07T17:32:43.265+0000] {processor.py:914} INFO - Processing file /home/airflow/.local/lib/python3.12/site-packages/airflow/example_dags/example_python_decorator.py for tasks to queue
[2024-12-07T17:32:43.269+0000] {logging_mixin.py:190} INFO - [2024-12-07T17:32:43.268+0000] {dagbag.py:588} INFO - Filling up the DagBag from /home/airflow/.local/lib/python3.12/site-packages/airflow/example_dags/example_python_decorator.py
[2024-12-07T17:32:43.289+0000] {processor.py:925} INFO - DAG(s) 'example_python_decorator' retrieved from /home/airflow/.local/lib/python3.12/site-packages/airflow/example_dags/example_python_decorator.py
[2024-12-07T17:32:43.324+0000] {logging_mixin.py:190} INFO - [2024-12-07T17:32:43.324+0000] {dag.py:3239} INFO - Sync 1 DAGs
[2024-12-07T17:32:43.347+0000] {logging_mixin.py:190} INFO - [2024-12-07T17:32:43.346+0000] {dag.py:4180} INFO - Setting next_dagrun for example_python_decorator to None, run_after=None
[2024-12-07T17:32:43.378+0000] {processor.py:208} INFO - Processing /home/airflow/.local/lib/python3.12/site-packages/airflow/example_dags/example_python_decorator.py took 0.125 seconds
[2024-12-07T17:33:13.480+0000] {processor.py:186} INFO - Started process (PID=6034) to work on /home/airflow/.local/lib/python3.12/site-packages/airflow/example_dags/example_python_decorator.py
[2024-12-07T17:33:13.481+0000] {processor.py:914} INFO - Processing file /home/airflow/.local/lib/python3.12/site-packages/airflow/example_dags/example_python_decorator.py for tasks to queue
[2024-12-07T17:33:13.484+0000] {logging_mixin.py:190} INFO - [2024-12-07T17:33:13.484+0000] {dagbag.py:588} INFO - Filling up the DagBag from /home/airflow/.local/lib/python3.12/site-packages/airflow/example_dags/example_python_decorator.py
[2024-12-07T17:33:13.508+0000] {processor.py:925} INFO - DAG(s) 'example_python_decorator' retrieved from /home/airflow/.local/lib/python3.12/site-packages/airflow/example_dags/example_python_decorator.py
[2024-12-07T17:33:13.536+0000] {logging_mixin.py:190} INFO - [2024-12-07T17:33:13.535+0000] {dag.py:3239} INFO - Sync 1 DAGs
[2024-12-07T17:33:13.555+0000] {logging_mixin.py:190} INFO - [2024-12-07T17:33:13.554+0000] {dag.py:4180} INFO - Setting next_dagrun for example_python_decorator to None, run_after=None
[2024-12-07T17:33:13.580+0000] {processor.py:208} INFO - Processing /home/airflow/.local/lib/python3.12/site-packages/airflow/example_dags/example_python_decorator.py took 0.109 seconds
[2024-12-07T17:33:43.934+0000] {processor.py:186} INFO - Started process (PID=6325) to work on /home/airflow/.local/lib/python3.12/site-packages/airflow/example_dags/example_python_decorator.py
[2024-12-07T17:33:43.936+0000] {processor.py:914} INFO - Processing file /home/airflow/.local/lib/python3.12/site-packages/airflow/example_dags/example_python_decorator.py for tasks to queue
[2024-12-07T17:33:43.939+0000] {logging_mixin.py:190} INFO - [2024-12-07T17:33:43.939+0000] {dagbag.py:588} INFO - Filling up the DagBag from /home/airflow/.local/lib/python3.12/site-packages/airflow/example_dags/example_python_decorator.py
[2024-12-07T17:33:43.960+0000] {processor.py:925} INFO - DAG(s) 'example_python_decorator' retrieved from /home/airflow/.local/lib/python3.12/site-packages/airflow/example_dags/example_python_decorator.py
[2024-12-07T17:33:43.988+0000] {logging_mixin.py:190} INFO - [2024-12-07T17:33:43.988+0000] {dag.py:3239} INFO - Sync 1 DAGs
[2024-12-07T17:33:44.007+0000] {logging_mixin.py:190} INFO - [2024-12-07T17:33:44.007+0000] {dag.py:4180} INFO - Setting next_dagrun for example_python_decorator to None, run_after=None
[2024-12-07T17:33:44.045+0000] {processor.py:208} INFO - Processing /home/airflow/.local/lib/python3.12/site-packages/airflow/example_dags/example_python_decorator.py took 0.121 seconds
[2024-12-07T17:34:14.447+0000] {processor.py:186} INFO - Started process (PID=6616) to work on /home/airflow/.local/lib/python3.12/site-packages/airflow/example_dags/example_python_decorator.py
[2024-12-07T17:34:14.448+0000] {processor.py:914} INFO - Processing file /home/airflow/.local/lib/python3.12/site-packages/airflow/example_dags/example_python_decorator.py for tasks to queue
[2024-12-07T17:34:14.452+0000] {logging_mixin.py:190} INFO - [2024-12-07T17:34:14.451+0000] {dagbag.py:588} INFO - Filling up the DagBag from /home/airflow/.local/lib/python3.12/site-packages/airflow/example_dags/example_python_decorator.py
[2024-12-07T17:34:14.477+0000] {processor.py:925} INFO - DAG(s) 'example_python_decorator' retrieved from /home/airflow/.local/lib/python3.12/site-packages/airflow/example_dags/example_python_decorator.py
[2024-12-07T17:34:14.513+0000] {logging_mixin.py:190} INFO - [2024-12-07T17:34:14.513+0000] {dag.py:3239} INFO - Sync 1 DAGs
[2024-12-07T17:34:14.534+0000] {logging_mixin.py:190} INFO - [2024-12-07T17:34:14.534+0000] {dag.py:4180} INFO - Setting next_dagrun for example_python_decorator to None, run_after=None
[2024-12-07T17:34:14.562+0000] {processor.py:208} INFO - Processing /home/airflow/.local/lib/python3.12/site-packages/airflow/example_dags/example_python_decorator.py took 0.126 seconds
[2024-12-07T17:34:44.883+0000] {processor.py:186} INFO - Started process (PID=6907) to work on /home/airflow/.local/lib/python3.12/site-packages/airflow/example_dags/example_python_decorator.py
[2024-12-07T17:34:44.885+0000] {processor.py:914} INFO - Processing file /home/airflow/.local/lib/python3.12/site-packages/airflow/example_dags/example_python_decorator.py for tasks to queue
[2024-12-07T17:34:44.889+0000] {logging_mixin.py:190} INFO - [2024-12-07T17:34:44.888+0000] {dagbag.py:588} INFO - Filling up the DagBag from /home/airflow/.local/lib/python3.12/site-packages/airflow/example_dags/example_python_decorator.py
[2024-12-07T17:34:44.908+0000] {processor.py:925} INFO - DAG(s) 'example_python_decorator' retrieved from /home/airflow/.local/lib/python3.12/site-packages/airflow/example_dags/example_python_decorator.py
[2024-12-07T17:34:44.948+0000] {logging_mixin.py:190} INFO - [2024-12-07T17:34:44.947+0000] {dag.py:3239} INFO - Sync 1 DAGs
[2024-12-07T17:34:44.971+0000] {logging_mixin.py:190} INFO - [2024-12-07T17:34:44.971+0000] {dag.py:4180} INFO - Setting next_dagrun for example_python_decorator to None, run_after=None
[2024-12-07T17:34:45.002+0000] {processor.py:208} INFO - Processing /home/airflow/.local/lib/python3.12/site-packages/airflow/example_dags/example_python_decorator.py took 0.129 seconds
[2024-12-07T17:35:15.072+0000] {processor.py:186} INFO - Started process (PID=7198) to work on /home/airflow/.local/lib/python3.12/site-packages/airflow/example_dags/example_python_decorator.py
[2024-12-07T17:35:15.074+0000] {processor.py:914} INFO - Processing file /home/airflow/.local/lib/python3.12/site-packages/airflow/example_dags/example_python_decorator.py for tasks to queue
[2024-12-07T17:35:15.077+0000] {logging_mixin.py:190} INFO - [2024-12-07T17:35:15.076+0000] {dagbag.py:588} INFO - Filling up the DagBag from /home/airflow/.local/lib/python3.12/site-packages/airflow/example_dags/example_python_decorator.py
[2024-12-07T17:35:15.095+0000] {processor.py:925} INFO - DAG(s) 'example_python_decorator' retrieved from /home/airflow/.local/lib/python3.12/site-packages/airflow/example_dags/example_python_decorator.py
[2024-12-07T17:35:15.127+0000] {logging_mixin.py:190} INFO - [2024-12-07T17:35:15.127+0000] {dag.py:3239} INFO - Sync 1 DAGs
[2024-12-07T17:35:15.159+0000] {logging_mixin.py:190} INFO - [2024-12-07T17:35:15.158+0000] {dag.py:4180} INFO - Setting next_dagrun for example_python_decorator to None, run_after=None
[2024-12-07T17:35:15.190+0000] {processor.py:208} INFO - Processing /home/airflow/.local/lib/python3.12/site-packages/airflow/example_dags/example_python_decorator.py took 0.128 seconds
[2024-12-07T17:35:46.048+0000] {processor.py:186} INFO - Started process (PID=7487) to work on /home/airflow/.local/lib/python3.12/site-packages/airflow/example_dags/example_python_decorator.py
[2024-12-07T17:35:46.051+0000] {processor.py:914} INFO - Processing file /home/airflow/.local/lib/python3.12/site-packages/airflow/example_dags/example_python_decorator.py for tasks to queue
[2024-12-07T17:35:46.058+0000] {logging_mixin.py:190} INFO - [2024-12-07T17:35:46.057+0000] {dagbag.py:588} INFO - Filling up the DagBag from /home/airflow/.local/lib/python3.12/site-packages/airflow/example_dags/example_python_decorator.py
[2024-12-07T17:35:46.112+0000] {processor.py:925} INFO - DAG(s) 'example_python_decorator' retrieved from /home/airflow/.local/lib/python3.12/site-packages/airflow/example_dags/example_python_decorator.py
[2024-12-07T17:35:46.175+0000] {logging_mixin.py:190} INFO - [2024-12-07T17:35:46.175+0000] {dag.py:3239} INFO - Sync 1 DAGs
[2024-12-07T17:35:46.252+0000] {logging_mixin.py:190} INFO - [2024-12-07T17:35:46.252+0000] {dag.py:4180} INFO - Setting next_dagrun for example_python_decorator to None, run_after=None
[2024-12-07T17:35:46.341+0000] {processor.py:208} INFO - Processing /home/airflow/.local/lib/python3.12/site-packages/airflow/example_dags/example_python_decorator.py took 0.342 seconds
[2024-12-07T17:36:16.979+0000] {processor.py:186} INFO - Started process (PID=7775) to work on /home/airflow/.local/lib/python3.12/site-packages/airflow/example_dags/example_python_decorator.py
[2024-12-07T17:36:16.980+0000] {processor.py:914} INFO - Processing file /home/airflow/.local/lib/python3.12/site-packages/airflow/example_dags/example_python_decorator.py for tasks to queue
[2024-12-07T17:36:16.983+0000] {logging_mixin.py:190} INFO - [2024-12-07T17:36:16.983+0000] {dagbag.py:588} INFO - Filling up the DagBag from /home/airflow/.local/lib/python3.12/site-packages/airflow/example_dags/example_python_decorator.py
[2024-12-07T17:36:17.001+0000] {processor.py:925} INFO - DAG(s) 'example_python_decorator' retrieved from /home/airflow/.local/lib/python3.12/site-packages/airflow/example_dags/example_python_decorator.py
[2024-12-07T17:36:17.030+0000] {logging_mixin.py:190} INFO - [2024-12-07T17:36:17.029+0000] {dag.py:3239} INFO - Sync 1 DAGs
[2024-12-07T17:36:17.049+0000] {logging_mixin.py:190} INFO - [2024-12-07T17:36:17.049+0000] {dag.py:4180} INFO - Setting next_dagrun for example_python_decorator to None, run_after=None
[2024-12-07T17:36:17.078+0000] {processor.py:208} INFO - Processing /home/airflow/.local/lib/python3.12/site-packages/airflow/example_dags/example_python_decorator.py took 0.107 seconds
[2024-12-07T17:36:47.447+0000] {processor.py:186} INFO - Started process (PID=8065) to work on /home/airflow/.local/lib/python3.12/site-packages/airflow/example_dags/example_python_decorator.py
[2024-12-07T17:36:47.458+0000] {processor.py:914} INFO - Processing file /home/airflow/.local/lib/python3.12/site-packages/airflow/example_dags/example_python_decorator.py for tasks to queue
[2024-12-07T17:36:47.474+0000] {logging_mixin.py:190} INFO - [2024-12-07T17:36:47.463+0000] {dagbag.py:588} INFO - Filling up the DagBag from /home/airflow/.local/lib/python3.12/site-packages/airflow/example_dags/example_python_decorator.py
[2024-12-07T17:36:47.545+0000] {processor.py:925} INFO - DAG(s) 'example_python_decorator' retrieved from /home/airflow/.local/lib/python3.12/site-packages/airflow/example_dags/example_python_decorator.py
[2024-12-07T17:36:47.643+0000] {logging_mixin.py:190} INFO - [2024-12-07T17:36:47.643+0000] {dag.py:3239} INFO - Sync 1 DAGs
[2024-12-07T17:36:47.732+0000] {logging_mixin.py:190} INFO - [2024-12-07T17:36:47.721+0000] {dag.py:4180} INFO - Setting next_dagrun for example_python_decorator to None, run_after=None
[2024-12-07T17:36:47.897+0000] {processor.py:208} INFO - Processing /home/airflow/.local/lib/python3.12/site-packages/airflow/example_dags/example_python_decorator.py took 0.476 seconds
[2024-12-07T17:37:18.536+0000] {processor.py:186} INFO - Started process (PID=8352) to work on /home/airflow/.local/lib/python3.12/site-packages/airflow/example_dags/example_python_decorator.py
[2024-12-07T17:37:18.537+0000] {processor.py:914} INFO - Processing file /home/airflow/.local/lib/python3.12/site-packages/airflow/example_dags/example_python_decorator.py for tasks to queue
[2024-12-07T17:37:18.542+0000] {logging_mixin.py:190} INFO - [2024-12-07T17:37:18.541+0000] {dagbag.py:588} INFO - Filling up the DagBag from /home/airflow/.local/lib/python3.12/site-packages/airflow/example_dags/example_python_decorator.py
[2024-12-07T17:37:18.570+0000] {processor.py:925} INFO - DAG(s) 'example_python_decorator' retrieved from /home/airflow/.local/lib/python3.12/site-packages/airflow/example_dags/example_python_decorator.py
[2024-12-07T17:37:18.616+0000] {logging_mixin.py:190} INFO - [2024-12-07T17:37:18.616+0000] {dag.py:3239} INFO - Sync 1 DAGs
[2024-12-07T17:37:18.665+0000] {logging_mixin.py:190} INFO - [2024-12-07T17:37:18.665+0000] {dag.py:4180} INFO - Setting next_dagrun for example_python_decorator to None, run_after=None
[2024-12-07T17:37:18.730+0000] {processor.py:208} INFO - Processing /home/airflow/.local/lib/python3.12/site-packages/airflow/example_dags/example_python_decorator.py took 0.205 seconds
[2024-12-07T17:37:49.630+0000] {processor.py:186} INFO - Started process (PID=8643) to work on /home/airflow/.local/lib/python3.12/site-packages/airflow/example_dags/example_python_decorator.py
[2024-12-07T17:37:49.633+0000] {processor.py:914} INFO - Processing file /home/airflow/.local/lib/python3.12/site-packages/airflow/example_dags/example_python_decorator.py for tasks to queue
[2024-12-07T17:37:49.638+0000] {logging_mixin.py:190} INFO - [2024-12-07T17:37:49.637+0000] {dagbag.py:588} INFO - Filling up the DagBag from /home/airflow/.local/lib/python3.12/site-packages/airflow/example_dags/example_python_decorator.py
[2024-12-07T17:37:49.677+0000] {processor.py:925} INFO - DAG(s) 'example_python_decorator' retrieved from /home/airflow/.local/lib/python3.12/site-packages/airflow/example_dags/example_python_decorator.py
[2024-12-07T17:37:49.726+0000] {logging_mixin.py:190} INFO - [2024-12-07T17:37:49.726+0000] {dag.py:3239} INFO - Sync 1 DAGs
[2024-12-07T17:37:49.767+0000] {logging_mixin.py:190} INFO - [2024-12-07T17:37:49.767+0000] {dag.py:4180} INFO - Setting next_dagrun for example_python_decorator to None, run_after=None
[2024-12-07T17:37:49.801+0000] {processor.py:208} INFO - Processing /home/airflow/.local/lib/python3.12/site-packages/airflow/example_dags/example_python_decorator.py took 0.185 seconds
[2024-12-07T17:38:19.920+0000] {processor.py:186} INFO - Started process (PID=8934) to work on /home/airflow/.local/lib/python3.12/site-packages/airflow/example_dags/example_python_decorator.py
[2024-12-07T17:38:19.921+0000] {processor.py:914} INFO - Processing file /home/airflow/.local/lib/python3.12/site-packages/airflow/example_dags/example_python_decorator.py for tasks to queue
[2024-12-07T17:38:19.924+0000] {logging_mixin.py:190} INFO - [2024-12-07T17:38:19.924+0000] {dagbag.py:588} INFO - Filling up the DagBag from /home/airflow/.local/lib/python3.12/site-packages/airflow/example_dags/example_python_decorator.py
[2024-12-07T17:38:19.948+0000] {processor.py:925} INFO - DAG(s) 'example_python_decorator' retrieved from /home/airflow/.local/lib/python3.12/site-packages/airflow/example_dags/example_python_decorator.py
[2024-12-07T17:38:19.997+0000] {logging_mixin.py:190} INFO - [2024-12-07T17:38:19.996+0000] {dag.py:3239} INFO - Sync 1 DAGs
[2024-12-07T17:38:20.037+0000] {logging_mixin.py:190} INFO - [2024-12-07T17:38:20.037+0000] {dag.py:4180} INFO - Setting next_dagrun for example_python_decorator to None, run_after=None
[2024-12-07T17:38:20.983+0000] {processor.py:208} INFO - Processing /home/airflow/.local/lib/python3.12/site-packages/airflow/example_dags/example_python_decorator.py took 1.070 seconds
[2024-12-07T17:38:51.430+0000] {processor.py:186} INFO - Started process (PID=9222) to work on /home/airflow/.local/lib/python3.12/site-packages/airflow/example_dags/example_python_decorator.py
[2024-12-07T17:38:51.434+0000] {processor.py:914} INFO - Processing file /home/airflow/.local/lib/python3.12/site-packages/airflow/example_dags/example_python_decorator.py for tasks to queue
[2024-12-07T17:38:51.445+0000] {logging_mixin.py:190} INFO - [2024-12-07T17:38:51.445+0000] {dagbag.py:588} INFO - Filling up the DagBag from /home/airflow/.local/lib/python3.12/site-packages/airflow/example_dags/example_python_decorator.py
[2024-12-07T17:38:51.478+0000] {processor.py:925} INFO - DAG(s) 'example_python_decorator' retrieved from /home/airflow/.local/lib/python3.12/site-packages/airflow/example_dags/example_python_decorator.py
[2024-12-07T17:38:51.559+0000] {logging_mixin.py:190} INFO - [2024-12-07T17:38:51.559+0000] {dag.py:3239} INFO - Sync 1 DAGs
[2024-12-07T17:38:51.589+0000] {logging_mixin.py:190} INFO - [2024-12-07T17:38:51.588+0000] {dag.py:4180} INFO - Setting next_dagrun for example_python_decorator to None, run_after=None
[2024-12-07T17:38:51.626+0000] {processor.py:208} INFO - Processing /home/airflow/.local/lib/python3.12/site-packages/airflow/example_dags/example_python_decorator.py took 0.220 seconds
[2024-12-07T17:39:21.822+0000] {processor.py:186} INFO - Started process (PID=9518) to work on /home/airflow/.local/lib/python3.12/site-packages/airflow/example_dags/example_python_decorator.py
[2024-12-07T17:39:21.823+0000] {processor.py:914} INFO - Processing file /home/airflow/.local/lib/python3.12/site-packages/airflow/example_dags/example_python_decorator.py for tasks to queue
[2024-12-07T17:39:21.827+0000] {logging_mixin.py:190} INFO - [2024-12-07T17:39:21.826+0000] {dagbag.py:588} INFO - Filling up the DagBag from /home/airflow/.local/lib/python3.12/site-packages/airflow/example_dags/example_python_decorator.py
[2024-12-07T17:39:21.864+0000] {processor.py:925} INFO - DAG(s) 'example_python_decorator' retrieved from /home/airflow/.local/lib/python3.12/site-packages/airflow/example_dags/example_python_decorator.py
[2024-12-07T17:39:21.908+0000] {logging_mixin.py:190} INFO - [2024-12-07T17:39:21.907+0000] {dag.py:3239} INFO - Sync 1 DAGs
[2024-12-07T17:39:21.942+0000] {logging_mixin.py:190} INFO - [2024-12-07T17:39:21.942+0000] {dag.py:4180} INFO - Setting next_dagrun for example_python_decorator to None, run_after=None
[2024-12-07T17:39:21.975+0000] {processor.py:208} INFO - Processing /home/airflow/.local/lib/python3.12/site-packages/airflow/example_dags/example_python_decorator.py took 0.165 seconds
[2024-12-07T17:39:52.211+0000] {processor.py:186} INFO - Started process (PID=9809) to work on /home/airflow/.local/lib/python3.12/site-packages/airflow/example_dags/example_python_decorator.py
[2024-12-07T17:39:52.213+0000] {processor.py:914} INFO - Processing file /home/airflow/.local/lib/python3.12/site-packages/airflow/example_dags/example_python_decorator.py for tasks to queue
[2024-12-07T17:39:52.217+0000] {logging_mixin.py:190} INFO - [2024-12-07T17:39:52.216+0000] {dagbag.py:588} INFO - Filling up the DagBag from /home/airflow/.local/lib/python3.12/site-packages/airflow/example_dags/example_python_decorator.py
[2024-12-07T17:39:52.269+0000] {processor.py:925} INFO - DAG(s) 'example_python_decorator' retrieved from /home/airflow/.local/lib/python3.12/site-packages/airflow/example_dags/example_python_decorator.py
[2024-12-07T17:39:52.345+0000] {logging_mixin.py:190} INFO - [2024-12-07T17:39:52.344+0000] {dag.py:3239} INFO - Sync 1 DAGs
[2024-12-07T17:39:52.386+0000] {logging_mixin.py:190} INFO - [2024-12-07T17:39:52.385+0000] {dag.py:4180} INFO - Setting next_dagrun for example_python_decorator to None, run_after=None
[2024-12-07T17:39:52.421+0000] {processor.py:208} INFO - Processing /home/airflow/.local/lib/python3.12/site-packages/airflow/example_dags/example_python_decorator.py took 0.228 seconds
[2024-12-07T17:40:22.958+0000] {processor.py:186} INFO - Started process (PID=10100) to work on /home/airflow/.local/lib/python3.12/site-packages/airflow/example_dags/example_python_decorator.py
[2024-12-07T17:40:22.959+0000] {processor.py:914} INFO - Processing file /home/airflow/.local/lib/python3.12/site-packages/airflow/example_dags/example_python_decorator.py for tasks to queue
[2024-12-07T17:40:22.963+0000] {logging_mixin.py:190} INFO - [2024-12-07T17:40:22.962+0000] {dagbag.py:588} INFO - Filling up the DagBag from /home/airflow/.local/lib/python3.12/site-packages/airflow/example_dags/example_python_decorator.py
[2024-12-07T17:40:22.990+0000] {processor.py:925} INFO - DAG(s) 'example_python_decorator' retrieved from /home/airflow/.local/lib/python3.12/site-packages/airflow/example_dags/example_python_decorator.py
[2024-12-07T17:40:23.037+0000] {logging_mixin.py:190} INFO - [2024-12-07T17:40:23.036+0000] {dag.py:3239} INFO - Sync 1 DAGs
[2024-12-07T17:40:23.066+0000] {logging_mixin.py:190} INFO - [2024-12-07T17:40:23.066+0000] {dag.py:4180} INFO - Setting next_dagrun for example_python_decorator to None, run_after=None
[2024-12-07T17:40:23.109+0000] {processor.py:208} INFO - Processing /home/airflow/.local/lib/python3.12/site-packages/airflow/example_dags/example_python_decorator.py took 0.160 seconds
[2024-12-07T17:40:53.553+0000] {processor.py:186} INFO - Started process (PID=10378) to work on /home/airflow/.local/lib/python3.12/site-packages/airflow/example_dags/example_python_decorator.py
[2024-12-07T17:40:53.555+0000] {processor.py:914} INFO - Processing file /home/airflow/.local/lib/python3.12/site-packages/airflow/example_dags/example_python_decorator.py for tasks to queue
[2024-12-07T17:40:53.558+0000] {logging_mixin.py:190} INFO - [2024-12-07T17:40:53.558+0000] {dagbag.py:588} INFO - Filling up the DagBag from /home/airflow/.local/lib/python3.12/site-packages/airflow/example_dags/example_python_decorator.py
[2024-12-07T17:40:53.577+0000] {processor.py:925} INFO - DAG(s) 'example_python_decorator' retrieved from /home/airflow/.local/lib/python3.12/site-packages/airflow/example_dags/example_python_decorator.py
[2024-12-07T17:40:53.611+0000] {logging_mixin.py:190} INFO - [2024-12-07T17:40:53.611+0000] {dag.py:3239} INFO - Sync 1 DAGs
[2024-12-07T17:40:53.637+0000] {logging_mixin.py:190} INFO - [2024-12-07T17:40:53.637+0000] {dag.py:4180} INFO - Setting next_dagrun for example_python_decorator to None, run_after=None
[2024-12-07T17:40:53.665+0000] {processor.py:208} INFO - Processing /home/airflow/.local/lib/python3.12/site-packages/airflow/example_dags/example_python_decorator.py took 0.122 seconds
[2024-12-07T17:41:24.186+0000] {processor.py:186} INFO - Started process (PID=10670) to work on /home/airflow/.local/lib/python3.12/site-packages/airflow/example_dags/example_python_decorator.py
[2024-12-07T17:41:24.187+0000] {processor.py:914} INFO - Processing file /home/airflow/.local/lib/python3.12/site-packages/airflow/example_dags/example_python_decorator.py for tasks to queue
[2024-12-07T17:41:24.190+0000] {logging_mixin.py:190} INFO - [2024-12-07T17:41:24.189+0000] {dagbag.py:588} INFO - Filling up the DagBag from /home/airflow/.local/lib/python3.12/site-packages/airflow/example_dags/example_python_decorator.py
[2024-12-07T17:41:24.206+0000] {processor.py:925} INFO - DAG(s) 'example_python_decorator' retrieved from /home/airflow/.local/lib/python3.12/site-packages/airflow/example_dags/example_python_decorator.py
[2024-12-07T17:41:24.237+0000] {logging_mixin.py:190} INFO - [2024-12-07T17:41:24.237+0000] {dag.py:3239} INFO - Sync 1 DAGs
[2024-12-07T17:41:24.254+0000] {logging_mixin.py:190} INFO - [2024-12-07T17:41:24.254+0000] {dag.py:4180} INFO - Setting next_dagrun for example_python_decorator to None, run_after=None
[2024-12-07T17:41:24.279+0000] {processor.py:208} INFO - Processing /home/airflow/.local/lib/python3.12/site-packages/airflow/example_dags/example_python_decorator.py took 0.101 seconds
[2024-12-07T17:41:54.397+0000] {processor.py:186} INFO - Started process (PID=10960) to work on /home/airflow/.local/lib/python3.12/site-packages/airflow/example_dags/example_python_decorator.py
[2024-12-07T17:41:54.400+0000] {processor.py:914} INFO - Processing file /home/airflow/.local/lib/python3.12/site-packages/airflow/example_dags/example_python_decorator.py for tasks to queue
[2024-12-07T17:41:54.409+0000] {logging_mixin.py:190} INFO - [2024-12-07T17:41:54.405+0000] {dagbag.py:588} INFO - Filling up the DagBag from /home/airflow/.local/lib/python3.12/site-packages/airflow/example_dags/example_python_decorator.py
[2024-12-07T17:41:54.447+0000] {processor.py:925} INFO - DAG(s) 'example_python_decorator' retrieved from /home/airflow/.local/lib/python3.12/site-packages/airflow/example_dags/example_python_decorator.py
[2024-12-07T17:41:54.490+0000] {logging_mixin.py:190} INFO - [2024-12-07T17:41:54.489+0000] {dag.py:3239} INFO - Sync 1 DAGs
[2024-12-07T17:41:54.532+0000] {logging_mixin.py:190} INFO - [2024-12-07T17:41:54.531+0000] {dag.py:4180} INFO - Setting next_dagrun for example_python_decorator to None, run_after=None
[2024-12-07T17:41:54.568+0000] {processor.py:208} INFO - Processing /home/airflow/.local/lib/python3.12/site-packages/airflow/example_dags/example_python_decorator.py took 0.188 seconds
[2024-12-07T17:42:25.637+0000] {processor.py:186} INFO - Started process (PID=11251) to work on /home/airflow/.local/lib/python3.12/site-packages/airflow/example_dags/example_python_decorator.py
[2024-12-07T17:42:25.639+0000] {processor.py:914} INFO - Processing file /home/airflow/.local/lib/python3.12/site-packages/airflow/example_dags/example_python_decorator.py for tasks to queue
[2024-12-07T17:42:25.652+0000] {logging_mixin.py:190} INFO - [2024-12-07T17:42:25.651+0000] {dagbag.py:588} INFO - Filling up the DagBag from /home/airflow/.local/lib/python3.12/site-packages/airflow/example_dags/example_python_decorator.py
[2024-12-07T17:42:25.785+0000] {processor.py:925} INFO - DAG(s) 'example_python_decorator' retrieved from /home/airflow/.local/lib/python3.12/site-packages/airflow/example_dags/example_python_decorator.py
[2024-12-07T17:42:25.900+0000] {logging_mixin.py:190} INFO - [2024-12-07T17:42:25.899+0000] {dag.py:3239} INFO - Sync 1 DAGs
[2024-12-07T17:42:25.999+0000] {logging_mixin.py:190} INFO - [2024-12-07T17:42:25.999+0000] {dag.py:4180} INFO - Setting next_dagrun for example_python_decorator to None, run_after=None
[2024-12-07T17:42:26.091+0000] {processor.py:208} INFO - Processing /home/airflow/.local/lib/python3.12/site-packages/airflow/example_dags/example_python_decorator.py took 0.472 seconds
[2024-12-07T17:42:56.949+0000] {processor.py:186} INFO - Started process (PID=11543) to work on /home/airflow/.local/lib/python3.12/site-packages/airflow/example_dags/example_python_decorator.py
[2024-12-07T17:42:56.950+0000] {processor.py:914} INFO - Processing file /home/airflow/.local/lib/python3.12/site-packages/airflow/example_dags/example_python_decorator.py for tasks to queue
[2024-12-07T17:42:56.954+0000] {logging_mixin.py:190} INFO - [2024-12-07T17:42:56.953+0000] {dagbag.py:588} INFO - Filling up the DagBag from /home/airflow/.local/lib/python3.12/site-packages/airflow/example_dags/example_python_decorator.py
[2024-12-07T17:42:56.970+0000] {processor.py:925} INFO - DAG(s) 'example_python_decorator' retrieved from /home/airflow/.local/lib/python3.12/site-packages/airflow/example_dags/example_python_decorator.py
[2024-12-07T17:42:56.997+0000] {logging_mixin.py:190} INFO - [2024-12-07T17:42:56.997+0000] {dag.py:3239} INFO - Sync 1 DAGs
[2024-12-07T17:42:57.015+0000] {logging_mixin.py:190} INFO - [2024-12-07T17:42:57.015+0000] {dag.py:4180} INFO - Setting next_dagrun for example_python_decorator to None, run_after=None
[2024-12-07T17:42:57.666+0000] {processor.py:208} INFO - Processing /home/airflow/.local/lib/python3.12/site-packages/airflow/example_dags/example_python_decorator.py took 0.724 seconds
[2024-12-07T17:43:28.517+0000] {processor.py:186} INFO - Started process (PID=11834) to work on /home/airflow/.local/lib/python3.12/site-packages/airflow/example_dags/example_python_decorator.py
[2024-12-07T17:43:28.519+0000] {processor.py:914} INFO - Processing file /home/airflow/.local/lib/python3.12/site-packages/airflow/example_dags/example_python_decorator.py for tasks to queue
[2024-12-07T17:43:28.522+0000] {logging_mixin.py:190} INFO - [2024-12-07T17:43:28.522+0000] {dagbag.py:588} INFO - Filling up the DagBag from /home/airflow/.local/lib/python3.12/site-packages/airflow/example_dags/example_python_decorator.py
[2024-12-07T17:43:28.552+0000] {processor.py:925} INFO - DAG(s) 'example_python_decorator' retrieved from /home/airflow/.local/lib/python3.12/site-packages/airflow/example_dags/example_python_decorator.py
[2024-12-07T17:43:28.632+0000] {logging_mixin.py:190} INFO - [2024-12-07T17:43:28.631+0000] {dag.py:3239} INFO - Sync 1 DAGs
[2024-12-07T17:43:28.671+0000] {logging_mixin.py:190} INFO - [2024-12-07T17:43:28.671+0000] {dag.py:4180} INFO - Setting next_dagrun for example_python_decorator to None, run_after=None
[2024-12-07T17:43:28.727+0000] {processor.py:208} INFO - Processing /home/airflow/.local/lib/python3.12/site-packages/airflow/example_dags/example_python_decorator.py took 0.221 seconds
