[2024-12-07T17:22:34.090+0000] {processor.py:186} INFO - Started process (PID=286) to work on /home/airflow/.local/lib/python3.12/site-packages/airflow/example_dags/example_bash_operator.py
[2024-12-07T17:22:34.094+0000] {processor.py:914} INFO - Processing file /home/airflow/.local/lib/python3.12/site-packages/airflow/example_dags/example_bash_operator.py for tasks to queue
[2024-12-07T17:22:34.097+0000] {logging_mixin.py:190} INFO - [2024-12-07T17:22:34.097+0000] {dagbag.py:588} INFO - Filling up the DagBag from /home/airflow/.local/lib/python3.12/site-packages/airflow/example_dags/example_bash_operator.py
[2024-12-07T17:22:34.124+0000] {processor.py:925} INFO - DAG(s) 'example_bash_operator' retrieved from /home/airflow/.local/lib/python3.12/site-packages/airflow/example_dags/example_bash_operator.py
[2024-12-07T17:22:34.684+0000] {logging_mixin.py:190} INFO - [2024-12-07T17:22:34.680+0000] {override.py:1911} INFO - Created Permission View: can delete on DAG:example_bash_operator
[2024-12-07T17:22:34.730+0000] {logging_mixin.py:190} INFO - [2024-12-07T17:22:34.729+0000] {override.py:1911} INFO - Created Permission View: can read on DAG:example_bash_operator
[2024-12-07T17:22:34.760+0000] {logging_mixin.py:190} INFO - [2024-12-07T17:22:34.758+0000] {override.py:1911} INFO - Created Permission View: can edit on DAG:example_bash_operator
[2024-12-07T17:22:34.792+0000] {logging_mixin.py:190} INFO - [2024-12-07T17:22:34.791+0000] {override.py:1911} INFO - Created Permission View: menu access on DAG Run:example_bash_operator
[2024-12-07T17:22:34.812+0000] {logging_mixin.py:190} INFO - [2024-12-07T17:22:34.811+0000] {override.py:1911} INFO - Created Permission View: can delete on DAG Run:example_bash_operator
[2024-12-07T17:22:34.836+0000] {logging_mixin.py:190} INFO - [2024-12-07T17:22:34.836+0000] {override.py:1911} INFO - Created Permission View: can read on DAG Run:example_bash_operator
[2024-12-07T17:22:34.854+0000] {logging_mixin.py:190} INFO - [2024-12-07T17:22:34.853+0000] {override.py:1911} INFO - Created Permission View: can create on DAG Run:example_bash_operator
[2024-12-07T17:22:34.856+0000] {logging_mixin.py:190} INFO - [2024-12-07T17:22:34.855+0000] {dag.py:3239} INFO - Sync 1 DAGs
[2024-12-07T17:22:34.908+0000] {logging_mixin.py:190} INFO - [2024-12-07T17:22:34.907+0000] {dag.py:3262} INFO - Creating ORM DAG for example_bash_operator
[2024-12-07T17:22:34.973+0000] {logging_mixin.py:190} INFO - [2024-12-07T17:22:34.973+0000] {dag.py:4180} INFO - Setting next_dagrun for example_bash_operator to 2024-12-06 00:00:00+00:00, run_after=2024-12-07 00:00:00+00:00
[2024-12-07T17:22:35.046+0000] {processor.py:208} INFO - Processing /home/airflow/.local/lib/python3.12/site-packages/airflow/example_dags/example_bash_operator.py took 1.017 seconds
[2024-12-07T17:23:13.251+0000] {processor.py:186} INFO - Started process (PID=578) to work on /home/airflow/.local/lib/python3.12/site-packages/airflow/example_dags/example_bash_operator.py
[2024-12-07T17:23:13.252+0000] {processor.py:914} INFO - Processing file /home/airflow/.local/lib/python3.12/site-packages/airflow/example_dags/example_bash_operator.py for tasks to queue
[2024-12-07T17:23:13.256+0000] {logging_mixin.py:190} INFO - [2024-12-07T17:23:13.255+0000] {dagbag.py:588} INFO - Filling up the DagBag from /home/airflow/.local/lib/python3.12/site-packages/airflow/example_dags/example_bash_operator.py
[2024-12-07T17:23:13.275+0000] {processor.py:925} INFO - DAG(s) 'example_bash_operator' retrieved from /home/airflow/.local/lib/python3.12/site-packages/airflow/example_dags/example_bash_operator.py
[2024-12-07T17:23:13.325+0000] {logging_mixin.py:190} INFO - [2024-12-07T17:23:13.324+0000] {dag.py:3239} INFO - Sync 1 DAGs
[2024-12-07T17:23:13.369+0000] {logging_mixin.py:190} INFO - [2024-12-07T17:23:13.369+0000] {dag.py:4180} INFO - Setting next_dagrun for example_bash_operator to 2024-12-06 00:00:00+00:00, run_after=2024-12-07 00:00:00+00:00
[2024-12-07T17:23:13.405+0000] {processor.py:208} INFO - Processing /home/airflow/.local/lib/python3.12/site-packages/airflow/example_dags/example_bash_operator.py took 0.163 seconds
[2024-12-07T17:23:58.633+0000] {processor.py:186} INFO - Started process (PID=875) to work on /home/airflow/.local/lib/python3.12/site-packages/airflow/example_dags/example_bash_operator.py
[2024-12-07T17:23:58.639+0000] {processor.py:914} INFO - Processing file /home/airflow/.local/lib/python3.12/site-packages/airflow/example_dags/example_bash_operator.py for tasks to queue
[2024-12-07T17:23:58.643+0000] {logging_mixin.py:190} INFO - [2024-12-07T17:23:58.642+0000] {dagbag.py:588} INFO - Filling up the DagBag from /home/airflow/.local/lib/python3.12/site-packages/airflow/example_dags/example_bash_operator.py
[2024-12-07T17:23:58.664+0000] {processor.py:925} INFO - DAG(s) 'example_bash_operator' retrieved from /home/airflow/.local/lib/python3.12/site-packages/airflow/example_dags/example_bash_operator.py
[2024-12-07T17:23:58.717+0000] {logging_mixin.py:190} INFO - [2024-12-07T17:23:58.717+0000] {dag.py:3239} INFO - Sync 1 DAGs
[2024-12-07T17:23:58.764+0000] {logging_mixin.py:190} INFO - [2024-12-07T17:23:58.764+0000] {dag.py:4180} INFO - Setting next_dagrun for example_bash_operator to 2024-12-06 00:00:00+00:00, run_after=2024-12-07 00:00:00+00:00
[2024-12-07T17:23:58.807+0000] {processor.py:208} INFO - Processing /home/airflow/.local/lib/python3.12/site-packages/airflow/example_dags/example_bash_operator.py took 0.190 seconds
[2024-12-07T17:24:32.912+0000] {processor.py:186} INFO - Started process (PID=1166) to work on /home/airflow/.local/lib/python3.12/site-packages/airflow/example_dags/example_bash_operator.py
[2024-12-07T17:24:32.914+0000] {processor.py:914} INFO - Processing file /home/airflow/.local/lib/python3.12/site-packages/airflow/example_dags/example_bash_operator.py for tasks to queue
[2024-12-07T17:24:32.927+0000] {logging_mixin.py:190} INFO - [2024-12-07T17:24:32.922+0000] {dagbag.py:588} INFO - Filling up the DagBag from /home/airflow/.local/lib/python3.12/site-packages/airflow/example_dags/example_bash_operator.py
[2024-12-07T17:24:32.963+0000] {processor.py:925} INFO - DAG(s) 'example_bash_operator' retrieved from /home/airflow/.local/lib/python3.12/site-packages/airflow/example_dags/example_bash_operator.py
[2024-12-07T17:24:33.145+0000] {logging_mixin.py:190} INFO - [2024-12-07T17:24:33.145+0000] {dag.py:3239} INFO - Sync 1 DAGs
[2024-12-07T17:24:33.418+0000] {logging_mixin.py:190} INFO - [2024-12-07T17:24:33.417+0000] {dag.py:4180} INFO - Setting next_dagrun for example_bash_operator to 2024-12-06 00:00:00+00:00, run_after=2024-12-07 00:00:00+00:00
[2024-12-07T17:24:33.572+0000] {processor.py:208} INFO - Processing /home/airflow/.local/lib/python3.12/site-packages/airflow/example_dags/example_bash_operator.py took 0.675 seconds
[2024-12-07T17:25:04.217+0000] {processor.py:186} INFO - Started process (PID=1454) to work on /home/airflow/.local/lib/python3.12/site-packages/airflow/example_dags/example_bash_operator.py
[2024-12-07T17:25:04.219+0000] {processor.py:914} INFO - Processing file /home/airflow/.local/lib/python3.12/site-packages/airflow/example_dags/example_bash_operator.py for tasks to queue
[2024-12-07T17:25:04.223+0000] {logging_mixin.py:190} INFO - [2024-12-07T17:25:04.223+0000] {dagbag.py:588} INFO - Filling up the DagBag from /home/airflow/.local/lib/python3.12/site-packages/airflow/example_dags/example_bash_operator.py
[2024-12-07T17:25:04.250+0000] {processor.py:925} INFO - DAG(s) 'example_bash_operator' retrieved from /home/airflow/.local/lib/python3.12/site-packages/airflow/example_dags/example_bash_operator.py
[2024-12-07T17:25:04.297+0000] {logging_mixin.py:190} INFO - [2024-12-07T17:25:04.297+0000] {dag.py:3239} INFO - Sync 1 DAGs
[2024-12-07T17:25:04.338+0000] {logging_mixin.py:190} INFO - [2024-12-07T17:25:04.338+0000] {dag.py:4180} INFO - Setting next_dagrun for example_bash_operator to 2024-12-06 00:00:00+00:00, run_after=2024-12-07 00:00:00+00:00
[2024-12-07T17:25:04.369+0000] {processor.py:208} INFO - Processing /home/airflow/.local/lib/python3.12/site-packages/airflow/example_dags/example_bash_operator.py took 0.164 seconds
[2024-12-07T17:25:34.581+0000] {processor.py:186} INFO - Started process (PID=1744) to work on /home/airflow/.local/lib/python3.12/site-packages/airflow/example_dags/example_bash_operator.py
[2024-12-07T17:25:34.582+0000] {processor.py:914} INFO - Processing file /home/airflow/.local/lib/python3.12/site-packages/airflow/example_dags/example_bash_operator.py for tasks to queue
[2024-12-07T17:25:34.589+0000] {logging_mixin.py:190} INFO - [2024-12-07T17:25:34.588+0000] {dagbag.py:588} INFO - Filling up the DagBag from /home/airflow/.local/lib/python3.12/site-packages/airflow/example_dags/example_bash_operator.py
[2024-12-07T17:25:34.612+0000] {processor.py:925} INFO - DAG(s) 'example_bash_operator' retrieved from /home/airflow/.local/lib/python3.12/site-packages/airflow/example_dags/example_bash_operator.py
[2024-12-07T17:25:34.677+0000] {logging_mixin.py:190} INFO - [2024-12-07T17:25:34.677+0000] {dag.py:3239} INFO - Sync 1 DAGs
[2024-12-07T17:25:34.721+0000] {logging_mixin.py:190} INFO - [2024-12-07T17:25:34.720+0000] {dag.py:4180} INFO - Setting next_dagrun for example_bash_operator to 2024-12-06 00:00:00+00:00, run_after=2024-12-07 00:00:00+00:00
[2024-12-07T17:25:34.758+0000] {processor.py:208} INFO - Processing /home/airflow/.local/lib/python3.12/site-packages/airflow/example_dags/example_bash_operator.py took 0.186 seconds
[2024-12-07T17:26:06.047+0000] {processor.py:186} INFO - Started process (PID=2035) to work on /home/airflow/.local/lib/python3.12/site-packages/airflow/example_dags/example_bash_operator.py
[2024-12-07T17:26:06.048+0000] {processor.py:914} INFO - Processing file /home/airflow/.local/lib/python3.12/site-packages/airflow/example_dags/example_bash_operator.py for tasks to queue
[2024-12-07T17:26:06.052+0000] {logging_mixin.py:190} INFO - [2024-12-07T17:26:06.051+0000] {dagbag.py:588} INFO - Filling up the DagBag from /home/airflow/.local/lib/python3.12/site-packages/airflow/example_dags/example_bash_operator.py
[2024-12-07T17:26:06.071+0000] {processor.py:925} INFO - DAG(s) 'example_bash_operator' retrieved from /home/airflow/.local/lib/python3.12/site-packages/airflow/example_dags/example_bash_operator.py
[2024-12-07T17:26:06.116+0000] {logging_mixin.py:190} INFO - [2024-12-07T17:26:06.115+0000] {dag.py:3239} INFO - Sync 1 DAGs
[2024-12-07T17:26:06.158+0000] {logging_mixin.py:190} INFO - [2024-12-07T17:26:06.158+0000] {dag.py:4180} INFO - Setting next_dagrun for example_bash_operator to 2024-12-06 00:00:00+00:00, run_after=2024-12-07 00:00:00+00:00
[2024-12-07T17:26:06.189+0000] {processor.py:208} INFO - Processing /home/airflow/.local/lib/python3.12/site-packages/airflow/example_dags/example_bash_operator.py took 0.153 seconds
[2024-12-07T17:26:37.071+0000] {processor.py:186} INFO - Started process (PID=2325) to work on /home/airflow/.local/lib/python3.12/site-packages/airflow/example_dags/example_bash_operator.py
[2024-12-07T17:26:37.073+0000] {processor.py:914} INFO - Processing file /home/airflow/.local/lib/python3.12/site-packages/airflow/example_dags/example_bash_operator.py for tasks to queue
[2024-12-07T17:26:37.076+0000] {logging_mixin.py:190} INFO - [2024-12-07T17:26:37.075+0000] {dagbag.py:588} INFO - Filling up the DagBag from /home/airflow/.local/lib/python3.12/site-packages/airflow/example_dags/example_bash_operator.py
[2024-12-07T17:26:37.098+0000] {processor.py:925} INFO - DAG(s) 'example_bash_operator' retrieved from /home/airflow/.local/lib/python3.12/site-packages/airflow/example_dags/example_bash_operator.py
[2024-12-07T17:26:37.144+0000] {logging_mixin.py:190} INFO - [2024-12-07T17:26:37.144+0000] {dag.py:3239} INFO - Sync 1 DAGs
[2024-12-07T17:26:37.185+0000] {logging_mixin.py:190} INFO - [2024-12-07T17:26:37.184+0000] {dag.py:4180} INFO - Setting next_dagrun for example_bash_operator to 2024-12-06 00:00:00+00:00, run_after=2024-12-07 00:00:00+00:00
[2024-12-07T17:26:37.217+0000] {processor.py:208} INFO - Processing /home/airflow/.local/lib/python3.12/site-packages/airflow/example_dags/example_bash_operator.py took 0.155 seconds
[2024-12-07T17:27:08.494+0000] {processor.py:186} INFO - Started process (PID=2616) to work on /home/airflow/.local/lib/python3.12/site-packages/airflow/example_dags/example_bash_operator.py
[2024-12-07T17:27:08.495+0000] {processor.py:914} INFO - Processing file /home/airflow/.local/lib/python3.12/site-packages/airflow/example_dags/example_bash_operator.py for tasks to queue
[2024-12-07T17:27:08.499+0000] {logging_mixin.py:190} INFO - [2024-12-07T17:27:08.499+0000] {dagbag.py:588} INFO - Filling up the DagBag from /home/airflow/.local/lib/python3.12/site-packages/airflow/example_dags/example_bash_operator.py
[2024-12-07T17:27:08.524+0000] {processor.py:925} INFO - DAG(s) 'example_bash_operator' retrieved from /home/airflow/.local/lib/python3.12/site-packages/airflow/example_dags/example_bash_operator.py
[2024-12-07T17:27:08.575+0000] {logging_mixin.py:190} INFO - [2024-12-07T17:27:08.574+0000] {dag.py:3239} INFO - Sync 1 DAGs
[2024-12-07T17:27:08.609+0000] {logging_mixin.py:190} INFO - [2024-12-07T17:27:08.608+0000] {dag.py:4180} INFO - Setting next_dagrun for example_bash_operator to 2024-12-06 00:00:00+00:00, run_after=2024-12-07 00:00:00+00:00
[2024-12-07T17:27:08.639+0000] {processor.py:208} INFO - Processing /home/airflow/.local/lib/python3.12/site-packages/airflow/example_dags/example_bash_operator.py took 0.155 seconds
[2024-12-07T17:27:38.710+0000] {processor.py:186} INFO - Started process (PID=2904) to work on /home/airflow/.local/lib/python3.12/site-packages/airflow/example_dags/example_bash_operator.py
[2024-12-07T17:27:38.712+0000] {processor.py:914} INFO - Processing file /home/airflow/.local/lib/python3.12/site-packages/airflow/example_dags/example_bash_operator.py for tasks to queue
[2024-12-07T17:27:38.715+0000] {logging_mixin.py:190} INFO - [2024-12-07T17:27:38.715+0000] {dagbag.py:588} INFO - Filling up the DagBag from /home/airflow/.local/lib/python3.12/site-packages/airflow/example_dags/example_bash_operator.py
[2024-12-07T17:27:38.734+0000] {processor.py:925} INFO - DAG(s) 'example_bash_operator' retrieved from /home/airflow/.local/lib/python3.12/site-packages/airflow/example_dags/example_bash_operator.py
[2024-12-07T17:27:38.779+0000] {logging_mixin.py:190} INFO - [2024-12-07T17:27:38.779+0000] {dag.py:3239} INFO - Sync 1 DAGs
[2024-12-07T17:27:38.818+0000] {logging_mixin.py:190} INFO - [2024-12-07T17:27:38.817+0000] {dag.py:4180} INFO - Setting next_dagrun for example_bash_operator to 2024-12-06 00:00:00+00:00, run_after=2024-12-07 00:00:00+00:00
[2024-12-07T17:27:38.844+0000] {processor.py:208} INFO - Processing /home/airflow/.local/lib/python3.12/site-packages/airflow/example_dags/example_bash_operator.py took 0.144 seconds
[2024-12-07T17:28:10.638+0000] {processor.py:186} INFO - Started process (PID=3198) to work on /home/airflow/.local/lib/python3.12/site-packages/airflow/example_dags/example_bash_operator.py
[2024-12-07T17:28:10.640+0000] {processor.py:914} INFO - Processing file /home/airflow/.local/lib/python3.12/site-packages/airflow/example_dags/example_bash_operator.py for tasks to queue
[2024-12-07T17:28:10.655+0000] {logging_mixin.py:190} INFO - [2024-12-07T17:28:10.655+0000] {dagbag.py:588} INFO - Filling up the DagBag from /home/airflow/.local/lib/python3.12/site-packages/airflow/example_dags/example_bash_operator.py
[2024-12-07T17:28:10.754+0000] {processor.py:925} INFO - DAG(s) 'example_bash_operator' retrieved from /home/airflow/.local/lib/python3.12/site-packages/airflow/example_dags/example_bash_operator.py
[2024-12-07T17:28:10.975+0000] {logging_mixin.py:190} INFO - [2024-12-07T17:28:10.974+0000] {dag.py:3239} INFO - Sync 1 DAGs
[2024-12-07T17:28:11.152+0000] {logging_mixin.py:190} INFO - [2024-12-07T17:28:11.152+0000] {dag.py:4180} INFO - Setting next_dagrun for example_bash_operator to 2024-12-06 00:00:00+00:00, run_after=2024-12-07 00:00:00+00:00
[2024-12-07T17:28:11.275+0000] {processor.py:208} INFO - Processing /home/airflow/.local/lib/python3.12/site-packages/airflow/example_dags/example_bash_operator.py took 0.676 seconds
[2024-12-07T17:28:42.171+0000] {processor.py:186} INFO - Started process (PID=3486) to work on /home/airflow/.local/lib/python3.12/site-packages/airflow/example_dags/example_bash_operator.py
[2024-12-07T17:28:42.173+0000] {processor.py:914} INFO - Processing file /home/airflow/.local/lib/python3.12/site-packages/airflow/example_dags/example_bash_operator.py for tasks to queue
[2024-12-07T17:28:42.177+0000] {logging_mixin.py:190} INFO - [2024-12-07T17:28:42.176+0000] {dagbag.py:588} INFO - Filling up the DagBag from /home/airflow/.local/lib/python3.12/site-packages/airflow/example_dags/example_bash_operator.py
[2024-12-07T17:28:42.202+0000] {processor.py:925} INFO - DAG(s) 'example_bash_operator' retrieved from /home/airflow/.local/lib/python3.12/site-packages/airflow/example_dags/example_bash_operator.py
[2024-12-07T17:28:42.261+0000] {logging_mixin.py:190} INFO - [2024-12-07T17:28:42.260+0000] {dag.py:3239} INFO - Sync 1 DAGs
[2024-12-07T17:28:42.303+0000] {logging_mixin.py:190} INFO - [2024-12-07T17:28:42.303+0000] {dag.py:4180} INFO - Setting next_dagrun for example_bash_operator to 2024-12-06 00:00:00+00:00, run_after=2024-12-07 00:00:00+00:00
[2024-12-07T17:28:42.335+0000] {processor.py:208} INFO - Processing /home/airflow/.local/lib/python3.12/site-packages/airflow/example_dags/example_bash_operator.py took 0.176 seconds
[2024-12-07T17:29:12.668+0000] {processor.py:186} INFO - Started process (PID=3777) to work on /home/airflow/.local/lib/python3.12/site-packages/airflow/example_dags/example_bash_operator.py
[2024-12-07T17:29:12.669+0000] {processor.py:914} INFO - Processing file /home/airflow/.local/lib/python3.12/site-packages/airflow/example_dags/example_bash_operator.py for tasks to queue
[2024-12-07T17:29:12.673+0000] {logging_mixin.py:190} INFO - [2024-12-07T17:29:12.672+0000] {dagbag.py:588} INFO - Filling up the DagBag from /home/airflow/.local/lib/python3.12/site-packages/airflow/example_dags/example_bash_operator.py
[2024-12-07T17:29:12.693+0000] {processor.py:925} INFO - DAG(s) 'example_bash_operator' retrieved from /home/airflow/.local/lib/python3.12/site-packages/airflow/example_dags/example_bash_operator.py
[2024-12-07T17:29:12.740+0000] {logging_mixin.py:190} INFO - [2024-12-07T17:29:12.740+0000] {dag.py:3239} INFO - Sync 1 DAGs
[2024-12-07T17:29:12.788+0000] {logging_mixin.py:190} INFO - [2024-12-07T17:29:12.787+0000] {dag.py:4180} INFO - Setting next_dagrun for example_bash_operator to 2024-12-06 00:00:00+00:00, run_after=2024-12-07 00:00:00+00:00
[2024-12-07T17:29:12.817+0000] {processor.py:208} INFO - Processing /home/airflow/.local/lib/python3.12/site-packages/airflow/example_dags/example_bash_operator.py took 0.161 seconds
[2024-12-07T17:29:43.113+0000] {processor.py:186} INFO - Started process (PID=4070) to work on /home/airflow/.local/lib/python3.12/site-packages/airflow/example_dags/example_bash_operator.py
[2024-12-07T17:29:43.115+0000] {processor.py:914} INFO - Processing file /home/airflow/.local/lib/python3.12/site-packages/airflow/example_dags/example_bash_operator.py for tasks to queue
[2024-12-07T17:29:43.118+0000] {logging_mixin.py:190} INFO - [2024-12-07T17:29:43.118+0000] {dagbag.py:588} INFO - Filling up the DagBag from /home/airflow/.local/lib/python3.12/site-packages/airflow/example_dags/example_bash_operator.py
[2024-12-07T17:29:43.143+0000] {processor.py:925} INFO - DAG(s) 'example_bash_operator' retrieved from /home/airflow/.local/lib/python3.12/site-packages/airflow/example_dags/example_bash_operator.py
[2024-12-07T17:29:43.196+0000] {logging_mixin.py:190} INFO - [2024-12-07T17:29:43.195+0000] {dag.py:3239} INFO - Sync 1 DAGs
[2024-12-07T17:29:43.261+0000] {logging_mixin.py:190} INFO - [2024-12-07T17:29:43.261+0000] {dag.py:4180} INFO - Setting next_dagrun for example_bash_operator to 2024-12-06 00:00:00+00:00, run_after=2024-12-07 00:00:00+00:00
[2024-12-07T17:29:43.311+0000] {processor.py:208} INFO - Processing /home/airflow/.local/lib/python3.12/site-packages/airflow/example_dags/example_bash_operator.py took 0.211 seconds
[2024-12-07T17:30:13.761+0000] {processor.py:186} INFO - Started process (PID=4361) to work on /home/airflow/.local/lib/python3.12/site-packages/airflow/example_dags/example_bash_operator.py
[2024-12-07T17:30:13.765+0000] {processor.py:914} INFO - Processing file /home/airflow/.local/lib/python3.12/site-packages/airflow/example_dags/example_bash_operator.py for tasks to queue
[2024-12-07T17:30:13.773+0000] {logging_mixin.py:190} INFO - [2024-12-07T17:30:13.772+0000] {dagbag.py:588} INFO - Filling up the DagBag from /home/airflow/.local/lib/python3.12/site-packages/airflow/example_dags/example_bash_operator.py
[2024-12-07T17:30:13.821+0000] {processor.py:925} INFO - DAG(s) 'example_bash_operator' retrieved from /home/airflow/.local/lib/python3.12/site-packages/airflow/example_dags/example_bash_operator.py
[2024-12-07T17:30:13.914+0000] {logging_mixin.py:190} INFO - [2024-12-07T17:30:13.914+0000] {dag.py:3239} INFO - Sync 1 DAGs
[2024-12-07T17:30:13.967+0000] {logging_mixin.py:190} INFO - [2024-12-07T17:30:13.966+0000] {dag.py:4180} INFO - Setting next_dagrun for example_bash_operator to 2024-12-06 00:00:00+00:00, run_after=2024-12-07 00:00:00+00:00
[2024-12-07T17:30:14.007+0000] {processor.py:208} INFO - Processing /home/airflow/.local/lib/python3.12/site-packages/airflow/example_dags/example_bash_operator.py took 0.262 seconds
[2024-12-07T17:30:44.539+0000] {processor.py:186} INFO - Started process (PID=4652) to work on /home/airflow/.local/lib/python3.12/site-packages/airflow/example_dags/example_bash_operator.py
[2024-12-07T17:30:44.540+0000] {processor.py:914} INFO - Processing file /home/airflow/.local/lib/python3.12/site-packages/airflow/example_dags/example_bash_operator.py for tasks to queue
[2024-12-07T17:30:44.543+0000] {logging_mixin.py:190} INFO - [2024-12-07T17:30:44.543+0000] {dagbag.py:588} INFO - Filling up the DagBag from /home/airflow/.local/lib/python3.12/site-packages/airflow/example_dags/example_bash_operator.py
[2024-12-07T17:30:44.566+0000] {processor.py:925} INFO - DAG(s) 'example_bash_operator' retrieved from /home/airflow/.local/lib/python3.12/site-packages/airflow/example_dags/example_bash_operator.py
[2024-12-07T17:30:44.619+0000] {logging_mixin.py:190} INFO - [2024-12-07T17:30:44.619+0000] {dag.py:3239} INFO - Sync 1 DAGs
[2024-12-07T17:30:44.686+0000] {logging_mixin.py:190} INFO - [2024-12-07T17:30:44.685+0000] {dag.py:4180} INFO - Setting next_dagrun for example_bash_operator to 2024-12-06 00:00:00+00:00, run_after=2024-12-07 00:00:00+00:00
[2024-12-07T17:30:44.724+0000] {processor.py:208} INFO - Processing /home/airflow/.local/lib/python3.12/site-packages/airflow/example_dags/example_bash_operator.py took 0.196 seconds
[2024-12-07T17:31:15.079+0000] {processor.py:186} INFO - Started process (PID=4942) to work on /home/airflow/.local/lib/python3.12/site-packages/airflow/example_dags/example_bash_operator.py
[2024-12-07T17:31:15.081+0000] {processor.py:914} INFO - Processing file /home/airflow/.local/lib/python3.12/site-packages/airflow/example_dags/example_bash_operator.py for tasks to queue
[2024-12-07T17:31:15.084+0000] {logging_mixin.py:190} INFO - [2024-12-07T17:31:15.083+0000] {dagbag.py:588} INFO - Filling up the DagBag from /home/airflow/.local/lib/python3.12/site-packages/airflow/example_dags/example_bash_operator.py
[2024-12-07T17:31:15.100+0000] {processor.py:925} INFO - DAG(s) 'example_bash_operator' retrieved from /home/airflow/.local/lib/python3.12/site-packages/airflow/example_dags/example_bash_operator.py
[2024-12-07T17:31:15.133+0000] {logging_mixin.py:190} INFO - [2024-12-07T17:31:15.133+0000] {dag.py:3239} INFO - Sync 1 DAGs
[2024-12-07T17:31:15.169+0000] {logging_mixin.py:190} INFO - [2024-12-07T17:31:15.169+0000] {dag.py:4180} INFO - Setting next_dagrun for example_bash_operator to 2024-12-06 00:00:00+00:00, run_after=2024-12-07 00:00:00+00:00
[2024-12-07T17:31:15.197+0000] {processor.py:208} INFO - Processing /home/airflow/.local/lib/python3.12/site-packages/airflow/example_dags/example_bash_operator.py took 0.125 seconds
[2024-12-07T17:31:45.340+0000] {processor.py:186} INFO - Started process (PID=5231) to work on /home/airflow/.local/lib/python3.12/site-packages/airflow/example_dags/example_bash_operator.py
[2024-12-07T17:31:45.341+0000] {processor.py:914} INFO - Processing file /home/airflow/.local/lib/python3.12/site-packages/airflow/example_dags/example_bash_operator.py for tasks to queue
[2024-12-07T17:31:45.345+0000] {logging_mixin.py:190} INFO - [2024-12-07T17:31:45.344+0000] {dagbag.py:588} INFO - Filling up the DagBag from /home/airflow/.local/lib/python3.12/site-packages/airflow/example_dags/example_bash_operator.py
[2024-12-07T17:31:45.365+0000] {processor.py:925} INFO - DAG(s) 'example_bash_operator' retrieved from /home/airflow/.local/lib/python3.12/site-packages/airflow/example_dags/example_bash_operator.py
[2024-12-07T17:31:45.412+0000] {logging_mixin.py:190} INFO - [2024-12-07T17:31:45.411+0000] {dag.py:3239} INFO - Sync 1 DAGs
[2024-12-07T17:31:45.477+0000] {logging_mixin.py:190} INFO - [2024-12-07T17:31:45.477+0000] {dag.py:4180} INFO - Setting next_dagrun for example_bash_operator to 2024-12-06 00:00:00+00:00, run_after=2024-12-07 00:00:00+00:00
[2024-12-07T17:31:45.552+0000] {processor.py:208} INFO - Processing /home/airflow/.local/lib/python3.12/site-packages/airflow/example_dags/example_bash_operator.py took 0.220 seconds
[2024-12-07T17:32:15.766+0000] {processor.py:186} INFO - Started process (PID=5517) to work on /home/airflow/.local/lib/python3.12/site-packages/airflow/example_dags/example_bash_operator.py
[2024-12-07T17:32:15.768+0000] {processor.py:914} INFO - Processing file /home/airflow/.local/lib/python3.12/site-packages/airflow/example_dags/example_bash_operator.py for tasks to queue
[2024-12-07T17:32:15.772+0000] {logging_mixin.py:190} INFO - [2024-12-07T17:32:15.772+0000] {dagbag.py:588} INFO - Filling up the DagBag from /home/airflow/.local/lib/python3.12/site-packages/airflow/example_dags/example_bash_operator.py
[2024-12-07T17:32:15.799+0000] {processor.py:925} INFO - DAG(s) 'example_bash_operator' retrieved from /home/airflow/.local/lib/python3.12/site-packages/airflow/example_dags/example_bash_operator.py
[2024-12-07T17:32:15.848+0000] {logging_mixin.py:190} INFO - [2024-12-07T17:32:15.848+0000] {dag.py:3239} INFO - Sync 1 DAGs
[2024-12-07T17:32:15.896+0000] {logging_mixin.py:190} INFO - [2024-12-07T17:32:15.895+0000] {dag.py:4180} INFO - Setting next_dagrun for example_bash_operator to 2024-12-06 00:00:00+00:00, run_after=2024-12-07 00:00:00+00:00
[2024-12-07T17:32:15.926+0000] {processor.py:208} INFO - Processing /home/airflow/.local/lib/python3.12/site-packages/airflow/example_dags/example_bash_operator.py took 0.171 seconds
[2024-12-07T17:32:46.580+0000] {processor.py:186} INFO - Started process (PID=5804) to work on /home/airflow/.local/lib/python3.12/site-packages/airflow/example_dags/example_bash_operator.py
[2024-12-07T17:32:46.581+0000] {processor.py:914} INFO - Processing file /home/airflow/.local/lib/python3.12/site-packages/airflow/example_dags/example_bash_operator.py for tasks to queue
[2024-12-07T17:32:46.585+0000] {logging_mixin.py:190} INFO - [2024-12-07T17:32:46.584+0000] {dagbag.py:588} INFO - Filling up the DagBag from /home/airflow/.local/lib/python3.12/site-packages/airflow/example_dags/example_bash_operator.py
[2024-12-07T17:32:46.610+0000] {processor.py:925} INFO - DAG(s) 'example_bash_operator' retrieved from /home/airflow/.local/lib/python3.12/site-packages/airflow/example_dags/example_bash_operator.py
[2024-12-07T17:32:46.652+0000] {logging_mixin.py:190} INFO - [2024-12-07T17:32:46.651+0000] {dag.py:3239} INFO - Sync 1 DAGs
[2024-12-07T17:32:46.690+0000] {logging_mixin.py:190} INFO - [2024-12-07T17:32:46.690+0000] {dag.py:4180} INFO - Setting next_dagrun for example_bash_operator to 2024-12-06 00:00:00+00:00, run_after=2024-12-07 00:00:00+00:00
[2024-12-07T17:32:46.721+0000] {processor.py:208} INFO - Processing /home/airflow/.local/lib/python3.12/site-packages/airflow/example_dags/example_bash_operator.py took 0.150 seconds
[2024-12-07T17:33:16.771+0000] {processor.py:186} INFO - Started process (PID=6094) to work on /home/airflow/.local/lib/python3.12/site-packages/airflow/example_dags/example_bash_operator.py
[2024-12-07T17:33:16.772+0000] {processor.py:914} INFO - Processing file /home/airflow/.local/lib/python3.12/site-packages/airflow/example_dags/example_bash_operator.py for tasks to queue
[2024-12-07T17:33:16.775+0000] {logging_mixin.py:190} INFO - [2024-12-07T17:33:16.775+0000] {dagbag.py:588} INFO - Filling up the DagBag from /home/airflow/.local/lib/python3.12/site-packages/airflow/example_dags/example_bash_operator.py
[2024-12-07T17:33:16.791+0000] {processor.py:925} INFO - DAG(s) 'example_bash_operator' retrieved from /home/airflow/.local/lib/python3.12/site-packages/airflow/example_dags/example_bash_operator.py
[2024-12-07T17:33:16.824+0000] {logging_mixin.py:190} INFO - [2024-12-07T17:33:16.824+0000] {dag.py:3239} INFO - Sync 1 DAGs
[2024-12-07T17:33:16.853+0000] {logging_mixin.py:190} INFO - [2024-12-07T17:33:16.853+0000] {dag.py:4180} INFO - Setting next_dagrun for example_bash_operator to 2024-12-06 00:00:00+00:00, run_after=2024-12-07 00:00:00+00:00
[2024-12-07T17:33:16.876+0000] {processor.py:208} INFO - Processing /home/airflow/.local/lib/python3.12/site-packages/airflow/example_dags/example_bash_operator.py took 0.113 seconds
[2024-12-07T17:33:47.418+0000] {processor.py:186} INFO - Started process (PID=6383) to work on /home/airflow/.local/lib/python3.12/site-packages/airflow/example_dags/example_bash_operator.py
[2024-12-07T17:33:47.419+0000] {processor.py:914} INFO - Processing file /home/airflow/.local/lib/python3.12/site-packages/airflow/example_dags/example_bash_operator.py for tasks to queue
[2024-12-07T17:33:47.422+0000] {logging_mixin.py:190} INFO - [2024-12-07T17:33:47.422+0000] {dagbag.py:588} INFO - Filling up the DagBag from /home/airflow/.local/lib/python3.12/site-packages/airflow/example_dags/example_bash_operator.py
[2024-12-07T17:33:47.438+0000] {processor.py:925} INFO - DAG(s) 'example_bash_operator' retrieved from /home/airflow/.local/lib/python3.12/site-packages/airflow/example_dags/example_bash_operator.py
[2024-12-07T17:33:47.472+0000] {logging_mixin.py:190} INFO - [2024-12-07T17:33:47.471+0000] {dag.py:3239} INFO - Sync 1 DAGs
[2024-12-07T17:33:47.504+0000] {logging_mixin.py:190} INFO - [2024-12-07T17:33:47.503+0000] {dag.py:4180} INFO - Setting next_dagrun for example_bash_operator to 2024-12-06 00:00:00+00:00, run_after=2024-12-07 00:00:00+00:00
[2024-12-07T17:33:47.667+0000] {processor.py:208} INFO - Processing /home/airflow/.local/lib/python3.12/site-packages/airflow/example_dags/example_bash_operator.py took 0.257 seconds
[2024-12-07T17:34:18.589+0000] {processor.py:186} INFO - Started process (PID=6674) to work on /home/airflow/.local/lib/python3.12/site-packages/airflow/example_dags/example_bash_operator.py
[2024-12-07T17:34:18.590+0000] {processor.py:914} INFO - Processing file /home/airflow/.local/lib/python3.12/site-packages/airflow/example_dags/example_bash_operator.py for tasks to queue
[2024-12-07T17:34:18.593+0000] {logging_mixin.py:190} INFO - [2024-12-07T17:34:18.593+0000] {dagbag.py:588} INFO - Filling up the DagBag from /home/airflow/.local/lib/python3.12/site-packages/airflow/example_dags/example_bash_operator.py
[2024-12-07T17:34:18.617+0000] {processor.py:925} INFO - DAG(s) 'example_bash_operator' retrieved from /home/airflow/.local/lib/python3.12/site-packages/airflow/example_dags/example_bash_operator.py
[2024-12-07T17:34:18.660+0000] {logging_mixin.py:190} INFO - [2024-12-07T17:34:18.660+0000] {dag.py:3239} INFO - Sync 1 DAGs
[2024-12-07T17:34:18.702+0000] {logging_mixin.py:190} INFO - [2024-12-07T17:34:18.702+0000] {dag.py:4180} INFO - Setting next_dagrun for example_bash_operator to 2024-12-06 00:00:00+00:00, run_after=2024-12-07 00:00:00+00:00
[2024-12-07T17:34:18.734+0000] {processor.py:208} INFO - Processing /home/airflow/.local/lib/python3.12/site-packages/airflow/example_dags/example_bash_operator.py took 0.157 seconds
[2024-12-07T17:34:48.999+0000] {processor.py:186} INFO - Started process (PID=6967) to work on /home/airflow/.local/lib/python3.12/site-packages/airflow/example_dags/example_bash_operator.py
[2024-12-07T17:34:49.000+0000] {processor.py:914} INFO - Processing file /home/airflow/.local/lib/python3.12/site-packages/airflow/example_dags/example_bash_operator.py for tasks to queue
[2024-12-07T17:34:49.003+0000] {logging_mixin.py:190} INFO - [2024-12-07T17:34:49.003+0000] {dagbag.py:588} INFO - Filling up the DagBag from /home/airflow/.local/lib/python3.12/site-packages/airflow/example_dags/example_bash_operator.py
[2024-12-07T17:34:49.019+0000] {processor.py:925} INFO - DAG(s) 'example_bash_operator' retrieved from /home/airflow/.local/lib/python3.12/site-packages/airflow/example_dags/example_bash_operator.py
[2024-12-07T17:34:49.060+0000] {logging_mixin.py:190} INFO - [2024-12-07T17:34:49.059+0000] {dag.py:3239} INFO - Sync 1 DAGs
[2024-12-07T17:34:49.090+0000] {logging_mixin.py:190} INFO - [2024-12-07T17:34:49.089+0000] {dag.py:4180} INFO - Setting next_dagrun for example_bash_operator to 2024-12-06 00:00:00+00:00, run_after=2024-12-07 00:00:00+00:00
[2024-12-07T17:34:49.116+0000] {processor.py:208} INFO - Processing /home/airflow/.local/lib/python3.12/site-packages/airflow/example_dags/example_bash_operator.py took 0.126 seconds
[2024-12-07T17:35:19.996+0000] {processor.py:186} INFO - Started process (PID=7264) to work on /home/airflow/.local/lib/python3.12/site-packages/airflow/example_dags/example_bash_operator.py
[2024-12-07T17:35:19.999+0000] {processor.py:914} INFO - Processing file /home/airflow/.local/lib/python3.12/site-packages/airflow/example_dags/example_bash_operator.py for tasks to queue
[2024-12-07T17:35:20.003+0000] {logging_mixin.py:190} INFO - [2024-12-07T17:35:20.002+0000] {dagbag.py:588} INFO - Filling up the DagBag from /home/airflow/.local/lib/python3.12/site-packages/airflow/example_dags/example_bash_operator.py
[2024-12-07T17:35:20.043+0000] {processor.py:925} INFO - DAG(s) 'example_bash_operator' retrieved from /home/airflow/.local/lib/python3.12/site-packages/airflow/example_dags/example_bash_operator.py
[2024-12-07T17:35:20.112+0000] {logging_mixin.py:190} INFO - [2024-12-07T17:35:20.112+0000] {dag.py:3239} INFO - Sync 1 DAGs
[2024-12-07T17:35:20.160+0000] {logging_mixin.py:190} INFO - [2024-12-07T17:35:20.160+0000] {dag.py:4180} INFO - Setting next_dagrun for example_bash_operator to 2024-12-06 00:00:00+00:00, run_after=2024-12-07 00:00:00+00:00
[2024-12-07T17:35:20.210+0000] {processor.py:208} INFO - Processing /home/airflow/.local/lib/python3.12/site-packages/airflow/example_dags/example_bash_operator.py took 0.232 seconds
[2024-12-07T17:35:50.815+0000] {processor.py:186} INFO - Started process (PID=7555) to work on /home/airflow/.local/lib/python3.12/site-packages/airflow/example_dags/example_bash_operator.py
[2024-12-07T17:35:50.817+0000] {processor.py:914} INFO - Processing file /home/airflow/.local/lib/python3.12/site-packages/airflow/example_dags/example_bash_operator.py for tasks to queue
[2024-12-07T17:35:50.821+0000] {logging_mixin.py:190} INFO - [2024-12-07T17:35:50.821+0000] {dagbag.py:588} INFO - Filling up the DagBag from /home/airflow/.local/lib/python3.12/site-packages/airflow/example_dags/example_bash_operator.py
[2024-12-07T17:35:50.844+0000] {processor.py:925} INFO - DAG(s) 'example_bash_operator' retrieved from /home/airflow/.local/lib/python3.12/site-packages/airflow/example_dags/example_bash_operator.py
[2024-12-07T17:35:50.900+0000] {logging_mixin.py:190} INFO - [2024-12-07T17:35:50.899+0000] {dag.py:3239} INFO - Sync 1 DAGs
[2024-12-07T17:35:50.962+0000] {logging_mixin.py:190} INFO - [2024-12-07T17:35:50.961+0000] {dag.py:4180} INFO - Setting next_dagrun for example_bash_operator to 2024-12-06 00:00:00+00:00, run_after=2024-12-07 00:00:00+00:00
[2024-12-07T17:35:51.004+0000] {processor.py:208} INFO - Processing /home/airflow/.local/lib/python3.12/site-packages/airflow/example_dags/example_bash_operator.py took 0.202 seconds
[2024-12-07T17:36:21.229+0000] {processor.py:186} INFO - Started process (PID=7846) to work on /home/airflow/.local/lib/python3.12/site-packages/airflow/example_dags/example_bash_operator.py
[2024-12-07T17:36:21.230+0000] {processor.py:914} INFO - Processing file /home/airflow/.local/lib/python3.12/site-packages/airflow/example_dags/example_bash_operator.py for tasks to queue
[2024-12-07T17:36:21.234+0000] {logging_mixin.py:190} INFO - [2024-12-07T17:36:21.234+0000] {dagbag.py:588} INFO - Filling up the DagBag from /home/airflow/.local/lib/python3.12/site-packages/airflow/example_dags/example_bash_operator.py
[2024-12-07T17:36:21.256+0000] {processor.py:925} INFO - DAG(s) 'example_bash_operator' retrieved from /home/airflow/.local/lib/python3.12/site-packages/airflow/example_dags/example_bash_operator.py
[2024-12-07T17:36:21.305+0000] {logging_mixin.py:190} INFO - [2024-12-07T17:36:21.304+0000] {dag.py:3239} INFO - Sync 1 DAGs
[2024-12-07T17:36:21.341+0000] {logging_mixin.py:190} INFO - [2024-12-07T17:36:21.341+0000] {dag.py:4180} INFO - Setting next_dagrun for example_bash_operator to 2024-12-06 00:00:00+00:00, run_after=2024-12-07 00:00:00+00:00
[2024-12-07T17:36:21.371+0000] {processor.py:208} INFO - Processing /home/airflow/.local/lib/python3.12/site-packages/airflow/example_dags/example_bash_operator.py took 0.150 seconds
[2024-12-07T17:36:56.849+0000] {processor.py:186} INFO - Started process (PID=8137) to work on /home/airflow/.local/lib/python3.12/site-packages/airflow/example_dags/example_bash_operator.py
[2024-12-07T17:36:56.851+0000] {processor.py:914} INFO - Processing file /home/airflow/.local/lib/python3.12/site-packages/airflow/example_dags/example_bash_operator.py for tasks to queue
[2024-12-07T17:36:56.856+0000] {logging_mixin.py:190} INFO - [2024-12-07T17:36:56.855+0000] {dagbag.py:588} INFO - Filling up the DagBag from /home/airflow/.local/lib/python3.12/site-packages/airflow/example_dags/example_bash_operator.py
[2024-12-07T17:36:56.884+0000] {processor.py:925} INFO - DAG(s) 'example_bash_operator' retrieved from /home/airflow/.local/lib/python3.12/site-packages/airflow/example_dags/example_bash_operator.py
[2024-12-07T17:36:56.961+0000] {logging_mixin.py:190} INFO - [2024-12-07T17:36:56.960+0000] {dag.py:3239} INFO - Sync 1 DAGs
[2024-12-07T17:36:57.014+0000] {logging_mixin.py:190} INFO - [2024-12-07T17:36:57.013+0000] {dag.py:4180} INFO - Setting next_dagrun for example_bash_operator to 2024-12-06 00:00:00+00:00, run_after=2024-12-07 00:00:00+00:00
[2024-12-07T17:36:57.066+0000] {processor.py:208} INFO - Processing /home/airflow/.local/lib/python3.12/site-packages/airflow/example_dags/example_bash_operator.py took 0.230 seconds
[2024-12-07T17:37:27.687+0000] {processor.py:186} INFO - Started process (PID=8428) to work on /home/airflow/.local/lib/python3.12/site-packages/airflow/example_dags/example_bash_operator.py
[2024-12-07T17:37:27.693+0000] {processor.py:914} INFO - Processing file /home/airflow/.local/lib/python3.12/site-packages/airflow/example_dags/example_bash_operator.py for tasks to queue
[2024-12-07T17:37:27.701+0000] {logging_mixin.py:190} INFO - [2024-12-07T17:37:27.700+0000] {dagbag.py:588} INFO - Filling up the DagBag from /home/airflow/.local/lib/python3.12/site-packages/airflow/example_dags/example_bash_operator.py
[2024-12-07T17:37:27.736+0000] {processor.py:925} INFO - DAG(s) 'example_bash_operator' retrieved from /home/airflow/.local/lib/python3.12/site-packages/airflow/example_dags/example_bash_operator.py
[2024-12-07T17:37:27.811+0000] {logging_mixin.py:190} INFO - [2024-12-07T17:37:27.810+0000] {dag.py:3239} INFO - Sync 1 DAGs
[2024-12-07T17:37:27.876+0000] {logging_mixin.py:190} INFO - [2024-12-07T17:37:27.875+0000] {dag.py:4180} INFO - Setting next_dagrun for example_bash_operator to 2024-12-06 00:00:00+00:00, run_after=2024-12-07 00:00:00+00:00
[2024-12-07T17:37:27.928+0000] {processor.py:208} INFO - Processing /home/airflow/.local/lib/python3.12/site-packages/airflow/example_dags/example_bash_operator.py took 0.254 seconds
[2024-12-07T17:37:58.688+0000] {processor.py:186} INFO - Started process (PID=8714) to work on /home/airflow/.local/lib/python3.12/site-packages/airflow/example_dags/example_bash_operator.py
[2024-12-07T17:37:58.690+0000] {processor.py:914} INFO - Processing file /home/airflow/.local/lib/python3.12/site-packages/airflow/example_dags/example_bash_operator.py for tasks to queue
[2024-12-07T17:37:58.695+0000] {logging_mixin.py:190} INFO - [2024-12-07T17:37:58.694+0000] {dagbag.py:588} INFO - Filling up the DagBag from /home/airflow/.local/lib/python3.12/site-packages/airflow/example_dags/example_bash_operator.py
[2024-12-07T17:37:58.745+0000] {processor.py:925} INFO - DAG(s) 'example_bash_operator' retrieved from /home/airflow/.local/lib/python3.12/site-packages/airflow/example_dags/example_bash_operator.py
[2024-12-07T17:37:58.837+0000] {logging_mixin.py:190} INFO - [2024-12-07T17:37:58.837+0000] {dag.py:3239} INFO - Sync 1 DAGs
[2024-12-07T17:37:58.901+0000] {logging_mixin.py:190} INFO - [2024-12-07T17:37:58.901+0000] {dag.py:4180} INFO - Setting next_dagrun for example_bash_operator to 2024-12-06 00:00:00+00:00, run_after=2024-12-07 00:00:00+00:00
[2024-12-07T17:37:58.958+0000] {processor.py:208} INFO - Processing /home/airflow/.local/lib/python3.12/site-packages/airflow/example_dags/example_bash_operator.py took 0.283 seconds
[2024-12-07T17:38:30.055+0000] {processor.py:186} INFO - Started process (PID=9005) to work on /home/airflow/.local/lib/python3.12/site-packages/airflow/example_dags/example_bash_operator.py
[2024-12-07T17:38:30.057+0000] {processor.py:914} INFO - Processing file /home/airflow/.local/lib/python3.12/site-packages/airflow/example_dags/example_bash_operator.py for tasks to queue
[2024-12-07T17:38:30.071+0000] {logging_mixin.py:190} INFO - [2024-12-07T17:38:30.070+0000] {dagbag.py:588} INFO - Filling up the DagBag from /home/airflow/.local/lib/python3.12/site-packages/airflow/example_dags/example_bash_operator.py
[2024-12-07T17:38:30.144+0000] {processor.py:925} INFO - DAG(s) 'example_bash_operator' retrieved from /home/airflow/.local/lib/python3.12/site-packages/airflow/example_dags/example_bash_operator.py
[2024-12-07T17:38:30.230+0000] {logging_mixin.py:190} INFO - [2024-12-07T17:38:30.229+0000] {dag.py:3239} INFO - Sync 1 DAGs
[2024-12-07T17:38:30.328+0000] {logging_mixin.py:190} INFO - [2024-12-07T17:38:30.328+0000] {dag.py:4180} INFO - Setting next_dagrun for example_bash_operator to 2024-12-06 00:00:00+00:00, run_after=2024-12-07 00:00:00+00:00
[2024-12-07T17:38:30.416+0000] {processor.py:208} INFO - Processing /home/airflow/.local/lib/python3.12/site-packages/airflow/example_dags/example_bash_operator.py took 0.382 seconds
[2024-12-07T17:39:00.816+0000] {processor.py:186} INFO - Started process (PID=9291) to work on /home/airflow/.local/lib/python3.12/site-packages/airflow/example_dags/example_bash_operator.py
[2024-12-07T17:39:00.818+0000] {processor.py:914} INFO - Processing file /home/airflow/.local/lib/python3.12/site-packages/airflow/example_dags/example_bash_operator.py for tasks to queue
[2024-12-07T17:39:00.822+0000] {logging_mixin.py:190} INFO - [2024-12-07T17:39:00.822+0000] {dagbag.py:588} INFO - Filling up the DagBag from /home/airflow/.local/lib/python3.12/site-packages/airflow/example_dags/example_bash_operator.py
[2024-12-07T17:39:00.851+0000] {processor.py:925} INFO - DAG(s) 'example_bash_operator' retrieved from /home/airflow/.local/lib/python3.12/site-packages/airflow/example_dags/example_bash_operator.py
[2024-12-07T17:39:00.898+0000] {logging_mixin.py:190} INFO - [2024-12-07T17:39:00.898+0000] {dag.py:3239} INFO - Sync 1 DAGs
[2024-12-07T17:39:00.939+0000] {logging_mixin.py:190} INFO - [2024-12-07T17:39:00.938+0000] {dag.py:4180} INFO - Setting next_dagrun for example_bash_operator to 2024-12-06 00:00:00+00:00, run_after=2024-12-07 00:00:00+00:00
[2024-12-07T17:39:00.971+0000] {processor.py:208} INFO - Processing /home/airflow/.local/lib/python3.12/site-packages/airflow/example_dags/example_bash_operator.py took 0.168 seconds
[2024-12-07T17:39:31.684+0000] {processor.py:186} INFO - Started process (PID=9583) to work on /home/airflow/.local/lib/python3.12/site-packages/airflow/example_dags/example_bash_operator.py
[2024-12-07T17:39:31.685+0000] {processor.py:914} INFO - Processing file /home/airflow/.local/lib/python3.12/site-packages/airflow/example_dags/example_bash_operator.py for tasks to queue
[2024-12-07T17:39:31.689+0000] {logging_mixin.py:190} INFO - [2024-12-07T17:39:31.688+0000] {dagbag.py:588} INFO - Filling up the DagBag from /home/airflow/.local/lib/python3.12/site-packages/airflow/example_dags/example_bash_operator.py
[2024-12-07T17:39:31.714+0000] {processor.py:925} INFO - DAG(s) 'example_bash_operator' retrieved from /home/airflow/.local/lib/python3.12/site-packages/airflow/example_dags/example_bash_operator.py
[2024-12-07T17:39:31.754+0000] {logging_mixin.py:190} INFO - [2024-12-07T17:39:31.753+0000] {dag.py:3239} INFO - Sync 1 DAGs
[2024-12-07T17:39:31.800+0000] {logging_mixin.py:190} INFO - [2024-12-07T17:39:31.800+0000] {dag.py:4180} INFO - Setting next_dagrun for example_bash_operator to 2024-12-06 00:00:00+00:00, run_after=2024-12-07 00:00:00+00:00
[2024-12-07T17:39:31.843+0000] {processor.py:208} INFO - Processing /home/airflow/.local/lib/python3.12/site-packages/airflow/example_dags/example_bash_operator.py took 0.166 seconds
[2024-12-07T17:40:02.599+0000] {processor.py:186} INFO - Started process (PID=9874) to work on /home/airflow/.local/lib/python3.12/site-packages/airflow/example_dags/example_bash_operator.py
[2024-12-07T17:40:02.602+0000] {processor.py:914} INFO - Processing file /home/airflow/.local/lib/python3.12/site-packages/airflow/example_dags/example_bash_operator.py for tasks to queue
[2024-12-07T17:40:02.615+0000] {logging_mixin.py:190} INFO - [2024-12-07T17:40:02.607+0000] {dagbag.py:588} INFO - Filling up the DagBag from /home/airflow/.local/lib/python3.12/site-packages/airflow/example_dags/example_bash_operator.py
[2024-12-07T17:40:02.680+0000] {processor.py:925} INFO - DAG(s) 'example_bash_operator' retrieved from /home/airflow/.local/lib/python3.12/site-packages/airflow/example_dags/example_bash_operator.py
[2024-12-07T17:40:02.816+0000] {logging_mixin.py:190} INFO - [2024-12-07T17:40:02.815+0000] {dag.py:3239} INFO - Sync 1 DAGs
[2024-12-07T17:40:02.909+0000] {logging_mixin.py:190} INFO - [2024-12-07T17:40:02.909+0000] {dag.py:4180} INFO - Setting next_dagrun for example_bash_operator to 2024-12-06 00:00:00+00:00, run_after=2024-12-07 00:00:00+00:00
[2024-12-07T17:40:02.991+0000] {processor.py:208} INFO - Processing /home/airflow/.local/lib/python3.12/site-packages/airflow/example_dags/example_bash_operator.py took 0.418 seconds
[2024-12-07T17:40:34.583+0000] {processor.py:186} INFO - Started process (PID=10165) to work on /home/airflow/.local/lib/python3.12/site-packages/airflow/example_dags/example_bash_operator.py
[2024-12-07T17:40:34.598+0000] {processor.py:914} INFO - Processing file /home/airflow/.local/lib/python3.12/site-packages/airflow/example_dags/example_bash_operator.py for tasks to queue
[2024-12-07T17:40:34.615+0000] {logging_mixin.py:190} INFO - [2024-12-07T17:40:34.613+0000] {dagbag.py:588} INFO - Filling up the DagBag from /home/airflow/.local/lib/python3.12/site-packages/airflow/example_dags/example_bash_operator.py
[2024-12-07T17:40:34.702+0000] {processor.py:925} INFO - DAG(s) 'example_bash_operator' retrieved from /home/airflow/.local/lib/python3.12/site-packages/airflow/example_dags/example_bash_operator.py
[2024-12-07T17:40:34.781+0000] {logging_mixin.py:190} INFO - [2024-12-07T17:40:34.781+0000] {dag.py:3239} INFO - Sync 1 DAGs
[2024-12-07T17:40:34.920+0000] {logging_mixin.py:190} INFO - [2024-12-07T17:40:34.919+0000] {dag.py:4180} INFO - Setting next_dagrun for example_bash_operator to 2024-12-06 00:00:00+00:00, run_after=2024-12-07 00:00:00+00:00
[2024-12-07T17:40:35.024+0000] {processor.py:208} INFO - Processing /home/airflow/.local/lib/python3.12/site-packages/airflow/example_dags/example_bash_operator.py took 0.466 seconds
[2024-12-07T17:41:05.343+0000] {processor.py:186} INFO - Started process (PID=10456) to work on /home/airflow/.local/lib/python3.12/site-packages/airflow/example_dags/example_bash_operator.py
[2024-12-07T17:41:05.347+0000] {processor.py:914} INFO - Processing file /home/airflow/.local/lib/python3.12/site-packages/airflow/example_dags/example_bash_operator.py for tasks to queue
[2024-12-07T17:41:05.351+0000] {logging_mixin.py:190} INFO - [2024-12-07T17:41:05.351+0000] {dagbag.py:588} INFO - Filling up the DagBag from /home/airflow/.local/lib/python3.12/site-packages/airflow/example_dags/example_bash_operator.py
[2024-12-07T17:41:05.371+0000] {processor.py:925} INFO - DAG(s) 'example_bash_operator' retrieved from /home/airflow/.local/lib/python3.12/site-packages/airflow/example_dags/example_bash_operator.py
[2024-12-07T17:41:05.412+0000] {logging_mixin.py:190} INFO - [2024-12-07T17:41:05.411+0000] {dag.py:3239} INFO - Sync 1 DAGs
[2024-12-07T17:41:05.452+0000] {logging_mixin.py:190} INFO - [2024-12-07T17:41:05.452+0000] {dag.py:4180} INFO - Setting next_dagrun for example_bash_operator to 2024-12-06 00:00:00+00:00, run_after=2024-12-07 00:00:00+00:00
[2024-12-07T17:41:05.483+0000] {processor.py:208} INFO - Processing /home/airflow/.local/lib/python3.12/site-packages/airflow/example_dags/example_bash_operator.py took 0.153 seconds
[2024-12-07T17:41:36.382+0000] {processor.py:186} INFO - Started process (PID=10748) to work on /home/airflow/.local/lib/python3.12/site-packages/airflow/example_dags/example_bash_operator.py
[2024-12-07T17:41:36.383+0000] {processor.py:914} INFO - Processing file /home/airflow/.local/lib/python3.12/site-packages/airflow/example_dags/example_bash_operator.py for tasks to queue
[2024-12-07T17:41:36.387+0000] {logging_mixin.py:190} INFO - [2024-12-07T17:41:36.387+0000] {dagbag.py:588} INFO - Filling up the DagBag from /home/airflow/.local/lib/python3.12/site-packages/airflow/example_dags/example_bash_operator.py
[2024-12-07T17:41:36.411+0000] {processor.py:925} INFO - DAG(s) 'example_bash_operator' retrieved from /home/airflow/.local/lib/python3.12/site-packages/airflow/example_dags/example_bash_operator.py
[2024-12-07T17:41:36.458+0000] {logging_mixin.py:190} INFO - [2024-12-07T17:41:36.457+0000] {dag.py:3239} INFO - Sync 1 DAGs
[2024-12-07T17:41:36.524+0000] {logging_mixin.py:190} INFO - [2024-12-07T17:41:36.523+0000] {dag.py:4180} INFO - Setting next_dagrun for example_bash_operator to 2024-12-06 00:00:00+00:00, run_after=2024-12-07 00:00:00+00:00
[2024-12-07T17:41:36.563+0000] {processor.py:208} INFO - Processing /home/airflow/.local/lib/python3.12/site-packages/airflow/example_dags/example_bash_operator.py took 0.190 seconds
[2024-12-07T17:42:06.953+0000] {processor.py:186} INFO - Started process (PID=11040) to work on /home/airflow/.local/lib/python3.12/site-packages/airflow/example_dags/example_bash_operator.py
[2024-12-07T17:42:06.955+0000] {processor.py:914} INFO - Processing file /home/airflow/.local/lib/python3.12/site-packages/airflow/example_dags/example_bash_operator.py for tasks to queue
[2024-12-07T17:42:06.959+0000] {logging_mixin.py:190} INFO - [2024-12-07T17:42:06.959+0000] {dagbag.py:588} INFO - Filling up the DagBag from /home/airflow/.local/lib/python3.12/site-packages/airflow/example_dags/example_bash_operator.py
[2024-12-07T17:42:07.000+0000] {processor.py:925} INFO - DAG(s) 'example_bash_operator' retrieved from /home/airflow/.local/lib/python3.12/site-packages/airflow/example_dags/example_bash_operator.py
[2024-12-07T17:42:07.073+0000] {logging_mixin.py:190} INFO - [2024-12-07T17:42:07.072+0000] {dag.py:3239} INFO - Sync 1 DAGs
[2024-12-07T17:42:07.112+0000] {logging_mixin.py:190} INFO - [2024-12-07T17:42:07.111+0000] {dag.py:4180} INFO - Setting next_dagrun for example_bash_operator to 2024-12-06 00:00:00+00:00, run_after=2024-12-07 00:00:00+00:00
[2024-12-07T17:42:07.162+0000] {processor.py:208} INFO - Processing /home/airflow/.local/lib/python3.12/site-packages/airflow/example_dags/example_bash_operator.py took 0.220 seconds
[2024-12-07T17:42:37.466+0000] {processor.py:186} INFO - Started process (PID=11326) to work on /home/airflow/.local/lib/python3.12/site-packages/airflow/example_dags/example_bash_operator.py
[2024-12-07T17:42:37.468+0000] {processor.py:914} INFO - Processing file /home/airflow/.local/lib/python3.12/site-packages/airflow/example_dags/example_bash_operator.py for tasks to queue
[2024-12-07T17:42:37.476+0000] {logging_mixin.py:190} INFO - [2024-12-07T17:42:37.475+0000] {dagbag.py:588} INFO - Filling up the DagBag from /home/airflow/.local/lib/python3.12/site-packages/airflow/example_dags/example_bash_operator.py
[2024-12-07T17:42:37.509+0000] {processor.py:925} INFO - DAG(s) 'example_bash_operator' retrieved from /home/airflow/.local/lib/python3.12/site-packages/airflow/example_dags/example_bash_operator.py
[2024-12-07T17:42:37.563+0000] {logging_mixin.py:190} INFO - [2024-12-07T17:42:37.562+0000] {dag.py:3239} INFO - Sync 1 DAGs
[2024-12-07T17:42:37.599+0000] {logging_mixin.py:190} INFO - [2024-12-07T17:42:37.599+0000] {dag.py:4180} INFO - Setting next_dagrun for example_bash_operator to 2024-12-06 00:00:00+00:00, run_after=2024-12-07 00:00:00+00:00
[2024-12-07T17:42:37.832+0000] {processor.py:208} INFO - Processing /home/airflow/.local/lib/python3.12/site-packages/airflow/example_dags/example_bash_operator.py took 0.377 seconds
[2024-12-07T17:43:08.552+0000] {processor.py:186} INFO - Started process (PID=11618) to work on /home/airflow/.local/lib/python3.12/site-packages/airflow/example_dags/example_bash_operator.py
[2024-12-07T17:43:08.554+0000] {processor.py:914} INFO - Processing file /home/airflow/.local/lib/python3.12/site-packages/airflow/example_dags/example_bash_operator.py for tasks to queue
[2024-12-07T17:43:08.559+0000] {logging_mixin.py:190} INFO - [2024-12-07T17:43:08.558+0000] {dagbag.py:588} INFO - Filling up the DagBag from /home/airflow/.local/lib/python3.12/site-packages/airflow/example_dags/example_bash_operator.py
[2024-12-07T17:43:08.591+0000] {processor.py:925} INFO - DAG(s) 'example_bash_operator' retrieved from /home/airflow/.local/lib/python3.12/site-packages/airflow/example_dags/example_bash_operator.py
[2024-12-07T17:43:08.654+0000] {logging_mixin.py:190} INFO - [2024-12-07T17:43:08.654+0000] {dag.py:3239} INFO - Sync 1 DAGs
[2024-12-07T17:43:08.704+0000] {logging_mixin.py:190} INFO - [2024-12-07T17:43:08.704+0000] {dag.py:4180} INFO - Setting next_dagrun for example_bash_operator to 2024-12-06 00:00:00+00:00, run_after=2024-12-07 00:00:00+00:00
[2024-12-07T17:43:08.746+0000] {processor.py:208} INFO - Processing /home/airflow/.local/lib/python3.12/site-packages/airflow/example_dags/example_bash_operator.py took 0.206 seconds
[2024-12-07T17:43:38.967+0000] {processor.py:186} INFO - Started process (PID=11909) to work on /home/airflow/.local/lib/python3.12/site-packages/airflow/example_dags/example_bash_operator.py
[2024-12-07T17:43:38.969+0000] {processor.py:914} INFO - Processing file /home/airflow/.local/lib/python3.12/site-packages/airflow/example_dags/example_bash_operator.py for tasks to queue
[2024-12-07T17:43:38.973+0000] {logging_mixin.py:190} INFO - [2024-12-07T17:43:38.972+0000] {dagbag.py:588} INFO - Filling up the DagBag from /home/airflow/.local/lib/python3.12/site-packages/airflow/example_dags/example_bash_operator.py
[2024-12-07T17:43:39.008+0000] {processor.py:925} INFO - DAG(s) 'example_bash_operator' retrieved from /home/airflow/.local/lib/python3.12/site-packages/airflow/example_dags/example_bash_operator.py
[2024-12-07T17:43:39.095+0000] {logging_mixin.py:190} INFO - [2024-12-07T17:43:39.093+0000] {dag.py:3239} INFO - Sync 1 DAGs
[2024-12-07T17:43:39.158+0000] {logging_mixin.py:190} INFO - [2024-12-07T17:43:39.158+0000] {dag.py:4180} INFO - Setting next_dagrun for example_bash_operator to 2024-12-06 00:00:00+00:00, run_after=2024-12-07 00:00:00+00:00
[2024-12-07T17:43:39.200+0000] {processor.py:208} INFO - Processing /home/airflow/.local/lib/python3.12/site-packages/airflow/example_dags/example_bash_operator.py took 0.244 seconds
