[2024-12-07T17:22:46.168+0000] {processor.py:186} INFO - Started process (PID=363) to work on /home/airflow/.local/lib/python3.12/site-packages/airflow/example_dags/example_latest_only_with_trigger.py
[2024-12-07T17:22:46.173+0000] {processor.py:914} INFO - Processing file /home/airflow/.local/lib/python3.12/site-packages/airflow/example_dags/example_latest_only_with_trigger.py for tasks to queue
[2024-12-07T17:22:46.179+0000] {logging_mixin.py:190} INFO - [2024-12-07T17:22:46.178+0000] {dagbag.py:588} INFO - Filling up the DagBag from /home/airflow/.local/lib/python3.12/site-packages/airflow/example_dags/example_latest_only_with_trigger.py
[2024-12-07T17:22:46.206+0000] {processor.py:925} INFO - DAG(s) 'latest_only_with_trigger' retrieved from /home/airflow/.local/lib/python3.12/site-packages/airflow/example_dags/example_latest_only_with_trigger.py
[2024-12-07T17:22:46.531+0000] {logging_mixin.py:190} INFO - [2024-12-07T17:22:46.526+0000] {override.py:1911} INFO - Created Permission View: can delete on DAG:latest_only_with_trigger
[2024-12-07T17:22:46.618+0000] {logging_mixin.py:190} INFO - [2024-12-07T17:22:46.613+0000] {override.py:1911} INFO - Created Permission View: can read on DAG:latest_only_with_trigger
[2024-12-07T17:22:46.657+0000] {logging_mixin.py:190} INFO - [2024-12-07T17:22:46.655+0000] {override.py:1911} INFO - Created Permission View: can edit on DAG:latest_only_with_trigger
[2024-12-07T17:22:46.680+0000] {logging_mixin.py:190} INFO - [2024-12-07T17:22:46.679+0000] {override.py:1911} INFO - Created Permission View: menu access on DAG Run:latest_only_with_trigger
[2024-12-07T17:22:46.703+0000] {logging_mixin.py:190} INFO - [2024-12-07T17:22:46.702+0000] {override.py:1911} INFO - Created Permission View: can delete on DAG Run:latest_only_with_trigger
[2024-12-07T17:22:46.723+0000] {logging_mixin.py:190} INFO - [2024-12-07T17:22:46.723+0000] {override.py:1911} INFO - Created Permission View: can read on DAG Run:latest_only_with_trigger
[2024-12-07T17:22:46.739+0000] {logging_mixin.py:190} INFO - [2024-12-07T17:22:46.739+0000] {override.py:1911} INFO - Created Permission View: can create on DAG Run:latest_only_with_trigger
[2024-12-07T17:22:46.740+0000] {logging_mixin.py:190} INFO - [2024-12-07T17:22:46.740+0000] {dag.py:3239} INFO - Sync 1 DAGs
[2024-12-07T17:22:46.767+0000] {logging_mixin.py:190} INFO - [2024-12-07T17:22:46.767+0000] {dag.py:3262} INFO - Creating ORM DAG for latest_only_with_trigger
[2024-12-07T17:22:46.785+0000] {logging_mixin.py:190} INFO - [2024-12-07T17:22:46.784+0000] {dag.py:4180} INFO - Setting next_dagrun for latest_only_with_trigger to 2024-12-07 12:00:00+00:00, run_after=2024-12-07 16:00:00+00:00
[2024-12-07T17:22:46.821+0000] {processor.py:208} INFO - Processing /home/airflow/.local/lib/python3.12/site-packages/airflow/example_dags/example_latest_only_with_trigger.py took 0.673 seconds
[2024-12-07T17:23:18.367+0000] {processor.py:186} INFO - Started process (PID=656) to work on /home/airflow/.local/lib/python3.12/site-packages/airflow/example_dags/example_latest_only_with_trigger.py
[2024-12-07T17:23:18.369+0000] {processor.py:914} INFO - Processing file /home/airflow/.local/lib/python3.12/site-packages/airflow/example_dags/example_latest_only_with_trigger.py for tasks to queue
[2024-12-07T17:23:18.375+0000] {logging_mixin.py:190} INFO - [2024-12-07T17:23:18.374+0000] {dagbag.py:588} INFO - Filling up the DagBag from /home/airflow/.local/lib/python3.12/site-packages/airflow/example_dags/example_latest_only_with_trigger.py
[2024-12-07T17:23:18.394+0000] {processor.py:925} INFO - DAG(s) 'latest_only_with_trigger' retrieved from /home/airflow/.local/lib/python3.12/site-packages/airflow/example_dags/example_latest_only_with_trigger.py
[2024-12-07T17:23:18.447+0000] {logging_mixin.py:190} INFO - [2024-12-07T17:23:18.447+0000] {dag.py:3239} INFO - Sync 1 DAGs
[2024-12-07T17:23:18.496+0000] {logging_mixin.py:190} INFO - [2024-12-07T17:23:18.496+0000] {dag.py:4180} INFO - Setting next_dagrun for latest_only_with_trigger to 2024-12-07 12:00:00+00:00, run_after=2024-12-07 16:00:00+00:00
[2024-12-07T17:23:18.538+0000] {processor.py:208} INFO - Processing /home/airflow/.local/lib/python3.12/site-packages/airflow/example_dags/example_latest_only_with_trigger.py took 0.189 seconds
[2024-12-07T17:24:03.373+0000] {processor.py:186} INFO - Started process (PID=947) to work on /home/airflow/.local/lib/python3.12/site-packages/airflow/example_dags/example_latest_only_with_trigger.py
[2024-12-07T17:24:03.375+0000] {processor.py:914} INFO - Processing file /home/airflow/.local/lib/python3.12/site-packages/airflow/example_dags/example_latest_only_with_trigger.py for tasks to queue
[2024-12-07T17:24:03.379+0000] {logging_mixin.py:190} INFO - [2024-12-07T17:24:03.378+0000] {dagbag.py:588} INFO - Filling up the DagBag from /home/airflow/.local/lib/python3.12/site-packages/airflow/example_dags/example_latest_only_with_trigger.py
[2024-12-07T17:24:03.396+0000] {processor.py:925} INFO - DAG(s) 'latest_only_with_trigger' retrieved from /home/airflow/.local/lib/python3.12/site-packages/airflow/example_dags/example_latest_only_with_trigger.py
[2024-12-07T17:24:03.435+0000] {logging_mixin.py:190} INFO - [2024-12-07T17:24:03.434+0000] {dag.py:3239} INFO - Sync 1 DAGs
[2024-12-07T17:24:03.481+0000] {logging_mixin.py:190} INFO - [2024-12-07T17:24:03.481+0000] {dag.py:4180} INFO - Setting next_dagrun for latest_only_with_trigger to 2024-12-07 12:00:00+00:00, run_after=2024-12-07 16:00:00+00:00
[2024-12-07T17:24:03.530+0000] {processor.py:208} INFO - Processing /home/airflow/.local/lib/python3.12/site-packages/airflow/example_dags/example_latest_only_with_trigger.py took 0.164 seconds
[2024-12-07T17:24:37.907+0000] {processor.py:186} INFO - Started process (PID=1236) to work on /home/airflow/.local/lib/python3.12/site-packages/airflow/example_dags/example_latest_only_with_trigger.py
[2024-12-07T17:24:37.909+0000] {processor.py:914} INFO - Processing file /home/airflow/.local/lib/python3.12/site-packages/airflow/example_dags/example_latest_only_with_trigger.py for tasks to queue
[2024-12-07T17:24:37.913+0000] {logging_mixin.py:190} INFO - [2024-12-07T17:24:37.913+0000] {dagbag.py:588} INFO - Filling up the DagBag from /home/airflow/.local/lib/python3.12/site-packages/airflow/example_dags/example_latest_only_with_trigger.py
[2024-12-07T17:24:37.932+0000] {processor.py:925} INFO - DAG(s) 'latest_only_with_trigger' retrieved from /home/airflow/.local/lib/python3.12/site-packages/airflow/example_dags/example_latest_only_with_trigger.py
[2024-12-07T17:24:37.985+0000] {logging_mixin.py:190} INFO - [2024-12-07T17:24:37.985+0000] {dag.py:3239} INFO - Sync 1 DAGs
[2024-12-07T17:24:38.030+0000] {logging_mixin.py:190} INFO - [2024-12-07T17:24:38.030+0000] {dag.py:4180} INFO - Setting next_dagrun for latest_only_with_trigger to 2024-12-07 12:00:00+00:00, run_after=2024-12-07 16:00:00+00:00
[2024-12-07T17:24:38.064+0000] {processor.py:208} INFO - Processing /home/airflow/.local/lib/python3.12/site-packages/airflow/example_dags/example_latest_only_with_trigger.py took 0.170 seconds
[2024-12-07T17:25:09.197+0000] {processor.py:186} INFO - Started process (PID=1527) to work on /home/airflow/.local/lib/python3.12/site-packages/airflow/example_dags/example_latest_only_with_trigger.py
[2024-12-07T17:25:09.213+0000] {processor.py:914} INFO - Processing file /home/airflow/.local/lib/python3.12/site-packages/airflow/example_dags/example_latest_only_with_trigger.py for tasks to queue
[2024-12-07T17:25:09.218+0000] {logging_mixin.py:190} INFO - [2024-12-07T17:25:09.218+0000] {dagbag.py:588} INFO - Filling up the DagBag from /home/airflow/.local/lib/python3.12/site-packages/airflow/example_dags/example_latest_only_with_trigger.py
[2024-12-07T17:25:09.251+0000] {processor.py:925} INFO - DAG(s) 'latest_only_with_trigger' retrieved from /home/airflow/.local/lib/python3.12/site-packages/airflow/example_dags/example_latest_only_with_trigger.py
[2024-12-07T17:25:09.339+0000] {logging_mixin.py:190} INFO - [2024-12-07T17:25:09.339+0000] {dag.py:3239} INFO - Sync 1 DAGs
[2024-12-07T17:25:09.435+0000] {logging_mixin.py:190} INFO - [2024-12-07T17:25:09.434+0000] {dag.py:4180} INFO - Setting next_dagrun for latest_only_with_trigger to 2024-12-07 12:00:00+00:00, run_after=2024-12-07 16:00:00+00:00
[2024-12-07T17:25:09.547+0000] {processor.py:208} INFO - Processing /home/airflow/.local/lib/python3.12/site-packages/airflow/example_dags/example_latest_only_with_trigger.py took 0.372 seconds
[2024-12-07T17:25:40.172+0000] {processor.py:186} INFO - Started process (PID=1819) to work on /home/airflow/.local/lib/python3.12/site-packages/airflow/example_dags/example_latest_only_with_trigger.py
[2024-12-07T17:25:40.174+0000] {processor.py:914} INFO - Processing file /home/airflow/.local/lib/python3.12/site-packages/airflow/example_dags/example_latest_only_with_trigger.py for tasks to queue
[2024-12-07T17:25:40.177+0000] {logging_mixin.py:190} INFO - [2024-12-07T17:25:40.177+0000] {dagbag.py:588} INFO - Filling up the DagBag from /home/airflow/.local/lib/python3.12/site-packages/airflow/example_dags/example_latest_only_with_trigger.py
[2024-12-07T17:25:40.187+0000] {processor.py:925} INFO - DAG(s) 'latest_only_with_trigger' retrieved from /home/airflow/.local/lib/python3.12/site-packages/airflow/example_dags/example_latest_only_with_trigger.py
[2024-12-07T17:25:40.222+0000] {logging_mixin.py:190} INFO - [2024-12-07T17:25:40.221+0000] {dag.py:3239} INFO - Sync 1 DAGs
[2024-12-07T17:25:40.258+0000] {logging_mixin.py:190} INFO - [2024-12-07T17:25:40.258+0000] {dag.py:4180} INFO - Setting next_dagrun for latest_only_with_trigger to 2024-12-07 12:00:00+00:00, run_after=2024-12-07 16:00:00+00:00
[2024-12-07T17:25:40.290+0000] {processor.py:208} INFO - Processing /home/airflow/.local/lib/python3.12/site-packages/airflow/example_dags/example_latest_only_with_trigger.py took 0.126 seconds
[2024-12-07T17:26:10.484+0000] {processor.py:186} INFO - Started process (PID=2107) to work on /home/airflow/.local/lib/python3.12/site-packages/airflow/example_dags/example_latest_only_with_trigger.py
[2024-12-07T17:26:10.485+0000] {processor.py:914} INFO - Processing file /home/airflow/.local/lib/python3.12/site-packages/airflow/example_dags/example_latest_only_with_trigger.py for tasks to queue
[2024-12-07T17:26:10.490+0000] {logging_mixin.py:190} INFO - [2024-12-07T17:26:10.489+0000] {dagbag.py:588} INFO - Filling up the DagBag from /home/airflow/.local/lib/python3.12/site-packages/airflow/example_dags/example_latest_only_with_trigger.py
[2024-12-07T17:26:10.501+0000] {processor.py:925} INFO - DAG(s) 'latest_only_with_trigger' retrieved from /home/airflow/.local/lib/python3.12/site-packages/airflow/example_dags/example_latest_only_with_trigger.py
[2024-12-07T17:26:10.534+0000] {logging_mixin.py:190} INFO - [2024-12-07T17:26:10.534+0000] {dag.py:3239} INFO - Sync 1 DAGs
[2024-12-07T17:26:10.571+0000] {logging_mixin.py:190} INFO - [2024-12-07T17:26:10.571+0000] {dag.py:4180} INFO - Setting next_dagrun for latest_only_with_trigger to 2024-12-07 12:00:00+00:00, run_after=2024-12-07 16:00:00+00:00
[2024-12-07T17:26:10.614+0000] {processor.py:208} INFO - Processing /home/airflow/.local/lib/python3.12/site-packages/airflow/example_dags/example_latest_only_with_trigger.py took 0.140 seconds
[2024-12-07T17:26:41.368+0000] {processor.py:186} INFO - Started process (PID=2395) to work on /home/airflow/.local/lib/python3.12/site-packages/airflow/example_dags/example_latest_only_with_trigger.py
[2024-12-07T17:26:41.370+0000] {processor.py:914} INFO - Processing file /home/airflow/.local/lib/python3.12/site-packages/airflow/example_dags/example_latest_only_with_trigger.py for tasks to queue
[2024-12-07T17:26:41.375+0000] {logging_mixin.py:190} INFO - [2024-12-07T17:26:41.374+0000] {dagbag.py:588} INFO - Filling up the DagBag from /home/airflow/.local/lib/python3.12/site-packages/airflow/example_dags/example_latest_only_with_trigger.py
[2024-12-07T17:26:41.391+0000] {processor.py:925} INFO - DAG(s) 'latest_only_with_trigger' retrieved from /home/airflow/.local/lib/python3.12/site-packages/airflow/example_dags/example_latest_only_with_trigger.py
[2024-12-07T17:26:41.433+0000] {logging_mixin.py:190} INFO - [2024-12-07T17:26:41.432+0000] {dag.py:3239} INFO - Sync 1 DAGs
[2024-12-07T17:26:41.493+0000] {logging_mixin.py:190} INFO - [2024-12-07T17:26:41.492+0000] {dag.py:4180} INFO - Setting next_dagrun for latest_only_with_trigger to 2024-12-07 12:00:00+00:00, run_after=2024-12-07 16:00:00+00:00
[2024-12-07T17:26:41.545+0000] {processor.py:208} INFO - Processing /home/airflow/.local/lib/python3.12/site-packages/airflow/example_dags/example_latest_only_with_trigger.py took 0.196 seconds
[2024-12-07T17:27:11.986+0000] {processor.py:186} INFO - Started process (PID=2686) to work on /home/airflow/.local/lib/python3.12/site-packages/airflow/example_dags/example_latest_only_with_trigger.py
[2024-12-07T17:27:11.987+0000] {processor.py:914} INFO - Processing file /home/airflow/.local/lib/python3.12/site-packages/airflow/example_dags/example_latest_only_with_trigger.py for tasks to queue
[2024-12-07T17:27:11.992+0000] {logging_mixin.py:190} INFO - [2024-12-07T17:27:11.992+0000] {dagbag.py:588} INFO - Filling up the DagBag from /home/airflow/.local/lib/python3.12/site-packages/airflow/example_dags/example_latest_only_with_trigger.py
[2024-12-07T17:27:12.001+0000] {processor.py:925} INFO - DAG(s) 'latest_only_with_trigger' retrieved from /home/airflow/.local/lib/python3.12/site-packages/airflow/example_dags/example_latest_only_with_trigger.py
[2024-12-07T17:27:12.029+0000] {logging_mixin.py:190} INFO - [2024-12-07T17:27:12.028+0000] {dag.py:3239} INFO - Sync 1 DAGs
[2024-12-07T17:27:12.060+0000] {logging_mixin.py:190} INFO - [2024-12-07T17:27:12.060+0000] {dag.py:4180} INFO - Setting next_dagrun for latest_only_with_trigger to 2024-12-07 12:00:00+00:00, run_after=2024-12-07 16:00:00+00:00
[2024-12-07T17:27:12.092+0000] {processor.py:208} INFO - Processing /home/airflow/.local/lib/python3.12/site-packages/airflow/example_dags/example_latest_only_with_trigger.py took 0.115 seconds
[2024-12-07T17:27:42.701+0000] {processor.py:186} INFO - Started process (PID=2974) to work on /home/airflow/.local/lib/python3.12/site-packages/airflow/example_dags/example_latest_only_with_trigger.py
[2024-12-07T17:27:42.703+0000] {processor.py:914} INFO - Processing file /home/airflow/.local/lib/python3.12/site-packages/airflow/example_dags/example_latest_only_with_trigger.py for tasks to queue
[2024-12-07T17:27:42.706+0000] {logging_mixin.py:190} INFO - [2024-12-07T17:27:42.706+0000] {dagbag.py:588} INFO - Filling up the DagBag from /home/airflow/.local/lib/python3.12/site-packages/airflow/example_dags/example_latest_only_with_trigger.py
[2024-12-07T17:27:42.716+0000] {processor.py:925} INFO - DAG(s) 'latest_only_with_trigger' retrieved from /home/airflow/.local/lib/python3.12/site-packages/airflow/example_dags/example_latest_only_with_trigger.py
[2024-12-07T17:27:42.748+0000] {logging_mixin.py:190} INFO - [2024-12-07T17:27:42.747+0000] {dag.py:3239} INFO - Sync 1 DAGs
[2024-12-07T17:27:42.794+0000] {logging_mixin.py:190} INFO - [2024-12-07T17:27:42.793+0000] {dag.py:4180} INFO - Setting next_dagrun for latest_only_with_trigger to 2024-12-07 12:00:00+00:00, run_after=2024-12-07 16:00:00+00:00
[2024-12-07T17:27:42.835+0000] {processor.py:208} INFO - Processing /home/airflow/.local/lib/python3.12/site-packages/airflow/example_dags/example_latest_only_with_trigger.py took 0.143 seconds
[2024-12-07T17:28:17.422+0000] {processor.py:186} INFO - Started process (PID=3268) to work on /home/airflow/.local/lib/python3.12/site-packages/airflow/example_dags/example_latest_only_with_trigger.py
[2024-12-07T17:28:17.424+0000] {processor.py:914} INFO - Processing file /home/airflow/.local/lib/python3.12/site-packages/airflow/example_dags/example_latest_only_with_trigger.py for tasks to queue
[2024-12-07T17:28:17.430+0000] {logging_mixin.py:190} INFO - [2024-12-07T17:28:17.429+0000] {dagbag.py:588} INFO - Filling up the DagBag from /home/airflow/.local/lib/python3.12/site-packages/airflow/example_dags/example_latest_only_with_trigger.py
[2024-12-07T17:28:17.449+0000] {processor.py:925} INFO - DAG(s) 'latest_only_with_trigger' retrieved from /home/airflow/.local/lib/python3.12/site-packages/airflow/example_dags/example_latest_only_with_trigger.py
[2024-12-07T17:28:17.498+0000] {logging_mixin.py:190} INFO - [2024-12-07T17:28:17.498+0000] {dag.py:3239} INFO - Sync 1 DAGs
[2024-12-07T17:28:17.559+0000] {logging_mixin.py:190} INFO - [2024-12-07T17:28:17.558+0000] {dag.py:4180} INFO - Setting next_dagrun for latest_only_with_trigger to 2024-12-07 12:00:00+00:00, run_after=2024-12-07 16:00:00+00:00
[2024-12-07T17:28:17.630+0000] {processor.py:208} INFO - Processing /home/airflow/.local/lib/python3.12/site-packages/airflow/example_dags/example_latest_only_with_trigger.py took 0.222 seconds
[2024-12-07T17:28:49.526+0000] {processor.py:186} INFO - Started process (PID=3565) to work on /home/airflow/.local/lib/python3.12/site-packages/airflow/example_dags/example_latest_only_with_trigger.py
[2024-12-07T17:28:49.527+0000] {processor.py:914} INFO - Processing file /home/airflow/.local/lib/python3.12/site-packages/airflow/example_dags/example_latest_only_with_trigger.py for tasks to queue
[2024-12-07T17:28:49.532+0000] {logging_mixin.py:190} INFO - [2024-12-07T17:28:49.531+0000] {dagbag.py:588} INFO - Filling up the DagBag from /home/airflow/.local/lib/python3.12/site-packages/airflow/example_dags/example_latest_only_with_trigger.py
[2024-12-07T17:28:49.548+0000] {processor.py:925} INFO - DAG(s) 'latest_only_with_trigger' retrieved from /home/airflow/.local/lib/python3.12/site-packages/airflow/example_dags/example_latest_only_with_trigger.py
[2024-12-07T17:28:49.584+0000] {logging_mixin.py:190} INFO - [2024-12-07T17:28:49.583+0000] {dag.py:3239} INFO - Sync 1 DAGs
[2024-12-07T17:28:49.624+0000] {logging_mixin.py:190} INFO - [2024-12-07T17:28:49.623+0000] {dag.py:4180} INFO - Setting next_dagrun for latest_only_with_trigger to 2024-12-07 12:00:00+00:00, run_after=2024-12-07 16:00:00+00:00
[2024-12-07T17:28:50.228+0000] {processor.py:208} INFO - Processing /home/airflow/.local/lib/python3.12/site-packages/airflow/example_dags/example_latest_only_with_trigger.py took 0.712 seconds
[2024-12-07T17:29:21.408+0000] {processor.py:186} INFO - Started process (PID=3858) to work on /home/airflow/.local/lib/python3.12/site-packages/airflow/example_dags/example_latest_only_with_trigger.py
[2024-12-07T17:29:21.424+0000] {processor.py:914} INFO - Processing file /home/airflow/.local/lib/python3.12/site-packages/airflow/example_dags/example_latest_only_with_trigger.py for tasks to queue
[2024-12-07T17:29:21.441+0000] {logging_mixin.py:190} INFO - [2024-12-07T17:29:21.440+0000] {dagbag.py:588} INFO - Filling up the DagBag from /home/airflow/.local/lib/python3.12/site-packages/airflow/example_dags/example_latest_only_with_trigger.py
[2024-12-07T17:29:21.500+0000] {processor.py:925} INFO - DAG(s) 'latest_only_with_trigger' retrieved from /home/airflow/.local/lib/python3.12/site-packages/airflow/example_dags/example_latest_only_with_trigger.py
[2024-12-07T17:29:21.586+0000] {logging_mixin.py:190} INFO - [2024-12-07T17:29:21.586+0000] {dag.py:3239} INFO - Sync 1 DAGs
[2024-12-07T17:29:21.675+0000] {logging_mixin.py:190} INFO - [2024-12-07T17:29:21.674+0000] {dag.py:4180} INFO - Setting next_dagrun for latest_only_with_trigger to 2024-12-07 12:00:00+00:00, run_after=2024-12-07 16:00:00+00:00
[2024-12-07T17:29:21.720+0000] {processor.py:208} INFO - Processing /home/airflow/.local/lib/python3.12/site-packages/airflow/example_dags/example_latest_only_with_trigger.py took 0.391 seconds
[2024-12-07T17:29:52.356+0000] {processor.py:186} INFO - Started process (PID=4149) to work on /home/airflow/.local/lib/python3.12/site-packages/airflow/example_dags/example_latest_only_with_trigger.py
[2024-12-07T17:29:52.357+0000] {processor.py:914} INFO - Processing file /home/airflow/.local/lib/python3.12/site-packages/airflow/example_dags/example_latest_only_with_trigger.py for tasks to queue
[2024-12-07T17:29:52.364+0000] {logging_mixin.py:190} INFO - [2024-12-07T17:29:52.364+0000] {dagbag.py:588} INFO - Filling up the DagBag from /home/airflow/.local/lib/python3.12/site-packages/airflow/example_dags/example_latest_only_with_trigger.py
[2024-12-07T17:29:52.385+0000] {processor.py:925} INFO - DAG(s) 'latest_only_with_trigger' retrieved from /home/airflow/.local/lib/python3.12/site-packages/airflow/example_dags/example_latest_only_with_trigger.py
[2024-12-07T17:29:52.420+0000] {logging_mixin.py:190} INFO - [2024-12-07T17:29:52.420+0000] {dag.py:3239} INFO - Sync 1 DAGs
[2024-12-07T17:29:52.460+0000] {logging_mixin.py:190} INFO - [2024-12-07T17:29:52.460+0000] {dag.py:4180} INFO - Setting next_dagrun for latest_only_with_trigger to 2024-12-07 12:00:00+00:00, run_after=2024-12-07 16:00:00+00:00
[2024-12-07T17:29:52.491+0000] {processor.py:208} INFO - Processing /home/airflow/.local/lib/python3.12/site-packages/airflow/example_dags/example_latest_only_with_trigger.py took 0.143 seconds
[2024-12-07T17:30:22.668+0000] {processor.py:186} INFO - Started process (PID=4437) to work on /home/airflow/.local/lib/python3.12/site-packages/airflow/example_dags/example_latest_only_with_trigger.py
[2024-12-07T17:30:22.670+0000] {processor.py:914} INFO - Processing file /home/airflow/.local/lib/python3.12/site-packages/airflow/example_dags/example_latest_only_with_trigger.py for tasks to queue
[2024-12-07T17:30:22.674+0000] {logging_mixin.py:190} INFO - [2024-12-07T17:30:22.673+0000] {dagbag.py:588} INFO - Filling up the DagBag from /home/airflow/.local/lib/python3.12/site-packages/airflow/example_dags/example_latest_only_with_trigger.py
[2024-12-07T17:30:22.682+0000] {processor.py:925} INFO - DAG(s) 'latest_only_with_trigger' retrieved from /home/airflow/.local/lib/python3.12/site-packages/airflow/example_dags/example_latest_only_with_trigger.py
[2024-12-07T17:30:22.707+0000] {logging_mixin.py:190} INFO - [2024-12-07T17:30:22.707+0000] {dag.py:3239} INFO - Sync 1 DAGs
[2024-12-07T17:30:22.735+0000] {logging_mixin.py:190} INFO - [2024-12-07T17:30:22.735+0000] {dag.py:4180} INFO - Setting next_dagrun for latest_only_with_trigger to 2024-12-07 12:00:00+00:00, run_after=2024-12-07 16:00:00+00:00
[2024-12-07T17:30:22.760+0000] {processor.py:208} INFO - Processing /home/airflow/.local/lib/python3.12/site-packages/airflow/example_dags/example_latest_only_with_trigger.py took 0.099 seconds
[2024-12-07T17:30:52.983+0000] {processor.py:186} INFO - Started process (PID=4727) to work on /home/airflow/.local/lib/python3.12/site-packages/airflow/example_dags/example_latest_only_with_trigger.py
[2024-12-07T17:30:52.985+0000] {processor.py:914} INFO - Processing file /home/airflow/.local/lib/python3.12/site-packages/airflow/example_dags/example_latest_only_with_trigger.py for tasks to queue
[2024-12-07T17:30:52.989+0000] {logging_mixin.py:190} INFO - [2024-12-07T17:30:52.988+0000] {dagbag.py:588} INFO - Filling up the DagBag from /home/airflow/.local/lib/python3.12/site-packages/airflow/example_dags/example_latest_only_with_trigger.py
[2024-12-07T17:30:52.997+0000] {processor.py:925} INFO - DAG(s) 'latest_only_with_trigger' retrieved from /home/airflow/.local/lib/python3.12/site-packages/airflow/example_dags/example_latest_only_with_trigger.py
[2024-12-07T17:30:53.030+0000] {logging_mixin.py:190} INFO - [2024-12-07T17:30:53.029+0000] {dag.py:3239} INFO - Sync 1 DAGs
[2024-12-07T17:30:53.063+0000] {logging_mixin.py:190} INFO - [2024-12-07T17:30:53.063+0000] {dag.py:4180} INFO - Setting next_dagrun for latest_only_with_trigger to 2024-12-07 12:00:00+00:00, run_after=2024-12-07 16:00:00+00:00
[2024-12-07T17:30:53.091+0000] {processor.py:208} INFO - Processing /home/airflow/.local/lib/python3.12/site-packages/airflow/example_dags/example_latest_only_with_trigger.py took 0.119 seconds
[2024-12-07T17:31:23.405+0000] {processor.py:186} INFO - Started process (PID=5016) to work on /home/airflow/.local/lib/python3.12/site-packages/airflow/example_dags/example_latest_only_with_trigger.py
[2024-12-07T17:31:23.407+0000] {processor.py:914} INFO - Processing file /home/airflow/.local/lib/python3.12/site-packages/airflow/example_dags/example_latest_only_with_trigger.py for tasks to queue
[2024-12-07T17:31:23.412+0000] {logging_mixin.py:190} INFO - [2024-12-07T17:31:23.411+0000] {dagbag.py:588} INFO - Filling up the DagBag from /home/airflow/.local/lib/python3.12/site-packages/airflow/example_dags/example_latest_only_with_trigger.py
[2024-12-07T17:31:23.421+0000] {processor.py:925} INFO - DAG(s) 'latest_only_with_trigger' retrieved from /home/airflow/.local/lib/python3.12/site-packages/airflow/example_dags/example_latest_only_with_trigger.py
[2024-12-07T17:31:23.447+0000] {logging_mixin.py:190} INFO - [2024-12-07T17:31:23.447+0000] {dag.py:3239} INFO - Sync 1 DAGs
[2024-12-07T17:31:23.480+0000] {logging_mixin.py:190} INFO - [2024-12-07T17:31:23.479+0000] {dag.py:4180} INFO - Setting next_dagrun for latest_only_with_trigger to 2024-12-07 12:00:00+00:00, run_after=2024-12-07 16:00:00+00:00
[2024-12-07T17:31:23.511+0000] {processor.py:208} INFO - Processing /home/airflow/.local/lib/python3.12/site-packages/airflow/example_dags/example_latest_only_with_trigger.py took 0.113 seconds
[2024-12-07T17:31:54.134+0000] {processor.py:186} INFO - Started process (PID=5304) to work on /home/airflow/.local/lib/python3.12/site-packages/airflow/example_dags/example_latest_only_with_trigger.py
[2024-12-07T17:31:54.136+0000] {processor.py:914} INFO - Processing file /home/airflow/.local/lib/python3.12/site-packages/airflow/example_dags/example_latest_only_with_trigger.py for tasks to queue
[2024-12-07T17:31:54.142+0000] {logging_mixin.py:190} INFO - [2024-12-07T17:31:54.141+0000] {dagbag.py:588} INFO - Filling up the DagBag from /home/airflow/.local/lib/python3.12/site-packages/airflow/example_dags/example_latest_only_with_trigger.py
[2024-12-07T17:31:54.158+0000] {processor.py:925} INFO - DAG(s) 'latest_only_with_trigger' retrieved from /home/airflow/.local/lib/python3.12/site-packages/airflow/example_dags/example_latest_only_with_trigger.py
[2024-12-07T17:31:54.195+0000] {logging_mixin.py:190} INFO - [2024-12-07T17:31:54.194+0000] {dag.py:3239} INFO - Sync 1 DAGs
[2024-12-07T17:31:54.241+0000] {logging_mixin.py:190} INFO - [2024-12-07T17:31:54.241+0000] {dag.py:4180} INFO - Setting next_dagrun for latest_only_with_trigger to 2024-12-07 12:00:00+00:00, run_after=2024-12-07 16:00:00+00:00
[2024-12-07T17:31:54.276+0000] {processor.py:208} INFO - Processing /home/airflow/.local/lib/python3.12/site-packages/airflow/example_dags/example_latest_only_with_trigger.py took 0.155 seconds
[2024-12-07T17:32:24.471+0000] {processor.py:186} INFO - Started process (PID=5597) to work on /home/airflow/.local/lib/python3.12/site-packages/airflow/example_dags/example_latest_only_with_trigger.py
[2024-12-07T17:32:24.473+0000] {processor.py:914} INFO - Processing file /home/airflow/.local/lib/python3.12/site-packages/airflow/example_dags/example_latest_only_with_trigger.py for tasks to queue
[2024-12-07T17:32:24.479+0000] {logging_mixin.py:190} INFO - [2024-12-07T17:32:24.478+0000] {dagbag.py:588} INFO - Filling up the DagBag from /home/airflow/.local/lib/python3.12/site-packages/airflow/example_dags/example_latest_only_with_trigger.py
[2024-12-07T17:32:24.501+0000] {processor.py:925} INFO - DAG(s) 'latest_only_with_trigger' retrieved from /home/airflow/.local/lib/python3.12/site-packages/airflow/example_dags/example_latest_only_with_trigger.py
[2024-12-07T17:32:24.546+0000] {logging_mixin.py:190} INFO - [2024-12-07T17:32:24.545+0000] {dag.py:3239} INFO - Sync 1 DAGs
[2024-12-07T17:32:24.617+0000] {logging_mixin.py:190} INFO - [2024-12-07T17:32:24.616+0000] {dag.py:4180} INFO - Setting next_dagrun for latest_only_with_trigger to 2024-12-07 12:00:00+00:00, run_after=2024-12-07 16:00:00+00:00
[2024-12-07T17:32:24.673+0000] {processor.py:208} INFO - Processing /home/airflow/.local/lib/python3.12/site-packages/airflow/example_dags/example_latest_only_with_trigger.py took 0.223 seconds
[2024-12-07T17:32:54.929+0000] {processor.py:186} INFO - Started process (PID=5884) to work on /home/airflow/.local/lib/python3.12/site-packages/airflow/example_dags/example_latest_only_with_trigger.py
[2024-12-07T17:32:54.931+0000] {processor.py:914} INFO - Processing file /home/airflow/.local/lib/python3.12/site-packages/airflow/example_dags/example_latest_only_with_trigger.py for tasks to queue
[2024-12-07T17:32:54.937+0000] {logging_mixin.py:190} INFO - [2024-12-07T17:32:54.937+0000] {dagbag.py:588} INFO - Filling up the DagBag from /home/airflow/.local/lib/python3.12/site-packages/airflow/example_dags/example_latest_only_with_trigger.py
[2024-12-07T17:32:54.960+0000] {processor.py:925} INFO - DAG(s) 'latest_only_with_trigger' retrieved from /home/airflow/.local/lib/python3.12/site-packages/airflow/example_dags/example_latest_only_with_trigger.py
[2024-12-07T17:32:55.011+0000] {logging_mixin.py:190} INFO - [2024-12-07T17:32:55.010+0000] {dag.py:3239} INFO - Sync 1 DAGs
[2024-12-07T17:32:55.057+0000] {logging_mixin.py:190} INFO - [2024-12-07T17:32:55.057+0000] {dag.py:4180} INFO - Setting next_dagrun for latest_only_with_trigger to 2024-12-07 12:00:00+00:00, run_after=2024-12-07 16:00:00+00:00
[2024-12-07T17:32:55.100+0000] {processor.py:208} INFO - Processing /home/airflow/.local/lib/python3.12/site-packages/airflow/example_dags/example_latest_only_with_trigger.py took 0.182 seconds
[2024-12-07T17:33:25.214+0000] {processor.py:186} INFO - Started process (PID=6175) to work on /home/airflow/.local/lib/python3.12/site-packages/airflow/example_dags/example_latest_only_with_trigger.py
[2024-12-07T17:33:25.216+0000] {processor.py:914} INFO - Processing file /home/airflow/.local/lib/python3.12/site-packages/airflow/example_dags/example_latest_only_with_trigger.py for tasks to queue
[2024-12-07T17:33:25.219+0000] {logging_mixin.py:190} INFO - [2024-12-07T17:33:25.219+0000] {dagbag.py:588} INFO - Filling up the DagBag from /home/airflow/.local/lib/python3.12/site-packages/airflow/example_dags/example_latest_only_with_trigger.py
[2024-12-07T17:33:25.228+0000] {processor.py:925} INFO - DAG(s) 'latest_only_with_trigger' retrieved from /home/airflow/.local/lib/python3.12/site-packages/airflow/example_dags/example_latest_only_with_trigger.py
[2024-12-07T17:33:25.253+0000] {logging_mixin.py:190} INFO - [2024-12-07T17:33:25.253+0000] {dag.py:3239} INFO - Sync 1 DAGs
[2024-12-07T17:33:25.282+0000] {logging_mixin.py:190} INFO - [2024-12-07T17:33:25.282+0000] {dag.py:4180} INFO - Setting next_dagrun for latest_only_with_trigger to 2024-12-07 12:00:00+00:00, run_after=2024-12-07 16:00:00+00:00
[2024-12-07T17:33:25.313+0000] {processor.py:208} INFO - Processing /home/airflow/.local/lib/python3.12/site-packages/airflow/example_dags/example_latest_only_with_trigger.py took 0.106 seconds
[2024-12-07T17:33:55.549+0000] {processor.py:186} INFO - Started process (PID=6466) to work on /home/airflow/.local/lib/python3.12/site-packages/airflow/example_dags/example_latest_only_with_trigger.py
[2024-12-07T17:33:55.551+0000] {processor.py:914} INFO - Processing file /home/airflow/.local/lib/python3.12/site-packages/airflow/example_dags/example_latest_only_with_trigger.py for tasks to queue
[2024-12-07T17:33:55.555+0000] {logging_mixin.py:190} INFO - [2024-12-07T17:33:55.554+0000] {dagbag.py:588} INFO - Filling up the DagBag from /home/airflow/.local/lib/python3.12/site-packages/airflow/example_dags/example_latest_only_with_trigger.py
[2024-12-07T17:33:55.571+0000] {processor.py:925} INFO - DAG(s) 'latest_only_with_trigger' retrieved from /home/airflow/.local/lib/python3.12/site-packages/airflow/example_dags/example_latest_only_with_trigger.py
[2024-12-07T17:33:55.610+0000] {logging_mixin.py:190} INFO - [2024-12-07T17:33:55.610+0000] {dag.py:3239} INFO - Sync 1 DAGs
[2024-12-07T17:33:55.643+0000] {logging_mixin.py:190} INFO - [2024-12-07T17:33:55.642+0000] {dag.py:4180} INFO - Setting next_dagrun for latest_only_with_trigger to 2024-12-07 12:00:00+00:00, run_after=2024-12-07 16:00:00+00:00
[2024-12-07T17:33:55.671+0000] {processor.py:208} INFO - Processing /home/airflow/.local/lib/python3.12/site-packages/airflow/example_dags/example_latest_only_with_trigger.py took 0.136 seconds
[2024-12-07T17:34:26.517+0000] {processor.py:186} INFO - Started process (PID=6757) to work on /home/airflow/.local/lib/python3.12/site-packages/airflow/example_dags/example_latest_only_with_trigger.py
[2024-12-07T17:34:26.518+0000] {processor.py:914} INFO - Processing file /home/airflow/.local/lib/python3.12/site-packages/airflow/example_dags/example_latest_only_with_trigger.py for tasks to queue
[2024-12-07T17:34:26.522+0000] {logging_mixin.py:190} INFO - [2024-12-07T17:34:26.521+0000] {dagbag.py:588} INFO - Filling up the DagBag from /home/airflow/.local/lib/python3.12/site-packages/airflow/example_dags/example_latest_only_with_trigger.py
[2024-12-07T17:34:26.534+0000] {processor.py:925} INFO - DAG(s) 'latest_only_with_trigger' retrieved from /home/airflow/.local/lib/python3.12/site-packages/airflow/example_dags/example_latest_only_with_trigger.py
[2024-12-07T17:34:26.563+0000] {logging_mixin.py:190} INFO - [2024-12-07T17:34:26.562+0000] {dag.py:3239} INFO - Sync 1 DAGs
[2024-12-07T17:34:26.599+0000] {logging_mixin.py:190} INFO - [2024-12-07T17:34:26.599+0000] {dag.py:4180} INFO - Setting next_dagrun for latest_only_with_trigger to 2024-12-07 12:00:00+00:00, run_after=2024-12-07 16:00:00+00:00
[2024-12-07T17:34:26.631+0000] {processor.py:208} INFO - Processing /home/airflow/.local/lib/python3.12/site-packages/airflow/example_dags/example_latest_only_with_trigger.py took 0.123 seconds
[2024-12-07T17:34:57.045+0000] {processor.py:186} INFO - Started process (PID=7048) to work on /home/airflow/.local/lib/python3.12/site-packages/airflow/example_dags/example_latest_only_with_trigger.py
[2024-12-07T17:34:57.047+0000] {processor.py:914} INFO - Processing file /home/airflow/.local/lib/python3.12/site-packages/airflow/example_dags/example_latest_only_with_trigger.py for tasks to queue
[2024-12-07T17:34:57.051+0000] {logging_mixin.py:190} INFO - [2024-12-07T17:34:57.051+0000] {dagbag.py:588} INFO - Filling up the DagBag from /home/airflow/.local/lib/python3.12/site-packages/airflow/example_dags/example_latest_only_with_trigger.py
[2024-12-07T17:34:57.063+0000] {processor.py:925} INFO - DAG(s) 'latest_only_with_trigger' retrieved from /home/airflow/.local/lib/python3.12/site-packages/airflow/example_dags/example_latest_only_with_trigger.py
[2024-12-07T17:34:57.090+0000] {logging_mixin.py:190} INFO - [2024-12-07T17:34:57.089+0000] {dag.py:3239} INFO - Sync 1 DAGs
[2024-12-07T17:34:57.124+0000] {logging_mixin.py:190} INFO - [2024-12-07T17:34:57.124+0000] {dag.py:4180} INFO - Setting next_dagrun for latest_only_with_trigger to 2024-12-07 12:00:00+00:00, run_after=2024-12-07 16:00:00+00:00
[2024-12-07T17:34:57.152+0000] {processor.py:208} INFO - Processing /home/airflow/.local/lib/python3.12/site-packages/airflow/example_dags/example_latest_only_with_trigger.py took 0.118 seconds
[2024-12-07T17:35:27.463+0000] {processor.py:186} INFO - Started process (PID=7337) to work on /home/airflow/.local/lib/python3.12/site-packages/airflow/example_dags/example_latest_only_with_trigger.py
[2024-12-07T17:35:27.464+0000] {processor.py:914} INFO - Processing file /home/airflow/.local/lib/python3.12/site-packages/airflow/example_dags/example_latest_only_with_trigger.py for tasks to queue
[2024-12-07T17:35:27.471+0000] {logging_mixin.py:190} INFO - [2024-12-07T17:35:27.470+0000] {dagbag.py:588} INFO - Filling up the DagBag from /home/airflow/.local/lib/python3.12/site-packages/airflow/example_dags/example_latest_only_with_trigger.py
[2024-12-07T17:35:27.487+0000] {processor.py:925} INFO - DAG(s) 'latest_only_with_trigger' retrieved from /home/airflow/.local/lib/python3.12/site-packages/airflow/example_dags/example_latest_only_with_trigger.py
[2024-12-07T17:35:27.534+0000] {logging_mixin.py:190} INFO - [2024-12-07T17:35:27.534+0000] {dag.py:3239} INFO - Sync 1 DAGs
[2024-12-07T17:35:27.599+0000] {logging_mixin.py:190} INFO - [2024-12-07T17:35:27.599+0000] {dag.py:4180} INFO - Setting next_dagrun for latest_only_with_trigger to 2024-12-07 12:00:00+00:00, run_after=2024-12-07 16:00:00+00:00
[2024-12-07T17:35:27.639+0000] {processor.py:208} INFO - Processing /home/airflow/.local/lib/python3.12/site-packages/airflow/example_dags/example_latest_only_with_trigger.py took 0.191 seconds
[2024-12-07T17:35:57.959+0000] {processor.py:186} INFO - Started process (PID=7625) to work on /home/airflow/.local/lib/python3.12/site-packages/airflow/example_dags/example_latest_only_with_trigger.py
[2024-12-07T17:35:57.960+0000] {processor.py:914} INFO - Processing file /home/airflow/.local/lib/python3.12/site-packages/airflow/example_dags/example_latest_only_with_trigger.py for tasks to queue
[2024-12-07T17:35:57.965+0000] {logging_mixin.py:190} INFO - [2024-12-07T17:35:57.965+0000] {dagbag.py:588} INFO - Filling up the DagBag from /home/airflow/.local/lib/python3.12/site-packages/airflow/example_dags/example_latest_only_with_trigger.py
[2024-12-07T17:35:57.976+0000] {processor.py:925} INFO - DAG(s) 'latest_only_with_trigger' retrieved from /home/airflow/.local/lib/python3.12/site-packages/airflow/example_dags/example_latest_only_with_trigger.py
[2024-12-07T17:35:58.011+0000] {logging_mixin.py:190} INFO - [2024-12-07T17:35:58.010+0000] {dag.py:3239} INFO - Sync 1 DAGs
[2024-12-07T17:35:58.123+0000] {logging_mixin.py:190} INFO - [2024-12-07T17:35:58.123+0000] {dag.py:4180} INFO - Setting next_dagrun for latest_only_with_trigger to 2024-12-07 12:00:00+00:00, run_after=2024-12-07 16:00:00+00:00
[2024-12-07T17:35:58.208+0000] {processor.py:208} INFO - Processing /home/airflow/.local/lib/python3.12/site-packages/airflow/example_dags/example_latest_only_with_trigger.py took 0.258 seconds
[2024-12-07T17:36:28.798+0000] {processor.py:186} INFO - Started process (PID=7915) to work on /home/airflow/.local/lib/python3.12/site-packages/airflow/example_dags/example_latest_only_with_trigger.py
[2024-12-07T17:36:28.799+0000] {processor.py:914} INFO - Processing file /home/airflow/.local/lib/python3.12/site-packages/airflow/example_dags/example_latest_only_with_trigger.py for tasks to queue
[2024-12-07T17:36:28.802+0000] {logging_mixin.py:190} INFO - [2024-12-07T17:36:28.802+0000] {dagbag.py:588} INFO - Filling up the DagBag from /home/airflow/.local/lib/python3.12/site-packages/airflow/example_dags/example_latest_only_with_trigger.py
[2024-12-07T17:36:28.817+0000] {processor.py:925} INFO - DAG(s) 'latest_only_with_trigger' retrieved from /home/airflow/.local/lib/python3.12/site-packages/airflow/example_dags/example_latest_only_with_trigger.py
[2024-12-07T17:36:28.844+0000] {logging_mixin.py:190} INFO - [2024-12-07T17:36:28.844+0000] {dag.py:3239} INFO - Sync 1 DAGs
[2024-12-07T17:36:28.878+0000] {logging_mixin.py:190} INFO - [2024-12-07T17:36:28.877+0000] {dag.py:4180} INFO - Setting next_dagrun for latest_only_with_trigger to 2024-12-07 12:00:00+00:00, run_after=2024-12-07 16:00:00+00:00
[2024-12-07T17:36:28.910+0000] {processor.py:208} INFO - Processing /home/airflow/.local/lib/python3.12/site-packages/airflow/example_dags/example_latest_only_with_trigger.py took 0.119 seconds
[2024-12-07T17:36:59.606+0000] {processor.py:186} INFO - Started process (PID=8204) to work on /home/airflow/.local/lib/python3.12/site-packages/airflow/example_dags/example_latest_only_with_trigger.py
[2024-12-07T17:36:59.609+0000] {processor.py:914} INFO - Processing file /home/airflow/.local/lib/python3.12/site-packages/airflow/example_dags/example_latest_only_with_trigger.py for tasks to queue
[2024-12-07T17:36:59.613+0000] {logging_mixin.py:190} INFO - [2024-12-07T17:36:59.613+0000] {dagbag.py:588} INFO - Filling up the DagBag from /home/airflow/.local/lib/python3.12/site-packages/airflow/example_dags/example_latest_only_with_trigger.py
[2024-12-07T17:36:59.640+0000] {processor.py:925} INFO - DAG(s) 'latest_only_with_trigger' retrieved from /home/airflow/.local/lib/python3.12/site-packages/airflow/example_dags/example_latest_only_with_trigger.py
[2024-12-07T17:36:59.736+0000] {logging_mixin.py:190} INFO - [2024-12-07T17:36:59.735+0000] {dag.py:3239} INFO - Sync 1 DAGs
[2024-12-07T17:36:59.805+0000] {logging_mixin.py:190} INFO - [2024-12-07T17:36:59.804+0000] {dag.py:4180} INFO - Setting next_dagrun for latest_only_with_trigger to 2024-12-07 12:00:00+00:00, run_after=2024-12-07 16:00:00+00:00
[2024-12-07T17:36:59.859+0000] {processor.py:208} INFO - Processing /home/airflow/.local/lib/python3.12/site-packages/airflow/example_dags/example_latest_only_with_trigger.py took 0.266 seconds
[2024-12-07T17:37:30.553+0000] {processor.py:186} INFO - Started process (PID=8495) to work on /home/airflow/.local/lib/python3.12/site-packages/airflow/example_dags/example_latest_only_with_trigger.py
[2024-12-07T17:37:30.554+0000] {processor.py:914} INFO - Processing file /home/airflow/.local/lib/python3.12/site-packages/airflow/example_dags/example_latest_only_with_trigger.py for tasks to queue
[2024-12-07T17:37:30.558+0000] {logging_mixin.py:190} INFO - [2024-12-07T17:37:30.557+0000] {dagbag.py:588} INFO - Filling up the DagBag from /home/airflow/.local/lib/python3.12/site-packages/airflow/example_dags/example_latest_only_with_trigger.py
[2024-12-07T17:37:30.569+0000] {processor.py:925} INFO - DAG(s) 'latest_only_with_trigger' retrieved from /home/airflow/.local/lib/python3.12/site-packages/airflow/example_dags/example_latest_only_with_trigger.py
[2024-12-07T17:37:30.606+0000] {logging_mixin.py:190} INFO - [2024-12-07T17:37:30.605+0000] {dag.py:3239} INFO - Sync 1 DAGs
[2024-12-07T17:37:30.646+0000] {logging_mixin.py:190} INFO - [2024-12-07T17:37:30.646+0000] {dag.py:4180} INFO - Setting next_dagrun for latest_only_with_trigger to 2024-12-07 12:00:00+00:00, run_after=2024-12-07 16:00:00+00:00
[2024-12-07T17:37:30.677+0000] {processor.py:208} INFO - Processing /home/airflow/.local/lib/python3.12/site-packages/airflow/example_dags/example_latest_only_with_trigger.py took 0.133 seconds
[2024-12-07T17:38:02.471+0000] {processor.py:186} INFO - Started process (PID=8786) to work on /home/airflow/.local/lib/python3.12/site-packages/airflow/example_dags/example_latest_only_with_trigger.py
[2024-12-07T17:38:02.472+0000] {processor.py:914} INFO - Processing file /home/airflow/.local/lib/python3.12/site-packages/airflow/example_dags/example_latest_only_with_trigger.py for tasks to queue
[2024-12-07T17:38:02.475+0000] {logging_mixin.py:190} INFO - [2024-12-07T17:38:02.474+0000] {dagbag.py:588} INFO - Filling up the DagBag from /home/airflow/.local/lib/python3.12/site-packages/airflow/example_dags/example_latest_only_with_trigger.py
[2024-12-07T17:38:02.486+0000] {processor.py:925} INFO - DAG(s) 'latest_only_with_trigger' retrieved from /home/airflow/.local/lib/python3.12/site-packages/airflow/example_dags/example_latest_only_with_trigger.py
[2024-12-07T17:38:02.517+0000] {logging_mixin.py:190} INFO - [2024-12-07T17:38:02.516+0000] {dag.py:3239} INFO - Sync 1 DAGs
[2024-12-07T17:38:02.551+0000] {logging_mixin.py:190} INFO - [2024-12-07T17:38:02.551+0000] {dag.py:4180} INFO - Setting next_dagrun for latest_only_with_trigger to 2024-12-07 12:00:00+00:00, run_after=2024-12-07 16:00:00+00:00
[2024-12-07T17:38:02.582+0000] {processor.py:208} INFO - Processing /home/airflow/.local/lib/python3.12/site-packages/airflow/example_dags/example_latest_only_with_trigger.py took 0.120 seconds
[2024-12-07T17:38:34.501+0000] {processor.py:186} INFO - Started process (PID=9075) to work on /home/airflow/.local/lib/python3.12/site-packages/airflow/example_dags/example_latest_only_with_trigger.py
[2024-12-07T17:38:34.503+0000] {processor.py:914} INFO - Processing file /home/airflow/.local/lib/python3.12/site-packages/airflow/example_dags/example_latest_only_with_trigger.py for tasks to queue
[2024-12-07T17:38:34.507+0000] {logging_mixin.py:190} INFO - [2024-12-07T17:38:34.507+0000] {dagbag.py:588} INFO - Filling up the DagBag from /home/airflow/.local/lib/python3.12/site-packages/airflow/example_dags/example_latest_only_with_trigger.py
[2024-12-07T17:38:34.529+0000] {processor.py:925} INFO - DAG(s) 'latest_only_with_trigger' retrieved from /home/airflow/.local/lib/python3.12/site-packages/airflow/example_dags/example_latest_only_with_trigger.py
[2024-12-07T17:38:34.596+0000] {logging_mixin.py:190} INFO - [2024-12-07T17:38:34.595+0000] {dag.py:3239} INFO - Sync 1 DAGs
[2024-12-07T17:38:34.695+0000] {logging_mixin.py:190} INFO - [2024-12-07T17:38:34.694+0000] {dag.py:4180} INFO - Setting next_dagrun for latest_only_with_trigger to 2024-12-07 12:00:00+00:00, run_after=2024-12-07 16:00:00+00:00
[2024-12-07T17:38:34.810+0000] {processor.py:208} INFO - Processing /home/airflow/.local/lib/python3.12/site-packages/airflow/example_dags/example_latest_only_with_trigger.py took 0.323 seconds
[2024-12-07T17:39:05.195+0000] {processor.py:186} INFO - Started process (PID=9366) to work on /home/airflow/.local/lib/python3.12/site-packages/airflow/example_dags/example_latest_only_with_trigger.py
[2024-12-07T17:39:05.197+0000] {processor.py:914} INFO - Processing file /home/airflow/.local/lib/python3.12/site-packages/airflow/example_dags/example_latest_only_with_trigger.py for tasks to queue
[2024-12-07T17:39:05.201+0000] {logging_mixin.py:190} INFO - [2024-12-07T17:39:05.200+0000] {dagbag.py:588} INFO - Filling up the DagBag from /home/airflow/.local/lib/python3.12/site-packages/airflow/example_dags/example_latest_only_with_trigger.py
[2024-12-07T17:39:05.213+0000] {processor.py:925} INFO - DAG(s) 'latest_only_with_trigger' retrieved from /home/airflow/.local/lib/python3.12/site-packages/airflow/example_dags/example_latest_only_with_trigger.py
[2024-12-07T17:39:05.251+0000] {logging_mixin.py:190} INFO - [2024-12-07T17:39:05.250+0000] {dag.py:3239} INFO - Sync 1 DAGs
[2024-12-07T17:39:05.311+0000] {logging_mixin.py:190} INFO - [2024-12-07T17:39:05.310+0000] {dag.py:4180} INFO - Setting next_dagrun for latest_only_with_trigger to 2024-12-07 12:00:00+00:00, run_after=2024-12-07 16:00:00+00:00
[2024-12-07T17:39:05.345+0000] {processor.py:208} INFO - Processing /home/airflow/.local/lib/python3.12/site-packages/airflow/example_dags/example_latest_only_with_trigger.py took 0.159 seconds
[2024-12-07T17:39:36.241+0000] {processor.py:186} INFO - Started process (PID=9658) to work on /home/airflow/.local/lib/python3.12/site-packages/airflow/example_dags/example_latest_only_with_trigger.py
[2024-12-07T17:39:36.242+0000] {processor.py:914} INFO - Processing file /home/airflow/.local/lib/python3.12/site-packages/airflow/example_dags/example_latest_only_with_trigger.py for tasks to queue
[2024-12-07T17:39:36.247+0000] {logging_mixin.py:190} INFO - [2024-12-07T17:39:36.246+0000] {dagbag.py:588} INFO - Filling up the DagBag from /home/airflow/.local/lib/python3.12/site-packages/airflow/example_dags/example_latest_only_with_trigger.py
[2024-12-07T17:39:36.262+0000] {processor.py:925} INFO - DAG(s) 'latest_only_with_trigger' retrieved from /home/airflow/.local/lib/python3.12/site-packages/airflow/example_dags/example_latest_only_with_trigger.py
[2024-12-07T17:39:36.301+0000] {logging_mixin.py:190} INFO - [2024-12-07T17:39:36.301+0000] {dag.py:3239} INFO - Sync 1 DAGs
[2024-12-07T17:39:36.342+0000] {logging_mixin.py:190} INFO - [2024-12-07T17:39:36.342+0000] {dag.py:4180} INFO - Setting next_dagrun for latest_only_with_trigger to 2024-12-07 12:00:00+00:00, run_after=2024-12-07 16:00:00+00:00
[2024-12-07T17:39:36.372+0000] {processor.py:208} INFO - Processing /home/airflow/.local/lib/python3.12/site-packages/airflow/example_dags/example_latest_only_with_trigger.py took 0.142 seconds
[2024-12-07T17:40:06.619+0000] {processor.py:186} INFO - Started process (PID=9946) to work on /home/airflow/.local/lib/python3.12/site-packages/airflow/example_dags/example_latest_only_with_trigger.py
[2024-12-07T17:40:06.621+0000] {processor.py:914} INFO - Processing file /home/airflow/.local/lib/python3.12/site-packages/airflow/example_dags/example_latest_only_with_trigger.py for tasks to queue
[2024-12-07T17:40:06.625+0000] {logging_mixin.py:190} INFO - [2024-12-07T17:40:06.624+0000] {dagbag.py:588} INFO - Filling up the DagBag from /home/airflow/.local/lib/python3.12/site-packages/airflow/example_dags/example_latest_only_with_trigger.py
[2024-12-07T17:40:06.637+0000] {processor.py:925} INFO - DAG(s) 'latest_only_with_trigger' retrieved from /home/airflow/.local/lib/python3.12/site-packages/airflow/example_dags/example_latest_only_with_trigger.py
[2024-12-07T17:40:06.675+0000] {logging_mixin.py:190} INFO - [2024-12-07T17:40:06.675+0000] {dag.py:3239} INFO - Sync 1 DAGs
[2024-12-07T17:40:06.711+0000] {logging_mixin.py:190} INFO - [2024-12-07T17:40:06.711+0000] {dag.py:4180} INFO - Setting next_dagrun for latest_only_with_trigger to 2024-12-07 12:00:00+00:00, run_after=2024-12-07 16:00:00+00:00
[2024-12-07T17:40:06.745+0000] {processor.py:208} INFO - Processing /home/airflow/.local/lib/python3.12/site-packages/airflow/example_dags/example_latest_only_with_trigger.py took 0.136 seconds
[2024-12-07T17:40:40.139+0000] {processor.py:186} INFO - Started process (PID=10240) to work on /home/airflow/.local/lib/python3.12/site-packages/airflow/example_dags/example_latest_only_with_trigger.py
[2024-12-07T17:40:40.141+0000] {processor.py:914} INFO - Processing file /home/airflow/.local/lib/python3.12/site-packages/airflow/example_dags/example_latest_only_with_trigger.py for tasks to queue
[2024-12-07T17:40:40.146+0000] {logging_mixin.py:190} INFO - [2024-12-07T17:40:40.145+0000] {dagbag.py:588} INFO - Filling up the DagBag from /home/airflow/.local/lib/python3.12/site-packages/airflow/example_dags/example_latest_only_with_trigger.py
[2024-12-07T17:40:40.157+0000] {processor.py:925} INFO - DAG(s) 'latest_only_with_trigger' retrieved from /home/airflow/.local/lib/python3.12/site-packages/airflow/example_dags/example_latest_only_with_trigger.py
[2024-12-07T17:40:40.198+0000] {logging_mixin.py:190} INFO - [2024-12-07T17:40:40.198+0000] {dag.py:3239} INFO - Sync 1 DAGs
[2024-12-07T17:40:40.246+0000] {logging_mixin.py:190} INFO - [2024-12-07T17:40:40.245+0000] {dag.py:4180} INFO - Setting next_dagrun for latest_only_with_trigger to 2024-12-07 12:00:00+00:00, run_after=2024-12-07 16:00:00+00:00
[2024-12-07T17:40:40.316+0000] {processor.py:208} INFO - Processing /home/airflow/.local/lib/python3.12/site-packages/airflow/example_dags/example_latest_only_with_trigger.py took 0.189 seconds
[2024-12-07T17:41:11.031+0000] {processor.py:186} INFO - Started process (PID=10526) to work on /home/airflow/.local/lib/python3.12/site-packages/airflow/example_dags/example_latest_only_with_trigger.py
[2024-12-07T17:41:11.036+0000] {processor.py:914} INFO - Processing file /home/airflow/.local/lib/python3.12/site-packages/airflow/example_dags/example_latest_only_with_trigger.py for tasks to queue
[2024-12-07T17:41:11.042+0000] {logging_mixin.py:190} INFO - [2024-12-07T17:41:11.042+0000] {dagbag.py:588} INFO - Filling up the DagBag from /home/airflow/.local/lib/python3.12/site-packages/airflow/example_dags/example_latest_only_with_trigger.py
[2024-12-07T17:41:11.056+0000] {processor.py:925} INFO - DAG(s) 'latest_only_with_trigger' retrieved from /home/airflow/.local/lib/python3.12/site-packages/airflow/example_dags/example_latest_only_with_trigger.py
[2024-12-07T17:41:11.103+0000] {logging_mixin.py:190} INFO - [2024-12-07T17:41:11.103+0000] {dag.py:3239} INFO - Sync 1 DAGs
[2024-12-07T17:41:11.148+0000] {logging_mixin.py:190} INFO - [2024-12-07T17:41:11.148+0000] {dag.py:4180} INFO - Setting next_dagrun for latest_only_with_trigger to 2024-12-07 12:00:00+00:00, run_after=2024-12-07 16:00:00+00:00
[2024-12-07T17:41:11.177+0000] {processor.py:208} INFO - Processing /home/airflow/.local/lib/python3.12/site-packages/airflow/example_dags/example_latest_only_with_trigger.py took 0.158 seconds
[2024-12-07T17:41:42.006+0000] {processor.py:186} INFO - Started process (PID=10818) to work on /home/airflow/.local/lib/python3.12/site-packages/airflow/example_dags/example_latest_only_with_trigger.py
[2024-12-07T17:41:42.008+0000] {processor.py:914} INFO - Processing file /home/airflow/.local/lib/python3.12/site-packages/airflow/example_dags/example_latest_only_with_trigger.py for tasks to queue
[2024-12-07T17:41:42.012+0000] {logging_mixin.py:190} INFO - [2024-12-07T17:41:42.011+0000] {dagbag.py:588} INFO - Filling up the DagBag from /home/airflow/.local/lib/python3.12/site-packages/airflow/example_dags/example_latest_only_with_trigger.py
[2024-12-07T17:41:42.025+0000] {processor.py:925} INFO - DAG(s) 'latest_only_with_trigger' retrieved from /home/airflow/.local/lib/python3.12/site-packages/airflow/example_dags/example_latest_only_with_trigger.py
[2024-12-07T17:41:42.061+0000] {logging_mixin.py:190} INFO - [2024-12-07T17:41:42.061+0000] {dag.py:3239} INFO - Sync 1 DAGs
[2024-12-07T17:41:42.157+0000] {logging_mixin.py:190} INFO - [2024-12-07T17:41:42.149+0000] {dag.py:4180} INFO - Setting next_dagrun for latest_only_with_trigger to 2024-12-07 12:00:00+00:00, run_after=2024-12-07 16:00:00+00:00
[2024-12-07T17:41:42.214+0000] {processor.py:208} INFO - Processing /home/airflow/.local/lib/python3.12/site-packages/airflow/example_dags/example_latest_only_with_trigger.py took 0.220 seconds
[2024-12-07T17:42:13.289+0000] {processor.py:186} INFO - Started process (PID=11110) to work on /home/airflow/.local/lib/python3.12/site-packages/airflow/example_dags/example_latest_only_with_trigger.py
[2024-12-07T17:42:13.292+0000] {processor.py:914} INFO - Processing file /home/airflow/.local/lib/python3.12/site-packages/airflow/example_dags/example_latest_only_with_trigger.py for tasks to queue
[2024-12-07T17:42:13.302+0000] {logging_mixin.py:190} INFO - [2024-12-07T17:42:13.301+0000] {dagbag.py:588} INFO - Filling up the DagBag from /home/airflow/.local/lib/python3.12/site-packages/airflow/example_dags/example_latest_only_with_trigger.py
[2024-12-07T17:42:13.322+0000] {processor.py:925} INFO - DAG(s) 'latest_only_with_trigger' retrieved from /home/airflow/.local/lib/python3.12/site-packages/airflow/example_dags/example_latest_only_with_trigger.py
[2024-12-07T17:42:13.360+0000] {logging_mixin.py:190} INFO - [2024-12-07T17:42:13.359+0000] {dag.py:3239} INFO - Sync 1 DAGs
[2024-12-07T17:42:13.403+0000] {logging_mixin.py:190} INFO - [2024-12-07T17:42:13.403+0000] {dag.py:4180} INFO - Setting next_dagrun for latest_only_with_trigger to 2024-12-07 12:00:00+00:00, run_after=2024-12-07 16:00:00+00:00
[2024-12-07T17:42:13.431+0000] {processor.py:208} INFO - Processing /home/airflow/.local/lib/python3.12/site-packages/airflow/example_dags/example_latest_only_with_trigger.py took 0.158 seconds
[2024-12-07T17:42:43.489+0000] {processor.py:186} INFO - Started process (PID=11398) to work on /home/airflow/.local/lib/python3.12/site-packages/airflow/example_dags/example_latest_only_with_trigger.py
[2024-12-07T17:42:43.490+0000] {processor.py:914} INFO - Processing file /home/airflow/.local/lib/python3.12/site-packages/airflow/example_dags/example_latest_only_with_trigger.py for tasks to queue
[2024-12-07T17:42:43.493+0000] {logging_mixin.py:190} INFO - [2024-12-07T17:42:43.492+0000] {dagbag.py:588} INFO - Filling up the DagBag from /home/airflow/.local/lib/python3.12/site-packages/airflow/example_dags/example_latest_only_with_trigger.py
[2024-12-07T17:42:43.501+0000] {processor.py:925} INFO - DAG(s) 'latest_only_with_trigger' retrieved from /home/airflow/.local/lib/python3.12/site-packages/airflow/example_dags/example_latest_only_with_trigger.py
[2024-12-07T17:42:43.524+0000] {logging_mixin.py:190} INFO - [2024-12-07T17:42:43.524+0000] {dag.py:3239} INFO - Sync 1 DAGs
[2024-12-07T17:42:43.552+0000] {logging_mixin.py:190} INFO - [2024-12-07T17:42:43.551+0000] {dag.py:4180} INFO - Setting next_dagrun for latest_only_with_trigger to 2024-12-07 12:00:00+00:00, run_after=2024-12-07 16:00:00+00:00
[2024-12-07T17:42:43.576+0000] {processor.py:208} INFO - Processing /home/airflow/.local/lib/python3.12/site-packages/airflow/example_dags/example_latest_only_with_trigger.py took 0.095 seconds
[2024-12-07T17:43:13.763+0000] {processor.py:186} INFO - Started process (PID=11690) to work on /home/airflow/.local/lib/python3.12/site-packages/airflow/example_dags/example_latest_only_with_trigger.py
[2024-12-07T17:43:13.764+0000] {processor.py:914} INFO - Processing file /home/airflow/.local/lib/python3.12/site-packages/airflow/example_dags/example_latest_only_with_trigger.py for tasks to queue
[2024-12-07T17:43:13.769+0000] {logging_mixin.py:190} INFO - [2024-12-07T17:43:13.768+0000] {dagbag.py:588} INFO - Filling up the DagBag from /home/airflow/.local/lib/python3.12/site-packages/airflow/example_dags/example_latest_only_with_trigger.py
[2024-12-07T17:43:13.781+0000] {processor.py:925} INFO - DAG(s) 'latest_only_with_trigger' retrieved from /home/airflow/.local/lib/python3.12/site-packages/airflow/example_dags/example_latest_only_with_trigger.py
[2024-12-07T17:43:13.818+0000] {logging_mixin.py:190} INFO - [2024-12-07T17:43:13.817+0000] {dag.py:3239} INFO - Sync 1 DAGs
[2024-12-07T17:43:13.876+0000] {logging_mixin.py:190} INFO - [2024-12-07T17:43:13.875+0000] {dag.py:4180} INFO - Setting next_dagrun for latest_only_with_trigger to 2024-12-07 12:00:00+00:00, run_after=2024-12-07 16:00:00+00:00
[2024-12-07T17:43:13.915+0000] {processor.py:208} INFO - Processing /home/airflow/.local/lib/python3.12/site-packages/airflow/example_dags/example_latest_only_with_trigger.py took 0.161 seconds
