[2024-12-07T17:22:29.704+0000] {processor.py:186} INFO - Started process (PID=241) to work on /home/airflow/.local/lib/python3.12/site-packages/airflow/example_dags/example_dag_decorator.py
[2024-12-07T17:22:29.708+0000] {processor.py:914} INFO - Processing file /home/airflow/.local/lib/python3.12/site-packages/airflow/example_dags/example_dag_decorator.py for tasks to queue
[2024-12-07T17:22:29.714+0000] {logging_mixin.py:190} INFO - [2024-12-07T17:22:29.713+0000] {dagbag.py:588} INFO - Filling up the DagBag from /home/airflow/.local/lib/python3.12/site-packages/airflow/example_dags/example_dag_decorator.py
[2024-12-07T17:22:29.743+0000] {processor.py:925} INFO - DAG(s) 'example_dag_decorator' retrieved from /home/airflow/.local/lib/python3.12/site-packages/airflow/example_dags/example_dag_decorator.py
[2024-12-07T17:22:30.115+0000] {logging_mixin.py:190} INFO - [2024-12-07T17:22:30.114+0000] {override.py:1911} INFO - Created Permission View: can delete on DAG:example_dag_decorator
[2024-12-07T17:22:30.188+0000] {logging_mixin.py:190} INFO - [2024-12-07T17:22:30.188+0000] {override.py:1911} INFO - Created Permission View: can read on DAG:example_dag_decorator
[2024-12-07T17:22:30.227+0000] {logging_mixin.py:190} INFO - [2024-12-07T17:22:30.221+0000] {override.py:1911} INFO - Created Permission View: can edit on DAG:example_dag_decorator
[2024-12-07T17:22:30.262+0000] {logging_mixin.py:190} INFO - [2024-12-07T17:22:30.261+0000] {override.py:1911} INFO - Created Permission View: menu access on DAG Run:example_dag_decorator
[2024-12-07T17:22:30.299+0000] {logging_mixin.py:190} INFO - [2024-12-07T17:22:30.299+0000] {override.py:1911} INFO - Created Permission View: can delete on DAG Run:example_dag_decorator
[2024-12-07T17:22:30.334+0000] {logging_mixin.py:190} INFO - [2024-12-07T17:22:30.334+0000] {override.py:1911} INFO - Created Permission View: can read on DAG Run:example_dag_decorator
[2024-12-07T17:22:30.359+0000] {logging_mixin.py:190} INFO - [2024-12-07T17:22:30.358+0000] {override.py:1911} INFO - Created Permission View: can create on DAG Run:example_dag_decorator
[2024-12-07T17:22:30.360+0000] {logging_mixin.py:190} INFO - [2024-12-07T17:22:30.360+0000] {dag.py:3239} INFO - Sync 1 DAGs
[2024-12-07T17:22:30.388+0000] {logging_mixin.py:190} INFO - [2024-12-07T17:22:30.388+0000] {dag.py:3262} INFO - Creating ORM DAG for example_dag_decorator
[2024-12-07T17:22:30.390+0000] {logging_mixin.py:190} INFO - [2024-12-07T17:22:30.390+0000] {dag.py:4180} INFO - Setting next_dagrun for example_dag_decorator to None, run_after=None
[2024-12-07T17:22:30.428+0000] {processor.py:208} INFO - Processing /home/airflow/.local/lib/python3.12/site-packages/airflow/example_dags/example_dag_decorator.py took 0.735 seconds
[2024-12-07T17:23:11.336+0000] {processor.py:186} INFO - Started process (PID=533) to work on /home/airflow/.local/lib/python3.12/site-packages/airflow/example_dags/example_dag_decorator.py
[2024-12-07T17:23:11.338+0000] {processor.py:914} INFO - Processing file /home/airflow/.local/lib/python3.12/site-packages/airflow/example_dags/example_dag_decorator.py for tasks to queue
[2024-12-07T17:23:11.343+0000] {logging_mixin.py:190} INFO - [2024-12-07T17:23:11.342+0000] {dagbag.py:588} INFO - Filling up the DagBag from /home/airflow/.local/lib/python3.12/site-packages/airflow/example_dags/example_dag_decorator.py
[2024-12-07T17:23:11.378+0000] {processor.py:925} INFO - DAG(s) 'example_dag_decorator' retrieved from /home/airflow/.local/lib/python3.12/site-packages/airflow/example_dags/example_dag_decorator.py
[2024-12-07T17:23:11.425+0000] {logging_mixin.py:190} INFO - [2024-12-07T17:23:11.425+0000] {dag.py:3239} INFO - Sync 1 DAGs
[2024-12-07T17:23:11.471+0000] {logging_mixin.py:190} INFO - [2024-12-07T17:23:11.466+0000] {dag.py:4180} INFO - Setting next_dagrun for example_dag_decorator to None, run_after=None
[2024-12-07T17:23:11.536+0000] {processor.py:208} INFO - Processing /home/airflow/.local/lib/python3.12/site-packages/airflow/example_dags/example_dag_decorator.py took 0.210 seconds
[2024-12-07T17:23:56.408+0000] {processor.py:186} INFO - Started process (PID=832) to work on /home/airflow/.local/lib/python3.12/site-packages/airflow/example_dags/example_dag_decorator.py
[2024-12-07T17:23:56.410+0000] {processor.py:914} INFO - Processing file /home/airflow/.local/lib/python3.12/site-packages/airflow/example_dags/example_dag_decorator.py for tasks to queue
[2024-12-07T17:23:56.414+0000] {logging_mixin.py:190} INFO - [2024-12-07T17:23:56.413+0000] {dagbag.py:588} INFO - Filling up the DagBag from /home/airflow/.local/lib/python3.12/site-packages/airflow/example_dags/example_dag_decorator.py
[2024-12-07T17:23:56.449+0000] {processor.py:925} INFO - DAG(s) 'example_dag_decorator' retrieved from /home/airflow/.local/lib/python3.12/site-packages/airflow/example_dags/example_dag_decorator.py
[2024-12-07T17:23:56.499+0000] {logging_mixin.py:190} INFO - [2024-12-07T17:23:56.498+0000] {dag.py:3239} INFO - Sync 1 DAGs
[2024-12-07T17:23:56.540+0000] {logging_mixin.py:190} INFO - [2024-12-07T17:23:56.540+0000] {dag.py:4180} INFO - Setting next_dagrun for example_dag_decorator to None, run_after=None
[2024-12-07T17:23:56.645+0000] {processor.py:208} INFO - Processing /home/airflow/.local/lib/python3.12/site-packages/airflow/example_dags/example_dag_decorator.py took 0.254 seconds
[2024-12-07T17:24:31.197+0000] {processor.py:186} INFO - Started process (PID=1121) to work on /home/airflow/.local/lib/python3.12/site-packages/airflow/example_dags/example_dag_decorator.py
[2024-12-07T17:24:31.199+0000] {processor.py:914} INFO - Processing file /home/airflow/.local/lib/python3.12/site-packages/airflow/example_dags/example_dag_decorator.py for tasks to queue
[2024-12-07T17:24:31.207+0000] {logging_mixin.py:190} INFO - [2024-12-07T17:24:31.207+0000] {dagbag.py:588} INFO - Filling up the DagBag from /home/airflow/.local/lib/python3.12/site-packages/airflow/example_dags/example_dag_decorator.py
[2024-12-07T17:24:31.255+0000] {processor.py:925} INFO - DAG(s) 'example_dag_decorator' retrieved from /home/airflow/.local/lib/python3.12/site-packages/airflow/example_dags/example_dag_decorator.py
[2024-12-07T17:24:31.338+0000] {logging_mixin.py:190} INFO - [2024-12-07T17:24:31.337+0000] {dag.py:3239} INFO - Sync 1 DAGs
[2024-12-07T17:24:31.375+0000] {logging_mixin.py:190} INFO - [2024-12-07T17:24:31.374+0000] {dag.py:4180} INFO - Setting next_dagrun for example_dag_decorator to None, run_after=None
[2024-12-07T17:24:31.418+0000] {processor.py:208} INFO - Processing /home/airflow/.local/lib/python3.12/site-packages/airflow/example_dags/example_dag_decorator.py took 0.246 seconds
[2024-12-07T17:25:01.870+0000] {processor.py:186} INFO - Started process (PID=1412) to work on /home/airflow/.local/lib/python3.12/site-packages/airflow/example_dags/example_dag_decorator.py
[2024-12-07T17:25:01.872+0000] {processor.py:914} INFO - Processing file /home/airflow/.local/lib/python3.12/site-packages/airflow/example_dags/example_dag_decorator.py for tasks to queue
[2024-12-07T17:25:01.876+0000] {logging_mixin.py:190} INFO - [2024-12-07T17:25:01.875+0000] {dagbag.py:588} INFO - Filling up the DagBag from /home/airflow/.local/lib/python3.12/site-packages/airflow/example_dags/example_dag_decorator.py
[2024-12-07T17:25:01.890+0000] {processor.py:925} INFO - DAG(s) 'example_dag_decorator' retrieved from /home/airflow/.local/lib/python3.12/site-packages/airflow/example_dags/example_dag_decorator.py
[2024-12-07T17:25:02.106+0000] {logging_mixin.py:190} INFO - [2024-12-07T17:25:02.105+0000] {dag.py:3239} INFO - Sync 1 DAGs
[2024-12-07T17:25:02.178+0000] {logging_mixin.py:190} INFO - [2024-12-07T17:25:02.177+0000] {dag.py:4180} INFO - Setting next_dagrun for example_dag_decorator to None, run_after=None
[2024-12-07T17:25:02.327+0000] {processor.py:208} INFO - Processing /home/airflow/.local/lib/python3.12/site-packages/airflow/example_dags/example_dag_decorator.py took 0.465 seconds
[2024-12-07T17:25:33.318+0000] {processor.py:186} INFO - Started process (PID=1704) to work on /home/airflow/.local/lib/python3.12/site-packages/airflow/example_dags/example_dag_decorator.py
[2024-12-07T17:25:33.321+0000] {processor.py:914} INFO - Processing file /home/airflow/.local/lib/python3.12/site-packages/airflow/example_dags/example_dag_decorator.py for tasks to queue
[2024-12-07T17:25:33.326+0000] {logging_mixin.py:190} INFO - [2024-12-07T17:25:33.325+0000] {dagbag.py:588} INFO - Filling up the DagBag from /home/airflow/.local/lib/python3.12/site-packages/airflow/example_dags/example_dag_decorator.py
[2024-12-07T17:25:33.349+0000] {processor.py:925} INFO - DAG(s) 'example_dag_decorator' retrieved from /home/airflow/.local/lib/python3.12/site-packages/airflow/example_dags/example_dag_decorator.py
[2024-12-07T17:25:33.569+0000] {logging_mixin.py:190} INFO - [2024-12-07T17:25:33.568+0000] {dag.py:3239} INFO - Sync 1 DAGs
[2024-12-07T17:25:33.612+0000] {logging_mixin.py:190} INFO - [2024-12-07T17:25:33.611+0000] {dag.py:4180} INFO - Setting next_dagrun for example_dag_decorator to None, run_after=None
[2024-12-07T17:25:33.679+0000] {processor.py:208} INFO - Processing /home/airflow/.local/lib/python3.12/site-packages/airflow/example_dags/example_dag_decorator.py took 0.372 seconds
[2024-12-07T17:26:04.375+0000] {processor.py:186} INFO - Started process (PID=1995) to work on /home/airflow/.local/lib/python3.12/site-packages/airflow/example_dags/example_dag_decorator.py
[2024-12-07T17:26:04.377+0000] {processor.py:914} INFO - Processing file /home/airflow/.local/lib/python3.12/site-packages/airflow/example_dags/example_dag_decorator.py for tasks to queue
[2024-12-07T17:26:04.380+0000] {logging_mixin.py:190} INFO - [2024-12-07T17:26:04.379+0000] {dagbag.py:588} INFO - Filling up the DagBag from /home/airflow/.local/lib/python3.12/site-packages/airflow/example_dags/example_dag_decorator.py
[2024-12-07T17:26:04.401+0000] {processor.py:925} INFO - DAG(s) 'example_dag_decorator' retrieved from /home/airflow/.local/lib/python3.12/site-packages/airflow/example_dags/example_dag_decorator.py
[2024-12-07T17:26:04.654+0000] {logging_mixin.py:190} INFO - [2024-12-07T17:26:04.653+0000] {dag.py:3239} INFO - Sync 1 DAGs
[2024-12-07T17:26:04.685+0000] {logging_mixin.py:190} INFO - [2024-12-07T17:26:04.685+0000] {dag.py:4180} INFO - Setting next_dagrun for example_dag_decorator to None, run_after=None
[2024-12-07T17:26:04.718+0000] {processor.py:208} INFO - Processing /home/airflow/.local/lib/python3.12/site-packages/airflow/example_dags/example_dag_decorator.py took 0.354 seconds
[2024-12-07T17:26:35.216+0000] {processor.py:186} INFO - Started process (PID=2282) to work on /home/airflow/.local/lib/python3.12/site-packages/airflow/example_dags/example_dag_decorator.py
[2024-12-07T17:26:35.218+0000] {processor.py:914} INFO - Processing file /home/airflow/.local/lib/python3.12/site-packages/airflow/example_dags/example_dag_decorator.py for tasks to queue
[2024-12-07T17:26:35.223+0000] {logging_mixin.py:190} INFO - [2024-12-07T17:26:35.221+0000] {dagbag.py:588} INFO - Filling up the DagBag from /home/airflow/.local/lib/python3.12/site-packages/airflow/example_dags/example_dag_decorator.py
[2024-12-07T17:26:35.246+0000] {processor.py:925} INFO - DAG(s) 'example_dag_decorator' retrieved from /home/airflow/.local/lib/python3.12/site-packages/airflow/example_dags/example_dag_decorator.py
[2024-12-07T17:26:35.559+0000] {logging_mixin.py:190} INFO - [2024-12-07T17:26:35.558+0000] {dag.py:3239} INFO - Sync 1 DAGs
[2024-12-07T17:26:35.590+0000] {logging_mixin.py:190} INFO - [2024-12-07T17:26:35.589+0000] {dag.py:4180} INFO - Setting next_dagrun for example_dag_decorator to None, run_after=None
[2024-12-07T17:26:35.665+0000] {processor.py:208} INFO - Processing /home/airflow/.local/lib/python3.12/site-packages/airflow/example_dags/example_dag_decorator.py took 0.471 seconds
[2024-12-07T17:27:06.211+0000] {processor.py:186} INFO - Started process (PID=2573) to work on /home/airflow/.local/lib/python3.12/site-packages/airflow/example_dags/example_dag_decorator.py
[2024-12-07T17:27:06.212+0000] {processor.py:914} INFO - Processing file /home/airflow/.local/lib/python3.12/site-packages/airflow/example_dags/example_dag_decorator.py for tasks to queue
[2024-12-07T17:27:06.216+0000] {logging_mixin.py:190} INFO - [2024-12-07T17:27:06.216+0000] {dagbag.py:588} INFO - Filling up the DagBag from /home/airflow/.local/lib/python3.12/site-packages/airflow/example_dags/example_dag_decorator.py
[2024-12-07T17:27:06.232+0000] {processor.py:925} INFO - DAG(s) 'example_dag_decorator' retrieved from /home/airflow/.local/lib/python3.12/site-packages/airflow/example_dags/example_dag_decorator.py
[2024-12-07T17:27:06.420+0000] {logging_mixin.py:190} INFO - [2024-12-07T17:27:06.420+0000] {dag.py:3239} INFO - Sync 1 DAGs
[2024-12-07T17:27:06.439+0000] {logging_mixin.py:190} INFO - [2024-12-07T17:27:06.438+0000] {dag.py:4180} INFO - Setting next_dagrun for example_dag_decorator to None, run_after=None
[2024-12-07T17:27:06.473+0000] {processor.py:208} INFO - Processing /home/airflow/.local/lib/python3.12/site-packages/airflow/example_dags/example_dag_decorator.py took 0.270 seconds
[2024-12-07T17:27:36.693+0000] {processor.py:186} INFO - Started process (PID=2864) to work on /home/airflow/.local/lib/python3.12/site-packages/airflow/example_dags/example_dag_decorator.py
[2024-12-07T17:27:36.695+0000] {processor.py:914} INFO - Processing file /home/airflow/.local/lib/python3.12/site-packages/airflow/example_dags/example_dag_decorator.py for tasks to queue
[2024-12-07T17:27:36.699+0000] {logging_mixin.py:190} INFO - [2024-12-07T17:27:36.698+0000] {dagbag.py:588} INFO - Filling up the DagBag from /home/airflow/.local/lib/python3.12/site-packages/airflow/example_dags/example_dag_decorator.py
[2024-12-07T17:27:36.724+0000] {processor.py:925} INFO - DAG(s) 'example_dag_decorator' retrieved from /home/airflow/.local/lib/python3.12/site-packages/airflow/example_dags/example_dag_decorator.py
[2024-12-07T17:27:36.941+0000] {logging_mixin.py:190} INFO - [2024-12-07T17:27:36.941+0000] {dag.py:3239} INFO - Sync 1 DAGs
[2024-12-07T17:27:36.961+0000] {logging_mixin.py:190} INFO - [2024-12-07T17:27:36.961+0000] {dag.py:4180} INFO - Setting next_dagrun for example_dag_decorator to None, run_after=None
[2024-12-07T17:27:36.988+0000] {processor.py:208} INFO - Processing /home/airflow/.local/lib/python3.12/site-packages/airflow/example_dags/example_dag_decorator.py took 0.305 seconds
[2024-12-07T17:28:07.179+0000] {processor.py:186} INFO - Started process (PID=3153) to work on /home/airflow/.local/lib/python3.12/site-packages/airflow/example_dags/example_dag_decorator.py
[2024-12-07T17:28:07.194+0000] {processor.py:914} INFO - Processing file /home/airflow/.local/lib/python3.12/site-packages/airflow/example_dags/example_dag_decorator.py for tasks to queue
[2024-12-07T17:28:07.207+0000] {logging_mixin.py:190} INFO - [2024-12-07T17:28:07.198+0000] {dagbag.py:588} INFO - Filling up the DagBag from /home/airflow/.local/lib/python3.12/site-packages/airflow/example_dags/example_dag_decorator.py
[2024-12-07T17:28:07.249+0000] {processor.py:925} INFO - DAG(s) 'example_dag_decorator' retrieved from /home/airflow/.local/lib/python3.12/site-packages/airflow/example_dags/example_dag_decorator.py
[2024-12-07T17:28:07.790+0000] {logging_mixin.py:190} INFO - [2024-12-07T17:28:07.784+0000] {dag.py:3239} INFO - Sync 1 DAGs
[2024-12-07T17:28:07.851+0000] {logging_mixin.py:190} INFO - [2024-12-07T17:28:07.850+0000] {dag.py:4180} INFO - Setting next_dagrun for example_dag_decorator to None, run_after=None
[2024-12-07T17:28:08.032+0000] {processor.py:208} INFO - Processing /home/airflow/.local/lib/python3.12/site-packages/airflow/example_dags/example_dag_decorator.py took 0.880 seconds
[2024-12-07T17:28:38.337+0000] {processor.py:186} INFO - Started process (PID=3451) to work on /home/airflow/.local/lib/python3.12/site-packages/airflow/example_dags/example_dag_decorator.py
[2024-12-07T17:28:38.338+0000] {processor.py:914} INFO - Processing file /home/airflow/.local/lib/python3.12/site-packages/airflow/example_dags/example_dag_decorator.py for tasks to queue
[2024-12-07T17:28:38.341+0000] {logging_mixin.py:190} INFO - [2024-12-07T17:28:38.341+0000] {dagbag.py:588} INFO - Filling up the DagBag from /home/airflow/.local/lib/python3.12/site-packages/airflow/example_dags/example_dag_decorator.py
[2024-12-07T17:28:38.357+0000] {processor.py:925} INFO - DAG(s) 'example_dag_decorator' retrieved from /home/airflow/.local/lib/python3.12/site-packages/airflow/example_dags/example_dag_decorator.py
[2024-12-07T17:28:38.596+0000] {logging_mixin.py:190} INFO - [2024-12-07T17:28:38.595+0000] {dag.py:3239} INFO - Sync 1 DAGs
[2024-12-07T17:28:38.619+0000] {logging_mixin.py:190} INFO - [2024-12-07T17:28:38.619+0000] {dag.py:4180} INFO - Setting next_dagrun for example_dag_decorator to None, run_after=None
[2024-12-07T17:28:38.671+0000] {processor.py:208} INFO - Processing /home/airflow/.local/lib/python3.12/site-packages/airflow/example_dags/example_dag_decorator.py took 0.343 seconds
[2024-12-07T17:29:09.552+0000] {processor.py:186} INFO - Started process (PID=3742) to work on /home/airflow/.local/lib/python3.12/site-packages/airflow/example_dags/example_dag_decorator.py
[2024-12-07T17:29:09.554+0000] {processor.py:914} INFO - Processing file /home/airflow/.local/lib/python3.12/site-packages/airflow/example_dags/example_dag_decorator.py for tasks to queue
[2024-12-07T17:29:09.558+0000] {logging_mixin.py:190} INFO - [2024-12-07T17:29:09.557+0000] {dagbag.py:588} INFO - Filling up the DagBag from /home/airflow/.local/lib/python3.12/site-packages/airflow/example_dags/example_dag_decorator.py
[2024-12-07T17:29:09.587+0000] {processor.py:925} INFO - DAG(s) 'example_dag_decorator' retrieved from /home/airflow/.local/lib/python3.12/site-packages/airflow/example_dags/example_dag_decorator.py
[2024-12-07T17:29:09.627+0000] {logging_mixin.py:190} INFO - [2024-12-07T17:29:09.626+0000] {dag.py:3239} INFO - Sync 1 DAGs
[2024-12-07T17:29:09.657+0000] {logging_mixin.py:190} INFO - [2024-12-07T17:29:09.657+0000] {dag.py:4180} INFO - Setting next_dagrun for example_dag_decorator to None, run_after=None
[2024-12-07T17:29:09.690+0000] {processor.py:208} INFO - Processing /home/airflow/.local/lib/python3.12/site-packages/airflow/example_dags/example_dag_decorator.py took 0.152 seconds
[2024-12-07T17:29:40.281+0000] {processor.py:186} INFO - Started process (PID=4035) to work on /home/airflow/.local/lib/python3.12/site-packages/airflow/example_dags/example_dag_decorator.py
[2024-12-07T17:29:40.283+0000] {processor.py:914} INFO - Processing file /home/airflow/.local/lib/python3.12/site-packages/airflow/example_dags/example_dag_decorator.py for tasks to queue
[2024-12-07T17:29:40.287+0000] {logging_mixin.py:190} INFO - [2024-12-07T17:29:40.286+0000] {dagbag.py:588} INFO - Filling up the DagBag from /home/airflow/.local/lib/python3.12/site-packages/airflow/example_dags/example_dag_decorator.py
[2024-12-07T17:29:40.304+0000] {processor.py:925} INFO - DAG(s) 'example_dag_decorator' retrieved from /home/airflow/.local/lib/python3.12/site-packages/airflow/example_dags/example_dag_decorator.py
[2024-12-07T17:29:40.515+0000] {logging_mixin.py:190} INFO - [2024-12-07T17:29:40.515+0000] {dag.py:3239} INFO - Sync 1 DAGs
[2024-12-07T17:29:40.535+0000] {logging_mixin.py:190} INFO - [2024-12-07T17:29:40.535+0000] {dag.py:4180} INFO - Setting next_dagrun for example_dag_decorator to None, run_after=None
[2024-12-07T17:29:40.569+0000] {processor.py:208} INFO - Processing /home/airflow/.local/lib/python3.12/site-packages/airflow/example_dags/example_dag_decorator.py took 0.299 seconds
[2024-12-07T17:30:10.882+0000] {processor.py:186} INFO - Started process (PID=4331) to work on /home/airflow/.local/lib/python3.12/site-packages/airflow/example_dags/example_dag_decorator.py
[2024-12-07T17:30:10.885+0000] {processor.py:914} INFO - Processing file /home/airflow/.local/lib/python3.12/site-packages/airflow/example_dags/example_dag_decorator.py for tasks to queue
[2024-12-07T17:30:10.888+0000] {logging_mixin.py:190} INFO - [2024-12-07T17:30:10.888+0000] {dagbag.py:588} INFO - Filling up the DagBag from /home/airflow/.local/lib/python3.12/site-packages/airflow/example_dags/example_dag_decorator.py
[2024-12-07T17:30:10.912+0000] {processor.py:925} INFO - DAG(s) 'example_dag_decorator' retrieved from /home/airflow/.local/lib/python3.12/site-packages/airflow/example_dags/example_dag_decorator.py
[2024-12-07T17:30:11.162+0000] {logging_mixin.py:190} INFO - [2024-12-07T17:30:11.162+0000] {dag.py:3239} INFO - Sync 1 DAGs
[2024-12-07T17:30:11.188+0000] {logging_mixin.py:190} INFO - [2024-12-07T17:30:11.187+0000] {dag.py:4180} INFO - Setting next_dagrun for example_dag_decorator to None, run_after=None
[2024-12-07T17:30:11.230+0000] {processor.py:208} INFO - Processing /home/airflow/.local/lib/python3.12/site-packages/airflow/example_dags/example_dag_decorator.py took 0.360 seconds
[2024-12-07T17:30:41.364+0000] {processor.py:186} INFO - Started process (PID=4612) to work on /home/airflow/.local/lib/python3.12/site-packages/airflow/example_dags/example_dag_decorator.py
[2024-12-07T17:30:41.365+0000] {processor.py:914} INFO - Processing file /home/airflow/.local/lib/python3.12/site-packages/airflow/example_dags/example_dag_decorator.py for tasks to queue
[2024-12-07T17:30:41.368+0000] {logging_mixin.py:190} INFO - [2024-12-07T17:30:41.368+0000] {dagbag.py:588} INFO - Filling up the DagBag from /home/airflow/.local/lib/python3.12/site-packages/airflow/example_dags/example_dag_decorator.py
[2024-12-07T17:30:41.383+0000] {processor.py:925} INFO - DAG(s) 'example_dag_decorator' retrieved from /home/airflow/.local/lib/python3.12/site-packages/airflow/example_dags/example_dag_decorator.py
[2024-12-07T17:30:41.632+0000] {logging_mixin.py:190} INFO - [2024-12-07T17:30:41.632+0000] {dag.py:3239} INFO - Sync 1 DAGs
[2024-12-07T17:30:41.648+0000] {logging_mixin.py:190} INFO - [2024-12-07T17:30:41.648+0000] {dag.py:4180} INFO - Setting next_dagrun for example_dag_decorator to None, run_after=None
[2024-12-07T17:30:41.676+0000] {processor.py:208} INFO - Processing /home/airflow/.local/lib/python3.12/site-packages/airflow/example_dags/example_dag_decorator.py took 0.320 seconds
[2024-12-07T17:31:11.836+0000] {processor.py:186} INFO - Started process (PID=4895) to work on /home/airflow/.local/lib/python3.12/site-packages/airflow/example_dags/example_dag_decorator.py
[2024-12-07T17:31:11.838+0000] {processor.py:914} INFO - Processing file /home/airflow/.local/lib/python3.12/site-packages/airflow/example_dags/example_dag_decorator.py for tasks to queue
[2024-12-07T17:31:11.843+0000] {logging_mixin.py:190} INFO - [2024-12-07T17:31:11.842+0000] {dagbag.py:588} INFO - Filling up the DagBag from /home/airflow/.local/lib/python3.12/site-packages/airflow/example_dags/example_dag_decorator.py
[2024-12-07T17:31:11.877+0000] {processor.py:925} INFO - DAG(s) 'example_dag_decorator' retrieved from /home/airflow/.local/lib/python3.12/site-packages/airflow/example_dags/example_dag_decorator.py
[2024-12-07T17:31:12.223+0000] {logging_mixin.py:190} INFO - [2024-12-07T17:31:12.222+0000] {dag.py:3239} INFO - Sync 1 DAGs
[2024-12-07T17:31:12.244+0000] {logging_mixin.py:190} INFO - [2024-12-07T17:31:12.244+0000] {dag.py:4180} INFO - Setting next_dagrun for example_dag_decorator to None, run_after=None
[2024-12-07T17:31:12.287+0000] {processor.py:208} INFO - Processing /home/airflow/.local/lib/python3.12/site-packages/airflow/example_dags/example_dag_decorator.py took 0.465 seconds
[2024-12-07T17:31:42.699+0000] {processor.py:186} INFO - Started process (PID=5183) to work on /home/airflow/.local/lib/python3.12/site-packages/airflow/example_dags/example_dag_decorator.py
[2024-12-07T17:31:42.700+0000] {processor.py:914} INFO - Processing file /home/airflow/.local/lib/python3.12/site-packages/airflow/example_dags/example_dag_decorator.py for tasks to queue
[2024-12-07T17:31:42.704+0000] {logging_mixin.py:190} INFO - [2024-12-07T17:31:42.703+0000] {dagbag.py:588} INFO - Filling up the DagBag from /home/airflow/.local/lib/python3.12/site-packages/airflow/example_dags/example_dag_decorator.py
[2024-12-07T17:31:42.722+0000] {processor.py:925} INFO - DAG(s) 'example_dag_decorator' retrieved from /home/airflow/.local/lib/python3.12/site-packages/airflow/example_dags/example_dag_decorator.py
[2024-12-07T17:31:42.892+0000] {logging_mixin.py:190} INFO - [2024-12-07T17:31:42.892+0000] {dag.py:3239} INFO - Sync 1 DAGs
[2024-12-07T17:31:42.909+0000] {logging_mixin.py:190} INFO - [2024-12-07T17:31:42.908+0000] {dag.py:4180} INFO - Setting next_dagrun for example_dag_decorator to None, run_after=None
[2024-12-07T17:31:42.944+0000] {processor.py:208} INFO - Processing /home/airflow/.local/lib/python3.12/site-packages/airflow/example_dags/example_dag_decorator.py took 0.254 seconds
[2024-12-07T17:32:13.599+0000] {processor.py:186} INFO - Started process (PID=5474) to work on /home/airflow/.local/lib/python3.12/site-packages/airflow/example_dags/example_dag_decorator.py
[2024-12-07T17:32:13.601+0000] {processor.py:914} INFO - Processing file /home/airflow/.local/lib/python3.12/site-packages/airflow/example_dags/example_dag_decorator.py for tasks to queue
[2024-12-07T17:32:13.606+0000] {logging_mixin.py:190} INFO - [2024-12-07T17:32:13.605+0000] {dagbag.py:588} INFO - Filling up the DagBag from /home/airflow/.local/lib/python3.12/site-packages/airflow/example_dags/example_dag_decorator.py
[2024-12-07T17:32:13.634+0000] {processor.py:925} INFO - DAG(s) 'example_dag_decorator' retrieved from /home/airflow/.local/lib/python3.12/site-packages/airflow/example_dags/example_dag_decorator.py
[2024-12-07T17:32:13.829+0000] {logging_mixin.py:190} INFO - [2024-12-07T17:32:13.829+0000] {dag.py:3239} INFO - Sync 1 DAGs
[2024-12-07T17:32:13.847+0000] {logging_mixin.py:190} INFO - [2024-12-07T17:32:13.847+0000] {dag.py:4180} INFO - Setting next_dagrun for example_dag_decorator to None, run_after=None
[2024-12-07T17:32:13.878+0000] {processor.py:208} INFO - Processing /home/airflow/.local/lib/python3.12/site-packages/airflow/example_dags/example_dag_decorator.py took 0.289 seconds
[2024-12-07T17:32:44.639+0000] {processor.py:186} INFO - Started process (PID=5764) to work on /home/airflow/.local/lib/python3.12/site-packages/airflow/example_dags/example_dag_decorator.py
[2024-12-07T17:32:44.641+0000] {processor.py:914} INFO - Processing file /home/airflow/.local/lib/python3.12/site-packages/airflow/example_dags/example_dag_decorator.py for tasks to queue
[2024-12-07T17:32:44.648+0000] {logging_mixin.py:190} INFO - [2024-12-07T17:32:44.647+0000] {dagbag.py:588} INFO - Filling up the DagBag from /home/airflow/.local/lib/python3.12/site-packages/airflow/example_dags/example_dag_decorator.py
[2024-12-07T17:32:44.678+0000] {processor.py:925} INFO - DAG(s) 'example_dag_decorator' retrieved from /home/airflow/.local/lib/python3.12/site-packages/airflow/example_dags/example_dag_decorator.py
[2024-12-07T17:32:44.879+0000] {logging_mixin.py:190} INFO - [2024-12-07T17:32:44.879+0000] {dag.py:3239} INFO - Sync 1 DAGs
[2024-12-07T17:32:44.898+0000] {logging_mixin.py:190} INFO - [2024-12-07T17:32:44.898+0000] {dag.py:4180} INFO - Setting next_dagrun for example_dag_decorator to None, run_after=None
[2024-12-07T17:32:44.929+0000] {processor.py:208} INFO - Processing /home/airflow/.local/lib/python3.12/site-packages/airflow/example_dags/example_dag_decorator.py took 0.306 seconds
[2024-12-07T17:33:15.063+0000] {processor.py:186} INFO - Started process (PID=6059) to work on /home/airflow/.local/lib/python3.12/site-packages/airflow/example_dags/example_dag_decorator.py
[2024-12-07T17:33:15.065+0000] {processor.py:914} INFO - Processing file /home/airflow/.local/lib/python3.12/site-packages/airflow/example_dags/example_dag_decorator.py for tasks to queue
[2024-12-07T17:33:15.067+0000] {logging_mixin.py:190} INFO - [2024-12-07T17:33:15.067+0000] {dagbag.py:588} INFO - Filling up the DagBag from /home/airflow/.local/lib/python3.12/site-packages/airflow/example_dags/example_dag_decorator.py
[2024-12-07T17:33:15.083+0000] {processor.py:925} INFO - DAG(s) 'example_dag_decorator' retrieved from /home/airflow/.local/lib/python3.12/site-packages/airflow/example_dags/example_dag_decorator.py
[2024-12-07T17:33:15.308+0000] {logging_mixin.py:190} INFO - [2024-12-07T17:33:15.308+0000] {dag.py:3239} INFO - Sync 1 DAGs
[2024-12-07T17:33:15.333+0000] {logging_mixin.py:190} INFO - [2024-12-07T17:33:15.332+0000] {dag.py:4180} INFO - Setting next_dagrun for example_dag_decorator to None, run_after=None
[2024-12-07T17:33:15.365+0000] {processor.py:208} INFO - Processing /home/airflow/.local/lib/python3.12/site-packages/airflow/example_dags/example_dag_decorator.py took 0.310 seconds
[2024-12-07T17:33:45.611+0000] {processor.py:186} INFO - Started process (PID=6353) to work on /home/airflow/.local/lib/python3.12/site-packages/airflow/example_dags/example_dag_decorator.py
[2024-12-07T17:33:45.618+0000] {processor.py:914} INFO - Processing file /home/airflow/.local/lib/python3.12/site-packages/airflow/example_dags/example_dag_decorator.py for tasks to queue
[2024-12-07T17:33:45.625+0000] {logging_mixin.py:190} INFO - [2024-12-07T17:33:45.624+0000] {dagbag.py:588} INFO - Filling up the DagBag from /home/airflow/.local/lib/python3.12/site-packages/airflow/example_dags/example_dag_decorator.py
[2024-12-07T17:33:45.646+0000] {processor.py:925} INFO - DAG(s) 'example_dag_decorator' retrieved from /home/airflow/.local/lib/python3.12/site-packages/airflow/example_dags/example_dag_decorator.py
[2024-12-07T17:33:45.886+0000] {logging_mixin.py:190} INFO - [2024-12-07T17:33:45.885+0000] {dag.py:3239} INFO - Sync 1 DAGs
[2024-12-07T17:33:45.910+0000] {logging_mixin.py:190} INFO - [2024-12-07T17:33:45.909+0000] {dag.py:4180} INFO - Setting next_dagrun for example_dag_decorator to None, run_after=None
[2024-12-07T17:33:45.961+0000] {processor.py:208} INFO - Processing /home/airflow/.local/lib/python3.12/site-packages/airflow/example_dags/example_dag_decorator.py took 0.359 seconds
[2024-12-07T17:34:16.114+0000] {processor.py:186} INFO - Started process (PID=6651) to work on /home/airflow/.local/lib/python3.12/site-packages/airflow/example_dags/example_dag_decorator.py
[2024-12-07T17:34:16.115+0000] {processor.py:914} INFO - Processing file /home/airflow/.local/lib/python3.12/site-packages/airflow/example_dags/example_dag_decorator.py for tasks to queue
[2024-12-07T17:34:16.119+0000] {logging_mixin.py:190} INFO - [2024-12-07T17:34:16.118+0000] {dagbag.py:588} INFO - Filling up the DagBag from /home/airflow/.local/lib/python3.12/site-packages/airflow/example_dags/example_dag_decorator.py
[2024-12-07T17:34:16.138+0000] {processor.py:925} INFO - DAG(s) 'example_dag_decorator' retrieved from /home/airflow/.local/lib/python3.12/site-packages/airflow/example_dags/example_dag_decorator.py
[2024-12-07T17:34:16.290+0000] {logging_mixin.py:190} INFO - [2024-12-07T17:34:16.289+0000] {dag.py:3239} INFO - Sync 1 DAGs
[2024-12-07T17:34:16.304+0000] {logging_mixin.py:190} INFO - [2024-12-07T17:34:16.304+0000] {dag.py:4180} INFO - Setting next_dagrun for example_dag_decorator to None, run_after=None
[2024-12-07T17:34:16.331+0000] {processor.py:208} INFO - Processing /home/airflow/.local/lib/python3.12/site-packages/airflow/example_dags/example_dag_decorator.py took 0.227 seconds
[2024-12-07T17:34:46.467+0000] {processor.py:186} INFO - Started process (PID=6940) to work on /home/airflow/.local/lib/python3.12/site-packages/airflow/example_dags/example_dag_decorator.py
[2024-12-07T17:34:46.468+0000] {processor.py:914} INFO - Processing file /home/airflow/.local/lib/python3.12/site-packages/airflow/example_dags/example_dag_decorator.py for tasks to queue
[2024-12-07T17:34:46.472+0000] {logging_mixin.py:190} INFO - [2024-12-07T17:34:46.471+0000] {dagbag.py:588} INFO - Filling up the DagBag from /home/airflow/.local/lib/python3.12/site-packages/airflow/example_dags/example_dag_decorator.py
[2024-12-07T17:34:46.511+0000] {processor.py:925} INFO - DAG(s) 'example_dag_decorator' retrieved from /home/airflow/.local/lib/python3.12/site-packages/airflow/example_dags/example_dag_decorator.py
[2024-12-07T17:34:46.815+0000] {logging_mixin.py:190} INFO - [2024-12-07T17:34:46.814+0000] {dag.py:3239} INFO - Sync 1 DAGs
[2024-12-07T17:34:46.838+0000] {logging_mixin.py:190} INFO - [2024-12-07T17:34:46.838+0000] {dag.py:4180} INFO - Setting next_dagrun for example_dag_decorator to None, run_after=None
[2024-12-07T17:34:46.958+0000] {processor.py:208} INFO - Processing /home/airflow/.local/lib/python3.12/site-packages/airflow/example_dags/example_dag_decorator.py took 0.513 seconds
[2024-12-07T17:35:17.928+0000] {processor.py:186} INFO - Started process (PID=7233) to work on /home/airflow/.local/lib/python3.12/site-packages/airflow/example_dags/example_dag_decorator.py
[2024-12-07T17:35:17.932+0000] {processor.py:914} INFO - Processing file /home/airflow/.local/lib/python3.12/site-packages/airflow/example_dags/example_dag_decorator.py for tasks to queue
[2024-12-07T17:35:17.941+0000] {logging_mixin.py:190} INFO - [2024-12-07T17:35:17.937+0000] {dagbag.py:588} INFO - Filling up the DagBag from /home/airflow/.local/lib/python3.12/site-packages/airflow/example_dags/example_dag_decorator.py
[2024-12-07T17:35:17.971+0000] {processor.py:925} INFO - DAG(s) 'example_dag_decorator' retrieved from /home/airflow/.local/lib/python3.12/site-packages/airflow/example_dags/example_dag_decorator.py
[2024-12-07T17:35:18.496+0000] {logging_mixin.py:190} INFO - [2024-12-07T17:35:18.496+0000] {dag.py:3239} INFO - Sync 1 DAGs
[2024-12-07T17:35:18.542+0000] {logging_mixin.py:190} INFO - [2024-12-07T17:35:18.542+0000] {dag.py:4180} INFO - Setting next_dagrun for example_dag_decorator to None, run_after=None
[2024-12-07T17:35:18.591+0000] {processor.py:208} INFO - Processing /home/airflow/.local/lib/python3.12/site-packages/airflow/example_dags/example_dag_decorator.py took 0.678 seconds
[2024-12-07T17:35:48.757+0000] {processor.py:186} INFO - Started process (PID=7524) to work on /home/airflow/.local/lib/python3.12/site-packages/airflow/example_dags/example_dag_decorator.py
[2024-12-07T17:35:48.760+0000] {processor.py:914} INFO - Processing file /home/airflow/.local/lib/python3.12/site-packages/airflow/example_dags/example_dag_decorator.py for tasks to queue
[2024-12-07T17:35:48.766+0000] {logging_mixin.py:190} INFO - [2024-12-07T17:35:48.765+0000] {dagbag.py:588} INFO - Filling up the DagBag from /home/airflow/.local/lib/python3.12/site-packages/airflow/example_dags/example_dag_decorator.py
[2024-12-07T17:35:48.795+0000] {processor.py:925} INFO - DAG(s) 'example_dag_decorator' retrieved from /home/airflow/.local/lib/python3.12/site-packages/airflow/example_dags/example_dag_decorator.py
[2024-12-07T17:35:49.195+0000] {logging_mixin.py:190} INFO - [2024-12-07T17:35:49.195+0000] {dag.py:3239} INFO - Sync 1 DAGs
[2024-12-07T17:35:49.236+0000] {logging_mixin.py:190} INFO - [2024-12-07T17:35:49.236+0000] {dag.py:4180} INFO - Setting next_dagrun for example_dag_decorator to None, run_after=None
[2024-12-07T17:35:49.361+0000] {processor.py:208} INFO - Processing /home/airflow/.local/lib/python3.12/site-packages/airflow/example_dags/example_dag_decorator.py took 0.619 seconds
[2024-12-07T17:36:19.610+0000] {processor.py:186} INFO - Started process (PID=7815) to work on /home/airflow/.local/lib/python3.12/site-packages/airflow/example_dags/example_dag_decorator.py
[2024-12-07T17:36:19.612+0000] {processor.py:914} INFO - Processing file /home/airflow/.local/lib/python3.12/site-packages/airflow/example_dags/example_dag_decorator.py for tasks to queue
[2024-12-07T17:36:19.616+0000] {logging_mixin.py:190} INFO - [2024-12-07T17:36:19.615+0000] {dagbag.py:588} INFO - Filling up the DagBag from /home/airflow/.local/lib/python3.12/site-packages/airflow/example_dags/example_dag_decorator.py
[2024-12-07T17:36:19.655+0000] {processor.py:925} INFO - DAG(s) 'example_dag_decorator' retrieved from /home/airflow/.local/lib/python3.12/site-packages/airflow/example_dags/example_dag_decorator.py
[2024-12-07T17:36:19.936+0000] {logging_mixin.py:190} INFO - [2024-12-07T17:36:19.935+0000] {dag.py:3239} INFO - Sync 1 DAGs
[2024-12-07T17:36:19.958+0000] {logging_mixin.py:190} INFO - [2024-12-07T17:36:19.958+0000] {dag.py:4180} INFO - Setting next_dagrun for example_dag_decorator to None, run_after=None
[2024-12-07T17:36:19.992+0000] {processor.py:208} INFO - Processing /home/airflow/.local/lib/python3.12/site-packages/airflow/example_dags/example_dag_decorator.py took 0.394 seconds
[2024-12-07T17:36:52.572+0000] {processor.py:186} INFO - Started process (PID=8097) to work on /home/airflow/.local/lib/python3.12/site-packages/airflow/example_dags/example_dag_decorator.py
[2024-12-07T17:36:52.574+0000] {processor.py:914} INFO - Processing file /home/airflow/.local/lib/python3.12/site-packages/airflow/example_dags/example_dag_decorator.py for tasks to queue
[2024-12-07T17:36:52.579+0000] {logging_mixin.py:190} INFO - [2024-12-07T17:36:52.578+0000] {dagbag.py:588} INFO - Filling up the DagBag from /home/airflow/.local/lib/python3.12/site-packages/airflow/example_dags/example_dag_decorator.py
[2024-12-07T17:36:52.636+0000] {processor.py:925} INFO - DAG(s) 'example_dag_decorator' retrieved from /home/airflow/.local/lib/python3.12/site-packages/airflow/example_dags/example_dag_decorator.py
[2024-12-07T17:36:53.030+0000] {logging_mixin.py:190} INFO - [2024-12-07T17:36:53.030+0000] {dag.py:3239} INFO - Sync 1 DAGs
[2024-12-07T17:36:53.076+0000] {logging_mixin.py:190} INFO - [2024-12-07T17:36:53.076+0000] {dag.py:4180} INFO - Setting next_dagrun for example_dag_decorator to None, run_after=None
[2024-12-07T17:36:53.139+0000] {processor.py:208} INFO - Processing /home/airflow/.local/lib/python3.12/site-packages/airflow/example_dags/example_dag_decorator.py took 0.586 seconds
[2024-12-07T17:37:24.001+0000] {processor.py:186} INFO - Started process (PID=8383) to work on /home/airflow/.local/lib/python3.12/site-packages/airflow/example_dags/example_dag_decorator.py
[2024-12-07T17:37:24.003+0000] {processor.py:914} INFO - Processing file /home/airflow/.local/lib/python3.12/site-packages/airflow/example_dags/example_dag_decorator.py for tasks to queue
[2024-12-07T17:37:24.010+0000] {logging_mixin.py:190} INFO - [2024-12-07T17:37:24.009+0000] {dagbag.py:588} INFO - Filling up the DagBag from /home/airflow/.local/lib/python3.12/site-packages/airflow/example_dags/example_dag_decorator.py
[2024-12-07T17:37:24.029+0000] {processor.py:925} INFO - DAG(s) 'example_dag_decorator' retrieved from /home/airflow/.local/lib/python3.12/site-packages/airflow/example_dags/example_dag_decorator.py
[2024-12-07T17:37:24.346+0000] {logging_mixin.py:190} INFO - [2024-12-07T17:37:24.346+0000] {dag.py:3239} INFO - Sync 1 DAGs
[2024-12-07T17:37:24.424+0000] {logging_mixin.py:190} INFO - [2024-12-07T17:37:24.424+0000] {dag.py:4180} INFO - Setting next_dagrun for example_dag_decorator to None, run_after=None
[2024-12-07T17:37:24.510+0000] {processor.py:208} INFO - Processing /home/airflow/.local/lib/python3.12/site-packages/airflow/example_dags/example_dag_decorator.py took 0.521 seconds
[2024-12-07T17:37:54.915+0000] {processor.py:186} INFO - Started process (PID=8671) to work on /home/airflow/.local/lib/python3.12/site-packages/airflow/example_dags/example_dag_decorator.py
[2024-12-07T17:37:54.920+0000] {processor.py:914} INFO - Processing file /home/airflow/.local/lib/python3.12/site-packages/airflow/example_dags/example_dag_decorator.py for tasks to queue
[2024-12-07T17:37:54.940+0000] {logging_mixin.py:190} INFO - [2024-12-07T17:37:54.939+0000] {dagbag.py:588} INFO - Filling up the DagBag from /home/airflow/.local/lib/python3.12/site-packages/airflow/example_dags/example_dag_decorator.py
[2024-12-07T17:37:55.014+0000] {processor.py:925} INFO - DAG(s) 'example_dag_decorator' retrieved from /home/airflow/.local/lib/python3.12/site-packages/airflow/example_dags/example_dag_decorator.py
[2024-12-07T17:37:55.443+0000] {logging_mixin.py:190} INFO - [2024-12-07T17:37:55.442+0000] {dag.py:3239} INFO - Sync 1 DAGs
[2024-12-07T17:37:55.465+0000] {logging_mixin.py:190} INFO - [2024-12-07T17:37:55.465+0000] {dag.py:4180} INFO - Setting next_dagrun for example_dag_decorator to None, run_after=None
[2024-12-07T17:37:55.491+0000] {processor.py:208} INFO - Processing /home/airflow/.local/lib/python3.12/site-packages/airflow/example_dags/example_dag_decorator.py took 0.600 seconds
[2024-12-07T17:38:26.825+0000] {processor.py:186} INFO - Started process (PID=8962) to work on /home/airflow/.local/lib/python3.12/site-packages/airflow/example_dags/example_dag_decorator.py
[2024-12-07T17:38:26.861+0000] {processor.py:914} INFO - Processing file /home/airflow/.local/lib/python3.12/site-packages/airflow/example_dags/example_dag_decorator.py for tasks to queue
[2024-12-07T17:38:26.905+0000] {logging_mixin.py:190} INFO - [2024-12-07T17:38:26.904+0000] {dagbag.py:588} INFO - Filling up the DagBag from /home/airflow/.local/lib/python3.12/site-packages/airflow/example_dags/example_dag_decorator.py
[2024-12-07T17:38:27.000+0000] {processor.py:925} INFO - DAG(s) 'example_dag_decorator' retrieved from /home/airflow/.local/lib/python3.12/site-packages/airflow/example_dags/example_dag_decorator.py
[2024-12-07T17:38:27.563+0000] {logging_mixin.py:190} INFO - [2024-12-07T17:38:27.562+0000] {dag.py:3239} INFO - Sync 1 DAGs
[2024-12-07T17:38:27.605+0000] {logging_mixin.py:190} INFO - [2024-12-07T17:38:27.604+0000] {dag.py:4180} INFO - Setting next_dagrun for example_dag_decorator to None, run_after=None
[2024-12-07T17:38:27.684+0000] {processor.py:208} INFO - Processing /home/airflow/.local/lib/python3.12/site-packages/airflow/example_dags/example_dag_decorator.py took 0.897 seconds
[2024-12-07T17:38:57.824+0000] {processor.py:186} INFO - Started process (PID=9253) to work on /home/airflow/.local/lib/python3.12/site-packages/airflow/example_dags/example_dag_decorator.py
[2024-12-07T17:38:57.826+0000] {processor.py:914} INFO - Processing file /home/airflow/.local/lib/python3.12/site-packages/airflow/example_dags/example_dag_decorator.py for tasks to queue
[2024-12-07T17:38:57.830+0000] {logging_mixin.py:190} INFO - [2024-12-07T17:38:57.830+0000] {dagbag.py:588} INFO - Filling up the DagBag from /home/airflow/.local/lib/python3.12/site-packages/airflow/example_dags/example_dag_decorator.py
[2024-12-07T17:38:57.848+0000] {processor.py:925} INFO - DAG(s) 'example_dag_decorator' retrieved from /home/airflow/.local/lib/python3.12/site-packages/airflow/example_dags/example_dag_decorator.py
[2024-12-07T17:38:58.032+0000] {logging_mixin.py:190} INFO - [2024-12-07T17:38:58.032+0000] {dag.py:3239} INFO - Sync 1 DAGs
[2024-12-07T17:38:58.056+0000] {logging_mixin.py:190} INFO - [2024-12-07T17:38:58.056+0000] {dag.py:4180} INFO - Setting next_dagrun for example_dag_decorator to None, run_after=None
[2024-12-07T17:38:58.246+0000] {processor.py:208} INFO - Processing /home/airflow/.local/lib/python3.12/site-packages/airflow/example_dags/example_dag_decorator.py took 0.432 seconds
[2024-12-07T17:39:28.561+0000] {processor.py:186} INFO - Started process (PID=9545) to work on /home/airflow/.local/lib/python3.12/site-packages/airflow/example_dags/example_dag_decorator.py
[2024-12-07T17:39:28.562+0000] {processor.py:914} INFO - Processing file /home/airflow/.local/lib/python3.12/site-packages/airflow/example_dags/example_dag_decorator.py for tasks to queue
[2024-12-07T17:39:28.566+0000] {logging_mixin.py:190} INFO - [2024-12-07T17:39:28.565+0000] {dagbag.py:588} INFO - Filling up the DagBag from /home/airflow/.local/lib/python3.12/site-packages/airflow/example_dags/example_dag_decorator.py
[2024-12-07T17:39:28.585+0000] {processor.py:925} INFO - DAG(s) 'example_dag_decorator' retrieved from /home/airflow/.local/lib/python3.12/site-packages/airflow/example_dags/example_dag_decorator.py
[2024-12-07T17:39:29.001+0000] {logging_mixin.py:190} INFO - [2024-12-07T17:39:29.001+0000] {dag.py:3239} INFO - Sync 1 DAGs
[2024-12-07T17:39:29.043+0000] {logging_mixin.py:190} INFO - [2024-12-07T17:39:29.042+0000] {dag.py:4180} INFO - Setting next_dagrun for example_dag_decorator to None, run_after=None
[2024-12-07T17:39:29.121+0000] {processor.py:208} INFO - Processing /home/airflow/.local/lib/python3.12/site-packages/airflow/example_dags/example_dag_decorator.py took 0.568 seconds
[2024-12-07T17:39:59.547+0000] {processor.py:186} INFO - Started process (PID=9836) to work on /home/airflow/.local/lib/python3.12/site-packages/airflow/example_dags/example_dag_decorator.py
[2024-12-07T17:39:59.549+0000] {processor.py:914} INFO - Processing file /home/airflow/.local/lib/python3.12/site-packages/airflow/example_dags/example_dag_decorator.py for tasks to queue
[2024-12-07T17:39:59.557+0000] {logging_mixin.py:190} INFO - [2024-12-07T17:39:59.556+0000] {dagbag.py:588} INFO - Filling up the DagBag from /home/airflow/.local/lib/python3.12/site-packages/airflow/example_dags/example_dag_decorator.py
[2024-12-07T17:39:59.589+0000] {processor.py:925} INFO - DAG(s) 'example_dag_decorator' retrieved from /home/airflow/.local/lib/python3.12/site-packages/airflow/example_dags/example_dag_decorator.py
[2024-12-07T17:39:59.871+0000] {logging_mixin.py:190} INFO - [2024-12-07T17:39:59.871+0000] {dag.py:3239} INFO - Sync 1 DAGs
[2024-12-07T17:39:59.897+0000] {logging_mixin.py:190} INFO - [2024-12-07T17:39:59.897+0000] {dag.py:4180} INFO - Setting next_dagrun for example_dag_decorator to None, run_after=None
[2024-12-07T17:39:59.936+0000] {processor.py:208} INFO - Processing /home/airflow/.local/lib/python3.12/site-packages/airflow/example_dags/example_dag_decorator.py took 0.404 seconds
[2024-12-07T17:40:30.507+0000] {processor.py:186} INFO - Started process (PID=10130) to work on /home/airflow/.local/lib/python3.12/site-packages/airflow/example_dags/example_dag_decorator.py
[2024-12-07T17:40:30.509+0000] {processor.py:914} INFO - Processing file /home/airflow/.local/lib/python3.12/site-packages/airflow/example_dags/example_dag_decorator.py for tasks to queue
[2024-12-07T17:40:30.524+0000] {logging_mixin.py:190} INFO - [2024-12-07T17:40:30.523+0000] {dagbag.py:588} INFO - Filling up the DagBag from /home/airflow/.local/lib/python3.12/site-packages/airflow/example_dags/example_dag_decorator.py
[2024-12-07T17:40:30.608+0000] {processor.py:925} INFO - DAG(s) 'example_dag_decorator' retrieved from /home/airflow/.local/lib/python3.12/site-packages/airflow/example_dags/example_dag_decorator.py
[2024-12-07T17:40:31.585+0000] {logging_mixin.py:190} INFO - [2024-12-07T17:40:31.572+0000] {dag.py:3239} INFO - Sync 1 DAGs
[2024-12-07T17:40:31.673+0000] {logging_mixin.py:190} INFO - [2024-12-07T17:40:31.672+0000] {dag.py:4180} INFO - Setting next_dagrun for example_dag_decorator to None, run_after=None
[2024-12-07T17:40:31.886+0000] {processor.py:208} INFO - Processing /home/airflow/.local/lib/python3.12/site-packages/airflow/example_dags/example_dag_decorator.py took 1.404 seconds
[2024-12-07T17:41:02.581+0000] {processor.py:186} INFO - Started process (PID=10418) to work on /home/airflow/.local/lib/python3.12/site-packages/airflow/example_dags/example_dag_decorator.py
[2024-12-07T17:41:02.583+0000] {processor.py:914} INFO - Processing file /home/airflow/.local/lib/python3.12/site-packages/airflow/example_dags/example_dag_decorator.py for tasks to queue
[2024-12-07T17:41:02.586+0000] {logging_mixin.py:190} INFO - [2024-12-07T17:41:02.586+0000] {dagbag.py:588} INFO - Filling up the DagBag from /home/airflow/.local/lib/python3.12/site-packages/airflow/example_dags/example_dag_decorator.py
[2024-12-07T17:41:02.600+0000] {processor.py:925} INFO - DAG(s) 'example_dag_decorator' retrieved from /home/airflow/.local/lib/python3.12/site-packages/airflow/example_dags/example_dag_decorator.py
[2024-12-07T17:41:02.781+0000] {logging_mixin.py:190} INFO - [2024-12-07T17:41:02.781+0000] {dag.py:3239} INFO - Sync 1 DAGs
[2024-12-07T17:41:02.799+0000] {logging_mixin.py:190} INFO - [2024-12-07T17:41:02.799+0000] {dag.py:4180} INFO - Setting next_dagrun for example_dag_decorator to None, run_after=None
[2024-12-07T17:41:03.247+0000] {processor.py:208} INFO - Processing /home/airflow/.local/lib/python3.12/site-packages/airflow/example_dags/example_dag_decorator.py took 0.673 seconds
[2024-12-07T17:41:34.210+0000] {processor.py:186} INFO - Started process (PID=10710) to work on /home/airflow/.local/lib/python3.12/site-packages/airflow/example_dags/example_dag_decorator.py
[2024-12-07T17:41:34.212+0000] {processor.py:914} INFO - Processing file /home/airflow/.local/lib/python3.12/site-packages/airflow/example_dags/example_dag_decorator.py for tasks to queue
[2024-12-07T17:41:34.215+0000] {logging_mixin.py:190} INFO - [2024-12-07T17:41:34.215+0000] {dagbag.py:588} INFO - Filling up the DagBag from /home/airflow/.local/lib/python3.12/site-packages/airflow/example_dags/example_dag_decorator.py
[2024-12-07T17:41:34.228+0000] {processor.py:925} INFO - DAG(s) 'example_dag_decorator' retrieved from /home/airflow/.local/lib/python3.12/site-packages/airflow/example_dags/example_dag_decorator.py
[2024-12-07T17:41:34.362+0000] {logging_mixin.py:190} INFO - [2024-12-07T17:41:34.362+0000] {dag.py:3239} INFO - Sync 1 DAGs
[2024-12-07T17:41:34.378+0000] {logging_mixin.py:190} INFO - [2024-12-07T17:41:34.377+0000] {dag.py:4180} INFO - Setting next_dagrun for example_dag_decorator to None, run_after=None
[2024-12-07T17:41:34.405+0000] {processor.py:208} INFO - Processing /home/airflow/.local/lib/python3.12/site-packages/airflow/example_dags/example_dag_decorator.py took 0.201 seconds
[2024-12-07T17:42:04.957+0000] {processor.py:186} INFO - Started process (PID=11002) to work on /home/airflow/.local/lib/python3.12/site-packages/airflow/example_dags/example_dag_decorator.py
[2024-12-07T17:42:04.961+0000] {processor.py:914} INFO - Processing file /home/airflow/.local/lib/python3.12/site-packages/airflow/example_dags/example_dag_decorator.py for tasks to queue
[2024-12-07T17:42:04.986+0000] {logging_mixin.py:190} INFO - [2024-12-07T17:42:04.986+0000] {dagbag.py:588} INFO - Filling up the DagBag from /home/airflow/.local/lib/python3.12/site-packages/airflow/example_dags/example_dag_decorator.py
[2024-12-07T17:42:05.032+0000] {processor.py:925} INFO - DAG(s) 'example_dag_decorator' retrieved from /home/airflow/.local/lib/python3.12/site-packages/airflow/example_dags/example_dag_decorator.py
[2024-12-07T17:42:05.321+0000] {logging_mixin.py:190} INFO - [2024-12-07T17:42:05.321+0000] {dag.py:3239} INFO - Sync 1 DAGs
[2024-12-07T17:42:05.335+0000] {logging_mixin.py:190} INFO - [2024-12-07T17:42:05.335+0000] {dag.py:4180} INFO - Setting next_dagrun for example_dag_decorator to None, run_after=None
[2024-12-07T17:42:05.359+0000] {processor.py:208} INFO - Processing /home/airflow/.local/lib/python3.12/site-packages/airflow/example_dags/example_dag_decorator.py took 0.425 seconds
[2024-12-07T17:42:35.445+0000] {processor.py:186} INFO - Started process (PID=11293) to work on /home/airflow/.local/lib/python3.12/site-packages/airflow/example_dags/example_dag_decorator.py
[2024-12-07T17:42:35.447+0000] {processor.py:914} INFO - Processing file /home/airflow/.local/lib/python3.12/site-packages/airflow/example_dags/example_dag_decorator.py for tasks to queue
[2024-12-07T17:42:35.450+0000] {logging_mixin.py:190} INFO - [2024-12-07T17:42:35.450+0000] {dagbag.py:588} INFO - Filling up the DagBag from /home/airflow/.local/lib/python3.12/site-packages/airflow/example_dags/example_dag_decorator.py
[2024-12-07T17:42:35.463+0000] {processor.py:925} INFO - DAG(s) 'example_dag_decorator' retrieved from /home/airflow/.local/lib/python3.12/site-packages/airflow/example_dags/example_dag_decorator.py
[2024-12-07T17:42:35.633+0000] {logging_mixin.py:190} INFO - [2024-12-07T17:42:35.633+0000] {dag.py:3239} INFO - Sync 1 DAGs
[2024-12-07T17:42:35.658+0000] {logging_mixin.py:190} INFO - [2024-12-07T17:42:35.657+0000] {dag.py:4180} INFO - Setting next_dagrun for example_dag_decorator to None, run_after=None
[2024-12-07T17:42:35.694+0000] {processor.py:208} INFO - Processing /home/airflow/.local/lib/python3.12/site-packages/airflow/example_dags/example_dag_decorator.py took 0.256 seconds
[2024-12-07T17:43:05.820+0000] {processor.py:186} INFO - Started process (PID=11585) to work on /home/airflow/.local/lib/python3.12/site-packages/airflow/example_dags/example_dag_decorator.py
[2024-12-07T17:43:05.821+0000] {processor.py:914} INFO - Processing file /home/airflow/.local/lib/python3.12/site-packages/airflow/example_dags/example_dag_decorator.py for tasks to queue
[2024-12-07T17:43:05.824+0000] {logging_mixin.py:190} INFO - [2024-12-07T17:43:05.824+0000] {dagbag.py:588} INFO - Filling up the DagBag from /home/airflow/.local/lib/python3.12/site-packages/airflow/example_dags/example_dag_decorator.py
[2024-12-07T17:43:05.838+0000] {processor.py:925} INFO - DAG(s) 'example_dag_decorator' retrieved from /home/airflow/.local/lib/python3.12/site-packages/airflow/example_dags/example_dag_decorator.py
[2024-12-07T17:43:05.980+0000] {logging_mixin.py:190} INFO - [2024-12-07T17:43:05.980+0000] {dag.py:3239} INFO - Sync 1 DAGs
[2024-12-07T17:43:06.001+0000] {logging_mixin.py:190} INFO - [2024-12-07T17:43:06.001+0000] {dag.py:4180} INFO - Setting next_dagrun for example_dag_decorator to None, run_after=None
[2024-12-07T17:43:06.032+0000] {processor.py:208} INFO - Processing /home/airflow/.local/lib/python3.12/site-packages/airflow/example_dags/example_dag_decorator.py took 0.219 seconds
[2024-12-07T17:43:36.302+0000] {processor.py:186} INFO - Started process (PID=11876) to work on /home/airflow/.local/lib/python3.12/site-packages/airflow/example_dags/example_dag_decorator.py
[2024-12-07T17:43:36.304+0000] {processor.py:914} INFO - Processing file /home/airflow/.local/lib/python3.12/site-packages/airflow/example_dags/example_dag_decorator.py for tasks to queue
[2024-12-07T17:43:36.307+0000] {logging_mixin.py:190} INFO - [2024-12-07T17:43:36.307+0000] {dagbag.py:588} INFO - Filling up the DagBag from /home/airflow/.local/lib/python3.12/site-packages/airflow/example_dags/example_dag_decorator.py
[2024-12-07T17:43:36.322+0000] {processor.py:925} INFO - DAG(s) 'example_dag_decorator' retrieved from /home/airflow/.local/lib/python3.12/site-packages/airflow/example_dags/example_dag_decorator.py
[2024-12-07T17:43:36.506+0000] {logging_mixin.py:190} INFO - [2024-12-07T17:43:36.506+0000] {dag.py:3239} INFO - Sync 1 DAGs
[2024-12-07T17:43:36.521+0000] {logging_mixin.py:190} INFO - [2024-12-07T17:43:36.521+0000] {dag.py:4180} INFO - Setting next_dagrun for example_dag_decorator to None, run_after=None
[2024-12-07T17:43:36.548+0000] {processor.py:208} INFO - Processing /home/airflow/.local/lib/python3.12/site-packages/airflow/example_dags/example_dag_decorator.py took 0.259 seconds
