[2024-12-07T17:22:33.234+0000] {processor.py:186} INFO - Started process (PID=281) to work on /home/airflow/.local/lib/python3.12/site-packages/airflow/example_dags/example_sensors.py
[2024-12-07T17:22:33.236+0000] {processor.py:914} INFO - Processing file /home/airflow/.local/lib/python3.12/site-packages/airflow/example_dags/example_sensors.py for tasks to queue
[2024-12-07T17:22:33.240+0000] {logging_mixin.py:190} INFO - [2024-12-07T17:22:33.239+0000] {dagbag.py:588} INFO - Filling up the DagBag from /home/airflow/.local/lib/python3.12/site-packages/airflow/example_dags/example_sensors.py
[2024-12-07T17:22:33.257+0000] {processor.py:925} INFO - DAG(s) 'example_sensors' retrieved from /home/airflow/.local/lib/python3.12/site-packages/airflow/example_dags/example_sensors.py
[2024-12-07T17:22:33.538+0000] {logging_mixin.py:190} INFO - [2024-12-07T17:22:33.537+0000] {override.py:1911} INFO - Created Permission View: can delete on DAG:example_sensors
[2024-12-07T17:22:33.568+0000] {logging_mixin.py:190} INFO - [2024-12-07T17:22:33.568+0000] {override.py:1911} INFO - Created Permission View: can read on DAG:example_sensors
[2024-12-07T17:22:33.583+0000] {logging_mixin.py:190} INFO - [2024-12-07T17:22:33.583+0000] {override.py:1911} INFO - Created Permission View: can edit on DAG:example_sensors
[2024-12-07T17:22:33.610+0000] {logging_mixin.py:190} INFO - [2024-12-07T17:22:33.609+0000] {override.py:1911} INFO - Created Permission View: menu access on DAG Run:example_sensors
[2024-12-07T17:22:33.645+0000] {logging_mixin.py:190} INFO - [2024-12-07T17:22:33.644+0000] {override.py:1911} INFO - Created Permission View: can delete on DAG Run:example_sensors
[2024-12-07T17:22:33.668+0000] {logging_mixin.py:190} INFO - [2024-12-07T17:22:33.667+0000] {override.py:1911} INFO - Created Permission View: can read on DAG Run:example_sensors
[2024-12-07T17:22:33.698+0000] {logging_mixin.py:190} INFO - [2024-12-07T17:22:33.697+0000] {override.py:1911} INFO - Created Permission View: can create on DAG Run:example_sensors
[2024-12-07T17:22:33.700+0000] {logging_mixin.py:190} INFO - [2024-12-07T17:22:33.699+0000] {dag.py:3239} INFO - Sync 1 DAGs
[2024-12-07T17:22:33.782+0000] {logging_mixin.py:190} INFO - [2024-12-07T17:22:33.782+0000] {dag.py:3262} INFO - Creating ORM DAG for example_sensors
[2024-12-07T17:22:33.789+0000] {logging_mixin.py:190} INFO - [2024-12-07T17:22:33.789+0000] {dag.py:4180} INFO - Setting next_dagrun for example_sensors to None, run_after=None
[2024-12-07T17:22:33.881+0000] {processor.py:208} INFO - Processing /home/airflow/.local/lib/python3.12/site-packages/airflow/example_dags/example_sensors.py took 0.656 seconds
[2024-12-07T17:23:12.233+0000] {processor.py:186} INFO - Started process (PID=568) to work on /home/airflow/.local/lib/python3.12/site-packages/airflow/example_dags/example_sensors.py
[2024-12-07T17:23:12.235+0000] {processor.py:914} INFO - Processing file /home/airflow/.local/lib/python3.12/site-packages/airflow/example_dags/example_sensors.py for tasks to queue
[2024-12-07T17:23:12.239+0000] {logging_mixin.py:190} INFO - [2024-12-07T17:23:12.238+0000] {dagbag.py:588} INFO - Filling up the DagBag from /home/airflow/.local/lib/python3.12/site-packages/airflow/example_dags/example_sensors.py
[2024-12-07T17:23:12.259+0000] {processor.py:925} INFO - DAG(s) 'example_sensors' retrieved from /home/airflow/.local/lib/python3.12/site-packages/airflow/example_dags/example_sensors.py
[2024-12-07T17:23:12.311+0000] {logging_mixin.py:190} INFO - [2024-12-07T17:23:12.311+0000] {dag.py:3239} INFO - Sync 1 DAGs
[2024-12-07T17:23:12.345+0000] {logging_mixin.py:190} INFO - [2024-12-07T17:23:12.344+0000] {dag.py:4180} INFO - Setting next_dagrun for example_sensors to None, run_after=None
[2024-12-07T17:23:12.390+0000] {processor.py:208} INFO - Processing /home/airflow/.local/lib/python3.12/site-packages/airflow/example_dags/example_sensors.py took 0.169 seconds
[2024-12-07T17:23:58.372+0000] {processor.py:186} INFO - Started process (PID=870) to work on /home/airflow/.local/lib/python3.12/site-packages/airflow/example_dags/example_sensors.py
[2024-12-07T17:23:58.374+0000] {processor.py:914} INFO - Processing file /home/airflow/.local/lib/python3.12/site-packages/airflow/example_dags/example_sensors.py for tasks to queue
[2024-12-07T17:23:58.377+0000] {logging_mixin.py:190} INFO - [2024-12-07T17:23:58.376+0000] {dagbag.py:588} INFO - Filling up the DagBag from /home/airflow/.local/lib/python3.12/site-packages/airflow/example_dags/example_sensors.py
[2024-12-07T17:23:58.398+0000] {processor.py:925} INFO - DAG(s) 'example_sensors' retrieved from /home/airflow/.local/lib/python3.12/site-packages/airflow/example_dags/example_sensors.py
[2024-12-07T17:23:58.452+0000] {logging_mixin.py:190} INFO - [2024-12-07T17:23:58.452+0000] {dag.py:3239} INFO - Sync 1 DAGs
[2024-12-07T17:23:58.483+0000] {logging_mixin.py:190} INFO - [2024-12-07T17:23:58.482+0000] {dag.py:4180} INFO - Setting next_dagrun for example_sensors to None, run_after=None
[2024-12-07T17:23:58.549+0000] {processor.py:208} INFO - Processing /home/airflow/.local/lib/python3.12/site-packages/airflow/example_dags/example_sensors.py took 0.188 seconds
[2024-12-07T17:24:32.622+0000] {processor.py:186} INFO - Started process (PID=1161) to work on /home/airflow/.local/lib/python3.12/site-packages/airflow/example_dags/example_sensors.py
[2024-12-07T17:24:32.623+0000] {processor.py:914} INFO - Processing file /home/airflow/.local/lib/python3.12/site-packages/airflow/example_dags/example_sensors.py for tasks to queue
[2024-12-07T17:24:32.630+0000] {logging_mixin.py:190} INFO - [2024-12-07T17:24:32.630+0000] {dagbag.py:588} INFO - Filling up the DagBag from /home/airflow/.local/lib/python3.12/site-packages/airflow/example_dags/example_sensors.py
[2024-12-07T17:24:32.655+0000] {processor.py:925} INFO - DAG(s) 'example_sensors' retrieved from /home/airflow/.local/lib/python3.12/site-packages/airflow/example_dags/example_sensors.py
[2024-12-07T17:24:32.729+0000] {logging_mixin.py:190} INFO - [2024-12-07T17:24:32.729+0000] {dag.py:3239} INFO - Sync 1 DAGs
[2024-12-07T17:24:32.767+0000] {logging_mixin.py:190} INFO - [2024-12-07T17:24:32.767+0000] {dag.py:4180} INFO - Setting next_dagrun for example_sensors to None, run_after=None
[2024-12-07T17:24:32.814+0000] {processor.py:208} INFO - Processing /home/airflow/.local/lib/python3.12/site-packages/airflow/example_dags/example_sensors.py took 0.205 seconds
[2024-12-07T17:25:03.011+0000] {processor.py:186} INFO - Started process (PID=1447) to work on /home/airflow/.local/lib/python3.12/site-packages/airflow/example_dags/example_sensors.py
[2024-12-07T17:25:03.014+0000] {processor.py:914} INFO - Processing file /home/airflow/.local/lib/python3.12/site-packages/airflow/example_dags/example_sensors.py for tasks to queue
[2024-12-07T17:25:03.019+0000] {logging_mixin.py:190} INFO - [2024-12-07T17:25:03.018+0000] {dagbag.py:588} INFO - Filling up the DagBag from /home/airflow/.local/lib/python3.12/site-packages/airflow/example_dags/example_sensors.py
[2024-12-07T17:25:03.039+0000] {processor.py:925} INFO - DAG(s) 'example_sensors' retrieved from /home/airflow/.local/lib/python3.12/site-packages/airflow/example_dags/example_sensors.py
[2024-12-07T17:25:03.117+0000] {logging_mixin.py:190} INFO - [2024-12-07T17:25:03.116+0000] {dag.py:3239} INFO - Sync 1 DAGs
[2024-12-07T17:25:03.178+0000] {logging_mixin.py:190} INFO - [2024-12-07T17:25:03.178+0000] {dag.py:4180} INFO - Setting next_dagrun for example_sensors to None, run_after=None
[2024-12-07T17:25:03.234+0000] {processor.py:208} INFO - Processing /home/airflow/.local/lib/python3.12/site-packages/airflow/example_dags/example_sensors.py took 0.235 seconds
[2024-12-07T17:25:34.361+0000] {processor.py:186} INFO - Started process (PID=1739) to work on /home/airflow/.local/lib/python3.12/site-packages/airflow/example_dags/example_sensors.py
[2024-12-07T17:25:34.362+0000] {processor.py:914} INFO - Processing file /home/airflow/.local/lib/python3.12/site-packages/airflow/example_dags/example_sensors.py for tasks to queue
[2024-12-07T17:25:34.365+0000] {logging_mixin.py:190} INFO - [2024-12-07T17:25:34.365+0000] {dagbag.py:588} INFO - Filling up the DagBag from /home/airflow/.local/lib/python3.12/site-packages/airflow/example_dags/example_sensors.py
[2024-12-07T17:25:34.409+0000] {processor.py:925} INFO - DAG(s) 'example_sensors' retrieved from /home/airflow/.local/lib/python3.12/site-packages/airflow/example_dags/example_sensors.py
[2024-12-07T17:25:34.507+0000] {logging_mixin.py:190} INFO - [2024-12-07T17:25:34.506+0000] {dag.py:3239} INFO - Sync 1 DAGs
[2024-12-07T17:25:34.557+0000] {logging_mixin.py:190} INFO - [2024-12-07T17:25:34.556+0000] {dag.py:4180} INFO - Setting next_dagrun for example_sensors to None, run_after=None
[2024-12-07T17:25:34.601+0000] {processor.py:208} INFO - Processing /home/airflow/.local/lib/python3.12/site-packages/airflow/example_dags/example_sensors.py took 0.248 seconds
[2024-12-07T17:26:06.009+0000] {processor.py:186} INFO - Started process (PID=2030) to work on /home/airflow/.local/lib/python3.12/site-packages/airflow/example_dags/example_sensors.py
[2024-12-07T17:26:06.011+0000] {processor.py:914} INFO - Processing file /home/airflow/.local/lib/python3.12/site-packages/airflow/example_dags/example_sensors.py for tasks to queue
[2024-12-07T17:26:06.016+0000] {logging_mixin.py:190} INFO - [2024-12-07T17:26:06.015+0000] {dagbag.py:588} INFO - Filling up the DagBag from /home/airflow/.local/lib/python3.12/site-packages/airflow/example_dags/example_sensors.py
[2024-12-07T17:26:06.035+0000] {processor.py:925} INFO - DAG(s) 'example_sensors' retrieved from /home/airflow/.local/lib/python3.12/site-packages/airflow/example_dags/example_sensors.py
[2024-12-07T17:26:06.075+0000] {logging_mixin.py:190} INFO - [2024-12-07T17:26:06.074+0000] {dag.py:3239} INFO - Sync 1 DAGs
[2024-12-07T17:26:06.099+0000] {logging_mixin.py:190} INFO - [2024-12-07T17:26:06.098+0000] {dag.py:4180} INFO - Setting next_dagrun for example_sensors to None, run_after=None
[2024-12-07T17:26:06.130+0000] {processor.py:208} INFO - Processing /home/airflow/.local/lib/python3.12/site-packages/airflow/example_dags/example_sensors.py took 0.133 seconds
[2024-12-07T17:26:36.962+0000] {processor.py:186} INFO - Started process (PID=2320) to work on /home/airflow/.local/lib/python3.12/site-packages/airflow/example_dags/example_sensors.py
[2024-12-07T17:26:36.964+0000] {processor.py:914} INFO - Processing file /home/airflow/.local/lib/python3.12/site-packages/airflow/example_dags/example_sensors.py for tasks to queue
[2024-12-07T17:26:36.968+0000] {logging_mixin.py:190} INFO - [2024-12-07T17:26:36.967+0000] {dagbag.py:588} INFO - Filling up the DagBag from /home/airflow/.local/lib/python3.12/site-packages/airflow/example_dags/example_sensors.py
[2024-12-07T17:26:36.984+0000] {processor.py:925} INFO - DAG(s) 'example_sensors' retrieved from /home/airflow/.local/lib/python3.12/site-packages/airflow/example_dags/example_sensors.py
[2024-12-07T17:26:37.025+0000] {logging_mixin.py:190} INFO - [2024-12-07T17:26:37.024+0000] {dag.py:3239} INFO - Sync 1 DAGs
[2024-12-07T17:26:37.050+0000] {logging_mixin.py:190} INFO - [2024-12-07T17:26:37.050+0000] {dag.py:4180} INFO - Setting next_dagrun for example_sensors to None, run_after=None
[2024-12-07T17:26:37.084+0000] {processor.py:208} INFO - Processing /home/airflow/.local/lib/python3.12/site-packages/airflow/example_dags/example_sensors.py took 0.132 seconds
[2024-12-07T17:27:08.305+0000] {processor.py:186} INFO - Started process (PID=2611) to work on /home/airflow/.local/lib/python3.12/site-packages/airflow/example_dags/example_sensors.py
[2024-12-07T17:27:08.306+0000] {processor.py:914} INFO - Processing file /home/airflow/.local/lib/python3.12/site-packages/airflow/example_dags/example_sensors.py for tasks to queue
[2024-12-07T17:27:08.309+0000] {logging_mixin.py:190} INFO - [2024-12-07T17:27:08.309+0000] {dagbag.py:588} INFO - Filling up the DagBag from /home/airflow/.local/lib/python3.12/site-packages/airflow/example_dags/example_sensors.py
[2024-12-07T17:27:08.324+0000] {processor.py:925} INFO - DAG(s) 'example_sensors' retrieved from /home/airflow/.local/lib/python3.12/site-packages/airflow/example_dags/example_sensors.py
[2024-12-07T17:27:08.365+0000] {logging_mixin.py:190} INFO - [2024-12-07T17:27:08.365+0000] {dag.py:3239} INFO - Sync 1 DAGs
[2024-12-07T17:27:08.389+0000] {logging_mixin.py:190} INFO - [2024-12-07T17:27:08.388+0000] {dag.py:4180} INFO - Setting next_dagrun for example_sensors to None, run_after=None
[2024-12-07T17:27:08.425+0000] {processor.py:208} INFO - Processing /home/airflow/.local/lib/python3.12/site-packages/airflow/example_dags/example_sensors.py took 0.128 seconds
[2024-12-07T17:27:38.543+0000] {processor.py:186} INFO - Started process (PID=2899) to work on /home/airflow/.local/lib/python3.12/site-packages/airflow/example_dags/example_sensors.py
[2024-12-07T17:27:38.544+0000] {processor.py:914} INFO - Processing file /home/airflow/.local/lib/python3.12/site-packages/airflow/example_dags/example_sensors.py for tasks to queue
[2024-12-07T17:27:38.548+0000] {logging_mixin.py:190} INFO - [2024-12-07T17:27:38.548+0000] {dagbag.py:588} INFO - Filling up the DagBag from /home/airflow/.local/lib/python3.12/site-packages/airflow/example_dags/example_sensors.py
[2024-12-07T17:27:38.564+0000] {processor.py:925} INFO - DAG(s) 'example_sensors' retrieved from /home/airflow/.local/lib/python3.12/site-packages/airflow/example_dags/example_sensors.py
[2024-12-07T17:27:38.599+0000] {logging_mixin.py:190} INFO - [2024-12-07T17:27:38.598+0000] {dag.py:3239} INFO - Sync 1 DAGs
[2024-12-07T17:27:38.615+0000] {logging_mixin.py:190} INFO - [2024-12-07T17:27:38.615+0000] {dag.py:4180} INFO - Setting next_dagrun for example_sensors to None, run_after=None
[2024-12-07T17:27:38.645+0000] {processor.py:208} INFO - Processing /home/airflow/.local/lib/python3.12/site-packages/airflow/example_dags/example_sensors.py took 0.111 seconds
[2024-12-07T17:28:09.863+0000] {processor.py:186} INFO - Started process (PID=3188) to work on /home/airflow/.local/lib/python3.12/site-packages/airflow/example_dags/example_sensors.py
[2024-12-07T17:28:09.895+0000] {processor.py:914} INFO - Processing file /home/airflow/.local/lib/python3.12/site-packages/airflow/example_dags/example_sensors.py for tasks to queue
[2024-12-07T17:28:09.913+0000] {logging_mixin.py:190} INFO - [2024-12-07T17:28:09.912+0000] {dagbag.py:588} INFO - Filling up the DagBag from /home/airflow/.local/lib/python3.12/site-packages/airflow/example_dags/example_sensors.py
[2024-12-07T17:28:09.997+0000] {processor.py:925} INFO - DAG(s) 'example_sensors' retrieved from /home/airflow/.local/lib/python3.12/site-packages/airflow/example_dags/example_sensors.py
[2024-12-07T17:28:10.158+0000] {logging_mixin.py:190} INFO - [2024-12-07T17:28:10.158+0000] {dag.py:3239} INFO - Sync 1 DAGs
[2024-12-07T17:28:10.291+0000] {logging_mixin.py:190} INFO - [2024-12-07T17:28:10.289+0000] {dag.py:4180} INFO - Setting next_dagrun for example_sensors to None, run_after=None
[2024-12-07T17:28:10.457+0000] {processor.py:208} INFO - Processing /home/airflow/.local/lib/python3.12/site-packages/airflow/example_dags/example_sensors.py took 0.632 seconds
[2024-12-07T17:28:40.935+0000] {processor.py:186} INFO - Started process (PID=3479) to work on /home/airflow/.local/lib/python3.12/site-packages/airflow/example_dags/example_sensors.py
[2024-12-07T17:28:40.937+0000] {processor.py:914} INFO - Processing file /home/airflow/.local/lib/python3.12/site-packages/airflow/example_dags/example_sensors.py for tasks to queue
[2024-12-07T17:28:40.941+0000] {logging_mixin.py:190} INFO - [2024-12-07T17:28:40.941+0000] {dagbag.py:588} INFO - Filling up the DagBag from /home/airflow/.local/lib/python3.12/site-packages/airflow/example_dags/example_sensors.py
[2024-12-07T17:28:40.960+0000] {processor.py:925} INFO - DAG(s) 'example_sensors' retrieved from /home/airflow/.local/lib/python3.12/site-packages/airflow/example_dags/example_sensors.py
[2024-12-07T17:28:41.012+0000] {logging_mixin.py:190} INFO - [2024-12-07T17:28:41.012+0000] {dag.py:3239} INFO - Sync 1 DAGs
[2024-12-07T17:28:41.037+0000] {logging_mixin.py:190} INFO - [2024-12-07T17:28:41.036+0000] {dag.py:4180} INFO - Setting next_dagrun for example_sensors to None, run_after=None
[2024-12-07T17:28:41.067+0000] {processor.py:208} INFO - Processing /home/airflow/.local/lib/python3.12/site-packages/airflow/example_dags/example_sensors.py took 0.146 seconds
[2024-12-07T17:29:11.456+0000] {processor.py:186} INFO - Started process (PID=3770) to work on /home/airflow/.local/lib/python3.12/site-packages/airflow/example_dags/example_sensors.py
[2024-12-07T17:29:11.457+0000] {processor.py:914} INFO - Processing file /home/airflow/.local/lib/python3.12/site-packages/airflow/example_dags/example_sensors.py for tasks to queue
[2024-12-07T17:29:11.461+0000] {logging_mixin.py:190} INFO - [2024-12-07T17:29:11.461+0000] {dagbag.py:588} INFO - Filling up the DagBag from /home/airflow/.local/lib/python3.12/site-packages/airflow/example_dags/example_sensors.py
[2024-12-07T17:29:11.478+0000] {processor.py:925} INFO - DAG(s) 'example_sensors' retrieved from /home/airflow/.local/lib/python3.12/site-packages/airflow/example_dags/example_sensors.py
[2024-12-07T17:29:11.533+0000] {logging_mixin.py:190} INFO - [2024-12-07T17:29:11.533+0000] {dag.py:3239} INFO - Sync 1 DAGs
[2024-12-07T17:29:11.556+0000] {logging_mixin.py:190} INFO - [2024-12-07T17:29:11.555+0000] {dag.py:4180} INFO - Setting next_dagrun for example_sensors to None, run_after=None
[2024-12-07T17:29:11.596+0000] {processor.py:208} INFO - Processing /home/airflow/.local/lib/python3.12/site-packages/airflow/example_dags/example_sensors.py took 0.148 seconds
[2024-12-07T17:29:41.860+0000] {processor.py:186} INFO - Started process (PID=4063) to work on /home/airflow/.local/lib/python3.12/site-packages/airflow/example_dags/example_sensors.py
[2024-12-07T17:29:41.862+0000] {processor.py:914} INFO - Processing file /home/airflow/.local/lib/python3.12/site-packages/airflow/example_dags/example_sensors.py for tasks to queue
[2024-12-07T17:29:41.866+0000] {logging_mixin.py:190} INFO - [2024-12-07T17:29:41.865+0000] {dagbag.py:588} INFO - Filling up the DagBag from /home/airflow/.local/lib/python3.12/site-packages/airflow/example_dags/example_sensors.py
[2024-12-07T17:29:41.896+0000] {processor.py:925} INFO - DAG(s) 'example_sensors' retrieved from /home/airflow/.local/lib/python3.12/site-packages/airflow/example_dags/example_sensors.py
[2024-12-07T17:29:41.952+0000] {logging_mixin.py:190} INFO - [2024-12-07T17:29:41.952+0000] {dag.py:3239} INFO - Sync 1 DAGs
[2024-12-07T17:29:41.980+0000] {logging_mixin.py:190} INFO - [2024-12-07T17:29:41.980+0000] {dag.py:4180} INFO - Setting next_dagrun for example_sensors to None, run_after=None
[2024-12-07T17:29:42.028+0000] {processor.py:208} INFO - Processing /home/airflow/.local/lib/python3.12/site-packages/airflow/example_dags/example_sensors.py took 0.183 seconds
[2024-12-07T17:30:12.616+0000] {processor.py:186} INFO - Started process (PID=4354) to work on /home/airflow/.local/lib/python3.12/site-packages/airflow/example_dags/example_sensors.py
[2024-12-07T17:30:12.618+0000] {processor.py:914} INFO - Processing file /home/airflow/.local/lib/python3.12/site-packages/airflow/example_dags/example_sensors.py for tasks to queue
[2024-12-07T17:30:12.622+0000] {logging_mixin.py:190} INFO - [2024-12-07T17:30:12.621+0000] {dagbag.py:588} INFO - Filling up the DagBag from /home/airflow/.local/lib/python3.12/site-packages/airflow/example_dags/example_sensors.py
[2024-12-07T17:30:12.655+0000] {processor.py:925} INFO - DAG(s) 'example_sensors' retrieved from /home/airflow/.local/lib/python3.12/site-packages/airflow/example_dags/example_sensors.py
[2024-12-07T17:30:12.826+0000] {logging_mixin.py:190} INFO - [2024-12-07T17:30:12.826+0000] {dag.py:3239} INFO - Sync 1 DAGs
[2024-12-07T17:30:12.880+0000] {logging_mixin.py:190} INFO - [2024-12-07T17:30:12.880+0000] {dag.py:4180} INFO - Setting next_dagrun for example_sensors to None, run_after=None
[2024-12-07T17:30:12.982+0000] {processor.py:208} INFO - Processing /home/airflow/.local/lib/python3.12/site-packages/airflow/example_dags/example_sensors.py took 0.383 seconds
[2024-12-07T17:30:43.278+0000] {processor.py:186} INFO - Started process (PID=4645) to work on /home/airflow/.local/lib/python3.12/site-packages/airflow/example_dags/example_sensors.py
[2024-12-07T17:30:43.280+0000] {processor.py:914} INFO - Processing file /home/airflow/.local/lib/python3.12/site-packages/airflow/example_dags/example_sensors.py for tasks to queue
[2024-12-07T17:30:43.283+0000] {logging_mixin.py:190} INFO - [2024-12-07T17:30:43.283+0000] {dagbag.py:588} INFO - Filling up the DagBag from /home/airflow/.local/lib/python3.12/site-packages/airflow/example_dags/example_sensors.py
[2024-12-07T17:30:43.304+0000] {processor.py:925} INFO - DAG(s) 'example_sensors' retrieved from /home/airflow/.local/lib/python3.12/site-packages/airflow/example_dags/example_sensors.py
[2024-12-07T17:30:43.372+0000] {logging_mixin.py:190} INFO - [2024-12-07T17:30:43.371+0000] {dag.py:3239} INFO - Sync 1 DAGs
[2024-12-07T17:30:43.416+0000] {logging_mixin.py:190} INFO - [2024-12-07T17:30:43.416+0000] {dag.py:4180} INFO - Setting next_dagrun for example_sensors to None, run_after=None
[2024-12-07T17:30:43.469+0000] {processor.py:208} INFO - Processing /home/airflow/.local/lib/python3.12/site-packages/airflow/example_dags/example_sensors.py took 0.201 seconds
[2024-12-07T17:31:13.981+0000] {processor.py:186} INFO - Started process (PID=4935) to work on /home/airflow/.local/lib/python3.12/site-packages/airflow/example_dags/example_sensors.py
[2024-12-07T17:31:13.983+0000] {processor.py:914} INFO - Processing file /home/airflow/.local/lib/python3.12/site-packages/airflow/example_dags/example_sensors.py for tasks to queue
[2024-12-07T17:31:13.987+0000] {logging_mixin.py:190} INFO - [2024-12-07T17:31:13.986+0000] {dagbag.py:588} INFO - Filling up the DagBag from /home/airflow/.local/lib/python3.12/site-packages/airflow/example_dags/example_sensors.py
[2024-12-07T17:31:14.011+0000] {processor.py:925} INFO - DAG(s) 'example_sensors' retrieved from /home/airflow/.local/lib/python3.12/site-packages/airflow/example_dags/example_sensors.py
[2024-12-07T17:31:14.062+0000] {logging_mixin.py:190} INFO - [2024-12-07T17:31:14.061+0000] {dag.py:3239} INFO - Sync 1 DAGs
[2024-12-07T17:31:14.086+0000] {logging_mixin.py:190} INFO - [2024-12-07T17:31:14.086+0000] {dag.py:4180} INFO - Setting next_dagrun for example_sensors to None, run_after=None
[2024-12-07T17:31:14.118+0000] {processor.py:208} INFO - Processing /home/airflow/.local/lib/python3.12/site-packages/airflow/example_dags/example_sensors.py took 0.144 seconds
[2024-12-07T17:31:44.325+0000] {processor.py:186} INFO - Started process (PID=5221) to work on /home/airflow/.local/lib/python3.12/site-packages/airflow/example_dags/example_sensors.py
[2024-12-07T17:31:44.326+0000] {processor.py:914} INFO - Processing file /home/airflow/.local/lib/python3.12/site-packages/airflow/example_dags/example_sensors.py for tasks to queue
[2024-12-07T17:31:44.329+0000] {logging_mixin.py:190} INFO - [2024-12-07T17:31:44.329+0000] {dagbag.py:588} INFO - Filling up the DagBag from /home/airflow/.local/lib/python3.12/site-packages/airflow/example_dags/example_sensors.py
[2024-12-07T17:31:44.349+0000] {processor.py:925} INFO - DAG(s) 'example_sensors' retrieved from /home/airflow/.local/lib/python3.12/site-packages/airflow/example_dags/example_sensors.py
[2024-12-07T17:31:44.386+0000] {logging_mixin.py:190} INFO - [2024-12-07T17:31:44.386+0000] {dag.py:3239} INFO - Sync 1 DAGs
[2024-12-07T17:31:44.411+0000] {logging_mixin.py:190} INFO - [2024-12-07T17:31:44.410+0000] {dag.py:4180} INFO - Setting next_dagrun for example_sensors to None, run_after=None
[2024-12-07T17:31:44.480+0000] {processor.py:208} INFO - Processing /home/airflow/.local/lib/python3.12/site-packages/airflow/example_dags/example_sensors.py took 0.165 seconds
[2024-12-07T17:32:15.477+0000] {processor.py:186} INFO - Started process (PID=5512) to work on /home/airflow/.local/lib/python3.12/site-packages/airflow/example_dags/example_sensors.py
[2024-12-07T17:32:15.479+0000] {processor.py:914} INFO - Processing file /home/airflow/.local/lib/python3.12/site-packages/airflow/example_dags/example_sensors.py for tasks to queue
[2024-12-07T17:32:15.483+0000] {logging_mixin.py:190} INFO - [2024-12-07T17:32:15.482+0000] {dagbag.py:588} INFO - Filling up the DagBag from /home/airflow/.local/lib/python3.12/site-packages/airflow/example_dags/example_sensors.py
[2024-12-07T17:32:15.501+0000] {processor.py:925} INFO - DAG(s) 'example_sensors' retrieved from /home/airflow/.local/lib/python3.12/site-packages/airflow/example_dags/example_sensors.py
[2024-12-07T17:32:15.550+0000] {logging_mixin.py:190} INFO - [2024-12-07T17:32:15.549+0000] {dag.py:3239} INFO - Sync 1 DAGs
[2024-12-07T17:32:15.588+0000] {logging_mixin.py:190} INFO - [2024-12-07T17:32:15.588+0000] {dag.py:4180} INFO - Setting next_dagrun for example_sensors to None, run_after=None
[2024-12-07T17:32:15.665+0000] {processor.py:208} INFO - Processing /home/airflow/.local/lib/python3.12/site-packages/airflow/example_dags/example_sensors.py took 0.197 seconds
[2024-12-07T17:32:46.375+0000] {processor.py:186} INFO - Started process (PID=5797) to work on /home/airflow/.local/lib/python3.12/site-packages/airflow/example_dags/example_sensors.py
[2024-12-07T17:32:46.377+0000] {processor.py:914} INFO - Processing file /home/airflow/.local/lib/python3.12/site-packages/airflow/example_dags/example_sensors.py for tasks to queue
[2024-12-07T17:32:46.380+0000] {logging_mixin.py:190} INFO - [2024-12-07T17:32:46.380+0000] {dagbag.py:588} INFO - Filling up the DagBag from /home/airflow/.local/lib/python3.12/site-packages/airflow/example_dags/example_sensors.py
[2024-12-07T17:32:46.412+0000] {processor.py:925} INFO - DAG(s) 'example_sensors' retrieved from /home/airflow/.local/lib/python3.12/site-packages/airflow/example_dags/example_sensors.py
[2024-12-07T17:32:46.465+0000] {logging_mixin.py:190} INFO - [2024-12-07T17:32:46.464+0000] {dag.py:3239} INFO - Sync 1 DAGs
[2024-12-07T17:32:46.486+0000] {logging_mixin.py:190} INFO - [2024-12-07T17:32:46.486+0000] {dag.py:4180} INFO - Setting next_dagrun for example_sensors to None, run_after=None
[2024-12-07T17:32:46.519+0000] {processor.py:208} INFO - Processing /home/airflow/.local/lib/python3.12/site-packages/airflow/example_dags/example_sensors.py took 0.153 seconds
[2024-12-07T17:33:16.601+0000] {processor.py:186} INFO - Started process (PID=6087) to work on /home/airflow/.local/lib/python3.12/site-packages/airflow/example_dags/example_sensors.py
[2024-12-07T17:33:16.603+0000] {processor.py:914} INFO - Processing file /home/airflow/.local/lib/python3.12/site-packages/airflow/example_dags/example_sensors.py for tasks to queue
[2024-12-07T17:33:16.606+0000] {logging_mixin.py:190} INFO - [2024-12-07T17:33:16.606+0000] {dagbag.py:588} INFO - Filling up the DagBag from /home/airflow/.local/lib/python3.12/site-packages/airflow/example_dags/example_sensors.py
[2024-12-07T17:33:16.620+0000] {processor.py:925} INFO - DAG(s) 'example_sensors' retrieved from /home/airflow/.local/lib/python3.12/site-packages/airflow/example_dags/example_sensors.py
[2024-12-07T17:33:16.662+0000] {logging_mixin.py:190} INFO - [2024-12-07T17:33:16.662+0000] {dag.py:3239} INFO - Sync 1 DAGs
[2024-12-07T17:33:16.681+0000] {logging_mixin.py:190} INFO - [2024-12-07T17:33:16.680+0000] {dag.py:4180} INFO - Setting next_dagrun for example_sensors to None, run_after=None
[2024-12-07T17:33:16.708+0000] {processor.py:208} INFO - Processing /home/airflow/.local/lib/python3.12/site-packages/airflow/example_dags/example_sensors.py took 0.116 seconds
[2024-12-07T17:33:47.085+0000] {processor.py:186} INFO - Started process (PID=6378) to work on /home/airflow/.local/lib/python3.12/site-packages/airflow/example_dags/example_sensors.py
[2024-12-07T17:33:47.087+0000] {processor.py:914} INFO - Processing file /home/airflow/.local/lib/python3.12/site-packages/airflow/example_dags/example_sensors.py for tasks to queue
[2024-12-07T17:33:47.091+0000] {logging_mixin.py:190} INFO - [2024-12-07T17:33:47.090+0000] {dagbag.py:588} INFO - Filling up the DagBag from /home/airflow/.local/lib/python3.12/site-packages/airflow/example_dags/example_sensors.py
[2024-12-07T17:33:47.110+0000] {processor.py:925} INFO - DAG(s) 'example_sensors' retrieved from /home/airflow/.local/lib/python3.12/site-packages/airflow/example_dags/example_sensors.py
[2024-12-07T17:33:47.154+0000] {logging_mixin.py:190} INFO - [2024-12-07T17:33:47.154+0000] {dag.py:3239} INFO - Sync 1 DAGs
[2024-12-07T17:33:47.178+0000] {logging_mixin.py:190} INFO - [2024-12-07T17:33:47.178+0000] {dag.py:4180} INFO - Setting next_dagrun for example_sensors to None, run_after=None
[2024-12-07T17:33:47.372+0000] {processor.py:208} INFO - Processing /home/airflow/.local/lib/python3.12/site-packages/airflow/example_dags/example_sensors.py took 0.298 seconds
[2024-12-07T17:34:18.411+0000] {processor.py:186} INFO - Started process (PID=6669) to work on /home/airflow/.local/lib/python3.12/site-packages/airflow/example_dags/example_sensors.py
[2024-12-07T17:34:18.412+0000] {processor.py:914} INFO - Processing file /home/airflow/.local/lib/python3.12/site-packages/airflow/example_dags/example_sensors.py for tasks to queue
[2024-12-07T17:34:18.416+0000] {logging_mixin.py:190} INFO - [2024-12-07T17:34:18.415+0000] {dagbag.py:588} INFO - Filling up the DagBag from /home/airflow/.local/lib/python3.12/site-packages/airflow/example_dags/example_sensors.py
[2024-12-07T17:34:18.433+0000] {processor.py:925} INFO - DAG(s) 'example_sensors' retrieved from /home/airflow/.local/lib/python3.12/site-packages/airflow/example_dags/example_sensors.py
[2024-12-07T17:34:18.477+0000] {logging_mixin.py:190} INFO - [2024-12-07T17:34:18.477+0000] {dag.py:3239} INFO - Sync 1 DAGs
[2024-12-07T17:34:18.499+0000] {logging_mixin.py:190} INFO - [2024-12-07T17:34:18.498+0000] {dag.py:4180} INFO - Setting next_dagrun for example_sensors to None, run_after=None
[2024-12-07T17:34:18.530+0000] {processor.py:208} INFO - Processing /home/airflow/.local/lib/python3.12/site-packages/airflow/example_dags/example_sensors.py took 0.129 seconds
[2024-12-07T17:34:48.804+0000] {processor.py:186} INFO - Started process (PID=6960) to work on /home/airflow/.local/lib/python3.12/site-packages/airflow/example_dags/example_sensors.py
[2024-12-07T17:34:48.806+0000] {processor.py:914} INFO - Processing file /home/airflow/.local/lib/python3.12/site-packages/airflow/example_dags/example_sensors.py for tasks to queue
[2024-12-07T17:34:48.809+0000] {logging_mixin.py:190} INFO - [2024-12-07T17:34:48.809+0000] {dagbag.py:588} INFO - Filling up the DagBag from /home/airflow/.local/lib/python3.12/site-packages/airflow/example_dags/example_sensors.py
[2024-12-07T17:34:48.826+0000] {processor.py:925} INFO - DAG(s) 'example_sensors' retrieved from /home/airflow/.local/lib/python3.12/site-packages/airflow/example_dags/example_sensors.py
[2024-12-07T17:34:48.872+0000] {logging_mixin.py:190} INFO - [2024-12-07T17:34:48.872+0000] {dag.py:3239} INFO - Sync 1 DAGs
[2024-12-07T17:34:48.895+0000] {logging_mixin.py:190} INFO - [2024-12-07T17:34:48.895+0000] {dag.py:4180} INFO - Setting next_dagrun for example_sensors to None, run_after=None
[2024-12-07T17:34:48.934+0000] {processor.py:208} INFO - Processing /home/airflow/.local/lib/python3.12/site-packages/airflow/example_dags/example_sensors.py took 0.140 seconds
[2024-12-07T17:35:19.720+0000] {processor.py:186} INFO - Started process (PID=7257) to work on /home/airflow/.local/lib/python3.12/site-packages/airflow/example_dags/example_sensors.py
[2024-12-07T17:35:19.722+0000] {processor.py:914} INFO - Processing file /home/airflow/.local/lib/python3.12/site-packages/airflow/example_dags/example_sensors.py for tasks to queue
[2024-12-07T17:35:19.733+0000] {logging_mixin.py:190} INFO - [2024-12-07T17:35:19.732+0000] {dagbag.py:588} INFO - Filling up the DagBag from /home/airflow/.local/lib/python3.12/site-packages/airflow/example_dags/example_sensors.py
[2024-12-07T17:35:19.768+0000] {processor.py:925} INFO - DAG(s) 'example_sensors' retrieved from /home/airflow/.local/lib/python3.12/site-packages/airflow/example_dags/example_sensors.py
[2024-12-07T17:35:19.827+0000] {logging_mixin.py:190} INFO - [2024-12-07T17:35:19.826+0000] {dag.py:3239} INFO - Sync 1 DAGs
[2024-12-07T17:35:19.859+0000] {logging_mixin.py:190} INFO - [2024-12-07T17:35:19.859+0000] {dag.py:4180} INFO - Setting next_dagrun for example_sensors to None, run_after=None
[2024-12-07T17:35:19.896+0000] {processor.py:208} INFO - Processing /home/airflow/.local/lib/python3.12/site-packages/airflow/example_dags/example_sensors.py took 0.190 seconds
[2024-12-07T17:35:50.603+0000] {processor.py:186} INFO - Started process (PID=7548) to work on /home/airflow/.local/lib/python3.12/site-packages/airflow/example_dags/example_sensors.py
[2024-12-07T17:35:50.606+0000] {processor.py:914} INFO - Processing file /home/airflow/.local/lib/python3.12/site-packages/airflow/example_dags/example_sensors.py for tasks to queue
[2024-12-07T17:35:50.612+0000] {logging_mixin.py:190} INFO - [2024-12-07T17:35:50.612+0000] {dagbag.py:588} INFO - Filling up the DagBag from /home/airflow/.local/lib/python3.12/site-packages/airflow/example_dags/example_sensors.py
[2024-12-07T17:35:50.633+0000] {processor.py:925} INFO - DAG(s) 'example_sensors' retrieved from /home/airflow/.local/lib/python3.12/site-packages/airflow/example_dags/example_sensors.py
[2024-12-07T17:35:50.682+0000] {logging_mixin.py:190} INFO - [2024-12-07T17:35:50.682+0000] {dag.py:3239} INFO - Sync 1 DAGs
[2024-12-07T17:35:50.711+0000] {logging_mixin.py:190} INFO - [2024-12-07T17:35:50.710+0000] {dag.py:4180} INFO - Setting next_dagrun for example_sensors to None, run_after=None
[2024-12-07T17:35:50.750+0000] {processor.py:208} INFO - Processing /home/airflow/.local/lib/python3.12/site-packages/airflow/example_dags/example_sensors.py took 0.163 seconds
[2024-12-07T17:36:21.078+0000] {processor.py:186} INFO - Started process (PID=7840) to work on /home/airflow/.local/lib/python3.12/site-packages/airflow/example_dags/example_sensors.py
[2024-12-07T17:36:21.080+0000] {processor.py:914} INFO - Processing file /home/airflow/.local/lib/python3.12/site-packages/airflow/example_dags/example_sensors.py for tasks to queue
[2024-12-07T17:36:21.083+0000] {logging_mixin.py:190} INFO - [2024-12-07T17:36:21.083+0000] {dagbag.py:588} INFO - Filling up the DagBag from /home/airflow/.local/lib/python3.12/site-packages/airflow/example_dags/example_sensors.py
[2024-12-07T17:36:21.100+0000] {processor.py:925} INFO - DAG(s) 'example_sensors' retrieved from /home/airflow/.local/lib/python3.12/site-packages/airflow/example_dags/example_sensors.py
[2024-12-07T17:36:21.138+0000] {logging_mixin.py:190} INFO - [2024-12-07T17:36:21.138+0000] {dag.py:3239} INFO - Sync 1 DAGs
[2024-12-07T17:36:21.156+0000] {logging_mixin.py:190} INFO - [2024-12-07T17:36:21.156+0000] {dag.py:4180} INFO - Setting next_dagrun for example_sensors to None, run_after=None
[2024-12-07T17:36:21.182+0000] {processor.py:208} INFO - Processing /home/airflow/.local/lib/python3.12/site-packages/airflow/example_dags/example_sensors.py took 0.112 seconds
[2024-12-07T17:36:56.730+0000] {processor.py:186} INFO - Started process (PID=8132) to work on /home/airflow/.local/lib/python3.12/site-packages/airflow/example_dags/example_sensors.py
[2024-12-07T17:36:56.732+0000] {processor.py:914} INFO - Processing file /home/airflow/.local/lib/python3.12/site-packages/airflow/example_dags/example_sensors.py for tasks to queue
[2024-12-07T17:36:56.739+0000] {logging_mixin.py:190} INFO - [2024-12-07T17:36:56.738+0000] {dagbag.py:588} INFO - Filling up the DagBag from /home/airflow/.local/lib/python3.12/site-packages/airflow/example_dags/example_sensors.py
[2024-12-07T17:36:56.764+0000] {processor.py:925} INFO - DAG(s) 'example_sensors' retrieved from /home/airflow/.local/lib/python3.12/site-packages/airflow/example_dags/example_sensors.py
[2024-12-07T17:36:56.832+0000] {logging_mixin.py:190} INFO - [2024-12-07T17:36:56.831+0000] {dag.py:3239} INFO - Sync 1 DAGs
[2024-12-07T17:36:56.872+0000] {logging_mixin.py:190} INFO - [2024-12-07T17:36:56.872+0000] {dag.py:4180} INFO - Setting next_dagrun for example_sensors to None, run_after=None
[2024-12-07T17:36:56.913+0000] {processor.py:208} INFO - Processing /home/airflow/.local/lib/python3.12/site-packages/airflow/example_dags/example_sensors.py took 0.197 seconds
[2024-12-07T17:37:27.430+0000] {processor.py:186} INFO - Started process (PID=8423) to work on /home/airflow/.local/lib/python3.12/site-packages/airflow/example_dags/example_sensors.py
[2024-12-07T17:37:27.449+0000] {processor.py:914} INFO - Processing file /home/airflow/.local/lib/python3.12/site-packages/airflow/example_dags/example_sensors.py for tasks to queue
[2024-12-07T17:37:27.456+0000] {logging_mixin.py:190} INFO - [2024-12-07T17:37:27.455+0000] {dagbag.py:588} INFO - Filling up the DagBag from /home/airflow/.local/lib/python3.12/site-packages/airflow/example_dags/example_sensors.py
[2024-12-07T17:37:27.498+0000] {processor.py:925} INFO - DAG(s) 'example_sensors' retrieved from /home/airflow/.local/lib/python3.12/site-packages/airflow/example_dags/example_sensors.py
[2024-12-07T17:37:27.553+0000] {logging_mixin.py:190} INFO - [2024-12-07T17:37:27.553+0000] {dag.py:3239} INFO - Sync 1 DAGs
[2024-12-07T17:37:27.579+0000] {logging_mixin.py:190} INFO - [2024-12-07T17:37:27.578+0000] {dag.py:4180} INFO - Setting next_dagrun for example_sensors to None, run_after=None
[2024-12-07T17:37:27.623+0000] {processor.py:208} INFO - Processing /home/airflow/.local/lib/python3.12/site-packages/airflow/example_dags/example_sensors.py took 0.203 seconds
[2024-12-07T17:37:58.535+0000] {processor.py:186} INFO - Started process (PID=8709) to work on /home/airflow/.local/lib/python3.12/site-packages/airflow/example_dags/example_sensors.py
[2024-12-07T17:37:58.538+0000] {processor.py:914} INFO - Processing file /home/airflow/.local/lib/python3.12/site-packages/airflow/example_dags/example_sensors.py for tasks to queue
[2024-12-07T17:37:58.543+0000] {logging_mixin.py:190} INFO - [2024-12-07T17:37:58.542+0000] {dagbag.py:588} INFO - Filling up the DagBag from /home/airflow/.local/lib/python3.12/site-packages/airflow/example_dags/example_sensors.py
[2024-12-07T17:37:58.593+0000] {processor.py:925} INFO - DAG(s) 'example_sensors' retrieved from /home/airflow/.local/lib/python3.12/site-packages/airflow/example_dags/example_sensors.py
[2024-12-07T17:37:58.676+0000] {logging_mixin.py:190} INFO - [2024-12-07T17:37:58.676+0000] {dag.py:3239} INFO - Sync 1 DAGs
[2024-12-07T17:37:58.729+0000] {logging_mixin.py:190} INFO - [2024-12-07T17:37:58.729+0000] {dag.py:4180} INFO - Setting next_dagrun for example_sensors to None, run_after=None
[2024-12-07T17:37:58.788+0000] {processor.py:208} INFO - Processing /home/airflow/.local/lib/python3.12/site-packages/airflow/example_dags/example_sensors.py took 0.271 seconds
[2024-12-07T17:38:29.629+0000] {processor.py:186} INFO - Started process (PID=9000) to work on /home/airflow/.local/lib/python3.12/site-packages/airflow/example_dags/example_sensors.py
[2024-12-07T17:38:29.632+0000] {processor.py:914} INFO - Processing file /home/airflow/.local/lib/python3.12/site-packages/airflow/example_dags/example_sensors.py for tasks to queue
[2024-12-07T17:38:29.646+0000] {logging_mixin.py:190} INFO - [2024-12-07T17:38:29.645+0000] {dagbag.py:588} INFO - Filling up the DagBag from /home/airflow/.local/lib/python3.12/site-packages/airflow/example_dags/example_sensors.py
[2024-12-07T17:38:29.726+0000] {processor.py:925} INFO - DAG(s) 'example_sensors' retrieved from /home/airflow/.local/lib/python3.12/site-packages/airflow/example_dags/example_sensors.py
[2024-12-07T17:38:29.858+0000] {logging_mixin.py:190} INFO - [2024-12-07T17:38:29.858+0000] {dag.py:3239} INFO - Sync 1 DAGs
[2024-12-07T17:38:29.903+0000] {logging_mixin.py:190} INFO - [2024-12-07T17:38:29.902+0000] {dag.py:4180} INFO - Setting next_dagrun for example_sensors to None, run_after=None
[2024-12-07T17:38:29.954+0000] {processor.py:208} INFO - Processing /home/airflow/.local/lib/python3.12/site-packages/airflow/example_dags/example_sensors.py took 0.347 seconds
[2024-12-07T17:39:00.815+0000] {processor.py:186} INFO - Started process (PID=9288) to work on /home/airflow/.local/lib/python3.12/site-packages/airflow/example_dags/example_sensors.py
[2024-12-07T17:39:00.816+0000] {processor.py:914} INFO - Processing file /home/airflow/.local/lib/python3.12/site-packages/airflow/example_dags/example_sensors.py for tasks to queue
[2024-12-07T17:39:00.819+0000] {logging_mixin.py:190} INFO - [2024-12-07T17:39:00.819+0000] {dagbag.py:588} INFO - Filling up the DagBag from /home/airflow/.local/lib/python3.12/site-packages/airflow/example_dags/example_sensors.py
[2024-12-07T17:39:00.847+0000] {processor.py:925} INFO - DAG(s) 'example_sensors' retrieved from /home/airflow/.local/lib/python3.12/site-packages/airflow/example_dags/example_sensors.py
[2024-12-07T17:39:00.891+0000] {logging_mixin.py:190} INFO - [2024-12-07T17:39:00.891+0000] {dag.py:3239} INFO - Sync 1 DAGs
[2024-12-07T17:39:00.916+0000] {logging_mixin.py:190} INFO - [2024-12-07T17:39:00.915+0000] {dag.py:4180} INFO - Setting next_dagrun for example_sensors to None, run_after=None
[2024-12-07T17:39:00.949+0000] {processor.py:208} INFO - Processing /home/airflow/.local/lib/python3.12/site-packages/airflow/example_dags/example_sensors.py took 0.147 seconds
[2024-12-07T17:39:31.684+0000] {processor.py:186} INFO - Started process (PID=9580) to work on /home/airflow/.local/lib/python3.12/site-packages/airflow/example_dags/example_sensors.py
[2024-12-07T17:39:31.685+0000] {processor.py:914} INFO - Processing file /home/airflow/.local/lib/python3.12/site-packages/airflow/example_dags/example_sensors.py for tasks to queue
[2024-12-07T17:39:31.689+0000] {logging_mixin.py:190} INFO - [2024-12-07T17:39:31.688+0000] {dagbag.py:588} INFO - Filling up the DagBag from /home/airflow/.local/lib/python3.12/site-packages/airflow/example_dags/example_sensors.py
[2024-12-07T17:39:31.710+0000] {processor.py:925} INFO - DAG(s) 'example_sensors' retrieved from /home/airflow/.local/lib/python3.12/site-packages/airflow/example_dags/example_sensors.py
[2024-12-07T17:39:31.750+0000] {logging_mixin.py:190} INFO - [2024-12-07T17:39:31.749+0000] {dag.py:3239} INFO - Sync 1 DAGs
[2024-12-07T17:39:31.774+0000] {logging_mixin.py:190} INFO - [2024-12-07T17:39:31.774+0000] {dag.py:4180} INFO - Setting next_dagrun for example_sensors to None, run_after=None
[2024-12-07T17:39:31.810+0000] {processor.py:208} INFO - Processing /home/airflow/.local/lib/python3.12/site-packages/airflow/example_dags/example_sensors.py took 0.133 seconds
[2024-12-07T17:40:02.610+0000] {processor.py:186} INFO - Started process (PID=9871) to work on /home/airflow/.local/lib/python3.12/site-packages/airflow/example_dags/example_sensors.py
[2024-12-07T17:40:02.612+0000] {processor.py:914} INFO - Processing file /home/airflow/.local/lib/python3.12/site-packages/airflow/example_dags/example_sensors.py for tasks to queue
[2024-12-07T17:40:02.624+0000] {logging_mixin.py:190} INFO - [2024-12-07T17:40:02.622+0000] {dagbag.py:588} INFO - Filling up the DagBag from /home/airflow/.local/lib/python3.12/site-packages/airflow/example_dags/example_sensors.py
[2024-12-07T17:40:02.684+0000] {processor.py:925} INFO - DAG(s) 'example_sensors' retrieved from /home/airflow/.local/lib/python3.12/site-packages/airflow/example_dags/example_sensors.py
[2024-12-07T17:40:02.812+0000] {logging_mixin.py:190} INFO - [2024-12-07T17:40:02.811+0000] {dag.py:3239} INFO - Sync 1 DAGs
[2024-12-07T17:40:02.867+0000] {logging_mixin.py:190} INFO - [2024-12-07T17:40:02.866+0000] {dag.py:4180} INFO - Setting next_dagrun for example_sensors to None, run_after=None
[2024-12-07T17:40:02.932+0000] {processor.py:208} INFO - Processing /home/airflow/.local/lib/python3.12/site-packages/airflow/example_dags/example_sensors.py took 0.352 seconds
[2024-12-07T17:40:34.277+0000] {processor.py:186} INFO - Started process (PID=10160) to work on /home/airflow/.local/lib/python3.12/site-packages/airflow/example_dags/example_sensors.py
[2024-12-07T17:40:34.279+0000] {processor.py:914} INFO - Processing file /home/airflow/.local/lib/python3.12/site-packages/airflow/example_dags/example_sensors.py for tasks to queue
[2024-12-07T17:40:34.295+0000] {logging_mixin.py:190} INFO - [2024-12-07T17:40:34.294+0000] {dagbag.py:588} INFO - Filling up the DagBag from /home/airflow/.local/lib/python3.12/site-packages/airflow/example_dags/example_sensors.py
[2024-12-07T17:40:34.373+0000] {processor.py:925} INFO - DAG(s) 'example_sensors' retrieved from /home/airflow/.local/lib/python3.12/site-packages/airflow/example_dags/example_sensors.py
[2024-12-07T17:40:34.549+0000] {logging_mixin.py:190} INFO - [2024-12-07T17:40:34.549+0000] {dag.py:3239} INFO - Sync 1 DAGs
[2024-12-07T17:40:34.630+0000] {logging_mixin.py:190} INFO - [2024-12-07T17:40:34.629+0000] {dag.py:4180} INFO - Setting next_dagrun for example_sensors to None, run_after=None
[2024-12-07T17:40:34.710+0000] {processor.py:208} INFO - Processing /home/airflow/.local/lib/python3.12/site-packages/airflow/example_dags/example_sensors.py took 0.468 seconds
[2024-12-07T17:41:05.240+0000] {processor.py:186} INFO - Started process (PID=10451) to work on /home/airflow/.local/lib/python3.12/site-packages/airflow/example_dags/example_sensors.py
[2024-12-07T17:41:05.241+0000] {processor.py:914} INFO - Processing file /home/airflow/.local/lib/python3.12/site-packages/airflow/example_dags/example_sensors.py for tasks to queue
[2024-12-07T17:41:05.248+0000] {logging_mixin.py:190} INFO - [2024-12-07T17:41:05.247+0000] {dagbag.py:588} INFO - Filling up the DagBag from /home/airflow/.local/lib/python3.12/site-packages/airflow/example_dags/example_sensors.py
[2024-12-07T17:41:05.276+0000] {processor.py:925} INFO - DAG(s) 'example_sensors' retrieved from /home/airflow/.local/lib/python3.12/site-packages/airflow/example_dags/example_sensors.py
[2024-12-07T17:41:05.360+0000] {logging_mixin.py:190} INFO - [2024-12-07T17:41:05.359+0000] {dag.py:3239} INFO - Sync 1 DAGs
[2024-12-07T17:41:05.379+0000] {logging_mixin.py:190} INFO - [2024-12-07T17:41:05.379+0000] {dag.py:4180} INFO - Setting next_dagrun for example_sensors to None, run_after=None
[2024-12-07T17:41:05.410+0000] {processor.py:208} INFO - Processing /home/airflow/.local/lib/python3.12/site-packages/airflow/example_dags/example_sensors.py took 0.182 seconds
[2024-12-07T17:41:36.218+0000] {processor.py:186} INFO - Started process (PID=10743) to work on /home/airflow/.local/lib/python3.12/site-packages/airflow/example_dags/example_sensors.py
[2024-12-07T17:41:36.219+0000] {processor.py:914} INFO - Processing file /home/airflow/.local/lib/python3.12/site-packages/airflow/example_dags/example_sensors.py for tasks to queue
[2024-12-07T17:41:36.222+0000] {logging_mixin.py:190} INFO - [2024-12-07T17:41:36.222+0000] {dagbag.py:588} INFO - Filling up the DagBag from /home/airflow/.local/lib/python3.12/site-packages/airflow/example_dags/example_sensors.py
[2024-12-07T17:41:36.240+0000] {processor.py:925} INFO - DAG(s) 'example_sensors' retrieved from /home/airflow/.local/lib/python3.12/site-packages/airflow/example_dags/example_sensors.py
[2024-12-07T17:41:36.277+0000] {logging_mixin.py:190} INFO - [2024-12-07T17:41:36.277+0000] {dag.py:3239} INFO - Sync 1 DAGs
[2024-12-07T17:41:36.301+0000] {logging_mixin.py:190} INFO - [2024-12-07T17:41:36.301+0000] {dag.py:4180} INFO - Setting next_dagrun for example_sensors to None, run_after=None
[2024-12-07T17:41:36.331+0000] {processor.py:208} INFO - Processing /home/airflow/.local/lib/python3.12/site-packages/airflow/example_dags/example_sensors.py took 0.123 seconds
[2024-12-07T17:42:06.774+0000] {processor.py:186} INFO - Started process (PID=11035) to work on /home/airflow/.local/lib/python3.12/site-packages/airflow/example_dags/example_sensors.py
[2024-12-07T17:42:06.775+0000] {processor.py:914} INFO - Processing file /home/airflow/.local/lib/python3.12/site-packages/airflow/example_dags/example_sensors.py for tasks to queue
[2024-12-07T17:42:06.779+0000] {logging_mixin.py:190} INFO - [2024-12-07T17:42:06.778+0000] {dagbag.py:588} INFO - Filling up the DagBag from /home/airflow/.local/lib/python3.12/site-packages/airflow/example_dags/example_sensors.py
[2024-12-07T17:42:06.799+0000] {processor.py:925} INFO - DAG(s) 'example_sensors' retrieved from /home/airflow/.local/lib/python3.12/site-packages/airflow/example_dags/example_sensors.py
[2024-12-07T17:42:06.838+0000] {logging_mixin.py:190} INFO - [2024-12-07T17:42:06.838+0000] {dag.py:3239} INFO - Sync 1 DAGs
[2024-12-07T17:42:06.859+0000] {logging_mixin.py:190} INFO - [2024-12-07T17:42:06.858+0000] {dag.py:4180} INFO - Setting next_dagrun for example_sensors to None, run_after=None
[2024-12-07T17:42:06.886+0000] {processor.py:208} INFO - Processing /home/airflow/.local/lib/python3.12/site-packages/airflow/example_dags/example_sensors.py took 0.122 seconds
[2024-12-07T17:42:37.419+0000] {processor.py:186} INFO - Started process (PID=11321) to work on /home/airflow/.local/lib/python3.12/site-packages/airflow/example_dags/example_sensors.py
[2024-12-07T17:42:37.421+0000] {processor.py:914} INFO - Processing file /home/airflow/.local/lib/python3.12/site-packages/airflow/example_dags/example_sensors.py for tasks to queue
[2024-12-07T17:42:37.428+0000] {logging_mixin.py:190} INFO - [2024-12-07T17:42:37.428+0000] {dagbag.py:588} INFO - Filling up the DagBag from /home/airflow/.local/lib/python3.12/site-packages/airflow/example_dags/example_sensors.py
[2024-12-07T17:42:37.457+0000] {processor.py:925} INFO - DAG(s) 'example_sensors' retrieved from /home/airflow/.local/lib/python3.12/site-packages/airflow/example_dags/example_sensors.py
[2024-12-07T17:42:37.522+0000] {logging_mixin.py:190} INFO - [2024-12-07T17:42:37.521+0000] {dag.py:3239} INFO - Sync 1 DAGs
[2024-12-07T17:42:37.558+0000] {logging_mixin.py:190} INFO - [2024-12-07T17:42:37.558+0000] {dag.py:4180} INFO - Setting next_dagrun for example_sensors to None, run_after=None
[2024-12-07T17:42:37.834+0000] {processor.py:208} INFO - Processing /home/airflow/.local/lib/python3.12/site-packages/airflow/example_dags/example_sensors.py took 0.429 seconds
[2024-12-07T17:43:08.518+0000] {processor.py:186} INFO - Started process (PID=11613) to work on /home/airflow/.local/lib/python3.12/site-packages/airflow/example_dags/example_sensors.py
[2024-12-07T17:43:08.521+0000] {processor.py:914} INFO - Processing file /home/airflow/.local/lib/python3.12/site-packages/airflow/example_dags/example_sensors.py for tasks to queue
[2024-12-07T17:43:08.526+0000] {logging_mixin.py:190} INFO - [2024-12-07T17:43:08.525+0000] {dagbag.py:588} INFO - Filling up the DagBag from /home/airflow/.local/lib/python3.12/site-packages/airflow/example_dags/example_sensors.py
[2024-12-07T17:43:08.553+0000] {processor.py:925} INFO - DAG(s) 'example_sensors' retrieved from /home/airflow/.local/lib/python3.12/site-packages/airflow/example_dags/example_sensors.py
[2024-12-07T17:43:08.620+0000] {logging_mixin.py:190} INFO - [2024-12-07T17:43:08.620+0000] {dag.py:3239} INFO - Sync 1 DAGs
[2024-12-07T17:43:08.652+0000] {logging_mixin.py:190} INFO - [2024-12-07T17:43:08.652+0000] {dag.py:4180} INFO - Setting next_dagrun for example_sensors to None, run_after=None
[2024-12-07T17:43:08.687+0000] {processor.py:208} INFO - Processing /home/airflow/.local/lib/python3.12/site-packages/airflow/example_dags/example_sensors.py took 0.186 seconds
[2024-12-07T17:43:38.936+0000] {processor.py:186} INFO - Started process (PID=11904) to work on /home/airflow/.local/lib/python3.12/site-packages/airflow/example_dags/example_sensors.py
[2024-12-07T17:43:38.937+0000] {processor.py:914} INFO - Processing file /home/airflow/.local/lib/python3.12/site-packages/airflow/example_dags/example_sensors.py for tasks to queue
[2024-12-07T17:43:38.942+0000] {logging_mixin.py:190} INFO - [2024-12-07T17:43:38.941+0000] {dagbag.py:588} INFO - Filling up the DagBag from /home/airflow/.local/lib/python3.12/site-packages/airflow/example_dags/example_sensors.py
[2024-12-07T17:43:38.966+0000] {processor.py:925} INFO - DAG(s) 'example_sensors' retrieved from /home/airflow/.local/lib/python3.12/site-packages/airflow/example_dags/example_sensors.py
[2024-12-07T17:43:39.040+0000] {logging_mixin.py:190} INFO - [2024-12-07T17:43:39.040+0000] {dag.py:3239} INFO - Sync 1 DAGs
[2024-12-07T17:43:39.113+0000] {logging_mixin.py:190} INFO - [2024-12-07T17:43:39.112+0000] {dag.py:4180} INFO - Setting next_dagrun for example_sensors to None, run_after=None
[2024-12-07T17:43:39.155+0000] {processor.py:208} INFO - Processing /home/airflow/.local/lib/python3.12/site-packages/airflow/example_dags/example_sensors.py took 0.232 seconds
