[2024-12-07T17:22:26.382+0000] {processor.py:186} INFO - Started process (PID=201) to work on /home/airflow/.local/lib/python3.12/site-packages/airflow/example_dags/example_branch_python_dop_operator_3.py
[2024-12-07T17:22:26.384+0000] {processor.py:914} INFO - Processing file /home/airflow/.local/lib/python3.12/site-packages/airflow/example_dags/example_branch_python_dop_operator_3.py for tasks to queue
[2024-12-07T17:22:26.388+0000] {logging_mixin.py:190} INFO - [2024-12-07T17:22:26.387+0000] {dagbag.py:588} INFO - Filling up the DagBag from /home/airflow/.local/lib/python3.12/site-packages/airflow/example_dags/example_branch_python_dop_operator_3.py
[2024-12-07T17:22:26.411+0000] {processor.py:925} INFO - DAG(s) 'example_branch_dop_operator_v3' retrieved from /home/airflow/.local/lib/python3.12/site-packages/airflow/example_dags/example_branch_python_dop_operator_3.py
[2024-12-07T17:22:26.681+0000] {logging_mixin.py:190} INFO - [2024-12-07T17:22:26.680+0000] {override.py:1911} INFO - Created Permission View: can delete on DAG:example_branch_dop_operator_v3
[2024-12-07T17:22:26.738+0000] {logging_mixin.py:190} INFO - [2024-12-07T17:22:26.738+0000] {override.py:1911} INFO - Created Permission View: can read on DAG:example_branch_dop_operator_v3
[2024-12-07T17:22:26.798+0000] {logging_mixin.py:190} INFO - [2024-12-07T17:22:26.798+0000] {override.py:1911} INFO - Created Permission View: can edit on DAG:example_branch_dop_operator_v3
[2024-12-07T17:22:26.821+0000] {logging_mixin.py:190} INFO - [2024-12-07T17:22:26.821+0000] {override.py:1911} INFO - Created Permission View: menu access on DAG Run:example_branch_dop_operator_v3
[2024-12-07T17:22:26.841+0000] {logging_mixin.py:190} INFO - [2024-12-07T17:22:26.840+0000] {override.py:1911} INFO - Created Permission View: can delete on DAG Run:example_branch_dop_operator_v3
[2024-12-07T17:22:26.863+0000] {logging_mixin.py:190} INFO - [2024-12-07T17:22:26.862+0000] {override.py:1911} INFO - Created Permission View: can read on DAG Run:example_branch_dop_operator_v3
[2024-12-07T17:22:26.893+0000] {logging_mixin.py:190} INFO - [2024-12-07T17:22:26.892+0000] {override.py:1911} INFO - Created Permission View: can create on DAG Run:example_branch_dop_operator_v3
[2024-12-07T17:22:26.896+0000] {logging_mixin.py:190} INFO - [2024-12-07T17:22:26.895+0000] {dag.py:3239} INFO - Sync 1 DAGs
[2024-12-07T17:22:26.938+0000] {logging_mixin.py:190} INFO - [2024-12-07T17:22:26.937+0000] {dag.py:3262} INFO - Creating ORM DAG for example_branch_dop_operator_v3
[2024-12-07T17:22:26.973+0000] {logging_mixin.py:190} INFO - [2024-12-07T17:22:26.973+0000] {dag.py:4180} INFO - Setting next_dagrun for example_branch_dop_operator_v3 to 2024-12-07 17:21:00+00:00, run_after=2024-12-07 17:22:00+00:00
[2024-12-07T17:22:27.023+0000] {processor.py:208} INFO - Processing /home/airflow/.local/lib/python3.12/site-packages/airflow/example_dags/example_branch_python_dop_operator_3.py took 0.654 seconds
[2024-12-07T17:23:09.142+0000] {processor.py:186} INFO - Started process (PID=493) to work on /home/airflow/.local/lib/python3.12/site-packages/airflow/example_dags/example_branch_python_dop_operator_3.py
[2024-12-07T17:23:09.145+0000] {processor.py:914} INFO - Processing file /home/airflow/.local/lib/python3.12/site-packages/airflow/example_dags/example_branch_python_dop_operator_3.py for tasks to queue
[2024-12-07T17:23:09.156+0000] {logging_mixin.py:190} INFO - [2024-12-07T17:23:09.155+0000] {dagbag.py:588} INFO - Filling up the DagBag from /home/airflow/.local/lib/python3.12/site-packages/airflow/example_dags/example_branch_python_dop_operator_3.py
[2024-12-07T17:23:09.263+0000] {processor.py:925} INFO - DAG(s) 'example_branch_dop_operator_v3' retrieved from /home/airflow/.local/lib/python3.12/site-packages/airflow/example_dags/example_branch_python_dop_operator_3.py
[2024-12-07T17:23:09.442+0000] {logging_mixin.py:190} INFO - [2024-12-07T17:23:09.442+0000] {dag.py:3239} INFO - Sync 1 DAGs
[2024-12-07T17:23:09.579+0000] {logging_mixin.py:190} INFO - [2024-12-07T17:23:09.576+0000] {dag.py:4180} INFO - Setting next_dagrun for example_branch_dop_operator_v3 to 2024-12-07 17:22:00+00:00, run_after=2024-12-07 17:23:00+00:00
[2024-12-07T17:23:09.708+0000] {processor.py:208} INFO - Processing /home/airflow/.local/lib/python3.12/site-packages/airflow/example_dags/example_branch_python_dop_operator_3.py took 0.588 seconds
[2024-12-07T17:23:40.154+0000] {processor.py:186} INFO - Started process (PID=779) to work on /home/airflow/.local/lib/python3.12/site-packages/airflow/example_dags/example_branch_python_dop_operator_3.py
[2024-12-07T17:23:40.155+0000] {processor.py:914} INFO - Processing file /home/airflow/.local/lib/python3.12/site-packages/airflow/example_dags/example_branch_python_dop_operator_3.py for tasks to queue
[2024-12-07T17:23:40.159+0000] {logging_mixin.py:190} INFO - [2024-12-07T17:23:40.158+0000] {dagbag.py:588} INFO - Filling up the DagBag from /home/airflow/.local/lib/python3.12/site-packages/airflow/example_dags/example_branch_python_dop_operator_3.py
[2024-12-07T17:23:40.174+0000] {processor.py:925} INFO - DAG(s) 'example_branch_dop_operator_v3' retrieved from /home/airflow/.local/lib/python3.12/site-packages/airflow/example_dags/example_branch_python_dop_operator_3.py
[2024-12-07T17:23:40.199+0000] {logging_mixin.py:190} INFO - [2024-12-07T17:23:40.198+0000] {dag.py:3239} INFO - Sync 1 DAGs
[2024-12-07T17:23:40.280+0000] {logging_mixin.py:190} INFO - [2024-12-07T17:23:40.280+0000] {dag.py:4180} INFO - Setting next_dagrun for example_branch_dop_operator_v3 to 2024-12-07 17:22:00+00:00, run_after=2024-12-07 17:23:00+00:00
[2024-12-07T17:23:41.098+0000] {processor.py:208} INFO - Processing /home/airflow/.local/lib/python3.12/site-packages/airflow/example_dags/example_branch_python_dop_operator_3.py took 0.956 seconds
[2024-12-07T17:24:13.994+0000] {processor.py:186} INFO - Started process (PID=1070) to work on /home/airflow/.local/lib/python3.12/site-packages/airflow/example_dags/example_branch_python_dop_operator_3.py
[2024-12-07T17:24:13.996+0000] {processor.py:914} INFO - Processing file /home/airflow/.local/lib/python3.12/site-packages/airflow/example_dags/example_branch_python_dop_operator_3.py for tasks to queue
[2024-12-07T17:24:14.003+0000] {logging_mixin.py:190} INFO - [2024-12-07T17:24:14.002+0000] {dagbag.py:588} INFO - Filling up the DagBag from /home/airflow/.local/lib/python3.12/site-packages/airflow/example_dags/example_branch_python_dop_operator_3.py
[2024-12-07T17:24:14.033+0000] {processor.py:925} INFO - DAG(s) 'example_branch_dop_operator_v3' retrieved from /home/airflow/.local/lib/python3.12/site-packages/airflow/example_dags/example_branch_python_dop_operator_3.py
[2024-12-07T17:24:14.089+0000] {logging_mixin.py:190} INFO - [2024-12-07T17:24:14.089+0000] {dag.py:3239} INFO - Sync 1 DAGs
[2024-12-07T17:24:14.184+0000] {logging_mixin.py:190} INFO - [2024-12-07T17:24:14.183+0000] {dag.py:4180} INFO - Setting next_dagrun for example_branch_dop_operator_v3 to 2024-12-07 17:23:00+00:00, run_after=2024-12-07 17:24:00+00:00
[2024-12-07T17:24:14.223+0000] {processor.py:208} INFO - Processing /home/airflow/.local/lib/python3.12/site-packages/airflow/example_dags/example_branch_python_dop_operator_3.py took 0.244 seconds
[2024-12-07T17:24:47.849+0000] {processor.py:186} INFO - Started process (PID=1329) to work on /home/airflow/.local/lib/python3.12/site-packages/airflow/example_dags/example_branch_python_dop_operator_3.py
[2024-12-07T17:24:47.853+0000] {processor.py:914} INFO - Processing file /home/airflow/.local/lib/python3.12/site-packages/airflow/example_dags/example_branch_python_dop_operator_3.py for tasks to queue
[2024-12-07T17:24:47.858+0000] {logging_mixin.py:190} INFO - [2024-12-07T17:24:47.857+0000] {dagbag.py:588} INFO - Filling up the DagBag from /home/airflow/.local/lib/python3.12/site-packages/airflow/example_dags/example_branch_python_dop_operator_3.py
[2024-12-07T17:24:47.876+0000] {processor.py:925} INFO - DAG(s) 'example_branch_dop_operator_v3' retrieved from /home/airflow/.local/lib/python3.12/site-packages/airflow/example_dags/example_branch_python_dop_operator_3.py
[2024-12-07T17:24:47.910+0000] {logging_mixin.py:190} INFO - [2024-12-07T17:24:47.910+0000] {dag.py:3239} INFO - Sync 1 DAGs
[2024-12-07T17:24:47.965+0000] {logging_mixin.py:190} INFO - [2024-12-07T17:24:47.964+0000] {dag.py:4180} INFO - Setting next_dagrun for example_branch_dop_operator_v3 to 2024-12-07 17:23:00+00:00, run_after=2024-12-07 17:24:00+00:00
[2024-12-07T17:24:48.010+0000] {processor.py:208} INFO - Processing /home/airflow/.local/lib/python3.12/site-packages/airflow/example_dags/example_branch_python_dop_operator_3.py took 0.176 seconds
[2024-12-07T17:25:18.583+0000] {processor.py:186} INFO - Started process (PID=1619) to work on /home/airflow/.local/lib/python3.12/site-packages/airflow/example_dags/example_branch_python_dop_operator_3.py
[2024-12-07T17:25:18.584+0000] {processor.py:914} INFO - Processing file /home/airflow/.local/lib/python3.12/site-packages/airflow/example_dags/example_branch_python_dop_operator_3.py for tasks to queue
[2024-12-07T17:25:18.588+0000] {logging_mixin.py:190} INFO - [2024-12-07T17:25:18.588+0000] {dagbag.py:588} INFO - Filling up the DagBag from /home/airflow/.local/lib/python3.12/site-packages/airflow/example_dags/example_branch_python_dop_operator_3.py
[2024-12-07T17:25:18.603+0000] {processor.py:925} INFO - DAG(s) 'example_branch_dop_operator_v3' retrieved from /home/airflow/.local/lib/python3.12/site-packages/airflow/example_dags/example_branch_python_dop_operator_3.py
[2024-12-07T17:25:18.638+0000] {logging_mixin.py:190} INFO - [2024-12-07T17:25:18.638+0000] {dag.py:3239} INFO - Sync 1 DAGs
[2024-12-07T17:25:18.691+0000] {logging_mixin.py:190} INFO - [2024-12-07T17:25:18.690+0000] {dag.py:4180} INFO - Setting next_dagrun for example_branch_dop_operator_v3 to 2024-12-07 17:24:00+00:00, run_after=2024-12-07 17:25:00+00:00
[2024-12-07T17:25:18.725+0000] {processor.py:208} INFO - Processing /home/airflow/.local/lib/python3.12/site-packages/airflow/example_dags/example_branch_python_dop_operator_3.py took 0.154 seconds
[2024-12-07T17:25:49.104+0000] {processor.py:186} INFO - Started process (PID=1910) to work on /home/airflow/.local/lib/python3.12/site-packages/airflow/example_dags/example_branch_python_dop_operator_3.py
[2024-12-07T17:25:49.105+0000] {processor.py:914} INFO - Processing file /home/airflow/.local/lib/python3.12/site-packages/airflow/example_dags/example_branch_python_dop_operator_3.py for tasks to queue
[2024-12-07T17:25:49.109+0000] {logging_mixin.py:190} INFO - [2024-12-07T17:25:49.108+0000] {dagbag.py:588} INFO - Filling up the DagBag from /home/airflow/.local/lib/python3.12/site-packages/airflow/example_dags/example_branch_python_dop_operator_3.py
[2024-12-07T17:25:49.128+0000] {processor.py:925} INFO - DAG(s) 'example_branch_dop_operator_v3' retrieved from /home/airflow/.local/lib/python3.12/site-packages/airflow/example_dags/example_branch_python_dop_operator_3.py
[2024-12-07T17:25:49.161+0000] {logging_mixin.py:190} INFO - [2024-12-07T17:25:49.160+0000] {dag.py:3239} INFO - Sync 1 DAGs
[2024-12-07T17:25:49.209+0000] {logging_mixin.py:190} INFO - [2024-12-07T17:25:49.209+0000] {dag.py:4180} INFO - Setting next_dagrun for example_branch_dop_operator_v3 to 2024-12-07 17:24:00+00:00, run_after=2024-12-07 17:25:00+00:00
[2024-12-07T17:25:49.249+0000] {processor.py:208} INFO - Processing /home/airflow/.local/lib/python3.12/site-packages/airflow/example_dags/example_branch_python_dop_operator_3.py took 0.153 seconds
[2024-12-07T17:26:19.503+0000] {processor.py:186} INFO - Started process (PID=2197) to work on /home/airflow/.local/lib/python3.12/site-packages/airflow/example_dags/example_branch_python_dop_operator_3.py
[2024-12-07T17:26:19.505+0000] {processor.py:914} INFO - Processing file /home/airflow/.local/lib/python3.12/site-packages/airflow/example_dags/example_branch_python_dop_operator_3.py for tasks to queue
[2024-12-07T17:26:19.510+0000] {logging_mixin.py:190} INFO - [2024-12-07T17:26:19.509+0000] {dagbag.py:588} INFO - Filling up the DagBag from /home/airflow/.local/lib/python3.12/site-packages/airflow/example_dags/example_branch_python_dop_operator_3.py
[2024-12-07T17:26:19.531+0000] {processor.py:925} INFO - DAG(s) 'example_branch_dop_operator_v3' retrieved from /home/airflow/.local/lib/python3.12/site-packages/airflow/example_dags/example_branch_python_dop_operator_3.py
[2024-12-07T17:26:19.593+0000] {logging_mixin.py:190} INFO - [2024-12-07T17:26:19.592+0000] {dag.py:3239} INFO - Sync 1 DAGs
[2024-12-07T17:26:19.657+0000] {logging_mixin.py:190} INFO - [2024-12-07T17:26:19.654+0000] {dag.py:4180} INFO - Setting next_dagrun for example_branch_dop_operator_v3 to 2024-12-07 17:25:00+00:00, run_after=2024-12-07 17:26:00+00:00
[2024-12-07T17:26:19.706+0000] {processor.py:208} INFO - Processing /home/airflow/.local/lib/python3.12/site-packages/airflow/example_dags/example_branch_python_dop_operator_3.py took 0.220 seconds
[2024-12-07T17:26:49.837+0000] {processor.py:186} INFO - Started process (PID=2488) to work on /home/airflow/.local/lib/python3.12/site-packages/airflow/example_dags/example_branch_python_dop_operator_3.py
[2024-12-07T17:26:49.839+0000] {processor.py:914} INFO - Processing file /home/airflow/.local/lib/python3.12/site-packages/airflow/example_dags/example_branch_python_dop_operator_3.py for tasks to queue
[2024-12-07T17:26:49.843+0000] {logging_mixin.py:190} INFO - [2024-12-07T17:26:49.842+0000] {dagbag.py:588} INFO - Filling up the DagBag from /home/airflow/.local/lib/python3.12/site-packages/airflow/example_dags/example_branch_python_dop_operator_3.py
[2024-12-07T17:26:49.862+0000] {processor.py:925} INFO - DAG(s) 'example_branch_dop_operator_v3' retrieved from /home/airflow/.local/lib/python3.12/site-packages/airflow/example_dags/example_branch_python_dop_operator_3.py
[2024-12-07T17:26:49.895+0000] {logging_mixin.py:190} INFO - [2024-12-07T17:26:49.895+0000] {dag.py:3239} INFO - Sync 1 DAGs
[2024-12-07T17:26:49.951+0000] {logging_mixin.py:190} INFO - [2024-12-07T17:26:49.951+0000] {dag.py:4180} INFO - Setting next_dagrun for example_branch_dop_operator_v3 to 2024-12-07 17:25:00+00:00, run_after=2024-12-07 17:26:00+00:00
[2024-12-07T17:26:49.989+0000] {processor.py:208} INFO - Processing /home/airflow/.local/lib/python3.12/site-packages/airflow/example_dags/example_branch_python_dop_operator_3.py took 0.163 seconds
[2024-12-07T17:27:20.186+0000] {processor.py:186} INFO - Started process (PID=2779) to work on /home/airflow/.local/lib/python3.12/site-packages/airflow/example_dags/example_branch_python_dop_operator_3.py
[2024-12-07T17:27:20.187+0000] {processor.py:914} INFO - Processing file /home/airflow/.local/lib/python3.12/site-packages/airflow/example_dags/example_branch_python_dop_operator_3.py for tasks to queue
[2024-12-07T17:27:20.190+0000] {logging_mixin.py:190} INFO - [2024-12-07T17:27:20.190+0000] {dagbag.py:588} INFO - Filling up the DagBag from /home/airflow/.local/lib/python3.12/site-packages/airflow/example_dags/example_branch_python_dop_operator_3.py
[2024-12-07T17:27:20.206+0000] {processor.py:925} INFO - DAG(s) 'example_branch_dop_operator_v3' retrieved from /home/airflow/.local/lib/python3.12/site-packages/airflow/example_dags/example_branch_python_dop_operator_3.py
[2024-12-07T17:27:20.234+0000] {logging_mixin.py:190} INFO - [2024-12-07T17:27:20.234+0000] {dag.py:3239} INFO - Sync 1 DAGs
[2024-12-07T17:27:20.271+0000] {logging_mixin.py:190} INFO - [2024-12-07T17:27:20.271+0000] {dag.py:4180} INFO - Setting next_dagrun for example_branch_dop_operator_v3 to 2024-12-07 17:26:00+00:00, run_after=2024-12-07 17:27:00+00:00
[2024-12-07T17:27:20.306+0000] {processor.py:208} INFO - Processing /home/airflow/.local/lib/python3.12/site-packages/airflow/example_dags/example_branch_python_dop_operator_3.py took 0.129 seconds
[2024-12-07T17:27:50.428+0000] {processor.py:186} INFO - Started process (PID=3070) to work on /home/airflow/.local/lib/python3.12/site-packages/airflow/example_dags/example_branch_python_dop_operator_3.py
[2024-12-07T17:27:50.430+0000] {processor.py:914} INFO - Processing file /home/airflow/.local/lib/python3.12/site-packages/airflow/example_dags/example_branch_python_dop_operator_3.py for tasks to queue
[2024-12-07T17:27:50.434+0000] {logging_mixin.py:190} INFO - [2024-12-07T17:27:50.433+0000] {dagbag.py:588} INFO - Filling up the DagBag from /home/airflow/.local/lib/python3.12/site-packages/airflow/example_dags/example_branch_python_dop_operator_3.py
[2024-12-07T17:27:50.448+0000] {processor.py:925} INFO - DAG(s) 'example_branch_dop_operator_v3' retrieved from /home/airflow/.local/lib/python3.12/site-packages/airflow/example_dags/example_branch_python_dop_operator_3.py
[2024-12-07T17:27:50.481+0000] {logging_mixin.py:190} INFO - [2024-12-07T17:27:50.480+0000] {dag.py:3239} INFO - Sync 1 DAGs
[2024-12-07T17:27:50.522+0000] {logging_mixin.py:190} INFO - [2024-12-07T17:27:50.521+0000] {dag.py:4180} INFO - Setting next_dagrun for example_branch_dop_operator_v3 to 2024-12-07 17:26:00+00:00, run_after=2024-12-07 17:27:00+00:00
[2024-12-07T17:27:50.545+0000] {processor.py:208} INFO - Processing /home/airflow/.local/lib/python3.12/site-packages/airflow/example_dags/example_branch_python_dop_operator_3.py took 0.126 seconds
[2024-12-07T17:28:21.903+0000] {processor.py:186} INFO - Started process (PID=3354) to work on /home/airflow/.local/lib/python3.12/site-packages/airflow/example_dags/example_branch_python_dop_operator_3.py
[2024-12-07T17:28:21.905+0000] {processor.py:914} INFO - Processing file /home/airflow/.local/lib/python3.12/site-packages/airflow/example_dags/example_branch_python_dop_operator_3.py for tasks to queue
[2024-12-07T17:28:21.910+0000] {logging_mixin.py:190} INFO - [2024-12-07T17:28:21.909+0000] {dagbag.py:588} INFO - Filling up the DagBag from /home/airflow/.local/lib/python3.12/site-packages/airflow/example_dags/example_branch_python_dop_operator_3.py
[2024-12-07T17:28:21.944+0000] {processor.py:925} INFO - DAG(s) 'example_branch_dop_operator_v3' retrieved from /home/airflow/.local/lib/python3.12/site-packages/airflow/example_dags/example_branch_python_dop_operator_3.py
[2024-12-07T17:28:22.015+0000] {logging_mixin.py:190} INFO - [2024-12-07T17:28:22.014+0000] {dag.py:3239} INFO - Sync 1 DAGs
[2024-12-07T17:28:22.112+0000] {logging_mixin.py:190} INFO - [2024-12-07T17:28:22.112+0000] {dag.py:4180} INFO - Setting next_dagrun for example_branch_dop_operator_v3 to 2024-12-07 17:27:00+00:00, run_after=2024-12-07 17:28:00+00:00
[2024-12-07T17:28:22.156+0000] {processor.py:208} INFO - Processing /home/airflow/.local/lib/python3.12/site-packages/airflow/example_dags/example_branch_python_dop_operator_3.py took 0.271 seconds
[2024-12-07T17:28:56.238+0000] {processor.py:186} INFO - Started process (PID=3645) to work on /home/airflow/.local/lib/python3.12/site-packages/airflow/example_dags/example_branch_python_dop_operator_3.py
[2024-12-07T17:28:56.250+0000] {processor.py:914} INFO - Processing file /home/airflow/.local/lib/python3.12/site-packages/airflow/example_dags/example_branch_python_dop_operator_3.py for tasks to queue
[2024-12-07T17:28:56.258+0000] {logging_mixin.py:190} INFO - [2024-12-07T17:28:56.258+0000] {dagbag.py:588} INFO - Filling up the DagBag from /home/airflow/.local/lib/python3.12/site-packages/airflow/example_dags/example_branch_python_dop_operator_3.py
[2024-12-07T17:28:56.340+0000] {processor.py:925} INFO - DAG(s) 'example_branch_dop_operator_v3' retrieved from /home/airflow/.local/lib/python3.12/site-packages/airflow/example_dags/example_branch_python_dop_operator_3.py
[2024-12-07T17:28:56.412+0000] {logging_mixin.py:190} INFO - [2024-12-07T17:28:56.412+0000] {dag.py:3239} INFO - Sync 1 DAGs
[2024-12-07T17:28:56.511+0000] {logging_mixin.py:190} INFO - [2024-12-07T17:28:56.510+0000] {dag.py:4180} INFO - Setting next_dagrun for example_branch_dop_operator_v3 to 2024-12-07 17:27:00+00:00, run_after=2024-12-07 17:28:00+00:00
[2024-12-07T17:28:56.621+0000] {processor.py:208} INFO - Processing /home/airflow/.local/lib/python3.12/site-packages/airflow/example_dags/example_branch_python_dop_operator_3.py took 0.400 seconds
[2024-12-07T17:29:26.952+0000] {processor.py:186} INFO - Started process (PID=3938) to work on /home/airflow/.local/lib/python3.12/site-packages/airflow/example_dags/example_branch_python_dop_operator_3.py
[2024-12-07T17:29:26.954+0000] {processor.py:914} INFO - Processing file /home/airflow/.local/lib/python3.12/site-packages/airflow/example_dags/example_branch_python_dop_operator_3.py for tasks to queue
[2024-12-07T17:29:26.957+0000] {logging_mixin.py:190} INFO - [2024-12-07T17:29:26.957+0000] {dagbag.py:588} INFO - Filling up the DagBag from /home/airflow/.local/lib/python3.12/site-packages/airflow/example_dags/example_branch_python_dop_operator_3.py
[2024-12-07T17:29:26.974+0000] {processor.py:925} INFO - DAG(s) 'example_branch_dop_operator_v3' retrieved from /home/airflow/.local/lib/python3.12/site-packages/airflow/example_dags/example_branch_python_dop_operator_3.py
[2024-12-07T17:29:27.005+0000] {logging_mixin.py:190} INFO - [2024-12-07T17:29:27.005+0000] {dag.py:3239} INFO - Sync 1 DAGs
[2024-12-07T17:29:27.070+0000] {logging_mixin.py:190} INFO - [2024-12-07T17:29:27.069+0000] {dag.py:4180} INFO - Setting next_dagrun for example_branch_dop_operator_v3 to 2024-12-07 17:28:00+00:00, run_after=2024-12-07 17:29:00+00:00
[2024-12-07T17:29:27.126+0000] {processor.py:208} INFO - Processing /home/airflow/.local/lib/python3.12/site-packages/airflow/example_dags/example_branch_python_dop_operator_3.py took 0.184 seconds
[2024-12-07T17:29:57.468+0000] {processor.py:186} INFO - Started process (PID=4229) to work on /home/airflow/.local/lib/python3.12/site-packages/airflow/example_dags/example_branch_python_dop_operator_3.py
[2024-12-07T17:29:57.470+0000] {processor.py:914} INFO - Processing file /home/airflow/.local/lib/python3.12/site-packages/airflow/example_dags/example_branch_python_dop_operator_3.py for tasks to queue
[2024-12-07T17:29:57.473+0000] {logging_mixin.py:190} INFO - [2024-12-07T17:29:57.472+0000] {dagbag.py:588} INFO - Filling up the DagBag from /home/airflow/.local/lib/python3.12/site-packages/airflow/example_dags/example_branch_python_dop_operator_3.py
[2024-12-07T17:29:57.485+0000] {processor.py:925} INFO - DAG(s) 'example_branch_dop_operator_v3' retrieved from /home/airflow/.local/lib/python3.12/site-packages/airflow/example_dags/example_branch_python_dop_operator_3.py
[2024-12-07T17:29:57.515+0000] {logging_mixin.py:190} INFO - [2024-12-07T17:29:57.515+0000] {dag.py:3239} INFO - Sync 1 DAGs
[2024-12-07T17:29:57.555+0000] {logging_mixin.py:190} INFO - [2024-12-07T17:29:57.555+0000] {dag.py:4180} INFO - Setting next_dagrun for example_branch_dop_operator_v3 to 2024-12-07 17:28:00+00:00, run_after=2024-12-07 17:29:00+00:00
[2024-12-07T17:29:57.585+0000] {processor.py:208} INFO - Processing /home/airflow/.local/lib/python3.12/site-packages/airflow/example_dags/example_branch_python_dop_operator_3.py took 0.126 seconds
[2024-12-07T17:30:28.152+0000] {processor.py:186} INFO - Started process (PID=4515) to work on /home/airflow/.local/lib/python3.12/site-packages/airflow/example_dags/example_branch_python_dop_operator_3.py
[2024-12-07T17:30:28.154+0000] {processor.py:914} INFO - Processing file /home/airflow/.local/lib/python3.12/site-packages/airflow/example_dags/example_branch_python_dop_operator_3.py for tasks to queue
[2024-12-07T17:30:28.157+0000] {logging_mixin.py:190} INFO - [2024-12-07T17:30:28.157+0000] {dagbag.py:588} INFO - Filling up the DagBag from /home/airflow/.local/lib/python3.12/site-packages/airflow/example_dags/example_branch_python_dop_operator_3.py
[2024-12-07T17:30:28.174+0000] {processor.py:925} INFO - DAG(s) 'example_branch_dop_operator_v3' retrieved from /home/airflow/.local/lib/python3.12/site-packages/airflow/example_dags/example_branch_python_dop_operator_3.py
[2024-12-07T17:30:28.204+0000] {logging_mixin.py:190} INFO - [2024-12-07T17:30:28.204+0000] {dag.py:3239} INFO - Sync 1 DAGs
[2024-12-07T17:30:28.245+0000] {logging_mixin.py:190} INFO - [2024-12-07T17:30:28.245+0000] {dag.py:4180} INFO - Setting next_dagrun for example_branch_dop_operator_v3 to 2024-12-07 17:29:00+00:00, run_after=2024-12-07 17:30:00+00:00
[2024-12-07T17:30:28.275+0000] {processor.py:208} INFO - Processing /home/airflow/.local/lib/python3.12/site-packages/airflow/example_dags/example_branch_python_dop_operator_3.py took 0.133 seconds
[2024-12-07T17:30:58.464+0000] {processor.py:186} INFO - Started process (PID=4807) to work on /home/airflow/.local/lib/python3.12/site-packages/airflow/example_dags/example_branch_python_dop_operator_3.py
[2024-12-07T17:30:58.466+0000] {processor.py:914} INFO - Processing file /home/airflow/.local/lib/python3.12/site-packages/airflow/example_dags/example_branch_python_dop_operator_3.py for tasks to queue
[2024-12-07T17:30:58.469+0000] {logging_mixin.py:190} INFO - [2024-12-07T17:30:58.468+0000] {dagbag.py:588} INFO - Filling up the DagBag from /home/airflow/.local/lib/python3.12/site-packages/airflow/example_dags/example_branch_python_dop_operator_3.py
[2024-12-07T17:30:58.482+0000] {processor.py:925} INFO - DAG(s) 'example_branch_dop_operator_v3' retrieved from /home/airflow/.local/lib/python3.12/site-packages/airflow/example_dags/example_branch_python_dop_operator_3.py
[2024-12-07T17:30:58.510+0000] {logging_mixin.py:190} INFO - [2024-12-07T17:30:58.510+0000] {dag.py:3239} INFO - Sync 1 DAGs
[2024-12-07T17:30:58.549+0000] {logging_mixin.py:190} INFO - [2024-12-07T17:30:58.548+0000] {dag.py:4180} INFO - Setting next_dagrun for example_branch_dop_operator_v3 to 2024-12-07 17:29:00+00:00, run_after=2024-12-07 17:30:00+00:00
[2024-12-07T17:30:58.578+0000] {processor.py:208} INFO - Processing /home/airflow/.local/lib/python3.12/site-packages/airflow/example_dags/example_branch_python_dop_operator_3.py took 0.121 seconds
[2024-12-07T17:31:28.914+0000] {processor.py:186} INFO - Started process (PID=5086) to work on /home/airflow/.local/lib/python3.12/site-packages/airflow/example_dags/example_branch_python_dop_operator_3.py
[2024-12-07T17:31:28.917+0000] {processor.py:914} INFO - Processing file /home/airflow/.local/lib/python3.12/site-packages/airflow/example_dags/example_branch_python_dop_operator_3.py for tasks to queue
[2024-12-07T17:31:28.936+0000] {logging_mixin.py:190} INFO - [2024-12-07T17:31:28.936+0000] {dagbag.py:588} INFO - Filling up the DagBag from /home/airflow/.local/lib/python3.12/site-packages/airflow/example_dags/example_branch_python_dop_operator_3.py
[2024-12-07T17:31:28.972+0000] {processor.py:925} INFO - DAG(s) 'example_branch_dop_operator_v3' retrieved from /home/airflow/.local/lib/python3.12/site-packages/airflow/example_dags/example_branch_python_dop_operator_3.py
[2024-12-07T17:31:29.044+0000] {logging_mixin.py:190} INFO - [2024-12-07T17:31:29.044+0000] {dag.py:3239} INFO - Sync 1 DAGs
[2024-12-07T17:31:29.095+0000] {logging_mixin.py:190} INFO - [2024-12-07T17:31:29.095+0000] {dag.py:4180} INFO - Setting next_dagrun for example_branch_dop_operator_v3 to 2024-12-07 17:30:00+00:00, run_after=2024-12-07 17:31:00+00:00
[2024-12-07T17:31:29.123+0000] {processor.py:208} INFO - Processing /home/airflow/.local/lib/python3.12/site-packages/airflow/example_dags/example_branch_python_dop_operator_3.py took 0.221 seconds
[2024-12-07T17:31:59.441+0000] {processor.py:186} INFO - Started process (PID=5377) to work on /home/airflow/.local/lib/python3.12/site-packages/airflow/example_dags/example_branch_python_dop_operator_3.py
[2024-12-07T17:31:59.442+0000] {processor.py:914} INFO - Processing file /home/airflow/.local/lib/python3.12/site-packages/airflow/example_dags/example_branch_python_dop_operator_3.py for tasks to queue
[2024-12-07T17:31:59.446+0000] {logging_mixin.py:190} INFO - [2024-12-07T17:31:59.446+0000] {dagbag.py:588} INFO - Filling up the DagBag from /home/airflow/.local/lib/python3.12/site-packages/airflow/example_dags/example_branch_python_dop_operator_3.py
[2024-12-07T17:31:59.462+0000] {processor.py:925} INFO - DAG(s) 'example_branch_dop_operator_v3' retrieved from /home/airflow/.local/lib/python3.12/site-packages/airflow/example_dags/example_branch_python_dop_operator_3.py
[2024-12-07T17:31:59.503+0000] {logging_mixin.py:190} INFO - [2024-12-07T17:31:59.501+0000] {dag.py:3239} INFO - Sync 1 DAGs
[2024-12-07T17:31:59.569+0000] {logging_mixin.py:190} INFO - [2024-12-07T17:31:59.569+0000] {dag.py:4180} INFO - Setting next_dagrun for example_branch_dop_operator_v3 to 2024-12-07 17:30:00+00:00, run_after=2024-12-07 17:31:00+00:00
[2024-12-07T17:31:59.621+0000] {processor.py:208} INFO - Processing /home/airflow/.local/lib/python3.12/site-packages/airflow/example_dags/example_branch_python_dop_operator_3.py took 0.190 seconds
[2024-12-07T17:32:29.905+0000] {processor.py:186} INFO - Started process (PID=5667) to work on /home/airflow/.local/lib/python3.12/site-packages/airflow/example_dags/example_branch_python_dop_operator_3.py
[2024-12-07T17:32:29.906+0000] {processor.py:914} INFO - Processing file /home/airflow/.local/lib/python3.12/site-packages/airflow/example_dags/example_branch_python_dop_operator_3.py for tasks to queue
[2024-12-07T17:32:29.909+0000] {logging_mixin.py:190} INFO - [2024-12-07T17:32:29.909+0000] {dagbag.py:588} INFO - Filling up the DagBag from /home/airflow/.local/lib/python3.12/site-packages/airflow/example_dags/example_branch_python_dop_operator_3.py
[2024-12-07T17:32:29.923+0000] {processor.py:925} INFO - DAG(s) 'example_branch_dop_operator_v3' retrieved from /home/airflow/.local/lib/python3.12/site-packages/airflow/example_dags/example_branch_python_dop_operator_3.py
[2024-12-07T17:32:29.951+0000] {logging_mixin.py:190} INFO - [2024-12-07T17:32:29.950+0000] {dag.py:3239} INFO - Sync 1 DAGs
[2024-12-07T17:32:29.986+0000] {logging_mixin.py:190} INFO - [2024-12-07T17:32:29.986+0000] {dag.py:4180} INFO - Setting next_dagrun for example_branch_dop_operator_v3 to 2024-12-07 17:31:00+00:00, run_after=2024-12-07 17:32:00+00:00
[2024-12-07T17:32:30.016+0000] {processor.py:208} INFO - Processing /home/airflow/.local/lib/python3.12/site-packages/airflow/example_dags/example_branch_python_dop_operator_3.py took 0.121 seconds
[2024-12-07T17:33:00.212+0000] {processor.py:186} INFO - Started process (PID=5954) to work on /home/airflow/.local/lib/python3.12/site-packages/airflow/example_dags/example_branch_python_dop_operator_3.py
[2024-12-07T17:33:00.220+0000] {processor.py:914} INFO - Processing file /home/airflow/.local/lib/python3.12/site-packages/airflow/example_dags/example_branch_python_dop_operator_3.py for tasks to queue
[2024-12-07T17:33:00.224+0000] {logging_mixin.py:190} INFO - [2024-12-07T17:33:00.223+0000] {dagbag.py:588} INFO - Filling up the DagBag from /home/airflow/.local/lib/python3.12/site-packages/airflow/example_dags/example_branch_python_dop_operator_3.py
[2024-12-07T17:33:00.245+0000] {processor.py:925} INFO - DAG(s) 'example_branch_dop_operator_v3' retrieved from /home/airflow/.local/lib/python3.12/site-packages/airflow/example_dags/example_branch_python_dop_operator_3.py
[2024-12-07T17:33:00.299+0000] {logging_mixin.py:190} INFO - [2024-12-07T17:33:00.298+0000] {dag.py:3239} INFO - Sync 1 DAGs
[2024-12-07T17:33:00.355+0000] {logging_mixin.py:190} INFO - [2024-12-07T17:33:00.354+0000] {dag.py:4180} INFO - Setting next_dagrun for example_branch_dop_operator_v3 to 2024-12-07 17:32:00+00:00, run_after=2024-12-07 17:33:00+00:00
[2024-12-07T17:33:00.382+0000] {processor.py:208} INFO - Processing /home/airflow/.local/lib/python3.12/site-packages/airflow/example_dags/example_branch_python_dop_operator_3.py took 0.191 seconds
[2024-12-07T17:33:30.848+0000] {processor.py:186} INFO - Started process (PID=6243) to work on /home/airflow/.local/lib/python3.12/site-packages/airflow/example_dags/example_branch_python_dop_operator_3.py
[2024-12-07T17:33:30.850+0000] {processor.py:914} INFO - Processing file /home/airflow/.local/lib/python3.12/site-packages/airflow/example_dags/example_branch_python_dop_operator_3.py for tasks to queue
[2024-12-07T17:33:30.855+0000] {logging_mixin.py:190} INFO - [2024-12-07T17:33:30.854+0000] {dagbag.py:588} INFO - Filling up the DagBag from /home/airflow/.local/lib/python3.12/site-packages/airflow/example_dags/example_branch_python_dop_operator_3.py
[2024-12-07T17:33:30.873+0000] {processor.py:925} INFO - DAG(s) 'example_branch_dop_operator_v3' retrieved from /home/airflow/.local/lib/python3.12/site-packages/airflow/example_dags/example_branch_python_dop_operator_3.py
[2024-12-07T17:33:30.907+0000] {logging_mixin.py:190} INFO - [2024-12-07T17:33:30.906+0000] {dag.py:3239} INFO - Sync 1 DAGs
[2024-12-07T17:33:30.944+0000] {logging_mixin.py:190} INFO - [2024-12-07T17:33:30.944+0000] {dag.py:4180} INFO - Setting next_dagrun for example_branch_dop_operator_v3 to 2024-12-07 17:32:00+00:00, run_after=2024-12-07 17:33:00+00:00
[2024-12-07T17:33:30.970+0000] {processor.py:208} INFO - Processing /home/airflow/.local/lib/python3.12/site-packages/airflow/example_dags/example_branch_python_dop_operator_3.py took 0.133 seconds
[2024-12-07T17:34:01.822+0000] {processor.py:186} INFO - Started process (PID=6536) to work on /home/airflow/.local/lib/python3.12/site-packages/airflow/example_dags/example_branch_python_dop_operator_3.py
[2024-12-07T17:34:01.823+0000] {processor.py:914} INFO - Processing file /home/airflow/.local/lib/python3.12/site-packages/airflow/example_dags/example_branch_python_dop_operator_3.py for tasks to queue
[2024-12-07T17:34:01.826+0000] {logging_mixin.py:190} INFO - [2024-12-07T17:34:01.826+0000] {dagbag.py:588} INFO - Filling up the DagBag from /home/airflow/.local/lib/python3.12/site-packages/airflow/example_dags/example_branch_python_dop_operator_3.py
[2024-12-07T17:34:01.839+0000] {processor.py:925} INFO - DAG(s) 'example_branch_dop_operator_v3' retrieved from /home/airflow/.local/lib/python3.12/site-packages/airflow/example_dags/example_branch_python_dop_operator_3.py
[2024-12-07T17:34:01.866+0000] {logging_mixin.py:190} INFO - [2024-12-07T17:34:01.866+0000] {dag.py:3239} INFO - Sync 1 DAGs
[2024-12-07T17:34:01.902+0000] {logging_mixin.py:190} INFO - [2024-12-07T17:34:01.902+0000] {dag.py:4180} INFO - Setting next_dagrun for example_branch_dop_operator_v3 to 2024-12-07 17:33:00+00:00, run_after=2024-12-07 17:34:00+00:00
[2024-12-07T17:34:01.936+0000] {processor.py:208} INFO - Processing /home/airflow/.local/lib/python3.12/site-packages/airflow/example_dags/example_branch_python_dop_operator_3.py took 0.122 seconds
[2024-12-07T17:34:32.539+0000] {processor.py:186} INFO - Started process (PID=6825) to work on /home/airflow/.local/lib/python3.12/site-packages/airflow/example_dags/example_branch_python_dop_operator_3.py
[2024-12-07T17:34:32.540+0000] {processor.py:914} INFO - Processing file /home/airflow/.local/lib/python3.12/site-packages/airflow/example_dags/example_branch_python_dop_operator_3.py for tasks to queue
[2024-12-07T17:34:32.543+0000] {logging_mixin.py:190} INFO - [2024-12-07T17:34:32.543+0000] {dagbag.py:588} INFO - Filling up the DagBag from /home/airflow/.local/lib/python3.12/site-packages/airflow/example_dags/example_branch_python_dop_operator_3.py
[2024-12-07T17:34:32.556+0000] {processor.py:925} INFO - DAG(s) 'example_branch_dop_operator_v3' retrieved from /home/airflow/.local/lib/python3.12/site-packages/airflow/example_dags/example_branch_python_dop_operator_3.py
[2024-12-07T17:34:32.584+0000] {logging_mixin.py:190} INFO - [2024-12-07T17:34:32.583+0000] {dag.py:3239} INFO - Sync 1 DAGs
[2024-12-07T17:34:32.621+0000] {logging_mixin.py:190} INFO - [2024-12-07T17:34:32.621+0000] {dag.py:4180} INFO - Setting next_dagrun for example_branch_dop_operator_v3 to 2024-12-07 17:33:00+00:00, run_after=2024-12-07 17:34:00+00:00
[2024-12-07T17:34:32.648+0000] {processor.py:208} INFO - Processing /home/airflow/.local/lib/python3.12/site-packages/airflow/example_dags/example_branch_python_dop_operator_3.py took 0.117 seconds
[2024-12-07T17:35:03.031+0000] {processor.py:186} INFO - Started process (PID=7113) to work on /home/airflow/.local/lib/python3.12/site-packages/airflow/example_dags/example_branch_python_dop_operator_3.py
[2024-12-07T17:35:03.033+0000] {processor.py:914} INFO - Processing file /home/airflow/.local/lib/python3.12/site-packages/airflow/example_dags/example_branch_python_dop_operator_3.py for tasks to queue
[2024-12-07T17:35:03.036+0000] {logging_mixin.py:190} INFO - [2024-12-07T17:35:03.035+0000] {dagbag.py:588} INFO - Filling up the DagBag from /home/airflow/.local/lib/python3.12/site-packages/airflow/example_dags/example_branch_python_dop_operator_3.py
[2024-12-07T17:35:03.053+0000] {processor.py:925} INFO - DAG(s) 'example_branch_dop_operator_v3' retrieved from /home/airflow/.local/lib/python3.12/site-packages/airflow/example_dags/example_branch_python_dop_operator_3.py
[2024-12-07T17:35:03.079+0000] {logging_mixin.py:190} INFO - [2024-12-07T17:35:03.078+0000] {dag.py:3239} INFO - Sync 1 DAGs
[2024-12-07T17:35:03.116+0000] {logging_mixin.py:190} INFO - [2024-12-07T17:35:03.116+0000] {dag.py:4180} INFO - Setting next_dagrun for example_branch_dop_operator_v3 to 2024-12-07 17:34:00+00:00, run_after=2024-12-07 17:35:00+00:00
[2024-12-07T17:35:03.146+0000] {processor.py:208} INFO - Processing /home/airflow/.local/lib/python3.12/site-packages/airflow/example_dags/example_branch_python_dop_operator_3.py took 0.125 seconds
[2024-12-07T17:35:34.277+0000] {processor.py:186} INFO - Started process (PID=7404) to work on /home/airflow/.local/lib/python3.12/site-packages/airflow/example_dags/example_branch_python_dop_operator_3.py
[2024-12-07T17:35:34.278+0000] {processor.py:914} INFO - Processing file /home/airflow/.local/lib/python3.12/site-packages/airflow/example_dags/example_branch_python_dop_operator_3.py for tasks to queue
[2024-12-07T17:35:34.282+0000] {logging_mixin.py:190} INFO - [2024-12-07T17:35:34.282+0000] {dagbag.py:588} INFO - Filling up the DagBag from /home/airflow/.local/lib/python3.12/site-packages/airflow/example_dags/example_branch_python_dop_operator_3.py
[2024-12-07T17:35:34.296+0000] {processor.py:925} INFO - DAG(s) 'example_branch_dop_operator_v3' retrieved from /home/airflow/.local/lib/python3.12/site-packages/airflow/example_dags/example_branch_python_dop_operator_3.py
[2024-12-07T17:35:34.322+0000] {logging_mixin.py:190} INFO - [2024-12-07T17:35:34.322+0000] {dag.py:3239} INFO - Sync 1 DAGs
[2024-12-07T17:35:34.362+0000] {logging_mixin.py:190} INFO - [2024-12-07T17:35:34.362+0000] {dag.py:4180} INFO - Setting next_dagrun for example_branch_dop_operator_v3 to 2024-12-07 17:34:00+00:00, run_after=2024-12-07 17:35:00+00:00
[2024-12-07T17:35:34.394+0000] {processor.py:208} INFO - Processing /home/airflow/.local/lib/python3.12/site-packages/airflow/example_dags/example_branch_python_dop_operator_3.py took 0.126 seconds
[2024-12-07T17:36:04.634+0000] {processor.py:186} INFO - Started process (PID=7693) to work on /home/airflow/.local/lib/python3.12/site-packages/airflow/example_dags/example_branch_python_dop_operator_3.py
[2024-12-07T17:36:04.637+0000] {processor.py:914} INFO - Processing file /home/airflow/.local/lib/python3.12/site-packages/airflow/example_dags/example_branch_python_dop_operator_3.py for tasks to queue
[2024-12-07T17:36:04.643+0000] {logging_mixin.py:190} INFO - [2024-12-07T17:36:04.642+0000] {dagbag.py:588} INFO - Filling up the DagBag from /home/airflow/.local/lib/python3.12/site-packages/airflow/example_dags/example_branch_python_dop_operator_3.py
[2024-12-07T17:36:04.668+0000] {processor.py:925} INFO - DAG(s) 'example_branch_dop_operator_v3' retrieved from /home/airflow/.local/lib/python3.12/site-packages/airflow/example_dags/example_branch_python_dop_operator_3.py
[2024-12-07T17:36:04.743+0000] {logging_mixin.py:190} INFO - [2024-12-07T17:36:04.743+0000] {dag.py:3239} INFO - Sync 1 DAGs
[2024-12-07T17:36:04.870+0000] {logging_mixin.py:190} INFO - [2024-12-07T17:36:04.857+0000] {dag.py:4180} INFO - Setting next_dagrun for example_branch_dop_operator_v3 to 2024-12-07 17:35:00+00:00, run_after=2024-12-07 17:36:00+00:00
[2024-12-07T17:36:05.019+0000] {processor.py:208} INFO - Processing /home/airflow/.local/lib/python3.12/site-packages/airflow/example_dags/example_branch_python_dop_operator_3.py took 0.394 seconds
[2024-12-07T17:36:36.591+0000] {processor.py:186} INFO - Started process (PID=7960) to work on /home/airflow/.local/lib/python3.12/site-packages/airflow/example_dags/example_branch_python_dop_operator_3.py
[2024-12-07T17:36:36.593+0000] {processor.py:914} INFO - Processing file /home/airflow/.local/lib/python3.12/site-packages/airflow/example_dags/example_branch_python_dop_operator_3.py for tasks to queue
[2024-12-07T17:36:36.608+0000] {logging_mixin.py:190} INFO - [2024-12-07T17:36:36.607+0000] {dagbag.py:588} INFO - Filling up the DagBag from /home/airflow/.local/lib/python3.12/site-packages/airflow/example_dags/example_branch_python_dop_operator_3.py
[2024-12-07T17:36:36.671+0000] {processor.py:925} INFO - DAG(s) 'example_branch_dop_operator_v3' retrieved from /home/airflow/.local/lib/python3.12/site-packages/airflow/example_dags/example_branch_python_dop_operator_3.py
[2024-12-07T17:36:36.772+0000] {logging_mixin.py:190} INFO - [2024-12-07T17:36:36.761+0000] {dag.py:3239} INFO - Sync 1 DAGs
[2024-12-07T17:36:36.975+0000] {logging_mixin.py:190} INFO - [2024-12-07T17:36:36.974+0000] {dag.py:4180} INFO - Setting next_dagrun for example_branch_dop_operator_v3 to 2024-12-07 17:35:00+00:00, run_after=2024-12-07 17:36:00+00:00
[2024-12-07T17:36:37.081+0000] {processor.py:208} INFO - Processing /home/airflow/.local/lib/python3.12/site-packages/airflow/example_dags/example_branch_python_dop_operator_3.py took 0.532 seconds
[2024-12-07T17:37:08.294+0000] {processor.py:186} INFO - Started process (PID=8252) to work on /home/airflow/.local/lib/python3.12/site-packages/airflow/example_dags/example_branch_python_dop_operator_3.py
[2024-12-07T17:37:08.302+0000] {processor.py:914} INFO - Processing file /home/airflow/.local/lib/python3.12/site-packages/airflow/example_dags/example_branch_python_dop_operator_3.py for tasks to queue
[2024-12-07T17:37:08.307+0000] {logging_mixin.py:190} INFO - [2024-12-07T17:37:08.307+0000] {dagbag.py:588} INFO - Filling up the DagBag from /home/airflow/.local/lib/python3.12/site-packages/airflow/example_dags/example_branch_python_dop_operator_3.py
[2024-12-07T17:37:08.348+0000] {processor.py:925} INFO - DAG(s) 'example_branch_dop_operator_v3' retrieved from /home/airflow/.local/lib/python3.12/site-packages/airflow/example_dags/example_branch_python_dop_operator_3.py
[2024-12-07T17:37:08.481+0000] {logging_mixin.py:190} INFO - [2024-12-07T17:37:08.473+0000] {dag.py:3239} INFO - Sync 1 DAGs
[2024-12-07T17:37:08.659+0000] {logging_mixin.py:190} INFO - [2024-12-07T17:37:08.659+0000] {dag.py:4180} INFO - Setting next_dagrun for example_branch_dop_operator_v3 to 2024-12-07 17:36:00+00:00, run_after=2024-12-07 17:37:00+00:00
[2024-12-07T17:37:08.829+0000] {processor.py:208} INFO - Processing /home/airflow/.local/lib/python3.12/site-packages/airflow/example_dags/example_branch_python_dop_operator_3.py took 0.558 seconds
[2024-12-07T17:37:39.034+0000] {processor.py:186} INFO - Started process (PID=8540) to work on /home/airflow/.local/lib/python3.12/site-packages/airflow/example_dags/example_branch_python_dop_operator_3.py
[2024-12-07T17:37:39.036+0000] {processor.py:914} INFO - Processing file /home/airflow/.local/lib/python3.12/site-packages/airflow/example_dags/example_branch_python_dop_operator_3.py for tasks to queue
[2024-12-07T17:37:39.039+0000] {logging_mixin.py:190} INFO - [2024-12-07T17:37:39.039+0000] {dagbag.py:588} INFO - Filling up the DagBag from /home/airflow/.local/lib/python3.12/site-packages/airflow/example_dags/example_branch_python_dop_operator_3.py
[2024-12-07T17:37:39.056+0000] {processor.py:925} INFO - DAG(s) 'example_branch_dop_operator_v3' retrieved from /home/airflow/.local/lib/python3.12/site-packages/airflow/example_dags/example_branch_python_dop_operator_3.py
[2024-12-07T17:37:39.080+0000] {logging_mixin.py:190} INFO - [2024-12-07T17:37:39.080+0000] {dag.py:3239} INFO - Sync 1 DAGs
[2024-12-07T17:37:39.112+0000] {logging_mixin.py:190} INFO - [2024-12-07T17:37:39.112+0000] {dag.py:4180} INFO - Setting next_dagrun for example_branch_dop_operator_v3 to 2024-12-07 17:36:00+00:00, run_after=2024-12-07 17:37:00+00:00
[2024-12-07T17:37:39.136+0000] {processor.py:208} INFO - Processing /home/airflow/.local/lib/python3.12/site-packages/airflow/example_dags/example_branch_python_dop_operator_3.py took 0.112 seconds
[2024-12-07T17:38:09.685+0000] {processor.py:186} INFO - Started process (PID=8828) to work on /home/airflow/.local/lib/python3.12/site-packages/airflow/example_dags/example_branch_python_dop_operator_3.py
[2024-12-07T17:38:09.689+0000] {processor.py:914} INFO - Processing file /home/airflow/.local/lib/python3.12/site-packages/airflow/example_dags/example_branch_python_dop_operator_3.py for tasks to queue
[2024-12-07T17:38:09.692+0000] {logging_mixin.py:190} INFO - [2024-12-07T17:38:09.691+0000] {dagbag.py:588} INFO - Filling up the DagBag from /home/airflow/.local/lib/python3.12/site-packages/airflow/example_dags/example_branch_python_dop_operator_3.py
[2024-12-07T17:38:09.706+0000] {processor.py:925} INFO - DAG(s) 'example_branch_dop_operator_v3' retrieved from /home/airflow/.local/lib/python3.12/site-packages/airflow/example_dags/example_branch_python_dop_operator_3.py
[2024-12-07T17:38:09.744+0000] {logging_mixin.py:190} INFO - [2024-12-07T17:38:09.744+0000] {dag.py:3239} INFO - Sync 1 DAGs
[2024-12-07T17:38:09.786+0000] {logging_mixin.py:190} INFO - [2024-12-07T17:38:09.786+0000] {dag.py:4180} INFO - Setting next_dagrun for example_branch_dop_operator_v3 to 2024-12-07 17:37:00+00:00, run_after=2024-12-07 17:38:00+00:00
[2024-12-07T17:38:09.814+0000] {processor.py:208} INFO - Processing /home/airflow/.local/lib/python3.12/site-packages/airflow/example_dags/example_branch_python_dop_operator_3.py took 0.139 seconds
[2024-12-07T17:38:40.260+0000] {processor.py:186} INFO - Started process (PID=9120) to work on /home/airflow/.local/lib/python3.12/site-packages/airflow/example_dags/example_branch_python_dop_operator_3.py
[2024-12-07T17:38:40.261+0000] {processor.py:914} INFO - Processing file /home/airflow/.local/lib/python3.12/site-packages/airflow/example_dags/example_branch_python_dop_operator_3.py for tasks to queue
[2024-12-07T17:38:40.264+0000] {logging_mixin.py:190} INFO - [2024-12-07T17:38:40.264+0000] {dagbag.py:588} INFO - Filling up the DagBag from /home/airflow/.local/lib/python3.12/site-packages/airflow/example_dags/example_branch_python_dop_operator_3.py
[2024-12-07T17:38:40.283+0000] {processor.py:925} INFO - DAG(s) 'example_branch_dop_operator_v3' retrieved from /home/airflow/.local/lib/python3.12/site-packages/airflow/example_dags/example_branch_python_dop_operator_3.py
[2024-12-07T17:38:40.335+0000] {logging_mixin.py:190} INFO - [2024-12-07T17:38:40.335+0000] {dag.py:3239} INFO - Sync 1 DAGs
[2024-12-07T17:38:40.428+0000] {logging_mixin.py:190} INFO - [2024-12-07T17:38:40.428+0000] {dag.py:4180} INFO - Setting next_dagrun for example_branch_dop_operator_v3 to 2024-12-07 17:37:00+00:00, run_after=2024-12-07 17:38:00+00:00
[2024-12-07T17:38:40.550+0000] {processor.py:208} INFO - Processing /home/airflow/.local/lib/python3.12/site-packages/airflow/example_dags/example_branch_python_dop_operator_3.py took 0.300 seconds
[2024-12-07T17:39:10.952+0000] {processor.py:186} INFO - Started process (PID=9406) to work on /home/airflow/.local/lib/python3.12/site-packages/airflow/example_dags/example_branch_python_dop_operator_3.py
[2024-12-07T17:39:10.953+0000] {processor.py:914} INFO - Processing file /home/airflow/.local/lib/python3.12/site-packages/airflow/example_dags/example_branch_python_dop_operator_3.py for tasks to queue
[2024-12-07T17:39:10.957+0000] {logging_mixin.py:190} INFO - [2024-12-07T17:39:10.956+0000] {dagbag.py:588} INFO - Filling up the DagBag from /home/airflow/.local/lib/python3.12/site-packages/airflow/example_dags/example_branch_python_dop_operator_3.py
[2024-12-07T17:39:10.974+0000] {processor.py:925} INFO - DAG(s) 'example_branch_dop_operator_v3' retrieved from /home/airflow/.local/lib/python3.12/site-packages/airflow/example_dags/example_branch_python_dop_operator_3.py
[2024-12-07T17:39:11.003+0000] {logging_mixin.py:190} INFO - [2024-12-07T17:39:11.003+0000] {dag.py:3239} INFO - Sync 1 DAGs
[2024-12-07T17:39:11.044+0000] {logging_mixin.py:190} INFO - [2024-12-07T17:39:11.043+0000] {dag.py:4180} INFO - Setting next_dagrun for example_branch_dop_operator_v3 to 2024-12-07 17:38:00+00:00, run_after=2024-12-07 17:39:00+00:00
[2024-12-07T17:39:11.073+0000] {processor.py:208} INFO - Processing /home/airflow/.local/lib/python3.12/site-packages/airflow/example_dags/example_branch_python_dop_operator_3.py took 0.133 seconds
[2024-12-07T17:39:41.639+0000] {processor.py:186} INFO - Started process (PID=9698) to work on /home/airflow/.local/lib/python3.12/site-packages/airflow/example_dags/example_branch_python_dop_operator_3.py
[2024-12-07T17:39:41.643+0000] {processor.py:914} INFO - Processing file /home/airflow/.local/lib/python3.12/site-packages/airflow/example_dags/example_branch_python_dop_operator_3.py for tasks to queue
[2024-12-07T17:39:41.648+0000] {logging_mixin.py:190} INFO - [2024-12-07T17:39:41.648+0000] {dagbag.py:588} INFO - Filling up the DagBag from /home/airflow/.local/lib/python3.12/site-packages/airflow/example_dags/example_branch_python_dop_operator_3.py
[2024-12-07T17:39:41.675+0000] {processor.py:925} INFO - DAG(s) 'example_branch_dop_operator_v3' retrieved from /home/airflow/.local/lib/python3.12/site-packages/airflow/example_dags/example_branch_python_dop_operator_3.py
[2024-12-07T17:39:41.717+0000] {logging_mixin.py:190} INFO - [2024-12-07T17:39:41.717+0000] {dag.py:3239} INFO - Sync 1 DAGs
[2024-12-07T17:39:41.771+0000] {logging_mixin.py:190} INFO - [2024-12-07T17:39:41.771+0000] {dag.py:4180} INFO - Setting next_dagrun for example_branch_dop_operator_v3 to 2024-12-07 17:38:00+00:00, run_after=2024-12-07 17:39:00+00:00
[2024-12-07T17:39:41.806+0000] {processor.py:208} INFO - Processing /home/airflow/.local/lib/python3.12/site-packages/airflow/example_dags/example_branch_python_dop_operator_3.py took 0.183 seconds
[2024-12-07T17:40:12.306+0000] {processor.py:186} INFO - Started process (PID=9989) to work on /home/airflow/.local/lib/python3.12/site-packages/airflow/example_dags/example_branch_python_dop_operator_3.py
[2024-12-07T17:40:12.307+0000] {processor.py:914} INFO - Processing file /home/airflow/.local/lib/python3.12/site-packages/airflow/example_dags/example_branch_python_dop_operator_3.py for tasks to queue
[2024-12-07T17:40:12.310+0000] {logging_mixin.py:190} INFO - [2024-12-07T17:40:12.310+0000] {dagbag.py:588} INFO - Filling up the DagBag from /home/airflow/.local/lib/python3.12/site-packages/airflow/example_dags/example_branch_python_dop_operator_3.py
[2024-12-07T17:40:12.323+0000] {processor.py:925} INFO - DAG(s) 'example_branch_dop_operator_v3' retrieved from /home/airflow/.local/lib/python3.12/site-packages/airflow/example_dags/example_branch_python_dop_operator_3.py
[2024-12-07T17:40:12.358+0000] {logging_mixin.py:190} INFO - [2024-12-07T17:40:12.358+0000] {dag.py:3239} INFO - Sync 1 DAGs
[2024-12-07T17:40:12.400+0000] {logging_mixin.py:190} INFO - [2024-12-07T17:40:12.400+0000] {dag.py:4180} INFO - Setting next_dagrun for example_branch_dop_operator_v3 to 2024-12-07 17:39:00+00:00, run_after=2024-12-07 17:40:00+00:00
[2024-12-07T17:40:12.429+0000] {processor.py:208} INFO - Processing /home/airflow/.local/lib/python3.12/site-packages/airflow/example_dags/example_branch_python_dop_operator_3.py took 0.132 seconds
[2024-12-07T17:40:42.967+0000] {processor.py:186} INFO - Started process (PID=10280) to work on /home/airflow/.local/lib/python3.12/site-packages/airflow/example_dags/example_branch_python_dop_operator_3.py
[2024-12-07T17:40:42.968+0000] {processor.py:914} INFO - Processing file /home/airflow/.local/lib/python3.12/site-packages/airflow/example_dags/example_branch_python_dop_operator_3.py for tasks to queue
[2024-12-07T17:40:42.973+0000] {logging_mixin.py:190} INFO - [2024-12-07T17:40:42.972+0000] {dagbag.py:588} INFO - Filling up the DagBag from /home/airflow/.local/lib/python3.12/site-packages/airflow/example_dags/example_branch_python_dop_operator_3.py
[2024-12-07T17:40:42.993+0000] {processor.py:925} INFO - DAG(s) 'example_branch_dop_operator_v3' retrieved from /home/airflow/.local/lib/python3.12/site-packages/airflow/example_dags/example_branch_python_dop_operator_3.py
[2024-12-07T17:40:43.052+0000] {logging_mixin.py:190} INFO - [2024-12-07T17:40:43.049+0000] {dag.py:3239} INFO - Sync 1 DAGs
[2024-12-07T17:40:43.196+0000] {logging_mixin.py:190} INFO - [2024-12-07T17:40:43.196+0000] {dag.py:4180} INFO - Setting next_dagrun for example_branch_dop_operator_v3 to 2024-12-07 17:39:00+00:00, run_after=2024-12-07 17:40:00+00:00
[2024-12-07T17:40:43.286+0000] {processor.py:208} INFO - Processing /home/airflow/.local/lib/python3.12/site-packages/airflow/example_dags/example_branch_python_dop_operator_3.py took 0.328 seconds
[2024-12-07T17:41:13.827+0000] {processor.py:186} INFO - Started process (PID=10566) to work on /home/airflow/.local/lib/python3.12/site-packages/airflow/example_dags/example_branch_python_dop_operator_3.py
[2024-12-07T17:41:13.829+0000] {processor.py:914} INFO - Processing file /home/airflow/.local/lib/python3.12/site-packages/airflow/example_dags/example_branch_python_dop_operator_3.py for tasks to queue
[2024-12-07T17:41:13.833+0000] {logging_mixin.py:190} INFO - [2024-12-07T17:41:13.832+0000] {dagbag.py:588} INFO - Filling up the DagBag from /home/airflow/.local/lib/python3.12/site-packages/airflow/example_dags/example_branch_python_dop_operator_3.py
[2024-12-07T17:41:13.847+0000] {processor.py:925} INFO - DAG(s) 'example_branch_dop_operator_v3' retrieved from /home/airflow/.local/lib/python3.12/site-packages/airflow/example_dags/example_branch_python_dop_operator_3.py
[2024-12-07T17:41:13.880+0000] {logging_mixin.py:190} INFO - [2024-12-07T17:41:13.880+0000] {dag.py:3239} INFO - Sync 1 DAGs
[2024-12-07T17:41:13.922+0000] {logging_mixin.py:190} INFO - [2024-12-07T17:41:13.921+0000] {dag.py:4180} INFO - Setting next_dagrun for example_branch_dop_operator_v3 to 2024-12-07 17:40:00+00:00, run_after=2024-12-07 17:41:00+00:00
[2024-12-07T17:41:13.957+0000] {processor.py:208} INFO - Processing /home/airflow/.local/lib/python3.12/site-packages/airflow/example_dags/example_branch_python_dop_operator_3.py took 0.140 seconds
[2024-12-07T17:41:44.501+0000] {processor.py:186} INFO - Started process (PID=10858) to work on /home/airflow/.local/lib/python3.12/site-packages/airflow/example_dags/example_branch_python_dop_operator_3.py
[2024-12-07T17:41:44.503+0000] {processor.py:914} INFO - Processing file /home/airflow/.local/lib/python3.12/site-packages/airflow/example_dags/example_branch_python_dop_operator_3.py for tasks to queue
[2024-12-07T17:41:44.506+0000] {logging_mixin.py:190} INFO - [2024-12-07T17:41:44.506+0000] {dagbag.py:588} INFO - Filling up the DagBag from /home/airflow/.local/lib/python3.12/site-packages/airflow/example_dags/example_branch_python_dop_operator_3.py
[2024-12-07T17:41:44.525+0000] {processor.py:925} INFO - DAG(s) 'example_branch_dop_operator_v3' retrieved from /home/airflow/.local/lib/python3.12/site-packages/airflow/example_dags/example_branch_python_dop_operator_3.py
[2024-12-07T17:41:44.555+0000] {logging_mixin.py:190} INFO - [2024-12-07T17:41:44.555+0000] {dag.py:3239} INFO - Sync 1 DAGs
[2024-12-07T17:41:44.613+0000] {logging_mixin.py:190} INFO - [2024-12-07T17:41:44.613+0000] {dag.py:4180} INFO - Setting next_dagrun for example_branch_dop_operator_v3 to 2024-12-07 17:40:00+00:00, run_after=2024-12-07 17:41:00+00:00
[2024-12-07T17:41:44.651+0000] {processor.py:208} INFO - Processing /home/airflow/.local/lib/python3.12/site-packages/airflow/example_dags/example_branch_python_dop_operator_3.py took 0.159 seconds
[2024-12-07T17:42:15.521+0000] {processor.py:186} INFO - Started process (PID=11150) to work on /home/airflow/.local/lib/python3.12/site-packages/airflow/example_dags/example_branch_python_dop_operator_3.py
[2024-12-07T17:42:15.522+0000] {processor.py:914} INFO - Processing file /home/airflow/.local/lib/python3.12/site-packages/airflow/example_dags/example_branch_python_dop_operator_3.py for tasks to queue
[2024-12-07T17:42:15.526+0000] {logging_mixin.py:190} INFO - [2024-12-07T17:42:15.525+0000] {dagbag.py:588} INFO - Filling up the DagBag from /home/airflow/.local/lib/python3.12/site-packages/airflow/example_dags/example_branch_python_dop_operator_3.py
[2024-12-07T17:42:15.541+0000] {processor.py:925} INFO - DAG(s) 'example_branch_dop_operator_v3' retrieved from /home/airflow/.local/lib/python3.12/site-packages/airflow/example_dags/example_branch_python_dop_operator_3.py
[2024-12-07T17:42:15.572+0000] {logging_mixin.py:190} INFO - [2024-12-07T17:42:15.571+0000] {dag.py:3239} INFO - Sync 1 DAGs
[2024-12-07T17:42:15.605+0000] {logging_mixin.py:190} INFO - [2024-12-07T17:42:15.605+0000] {dag.py:4180} INFO - Setting next_dagrun for example_branch_dop_operator_v3 to 2024-12-07 17:41:00+00:00, run_after=2024-12-07 17:42:00+00:00
[2024-12-07T17:42:15.634+0000] {processor.py:208} INFO - Processing /home/airflow/.local/lib/python3.12/site-packages/airflow/example_dags/example_branch_python_dop_operator_3.py took 0.125 seconds
[2024-12-07T17:42:46.861+0000] {processor.py:186} INFO - Started process (PID=11443) to work on /home/airflow/.local/lib/python3.12/site-packages/airflow/example_dags/example_branch_python_dop_operator_3.py
[2024-12-07T17:42:46.863+0000] {processor.py:914} INFO - Processing file /home/airflow/.local/lib/python3.12/site-packages/airflow/example_dags/example_branch_python_dop_operator_3.py for tasks to queue
[2024-12-07T17:42:46.866+0000] {logging_mixin.py:190} INFO - [2024-12-07T17:42:46.866+0000] {dagbag.py:588} INFO - Filling up the DagBag from /home/airflow/.local/lib/python3.12/site-packages/airflow/example_dags/example_branch_python_dop_operator_3.py
[2024-12-07T17:42:46.882+0000] {processor.py:925} INFO - DAG(s) 'example_branch_dop_operator_v3' retrieved from /home/airflow/.local/lib/python3.12/site-packages/airflow/example_dags/example_branch_python_dop_operator_3.py
[2024-12-07T17:42:46.909+0000] {logging_mixin.py:190} INFO - [2024-12-07T17:42:46.909+0000] {dag.py:3239} INFO - Sync 1 DAGs
[2024-12-07T17:42:46.950+0000] {logging_mixin.py:190} INFO - [2024-12-07T17:42:46.950+0000] {dag.py:4180} INFO - Setting next_dagrun for example_branch_dop_operator_v3 to 2024-12-07 17:41:00+00:00, run_after=2024-12-07 17:42:00+00:00
[2024-12-07T17:42:46.977+0000] {processor.py:208} INFO - Processing /home/airflow/.local/lib/python3.12/site-packages/airflow/example_dags/example_branch_python_dop_operator_3.py took 0.128 seconds
[2024-12-07T17:43:17.230+0000] {processor.py:186} INFO - Started process (PID=11733) to work on /home/airflow/.local/lib/python3.12/site-packages/airflow/example_dags/example_branch_python_dop_operator_3.py
[2024-12-07T17:43:17.231+0000] {processor.py:914} INFO - Processing file /home/airflow/.local/lib/python3.12/site-packages/airflow/example_dags/example_branch_python_dop_operator_3.py for tasks to queue
[2024-12-07T17:43:17.235+0000] {logging_mixin.py:190} INFO - [2024-12-07T17:43:17.234+0000] {dagbag.py:588} INFO - Filling up the DagBag from /home/airflow/.local/lib/python3.12/site-packages/airflow/example_dags/example_branch_python_dop_operator_3.py
[2024-12-07T17:43:17.248+0000] {processor.py:925} INFO - DAG(s) 'example_branch_dop_operator_v3' retrieved from /home/airflow/.local/lib/python3.12/site-packages/airflow/example_dags/example_branch_python_dop_operator_3.py
[2024-12-07T17:43:17.273+0000] {logging_mixin.py:190} INFO - [2024-12-07T17:43:17.273+0000] {dag.py:3239} INFO - Sync 1 DAGs
[2024-12-07T17:43:17.312+0000] {logging_mixin.py:190} INFO - [2024-12-07T17:43:17.312+0000] {dag.py:4180} INFO - Setting next_dagrun for example_branch_dop_operator_v3 to 2024-12-07 17:42:00+00:00, run_after=2024-12-07 17:43:00+00:00
[2024-12-07T17:43:17.345+0000] {processor.py:208} INFO - Processing /home/airflow/.local/lib/python3.12/site-packages/airflow/example_dags/example_branch_python_dop_operator_3.py took 0.123 seconds
