[2024-12-07T17:23:01.073+0000] {processor.py:186} INFO - Started process (PID=423) to work on /home/airflow/.local/lib/python3.12/site-packages/airflow/example_dags/example_branch_operator.py
[2024-12-07T17:23:01.075+0000] {processor.py:914} INFO - Processing file /home/airflow/.local/lib/python3.12/site-packages/airflow/example_dags/example_branch_operator.py for tasks to queue
[2024-12-07T17:23:01.088+0000] {logging_mixin.py:190} INFO - [2024-12-07T17:23:01.087+0000] {dagbag.py:588} INFO - Filling up the DagBag from /home/airflow/.local/lib/python3.12/site-packages/airflow/example_dags/example_branch_operator.py
[2024-12-07T17:23:01.166+0000] {processor.py:925} INFO - DAG(s) 'example_branch_operator' retrieved from /home/airflow/.local/lib/python3.12/site-packages/airflow/example_dags/example_branch_operator.py
[2024-12-07T17:23:01.673+0000] {logging_mixin.py:190} INFO - [2024-12-07T17:23:01.671+0000] {override.py:1911} INFO - Created Permission View: can delete on DAG:example_branch_operator
[2024-12-07T17:23:01.761+0000] {logging_mixin.py:190} INFO - [2024-12-07T17:23:01.756+0000] {override.py:1911} INFO - Created Permission View: can read on DAG:example_branch_operator
[2024-12-07T17:23:01.815+0000] {logging_mixin.py:190} INFO - [2024-12-07T17:23:01.811+0000] {override.py:1911} INFO - Created Permission View: can edit on DAG:example_branch_operator
[2024-12-07T17:23:01.857+0000] {logging_mixin.py:190} INFO - [2024-12-07T17:23:01.856+0000] {override.py:1911} INFO - Created Permission View: menu access on DAG Run:example_branch_operator
[2024-12-07T17:23:01.879+0000] {logging_mixin.py:190} INFO - [2024-12-07T17:23:01.878+0000] {override.py:1911} INFO - Created Permission View: can delete on DAG Run:example_branch_operator
[2024-12-07T17:23:01.901+0000] {logging_mixin.py:190} INFO - [2024-12-07T17:23:01.901+0000] {override.py:1911} INFO - Created Permission View: can read on DAG Run:example_branch_operator
[2024-12-07T17:23:01.919+0000] {logging_mixin.py:190} INFO - [2024-12-07T17:23:01.919+0000] {override.py:1911} INFO - Created Permission View: can create on DAG Run:example_branch_operator
[2024-12-07T17:23:01.921+0000] {logging_mixin.py:190} INFO - [2024-12-07T17:23:01.920+0000] {dag.py:3239} INFO - Sync 1 DAGs
[2024-12-07T17:23:01.955+0000] {logging_mixin.py:190} INFO - [2024-12-07T17:23:01.955+0000] {dag.py:3262} INFO - Creating ORM DAG for example_branch_operator
[2024-12-07T17:23:02.009+0000] {logging_mixin.py:190} INFO - [2024-12-07T17:23:02.009+0000] {dag.py:4180} INFO - Setting next_dagrun for example_branch_operator to 2024-12-06 00:00:00+00:00, run_after=2024-12-07 00:00:00+00:00
[2024-12-07T17:23:02.190+0000] {processor.py:208} INFO - Processing /home/airflow/.local/lib/python3.12/site-packages/airflow/example_dags/example_branch_operator.py took 1.133 seconds
[2024-12-07T17:23:32.743+0000] {processor.py:186} INFO - Started process (PID=709) to work on /home/airflow/.local/lib/python3.12/site-packages/airflow/example_dags/example_branch_operator.py
[2024-12-07T17:23:32.745+0000] {processor.py:914} INFO - Processing file /home/airflow/.local/lib/python3.12/site-packages/airflow/example_dags/example_branch_operator.py for tasks to queue
[2024-12-07T17:23:32.750+0000] {logging_mixin.py:190} INFO - [2024-12-07T17:23:32.749+0000] {dagbag.py:588} INFO - Filling up the DagBag from /home/airflow/.local/lib/python3.12/site-packages/airflow/example_dags/example_branch_operator.py
[2024-12-07T17:23:32.783+0000] {processor.py:925} INFO - DAG(s) 'example_branch_operator' retrieved from /home/airflow/.local/lib/python3.12/site-packages/airflow/example_dags/example_branch_operator.py
[2024-12-07T17:23:32.929+0000] {logging_mixin.py:190} INFO - [2024-12-07T17:23:32.929+0000] {dag.py:3239} INFO - Sync 1 DAGs
[2024-12-07T17:23:32.968+0000] {logging_mixin.py:190} INFO - [2024-12-07T17:23:32.968+0000] {dag.py:4180} INFO - Setting next_dagrun for example_branch_operator to 2024-12-06 00:00:00+00:00, run_after=2024-12-07 00:00:00+00:00
[2024-12-07T17:23:33.384+0000] {processor.py:208} INFO - Processing /home/airflow/.local/lib/python3.12/site-packages/airflow/example_dags/example_branch_operator.py took 0.652 seconds
[2024-12-07T17:24:08.820+0000] {processor.py:186} INFO - Started process (PID=1000) to work on /home/airflow/.local/lib/python3.12/site-packages/airflow/example_dags/example_branch_operator.py
[2024-12-07T17:24:08.822+0000] {processor.py:914} INFO - Processing file /home/airflow/.local/lib/python3.12/site-packages/airflow/example_dags/example_branch_operator.py for tasks to queue
[2024-12-07T17:24:08.829+0000] {logging_mixin.py:190} INFO - [2024-12-07T17:24:08.829+0000] {dagbag.py:588} INFO - Filling up the DagBag from /home/airflow/.local/lib/python3.12/site-packages/airflow/example_dags/example_branch_operator.py
[2024-12-07T17:24:08.910+0000] {processor.py:925} INFO - DAG(s) 'example_branch_operator' retrieved from /home/airflow/.local/lib/python3.12/site-packages/airflow/example_dags/example_branch_operator.py
[2024-12-07T17:24:08.969+0000] {logging_mixin.py:190} INFO - [2024-12-07T17:24:08.968+0000] {dag.py:3239} INFO - Sync 1 DAGs
[2024-12-07T17:24:09.045+0000] {logging_mixin.py:190} INFO - [2024-12-07T17:24:09.041+0000] {dag.py:4180} INFO - Setting next_dagrun for example_branch_operator to 2024-12-06 00:00:00+00:00, run_after=2024-12-07 00:00:00+00:00
[2024-12-07T17:24:09.471+0000] {processor.py:208} INFO - Processing /home/airflow/.local/lib/python3.12/site-packages/airflow/example_dags/example_branch_operator.py took 0.685 seconds
[2024-12-07T17:24:40.878+0000] {processor.py:186} INFO - Started process (PID=1291) to work on /home/airflow/.local/lib/python3.12/site-packages/airflow/example_dags/example_branch_operator.py
[2024-12-07T17:24:40.955+0000] {processor.py:914} INFO - Processing file /home/airflow/.local/lib/python3.12/site-packages/airflow/example_dags/example_branch_operator.py for tasks to queue
[2024-12-07T17:24:40.962+0000] {logging_mixin.py:190} INFO - [2024-12-07T17:24:40.961+0000] {dagbag.py:588} INFO - Filling up the DagBag from /home/airflow/.local/lib/python3.12/site-packages/airflow/example_dags/example_branch_operator.py
[2024-12-07T17:24:41.053+0000] {processor.py:925} INFO - DAG(s) 'example_branch_operator' retrieved from /home/airflow/.local/lib/python3.12/site-packages/airflow/example_dags/example_branch_operator.py
[2024-12-07T17:24:41.140+0000] {logging_mixin.py:190} INFO - [2024-12-07T17:24:41.140+0000] {dag.py:3239} INFO - Sync 1 DAGs
[2024-12-07T17:24:41.185+0000] {logging_mixin.py:190} INFO - [2024-12-07T17:24:41.184+0000] {dag.py:4180} INFO - Setting next_dagrun for example_branch_operator to 2024-12-06 00:00:00+00:00, run_after=2024-12-07 00:00:00+00:00
[2024-12-07T17:24:42.025+0000] {processor.py:208} INFO - Processing /home/airflow/.local/lib/python3.12/site-packages/airflow/example_dags/example_branch_operator.py took 1.158 seconds
[2024-12-07T17:25:13.288+0000] {processor.py:186} INFO - Started process (PID=1579) to work on /home/airflow/.local/lib/python3.12/site-packages/airflow/example_dags/example_branch_operator.py
[2024-12-07T17:25:13.290+0000] {processor.py:914} INFO - Processing file /home/airflow/.local/lib/python3.12/site-packages/airflow/example_dags/example_branch_operator.py for tasks to queue
[2024-12-07T17:25:13.296+0000] {logging_mixin.py:190} INFO - [2024-12-07T17:25:13.295+0000] {dagbag.py:588} INFO - Filling up the DagBag from /home/airflow/.local/lib/python3.12/site-packages/airflow/example_dags/example_branch_operator.py
[2024-12-07T17:25:13.393+0000] {processor.py:925} INFO - DAG(s) 'example_branch_operator' retrieved from /home/airflow/.local/lib/python3.12/site-packages/airflow/example_dags/example_branch_operator.py
[2024-12-07T17:25:13.578+0000] {logging_mixin.py:190} INFO - [2024-12-07T17:25:13.578+0000] {dag.py:3239} INFO - Sync 1 DAGs
[2024-12-07T17:25:13.682+0000] {logging_mixin.py:190} INFO - [2024-12-07T17:25:13.681+0000] {dag.py:4180} INFO - Setting next_dagrun for example_branch_operator to 2024-12-06 00:00:00+00:00, run_after=2024-12-07 00:00:00+00:00
[2024-12-07T17:25:13.795+0000] {processor.py:208} INFO - Processing /home/airflow/.local/lib/python3.12/site-packages/airflow/example_dags/example_branch_operator.py took 0.526 seconds
[2024-12-07T17:25:44.085+0000] {processor.py:186} INFO - Started process (PID=1871) to work on /home/airflow/.local/lib/python3.12/site-packages/airflow/example_dags/example_branch_operator.py
[2024-12-07T17:25:44.087+0000] {processor.py:914} INFO - Processing file /home/airflow/.local/lib/python3.12/site-packages/airflow/example_dags/example_branch_operator.py for tasks to queue
[2024-12-07T17:25:44.091+0000] {logging_mixin.py:190} INFO - [2024-12-07T17:25:44.090+0000] {dagbag.py:588} INFO - Filling up the DagBag from /home/airflow/.local/lib/python3.12/site-packages/airflow/example_dags/example_branch_operator.py
[2024-12-07T17:25:44.131+0000] {processor.py:925} INFO - DAG(s) 'example_branch_operator' retrieved from /home/airflow/.local/lib/python3.12/site-packages/airflow/example_dags/example_branch_operator.py
[2024-12-07T17:25:44.212+0000] {logging_mixin.py:190} INFO - [2024-12-07T17:25:44.212+0000] {dag.py:3239} INFO - Sync 1 DAGs
[2024-12-07T17:25:44.261+0000] {logging_mixin.py:190} INFO - [2024-12-07T17:25:44.261+0000] {dag.py:4180} INFO - Setting next_dagrun for example_branch_operator to 2024-12-06 00:00:00+00:00, run_after=2024-12-07 00:00:00+00:00
[2024-12-07T17:25:44.294+0000] {processor.py:208} INFO - Processing /home/airflow/.local/lib/python3.12/site-packages/airflow/example_dags/example_branch_operator.py took 0.223 seconds
[2024-12-07T17:26:14.790+0000] {processor.py:186} INFO - Started process (PID=2162) to work on /home/airflow/.local/lib/python3.12/site-packages/airflow/example_dags/example_branch_operator.py
[2024-12-07T17:26:14.791+0000] {processor.py:914} INFO - Processing file /home/airflow/.local/lib/python3.12/site-packages/airflow/example_dags/example_branch_operator.py for tasks to queue
[2024-12-07T17:26:14.794+0000] {logging_mixin.py:190} INFO - [2024-12-07T17:26:14.794+0000] {dagbag.py:588} INFO - Filling up the DagBag from /home/airflow/.local/lib/python3.12/site-packages/airflow/example_dags/example_branch_operator.py
[2024-12-07T17:26:14.820+0000] {processor.py:925} INFO - DAG(s) 'example_branch_operator' retrieved from /home/airflow/.local/lib/python3.12/site-packages/airflow/example_dags/example_branch_operator.py
[2024-12-07T17:26:14.865+0000] {logging_mixin.py:190} INFO - [2024-12-07T17:26:14.865+0000] {dag.py:3239} INFO - Sync 1 DAGs
[2024-12-07T17:26:14.894+0000] {logging_mixin.py:190} INFO - [2024-12-07T17:26:14.894+0000] {dag.py:4180} INFO - Setting next_dagrun for example_branch_operator to 2024-12-06 00:00:00+00:00, run_after=2024-12-07 00:00:00+00:00
[2024-12-07T17:26:14.920+0000] {processor.py:208} INFO - Processing /home/airflow/.local/lib/python3.12/site-packages/airflow/example_dags/example_branch_operator.py took 0.137 seconds
[2024-12-07T17:26:45.293+0000] {processor.py:186} INFO - Started process (PID=2452) to work on /home/airflow/.local/lib/python3.12/site-packages/airflow/example_dags/example_branch_operator.py
[2024-12-07T17:26:45.295+0000] {processor.py:914} INFO - Processing file /home/airflow/.local/lib/python3.12/site-packages/airflow/example_dags/example_branch_operator.py for tasks to queue
[2024-12-07T17:26:45.298+0000] {logging_mixin.py:190} INFO - [2024-12-07T17:26:45.297+0000] {dagbag.py:588} INFO - Filling up the DagBag from /home/airflow/.local/lib/python3.12/site-packages/airflow/example_dags/example_branch_operator.py
[2024-12-07T17:26:45.320+0000] {processor.py:925} INFO - DAG(s) 'example_branch_operator' retrieved from /home/airflow/.local/lib/python3.12/site-packages/airflow/example_dags/example_branch_operator.py
[2024-12-07T17:26:45.356+0000] {logging_mixin.py:190} INFO - [2024-12-07T17:26:45.356+0000] {dag.py:3239} INFO - Sync 1 DAGs
[2024-12-07T17:26:45.386+0000] {logging_mixin.py:190} INFO - [2024-12-07T17:26:45.386+0000] {dag.py:4180} INFO - Setting next_dagrun for example_branch_operator to 2024-12-06 00:00:00+00:00, run_after=2024-12-07 00:00:00+00:00
[2024-12-07T17:26:45.415+0000] {processor.py:208} INFO - Processing /home/airflow/.local/lib/python3.12/site-packages/airflow/example_dags/example_branch_operator.py took 0.129 seconds
[2024-12-07T17:27:16.183+0000] {processor.py:186} INFO - Started process (PID=2743) to work on /home/airflow/.local/lib/python3.12/site-packages/airflow/example_dags/example_branch_operator.py
[2024-12-07T17:27:16.184+0000] {processor.py:914} INFO - Processing file /home/airflow/.local/lib/python3.12/site-packages/airflow/example_dags/example_branch_operator.py for tasks to queue
[2024-12-07T17:27:16.188+0000] {logging_mixin.py:190} INFO - [2024-12-07T17:27:16.187+0000] {dagbag.py:588} INFO - Filling up the DagBag from /home/airflow/.local/lib/python3.12/site-packages/airflow/example_dags/example_branch_operator.py
[2024-12-07T17:27:16.212+0000] {processor.py:925} INFO - DAG(s) 'example_branch_operator' retrieved from /home/airflow/.local/lib/python3.12/site-packages/airflow/example_dags/example_branch_operator.py
[2024-12-07T17:27:16.248+0000] {logging_mixin.py:190} INFO - [2024-12-07T17:27:16.248+0000] {dag.py:3239} INFO - Sync 1 DAGs
[2024-12-07T17:27:16.278+0000] {logging_mixin.py:190} INFO - [2024-12-07T17:27:16.278+0000] {dag.py:4180} INFO - Setting next_dagrun for example_branch_operator to 2024-12-06 00:00:00+00:00, run_after=2024-12-07 00:00:00+00:00
[2024-12-07T17:27:16.305+0000] {processor.py:208} INFO - Processing /home/airflow/.local/lib/python3.12/site-packages/airflow/example_dags/example_branch_operator.py took 0.130 seconds
[2024-12-07T17:27:46.593+0000] {processor.py:186} INFO - Started process (PID=3032) to work on /home/airflow/.local/lib/python3.12/site-packages/airflow/example_dags/example_branch_operator.py
[2024-12-07T17:27:46.595+0000] {processor.py:914} INFO - Processing file /home/airflow/.local/lib/python3.12/site-packages/airflow/example_dags/example_branch_operator.py for tasks to queue
[2024-12-07T17:27:46.599+0000] {logging_mixin.py:190} INFO - [2024-12-07T17:27:46.598+0000] {dagbag.py:588} INFO - Filling up the DagBag from /home/airflow/.local/lib/python3.12/site-packages/airflow/example_dags/example_branch_operator.py
[2024-12-07T17:27:46.630+0000] {processor.py:925} INFO - DAG(s) 'example_branch_operator' retrieved from /home/airflow/.local/lib/python3.12/site-packages/airflow/example_dags/example_branch_operator.py
[2024-12-07T17:27:46.688+0000] {logging_mixin.py:190} INFO - [2024-12-07T17:27:46.687+0000] {dag.py:3239} INFO - Sync 1 DAGs
[2024-12-07T17:27:46.725+0000] {logging_mixin.py:190} INFO - [2024-12-07T17:27:46.724+0000] {dag.py:4180} INFO - Setting next_dagrun for example_branch_operator to 2024-12-06 00:00:00+00:00, run_after=2024-12-07 00:00:00+00:00
[2024-12-07T17:27:46.754+0000] {processor.py:208} INFO - Processing /home/airflow/.local/lib/python3.12/site-packages/airflow/example_dags/example_branch_operator.py took 0.170 seconds
[2024-12-07T17:28:20.850+0000] {processor.py:186} INFO - Started process (PID=3329) to work on /home/airflow/.local/lib/python3.12/site-packages/airflow/example_dags/example_branch_operator.py
[2024-12-07T17:28:20.852+0000] {processor.py:914} INFO - Processing file /home/airflow/.local/lib/python3.12/site-packages/airflow/example_dags/example_branch_operator.py for tasks to queue
[2024-12-07T17:28:20.857+0000] {logging_mixin.py:190} INFO - [2024-12-07T17:28:20.856+0000] {dagbag.py:588} INFO - Filling up the DagBag from /home/airflow/.local/lib/python3.12/site-packages/airflow/example_dags/example_branch_operator.py
[2024-12-07T17:28:20.905+0000] {processor.py:925} INFO - DAG(s) 'example_branch_operator' retrieved from /home/airflow/.local/lib/python3.12/site-packages/airflow/example_dags/example_branch_operator.py
[2024-12-07T17:28:21.000+0000] {logging_mixin.py:190} INFO - [2024-12-07T17:28:20.999+0000] {dag.py:3239} INFO - Sync 1 DAGs
[2024-12-07T17:28:21.102+0000] {logging_mixin.py:190} INFO - [2024-12-07T17:28:21.101+0000] {dag.py:4180} INFO - Setting next_dagrun for example_branch_operator to 2024-12-06 00:00:00+00:00, run_after=2024-12-07 00:00:00+00:00
[2024-12-07T17:28:21.220+0000] {processor.py:208} INFO - Processing /home/airflow/.local/lib/python3.12/site-packages/airflow/example_dags/example_branch_operator.py took 0.383 seconds
[2024-12-07T17:28:55.376+0000] {processor.py:186} INFO - Started process (PID=3630) to work on /home/airflow/.local/lib/python3.12/site-packages/airflow/example_dags/example_branch_operator.py
[2024-12-07T17:28:55.379+0000] {processor.py:914} INFO - Processing file /home/airflow/.local/lib/python3.12/site-packages/airflow/example_dags/example_branch_operator.py for tasks to queue
[2024-12-07T17:28:55.383+0000] {logging_mixin.py:190} INFO - [2024-12-07T17:28:55.382+0000] {dagbag.py:588} INFO - Filling up the DagBag from /home/airflow/.local/lib/python3.12/site-packages/airflow/example_dags/example_branch_operator.py
[2024-12-07T17:28:55.463+0000] {processor.py:925} INFO - DAG(s) 'example_branch_operator' retrieved from /home/airflow/.local/lib/python3.12/site-packages/airflow/example_dags/example_branch_operator.py
[2024-12-07T17:28:55.575+0000] {logging_mixin.py:190} INFO - [2024-12-07T17:28:55.575+0000] {dag.py:3239} INFO - Sync 1 DAGs
[2024-12-07T17:28:55.654+0000] {logging_mixin.py:190} INFO - [2024-12-07T17:28:55.653+0000] {dag.py:4180} INFO - Setting next_dagrun for example_branch_operator to 2024-12-06 00:00:00+00:00, run_after=2024-12-07 00:00:00+00:00
[2024-12-07T17:28:55.714+0000] {processor.py:208} INFO - Processing /home/airflow/.local/lib/python3.12/site-packages/airflow/example_dags/example_branch_operator.py took 0.351 seconds
[2024-12-07T17:29:26.810+0000] {processor.py:186} INFO - Started process (PID=3933) to work on /home/airflow/.local/lib/python3.12/site-packages/airflow/example_dags/example_branch_operator.py
[2024-12-07T17:29:26.812+0000] {processor.py:914} INFO - Processing file /home/airflow/.local/lib/python3.12/site-packages/airflow/example_dags/example_branch_operator.py for tasks to queue
[2024-12-07T17:29:26.816+0000] {logging_mixin.py:190} INFO - [2024-12-07T17:29:26.816+0000] {dagbag.py:588} INFO - Filling up the DagBag from /home/airflow/.local/lib/python3.12/site-packages/airflow/example_dags/example_branch_operator.py
[2024-12-07T17:29:26.852+0000] {processor.py:925} INFO - DAG(s) 'example_branch_operator' retrieved from /home/airflow/.local/lib/python3.12/site-packages/airflow/example_dags/example_branch_operator.py
[2024-12-07T17:29:26.921+0000] {logging_mixin.py:190} INFO - [2024-12-07T17:29:26.920+0000] {dag.py:3239} INFO - Sync 1 DAGs
[2024-12-07T17:29:26.970+0000] {logging_mixin.py:190} INFO - [2024-12-07T17:29:26.970+0000] {dag.py:4180} INFO - Setting next_dagrun for example_branch_operator to 2024-12-06 00:00:00+00:00, run_after=2024-12-07 00:00:00+00:00
[2024-12-07T17:29:27.006+0000] {processor.py:208} INFO - Processing /home/airflow/.local/lib/python3.12/site-packages/airflow/example_dags/example_branch_operator.py took 0.207 seconds
[2024-12-07T17:29:57.285+0000] {processor.py:186} INFO - Started process (PID=4224) to work on /home/airflow/.local/lib/python3.12/site-packages/airflow/example_dags/example_branch_operator.py
[2024-12-07T17:29:57.286+0000] {processor.py:914} INFO - Processing file /home/airflow/.local/lib/python3.12/site-packages/airflow/example_dags/example_branch_operator.py for tasks to queue
[2024-12-07T17:29:57.289+0000] {logging_mixin.py:190} INFO - [2024-12-07T17:29:57.289+0000] {dagbag.py:588} INFO - Filling up the DagBag from /home/airflow/.local/lib/python3.12/site-packages/airflow/example_dags/example_branch_operator.py
[2024-12-07T17:29:57.314+0000] {processor.py:925} INFO - DAG(s) 'example_branch_operator' retrieved from /home/airflow/.local/lib/python3.12/site-packages/airflow/example_dags/example_branch_operator.py
[2024-12-07T17:29:57.357+0000] {logging_mixin.py:190} INFO - [2024-12-07T17:29:57.357+0000] {dag.py:3239} INFO - Sync 1 DAGs
[2024-12-07T17:29:57.394+0000] {logging_mixin.py:190} INFO - [2024-12-07T17:29:57.394+0000] {dag.py:4180} INFO - Setting next_dagrun for example_branch_operator to 2024-12-06 00:00:00+00:00, run_after=2024-12-07 00:00:00+00:00
[2024-12-07T17:29:57.419+0000] {processor.py:208} INFO - Processing /home/airflow/.local/lib/python3.12/site-packages/airflow/example_dags/example_branch_operator.py took 0.142 seconds
[2024-12-07T17:30:27.895+0000] {processor.py:186} INFO - Started process (PID=4510) to work on /home/airflow/.local/lib/python3.12/site-packages/airflow/example_dags/example_branch_operator.py
[2024-12-07T17:30:27.897+0000] {processor.py:914} INFO - Processing file /home/airflow/.local/lib/python3.12/site-packages/airflow/example_dags/example_branch_operator.py for tasks to queue
[2024-12-07T17:30:27.905+0000] {logging_mixin.py:190} INFO - [2024-12-07T17:30:27.904+0000] {dagbag.py:588} INFO - Filling up the DagBag from /home/airflow/.local/lib/python3.12/site-packages/airflow/example_dags/example_branch_operator.py
[2024-12-07T17:30:27.966+0000] {processor.py:925} INFO - DAG(s) 'example_branch_operator' retrieved from /home/airflow/.local/lib/python3.12/site-packages/airflow/example_dags/example_branch_operator.py
[2024-12-07T17:30:28.069+0000] {logging_mixin.py:190} INFO - [2024-12-07T17:30:28.069+0000] {dag.py:3239} INFO - Sync 1 DAGs
[2024-12-07T17:30:28.118+0000] {logging_mixin.py:190} INFO - [2024-12-07T17:30:28.118+0000] {dag.py:4180} INFO - Setting next_dagrun for example_branch_operator to 2024-12-06 00:00:00+00:00, run_after=2024-12-07 00:00:00+00:00
[2024-12-07T17:30:28.153+0000] {processor.py:208} INFO - Processing /home/airflow/.local/lib/python3.12/site-packages/airflow/example_dags/example_branch_operator.py took 0.269 seconds
[2024-12-07T17:30:58.290+0000] {processor.py:186} INFO - Started process (PID=4800) to work on /home/airflow/.local/lib/python3.12/site-packages/airflow/example_dags/example_branch_operator.py
[2024-12-07T17:30:58.292+0000] {processor.py:914} INFO - Processing file /home/airflow/.local/lib/python3.12/site-packages/airflow/example_dags/example_branch_operator.py for tasks to queue
[2024-12-07T17:30:58.295+0000] {logging_mixin.py:190} INFO - [2024-12-07T17:30:58.295+0000] {dagbag.py:588} INFO - Filling up the DagBag from /home/airflow/.local/lib/python3.12/site-packages/airflow/example_dags/example_branch_operator.py
[2024-12-07T17:30:58.322+0000] {processor.py:925} INFO - DAG(s) 'example_branch_operator' retrieved from /home/airflow/.local/lib/python3.12/site-packages/airflow/example_dags/example_branch_operator.py
[2024-12-07T17:30:58.359+0000] {logging_mixin.py:190} INFO - [2024-12-07T17:30:58.359+0000] {dag.py:3239} INFO - Sync 1 DAGs
[2024-12-07T17:30:58.394+0000] {logging_mixin.py:190} INFO - [2024-12-07T17:30:58.394+0000] {dag.py:4180} INFO - Setting next_dagrun for example_branch_operator to 2024-12-06 00:00:00+00:00, run_after=2024-12-07 00:00:00+00:00
[2024-12-07T17:30:58.424+0000] {processor.py:208} INFO - Processing /home/airflow/.local/lib/python3.12/site-packages/airflow/example_dags/example_branch_operator.py took 0.142 seconds
[2024-12-07T17:31:29.363+0000] {processor.py:186} INFO - Started process (PID=5103) to work on /home/airflow/.local/lib/python3.12/site-packages/airflow/example_dags/example_branch_operator.py
[2024-12-07T17:31:29.364+0000] {processor.py:914} INFO - Processing file /home/airflow/.local/lib/python3.12/site-packages/airflow/example_dags/example_branch_operator.py for tasks to queue
[2024-12-07T17:31:29.368+0000] {logging_mixin.py:190} INFO - [2024-12-07T17:31:29.368+0000] {dagbag.py:588} INFO - Filling up the DagBag from /home/airflow/.local/lib/python3.12/site-packages/airflow/example_dags/example_branch_operator.py
[2024-12-07T17:31:29.404+0000] {processor.py:925} INFO - DAG(s) 'example_branch_operator' retrieved from /home/airflow/.local/lib/python3.12/site-packages/airflow/example_dags/example_branch_operator.py
[2024-12-07T17:31:29.452+0000] {logging_mixin.py:190} INFO - [2024-12-07T17:31:29.452+0000] {dag.py:3239} INFO - Sync 1 DAGs
[2024-12-07T17:31:29.504+0000] {logging_mixin.py:190} INFO - [2024-12-07T17:31:29.504+0000] {dag.py:4180} INFO - Setting next_dagrun for example_branch_operator to 2024-12-06 00:00:00+00:00, run_after=2024-12-07 00:00:00+00:00
[2024-12-07T17:31:29.527+0000] {processor.py:208} INFO - Processing /home/airflow/.local/lib/python3.12/site-packages/airflow/example_dags/example_branch_operator.py took 0.174 seconds
[2024-12-07T17:31:59.753+0000] {processor.py:186} INFO - Started process (PID=5392) to work on /home/airflow/.local/lib/python3.12/site-packages/airflow/example_dags/example_branch_operator.py
[2024-12-07T17:31:59.755+0000] {processor.py:914} INFO - Processing file /home/airflow/.local/lib/python3.12/site-packages/airflow/example_dags/example_branch_operator.py for tasks to queue
[2024-12-07T17:31:59.758+0000] {logging_mixin.py:190} INFO - [2024-12-07T17:31:59.757+0000] {dagbag.py:588} INFO - Filling up the DagBag from /home/airflow/.local/lib/python3.12/site-packages/airflow/example_dags/example_branch_operator.py
[2024-12-07T17:31:59.781+0000] {processor.py:925} INFO - DAG(s) 'example_branch_operator' retrieved from /home/airflow/.local/lib/python3.12/site-packages/airflow/example_dags/example_branch_operator.py
[2024-12-07T17:31:59.826+0000] {logging_mixin.py:190} INFO - [2024-12-07T17:31:59.826+0000] {dag.py:3239} INFO - Sync 1 DAGs
[2024-12-07T17:31:59.864+0000] {logging_mixin.py:190} INFO - [2024-12-07T17:31:59.863+0000] {dag.py:4180} INFO - Setting next_dagrun for example_branch_operator to 2024-12-06 00:00:00+00:00, run_after=2024-12-07 00:00:00+00:00
[2024-12-07T17:31:59.890+0000] {processor.py:208} INFO - Processing /home/airflow/.local/lib/python3.12/site-packages/airflow/example_dags/example_branch_operator.py took 0.145 seconds
[2024-12-07T17:32:30.392+0000] {processor.py:186} INFO - Started process (PID=5682) to work on /home/airflow/.local/lib/python3.12/site-packages/airflow/example_dags/example_branch_operator.py
[2024-12-07T17:32:30.394+0000] {processor.py:914} INFO - Processing file /home/airflow/.local/lib/python3.12/site-packages/airflow/example_dags/example_branch_operator.py for tasks to queue
[2024-12-07T17:32:30.398+0000] {logging_mixin.py:190} INFO - [2024-12-07T17:32:30.397+0000] {dagbag.py:588} INFO - Filling up the DagBag from /home/airflow/.local/lib/python3.12/site-packages/airflow/example_dags/example_branch_operator.py
[2024-12-07T17:32:30.427+0000] {processor.py:925} INFO - DAG(s) 'example_branch_operator' retrieved from /home/airflow/.local/lib/python3.12/site-packages/airflow/example_dags/example_branch_operator.py
[2024-12-07T17:32:30.475+0000] {logging_mixin.py:190} INFO - [2024-12-07T17:32:30.475+0000] {dag.py:3239} INFO - Sync 1 DAGs
[2024-12-07T17:32:30.520+0000] {logging_mixin.py:190} INFO - [2024-12-07T17:32:30.520+0000] {dag.py:4180} INFO - Setting next_dagrun for example_branch_operator to 2024-12-06 00:00:00+00:00, run_after=2024-12-07 00:00:00+00:00
[2024-12-07T17:32:30.551+0000] {processor.py:208} INFO - Processing /home/airflow/.local/lib/python3.12/site-packages/airflow/example_dags/example_branch_operator.py took 0.171 seconds
[2024-12-07T17:33:01.072+0000] {processor.py:186} INFO - Started process (PID=5972) to work on /home/airflow/.local/lib/python3.12/site-packages/airflow/example_dags/example_branch_operator.py
[2024-12-07T17:33:01.073+0000] {processor.py:914} INFO - Processing file /home/airflow/.local/lib/python3.12/site-packages/airflow/example_dags/example_branch_operator.py for tasks to queue
[2024-12-07T17:33:01.078+0000] {logging_mixin.py:190} INFO - [2024-12-07T17:33:01.077+0000] {dagbag.py:588} INFO - Filling up the DagBag from /home/airflow/.local/lib/python3.12/site-packages/airflow/example_dags/example_branch_operator.py
[2024-12-07T17:33:01.114+0000] {processor.py:925} INFO - DAG(s) 'example_branch_operator' retrieved from /home/airflow/.local/lib/python3.12/site-packages/airflow/example_dags/example_branch_operator.py
[2024-12-07T17:33:01.168+0000] {logging_mixin.py:190} INFO - [2024-12-07T17:33:01.167+0000] {dag.py:3239} INFO - Sync 1 DAGs
[2024-12-07T17:33:01.225+0000] {logging_mixin.py:190} INFO - [2024-12-07T17:33:01.224+0000] {dag.py:4180} INFO - Setting next_dagrun for example_branch_operator to 2024-12-06 00:00:00+00:00, run_after=2024-12-07 00:00:00+00:00
[2024-12-07T17:33:01.261+0000] {processor.py:208} INFO - Processing /home/airflow/.local/lib/python3.12/site-packages/airflow/example_dags/example_branch_operator.py took 0.198 seconds
[2024-12-07T17:33:32.293+0000] {processor.py:186} INFO - Started process (PID=6263) to work on /home/airflow/.local/lib/python3.12/site-packages/airflow/example_dags/example_branch_operator.py
[2024-12-07T17:33:32.294+0000] {processor.py:914} INFO - Processing file /home/airflow/.local/lib/python3.12/site-packages/airflow/example_dags/example_branch_operator.py for tasks to queue
[2024-12-07T17:33:32.298+0000] {logging_mixin.py:190} INFO - [2024-12-07T17:33:32.297+0000] {dagbag.py:588} INFO - Filling up the DagBag from /home/airflow/.local/lib/python3.12/site-packages/airflow/example_dags/example_branch_operator.py
[2024-12-07T17:33:32.325+0000] {processor.py:925} INFO - DAG(s) 'example_branch_operator' retrieved from /home/airflow/.local/lib/python3.12/site-packages/airflow/example_dags/example_branch_operator.py
[2024-12-07T17:33:32.431+0000] {logging_mixin.py:190} INFO - [2024-12-07T17:33:32.431+0000] {dag.py:3239} INFO - Sync 1 DAGs
[2024-12-07T17:33:32.484+0000] {logging_mixin.py:190} INFO - [2024-12-07T17:33:32.484+0000] {dag.py:4180} INFO - Setting next_dagrun for example_branch_operator to 2024-12-06 00:00:00+00:00, run_after=2024-12-07 00:00:00+00:00
[2024-12-07T17:33:32.526+0000] {processor.py:208} INFO - Processing /home/airflow/.local/lib/python3.12/site-packages/airflow/example_dags/example_branch_operator.py took 0.241 seconds
[2024-12-07T17:34:02.985+0000] {processor.py:186} INFO - Started process (PID=6549) to work on /home/airflow/.local/lib/python3.12/site-packages/airflow/example_dags/example_branch_operator.py
[2024-12-07T17:34:02.986+0000] {processor.py:914} INFO - Processing file /home/airflow/.local/lib/python3.12/site-packages/airflow/example_dags/example_branch_operator.py for tasks to queue
[2024-12-07T17:34:02.990+0000] {logging_mixin.py:190} INFO - [2024-12-07T17:34:02.990+0000] {dagbag.py:588} INFO - Filling up the DagBag from /home/airflow/.local/lib/python3.12/site-packages/airflow/example_dags/example_branch_operator.py
[2024-12-07T17:34:03.019+0000] {processor.py:925} INFO - DAG(s) 'example_branch_operator' retrieved from /home/airflow/.local/lib/python3.12/site-packages/airflow/example_dags/example_branch_operator.py
[2024-12-07T17:34:03.060+0000] {logging_mixin.py:190} INFO - [2024-12-07T17:34:03.060+0000] {dag.py:3239} INFO - Sync 1 DAGs
[2024-12-07T17:34:03.097+0000] {logging_mixin.py:190} INFO - [2024-12-07T17:34:03.097+0000] {dag.py:4180} INFO - Setting next_dagrun for example_branch_operator to 2024-12-06 00:00:00+00:00, run_after=2024-12-07 00:00:00+00:00
[2024-12-07T17:34:03.126+0000] {processor.py:208} INFO - Processing /home/airflow/.local/lib/python3.12/site-packages/airflow/example_dags/example_branch_operator.py took 0.150 seconds
[2024-12-07T17:34:33.454+0000] {processor.py:186} INFO - Started process (PID=6840) to work on /home/airflow/.local/lib/python3.12/site-packages/airflow/example_dags/example_branch_operator.py
[2024-12-07T17:34:33.456+0000] {processor.py:914} INFO - Processing file /home/airflow/.local/lib/python3.12/site-packages/airflow/example_dags/example_branch_operator.py for tasks to queue
[2024-12-07T17:34:33.459+0000] {logging_mixin.py:190} INFO - [2024-12-07T17:34:33.459+0000] {dagbag.py:588} INFO - Filling up the DagBag from /home/airflow/.local/lib/python3.12/site-packages/airflow/example_dags/example_branch_operator.py
[2024-12-07T17:34:33.488+0000] {processor.py:925} INFO - DAG(s) 'example_branch_operator' retrieved from /home/airflow/.local/lib/python3.12/site-packages/airflow/example_dags/example_branch_operator.py
[2024-12-07T17:34:33.531+0000] {logging_mixin.py:190} INFO - [2024-12-07T17:34:33.531+0000] {dag.py:3239} INFO - Sync 1 DAGs
[2024-12-07T17:34:33.564+0000] {logging_mixin.py:190} INFO - [2024-12-07T17:34:33.564+0000] {dag.py:4180} INFO - Setting next_dagrun for example_branch_operator to 2024-12-06 00:00:00+00:00, run_after=2024-12-07 00:00:00+00:00
[2024-12-07T17:34:33.591+0000] {processor.py:208} INFO - Processing /home/airflow/.local/lib/python3.12/site-packages/airflow/example_dags/example_branch_operator.py took 0.145 seconds
[2024-12-07T17:35:04.484+0000] {processor.py:186} INFO - Started process (PID=7131) to work on /home/airflow/.local/lib/python3.12/site-packages/airflow/example_dags/example_branch_operator.py
[2024-12-07T17:35:04.487+0000] {processor.py:914} INFO - Processing file /home/airflow/.local/lib/python3.12/site-packages/airflow/example_dags/example_branch_operator.py for tasks to queue
[2024-12-07T17:35:04.492+0000] {logging_mixin.py:190} INFO - [2024-12-07T17:35:04.491+0000] {dagbag.py:588} INFO - Filling up the DagBag from /home/airflow/.local/lib/python3.12/site-packages/airflow/example_dags/example_branch_operator.py
[2024-12-07T17:35:04.521+0000] {processor.py:925} INFO - DAG(s) 'example_branch_operator' retrieved from /home/airflow/.local/lib/python3.12/site-packages/airflow/example_dags/example_branch_operator.py
[2024-12-07T17:35:04.561+0000] {logging_mixin.py:190} INFO - [2024-12-07T17:35:04.561+0000] {dag.py:3239} INFO - Sync 1 DAGs
[2024-12-07T17:35:04.599+0000] {logging_mixin.py:190} INFO - [2024-12-07T17:35:04.599+0000] {dag.py:4180} INFO - Setting next_dagrun for example_branch_operator to 2024-12-06 00:00:00+00:00, run_after=2024-12-07 00:00:00+00:00
[2024-12-07T17:35:04.670+0000] {processor.py:208} INFO - Processing /home/airflow/.local/lib/python3.12/site-packages/airflow/example_dags/example_branch_operator.py took 0.196 seconds
[2024-12-07T17:35:35.440+0000] {processor.py:186} INFO - Started process (PID=7417) to work on /home/airflow/.local/lib/python3.12/site-packages/airflow/example_dags/example_branch_operator.py
[2024-12-07T17:35:35.442+0000] {processor.py:914} INFO - Processing file /home/airflow/.local/lib/python3.12/site-packages/airflow/example_dags/example_branch_operator.py for tasks to queue
[2024-12-07T17:35:35.445+0000] {logging_mixin.py:190} INFO - [2024-12-07T17:35:35.444+0000] {dagbag.py:588} INFO - Filling up the DagBag from /home/airflow/.local/lib/python3.12/site-packages/airflow/example_dags/example_branch_operator.py
[2024-12-07T17:35:35.472+0000] {processor.py:925} INFO - DAG(s) 'example_branch_operator' retrieved from /home/airflow/.local/lib/python3.12/site-packages/airflow/example_dags/example_branch_operator.py
[2024-12-07T17:35:35.508+0000] {logging_mixin.py:190} INFO - [2024-12-07T17:35:35.508+0000] {dag.py:3239} INFO - Sync 1 DAGs
[2024-12-07T17:35:35.541+0000] {logging_mixin.py:190} INFO - [2024-12-07T17:35:35.541+0000] {dag.py:4180} INFO - Setting next_dagrun for example_branch_operator to 2024-12-06 00:00:00+00:00, run_after=2024-12-07 00:00:00+00:00
[2024-12-07T17:35:35.572+0000] {processor.py:208} INFO - Processing /home/airflow/.local/lib/python3.12/site-packages/airflow/example_dags/example_branch_operator.py took 0.141 seconds
[2024-12-07T17:36:06.165+0000] {processor.py:186} INFO - Started process (PID=7708) to work on /home/airflow/.local/lib/python3.12/site-packages/airflow/example_dags/example_branch_operator.py
[2024-12-07T17:36:06.166+0000] {processor.py:914} INFO - Processing file /home/airflow/.local/lib/python3.12/site-packages/airflow/example_dags/example_branch_operator.py for tasks to queue
[2024-12-07T17:36:06.170+0000] {logging_mixin.py:190} INFO - [2024-12-07T17:36:06.169+0000] {dagbag.py:588} INFO - Filling up the DagBag from /home/airflow/.local/lib/python3.12/site-packages/airflow/example_dags/example_branch_operator.py
[2024-12-07T17:36:06.213+0000] {processor.py:925} INFO - DAG(s) 'example_branch_operator' retrieved from /home/airflow/.local/lib/python3.12/site-packages/airflow/example_dags/example_branch_operator.py
[2024-12-07T17:36:06.279+0000] {logging_mixin.py:190} INFO - [2024-12-07T17:36:06.278+0000] {dag.py:3239} INFO - Sync 1 DAGs
[2024-12-07T17:36:06.321+0000] {logging_mixin.py:190} INFO - [2024-12-07T17:36:06.321+0000] {dag.py:4180} INFO - Setting next_dagrun for example_branch_operator to 2024-12-06 00:00:00+00:00, run_after=2024-12-07 00:00:00+00:00
[2024-12-07T17:36:06.348+0000] {processor.py:208} INFO - Processing /home/airflow/.local/lib/python3.12/site-packages/airflow/example_dags/example_branch_operator.py took 0.194 seconds
[2024-12-07T17:36:41.665+0000] {processor.py:186} INFO - Started process (PID=8005) to work on /home/airflow/.local/lib/python3.12/site-packages/airflow/example_dags/example_branch_operator.py
[2024-12-07T17:36:41.673+0000] {processor.py:914} INFO - Processing file /home/airflow/.local/lib/python3.12/site-packages/airflow/example_dags/example_branch_operator.py for tasks to queue
[2024-12-07T17:36:41.692+0000] {logging_mixin.py:190} INFO - [2024-12-07T17:36:41.691+0000] {dagbag.py:588} INFO - Filling up the DagBag from /home/airflow/.local/lib/python3.12/site-packages/airflow/example_dags/example_branch_operator.py
[2024-12-07T17:36:41.843+0000] {processor.py:925} INFO - DAG(s) 'example_branch_operator' retrieved from /home/airflow/.local/lib/python3.12/site-packages/airflow/example_dags/example_branch_operator.py
[2024-12-07T17:36:42.041+0000] {logging_mixin.py:190} INFO - [2024-12-07T17:36:42.041+0000] {dag.py:3239} INFO - Sync 1 DAGs
[2024-12-07T17:36:42.205+0000] {logging_mixin.py:190} INFO - [2024-12-07T17:36:42.205+0000] {dag.py:4180} INFO - Setting next_dagrun for example_branch_operator to 2024-12-06 00:00:00+00:00, run_after=2024-12-07 00:00:00+00:00
[2024-12-07T17:36:42.326+0000] {processor.py:208} INFO - Processing /home/airflow/.local/lib/python3.12/site-packages/airflow/example_dags/example_branch_operator.py took 0.694 seconds
[2024-12-07T17:37:13.226+0000] {processor.py:186} INFO - Started process (PID=8294) to work on /home/airflow/.local/lib/python3.12/site-packages/airflow/example_dags/example_branch_operator.py
[2024-12-07T17:37:13.228+0000] {processor.py:914} INFO - Processing file /home/airflow/.local/lib/python3.12/site-packages/airflow/example_dags/example_branch_operator.py for tasks to queue
[2024-12-07T17:37:13.233+0000] {logging_mixin.py:190} INFO - [2024-12-07T17:37:13.232+0000] {dagbag.py:588} INFO - Filling up the DagBag from /home/airflow/.local/lib/python3.12/site-packages/airflow/example_dags/example_branch_operator.py
[2024-12-07T17:37:13.278+0000] {processor.py:925} INFO - DAG(s) 'example_branch_operator' retrieved from /home/airflow/.local/lib/python3.12/site-packages/airflow/example_dags/example_branch_operator.py
[2024-12-07T17:37:13.325+0000] {logging_mixin.py:190} INFO - [2024-12-07T17:37:13.324+0000] {dag.py:3239} INFO - Sync 1 DAGs
[2024-12-07T17:37:13.361+0000] {logging_mixin.py:190} INFO - [2024-12-07T17:37:13.361+0000] {dag.py:4180} INFO - Setting next_dagrun for example_branch_operator to 2024-12-06 00:00:00+00:00, run_after=2024-12-07 00:00:00+00:00
[2024-12-07T17:37:13.397+0000] {processor.py:208} INFO - Processing /home/airflow/.local/lib/python3.12/site-packages/airflow/example_dags/example_branch_operator.py took 0.188 seconds
[2024-12-07T17:37:43.617+0000] {processor.py:186} INFO - Started process (PID=8585) to work on /home/airflow/.local/lib/python3.12/site-packages/airflow/example_dags/example_branch_operator.py
[2024-12-07T17:37:43.618+0000] {processor.py:914} INFO - Processing file /home/airflow/.local/lib/python3.12/site-packages/airflow/example_dags/example_branch_operator.py for tasks to queue
[2024-12-07T17:37:43.623+0000] {logging_mixin.py:190} INFO - [2024-12-07T17:37:43.623+0000] {dagbag.py:588} INFO - Filling up the DagBag from /home/airflow/.local/lib/python3.12/site-packages/airflow/example_dags/example_branch_operator.py
[2024-12-07T17:37:43.651+0000] {processor.py:925} INFO - DAG(s) 'example_branch_operator' retrieved from /home/airflow/.local/lib/python3.12/site-packages/airflow/example_dags/example_branch_operator.py
[2024-12-07T17:37:43.700+0000] {logging_mixin.py:190} INFO - [2024-12-07T17:37:43.700+0000] {dag.py:3239} INFO - Sync 1 DAGs
[2024-12-07T17:37:43.747+0000] {logging_mixin.py:190} INFO - [2024-12-07T17:37:43.747+0000] {dag.py:4180} INFO - Setting next_dagrun for example_branch_operator to 2024-12-06 00:00:00+00:00, run_after=2024-12-07 00:00:00+00:00
[2024-12-07T17:37:43.775+0000] {processor.py:208} INFO - Processing /home/airflow/.local/lib/python3.12/site-packages/airflow/example_dags/example_branch_operator.py took 0.167 seconds
[2024-12-07T17:38:14.423+0000] {processor.py:186} INFO - Started process (PID=8874) to work on /home/airflow/.local/lib/python3.12/site-packages/airflow/example_dags/example_branch_operator.py
[2024-12-07T17:38:14.429+0000] {processor.py:914} INFO - Processing file /home/airflow/.local/lib/python3.12/site-packages/airflow/example_dags/example_branch_operator.py for tasks to queue
[2024-12-07T17:38:14.436+0000] {logging_mixin.py:190} INFO - [2024-12-07T17:38:14.435+0000] {dagbag.py:588} INFO - Filling up the DagBag from /home/airflow/.local/lib/python3.12/site-packages/airflow/example_dags/example_branch_operator.py
[2024-12-07T17:38:14.482+0000] {processor.py:925} INFO - DAG(s) 'example_branch_operator' retrieved from /home/airflow/.local/lib/python3.12/site-packages/airflow/example_dags/example_branch_operator.py
[2024-12-07T17:38:14.545+0000] {logging_mixin.py:190} INFO - [2024-12-07T17:38:14.544+0000] {dag.py:3239} INFO - Sync 1 DAGs
[2024-12-07T17:38:14.627+0000] {logging_mixin.py:190} INFO - [2024-12-07T17:38:14.626+0000] {dag.py:4180} INFO - Setting next_dagrun for example_branch_operator to 2024-12-06 00:00:00+00:00, run_after=2024-12-07 00:00:00+00:00
[2024-12-07T17:38:14.738+0000] {processor.py:208} INFO - Processing /home/airflow/.local/lib/python3.12/site-packages/airflow/example_dags/example_branch_operator.py took 0.334 seconds
[2024-12-07T17:38:45.884+0000] {processor.py:186} INFO - Started process (PID=9165) to work on /home/airflow/.local/lib/python3.12/site-packages/airflow/example_dags/example_branch_operator.py
[2024-12-07T17:38:45.886+0000] {processor.py:914} INFO - Processing file /home/airflow/.local/lib/python3.12/site-packages/airflow/example_dags/example_branch_operator.py for tasks to queue
[2024-12-07T17:38:45.891+0000] {logging_mixin.py:190} INFO - [2024-12-07T17:38:45.890+0000] {dagbag.py:588} INFO - Filling up the DagBag from /home/airflow/.local/lib/python3.12/site-packages/airflow/example_dags/example_branch_operator.py
[2024-12-07T17:38:45.922+0000] {processor.py:925} INFO - DAG(s) 'example_branch_operator' retrieved from /home/airflow/.local/lib/python3.12/site-packages/airflow/example_dags/example_branch_operator.py
[2024-12-07T17:38:45.976+0000] {logging_mixin.py:190} INFO - [2024-12-07T17:38:45.976+0000] {dag.py:3239} INFO - Sync 1 DAGs
[2024-12-07T17:38:46.056+0000] {logging_mixin.py:190} INFO - [2024-12-07T17:38:46.055+0000] {dag.py:4180} INFO - Setting next_dagrun for example_branch_operator to 2024-12-06 00:00:00+00:00, run_after=2024-12-07 00:00:00+00:00
[2024-12-07T17:38:46.105+0000] {processor.py:208} INFO - Processing /home/airflow/.local/lib/python3.12/site-packages/airflow/example_dags/example_branch_operator.py took 0.232 seconds
[2024-12-07T17:39:16.506+0000] {processor.py:186} INFO - Started process (PID=9456) to work on /home/airflow/.local/lib/python3.12/site-packages/airflow/example_dags/example_branch_operator.py
[2024-12-07T17:39:16.508+0000] {processor.py:914} INFO - Processing file /home/airflow/.local/lib/python3.12/site-packages/airflow/example_dags/example_branch_operator.py for tasks to queue
[2024-12-07T17:39:16.513+0000] {logging_mixin.py:190} INFO - [2024-12-07T17:39:16.512+0000] {dagbag.py:588} INFO - Filling up the DagBag from /home/airflow/.local/lib/python3.12/site-packages/airflow/example_dags/example_branch_operator.py
[2024-12-07T17:39:16.553+0000] {processor.py:925} INFO - DAG(s) 'example_branch_operator' retrieved from /home/airflow/.local/lib/python3.12/site-packages/airflow/example_dags/example_branch_operator.py
[2024-12-07T17:39:16.677+0000] {logging_mixin.py:190} INFO - [2024-12-07T17:39:16.675+0000] {dag.py:3239} INFO - Sync 1 DAGs
[2024-12-07T17:39:16.747+0000] {logging_mixin.py:190} INFO - [2024-12-07T17:39:16.746+0000] {dag.py:4180} INFO - Setting next_dagrun for example_branch_operator to 2024-12-06 00:00:00+00:00, run_after=2024-12-07 00:00:00+00:00
[2024-12-07T17:39:16.780+0000] {processor.py:208} INFO - Processing /home/airflow/.local/lib/python3.12/site-packages/airflow/example_dags/example_branch_operator.py took 0.288 seconds
[2024-12-07T17:39:47.145+0000] {processor.py:186} INFO - Started process (PID=9745) to work on /home/airflow/.local/lib/python3.12/site-packages/airflow/example_dags/example_branch_operator.py
[2024-12-07T17:39:47.147+0000] {processor.py:914} INFO - Processing file /home/airflow/.local/lib/python3.12/site-packages/airflow/example_dags/example_branch_operator.py for tasks to queue
[2024-12-07T17:39:47.151+0000] {logging_mixin.py:190} INFO - [2024-12-07T17:39:47.150+0000] {dagbag.py:588} INFO - Filling up the DagBag from /home/airflow/.local/lib/python3.12/site-packages/airflow/example_dags/example_branch_operator.py
[2024-12-07T17:39:47.199+0000] {processor.py:925} INFO - DAG(s) 'example_branch_operator' retrieved from /home/airflow/.local/lib/python3.12/site-packages/airflow/example_dags/example_branch_operator.py
[2024-12-07T17:39:47.302+0000] {logging_mixin.py:190} INFO - [2024-12-07T17:39:47.301+0000] {dag.py:3239} INFO - Sync 1 DAGs
[2024-12-07T17:39:47.415+0000] {logging_mixin.py:190} INFO - [2024-12-07T17:39:47.414+0000] {dag.py:4180} INFO - Setting next_dagrun for example_branch_operator to 2024-12-06 00:00:00+00:00, run_after=2024-12-07 00:00:00+00:00
[2024-12-07T17:39:47.512+0000] {processor.py:208} INFO - Processing /home/airflow/.local/lib/python3.12/site-packages/airflow/example_dags/example_branch_operator.py took 0.382 seconds
[2024-12-07T17:40:17.617+0000] {processor.py:186} INFO - Started process (PID=10036) to work on /home/airflow/.local/lib/python3.12/site-packages/airflow/example_dags/example_branch_operator.py
[2024-12-07T17:40:17.619+0000] {processor.py:914} INFO - Processing file /home/airflow/.local/lib/python3.12/site-packages/airflow/example_dags/example_branch_operator.py for tasks to queue
[2024-12-07T17:40:17.623+0000] {logging_mixin.py:190} INFO - [2024-12-07T17:40:17.622+0000] {dagbag.py:588} INFO - Filling up the DagBag from /home/airflow/.local/lib/python3.12/site-packages/airflow/example_dags/example_branch_operator.py
[2024-12-07T17:40:17.664+0000] {processor.py:925} INFO - DAG(s) 'example_branch_operator' retrieved from /home/airflow/.local/lib/python3.12/site-packages/airflow/example_dags/example_branch_operator.py
[2024-12-07T17:40:17.749+0000] {logging_mixin.py:190} INFO - [2024-12-07T17:40:17.748+0000] {dag.py:3239} INFO - Sync 1 DAGs
[2024-12-07T17:40:17.824+0000] {logging_mixin.py:190} INFO - [2024-12-07T17:40:17.823+0000] {dag.py:4180} INFO - Setting next_dagrun for example_branch_operator to 2024-12-06 00:00:00+00:00, run_after=2024-12-07 00:00:00+00:00
[2024-12-07T17:40:17.899+0000] {processor.py:208} INFO - Processing /home/airflow/.local/lib/python3.12/site-packages/airflow/example_dags/example_branch_operator.py took 0.289 seconds
[2024-12-07T17:40:48.699+0000] {processor.py:186} INFO - Started process (PID=10325) to work on /home/airflow/.local/lib/python3.12/site-packages/airflow/example_dags/example_branch_operator.py
[2024-12-07T17:40:48.701+0000] {processor.py:914} INFO - Processing file /home/airflow/.local/lib/python3.12/site-packages/airflow/example_dags/example_branch_operator.py for tasks to queue
[2024-12-07T17:40:48.703+0000] {logging_mixin.py:190} INFO - [2024-12-07T17:40:48.703+0000] {dagbag.py:588} INFO - Filling up the DagBag from /home/airflow/.local/lib/python3.12/site-packages/airflow/example_dags/example_branch_operator.py
[2024-12-07T17:40:48.727+0000] {processor.py:925} INFO - DAG(s) 'example_branch_operator' retrieved from /home/airflow/.local/lib/python3.12/site-packages/airflow/example_dags/example_branch_operator.py
[2024-12-07T17:40:48.764+0000] {logging_mixin.py:190} INFO - [2024-12-07T17:40:48.764+0000] {dag.py:3239} INFO - Sync 1 DAGs
[2024-12-07T17:40:48.796+0000] {logging_mixin.py:190} INFO - [2024-12-07T17:40:48.796+0000] {dag.py:4180} INFO - Setting next_dagrun for example_branch_operator to 2024-12-06 00:00:00+00:00, run_after=2024-12-07 00:00:00+00:00
[2024-12-07T17:40:48.824+0000] {processor.py:208} INFO - Processing /home/airflow/.local/lib/python3.12/site-packages/airflow/example_dags/example_branch_operator.py took 0.134 seconds
[2024-12-07T17:41:19.814+0000] {processor.py:186} INFO - Started process (PID=10616) to work on /home/airflow/.local/lib/python3.12/site-packages/airflow/example_dags/example_branch_operator.py
[2024-12-07T17:41:19.816+0000] {processor.py:914} INFO - Processing file /home/airflow/.local/lib/python3.12/site-packages/airflow/example_dags/example_branch_operator.py for tasks to queue
[2024-12-07T17:41:19.820+0000] {logging_mixin.py:190} INFO - [2024-12-07T17:41:19.819+0000] {dagbag.py:588} INFO - Filling up the DagBag from /home/airflow/.local/lib/python3.12/site-packages/airflow/example_dags/example_branch_operator.py
[2024-12-07T17:41:19.875+0000] {processor.py:925} INFO - DAG(s) 'example_branch_operator' retrieved from /home/airflow/.local/lib/python3.12/site-packages/airflow/example_dags/example_branch_operator.py
[2024-12-07T17:41:20.015+0000] {logging_mixin.py:190} INFO - [2024-12-07T17:41:20.015+0000] {dag.py:3239} INFO - Sync 1 DAGs
[2024-12-07T17:41:20.129+0000] {logging_mixin.py:190} INFO - [2024-12-07T17:41:20.128+0000] {dag.py:4180} INFO - Setting next_dagrun for example_branch_operator to 2024-12-06 00:00:00+00:00, run_after=2024-12-07 00:00:00+00:00
[2024-12-07T17:41:20.213+0000] {processor.py:208} INFO - Processing /home/airflow/.local/lib/python3.12/site-packages/airflow/example_dags/example_branch_operator.py took 0.411 seconds
[2024-12-07T17:41:50.456+0000] {processor.py:186} INFO - Started process (PID=10903) to work on /home/airflow/.local/lib/python3.12/site-packages/airflow/example_dags/example_branch_operator.py
[2024-12-07T17:41:50.458+0000] {processor.py:914} INFO - Processing file /home/airflow/.local/lib/python3.12/site-packages/airflow/example_dags/example_branch_operator.py for tasks to queue
[2024-12-07T17:41:50.462+0000] {logging_mixin.py:190} INFO - [2024-12-07T17:41:50.461+0000] {dagbag.py:588} INFO - Filling up the DagBag from /home/airflow/.local/lib/python3.12/site-packages/airflow/example_dags/example_branch_operator.py
[2024-12-07T17:41:50.492+0000] {processor.py:925} INFO - DAG(s) 'example_branch_operator' retrieved from /home/airflow/.local/lib/python3.12/site-packages/airflow/example_dags/example_branch_operator.py
[2024-12-07T17:41:50.543+0000] {logging_mixin.py:190} INFO - [2024-12-07T17:41:50.542+0000] {dag.py:3239} INFO - Sync 1 DAGs
[2024-12-07T17:41:50.582+0000] {logging_mixin.py:190} INFO - [2024-12-07T17:41:50.581+0000] {dag.py:4180} INFO - Setting next_dagrun for example_branch_operator to 2024-12-06 00:00:00+00:00, run_after=2024-12-07 00:00:00+00:00
[2024-12-07T17:41:50.615+0000] {processor.py:208} INFO - Processing /home/airflow/.local/lib/python3.12/site-packages/airflow/example_dags/example_branch_operator.py took 0.170 seconds
[2024-12-07T17:42:21.460+0000] {processor.py:186} INFO - Started process (PID=11195) to work on /home/airflow/.local/lib/python3.12/site-packages/airflow/example_dags/example_branch_operator.py
[2024-12-07T17:42:21.462+0000] {processor.py:914} INFO - Processing file /home/airflow/.local/lib/python3.12/site-packages/airflow/example_dags/example_branch_operator.py for tasks to queue
[2024-12-07T17:42:21.471+0000] {logging_mixin.py:190} INFO - [2024-12-07T17:42:21.467+0000] {dagbag.py:588} INFO - Filling up the DagBag from /home/airflow/.local/lib/python3.12/site-packages/airflow/example_dags/example_branch_operator.py
[2024-12-07T17:42:21.544+0000] {processor.py:925} INFO - DAG(s) 'example_branch_operator' retrieved from /home/airflow/.local/lib/python3.12/site-packages/airflow/example_dags/example_branch_operator.py
[2024-12-07T17:42:21.641+0000] {logging_mixin.py:190} INFO - [2024-12-07T17:42:21.640+0000] {dag.py:3239} INFO - Sync 1 DAGs
[2024-12-07T17:42:21.791+0000] {logging_mixin.py:190} INFO - [2024-12-07T17:42:21.790+0000] {dag.py:4180} INFO - Setting next_dagrun for example_branch_operator to 2024-12-06 00:00:00+00:00, run_after=2024-12-07 00:00:00+00:00
[2024-12-07T17:42:21.892+0000] {processor.py:208} INFO - Processing /home/airflow/.local/lib/python3.12/site-packages/airflow/example_dags/example_branch_operator.py took 0.447 seconds
[2024-12-07T17:42:52.670+0000] {processor.py:186} INFO - Started process (PID=11493) to work on /home/airflow/.local/lib/python3.12/site-packages/airflow/example_dags/example_branch_operator.py
[2024-12-07T17:42:52.672+0000] {processor.py:914} INFO - Processing file /home/airflow/.local/lib/python3.12/site-packages/airflow/example_dags/example_branch_operator.py for tasks to queue
[2024-12-07T17:42:52.676+0000] {logging_mixin.py:190} INFO - [2024-12-07T17:42:52.675+0000] {dagbag.py:588} INFO - Filling up the DagBag from /home/airflow/.local/lib/python3.12/site-packages/airflow/example_dags/example_branch_operator.py
[2024-12-07T17:42:52.712+0000] {processor.py:925} INFO - DAG(s) 'example_branch_operator' retrieved from /home/airflow/.local/lib/python3.12/site-packages/airflow/example_dags/example_branch_operator.py
[2024-12-07T17:42:52.749+0000] {logging_mixin.py:190} INFO - [2024-12-07T17:42:52.748+0000] {dag.py:3239} INFO - Sync 1 DAGs
[2024-12-07T17:42:52.780+0000] {logging_mixin.py:190} INFO - [2024-12-07T17:42:52.779+0000] {dag.py:4180} INFO - Setting next_dagrun for example_branch_operator to 2024-12-06 00:00:00+00:00, run_after=2024-12-07 00:00:00+00:00
[2024-12-07T17:42:52.809+0000] {processor.py:208} INFO - Processing /home/airflow/.local/lib/python3.12/site-packages/airflow/example_dags/example_branch_operator.py took 0.151 seconds
[2024-12-07T17:43:23.345+0000] {processor.py:186} INFO - Started process (PID=11784) to work on /home/airflow/.local/lib/python3.12/site-packages/airflow/example_dags/example_branch_operator.py
[2024-12-07T17:43:23.347+0000] {processor.py:914} INFO - Processing file /home/airflow/.local/lib/python3.12/site-packages/airflow/example_dags/example_branch_operator.py for tasks to queue
[2024-12-07T17:43:23.350+0000] {logging_mixin.py:190} INFO - [2024-12-07T17:43:23.349+0000] {dagbag.py:588} INFO - Filling up the DagBag from /home/airflow/.local/lib/python3.12/site-packages/airflow/example_dags/example_branch_operator.py
[2024-12-07T17:43:23.398+0000] {processor.py:925} INFO - DAG(s) 'example_branch_operator' retrieved from /home/airflow/.local/lib/python3.12/site-packages/airflow/example_dags/example_branch_operator.py
[2024-12-07T17:43:23.471+0000] {logging_mixin.py:190} INFO - [2024-12-07T17:43:23.470+0000] {dag.py:3239} INFO - Sync 1 DAGs
[2024-12-07T17:43:23.535+0000] {logging_mixin.py:190} INFO - [2024-12-07T17:43:23.535+0000] {dag.py:4180} INFO - Setting next_dagrun for example_branch_operator to 2024-12-06 00:00:00+00:00, run_after=2024-12-07 00:00:00+00:00
[2024-12-07T17:43:23.577+0000] {processor.py:208} INFO - Processing /home/airflow/.local/lib/python3.12/site-packages/airflow/example_dags/example_branch_operator.py took 0.242 seconds
