[2024-12-07T17:22:48.025+0000] {processor.py:186} INFO - Started process (PID=388) to work on /home/airflow/.local/lib/python3.12/site-packages/airflow/example_dags/example_dataset_alias.py
[2024-12-07T17:22:48.029+0000] {processor.py:914} INFO - Processing file /home/airflow/.local/lib/python3.12/site-packages/airflow/example_dags/example_dataset_alias.py for tasks to queue
[2024-12-07T17:22:48.041+0000] {logging_mixin.py:190} INFO - [2024-12-07T17:22:48.040+0000] {dagbag.py:588} INFO - Filling up the DagBag from /home/airflow/.local/lib/python3.12/site-packages/airflow/example_dags/example_dataset_alias.py
[2024-12-07T17:22:52.007+0000] {processor.py:925} INFO - DAG(s) 'dataset_alias_example_alias_consumer', 'dataset_alias_example_alias_producer', 'dataset_s3_bucket_consumer', 'dataset_s3_bucket_producer' retrieved from /home/airflow/.local/lib/python3.12/site-packages/airflow/example_dags/example_dataset_alias.py
[2024-12-07T17:22:54.394+0000] {logging_mixin.py:190} INFO - [2024-12-07T17:22:54.389+0000] {override.py:1911} INFO - Created Permission View: can delete on DAG:dataset_alias_example_alias_consumer
[2024-12-07T17:22:54.503+0000] {logging_mixin.py:190} INFO - [2024-12-07T17:22:54.502+0000] {override.py:1911} INFO - Created Permission View: can read on DAG:dataset_alias_example_alias_consumer
[2024-12-07T17:22:54.549+0000] {logging_mixin.py:190} INFO - [2024-12-07T17:22:54.548+0000] {override.py:1911} INFO - Created Permission View: can edit on DAG:dataset_alias_example_alias_consumer
[2024-12-07T17:22:54.623+0000] {logging_mixin.py:190} INFO - [2024-12-07T17:22:54.622+0000] {override.py:1911} INFO - Created Permission View: menu access on DAG Run:dataset_alias_example_alias_consumer
[2024-12-07T17:22:54.663+0000] {logging_mixin.py:190} INFO - [2024-12-07T17:22:54.662+0000] {override.py:1911} INFO - Created Permission View: can delete on DAG Run:dataset_alias_example_alias_consumer
[2024-12-07T17:22:54.693+0000] {logging_mixin.py:190} INFO - [2024-12-07T17:22:54.693+0000] {override.py:1911} INFO - Created Permission View: can read on DAG Run:dataset_alias_example_alias_consumer
[2024-12-07T17:22:54.719+0000] {logging_mixin.py:190} INFO - [2024-12-07T17:22:54.719+0000] {override.py:1911} INFO - Created Permission View: can create on DAG Run:dataset_alias_example_alias_consumer
[2024-12-07T17:22:54.808+0000] {logging_mixin.py:190} INFO - [2024-12-07T17:22:54.808+0000] {override.py:1911} INFO - Created Permission View: can delete on DAG:dataset_alias_example_alias_producer
[2024-12-07T17:22:54.901+0000] {logging_mixin.py:190} INFO - [2024-12-07T17:22:54.900+0000] {override.py:1911} INFO - Created Permission View: can read on DAG:dataset_alias_example_alias_producer
[2024-12-07T17:22:54.971+0000] {logging_mixin.py:190} INFO - [2024-12-07T17:22:54.970+0000] {override.py:1911} INFO - Created Permission View: can edit on DAG:dataset_alias_example_alias_producer
[2024-12-07T17:22:55.012+0000] {logging_mixin.py:190} INFO - [2024-12-07T17:22:55.011+0000] {override.py:1911} INFO - Created Permission View: menu access on DAG Run:dataset_alias_example_alias_producer
[2024-12-07T17:22:55.049+0000] {logging_mixin.py:190} INFO - [2024-12-07T17:22:55.048+0000] {override.py:1911} INFO - Created Permission View: can delete on DAG Run:dataset_alias_example_alias_producer
[2024-12-07T17:22:55.091+0000] {logging_mixin.py:190} INFO - [2024-12-07T17:22:55.091+0000] {override.py:1911} INFO - Created Permission View: can read on DAG Run:dataset_alias_example_alias_producer
[2024-12-07T17:22:55.152+0000] {logging_mixin.py:190} INFO - [2024-12-07T17:22:55.151+0000] {override.py:1911} INFO - Created Permission View: can create on DAG Run:dataset_alias_example_alias_producer
[2024-12-07T17:22:55.248+0000] {logging_mixin.py:190} INFO - [2024-12-07T17:22:55.247+0000] {override.py:1911} INFO - Created Permission View: can delete on DAG:dataset_s3_bucket_consumer
[2024-12-07T17:22:55.272+0000] {logging_mixin.py:190} INFO - [2024-12-07T17:22:55.271+0000] {override.py:1911} INFO - Created Permission View: can read on DAG:dataset_s3_bucket_consumer
[2024-12-07T17:22:55.300+0000] {logging_mixin.py:190} INFO - [2024-12-07T17:22:55.299+0000] {override.py:1911} INFO - Created Permission View: can edit on DAG:dataset_s3_bucket_consumer
[2024-12-07T17:22:55.365+0000] {logging_mixin.py:190} INFO - [2024-12-07T17:22:55.364+0000] {override.py:1911} INFO - Created Permission View: menu access on DAG Run:dataset_s3_bucket_consumer
[2024-12-07T17:22:55.394+0000] {logging_mixin.py:190} INFO - [2024-12-07T17:22:55.389+0000] {override.py:1911} INFO - Created Permission View: can delete on DAG Run:dataset_s3_bucket_consumer
[2024-12-07T17:22:55.428+0000] {logging_mixin.py:190} INFO - [2024-12-07T17:22:55.427+0000] {override.py:1911} INFO - Created Permission View: can read on DAG Run:dataset_s3_bucket_consumer
[2024-12-07T17:22:55.453+0000] {logging_mixin.py:190} INFO - [2024-12-07T17:22:55.452+0000] {override.py:1911} INFO - Created Permission View: can create on DAG Run:dataset_s3_bucket_consumer
[2024-12-07T17:22:55.506+0000] {logging_mixin.py:190} INFO - [2024-12-07T17:22:55.505+0000] {override.py:1911} INFO - Created Permission View: can delete on DAG:dataset_s3_bucket_producer
[2024-12-07T17:22:55.521+0000] {logging_mixin.py:190} INFO - [2024-12-07T17:22:55.521+0000] {override.py:1911} INFO - Created Permission View: can read on DAG:dataset_s3_bucket_producer
[2024-12-07T17:22:55.540+0000] {logging_mixin.py:190} INFO - [2024-12-07T17:22:55.539+0000] {override.py:1911} INFO - Created Permission View: can edit on DAG:dataset_s3_bucket_producer
[2024-12-07T17:22:55.566+0000] {logging_mixin.py:190} INFO - [2024-12-07T17:22:55.565+0000] {override.py:1911} INFO - Created Permission View: menu access on DAG Run:dataset_s3_bucket_producer
[2024-12-07T17:22:55.584+0000] {logging_mixin.py:190} INFO - [2024-12-07T17:22:55.584+0000] {override.py:1911} INFO - Created Permission View: can delete on DAG Run:dataset_s3_bucket_producer
[2024-12-07T17:22:55.598+0000] {logging_mixin.py:190} INFO - [2024-12-07T17:22:55.597+0000] {override.py:1911} INFO - Created Permission View: can read on DAG Run:dataset_s3_bucket_producer
[2024-12-07T17:22:55.638+0000] {logging_mixin.py:190} INFO - [2024-12-07T17:22:55.637+0000] {override.py:1911} INFO - Created Permission View: can create on DAG Run:dataset_s3_bucket_producer
[2024-12-07T17:22:55.641+0000] {logging_mixin.py:190} INFO - [2024-12-07T17:22:55.640+0000] {dag.py:3239} INFO - Sync 4 DAGs
[2024-12-07T17:22:55.694+0000] {logging_mixin.py:190} INFO - [2024-12-07T17:22:55.692+0000] {dag.py:3262} INFO - Creating ORM DAG for dataset_alias_example_alias_consumer
[2024-12-07T17:22:55.703+0000] {logging_mixin.py:190} INFO - [2024-12-07T17:22:55.702+0000] {dag.py:3262} INFO - Creating ORM DAG for dataset_alias_example_alias_producer
[2024-12-07T17:22:55.706+0000] {logging_mixin.py:190} INFO - [2024-12-07T17:22:55.706+0000] {dag.py:3262} INFO - Creating ORM DAG for dataset_s3_bucket_producer
[2024-12-07T17:22:55.709+0000] {logging_mixin.py:190} INFO - [2024-12-07T17:22:55.708+0000] {dag.py:3262} INFO - Creating ORM DAG for dataset_s3_bucket_consumer
[2024-12-07T17:22:55.741+0000] {logging_mixin.py:190} INFO - [2024-12-07T17:22:55.741+0000] {dag.py:4180} INFO - Setting next_dagrun for dataset_alias_example_alias_consumer to None, run_after=None
[2024-12-07T17:22:55.755+0000] {logging_mixin.py:190} INFO - [2024-12-07T17:22:55.754+0000] {dag.py:4180} INFO - Setting next_dagrun for dataset_alias_example_alias_producer to None, run_after=None
[2024-12-07T17:22:55.757+0000] {logging_mixin.py:190} INFO - [2024-12-07T17:22:55.757+0000] {dag.py:4180} INFO - Setting next_dagrun for dataset_s3_bucket_consumer to None, run_after=None
[2024-12-07T17:22:55.760+0000] {logging_mixin.py:190} INFO - [2024-12-07T17:22:55.760+0000] {dag.py:4180} INFO - Setting next_dagrun for dataset_s3_bucket_producer to None, run_after=None
[2024-12-07T17:22:55.848+0000] {processor.py:208} INFO - Processing /home/airflow/.local/lib/python3.12/site-packages/airflow/example_dags/example_dataset_alias.py took 7.844 seconds
[2024-12-07T17:23:26.162+0000] {processor.py:186} INFO - Started process (PID=691) to work on /home/airflow/.local/lib/python3.12/site-packages/airflow/example_dags/example_dataset_alias.py
[2024-12-07T17:23:26.163+0000] {processor.py:914} INFO - Processing file /home/airflow/.local/lib/python3.12/site-packages/airflow/example_dags/example_dataset_alias.py for tasks to queue
[2024-12-07T17:23:26.167+0000] {logging_mixin.py:190} INFO - [2024-12-07T17:23:26.167+0000] {dagbag.py:588} INFO - Filling up the DagBag from /home/airflow/.local/lib/python3.12/site-packages/airflow/example_dags/example_dataset_alias.py
[2024-12-07T17:23:30.711+0000] {processor.py:925} INFO - DAG(s) 'dataset_alias_example_alias_producer', 'dataset_s3_bucket_consumer', 'dataset_s3_bucket_producer', 'dataset_alias_example_alias_consumer' retrieved from /home/airflow/.local/lib/python3.12/site-packages/airflow/example_dags/example_dataset_alias.py
[2024-12-07T17:23:30.839+0000] {logging_mixin.py:190} INFO - [2024-12-07T17:23:30.838+0000] {dag.py:3239} INFO - Sync 4 DAGs
[2024-12-07T17:23:30.970+0000] {logging_mixin.py:190} INFO - [2024-12-07T17:23:30.970+0000] {dag.py:4180} INFO - Setting next_dagrun for dataset_alias_example_alias_consumer to None, run_after=None
[2024-12-07T17:23:31.004+0000] {logging_mixin.py:190} INFO - [2024-12-07T17:23:31.003+0000] {dag.py:4180} INFO - Setting next_dagrun for dataset_alias_example_alias_producer to None, run_after=None
[2024-12-07T17:23:31.146+0000] {logging_mixin.py:190} INFO - [2024-12-07T17:23:31.145+0000] {dag.py:4180} INFO - Setting next_dagrun for dataset_s3_bucket_consumer to None, run_after=None
[2024-12-07T17:23:31.195+0000] {logging_mixin.py:190} INFO - [2024-12-07T17:23:31.195+0000] {dag.py:4180} INFO - Setting next_dagrun for dataset_s3_bucket_producer to None, run_after=None
[2024-12-07T17:23:31.979+0000] {processor.py:208} INFO - Processing /home/airflow/.local/lib/python3.12/site-packages/airflow/example_dags/example_dataset_alias.py took 5.828 seconds
[2024-12-07T17:24:05.039+0000] {processor.py:186} INFO - Started process (PID=975) to work on /home/airflow/.local/lib/python3.12/site-packages/airflow/example_dags/example_dataset_alias.py
[2024-12-07T17:24:05.045+0000] {processor.py:914} INFO - Processing file /home/airflow/.local/lib/python3.12/site-packages/airflow/example_dags/example_dataset_alias.py for tasks to queue
[2024-12-07T17:24:05.057+0000] {logging_mixin.py:190} INFO - [2024-12-07T17:24:05.056+0000] {dagbag.py:588} INFO - Filling up the DagBag from /home/airflow/.local/lib/python3.12/site-packages/airflow/example_dags/example_dataset_alias.py
[2024-12-07T17:24:08.923+0000] {processor.py:925} INFO - DAG(s) 'dataset_alias_example_alias_producer', 'dataset_alias_example_alias_consumer', 'dataset_s3_bucket_producer', 'dataset_s3_bucket_consumer' retrieved from /home/airflow/.local/lib/python3.12/site-packages/airflow/example_dags/example_dataset_alias.py
[2024-12-07T17:24:08.972+0000] {logging_mixin.py:190} INFO - [2024-12-07T17:24:08.971+0000] {dag.py:3239} INFO - Sync 4 DAGs
[2024-12-07T17:24:09.043+0000] {logging_mixin.py:190} INFO - [2024-12-07T17:24:09.043+0000] {dag.py:4180} INFO - Setting next_dagrun for dataset_alias_example_alias_consumer to None, run_after=None
[2024-12-07T17:24:09.054+0000] {logging_mixin.py:190} INFO - [2024-12-07T17:24:09.053+0000] {dag.py:4180} INFO - Setting next_dagrun for dataset_alias_example_alias_producer to None, run_after=None
[2024-12-07T17:24:09.061+0000] {logging_mixin.py:190} INFO - [2024-12-07T17:24:09.060+0000] {dag.py:4180} INFO - Setting next_dagrun for dataset_s3_bucket_consumer to None, run_after=None
[2024-12-07T17:24:09.064+0000] {logging_mixin.py:190} INFO - [2024-12-07T17:24:09.064+0000] {dag.py:4180} INFO - Setting next_dagrun for dataset_s3_bucket_producer to None, run_after=None
[2024-12-07T17:24:09.471+0000] {processor.py:208} INFO - Processing /home/airflow/.local/lib/python3.12/site-packages/airflow/example_dags/example_dataset_alias.py took 4.454 seconds
[2024-12-07T17:24:39.721+0000] {processor.py:186} INFO - Started process (PID=1281) to work on /home/airflow/.local/lib/python3.12/site-packages/airflow/example_dags/example_dataset_alias.py
[2024-12-07T17:24:39.724+0000] {processor.py:914} INFO - Processing file /home/airflow/.local/lib/python3.12/site-packages/airflow/example_dags/example_dataset_alias.py for tasks to queue
[2024-12-07T17:24:39.728+0000] {logging_mixin.py:190} INFO - [2024-12-07T17:24:39.728+0000] {dagbag.py:588} INFO - Filling up the DagBag from /home/airflow/.local/lib/python3.12/site-packages/airflow/example_dags/example_dataset_alias.py
[2024-12-07T17:24:46.114+0000] {processor.py:925} INFO - DAG(s) 'dataset_alias_example_alias_consumer', 'dataset_s3_bucket_producer', 'dataset_alias_example_alias_producer', 'dataset_s3_bucket_consumer' retrieved from /home/airflow/.local/lib/python3.12/site-packages/airflow/example_dags/example_dataset_alias.py
[2024-12-07T17:24:46.174+0000] {logging_mixin.py:190} INFO - [2024-12-07T17:24:46.173+0000] {dag.py:3239} INFO - Sync 4 DAGs
[2024-12-07T17:24:46.259+0000] {logging_mixin.py:190} INFO - [2024-12-07T17:24:46.259+0000] {dag.py:4180} INFO - Setting next_dagrun for dataset_alias_example_alias_consumer to None, run_after=None
[2024-12-07T17:24:46.264+0000] {logging_mixin.py:190} INFO - [2024-12-07T17:24:46.264+0000] {dag.py:4180} INFO - Setting next_dagrun for dataset_alias_example_alias_producer to None, run_after=None
[2024-12-07T17:24:46.267+0000] {logging_mixin.py:190} INFO - [2024-12-07T17:24:46.267+0000] {dag.py:4180} INFO - Setting next_dagrun for dataset_s3_bucket_consumer to None, run_after=None
[2024-12-07T17:24:46.274+0000] {logging_mixin.py:190} INFO - [2024-12-07T17:24:46.274+0000] {dag.py:4180} INFO - Setting next_dagrun for dataset_s3_bucket_producer to None, run_after=None
[2024-12-07T17:24:46.851+0000] {processor.py:208} INFO - Processing /home/airflow/.local/lib/python3.12/site-packages/airflow/example_dags/example_dataset_alias.py took 7.142 seconds
[2024-12-07T17:25:17.107+0000] {processor.py:186} INFO - Started process (PID=1593) to work on /home/airflow/.local/lib/python3.12/site-packages/airflow/example_dags/example_dataset_alias.py
[2024-12-07T17:25:17.109+0000] {processor.py:914} INFO - Processing file /home/airflow/.local/lib/python3.12/site-packages/airflow/example_dags/example_dataset_alias.py for tasks to queue
[2024-12-07T17:25:17.113+0000] {logging_mixin.py:190} INFO - [2024-12-07T17:25:17.112+0000] {dagbag.py:588} INFO - Filling up the DagBag from /home/airflow/.local/lib/python3.12/site-packages/airflow/example_dags/example_dataset_alias.py
[2024-12-07T17:25:18.205+0000] {processor.py:925} INFO - DAG(s) 'dataset_alias_example_alias_consumer', 'dataset_alias_example_alias_producer', 'dataset_s3_bucket_consumer', 'dataset_s3_bucket_producer' retrieved from /home/airflow/.local/lib/python3.12/site-packages/airflow/example_dags/example_dataset_alias.py
[2024-12-07T17:25:18.253+0000] {logging_mixin.py:190} INFO - [2024-12-07T17:25:18.252+0000] {dag.py:3239} INFO - Sync 4 DAGs
[2024-12-07T17:25:18.289+0000] {logging_mixin.py:190} INFO - [2024-12-07T17:25:18.289+0000] {dag.py:4180} INFO - Setting next_dagrun for dataset_alias_example_alias_consumer to None, run_after=None
[2024-12-07T17:25:18.295+0000] {logging_mixin.py:190} INFO - [2024-12-07T17:25:18.294+0000] {dag.py:4180} INFO - Setting next_dagrun for dataset_alias_example_alias_producer to None, run_after=None
[2024-12-07T17:25:18.300+0000] {logging_mixin.py:190} INFO - [2024-12-07T17:25:18.300+0000] {dag.py:4180} INFO - Setting next_dagrun for dataset_s3_bucket_consumer to None, run_after=None
[2024-12-07T17:25:18.303+0000] {logging_mixin.py:190} INFO - [2024-12-07T17:25:18.303+0000] {dag.py:4180} INFO - Setting next_dagrun for dataset_s3_bucket_producer to None, run_after=None
[2024-12-07T17:25:18.342+0000] {processor.py:208} INFO - Processing /home/airflow/.local/lib/python3.12/site-packages/airflow/example_dags/example_dataset_alias.py took 1.207 seconds
[2024-12-07T17:25:48.549+0000] {processor.py:186} INFO - Started process (PID=1895) to work on /home/airflow/.local/lib/python3.12/site-packages/airflow/example_dags/example_dataset_alias.py
[2024-12-07T17:25:48.551+0000] {processor.py:914} INFO - Processing file /home/airflow/.local/lib/python3.12/site-packages/airflow/example_dags/example_dataset_alias.py for tasks to queue
[2024-12-07T17:25:48.556+0000] {logging_mixin.py:190} INFO - [2024-12-07T17:25:48.554+0000] {dagbag.py:588} INFO - Filling up the DagBag from /home/airflow/.local/lib/python3.12/site-packages/airflow/example_dags/example_dataset_alias.py
[2024-12-07T17:25:49.623+0000] {processor.py:925} INFO - DAG(s) 'dataset_alias_example_alias_consumer', 'dataset_s3_bucket_consumer', 'dataset_alias_example_alias_producer', 'dataset_s3_bucket_producer' retrieved from /home/airflow/.local/lib/python3.12/site-packages/airflow/example_dags/example_dataset_alias.py
[2024-12-07T17:25:49.754+0000] {logging_mixin.py:190} INFO - [2024-12-07T17:25:49.753+0000] {dag.py:3239} INFO - Sync 4 DAGs
[2024-12-07T17:25:49.868+0000] {logging_mixin.py:190} INFO - [2024-12-07T17:25:49.868+0000] {dag.py:4180} INFO - Setting next_dagrun for dataset_alias_example_alias_consumer to None, run_after=None
[2024-12-07T17:25:49.875+0000] {logging_mixin.py:190} INFO - [2024-12-07T17:25:49.875+0000] {dag.py:4180} INFO - Setting next_dagrun for dataset_alias_example_alias_producer to None, run_after=None
[2024-12-07T17:25:49.879+0000] {logging_mixin.py:190} INFO - [2024-12-07T17:25:49.879+0000] {dag.py:4180} INFO - Setting next_dagrun for dataset_s3_bucket_consumer to None, run_after=None
[2024-12-07T17:25:49.888+0000] {logging_mixin.py:190} INFO - [2024-12-07T17:25:49.883+0000] {dag.py:4180} INFO - Setting next_dagrun for dataset_s3_bucket_producer to None, run_after=None
[2024-12-07T17:25:49.970+0000] {processor.py:208} INFO - Processing /home/airflow/.local/lib/python3.12/site-packages/airflow/example_dags/example_dataset_alias.py took 1.432 seconds
[2024-12-07T17:26:20.280+0000] {processor.py:186} INFO - Started process (PID=2212) to work on /home/airflow/.local/lib/python3.12/site-packages/airflow/example_dags/example_dataset_alias.py
[2024-12-07T17:26:20.284+0000] {processor.py:914} INFO - Processing file /home/airflow/.local/lib/python3.12/site-packages/airflow/example_dags/example_dataset_alias.py for tasks to queue
[2024-12-07T17:26:20.298+0000] {logging_mixin.py:190} INFO - [2024-12-07T17:26:20.298+0000] {dagbag.py:588} INFO - Filling up the DagBag from /home/airflow/.local/lib/python3.12/site-packages/airflow/example_dags/example_dataset_alias.py
[2024-12-07T17:26:21.538+0000] {processor.py:925} INFO - DAG(s) 'dataset_s3_bucket_consumer', 'dataset_s3_bucket_producer', 'dataset_alias_example_alias_consumer', 'dataset_alias_example_alias_producer' retrieved from /home/airflow/.local/lib/python3.12/site-packages/airflow/example_dags/example_dataset_alias.py
[2024-12-07T17:26:21.591+0000] {logging_mixin.py:190} INFO - [2024-12-07T17:26:21.590+0000] {dag.py:3239} INFO - Sync 4 DAGs
[2024-12-07T17:26:21.645+0000] {logging_mixin.py:190} INFO - [2024-12-07T17:26:21.645+0000] {dag.py:4180} INFO - Setting next_dagrun for dataset_alias_example_alias_consumer to None, run_after=None
[2024-12-07T17:26:21.650+0000] {logging_mixin.py:190} INFO - [2024-12-07T17:26:21.649+0000] {dag.py:4180} INFO - Setting next_dagrun for dataset_alias_example_alias_producer to None, run_after=None
[2024-12-07T17:26:21.652+0000] {logging_mixin.py:190} INFO - [2024-12-07T17:26:21.652+0000] {dag.py:4180} INFO - Setting next_dagrun for dataset_s3_bucket_consumer to None, run_after=None
[2024-12-07T17:26:21.655+0000] {logging_mixin.py:190} INFO - [2024-12-07T17:26:21.655+0000] {dag.py:4180} INFO - Setting next_dagrun for dataset_s3_bucket_producer to None, run_after=None
[2024-12-07T17:26:21.726+0000] {processor.py:208} INFO - Processing /home/airflow/.local/lib/python3.12/site-packages/airflow/example_dags/example_dataset_alias.py took 1.465 seconds
[2024-12-07T17:26:52.379+0000] {processor.py:186} INFO - Started process (PID=2518) to work on /home/airflow/.local/lib/python3.12/site-packages/airflow/example_dags/example_dataset_alias.py
[2024-12-07T17:26:52.381+0000] {processor.py:914} INFO - Processing file /home/airflow/.local/lib/python3.12/site-packages/airflow/example_dags/example_dataset_alias.py for tasks to queue
[2024-12-07T17:26:52.396+0000] {logging_mixin.py:190} INFO - [2024-12-07T17:26:52.395+0000] {dagbag.py:588} INFO - Filling up the DagBag from /home/airflow/.local/lib/python3.12/site-packages/airflow/example_dags/example_dataset_alias.py
[2024-12-07T17:26:53.655+0000] {processor.py:925} INFO - DAG(s) 'dataset_s3_bucket_consumer', 'dataset_alias_example_alias_consumer', 'dataset_alias_example_alias_producer', 'dataset_s3_bucket_producer' retrieved from /home/airflow/.local/lib/python3.12/site-packages/airflow/example_dags/example_dataset_alias.py
[2024-12-07T17:26:53.695+0000] {logging_mixin.py:190} INFO - [2024-12-07T17:26:53.694+0000] {dag.py:3239} INFO - Sync 4 DAGs
[2024-12-07T17:26:53.729+0000] {logging_mixin.py:190} INFO - [2024-12-07T17:26:53.729+0000] {dag.py:4180} INFO - Setting next_dagrun for dataset_alias_example_alias_consumer to None, run_after=None
[2024-12-07T17:26:53.734+0000] {logging_mixin.py:190} INFO - [2024-12-07T17:26:53.734+0000] {dag.py:4180} INFO - Setting next_dagrun for dataset_alias_example_alias_producer to None, run_after=None
[2024-12-07T17:26:53.737+0000] {logging_mixin.py:190} INFO - [2024-12-07T17:26:53.737+0000] {dag.py:4180} INFO - Setting next_dagrun for dataset_s3_bucket_consumer to None, run_after=None
[2024-12-07T17:26:53.740+0000] {logging_mixin.py:190} INFO - [2024-12-07T17:26:53.740+0000] {dag.py:4180} INFO - Setting next_dagrun for dataset_s3_bucket_producer to None, run_after=None
[2024-12-07T17:26:53.776+0000] {processor.py:208} INFO - Processing /home/airflow/.local/lib/python3.12/site-packages/airflow/example_dags/example_dataset_alias.py took 1.425 seconds
[2024-12-07T17:27:24.713+0000] {processor.py:186} INFO - Started process (PID=2824) to work on /home/airflow/.local/lib/python3.12/site-packages/airflow/example_dags/example_dataset_alias.py
[2024-12-07T17:27:24.714+0000] {processor.py:914} INFO - Processing file /home/airflow/.local/lib/python3.12/site-packages/airflow/example_dags/example_dataset_alias.py for tasks to queue
[2024-12-07T17:27:24.717+0000] {logging_mixin.py:190} INFO - [2024-12-07T17:27:24.717+0000] {dagbag.py:588} INFO - Filling up the DagBag from /home/airflow/.local/lib/python3.12/site-packages/airflow/example_dags/example_dataset_alias.py
[2024-12-07T17:27:25.535+0000] {processor.py:925} INFO - DAG(s) 'dataset_s3_bucket_consumer', 'dataset_s3_bucket_producer', 'dataset_alias_example_alias_consumer', 'dataset_alias_example_alias_producer' retrieved from /home/airflow/.local/lib/python3.12/site-packages/airflow/example_dags/example_dataset_alias.py
[2024-12-07T17:27:25.566+0000] {logging_mixin.py:190} INFO - [2024-12-07T17:27:25.566+0000] {dag.py:3239} INFO - Sync 4 DAGs
[2024-12-07T17:27:25.604+0000] {logging_mixin.py:190} INFO - [2024-12-07T17:27:25.603+0000] {dag.py:4180} INFO - Setting next_dagrun for dataset_alias_example_alias_consumer to None, run_after=None
[2024-12-07T17:27:25.610+0000] {logging_mixin.py:190} INFO - [2024-12-07T17:27:25.609+0000] {dag.py:4180} INFO - Setting next_dagrun for dataset_alias_example_alias_producer to None, run_after=None
[2024-12-07T17:27:25.614+0000] {logging_mixin.py:190} INFO - [2024-12-07T17:27:25.614+0000] {dag.py:4180} INFO - Setting next_dagrun for dataset_s3_bucket_consumer to None, run_after=None
[2024-12-07T17:27:25.619+0000] {logging_mixin.py:190} INFO - [2024-12-07T17:27:25.618+0000] {dag.py:4180} INFO - Setting next_dagrun for dataset_s3_bucket_producer to None, run_after=None
[2024-12-07T17:27:25.669+0000] {processor.py:208} INFO - Processing /home/airflow/.local/lib/python3.12/site-packages/airflow/example_dags/example_dataset_alias.py took 0.963 seconds
[2024-12-07T17:27:56.007+0000] {processor.py:186} INFO - Started process (PID=3115) to work on /home/airflow/.local/lib/python3.12/site-packages/airflow/example_dags/example_dataset_alias.py
[2024-12-07T17:27:56.009+0000] {processor.py:914} INFO - Processing file /home/airflow/.local/lib/python3.12/site-packages/airflow/example_dags/example_dataset_alias.py for tasks to queue
[2024-12-07T17:27:56.020+0000] {logging_mixin.py:190} INFO - [2024-12-07T17:27:56.019+0000] {dagbag.py:588} INFO - Filling up the DagBag from /home/airflow/.local/lib/python3.12/site-packages/airflow/example_dags/example_dataset_alias.py
[2024-12-07T17:27:59.387+0000] {processor.py:925} INFO - DAG(s) 'dataset_s3_bucket_consumer', 'dataset_alias_example_alias_consumer', 'dataset_alias_example_alias_producer', 'dataset_s3_bucket_producer' retrieved from /home/airflow/.local/lib/python3.12/site-packages/airflow/example_dags/example_dataset_alias.py
[2024-12-07T17:27:59.521+0000] {logging_mixin.py:190} INFO - [2024-12-07T17:27:59.520+0000] {dag.py:3239} INFO - Sync 4 DAGs
[2024-12-07T17:27:59.665+0000] {logging_mixin.py:190} INFO - [2024-12-07T17:27:59.665+0000] {dag.py:4180} INFO - Setting next_dagrun for dataset_alias_example_alias_consumer to None, run_after=None
[2024-12-07T17:27:59.692+0000] {logging_mixin.py:190} INFO - [2024-12-07T17:27:59.691+0000] {dag.py:4180} INFO - Setting next_dagrun for dataset_alias_example_alias_producer to None, run_after=None
[2024-12-07T17:27:59.774+0000] {logging_mixin.py:190} INFO - [2024-12-07T17:27:59.773+0000] {dag.py:4180} INFO - Setting next_dagrun for dataset_s3_bucket_consumer to None, run_after=None
[2024-12-07T17:27:59.889+0000] {logging_mixin.py:190} INFO - [2024-12-07T17:27:59.888+0000] {dag.py:4180} INFO - Setting next_dagrun for dataset_s3_bucket_producer to None, run_after=None
[2024-12-07T17:28:00.183+0000] {processor.py:208} INFO - Processing /home/airflow/.local/lib/python3.12/site-packages/airflow/example_dags/example_dataset_alias.py took 4.202 seconds
[2024-12-07T17:28:30.465+0000] {processor.py:186} INFO - Started process (PID=3406) to work on /home/airflow/.local/lib/python3.12/site-packages/airflow/example_dags/example_dataset_alias.py
[2024-12-07T17:28:30.467+0000] {processor.py:914} INFO - Processing file /home/airflow/.local/lib/python3.12/site-packages/airflow/example_dags/example_dataset_alias.py for tasks to queue
[2024-12-07T17:28:30.471+0000] {logging_mixin.py:190} INFO - [2024-12-07T17:28:30.471+0000] {dagbag.py:588} INFO - Filling up the DagBag from /home/airflow/.local/lib/python3.12/site-packages/airflow/example_dags/example_dataset_alias.py
[2024-12-07T17:28:31.452+0000] {processor.py:925} INFO - DAG(s) 'dataset_s3_bucket_producer', 'dataset_s3_bucket_consumer', 'dataset_alias_example_alias_consumer', 'dataset_alias_example_alias_producer' retrieved from /home/airflow/.local/lib/python3.12/site-packages/airflow/example_dags/example_dataset_alias.py
[2024-12-07T17:28:31.497+0000] {logging_mixin.py:190} INFO - [2024-12-07T17:28:31.495+0000] {dag.py:3239} INFO - Sync 4 DAGs
[2024-12-07T17:28:31.538+0000] {logging_mixin.py:190} INFO - [2024-12-07T17:28:31.538+0000] {dag.py:4180} INFO - Setting next_dagrun for dataset_alias_example_alias_consumer to None, run_after=None
[2024-12-07T17:28:31.543+0000] {logging_mixin.py:190} INFO - [2024-12-07T17:28:31.543+0000] {dag.py:4180} INFO - Setting next_dagrun for dataset_alias_example_alias_producer to None, run_after=None
[2024-12-07T17:28:31.546+0000] {logging_mixin.py:190} INFO - [2024-12-07T17:28:31.546+0000] {dag.py:4180} INFO - Setting next_dagrun for dataset_s3_bucket_consumer to None, run_after=None
[2024-12-07T17:28:31.549+0000] {logging_mixin.py:190} INFO - [2024-12-07T17:28:31.548+0000] {dag.py:4180} INFO - Setting next_dagrun for dataset_s3_bucket_producer to None, run_after=None
[2024-12-07T17:28:31.589+0000] {processor.py:208} INFO - Processing /home/airflow/.local/lib/python3.12/site-packages/airflow/example_dags/example_dataset_alias.py took 1.137 seconds
[2024-12-07T17:29:02.583+0000] {processor.py:186} INFO - Started process (PID=3700) to work on /home/airflow/.local/lib/python3.12/site-packages/airflow/example_dags/example_dataset_alias.py
[2024-12-07T17:29:02.587+0000] {processor.py:914} INFO - Processing file /home/airflow/.local/lib/python3.12/site-packages/airflow/example_dags/example_dataset_alias.py for tasks to queue
[2024-12-07T17:29:02.593+0000] {logging_mixin.py:190} INFO - [2024-12-07T17:29:02.592+0000] {dagbag.py:588} INFO - Filling up the DagBag from /home/airflow/.local/lib/python3.12/site-packages/airflow/example_dags/example_dataset_alias.py
[2024-12-07T17:29:03.972+0000] {processor.py:925} INFO - DAG(s) 'dataset_alias_example_alias_producer', 'dataset_s3_bucket_consumer', 'dataset_alias_example_alias_consumer', 'dataset_s3_bucket_producer' retrieved from /home/airflow/.local/lib/python3.12/site-packages/airflow/example_dags/example_dataset_alias.py
[2024-12-07T17:29:04.006+0000] {logging_mixin.py:190} INFO - [2024-12-07T17:29:04.006+0000] {dag.py:3239} INFO - Sync 4 DAGs
[2024-12-07T17:29:04.041+0000] {logging_mixin.py:190} INFO - [2024-12-07T17:29:04.041+0000] {dag.py:4180} INFO - Setting next_dagrun for dataset_alias_example_alias_consumer to None, run_after=None
[2024-12-07T17:29:04.046+0000] {logging_mixin.py:190} INFO - [2024-12-07T17:29:04.045+0000] {dag.py:4180} INFO - Setting next_dagrun for dataset_alias_example_alias_producer to None, run_after=None
[2024-12-07T17:29:04.048+0000] {logging_mixin.py:190} INFO - [2024-12-07T17:29:04.048+0000] {dag.py:4180} INFO - Setting next_dagrun for dataset_s3_bucket_consumer to None, run_after=None
[2024-12-07T17:29:04.051+0000] {logging_mixin.py:190} INFO - [2024-12-07T17:29:04.051+0000] {dag.py:4180} INFO - Setting next_dagrun for dataset_s3_bucket_producer to None, run_after=None
[2024-12-07T17:29:04.099+0000] {processor.py:208} INFO - Processing /home/airflow/.local/lib/python3.12/site-packages/airflow/example_dags/example_dataset_alias.py took 1.544 seconds
[2024-12-07T17:29:34.925+0000] {processor.py:186} INFO - Started process (PID=3995) to work on /home/airflow/.local/lib/python3.12/site-packages/airflow/example_dags/example_dataset_alias.py
[2024-12-07T17:29:34.927+0000] {processor.py:914} INFO - Processing file /home/airflow/.local/lib/python3.12/site-packages/airflow/example_dags/example_dataset_alias.py for tasks to queue
[2024-12-07T17:29:34.931+0000] {logging_mixin.py:190} INFO - [2024-12-07T17:29:34.931+0000] {dagbag.py:588} INFO - Filling up the DagBag from /home/airflow/.local/lib/python3.12/site-packages/airflow/example_dags/example_dataset_alias.py
[2024-12-07T17:29:36.331+0000] {processor.py:925} INFO - DAG(s) 'dataset_alias_example_alias_consumer', 'dataset_s3_bucket_producer', 'dataset_alias_example_alias_producer', 'dataset_s3_bucket_consumer' retrieved from /home/airflow/.local/lib/python3.12/site-packages/airflow/example_dags/example_dataset_alias.py
[2024-12-07T17:29:36.447+0000] {logging_mixin.py:190} INFO - [2024-12-07T17:29:36.446+0000] {dag.py:3239} INFO - Sync 4 DAGs
[2024-12-07T17:29:36.570+0000] {logging_mixin.py:190} INFO - [2024-12-07T17:29:36.567+0000] {dag.py:4180} INFO - Setting next_dagrun for dataset_alias_example_alias_consumer to None, run_after=None
[2024-12-07T17:29:36.578+0000] {logging_mixin.py:190} INFO - [2024-12-07T17:29:36.577+0000] {dag.py:4180} INFO - Setting next_dagrun for dataset_alias_example_alias_producer to None, run_after=None
[2024-12-07T17:29:36.590+0000] {logging_mixin.py:190} INFO - [2024-12-07T17:29:36.589+0000] {dag.py:4180} INFO - Setting next_dagrun for dataset_s3_bucket_consumer to None, run_after=None
[2024-12-07T17:29:36.596+0000] {logging_mixin.py:190} INFO - [2024-12-07T17:29:36.595+0000] {dag.py:4180} INFO - Setting next_dagrun for dataset_s3_bucket_producer to None, run_after=None
[2024-12-07T17:29:36.676+0000] {processor.py:208} INFO - Processing /home/airflow/.local/lib/python3.12/site-packages/airflow/example_dags/example_dataset_alias.py took 1.769 seconds
[2024-12-07T17:30:07.564+0000] {processor.py:186} INFO - Started process (PID=4286) to work on /home/airflow/.local/lib/python3.12/site-packages/airflow/example_dags/example_dataset_alias.py
[2024-12-07T17:30:07.566+0000] {processor.py:914} INFO - Processing file /home/airflow/.local/lib/python3.12/site-packages/airflow/example_dags/example_dataset_alias.py for tasks to queue
[2024-12-07T17:30:07.569+0000] {logging_mixin.py:190} INFO - [2024-12-07T17:30:07.568+0000] {dagbag.py:588} INFO - Filling up the DagBag from /home/airflow/.local/lib/python3.12/site-packages/airflow/example_dags/example_dataset_alias.py
[2024-12-07T17:30:08.466+0000] {processor.py:925} INFO - DAG(s) 'dataset_s3_bucket_producer', 'dataset_alias_example_alias_producer', 'dataset_s3_bucket_consumer', 'dataset_alias_example_alias_consumer' retrieved from /home/airflow/.local/lib/python3.12/site-packages/airflow/example_dags/example_dataset_alias.py
[2024-12-07T17:30:08.494+0000] {logging_mixin.py:190} INFO - [2024-12-07T17:30:08.493+0000] {dag.py:3239} INFO - Sync 4 DAGs
[2024-12-07T17:30:08.524+0000] {logging_mixin.py:190} INFO - [2024-12-07T17:30:08.524+0000] {dag.py:4180} INFO - Setting next_dagrun for dataset_alias_example_alias_consumer to None, run_after=None
[2024-12-07T17:30:08.528+0000] {logging_mixin.py:190} INFO - [2024-12-07T17:30:08.528+0000] {dag.py:4180} INFO - Setting next_dagrun for dataset_alias_example_alias_producer to None, run_after=None
[2024-12-07T17:30:08.531+0000] {logging_mixin.py:190} INFO - [2024-12-07T17:30:08.530+0000] {dag.py:4180} INFO - Setting next_dagrun for dataset_s3_bucket_consumer to None, run_after=None
[2024-12-07T17:30:08.533+0000] {logging_mixin.py:190} INFO - [2024-12-07T17:30:08.533+0000] {dag.py:4180} INFO - Setting next_dagrun for dataset_s3_bucket_producer to None, run_after=None
[2024-12-07T17:30:08.566+0000] {processor.py:208} INFO - Processing /home/airflow/.local/lib/python3.12/site-packages/airflow/example_dags/example_dataset_alias.py took 1.009 seconds
[2024-12-07T17:30:38.829+0000] {processor.py:186} INFO - Started process (PID=4580) to work on /home/airflow/.local/lib/python3.12/site-packages/airflow/example_dags/example_dataset_alias.py
[2024-12-07T17:30:38.830+0000] {processor.py:914} INFO - Processing file /home/airflow/.local/lib/python3.12/site-packages/airflow/example_dags/example_dataset_alias.py for tasks to queue
[2024-12-07T17:30:38.833+0000] {logging_mixin.py:190} INFO - [2024-12-07T17:30:38.833+0000] {dagbag.py:588} INFO - Filling up the DagBag from /home/airflow/.local/lib/python3.12/site-packages/airflow/example_dags/example_dataset_alias.py
[2024-12-07T17:30:40.031+0000] {processor.py:925} INFO - DAG(s) 'dataset_s3_bucket_consumer', 'dataset_alias_example_alias_consumer', 'dataset_alias_example_alias_producer', 'dataset_s3_bucket_producer' retrieved from /home/airflow/.local/lib/python3.12/site-packages/airflow/example_dags/example_dataset_alias.py
[2024-12-07T17:30:40.080+0000] {logging_mixin.py:190} INFO - [2024-12-07T17:30:40.080+0000] {dag.py:3239} INFO - Sync 4 DAGs
[2024-12-07T17:30:40.135+0000] {logging_mixin.py:190} INFO - [2024-12-07T17:30:40.134+0000] {dag.py:4180} INFO - Setting next_dagrun for dataset_alias_example_alias_consumer to None, run_after=None
[2024-12-07T17:30:40.147+0000] {logging_mixin.py:190} INFO - [2024-12-07T17:30:40.146+0000] {dag.py:4180} INFO - Setting next_dagrun for dataset_alias_example_alias_producer to None, run_after=None
[2024-12-07T17:30:40.150+0000] {logging_mixin.py:190} INFO - [2024-12-07T17:30:40.150+0000] {dag.py:4180} INFO - Setting next_dagrun for dataset_s3_bucket_consumer to None, run_after=None
[2024-12-07T17:30:40.153+0000] {logging_mixin.py:190} INFO - [2024-12-07T17:30:40.153+0000] {dag.py:4180} INFO - Setting next_dagrun for dataset_s3_bucket_producer to None, run_after=None
[2024-12-07T17:30:40.274+0000] {processor.py:208} INFO - Processing /home/airflow/.local/lib/python3.12/site-packages/airflow/example_dags/example_dataset_alias.py took 1.451 seconds
[2024-12-07T17:31:10.987+0000] {processor.py:186} INFO - Started process (PID=4892) to work on /home/airflow/.local/lib/python3.12/site-packages/airflow/example_dags/example_dataset_alias.py
[2024-12-07T17:31:10.989+0000] {processor.py:914} INFO - Processing file /home/airflow/.local/lib/python3.12/site-packages/airflow/example_dags/example_dataset_alias.py for tasks to queue
[2024-12-07T17:31:10.994+0000] {logging_mixin.py:190} INFO - [2024-12-07T17:31:10.993+0000] {dagbag.py:588} INFO - Filling up the DagBag from /home/airflow/.local/lib/python3.12/site-packages/airflow/example_dags/example_dataset_alias.py
[2024-12-07T17:31:11.920+0000] {processor.py:925} INFO - DAG(s) 'dataset_s3_bucket_producer', 'dataset_alias_example_alias_consumer', 'dataset_s3_bucket_consumer', 'dataset_alias_example_alias_producer' retrieved from /home/airflow/.local/lib/python3.12/site-packages/airflow/example_dags/example_dataset_alias.py
[2024-12-07T17:31:11.975+0000] {logging_mixin.py:190} INFO - [2024-12-07T17:31:11.974+0000] {dag.py:3239} INFO - Sync 4 DAGs
[2024-12-07T17:31:12.021+0000] {logging_mixin.py:190} INFO - [2024-12-07T17:31:12.021+0000] {dag.py:4180} INFO - Setting next_dagrun for dataset_alias_example_alias_consumer to None, run_after=None
[2024-12-07T17:31:12.027+0000] {logging_mixin.py:190} INFO - [2024-12-07T17:31:12.026+0000] {dag.py:4180} INFO - Setting next_dagrun for dataset_alias_example_alias_producer to None, run_after=None
[2024-12-07T17:31:12.030+0000] {logging_mixin.py:190} INFO - [2024-12-07T17:31:12.030+0000] {dag.py:4180} INFO - Setting next_dagrun for dataset_s3_bucket_consumer to None, run_after=None
[2024-12-07T17:31:12.033+0000] {logging_mixin.py:190} INFO - [2024-12-07T17:31:12.032+0000] {dag.py:4180} INFO - Setting next_dagrun for dataset_s3_bucket_producer to None, run_after=None
[2024-12-07T17:31:12.088+0000] {processor.py:208} INFO - Processing /home/airflow/.local/lib/python3.12/site-packages/airflow/example_dags/example_dataset_alias.py took 1.111 seconds
[2024-12-07T17:31:43.062+0000] {processor.py:186} INFO - Started process (PID=5201) to work on /home/airflow/.local/lib/python3.12/site-packages/airflow/example_dags/example_dataset_alias.py
[2024-12-07T17:31:43.064+0000] {processor.py:914} INFO - Processing file /home/airflow/.local/lib/python3.12/site-packages/airflow/example_dags/example_dataset_alias.py for tasks to queue
[2024-12-07T17:31:43.067+0000] {logging_mixin.py:190} INFO - [2024-12-07T17:31:43.067+0000] {dagbag.py:588} INFO - Filling up the DagBag from /home/airflow/.local/lib/python3.12/site-packages/airflow/example_dags/example_dataset_alias.py
[2024-12-07T17:31:44.147+0000] {processor.py:925} INFO - DAG(s) 'dataset_alias_example_alias_producer', 'dataset_s3_bucket_producer', 'dataset_s3_bucket_consumer', 'dataset_alias_example_alias_consumer' retrieved from /home/airflow/.local/lib/python3.12/site-packages/airflow/example_dags/example_dataset_alias.py
[2024-12-07T17:31:44.177+0000] {logging_mixin.py:190} INFO - [2024-12-07T17:31:44.176+0000] {dag.py:3239} INFO - Sync 4 DAGs
[2024-12-07T17:31:44.213+0000] {logging_mixin.py:190} INFO - [2024-12-07T17:31:44.212+0000] {dag.py:4180} INFO - Setting next_dagrun for dataset_alias_example_alias_consumer to None, run_after=None
[2024-12-07T17:31:44.216+0000] {logging_mixin.py:190} INFO - [2024-12-07T17:31:44.216+0000] {dag.py:4180} INFO - Setting next_dagrun for dataset_alias_example_alias_producer to None, run_after=None
[2024-12-07T17:31:44.219+0000] {logging_mixin.py:190} INFO - [2024-12-07T17:31:44.218+0000] {dag.py:4180} INFO - Setting next_dagrun for dataset_s3_bucket_consumer to None, run_after=None
[2024-12-07T17:31:44.221+0000] {logging_mixin.py:190} INFO - [2024-12-07T17:31:44.221+0000] {dag.py:4180} INFO - Setting next_dagrun for dataset_s3_bucket_producer to None, run_after=None
[2024-12-07T17:31:44.251+0000] {processor.py:208} INFO - Processing /home/airflow/.local/lib/python3.12/site-packages/airflow/example_dags/example_dataset_alias.py took 1.198 seconds
[2024-12-07T17:32:14.377+0000] {processor.py:186} INFO - Started process (PID=5504) to work on /home/airflow/.local/lib/python3.12/site-packages/airflow/example_dags/example_dataset_alias.py
[2024-12-07T17:32:14.378+0000] {processor.py:914} INFO - Processing file /home/airflow/.local/lib/python3.12/site-packages/airflow/example_dags/example_dataset_alias.py for tasks to queue
[2024-12-07T17:32:14.382+0000] {logging_mixin.py:190} INFO - [2024-12-07T17:32:14.381+0000] {dagbag.py:588} INFO - Filling up the DagBag from /home/airflow/.local/lib/python3.12/site-packages/airflow/example_dags/example_dataset_alias.py
[2024-12-07T17:32:15.571+0000] {processor.py:925} INFO - DAG(s) 'dataset_alias_example_alias_producer', 'dataset_s3_bucket_consumer', 'dataset_s3_bucket_producer', 'dataset_alias_example_alias_consumer' retrieved from /home/airflow/.local/lib/python3.12/site-packages/airflow/example_dags/example_dataset_alias.py
[2024-12-07T17:32:15.680+0000] {logging_mixin.py:190} INFO - [2024-12-07T17:32:15.679+0000] {dag.py:3239} INFO - Sync 4 DAGs
[2024-12-07T17:32:15.761+0000] {logging_mixin.py:190} INFO - [2024-12-07T17:32:15.760+0000] {dag.py:4180} INFO - Setting next_dagrun for dataset_alias_example_alias_consumer to None, run_after=None
[2024-12-07T17:32:15.768+0000] {logging_mixin.py:190} INFO - [2024-12-07T17:32:15.768+0000] {dag.py:4180} INFO - Setting next_dagrun for dataset_alias_example_alias_producer to None, run_after=None
[2024-12-07T17:32:15.772+0000] {logging_mixin.py:190} INFO - [2024-12-07T17:32:15.772+0000] {dag.py:4180} INFO - Setting next_dagrun for dataset_s3_bucket_consumer to None, run_after=None
[2024-12-07T17:32:15.776+0000] {logging_mixin.py:190} INFO - [2024-12-07T17:32:15.775+0000] {dag.py:4180} INFO - Setting next_dagrun for dataset_s3_bucket_producer to None, run_after=None
[2024-12-07T17:32:15.818+0000] {processor.py:208} INFO - Processing /home/airflow/.local/lib/python3.12/site-packages/airflow/example_dags/example_dataset_alias.py took 1.449 seconds
[2024-12-07T17:32:46.775+0000] {processor.py:186} INFO - Started process (PID=5814) to work on /home/airflow/.local/lib/python3.12/site-packages/airflow/example_dags/example_dataset_alias.py
[2024-12-07T17:32:46.777+0000] {processor.py:914} INFO - Processing file /home/airflow/.local/lib/python3.12/site-packages/airflow/example_dags/example_dataset_alias.py for tasks to queue
[2024-12-07T17:32:46.779+0000] {logging_mixin.py:190} INFO - [2024-12-07T17:32:46.779+0000] {dagbag.py:588} INFO - Filling up the DagBag from /home/airflow/.local/lib/python3.12/site-packages/airflow/example_dags/example_dataset_alias.py
[2024-12-07T17:32:47.587+0000] {processor.py:925} INFO - DAG(s) 'dataset_alias_example_alias_producer', 'dataset_s3_bucket_producer', 'dataset_s3_bucket_consumer', 'dataset_alias_example_alias_consumer' retrieved from /home/airflow/.local/lib/python3.12/site-packages/airflow/example_dags/example_dataset_alias.py
[2024-12-07T17:32:47.629+0000] {logging_mixin.py:190} INFO - [2024-12-07T17:32:47.628+0000] {dag.py:3239} INFO - Sync 4 DAGs
[2024-12-07T17:32:47.671+0000] {logging_mixin.py:190} INFO - [2024-12-07T17:32:47.670+0000] {dag.py:4180} INFO - Setting next_dagrun for dataset_alias_example_alias_consumer to None, run_after=None
[2024-12-07T17:32:47.675+0000] {logging_mixin.py:190} INFO - [2024-12-07T17:32:47.674+0000] {dag.py:4180} INFO - Setting next_dagrun for dataset_alias_example_alias_producer to None, run_after=None
[2024-12-07T17:32:47.677+0000] {logging_mixin.py:190} INFO - [2024-12-07T17:32:47.677+0000] {dag.py:4180} INFO - Setting next_dagrun for dataset_s3_bucket_consumer to None, run_after=None
[2024-12-07T17:32:47.679+0000] {logging_mixin.py:190} INFO - [2024-12-07T17:32:47.679+0000] {dag.py:4180} INFO - Setting next_dagrun for dataset_s3_bucket_producer to None, run_after=None
[2024-12-07T17:32:47.711+0000] {processor.py:208} INFO - Processing /home/airflow/.local/lib/python3.12/site-packages/airflow/example_dags/example_dataset_alias.py took 0.944 seconds
[2024-12-07T17:33:17.994+0000] {processor.py:186} INFO - Started process (PID=6107) to work on /home/airflow/.local/lib/python3.12/site-packages/airflow/example_dags/example_dataset_alias.py
[2024-12-07T17:33:17.998+0000] {processor.py:914} INFO - Processing file /home/airflow/.local/lib/python3.12/site-packages/airflow/example_dags/example_dataset_alias.py for tasks to queue
[2024-12-07T17:33:18.006+0000] {logging_mixin.py:190} INFO - [2024-12-07T17:33:18.005+0000] {dagbag.py:588} INFO - Filling up the DagBag from /home/airflow/.local/lib/python3.12/site-packages/airflow/example_dags/example_dataset_alias.py
[2024-12-07T17:33:19.152+0000] {processor.py:925} INFO - DAG(s) 'dataset_s3_bucket_producer', 'dataset_s3_bucket_consumer', 'dataset_alias_example_alias_producer', 'dataset_alias_example_alias_consumer' retrieved from /home/airflow/.local/lib/python3.12/site-packages/airflow/example_dags/example_dataset_alias.py
[2024-12-07T17:33:19.181+0000] {logging_mixin.py:190} INFO - [2024-12-07T17:33:19.180+0000] {dag.py:3239} INFO - Sync 4 DAGs
[2024-12-07T17:33:19.218+0000] {logging_mixin.py:190} INFO - [2024-12-07T17:33:19.216+0000] {dag.py:4180} INFO - Setting next_dagrun for dataset_alias_example_alias_consumer to None, run_after=None
[2024-12-07T17:33:19.224+0000] {logging_mixin.py:190} INFO - [2024-12-07T17:33:19.224+0000] {dag.py:4180} INFO - Setting next_dagrun for dataset_alias_example_alias_producer to None, run_after=None
[2024-12-07T17:33:19.232+0000] {logging_mixin.py:190} INFO - [2024-12-07T17:33:19.231+0000] {dag.py:4180} INFO - Setting next_dagrun for dataset_s3_bucket_consumer to None, run_after=None
[2024-12-07T17:33:19.234+0000] {logging_mixin.py:190} INFO - [2024-12-07T17:33:19.234+0000] {dag.py:4180} INFO - Setting next_dagrun for dataset_s3_bucket_producer to None, run_after=None
[2024-12-07T17:33:19.267+0000] {processor.py:208} INFO - Processing /home/airflow/.local/lib/python3.12/site-packages/airflow/example_dags/example_dataset_alias.py took 1.297 seconds
[2024-12-07T17:33:50.013+0000] {processor.py:186} INFO - Started process (PID=6411) to work on /home/airflow/.local/lib/python3.12/site-packages/airflow/example_dags/example_dataset_alias.py
[2024-12-07T17:33:50.014+0000] {processor.py:914} INFO - Processing file /home/airflow/.local/lib/python3.12/site-packages/airflow/example_dags/example_dataset_alias.py for tasks to queue
[2024-12-07T17:33:50.017+0000] {logging_mixin.py:190} INFO - [2024-12-07T17:33:50.017+0000] {dagbag.py:588} INFO - Filling up the DagBag from /home/airflow/.local/lib/python3.12/site-packages/airflow/example_dags/example_dataset_alias.py
[2024-12-07T17:33:50.700+0000] {processor.py:925} INFO - DAG(s) 'dataset_s3_bucket_producer', 'dataset_s3_bucket_consumer', 'dataset_alias_example_alias_consumer', 'dataset_alias_example_alias_producer' retrieved from /home/airflow/.local/lib/python3.12/site-packages/airflow/example_dags/example_dataset_alias.py
[2024-12-07T17:33:50.745+0000] {logging_mixin.py:190} INFO - [2024-12-07T17:33:50.745+0000] {dag.py:3239} INFO - Sync 4 DAGs
[2024-12-07T17:33:50.779+0000] {logging_mixin.py:190} INFO - [2024-12-07T17:33:50.779+0000] {dag.py:4180} INFO - Setting next_dagrun for dataset_alias_example_alias_consumer to None, run_after=None
[2024-12-07T17:33:50.785+0000] {logging_mixin.py:190} INFO - [2024-12-07T17:33:50.785+0000] {dag.py:4180} INFO - Setting next_dagrun for dataset_alias_example_alias_producer to None, run_after=None
[2024-12-07T17:33:50.789+0000] {logging_mixin.py:190} INFO - [2024-12-07T17:33:50.788+0000] {dag.py:4180} INFO - Setting next_dagrun for dataset_s3_bucket_consumer to None, run_after=None
[2024-12-07T17:33:50.791+0000] {logging_mixin.py:190} INFO - [2024-12-07T17:33:50.791+0000] {dag.py:4180} INFO - Setting next_dagrun for dataset_s3_bucket_producer to None, run_after=None
[2024-12-07T17:33:50.823+0000] {processor.py:208} INFO - Processing /home/airflow/.local/lib/python3.12/site-packages/airflow/example_dags/example_dataset_alias.py took 0.818 seconds
[2024-12-07T17:34:20.973+0000] {processor.py:186} INFO - Started process (PID=6702) to work on /home/airflow/.local/lib/python3.12/site-packages/airflow/example_dags/example_dataset_alias.py
[2024-12-07T17:34:20.974+0000] {processor.py:914} INFO - Processing file /home/airflow/.local/lib/python3.12/site-packages/airflow/example_dags/example_dataset_alias.py for tasks to queue
[2024-12-07T17:34:20.977+0000] {logging_mixin.py:190} INFO - [2024-12-07T17:34:20.977+0000] {dagbag.py:588} INFO - Filling up the DagBag from /home/airflow/.local/lib/python3.12/site-packages/airflow/example_dags/example_dataset_alias.py
[2024-12-07T17:34:21.654+0000] {processor.py:925} INFO - DAG(s) 'dataset_s3_bucket_producer', 'dataset_alias_example_alias_consumer', 'dataset_s3_bucket_consumer', 'dataset_alias_example_alias_producer' retrieved from /home/airflow/.local/lib/python3.12/site-packages/airflow/example_dags/example_dataset_alias.py
[2024-12-07T17:34:21.686+0000] {logging_mixin.py:190} INFO - [2024-12-07T17:34:21.685+0000] {dag.py:3239} INFO - Sync 4 DAGs
[2024-12-07T17:34:21.714+0000] {logging_mixin.py:190} INFO - [2024-12-07T17:34:21.714+0000] {dag.py:4180} INFO - Setting next_dagrun for dataset_alias_example_alias_consumer to None, run_after=None
[2024-12-07T17:34:21.718+0000] {logging_mixin.py:190} INFO - [2024-12-07T17:34:21.718+0000] {dag.py:4180} INFO - Setting next_dagrun for dataset_alias_example_alias_producer to None, run_after=None
[2024-12-07T17:34:21.721+0000] {logging_mixin.py:190} INFO - [2024-12-07T17:34:21.720+0000] {dag.py:4180} INFO - Setting next_dagrun for dataset_s3_bucket_consumer to None, run_after=None
[2024-12-07T17:34:21.723+0000] {logging_mixin.py:190} INFO - [2024-12-07T17:34:21.723+0000] {dag.py:4180} INFO - Setting next_dagrun for dataset_s3_bucket_producer to None, run_after=None
[2024-12-07T17:34:21.755+0000] {processor.py:208} INFO - Processing /home/airflow/.local/lib/python3.12/site-packages/airflow/example_dags/example_dataset_alias.py took 0.789 seconds
[2024-12-07T17:34:52.559+0000] {processor.py:186} INFO - Started process (PID=7001) to work on /home/airflow/.local/lib/python3.12/site-packages/airflow/example_dags/example_dataset_alias.py
[2024-12-07T17:34:52.560+0000] {processor.py:914} INFO - Processing file /home/airflow/.local/lib/python3.12/site-packages/airflow/example_dags/example_dataset_alias.py for tasks to queue
[2024-12-07T17:34:52.563+0000] {logging_mixin.py:190} INFO - [2024-12-07T17:34:52.563+0000] {dagbag.py:588} INFO - Filling up the DagBag from /home/airflow/.local/lib/python3.12/site-packages/airflow/example_dags/example_dataset_alias.py
[2024-12-07T17:34:53.368+0000] {processor.py:925} INFO - DAG(s) 'dataset_s3_bucket_consumer', 'dataset_s3_bucket_producer', 'dataset_alias_example_alias_producer', 'dataset_alias_example_alias_consumer' retrieved from /home/airflow/.local/lib/python3.12/site-packages/airflow/example_dags/example_dataset_alias.py
[2024-12-07T17:34:53.397+0000] {logging_mixin.py:190} INFO - [2024-12-07T17:34:53.396+0000] {dag.py:3239} INFO - Sync 4 DAGs
[2024-12-07T17:34:53.426+0000] {logging_mixin.py:190} INFO - [2024-12-07T17:34:53.426+0000] {dag.py:4180} INFO - Setting next_dagrun for dataset_alias_example_alias_consumer to None, run_after=None
[2024-12-07T17:34:53.430+0000] {logging_mixin.py:190} INFO - [2024-12-07T17:34:53.430+0000] {dag.py:4180} INFO - Setting next_dagrun for dataset_alias_example_alias_producer to None, run_after=None
[2024-12-07T17:34:53.432+0000] {logging_mixin.py:190} INFO - [2024-12-07T17:34:53.432+0000] {dag.py:4180} INFO - Setting next_dagrun for dataset_s3_bucket_consumer to None, run_after=None
[2024-12-07T17:34:53.435+0000] {logging_mixin.py:190} INFO - [2024-12-07T17:34:53.435+0000] {dag.py:4180} INFO - Setting next_dagrun for dataset_s3_bucket_producer to None, run_after=None
[2024-12-07T17:34:53.466+0000] {processor.py:208} INFO - Processing /home/airflow/.local/lib/python3.12/site-packages/airflow/example_dags/example_dataset_alias.py took 0.919 seconds
[2024-12-07T17:35:24.836+0000] {processor.py:186} INFO - Started process (PID=7309) to work on /home/airflow/.local/lib/python3.12/site-packages/airflow/example_dags/example_dataset_alias.py
[2024-12-07T17:35:24.839+0000] {processor.py:914} INFO - Processing file /home/airflow/.local/lib/python3.12/site-packages/airflow/example_dags/example_dataset_alias.py for tasks to queue
[2024-12-07T17:35:24.847+0000] {logging_mixin.py:190} INFO - [2024-12-07T17:35:24.846+0000] {dagbag.py:588} INFO - Filling up the DagBag from /home/airflow/.local/lib/python3.12/site-packages/airflow/example_dags/example_dataset_alias.py
[2024-12-07T17:35:26.174+0000] {processor.py:925} INFO - DAG(s) 'dataset_s3_bucket_producer', 'dataset_alias_example_alias_consumer', 'dataset_alias_example_alias_producer', 'dataset_s3_bucket_consumer' retrieved from /home/airflow/.local/lib/python3.12/site-packages/airflow/example_dags/example_dataset_alias.py
[2024-12-07T17:35:26.249+0000] {logging_mixin.py:190} INFO - [2024-12-07T17:35:26.247+0000] {dag.py:3239} INFO - Sync 4 DAGs
[2024-12-07T17:35:26.299+0000] {logging_mixin.py:190} INFO - [2024-12-07T17:35:26.298+0000] {dag.py:4180} INFO - Setting next_dagrun for dataset_alias_example_alias_consumer to None, run_after=None
[2024-12-07T17:35:26.303+0000] {logging_mixin.py:190} INFO - [2024-12-07T17:35:26.303+0000] {dag.py:4180} INFO - Setting next_dagrun for dataset_alias_example_alias_producer to None, run_after=None
[2024-12-07T17:35:26.310+0000] {logging_mixin.py:190} INFO - [2024-12-07T17:35:26.309+0000] {dag.py:4180} INFO - Setting next_dagrun for dataset_s3_bucket_consumer to None, run_after=None
[2024-12-07T17:35:26.313+0000] {logging_mixin.py:190} INFO - [2024-12-07T17:35:26.313+0000] {dag.py:4180} INFO - Setting next_dagrun for dataset_s3_bucket_producer to None, run_after=None
[2024-12-07T17:35:26.357+0000] {processor.py:208} INFO - Processing /home/airflow/.local/lib/python3.12/site-packages/airflow/example_dags/example_dataset_alias.py took 1.536 seconds
[2024-12-07T17:35:56.608+0000] {processor.py:186} INFO - Started process (PID=7615) to work on /home/airflow/.local/lib/python3.12/site-packages/airflow/example_dags/example_dataset_alias.py
[2024-12-07T17:35:56.610+0000] {processor.py:914} INFO - Processing file /home/airflow/.local/lib/python3.12/site-packages/airflow/example_dags/example_dataset_alias.py for tasks to queue
[2024-12-07T17:35:56.615+0000] {logging_mixin.py:190} INFO - [2024-12-07T17:35:56.615+0000] {dagbag.py:588} INFO - Filling up the DagBag from /home/airflow/.local/lib/python3.12/site-packages/airflow/example_dags/example_dataset_alias.py
[2024-12-07T17:35:57.707+0000] {processor.py:925} INFO - DAG(s) 'dataset_alias_example_alias_consumer', 'dataset_alias_example_alias_producer', 'dataset_s3_bucket_producer', 'dataset_s3_bucket_consumer' retrieved from /home/airflow/.local/lib/python3.12/site-packages/airflow/example_dags/example_dataset_alias.py
[2024-12-07T17:35:57.744+0000] {logging_mixin.py:190} INFO - [2024-12-07T17:35:57.743+0000] {dag.py:3239} INFO - Sync 4 DAGs
[2024-12-07T17:35:57.813+0000] {logging_mixin.py:190} INFO - [2024-12-07T17:35:57.813+0000] {dag.py:4180} INFO - Setting next_dagrun for dataset_alias_example_alias_consumer to None, run_after=None
[2024-12-07T17:35:57.819+0000] {logging_mixin.py:190} INFO - [2024-12-07T17:35:57.819+0000] {dag.py:4180} INFO - Setting next_dagrun for dataset_alias_example_alias_producer to None, run_after=None
[2024-12-07T17:35:57.823+0000] {logging_mixin.py:190} INFO - [2024-12-07T17:35:57.822+0000] {dag.py:4180} INFO - Setting next_dagrun for dataset_s3_bucket_consumer to None, run_after=None
[2024-12-07T17:35:57.825+0000] {logging_mixin.py:190} INFO - [2024-12-07T17:35:57.825+0000] {dag.py:4180} INFO - Setting next_dagrun for dataset_s3_bucket_producer to None, run_after=None
[2024-12-07T17:35:57.873+0000] {processor.py:208} INFO - Processing /home/airflow/.local/lib/python3.12/site-packages/airflow/example_dags/example_dataset_alias.py took 1.281 seconds
[2024-12-07T17:36:27.982+0000] {processor.py:186} INFO - Started process (PID=7912) to work on /home/airflow/.local/lib/python3.12/site-packages/airflow/example_dags/example_dataset_alias.py
[2024-12-07T17:36:27.984+0000] {processor.py:914} INFO - Processing file /home/airflow/.local/lib/python3.12/site-packages/airflow/example_dags/example_dataset_alias.py for tasks to queue
[2024-12-07T17:36:27.986+0000] {logging_mixin.py:190} INFO - [2024-12-07T17:36:27.986+0000] {dagbag.py:588} INFO - Filling up the DagBag from /home/airflow/.local/lib/python3.12/site-packages/airflow/example_dags/example_dataset_alias.py
[2024-12-07T17:36:29.008+0000] {processor.py:925} INFO - DAG(s) 'dataset_s3_bucket_producer', 'dataset_alias_example_alias_producer', 'dataset_alias_example_alias_consumer', 'dataset_s3_bucket_consumer' retrieved from /home/airflow/.local/lib/python3.12/site-packages/airflow/example_dags/example_dataset_alias.py
[2024-12-07T17:36:29.044+0000] {logging_mixin.py:190} INFO - [2024-12-07T17:36:29.043+0000] {dag.py:3239} INFO - Sync 4 DAGs
[2024-12-07T17:36:29.086+0000] {logging_mixin.py:190} INFO - [2024-12-07T17:36:29.085+0000] {dag.py:4180} INFO - Setting next_dagrun for dataset_alias_example_alias_consumer to None, run_after=None
[2024-12-07T17:36:29.090+0000] {logging_mixin.py:190} INFO - [2024-12-07T17:36:29.090+0000] {dag.py:4180} INFO - Setting next_dagrun for dataset_alias_example_alias_producer to None, run_after=None
[2024-12-07T17:36:29.094+0000] {logging_mixin.py:190} INFO - [2024-12-07T17:36:29.094+0000] {dag.py:4180} INFO - Setting next_dagrun for dataset_s3_bucket_consumer to None, run_after=None
[2024-12-07T17:36:29.097+0000] {logging_mixin.py:190} INFO - [2024-12-07T17:36:29.097+0000] {dag.py:4180} INFO - Setting next_dagrun for dataset_s3_bucket_producer to None, run_after=None
[2024-12-07T17:36:29.147+0000] {processor.py:208} INFO - Processing /home/airflow/.local/lib/python3.12/site-packages/airflow/example_dags/example_dataset_alias.py took 1.175 seconds
[2024-12-07T17:36:59.929+0000] {processor.py:186} INFO - Started process (PID=8214) to work on /home/airflow/.local/lib/python3.12/site-packages/airflow/example_dags/example_dataset_alias.py
[2024-12-07T17:36:59.931+0000] {processor.py:914} INFO - Processing file /home/airflow/.local/lib/python3.12/site-packages/airflow/example_dags/example_dataset_alias.py for tasks to queue
[2024-12-07T17:36:59.934+0000] {logging_mixin.py:190} INFO - [2024-12-07T17:36:59.933+0000] {dagbag.py:588} INFO - Filling up the DagBag from /home/airflow/.local/lib/python3.12/site-packages/airflow/example_dags/example_dataset_alias.py
[2024-12-07T17:37:03.494+0000] {processor.py:925} INFO - DAG(s) 'dataset_s3_bucket_consumer', 'dataset_alias_example_alias_consumer', 'dataset_s3_bucket_producer', 'dataset_alias_example_alias_producer' retrieved from /home/airflow/.local/lib/python3.12/site-packages/airflow/example_dags/example_dataset_alias.py
[2024-12-07T17:37:03.521+0000] {logging_mixin.py:190} INFO - [2024-12-07T17:37:03.520+0000] {dag.py:3239} INFO - Sync 4 DAGs
[2024-12-07T17:37:03.919+0000] {logging_mixin.py:190} INFO - [2024-12-07T17:37:03.919+0000] {dag.py:4180} INFO - Setting next_dagrun for dataset_alias_example_alias_consumer to None, run_after=None
[2024-12-07T17:37:03.924+0000] {logging_mixin.py:190} INFO - [2024-12-07T17:37:03.924+0000] {dag.py:4180} INFO - Setting next_dagrun for dataset_alias_example_alias_producer to None, run_after=None
[2024-12-07T17:37:03.928+0000] {logging_mixin.py:190} INFO - [2024-12-07T17:37:03.928+0000] {dag.py:4180} INFO - Setting next_dagrun for dataset_s3_bucket_consumer to None, run_after=None
[2024-12-07T17:37:03.932+0000] {logging_mixin.py:190} INFO - [2024-12-07T17:37:03.931+0000] {dag.py:4180} INFO - Setting next_dagrun for dataset_s3_bucket_producer to None, run_after=None
[2024-12-07T17:37:04.530+0000] {processor.py:208} INFO - Processing /home/airflow/.local/lib/python3.12/site-packages/airflow/example_dags/example_dataset_alias.py took 4.609 seconds
[2024-12-07T17:37:34.634+0000] {processor.py:186} INFO - Started process (PID=8505) to work on /home/airflow/.local/lib/python3.12/site-packages/airflow/example_dags/example_dataset_alias.py
[2024-12-07T17:37:34.639+0000] {processor.py:914} INFO - Processing file /home/airflow/.local/lib/python3.12/site-packages/airflow/example_dags/example_dataset_alias.py for tasks to queue
[2024-12-07T17:37:34.652+0000] {logging_mixin.py:190} INFO - [2024-12-07T17:37:34.651+0000] {dagbag.py:588} INFO - Filling up the DagBag from /home/airflow/.local/lib/python3.12/site-packages/airflow/example_dags/example_dataset_alias.py
[2024-12-07T17:37:36.886+0000] {processor.py:925} INFO - DAG(s) 'dataset_alias_example_alias_producer', 'dataset_s3_bucket_consumer', 'dataset_s3_bucket_producer', 'dataset_alias_example_alias_consumer' retrieved from /home/airflow/.local/lib/python3.12/site-packages/airflow/example_dags/example_dataset_alias.py
[2024-12-07T17:37:36.915+0000] {logging_mixin.py:190} INFO - [2024-12-07T17:37:36.914+0000] {dag.py:3239} INFO - Sync 4 DAGs
[2024-12-07T17:37:36.944+0000] {logging_mixin.py:190} INFO - [2024-12-07T17:37:36.944+0000] {dag.py:4180} INFO - Setting next_dagrun for dataset_alias_example_alias_consumer to None, run_after=None
[2024-12-07T17:37:36.950+0000] {logging_mixin.py:190} INFO - [2024-12-07T17:37:36.950+0000] {dag.py:4180} INFO - Setting next_dagrun for dataset_alias_example_alias_producer to None, run_after=None
[2024-12-07T17:37:36.953+0000] {logging_mixin.py:190} INFO - [2024-12-07T17:37:36.952+0000] {dag.py:4180} INFO - Setting next_dagrun for dataset_s3_bucket_consumer to None, run_after=None
[2024-12-07T17:37:36.956+0000] {logging_mixin.py:190} INFO - [2024-12-07T17:37:36.955+0000] {dag.py:4180} INFO - Setting next_dagrun for dataset_s3_bucket_producer to None, run_after=None
[2024-12-07T17:37:36.986+0000] {processor.py:208} INFO - Processing /home/airflow/.local/lib/python3.12/site-packages/airflow/example_dags/example_dataset_alias.py took 2.368 seconds
[2024-12-07T17:38:07.416+0000] {processor.py:186} INFO - Started process (PID=8815) to work on /home/airflow/.local/lib/python3.12/site-packages/airflow/example_dags/example_dataset_alias.py
[2024-12-07T17:38:07.418+0000] {processor.py:914} INFO - Processing file /home/airflow/.local/lib/python3.12/site-packages/airflow/example_dags/example_dataset_alias.py for tasks to queue
[2024-12-07T17:38:07.424+0000] {logging_mixin.py:190} INFO - [2024-12-07T17:38:07.423+0000] {dagbag.py:588} INFO - Filling up the DagBag from /home/airflow/.local/lib/python3.12/site-packages/airflow/example_dags/example_dataset_alias.py
[2024-12-07T17:38:08.701+0000] {processor.py:925} INFO - DAG(s) 'dataset_s3_bucket_consumer', 'dataset_alias_example_alias_producer', 'dataset_s3_bucket_producer', 'dataset_alias_example_alias_consumer' retrieved from /home/airflow/.local/lib/python3.12/site-packages/airflow/example_dags/example_dataset_alias.py
[2024-12-07T17:38:08.734+0000] {logging_mixin.py:190} INFO - [2024-12-07T17:38:08.733+0000] {dag.py:3239} INFO - Sync 4 DAGs
[2024-12-07T17:38:08.771+0000] {logging_mixin.py:190} INFO - [2024-12-07T17:38:08.770+0000] {dag.py:4180} INFO - Setting next_dagrun for dataset_alias_example_alias_consumer to None, run_after=None
[2024-12-07T17:38:08.776+0000] {logging_mixin.py:190} INFO - [2024-12-07T17:38:08.776+0000] {dag.py:4180} INFO - Setting next_dagrun for dataset_alias_example_alias_producer to None, run_after=None
[2024-12-07T17:38:08.779+0000] {logging_mixin.py:190} INFO - [2024-12-07T17:38:08.779+0000] {dag.py:4180} INFO - Setting next_dagrun for dataset_s3_bucket_consumer to None, run_after=None
[2024-12-07T17:38:08.781+0000] {logging_mixin.py:190} INFO - [2024-12-07T17:38:08.781+0000] {dag.py:4180} INFO - Setting next_dagrun for dataset_s3_bucket_producer to None, run_after=None
[2024-12-07T17:38:08.816+0000] {processor.py:208} INFO - Processing /home/airflow/.local/lib/python3.12/site-packages/airflow/example_dags/example_dataset_alias.py took 1.411 seconds
[2024-12-07T17:38:39.005+0000] {processor.py:186} INFO - Started process (PID=9110) to work on /home/airflow/.local/lib/python3.12/site-packages/airflow/example_dags/example_dataset_alias.py
[2024-12-07T17:38:39.006+0000] {processor.py:914} INFO - Processing file /home/airflow/.local/lib/python3.12/site-packages/airflow/example_dags/example_dataset_alias.py for tasks to queue
[2024-12-07T17:38:39.022+0000] {logging_mixin.py:190} INFO - [2024-12-07T17:38:39.021+0000] {dagbag.py:588} INFO - Filling up the DagBag from /home/airflow/.local/lib/python3.12/site-packages/airflow/example_dags/example_dataset_alias.py
[2024-12-07T17:38:40.723+0000] {processor.py:925} INFO - DAG(s) 'dataset_alias_example_alias_producer', 'dataset_s3_bucket_producer', 'dataset_alias_example_alias_consumer', 'dataset_s3_bucket_consumer' retrieved from /home/airflow/.local/lib/python3.12/site-packages/airflow/example_dags/example_dataset_alias.py
[2024-12-07T17:38:40.766+0000] {logging_mixin.py:190} INFO - [2024-12-07T17:38:40.765+0000] {dag.py:3239} INFO - Sync 4 DAGs
[2024-12-07T17:38:40.806+0000] {logging_mixin.py:190} INFO - [2024-12-07T17:38:40.805+0000] {dag.py:4180} INFO - Setting next_dagrun for dataset_alias_example_alias_consumer to None, run_after=None
[2024-12-07T17:38:40.811+0000] {logging_mixin.py:190} INFO - [2024-12-07T17:38:40.811+0000] {dag.py:4180} INFO - Setting next_dagrun for dataset_alias_example_alias_producer to None, run_after=None
[2024-12-07T17:38:40.814+0000] {logging_mixin.py:190} INFO - [2024-12-07T17:38:40.814+0000] {dag.py:4180} INFO - Setting next_dagrun for dataset_s3_bucket_consumer to None, run_after=None
[2024-12-07T17:38:40.817+0000] {logging_mixin.py:190} INFO - [2024-12-07T17:38:40.817+0000] {dag.py:4180} INFO - Setting next_dagrun for dataset_s3_bucket_producer to None, run_after=None
[2024-12-07T17:38:40.854+0000] {processor.py:208} INFO - Processing /home/airflow/.local/lib/python3.12/site-packages/airflow/example_dags/example_dataset_alias.py took 1.884 seconds
[2024-12-07T17:39:11.132+0000] {processor.py:186} INFO - Started process (PID=9413) to work on /home/airflow/.local/lib/python3.12/site-packages/airflow/example_dags/example_dataset_alias.py
[2024-12-07T17:39:11.133+0000] {processor.py:914} INFO - Processing file /home/airflow/.local/lib/python3.12/site-packages/airflow/example_dags/example_dataset_alias.py for tasks to queue
[2024-12-07T17:39:11.136+0000] {logging_mixin.py:190} INFO - [2024-12-07T17:39:11.135+0000] {dagbag.py:588} INFO - Filling up the DagBag from /home/airflow/.local/lib/python3.12/site-packages/airflow/example_dags/example_dataset_alias.py
[2024-12-07T17:39:11.968+0000] {processor.py:925} INFO - DAG(s) 'dataset_s3_bucket_consumer', 'dataset_alias_example_alias_producer', 'dataset_alias_example_alias_consumer', 'dataset_s3_bucket_producer' retrieved from /home/airflow/.local/lib/python3.12/site-packages/airflow/example_dags/example_dataset_alias.py
[2024-12-07T17:39:12.015+0000] {logging_mixin.py:190} INFO - [2024-12-07T17:39:12.014+0000] {dag.py:3239} INFO - Sync 4 DAGs
[2024-12-07T17:39:12.062+0000] {logging_mixin.py:190} INFO - [2024-12-07T17:39:12.061+0000] {dag.py:4180} INFO - Setting next_dagrun for dataset_alias_example_alias_consumer to None, run_after=None
[2024-12-07T17:39:12.067+0000] {logging_mixin.py:190} INFO - [2024-12-07T17:39:12.067+0000] {dag.py:4180} INFO - Setting next_dagrun for dataset_alias_example_alias_producer to None, run_after=None
[2024-12-07T17:39:12.071+0000] {logging_mixin.py:190} INFO - [2024-12-07T17:39:12.070+0000] {dag.py:4180} INFO - Setting next_dagrun for dataset_s3_bucket_consumer to None, run_after=None
[2024-12-07T17:39:12.074+0000] {logging_mixin.py:190} INFO - [2024-12-07T17:39:12.073+0000] {dag.py:4180} INFO - Setting next_dagrun for dataset_s3_bucket_producer to None, run_after=None
[2024-12-07T17:39:12.122+0000] {processor.py:208} INFO - Processing /home/airflow/.local/lib/python3.12/site-packages/airflow/example_dags/example_dataset_alias.py took 1.000 seconds
[2024-12-07T17:39:42.895+0000] {processor.py:186} INFO - Started process (PID=9708) to work on /home/airflow/.local/lib/python3.12/site-packages/airflow/example_dags/example_dataset_alias.py
[2024-12-07T17:39:42.897+0000] {processor.py:914} INFO - Processing file /home/airflow/.local/lib/python3.12/site-packages/airflow/example_dags/example_dataset_alias.py for tasks to queue
[2024-12-07T17:39:42.903+0000] {logging_mixin.py:190} INFO - [2024-12-07T17:39:42.901+0000] {dagbag.py:588} INFO - Filling up the DagBag from /home/airflow/.local/lib/python3.12/site-packages/airflow/example_dags/example_dataset_alias.py
[2024-12-07T17:39:43.715+0000] {processor.py:925} INFO - DAG(s) 'dataset_alias_example_alias_consumer', 'dataset_s3_bucket_consumer', 'dataset_alias_example_alias_producer', 'dataset_s3_bucket_producer' retrieved from /home/airflow/.local/lib/python3.12/site-packages/airflow/example_dags/example_dataset_alias.py
[2024-12-07T17:39:43.750+0000] {logging_mixin.py:190} INFO - [2024-12-07T17:39:43.749+0000] {dag.py:3239} INFO - Sync 4 DAGs
[2024-12-07T17:39:43.778+0000] {logging_mixin.py:190} INFO - [2024-12-07T17:39:43.778+0000] {dag.py:4180} INFO - Setting next_dagrun for dataset_alias_example_alias_consumer to None, run_after=None
[2024-12-07T17:39:43.781+0000] {logging_mixin.py:190} INFO - [2024-12-07T17:39:43.781+0000] {dag.py:4180} INFO - Setting next_dagrun for dataset_alias_example_alias_producer to None, run_after=None
[2024-12-07T17:39:43.784+0000] {logging_mixin.py:190} INFO - [2024-12-07T17:39:43.783+0000] {dag.py:4180} INFO - Setting next_dagrun for dataset_s3_bucket_consumer to None, run_after=None
[2024-12-07T17:39:43.786+0000] {logging_mixin.py:190} INFO - [2024-12-07T17:39:43.786+0000] {dag.py:4180} INFO - Setting next_dagrun for dataset_s3_bucket_producer to None, run_after=None
[2024-12-07T17:39:43.813+0000] {processor.py:208} INFO - Processing /home/airflow/.local/lib/python3.12/site-packages/airflow/example_dags/example_dataset_alias.py took 0.930 seconds
[2024-12-07T17:40:14.529+0000] {processor.py:186} INFO - Started process (PID=10001) to work on /home/airflow/.local/lib/python3.12/site-packages/airflow/example_dags/example_dataset_alias.py
[2024-12-07T17:40:14.530+0000] {processor.py:914} INFO - Processing file /home/airflow/.local/lib/python3.12/site-packages/airflow/example_dags/example_dataset_alias.py for tasks to queue
[2024-12-07T17:40:14.534+0000] {logging_mixin.py:190} INFO - [2024-12-07T17:40:14.534+0000] {dagbag.py:588} INFO - Filling up the DagBag from /home/airflow/.local/lib/python3.12/site-packages/airflow/example_dags/example_dataset_alias.py
[2024-12-07T17:40:16.439+0000] {processor.py:925} INFO - DAG(s) 'dataset_alias_example_alias_producer', 'dataset_s3_bucket_producer', 'dataset_s3_bucket_consumer', 'dataset_alias_example_alias_consumer' retrieved from /home/airflow/.local/lib/python3.12/site-packages/airflow/example_dags/example_dataset_alias.py
[2024-12-07T17:40:16.530+0000] {logging_mixin.py:190} INFO - [2024-12-07T17:40:16.529+0000] {dag.py:3239} INFO - Sync 4 DAGs
[2024-12-07T17:40:16.707+0000] {logging_mixin.py:190} INFO - [2024-12-07T17:40:16.707+0000] {dag.py:4180} INFO - Setting next_dagrun for dataset_alias_example_alias_consumer to None, run_after=None
[2024-12-07T17:40:16.723+0000] {logging_mixin.py:190} INFO - [2024-12-07T17:40:16.723+0000] {dag.py:4180} INFO - Setting next_dagrun for dataset_alias_example_alias_producer to None, run_after=None
[2024-12-07T17:40:16.737+0000] {logging_mixin.py:190} INFO - [2024-12-07T17:40:16.736+0000] {dag.py:4180} INFO - Setting next_dagrun for dataset_s3_bucket_consumer to None, run_after=None
[2024-12-07T17:40:16.740+0000] {logging_mixin.py:190} INFO - [2024-12-07T17:40:16.740+0000] {dag.py:4180} INFO - Setting next_dagrun for dataset_s3_bucket_producer to None, run_after=None
[2024-12-07T17:40:16.846+0000] {processor.py:208} INFO - Processing /home/airflow/.local/lib/python3.12/site-packages/airflow/example_dags/example_dataset_alias.py took 2.325 seconds
[2024-12-07T17:40:47.622+0000] {processor.py:186} INFO - Started process (PID=10297) to work on /home/airflow/.local/lib/python3.12/site-packages/airflow/example_dags/example_dataset_alias.py
[2024-12-07T17:40:47.624+0000] {processor.py:914} INFO - Processing file /home/airflow/.local/lib/python3.12/site-packages/airflow/example_dags/example_dataset_alias.py for tasks to queue
[2024-12-07T17:40:47.628+0000] {logging_mixin.py:190} INFO - [2024-12-07T17:40:47.627+0000] {dagbag.py:588} INFO - Filling up the DagBag from /home/airflow/.local/lib/python3.12/site-packages/airflow/example_dags/example_dataset_alias.py
[2024-12-07T17:40:48.713+0000] {processor.py:925} INFO - DAG(s) 'dataset_alias_example_alias_producer', 'dataset_alias_example_alias_consumer', 'dataset_s3_bucket_consumer', 'dataset_s3_bucket_producer' retrieved from /home/airflow/.local/lib/python3.12/site-packages/airflow/example_dags/example_dataset_alias.py
[2024-12-07T17:40:48.745+0000] {logging_mixin.py:190} INFO - [2024-12-07T17:40:48.744+0000] {dag.py:3239} INFO - Sync 4 DAGs
[2024-12-07T17:40:48.772+0000] {logging_mixin.py:190} INFO - [2024-12-07T17:40:48.772+0000] {dag.py:4180} INFO - Setting next_dagrun for dataset_alias_example_alias_consumer to None, run_after=None
[2024-12-07T17:40:48.776+0000] {logging_mixin.py:190} INFO - [2024-12-07T17:40:48.775+0000] {dag.py:4180} INFO - Setting next_dagrun for dataset_alias_example_alias_producer to None, run_after=None
[2024-12-07T17:40:48.778+0000] {logging_mixin.py:190} INFO - [2024-12-07T17:40:48.778+0000] {dag.py:4180} INFO - Setting next_dagrun for dataset_s3_bucket_consumer to None, run_after=None
[2024-12-07T17:40:48.780+0000] {logging_mixin.py:190} INFO - [2024-12-07T17:40:48.780+0000] {dag.py:4180} INFO - Setting next_dagrun for dataset_s3_bucket_producer to None, run_after=None
[2024-12-07T17:40:48.812+0000] {processor.py:208} INFO - Processing /home/airflow/.local/lib/python3.12/site-packages/airflow/example_dags/example_dataset_alias.py took 1.200 seconds
[2024-12-07T17:41:19.531+0000] {processor.py:186} INFO - Started process (PID=10608) to work on /home/airflow/.local/lib/python3.12/site-packages/airflow/example_dags/example_dataset_alias.py
[2024-12-07T17:41:19.532+0000] {processor.py:914} INFO - Processing file /home/airflow/.local/lib/python3.12/site-packages/airflow/example_dags/example_dataset_alias.py for tasks to queue
[2024-12-07T17:41:19.536+0000] {logging_mixin.py:190} INFO - [2024-12-07T17:41:19.536+0000] {dagbag.py:588} INFO - Filling up the DagBag from /home/airflow/.local/lib/python3.12/site-packages/airflow/example_dags/example_dataset_alias.py
[2024-12-07T17:41:20.926+0000] {processor.py:925} INFO - DAG(s) 'dataset_s3_bucket_consumer', 'dataset_alias_example_alias_consumer', 'dataset_alias_example_alias_producer', 'dataset_s3_bucket_producer' retrieved from /home/airflow/.local/lib/python3.12/site-packages/airflow/example_dags/example_dataset_alias.py
[2024-12-07T17:41:20.963+0000] {logging_mixin.py:190} INFO - [2024-12-07T17:41:20.962+0000] {dag.py:3239} INFO - Sync 4 DAGs
[2024-12-07T17:41:20.994+0000] {logging_mixin.py:190} INFO - [2024-12-07T17:41:20.993+0000] {dag.py:4180} INFO - Setting next_dagrun for dataset_alias_example_alias_consumer to None, run_after=None
[2024-12-07T17:41:20.999+0000] {logging_mixin.py:190} INFO - [2024-12-07T17:41:20.999+0000] {dag.py:4180} INFO - Setting next_dagrun for dataset_alias_example_alias_producer to None, run_after=None
[2024-12-07T17:41:21.004+0000] {logging_mixin.py:190} INFO - [2024-12-07T17:41:21.003+0000] {dag.py:4180} INFO - Setting next_dagrun for dataset_s3_bucket_consumer to None, run_after=None
[2024-12-07T17:41:21.006+0000] {logging_mixin.py:190} INFO - [2024-12-07T17:41:21.006+0000] {dag.py:4180} INFO - Setting next_dagrun for dataset_s3_bucket_producer to None, run_after=None
[2024-12-07T17:41:21.042+0000] {processor.py:208} INFO - Processing /home/airflow/.local/lib/python3.12/site-packages/airflow/example_dags/example_dataset_alias.py took 1.519 seconds
[2024-12-07T17:41:51.128+0000] {processor.py:186} INFO - Started process (PID=10930) to work on /home/airflow/.local/lib/python3.12/site-packages/airflow/example_dags/example_dataset_alias.py
[2024-12-07T17:41:51.130+0000] {processor.py:914} INFO - Processing file /home/airflow/.local/lib/python3.12/site-packages/airflow/example_dags/example_dataset_alias.py for tasks to queue
[2024-12-07T17:41:51.133+0000] {logging_mixin.py:190} INFO - [2024-12-07T17:41:51.133+0000] {dagbag.py:588} INFO - Filling up the DagBag from /home/airflow/.local/lib/python3.12/site-packages/airflow/example_dags/example_dataset_alias.py
[2024-12-07T17:41:51.863+0000] {processor.py:925} INFO - DAG(s) 'dataset_alias_example_alias_consumer', 'dataset_s3_bucket_producer', 'dataset_alias_example_alias_producer', 'dataset_s3_bucket_consumer' retrieved from /home/airflow/.local/lib/python3.12/site-packages/airflow/example_dags/example_dataset_alias.py
[2024-12-07T17:41:51.894+0000] {logging_mixin.py:190} INFO - [2024-12-07T17:41:51.894+0000] {dag.py:3239} INFO - Sync 4 DAGs
[2024-12-07T17:41:51.975+0000] {logging_mixin.py:190} INFO - [2024-12-07T17:41:51.974+0000] {dag.py:4180} INFO - Setting next_dagrun for dataset_alias_example_alias_consumer to None, run_after=None
[2024-12-07T17:41:51.981+0000] {logging_mixin.py:190} INFO - [2024-12-07T17:41:51.981+0000] {dag.py:4180} INFO - Setting next_dagrun for dataset_alias_example_alias_producer to None, run_after=None
[2024-12-07T17:41:51.991+0000] {logging_mixin.py:190} INFO - [2024-12-07T17:41:51.990+0000] {dag.py:4180} INFO - Setting next_dagrun for dataset_s3_bucket_consumer to None, run_after=None
[2024-12-07T17:41:52.001+0000] {logging_mixin.py:190} INFO - [2024-12-07T17:41:52.001+0000] {dag.py:4180} INFO - Setting next_dagrun for dataset_s3_bucket_producer to None, run_after=None
[2024-12-07T17:41:52.034+0000] {processor.py:208} INFO - Processing /home/airflow/.local/lib/python3.12/site-packages/airflow/example_dags/example_dataset_alias.py took 0.914 seconds
[2024-12-07T17:42:22.897+0000] {processor.py:186} INFO - Started process (PID=11226) to work on /home/airflow/.local/lib/python3.12/site-packages/airflow/example_dags/example_dataset_alias.py
[2024-12-07T17:42:22.899+0000] {processor.py:914} INFO - Processing file /home/airflow/.local/lib/python3.12/site-packages/airflow/example_dags/example_dataset_alias.py for tasks to queue
[2024-12-07T17:42:22.904+0000] {logging_mixin.py:190} INFO - [2024-12-07T17:42:22.903+0000] {dagbag.py:588} INFO - Filling up the DagBag from /home/airflow/.local/lib/python3.12/site-packages/airflow/example_dags/example_dataset_alias.py
[2024-12-07T17:42:24.798+0000] {processor.py:925} INFO - DAG(s) 'dataset_s3_bucket_producer', 'dataset_alias_example_alias_consumer', 'dataset_alias_example_alias_producer', 'dataset_s3_bucket_consumer' retrieved from /home/airflow/.local/lib/python3.12/site-packages/airflow/example_dags/example_dataset_alias.py
[2024-12-07T17:42:24.950+0000] {logging_mixin.py:190} INFO - [2024-12-07T17:42:24.949+0000] {dag.py:3239} INFO - Sync 4 DAGs
[2024-12-07T17:42:25.112+0000] {logging_mixin.py:190} INFO - [2024-12-07T17:42:25.111+0000] {dag.py:4180} INFO - Setting next_dagrun for dataset_alias_example_alias_consumer to None, run_after=None
[2024-12-07T17:42:25.120+0000] {logging_mixin.py:190} INFO - [2024-12-07T17:42:25.120+0000] {dag.py:4180} INFO - Setting next_dagrun for dataset_alias_example_alias_producer to None, run_after=None
[2024-12-07T17:42:25.139+0000] {logging_mixin.py:190} INFO - [2024-12-07T17:42:25.139+0000] {dag.py:4180} INFO - Setting next_dagrun for dataset_s3_bucket_consumer to None, run_after=None
[2024-12-07T17:42:25.166+0000] {logging_mixin.py:190} INFO - [2024-12-07T17:42:25.165+0000] {dag.py:4180} INFO - Setting next_dagrun for dataset_s3_bucket_producer to None, run_after=None
[2024-12-07T17:42:25.311+0000] {processor.py:208} INFO - Processing /home/airflow/.local/lib/python3.12/site-packages/airflow/example_dags/example_dataset_alias.py took 2.428 seconds
[2024-12-07T17:42:55.614+0000] {processor.py:186} INFO - Started process (PID=11535) to work on /home/airflow/.local/lib/python3.12/site-packages/airflow/example_dags/example_dataset_alias.py
[2024-12-07T17:42:55.616+0000] {processor.py:914} INFO - Processing file /home/airflow/.local/lib/python3.12/site-packages/airflow/example_dags/example_dataset_alias.py for tasks to queue
[2024-12-07T17:42:55.624+0000] {logging_mixin.py:190} INFO - [2024-12-07T17:42:55.623+0000] {dagbag.py:588} INFO - Filling up the DagBag from /home/airflow/.local/lib/python3.12/site-packages/airflow/example_dags/example_dataset_alias.py
[2024-12-07T17:42:56.599+0000] {processor.py:925} INFO - DAG(s) 'dataset_s3_bucket_consumer', 'dataset_s3_bucket_producer', 'dataset_alias_example_alias_producer', 'dataset_alias_example_alias_consumer' retrieved from /home/airflow/.local/lib/python3.12/site-packages/airflow/example_dags/example_dataset_alias.py
[2024-12-07T17:42:56.629+0000] {logging_mixin.py:190} INFO - [2024-12-07T17:42:56.628+0000] {dag.py:3239} INFO - Sync 4 DAGs
[2024-12-07T17:42:56.659+0000] {logging_mixin.py:190} INFO - [2024-12-07T17:42:56.658+0000] {dag.py:4180} INFO - Setting next_dagrun for dataset_alias_example_alias_consumer to None, run_after=None
[2024-12-07T17:42:56.663+0000] {logging_mixin.py:190} INFO - [2024-12-07T17:42:56.662+0000] {dag.py:4180} INFO - Setting next_dagrun for dataset_alias_example_alias_producer to None, run_after=None
[2024-12-07T17:42:56.665+0000] {logging_mixin.py:190} INFO - [2024-12-07T17:42:56.665+0000] {dag.py:4180} INFO - Setting next_dagrun for dataset_s3_bucket_consumer to None, run_after=None
[2024-12-07T17:42:56.668+0000] {logging_mixin.py:190} INFO - [2024-12-07T17:42:56.668+0000] {dag.py:4180} INFO - Setting next_dagrun for dataset_s3_bucket_producer to None, run_after=None
[2024-12-07T17:42:57.229+0000] {processor.py:208} INFO - Processing /home/airflow/.local/lib/python3.12/site-packages/airflow/example_dags/example_dataset_alias.py took 1.630 seconds
[2024-12-07T17:43:27.499+0000] {processor.py:186} INFO - Started process (PID=11829) to work on /home/airflow/.local/lib/python3.12/site-packages/airflow/example_dags/example_dataset_alias.py
[2024-12-07T17:43:27.501+0000] {processor.py:914} INFO - Processing file /home/airflow/.local/lib/python3.12/site-packages/airflow/example_dags/example_dataset_alias.py for tasks to queue
[2024-12-07T17:43:27.505+0000] {logging_mixin.py:190} INFO - [2024-12-07T17:43:27.504+0000] {dagbag.py:588} INFO - Filling up the DagBag from /home/airflow/.local/lib/python3.12/site-packages/airflow/example_dags/example_dataset_alias.py
[2024-12-07T17:43:28.702+0000] {processor.py:925} INFO - DAG(s) 'dataset_alias_example_alias_producer', 'dataset_s3_bucket_producer', 'dataset_alias_example_alias_consumer', 'dataset_s3_bucket_consumer' retrieved from /home/airflow/.local/lib/python3.12/site-packages/airflow/example_dags/example_dataset_alias.py
[2024-12-07T17:43:28.764+0000] {logging_mixin.py:190} INFO - [2024-12-07T17:43:28.763+0000] {dag.py:3239} INFO - Sync 4 DAGs
[2024-12-07T17:43:28.819+0000] {logging_mixin.py:190} INFO - [2024-12-07T17:43:28.819+0000] {dag.py:4180} INFO - Setting next_dagrun for dataset_alias_example_alias_consumer to None, run_after=None
[2024-12-07T17:43:28.826+0000] {logging_mixin.py:190} INFO - [2024-12-07T17:43:28.825+0000] {dag.py:4180} INFO - Setting next_dagrun for dataset_alias_example_alias_producer to None, run_after=None
[2024-12-07T17:43:28.828+0000] {logging_mixin.py:190} INFO - [2024-12-07T17:43:28.828+0000] {dag.py:4180} INFO - Setting next_dagrun for dataset_s3_bucket_consumer to None, run_after=None
[2024-12-07T17:43:28.832+0000] {logging_mixin.py:190} INFO - [2024-12-07T17:43:28.831+0000] {dag.py:4180} INFO - Setting next_dagrun for dataset_s3_bucket_producer to None, run_after=None
[2024-12-07T17:43:28.878+0000] {processor.py:208} INFO - Processing /home/airflow/.local/lib/python3.12/site-packages/airflow/example_dags/example_dataset_alias.py took 1.389 seconds
