[2024-12-07T17:22:29.366+0000] {processor.py:186} INFO - Started process (PID=236) to work on /home/airflow/.local/lib/python3.12/site-packages/airflow/example_dags/tutorial_objectstorage.py
[2024-12-07T17:22:29.367+0000] {processor.py:914} INFO - Processing file /home/airflow/.local/lib/python3.12/site-packages/airflow/example_dags/tutorial_objectstorage.py for tasks to queue
[2024-12-07T17:22:29.371+0000] {logging_mixin.py:190} INFO - [2024-12-07T17:22:29.371+0000] {dagbag.py:588} INFO - Filling up the DagBag from /home/airflow/.local/lib/python3.12/site-packages/airflow/example_dags/tutorial_objectstorage.py
[2024-12-07T17:22:29.391+0000] {processor.py:925} INFO - DAG(s) 'tutorial_objectstorage' retrieved from /home/airflow/.local/lib/python3.12/site-packages/airflow/example_dags/tutorial_objectstorage.py
[2024-12-07T17:22:29.739+0000] {logging_mixin.py:190} INFO - [2024-12-07T17:22:29.738+0000] {override.py:1911} INFO - Created Permission View: can delete on DAG:tutorial_objectstorage
[2024-12-07T17:22:29.770+0000] {logging_mixin.py:190} INFO - [2024-12-07T17:22:29.769+0000] {override.py:1911} INFO - Created Permission View: can read on DAG:tutorial_objectstorage
[2024-12-07T17:22:29.797+0000] {logging_mixin.py:190} INFO - [2024-12-07T17:22:29.791+0000] {override.py:1911} INFO - Created Permission View: can edit on DAG:tutorial_objectstorage
[2024-12-07T17:22:29.828+0000] {logging_mixin.py:190} INFO - [2024-12-07T17:22:29.828+0000] {override.py:1911} INFO - Created Permission View: menu access on DAG Run:tutorial_objectstorage
[2024-12-07T17:22:29.846+0000] {logging_mixin.py:190} INFO - [2024-12-07T17:22:29.846+0000] {override.py:1911} INFO - Created Permission View: can delete on DAG Run:tutorial_objectstorage
[2024-12-07T17:22:29.867+0000] {logging_mixin.py:190} INFO - [2024-12-07T17:22:29.867+0000] {override.py:1911} INFO - Created Permission View: can read on DAG Run:tutorial_objectstorage
[2024-12-07T17:22:29.902+0000] {logging_mixin.py:190} INFO - [2024-12-07T17:22:29.901+0000] {override.py:1911} INFO - Created Permission View: can create on DAG Run:tutorial_objectstorage
[2024-12-07T17:22:29.905+0000] {logging_mixin.py:190} INFO - [2024-12-07T17:22:29.903+0000] {dag.py:3239} INFO - Sync 1 DAGs
[2024-12-07T17:22:29.989+0000] {logging_mixin.py:190} INFO - [2024-12-07T17:22:29.989+0000] {dag.py:3262} INFO - Creating ORM DAG for tutorial_objectstorage
[2024-12-07T17:22:30.008+0000] {logging_mixin.py:190} INFO - [2024-12-07T17:22:29.992+0000] {dag.py:4180} INFO - Setting next_dagrun for tutorial_objectstorage to None, run_after=None
[2024-12-07T17:22:30.101+0000] {processor.py:208} INFO - Processing /home/airflow/.local/lib/python3.12/site-packages/airflow/example_dags/tutorial_objectstorage.py took 0.746 seconds
[2024-12-07T17:23:11.225+0000] {processor.py:186} INFO - Started process (PID=528) to work on /home/airflow/.local/lib/python3.12/site-packages/airflow/example_dags/tutorial_objectstorage.py
[2024-12-07T17:23:11.227+0000] {processor.py:914} INFO - Processing file /home/airflow/.local/lib/python3.12/site-packages/airflow/example_dags/tutorial_objectstorage.py for tasks to queue
[2024-12-07T17:23:11.231+0000] {logging_mixin.py:190} INFO - [2024-12-07T17:23:11.230+0000] {dagbag.py:588} INFO - Filling up the DagBag from /home/airflow/.local/lib/python3.12/site-packages/airflow/example_dags/tutorial_objectstorage.py
[2024-12-07T17:23:11.248+0000] {processor.py:925} INFO - DAG(s) 'tutorial_objectstorage' retrieved from /home/airflow/.local/lib/python3.12/site-packages/airflow/example_dags/tutorial_objectstorage.py
[2024-12-07T17:23:11.282+0000] {logging_mixin.py:190} INFO - [2024-12-07T17:23:11.281+0000] {dag.py:3239} INFO - Sync 1 DAGs
[2024-12-07T17:23:11.309+0000] {logging_mixin.py:190} INFO - [2024-12-07T17:23:11.309+0000] {dag.py:4180} INFO - Setting next_dagrun for tutorial_objectstorage to None, run_after=None
[2024-12-07T17:23:11.345+0000] {processor.py:208} INFO - Processing /home/airflow/.local/lib/python3.12/site-packages/airflow/example_dags/tutorial_objectstorage.py took 0.131 seconds
[2024-12-07T17:23:55.930+0000] {processor.py:186} INFO - Started process (PID=825) to work on /home/airflow/.local/lib/python3.12/site-packages/airflow/example_dags/tutorial_objectstorage.py
[2024-12-07T17:23:55.937+0000] {processor.py:914} INFO - Processing file /home/airflow/.local/lib/python3.12/site-packages/airflow/example_dags/tutorial_objectstorage.py for tasks to queue
[2024-12-07T17:23:55.945+0000] {logging_mixin.py:190} INFO - [2024-12-07T17:23:55.944+0000] {dagbag.py:588} INFO - Filling up the DagBag from /home/airflow/.local/lib/python3.12/site-packages/airflow/example_dags/tutorial_objectstorage.py
[2024-12-07T17:23:55.992+0000] {processor.py:925} INFO - DAG(s) 'tutorial_objectstorage' retrieved from /home/airflow/.local/lib/python3.12/site-packages/airflow/example_dags/tutorial_objectstorage.py
[2024-12-07T17:23:56.071+0000] {logging_mixin.py:190} INFO - [2024-12-07T17:23:56.070+0000] {dag.py:3239} INFO - Sync 1 DAGs
[2024-12-07T17:23:56.147+0000] {logging_mixin.py:190} INFO - [2024-12-07T17:23:56.147+0000] {dag.py:4180} INFO - Setting next_dagrun for tutorial_objectstorage to None, run_after=None
[2024-12-07T17:23:56.280+0000] {processor.py:208} INFO - Processing /home/airflow/.local/lib/python3.12/site-packages/airflow/example_dags/tutorial_objectstorage.py took 0.370 seconds
[2024-12-07T17:24:31.045+0000] {processor.py:186} INFO - Started process (PID=1116) to work on /home/airflow/.local/lib/python3.12/site-packages/airflow/example_dags/tutorial_objectstorage.py
[2024-12-07T17:24:31.047+0000] {processor.py:914} INFO - Processing file /home/airflow/.local/lib/python3.12/site-packages/airflow/example_dags/tutorial_objectstorage.py for tasks to queue
[2024-12-07T17:24:31.053+0000] {logging_mixin.py:190} INFO - [2024-12-07T17:24:31.052+0000] {dagbag.py:588} INFO - Filling up the DagBag from /home/airflow/.local/lib/python3.12/site-packages/airflow/example_dags/tutorial_objectstorage.py
[2024-12-07T17:24:31.075+0000] {processor.py:925} INFO - DAG(s) 'tutorial_objectstorage' retrieved from /home/airflow/.local/lib/python3.12/site-packages/airflow/example_dags/tutorial_objectstorage.py
[2024-12-07T17:24:31.148+0000] {logging_mixin.py:190} INFO - [2024-12-07T17:24:31.148+0000] {dag.py:3239} INFO - Sync 1 DAGs
[2024-12-07T17:24:31.207+0000] {logging_mixin.py:190} INFO - [2024-12-07T17:24:31.207+0000] {dag.py:4180} INFO - Setting next_dagrun for tutorial_objectstorage to None, run_after=None
[2024-12-07T17:24:31.298+0000] {processor.py:208} INFO - Processing /home/airflow/.local/lib/python3.12/site-packages/airflow/example_dags/tutorial_objectstorage.py took 0.267 seconds
[2024-12-07T17:25:01.720+0000] {processor.py:186} INFO - Started process (PID=1407) to work on /home/airflow/.local/lib/python3.12/site-packages/airflow/example_dags/tutorial_objectstorage.py
[2024-12-07T17:25:01.722+0000] {processor.py:914} INFO - Processing file /home/airflow/.local/lib/python3.12/site-packages/airflow/example_dags/tutorial_objectstorage.py for tasks to queue
[2024-12-07T17:25:01.725+0000] {logging_mixin.py:190} INFO - [2024-12-07T17:25:01.725+0000] {dagbag.py:588} INFO - Filling up the DagBag from /home/airflow/.local/lib/python3.12/site-packages/airflow/example_dags/tutorial_objectstorage.py
[2024-12-07T17:25:01.738+0000] {processor.py:925} INFO - DAG(s) 'tutorial_objectstorage' retrieved from /home/airflow/.local/lib/python3.12/site-packages/airflow/example_dags/tutorial_objectstorage.py
[2024-12-07T17:25:01.766+0000] {logging_mixin.py:190} INFO - [2024-12-07T17:25:01.765+0000] {dag.py:3239} INFO - Sync 1 DAGs
[2024-12-07T17:25:01.788+0000] {logging_mixin.py:190} INFO - [2024-12-07T17:25:01.787+0000] {dag.py:4180} INFO - Setting next_dagrun for tutorial_objectstorage to None, run_after=None
[2024-12-07T17:25:01.819+0000] {processor.py:208} INFO - Processing /home/airflow/.local/lib/python3.12/site-packages/airflow/example_dags/tutorial_objectstorage.py took 0.107 seconds
[2024-12-07T17:25:32.018+0000] {processor.py:186} INFO - Started process (PID=1694) to work on /home/airflow/.local/lib/python3.12/site-packages/airflow/example_dags/tutorial_objectstorage.py
[2024-12-07T17:25:32.020+0000] {processor.py:914} INFO - Processing file /home/airflow/.local/lib/python3.12/site-packages/airflow/example_dags/tutorial_objectstorage.py for tasks to queue
[2024-12-07T17:25:32.023+0000] {logging_mixin.py:190} INFO - [2024-12-07T17:25:32.023+0000] {dagbag.py:588} INFO - Filling up the DagBag from /home/airflow/.local/lib/python3.12/site-packages/airflow/example_dags/tutorial_objectstorage.py
[2024-12-07T17:25:32.037+0000] {processor.py:925} INFO - DAG(s) 'tutorial_objectstorage' retrieved from /home/airflow/.local/lib/python3.12/site-packages/airflow/example_dags/tutorial_objectstorage.py
[2024-12-07T17:25:32.072+0000] {logging_mixin.py:190} INFO - [2024-12-07T17:25:32.071+0000] {dag.py:3239} INFO - Sync 1 DAGs
[2024-12-07T17:25:32.106+0000] {logging_mixin.py:190} INFO - [2024-12-07T17:25:32.106+0000] {dag.py:4180} INFO - Setting next_dagrun for tutorial_objectstorage to None, run_after=None
[2024-12-07T17:25:32.190+0000] {processor.py:208} INFO - Processing /home/airflow/.local/lib/python3.12/site-packages/airflow/example_dags/tutorial_objectstorage.py took 0.182 seconds
[2024-12-07T17:26:03.873+0000] {processor.py:186} INFO - Started process (PID=1987) to work on /home/airflow/.local/lib/python3.12/site-packages/airflow/example_dags/tutorial_objectstorage.py
[2024-12-07T17:26:03.874+0000] {processor.py:914} INFO - Processing file /home/airflow/.local/lib/python3.12/site-packages/airflow/example_dags/tutorial_objectstorage.py for tasks to queue
[2024-12-07T17:26:03.877+0000] {logging_mixin.py:190} INFO - [2024-12-07T17:26:03.877+0000] {dagbag.py:588} INFO - Filling up the DagBag from /home/airflow/.local/lib/python3.12/site-packages/airflow/example_dags/tutorial_objectstorage.py
[2024-12-07T17:26:03.889+0000] {processor.py:925} INFO - DAG(s) 'tutorial_objectstorage' retrieved from /home/airflow/.local/lib/python3.12/site-packages/airflow/example_dags/tutorial_objectstorage.py
[2024-12-07T17:26:03.914+0000] {logging_mixin.py:190} INFO - [2024-12-07T17:26:03.914+0000] {dag.py:3239} INFO - Sync 1 DAGs
[2024-12-07T17:26:03.935+0000] {logging_mixin.py:190} INFO - [2024-12-07T17:26:03.935+0000] {dag.py:4180} INFO - Setting next_dagrun for tutorial_objectstorage to None, run_after=None
[2024-12-07T17:26:04.242+0000] {processor.py:208} INFO - Processing /home/airflow/.local/lib/python3.12/site-packages/airflow/example_dags/tutorial_objectstorage.py took 0.376 seconds
[2024-12-07T17:26:34.859+0000] {processor.py:186} INFO - Started process (PID=2277) to work on /home/airflow/.local/lib/python3.12/site-packages/airflow/example_dags/tutorial_objectstorage.py
[2024-12-07T17:26:34.861+0000] {processor.py:914} INFO - Processing file /home/airflow/.local/lib/python3.12/site-packages/airflow/example_dags/tutorial_objectstorage.py for tasks to queue
[2024-12-07T17:26:34.875+0000] {logging_mixin.py:190} INFO - [2024-12-07T17:26:34.864+0000] {dagbag.py:588} INFO - Filling up the DagBag from /home/airflow/.local/lib/python3.12/site-packages/airflow/example_dags/tutorial_objectstorage.py
[2024-12-07T17:26:34.904+0000] {processor.py:925} INFO - DAG(s) 'tutorial_objectstorage' retrieved from /home/airflow/.local/lib/python3.12/site-packages/airflow/example_dags/tutorial_objectstorage.py
[2024-12-07T17:26:34.972+0000] {logging_mixin.py:190} INFO - [2024-12-07T17:26:34.972+0000] {dag.py:3239} INFO - Sync 1 DAGs
[2024-12-07T17:26:35.023+0000] {logging_mixin.py:190} INFO - [2024-12-07T17:26:35.023+0000] {dag.py:4180} INFO - Setting next_dagrun for tutorial_objectstorage to None, run_after=None
[2024-12-07T17:26:35.090+0000] {processor.py:208} INFO - Processing /home/airflow/.local/lib/python3.12/site-packages/airflow/example_dags/tutorial_objectstorage.py took 0.252 seconds
[2024-12-07T17:27:05.188+0000] {processor.py:186} INFO - Started process (PID=2568) to work on /home/airflow/.local/lib/python3.12/site-packages/airflow/example_dags/tutorial_objectstorage.py
[2024-12-07T17:27:05.190+0000] {processor.py:914} INFO - Processing file /home/airflow/.local/lib/python3.12/site-packages/airflow/example_dags/tutorial_objectstorage.py for tasks to queue
[2024-12-07T17:27:05.193+0000] {logging_mixin.py:190} INFO - [2024-12-07T17:27:05.192+0000] {dagbag.py:588} INFO - Filling up the DagBag from /home/airflow/.local/lib/python3.12/site-packages/airflow/example_dags/tutorial_objectstorage.py
[2024-12-07T17:27:05.204+0000] {processor.py:925} INFO - DAG(s) 'tutorial_objectstorage' retrieved from /home/airflow/.local/lib/python3.12/site-packages/airflow/example_dags/tutorial_objectstorage.py
[2024-12-07T17:27:05.228+0000] {logging_mixin.py:190} INFO - [2024-12-07T17:27:05.227+0000] {dag.py:3239} INFO - Sync 1 DAGs
[2024-12-07T17:27:05.247+0000] {logging_mixin.py:190} INFO - [2024-12-07T17:27:05.246+0000] {dag.py:4180} INFO - Setting next_dagrun for tutorial_objectstorage to None, run_after=None
[2024-12-07T17:27:05.282+0000] {processor.py:208} INFO - Processing /home/airflow/.local/lib/python3.12/site-packages/airflow/example_dags/tutorial_objectstorage.py took 0.102 seconds
[2024-12-07T17:27:35.676+0000] {processor.py:186} INFO - Started process (PID=2859) to work on /home/airflow/.local/lib/python3.12/site-packages/airflow/example_dags/tutorial_objectstorage.py
[2024-12-07T17:27:35.677+0000] {processor.py:914} INFO - Processing file /home/airflow/.local/lib/python3.12/site-packages/airflow/example_dags/tutorial_objectstorage.py for tasks to queue
[2024-12-07T17:27:35.681+0000] {logging_mixin.py:190} INFO - [2024-12-07T17:27:35.680+0000] {dagbag.py:588} INFO - Filling up the DagBag from /home/airflow/.local/lib/python3.12/site-packages/airflow/example_dags/tutorial_objectstorage.py
[2024-12-07T17:27:35.698+0000] {processor.py:925} INFO - DAG(s) 'tutorial_objectstorage' retrieved from /home/airflow/.local/lib/python3.12/site-packages/airflow/example_dags/tutorial_objectstorage.py
[2024-12-07T17:27:35.735+0000] {logging_mixin.py:190} INFO - [2024-12-07T17:27:35.734+0000] {dag.py:3239} INFO - Sync 1 DAGs
[2024-12-07T17:27:35.763+0000] {logging_mixin.py:190} INFO - [2024-12-07T17:27:35.763+0000] {dag.py:4180} INFO - Setting next_dagrun for tutorial_objectstorage to None, run_after=None
[2024-12-07T17:27:35.789+0000] {processor.py:208} INFO - Processing /home/airflow/.local/lib/python3.12/site-packages/airflow/example_dags/tutorial_objectstorage.py took 0.123 seconds
[2024-12-07T17:28:07.048+0000] {processor.py:186} INFO - Started process (PID=3148) to work on /home/airflow/.local/lib/python3.12/site-packages/airflow/example_dags/tutorial_objectstorage.py
[2024-12-07T17:28:07.051+0000] {processor.py:914} INFO - Processing file /home/airflow/.local/lib/python3.12/site-packages/airflow/example_dags/tutorial_objectstorage.py for tasks to queue
[2024-12-07T17:28:07.069+0000] {logging_mixin.py:190} INFO - [2024-12-07T17:28:07.069+0000] {dagbag.py:588} INFO - Filling up the DagBag from /home/airflow/.local/lib/python3.12/site-packages/airflow/example_dags/tutorial_objectstorage.py
[2024-12-07T17:28:07.141+0000] {processor.py:925} INFO - DAG(s) 'tutorial_objectstorage' retrieved from /home/airflow/.local/lib/python3.12/site-packages/airflow/example_dags/tutorial_objectstorage.py
[2024-12-07T17:28:07.224+0000] {logging_mixin.py:190} INFO - [2024-12-07T17:28:07.223+0000] {dag.py:3239} INFO - Sync 1 DAGs
[2024-12-07T17:28:07.278+0000] {logging_mixin.py:190} INFO - [2024-12-07T17:28:07.277+0000] {dag.py:4180} INFO - Setting next_dagrun for tutorial_objectstorage to None, run_after=None
[2024-12-07T17:28:07.361+0000] {processor.py:208} INFO - Processing /home/airflow/.local/lib/python3.12/site-packages/airflow/example_dags/tutorial_objectstorage.py took 0.336 seconds
[2024-12-07T17:28:38.113+0000] {processor.py:186} INFO - Started process (PID=3441) to work on /home/airflow/.local/lib/python3.12/site-packages/airflow/example_dags/tutorial_objectstorage.py
[2024-12-07T17:28:38.114+0000] {processor.py:914} INFO - Processing file /home/airflow/.local/lib/python3.12/site-packages/airflow/example_dags/tutorial_objectstorage.py for tasks to queue
[2024-12-07T17:28:38.120+0000] {logging_mixin.py:190} INFO - [2024-12-07T17:28:38.119+0000] {dagbag.py:588} INFO - Filling up the DagBag from /home/airflow/.local/lib/python3.12/site-packages/airflow/example_dags/tutorial_objectstorage.py
[2024-12-07T17:28:38.138+0000] {processor.py:925} INFO - DAG(s) 'tutorial_objectstorage' retrieved from /home/airflow/.local/lib/python3.12/site-packages/airflow/example_dags/tutorial_objectstorage.py
[2024-12-07T17:28:38.181+0000] {logging_mixin.py:190} INFO - [2024-12-07T17:28:38.181+0000] {dag.py:3239} INFO - Sync 1 DAGs
[2024-12-07T17:28:38.230+0000] {logging_mixin.py:190} INFO - [2024-12-07T17:28:38.229+0000] {dag.py:4180} INFO - Setting next_dagrun for tutorial_objectstorage to None, run_after=None
[2024-12-07T17:28:38.283+0000] {processor.py:208} INFO - Processing /home/airflow/.local/lib/python3.12/site-packages/airflow/example_dags/tutorial_objectstorage.py took 0.180 seconds
[2024-12-07T17:29:08.486+0000] {processor.py:186} INFO - Started process (PID=3732) to work on /home/airflow/.local/lib/python3.12/site-packages/airflow/example_dags/tutorial_objectstorage.py
[2024-12-07T17:29:08.488+0000] {processor.py:914} INFO - Processing file /home/airflow/.local/lib/python3.12/site-packages/airflow/example_dags/tutorial_objectstorage.py for tasks to queue
[2024-12-07T17:29:08.493+0000] {logging_mixin.py:190} INFO - [2024-12-07T17:29:08.492+0000] {dagbag.py:588} INFO - Filling up the DagBag from /home/airflow/.local/lib/python3.12/site-packages/airflow/example_dags/tutorial_objectstorage.py
[2024-12-07T17:29:08.512+0000] {processor.py:925} INFO - DAG(s) 'tutorial_objectstorage' retrieved from /home/airflow/.local/lib/python3.12/site-packages/airflow/example_dags/tutorial_objectstorage.py
[2024-12-07T17:29:08.547+0000] {logging_mixin.py:190} INFO - [2024-12-07T17:29:08.546+0000] {dag.py:3239} INFO - Sync 1 DAGs
[2024-12-07T17:29:08.580+0000] {logging_mixin.py:190} INFO - [2024-12-07T17:29:08.580+0000] {dag.py:4180} INFO - Setting next_dagrun for tutorial_objectstorage to None, run_after=None
[2024-12-07T17:29:08.625+0000] {processor.py:208} INFO - Processing /home/airflow/.local/lib/python3.12/site-packages/airflow/example_dags/tutorial_objectstorage.py took 0.148 seconds
[2024-12-07T17:29:39.098+0000] {processor.py:186} INFO - Started process (PID=4025) to work on /home/airflow/.local/lib/python3.12/site-packages/airflow/example_dags/tutorial_objectstorage.py
[2024-12-07T17:29:39.100+0000] {processor.py:914} INFO - Processing file /home/airflow/.local/lib/python3.12/site-packages/airflow/example_dags/tutorial_objectstorage.py for tasks to queue
[2024-12-07T17:29:39.104+0000] {logging_mixin.py:190} INFO - [2024-12-07T17:29:39.103+0000] {dagbag.py:588} INFO - Filling up the DagBag from /home/airflow/.local/lib/python3.12/site-packages/airflow/example_dags/tutorial_objectstorage.py
[2024-12-07T17:29:39.116+0000] {processor.py:925} INFO - DAG(s) 'tutorial_objectstorage' retrieved from /home/airflow/.local/lib/python3.12/site-packages/airflow/example_dags/tutorial_objectstorage.py
[2024-12-07T17:29:39.141+0000] {logging_mixin.py:190} INFO - [2024-12-07T17:29:39.141+0000] {dag.py:3239} INFO - Sync 1 DAGs
[2024-12-07T17:29:39.160+0000] {logging_mixin.py:190} INFO - [2024-12-07T17:29:39.160+0000] {dag.py:4180} INFO - Setting next_dagrun for tutorial_objectstorage to None, run_after=None
[2024-12-07T17:29:39.187+0000] {processor.py:208} INFO - Processing /home/airflow/.local/lib/python3.12/site-packages/airflow/example_dags/tutorial_objectstorage.py took 0.096 seconds
[2024-12-07T17:30:09.386+0000] {processor.py:186} INFO - Started process (PID=4314) to work on /home/airflow/.local/lib/python3.12/site-packages/airflow/example_dags/tutorial_objectstorage.py
[2024-12-07T17:30:09.387+0000] {processor.py:914} INFO - Processing file /home/airflow/.local/lib/python3.12/site-packages/airflow/example_dags/tutorial_objectstorage.py for tasks to queue
[2024-12-07T17:30:09.390+0000] {logging_mixin.py:190} INFO - [2024-12-07T17:30:09.390+0000] {dagbag.py:588} INFO - Filling up the DagBag from /home/airflow/.local/lib/python3.12/site-packages/airflow/example_dags/tutorial_objectstorage.py
[2024-12-07T17:30:09.405+0000] {processor.py:925} INFO - DAG(s) 'tutorial_objectstorage' retrieved from /home/airflow/.local/lib/python3.12/site-packages/airflow/example_dags/tutorial_objectstorage.py
[2024-12-07T17:30:09.430+0000] {logging_mixin.py:190} INFO - [2024-12-07T17:30:09.430+0000] {dag.py:3239} INFO - Sync 1 DAGs
[2024-12-07T17:30:09.451+0000] {logging_mixin.py:190} INFO - [2024-12-07T17:30:09.451+0000] {dag.py:4180} INFO - Setting next_dagrun for tutorial_objectstorage to None, run_after=None
[2024-12-07T17:30:09.482+0000] {processor.py:208} INFO - Processing /home/airflow/.local/lib/python3.12/site-packages/airflow/example_dags/tutorial_objectstorage.py took 0.106 seconds
[2024-12-07T17:30:39.996+0000] {processor.py:186} INFO - Started process (PID=4600) to work on /home/airflow/.local/lib/python3.12/site-packages/airflow/example_dags/tutorial_objectstorage.py
[2024-12-07T17:30:39.998+0000] {processor.py:914} INFO - Processing file /home/airflow/.local/lib/python3.12/site-packages/airflow/example_dags/tutorial_objectstorage.py for tasks to queue
[2024-12-07T17:30:40.001+0000] {logging_mixin.py:190} INFO - [2024-12-07T17:30:40.000+0000] {dagbag.py:588} INFO - Filling up the DagBag from /home/airflow/.local/lib/python3.12/site-packages/airflow/example_dags/tutorial_objectstorage.py
[2024-12-07T17:30:40.016+0000] {processor.py:925} INFO - DAG(s) 'tutorial_objectstorage' retrieved from /home/airflow/.local/lib/python3.12/site-packages/airflow/example_dags/tutorial_objectstorage.py
[2024-12-07T17:30:40.043+0000] {logging_mixin.py:190} INFO - [2024-12-07T17:30:40.043+0000] {dag.py:3239} INFO - Sync 1 DAGs
[2024-12-07T17:30:40.078+0000] {logging_mixin.py:190} INFO - [2024-12-07T17:30:40.078+0000] {dag.py:4180} INFO - Setting next_dagrun for tutorial_objectstorage to None, run_after=None
[2024-12-07T17:30:40.110+0000] {processor.py:208} INFO - Processing /home/airflow/.local/lib/python3.12/site-packages/airflow/example_dags/tutorial_objectstorage.py took 0.121 seconds
[2024-12-07T17:31:10.801+0000] {processor.py:186} INFO - Started process (PID=4885) to work on /home/airflow/.local/lib/python3.12/site-packages/airflow/example_dags/tutorial_objectstorage.py
[2024-12-07T17:31:10.803+0000] {processor.py:914} INFO - Processing file /home/airflow/.local/lib/python3.12/site-packages/airflow/example_dags/tutorial_objectstorage.py for tasks to queue
[2024-12-07T17:31:10.807+0000] {logging_mixin.py:190} INFO - [2024-12-07T17:31:10.806+0000] {dagbag.py:588} INFO - Filling up the DagBag from /home/airflow/.local/lib/python3.12/site-packages/airflow/example_dags/tutorial_objectstorage.py
[2024-12-07T17:31:10.824+0000] {processor.py:925} INFO - DAG(s) 'tutorial_objectstorage' retrieved from /home/airflow/.local/lib/python3.12/site-packages/airflow/example_dags/tutorial_objectstorage.py
[2024-12-07T17:31:10.858+0000] {logging_mixin.py:190} INFO - [2024-12-07T17:31:10.858+0000] {dag.py:3239} INFO - Sync 1 DAGs
[2024-12-07T17:31:10.882+0000] {logging_mixin.py:190} INFO - [2024-12-07T17:31:10.881+0000] {dag.py:4180} INFO - Setting next_dagrun for tutorial_objectstorage to None, run_after=None
[2024-12-07T17:31:10.927+0000] {processor.py:208} INFO - Processing /home/airflow/.local/lib/python3.12/site-packages/airflow/example_dags/tutorial_objectstorage.py took 0.139 seconds
[2024-12-07T17:31:41.679+0000] {processor.py:186} INFO - Started process (PID=5178) to work on /home/airflow/.local/lib/python3.12/site-packages/airflow/example_dags/tutorial_objectstorage.py
[2024-12-07T17:31:41.681+0000] {processor.py:914} INFO - Processing file /home/airflow/.local/lib/python3.12/site-packages/airflow/example_dags/tutorial_objectstorage.py for tasks to queue
[2024-12-07T17:31:41.685+0000] {logging_mixin.py:190} INFO - [2024-12-07T17:31:41.684+0000] {dagbag.py:588} INFO - Filling up the DagBag from /home/airflow/.local/lib/python3.12/site-packages/airflow/example_dags/tutorial_objectstorage.py
[2024-12-07T17:31:41.700+0000] {processor.py:925} INFO - DAG(s) 'tutorial_objectstorage' retrieved from /home/airflow/.local/lib/python3.12/site-packages/airflow/example_dags/tutorial_objectstorage.py
[2024-12-07T17:31:41.729+0000] {logging_mixin.py:190} INFO - [2024-12-07T17:31:41.728+0000] {dag.py:3239} INFO - Sync 1 DAGs
[2024-12-07T17:31:41.757+0000] {logging_mixin.py:190} INFO - [2024-12-07T17:31:41.757+0000] {dag.py:4180} INFO - Setting next_dagrun for tutorial_objectstorage to None, run_after=None
[2024-12-07T17:31:41.805+0000] {processor.py:208} INFO - Processing /home/airflow/.local/lib/python3.12/site-packages/airflow/example_dags/tutorial_objectstorage.py took 0.135 seconds
[2024-12-07T17:32:12.581+0000] {processor.py:186} INFO - Started process (PID=5469) to work on /home/airflow/.local/lib/python3.12/site-packages/airflow/example_dags/tutorial_objectstorage.py
[2024-12-07T17:32:12.583+0000] {processor.py:914} INFO - Processing file /home/airflow/.local/lib/python3.12/site-packages/airflow/example_dags/tutorial_objectstorage.py for tasks to queue
[2024-12-07T17:32:12.587+0000] {logging_mixin.py:190} INFO - [2024-12-07T17:32:12.586+0000] {dagbag.py:588} INFO - Filling up the DagBag from /home/airflow/.local/lib/python3.12/site-packages/airflow/example_dags/tutorial_objectstorage.py
[2024-12-07T17:32:12.609+0000] {processor.py:925} INFO - DAG(s) 'tutorial_objectstorage' retrieved from /home/airflow/.local/lib/python3.12/site-packages/airflow/example_dags/tutorial_objectstorage.py
[2024-12-07T17:32:12.641+0000] {logging_mixin.py:190} INFO - [2024-12-07T17:32:12.641+0000] {dag.py:3239} INFO - Sync 1 DAGs
[2024-12-07T17:32:12.663+0000] {logging_mixin.py:190} INFO - [2024-12-07T17:32:12.663+0000] {dag.py:4180} INFO - Setting next_dagrun for tutorial_objectstorage to None, run_after=None
[2024-12-07T17:32:12.692+0000] {processor.py:208} INFO - Processing /home/airflow/.local/lib/python3.12/site-packages/airflow/example_dags/tutorial_objectstorage.py took 0.131 seconds
[2024-12-07T17:32:43.615+0000] {processor.py:186} INFO - Started process (PID=5759) to work on /home/airflow/.local/lib/python3.12/site-packages/airflow/example_dags/tutorial_objectstorage.py
[2024-12-07T17:32:43.617+0000] {processor.py:914} INFO - Processing file /home/airflow/.local/lib/python3.12/site-packages/airflow/example_dags/tutorial_objectstorage.py for tasks to queue
[2024-12-07T17:32:43.620+0000] {logging_mixin.py:190} INFO - [2024-12-07T17:32:43.620+0000] {dagbag.py:588} INFO - Filling up the DagBag from /home/airflow/.local/lib/python3.12/site-packages/airflow/example_dags/tutorial_objectstorage.py
[2024-12-07T17:32:43.634+0000] {processor.py:925} INFO - DAG(s) 'tutorial_objectstorage' retrieved from /home/airflow/.local/lib/python3.12/site-packages/airflow/example_dags/tutorial_objectstorage.py
[2024-12-07T17:32:43.658+0000] {logging_mixin.py:190} INFO - [2024-12-07T17:32:43.657+0000] {dag.py:3239} INFO - Sync 1 DAGs
[2024-12-07T17:32:43.676+0000] {logging_mixin.py:190} INFO - [2024-12-07T17:32:43.676+0000] {dag.py:4180} INFO - Setting next_dagrun for tutorial_objectstorage to None, run_after=None
[2024-12-07T17:32:43.701+0000] {processor.py:208} INFO - Processing /home/airflow/.local/lib/python3.12/site-packages/airflow/example_dags/tutorial_objectstorage.py took 0.097 seconds
[2024-12-07T17:33:13.783+0000] {processor.py:186} INFO - Started process (PID=6049) to work on /home/airflow/.local/lib/python3.12/site-packages/airflow/example_dags/tutorial_objectstorage.py
[2024-12-07T17:33:13.785+0000] {processor.py:914} INFO - Processing file /home/airflow/.local/lib/python3.12/site-packages/airflow/example_dags/tutorial_objectstorage.py for tasks to queue
[2024-12-07T17:33:13.788+0000] {logging_mixin.py:190} INFO - [2024-12-07T17:33:13.787+0000] {dagbag.py:588} INFO - Filling up the DagBag from /home/airflow/.local/lib/python3.12/site-packages/airflow/example_dags/tutorial_objectstorage.py
[2024-12-07T17:33:13.799+0000] {processor.py:925} INFO - DAG(s) 'tutorial_objectstorage' retrieved from /home/airflow/.local/lib/python3.12/site-packages/airflow/example_dags/tutorial_objectstorage.py
[2024-12-07T17:33:13.822+0000] {logging_mixin.py:190} INFO - [2024-12-07T17:33:13.822+0000] {dag.py:3239} INFO - Sync 1 DAGs
[2024-12-07T17:33:13.840+0000] {logging_mixin.py:190} INFO - [2024-12-07T17:33:13.839+0000] {dag.py:4180} INFO - Setting next_dagrun for tutorial_objectstorage to None, run_after=None
[2024-12-07T17:33:13.866+0000] {processor.py:208} INFO - Processing /home/airflow/.local/lib/python3.12/site-packages/airflow/example_dags/tutorial_objectstorage.py took 0.090 seconds
[2024-12-07T17:33:44.154+0000] {processor.py:186} INFO - Started process (PID=6338) to work on /home/airflow/.local/lib/python3.12/site-packages/airflow/example_dags/tutorial_objectstorage.py
[2024-12-07T17:33:44.156+0000] {processor.py:914} INFO - Processing file /home/airflow/.local/lib/python3.12/site-packages/airflow/example_dags/tutorial_objectstorage.py for tasks to queue
[2024-12-07T17:33:44.161+0000] {logging_mixin.py:190} INFO - [2024-12-07T17:33:44.160+0000] {dagbag.py:588} INFO - Filling up the DagBag from /home/airflow/.local/lib/python3.12/site-packages/airflow/example_dags/tutorial_objectstorage.py
[2024-12-07T17:33:44.178+0000] {processor.py:925} INFO - DAG(s) 'tutorial_objectstorage' retrieved from /home/airflow/.local/lib/python3.12/site-packages/airflow/example_dags/tutorial_objectstorage.py
[2024-12-07T17:33:44.207+0000] {logging_mixin.py:190} INFO - [2024-12-07T17:33:44.206+0000] {dag.py:3239} INFO - Sync 1 DAGs
[2024-12-07T17:33:44.230+0000] {logging_mixin.py:190} INFO - [2024-12-07T17:33:44.230+0000] {dag.py:4180} INFO - Setting next_dagrun for tutorial_objectstorage to None, run_after=None
[2024-12-07T17:33:44.263+0000] {processor.py:208} INFO - Processing /home/airflow/.local/lib/python3.12/site-packages/airflow/example_dags/tutorial_objectstorage.py took 0.119 seconds
[2024-12-07T17:34:14.766+0000] {processor.py:186} INFO - Started process (PID=6631) to work on /home/airflow/.local/lib/python3.12/site-packages/airflow/example_dags/tutorial_objectstorage.py
[2024-12-07T17:34:14.767+0000] {processor.py:914} INFO - Processing file /home/airflow/.local/lib/python3.12/site-packages/airflow/example_dags/tutorial_objectstorage.py for tasks to queue
[2024-12-07T17:34:14.770+0000] {logging_mixin.py:190} INFO - [2024-12-07T17:34:14.770+0000] {dagbag.py:588} INFO - Filling up the DagBag from /home/airflow/.local/lib/python3.12/site-packages/airflow/example_dags/tutorial_objectstorage.py
[2024-12-07T17:34:14.781+0000] {processor.py:925} INFO - DAG(s) 'tutorial_objectstorage' retrieved from /home/airflow/.local/lib/python3.12/site-packages/airflow/example_dags/tutorial_objectstorage.py
[2024-12-07T17:34:14.802+0000] {logging_mixin.py:190} INFO - [2024-12-07T17:34:14.802+0000] {dag.py:3239} INFO - Sync 1 DAGs
[2024-12-07T17:34:14.822+0000] {logging_mixin.py:190} INFO - [2024-12-07T17:34:14.821+0000] {dag.py:4180} INFO - Setting next_dagrun for tutorial_objectstorage to None, run_after=None
[2024-12-07T17:34:14.861+0000] {processor.py:208} INFO - Processing /home/airflow/.local/lib/python3.12/site-packages/airflow/example_dags/tutorial_objectstorage.py took 0.102 seconds
[2024-12-07T17:34:45.087+0000] {processor.py:186} INFO - Started process (PID=6920) to work on /home/airflow/.local/lib/python3.12/site-packages/airflow/example_dags/tutorial_objectstorage.py
[2024-12-07T17:34:45.089+0000] {processor.py:914} INFO - Processing file /home/airflow/.local/lib/python3.12/site-packages/airflow/example_dags/tutorial_objectstorage.py for tasks to queue
[2024-12-07T17:34:45.092+0000] {logging_mixin.py:190} INFO - [2024-12-07T17:34:45.091+0000] {dagbag.py:588} INFO - Filling up the DagBag from /home/airflow/.local/lib/python3.12/site-packages/airflow/example_dags/tutorial_objectstorage.py
[2024-12-07T17:34:45.105+0000] {processor.py:925} INFO - DAG(s) 'tutorial_objectstorage' retrieved from /home/airflow/.local/lib/python3.12/site-packages/airflow/example_dags/tutorial_objectstorage.py
[2024-12-07T17:34:45.135+0000] {logging_mixin.py:190} INFO - [2024-12-07T17:34:45.135+0000] {dag.py:3239} INFO - Sync 1 DAGs
[2024-12-07T17:34:45.163+0000] {logging_mixin.py:190} INFO - [2024-12-07T17:34:45.162+0000] {dag.py:4180} INFO - Setting next_dagrun for tutorial_objectstorage to None, run_after=None
[2024-12-07T17:34:45.199+0000] {processor.py:208} INFO - Processing /home/airflow/.local/lib/python3.12/site-packages/airflow/example_dags/tutorial_objectstorage.py took 0.122 seconds
[2024-12-07T17:35:15.447+0000] {processor.py:186} INFO - Started process (PID=7211) to work on /home/airflow/.local/lib/python3.12/site-packages/airflow/example_dags/tutorial_objectstorage.py
[2024-12-07T17:35:15.449+0000] {processor.py:914} INFO - Processing file /home/airflow/.local/lib/python3.12/site-packages/airflow/example_dags/tutorial_objectstorage.py for tasks to queue
[2024-12-07T17:35:15.455+0000] {logging_mixin.py:190} INFO - [2024-12-07T17:35:15.455+0000] {dagbag.py:588} INFO - Filling up the DagBag from /home/airflow/.local/lib/python3.12/site-packages/airflow/example_dags/tutorial_objectstorage.py
[2024-12-07T17:35:15.471+0000] {processor.py:925} INFO - DAG(s) 'tutorial_objectstorage' retrieved from /home/airflow/.local/lib/python3.12/site-packages/airflow/example_dags/tutorial_objectstorage.py
[2024-12-07T17:35:15.500+0000] {logging_mixin.py:190} INFO - [2024-12-07T17:35:15.500+0000] {dag.py:3239} INFO - Sync 1 DAGs
[2024-12-07T17:35:15.526+0000] {logging_mixin.py:190} INFO - [2024-12-07T17:35:15.525+0000] {dag.py:4180} INFO - Setting next_dagrun for tutorial_objectstorage to None, run_after=None
[2024-12-07T17:35:15.563+0000] {processor.py:208} INFO - Processing /home/airflow/.local/lib/python3.12/site-packages/airflow/example_dags/tutorial_objectstorage.py took 0.125 seconds
[2024-12-07T17:35:46.965+0000] {processor.py:186} INFO - Started process (PID=7502) to work on /home/airflow/.local/lib/python3.12/site-packages/airflow/example_dags/tutorial_objectstorage.py
[2024-12-07T17:35:46.967+0000] {processor.py:914} INFO - Processing file /home/airflow/.local/lib/python3.12/site-packages/airflow/example_dags/tutorial_objectstorage.py for tasks to queue
[2024-12-07T17:35:46.971+0000] {logging_mixin.py:190} INFO - [2024-12-07T17:35:46.971+0000] {dagbag.py:588} INFO - Filling up the DagBag from /home/airflow/.local/lib/python3.12/site-packages/airflow/example_dags/tutorial_objectstorage.py
[2024-12-07T17:35:46.993+0000] {processor.py:925} INFO - DAG(s) 'tutorial_objectstorage' retrieved from /home/airflow/.local/lib/python3.12/site-packages/airflow/example_dags/tutorial_objectstorage.py
[2024-12-07T17:35:47.053+0000] {logging_mixin.py:190} INFO - [2024-12-07T17:35:47.052+0000] {dag.py:3239} INFO - Sync 1 DAGs
[2024-12-07T17:35:47.100+0000] {logging_mixin.py:190} INFO - [2024-12-07T17:35:47.100+0000] {dag.py:4180} INFO - Setting next_dagrun for tutorial_objectstorage to None, run_after=None
[2024-12-07T17:35:47.178+0000] {processor.py:208} INFO - Processing /home/airflow/.local/lib/python3.12/site-packages/airflow/example_dags/tutorial_objectstorage.py took 0.227 seconds
[2024-12-07T17:36:17.998+0000] {processor.py:186} INFO - Started process (PID=7793) to work on /home/airflow/.local/lib/python3.12/site-packages/airflow/example_dags/tutorial_objectstorage.py
[2024-12-07T17:36:17.999+0000] {processor.py:914} INFO - Processing file /home/airflow/.local/lib/python3.12/site-packages/airflow/example_dags/tutorial_objectstorage.py for tasks to queue
[2024-12-07T17:36:18.002+0000] {logging_mixin.py:190} INFO - [2024-12-07T17:36:18.002+0000] {dagbag.py:588} INFO - Filling up the DagBag from /home/airflow/.local/lib/python3.12/site-packages/airflow/example_dags/tutorial_objectstorage.py
[2024-12-07T17:36:18.013+0000] {processor.py:925} INFO - DAG(s) 'tutorial_objectstorage' retrieved from /home/airflow/.local/lib/python3.12/site-packages/airflow/example_dags/tutorial_objectstorage.py
[2024-12-07T17:36:18.041+0000] {logging_mixin.py:190} INFO - [2024-12-07T17:36:18.041+0000] {dag.py:3239} INFO - Sync 1 DAGs
[2024-12-07T17:36:18.064+0000] {logging_mixin.py:190} INFO - [2024-12-07T17:36:18.064+0000] {dag.py:4180} INFO - Setting next_dagrun for tutorial_objectstorage to None, run_after=None
[2024-12-07T17:36:18.125+0000] {processor.py:208} INFO - Processing /home/airflow/.local/lib/python3.12/site-packages/airflow/example_dags/tutorial_objectstorage.py took 0.136 seconds
[2024-12-07T17:36:51.188+0000] {processor.py:186} INFO - Started process (PID=8087) to work on /home/airflow/.local/lib/python3.12/site-packages/airflow/example_dags/tutorial_objectstorage.py
[2024-12-07T17:36:51.205+0000] {processor.py:914} INFO - Processing file /home/airflow/.local/lib/python3.12/site-packages/airflow/example_dags/tutorial_objectstorage.py for tasks to queue
[2024-12-07T17:36:51.214+0000] {logging_mixin.py:190} INFO - [2024-12-07T17:36:51.210+0000] {dagbag.py:588} INFO - Filling up the DagBag from /home/airflow/.local/lib/python3.12/site-packages/airflow/example_dags/tutorial_objectstorage.py
[2024-12-07T17:36:51.264+0000] {processor.py:925} INFO - DAG(s) 'tutorial_objectstorage' retrieved from /home/airflow/.local/lib/python3.12/site-packages/airflow/example_dags/tutorial_objectstorage.py
[2024-12-07T17:36:51.386+0000] {logging_mixin.py:190} INFO - [2024-12-07T17:36:51.385+0000] {dag.py:3239} INFO - Sync 1 DAGs
[2024-12-07T17:36:51.484+0000] {logging_mixin.py:190} INFO - [2024-12-07T17:36:51.483+0000] {dag.py:4180} INFO - Setting next_dagrun for tutorial_objectstorage to None, run_after=None
[2024-12-07T17:36:51.590+0000] {processor.py:208} INFO - Processing /home/airflow/.local/lib/python3.12/site-packages/airflow/example_dags/tutorial_objectstorage.py took 0.423 seconds
[2024-12-07T17:37:21.868+0000] {processor.py:186} INFO - Started process (PID=8373) to work on /home/airflow/.local/lib/python3.12/site-packages/airflow/example_dags/tutorial_objectstorage.py
[2024-12-07T17:37:21.870+0000] {processor.py:914} INFO - Processing file /home/airflow/.local/lib/python3.12/site-packages/airflow/example_dags/tutorial_objectstorage.py for tasks to queue
[2024-12-07T17:37:21.874+0000] {logging_mixin.py:190} INFO - [2024-12-07T17:37:21.874+0000] {dagbag.py:588} INFO - Filling up the DagBag from /home/airflow/.local/lib/python3.12/site-packages/airflow/example_dags/tutorial_objectstorage.py
[2024-12-07T17:37:21.897+0000] {processor.py:925} INFO - DAG(s) 'tutorial_objectstorage' retrieved from /home/airflow/.local/lib/python3.12/site-packages/airflow/example_dags/tutorial_objectstorage.py
[2024-12-07T17:37:21.935+0000] {logging_mixin.py:190} INFO - [2024-12-07T17:37:21.935+0000] {dag.py:3239} INFO - Sync 1 DAGs
[2024-12-07T17:37:21.974+0000] {logging_mixin.py:190} INFO - [2024-12-07T17:37:21.974+0000] {dag.py:4180} INFO - Setting next_dagrun for tutorial_objectstorage to None, run_after=None
[2024-12-07T17:37:22.020+0000] {processor.py:208} INFO - Processing /home/airflow/.local/lib/python3.12/site-packages/airflow/example_dags/tutorial_objectstorage.py took 0.161 seconds
[2024-12-07T17:37:52.956+0000] {processor.py:186} INFO - Started process (PID=8664) to work on /home/airflow/.local/lib/python3.12/site-packages/airflow/example_dags/tutorial_objectstorage.py
[2024-12-07T17:37:52.960+0000] {processor.py:914} INFO - Processing file /home/airflow/.local/lib/python3.12/site-packages/airflow/example_dags/tutorial_objectstorage.py for tasks to queue
[2024-12-07T17:37:52.965+0000] {logging_mixin.py:190} INFO - [2024-12-07T17:37:52.965+0000] {dagbag.py:588} INFO - Filling up the DagBag from /home/airflow/.local/lib/python3.12/site-packages/airflow/example_dags/tutorial_objectstorage.py
[2024-12-07T17:37:52.992+0000] {processor.py:925} INFO - DAG(s) 'tutorial_objectstorage' retrieved from /home/airflow/.local/lib/python3.12/site-packages/airflow/example_dags/tutorial_objectstorage.py
[2024-12-07T17:37:53.052+0000] {logging_mixin.py:190} INFO - [2024-12-07T17:37:53.052+0000] {dag.py:3239} INFO - Sync 1 DAGs
[2024-12-07T17:37:53.123+0000] {logging_mixin.py:190} INFO - [2024-12-07T17:37:53.122+0000] {dag.py:4180} INFO - Setting next_dagrun for tutorial_objectstorage to None, run_after=None
[2024-12-07T17:37:53.538+0000] {processor.py:208} INFO - Processing /home/airflow/.local/lib/python3.12/site-packages/airflow/example_dags/tutorial_objectstorage.py took 0.598 seconds
[2024-12-07T17:38:23.842+0000] {processor.py:186} INFO - Started process (PID=8955) to work on /home/airflow/.local/lib/python3.12/site-packages/airflow/example_dags/tutorial_objectstorage.py
[2024-12-07T17:38:23.844+0000] {processor.py:914} INFO - Processing file /home/airflow/.local/lib/python3.12/site-packages/airflow/example_dags/tutorial_objectstorage.py for tasks to queue
[2024-12-07T17:38:23.850+0000] {logging_mixin.py:190} INFO - [2024-12-07T17:38:23.850+0000] {dagbag.py:588} INFO - Filling up the DagBag from /home/airflow/.local/lib/python3.12/site-packages/airflow/example_dags/tutorial_objectstorage.py
[2024-12-07T17:38:23.877+0000] {processor.py:925} INFO - DAG(s) 'tutorial_objectstorage' retrieved from /home/airflow/.local/lib/python3.12/site-packages/airflow/example_dags/tutorial_objectstorage.py
[2024-12-07T17:38:23.929+0000] {logging_mixin.py:190} INFO - [2024-12-07T17:38:23.929+0000] {dag.py:3239} INFO - Sync 1 DAGs
[2024-12-07T17:38:23.971+0000] {logging_mixin.py:190} INFO - [2024-12-07T17:38:23.971+0000] {dag.py:4180} INFO - Setting next_dagrun for tutorial_objectstorage to None, run_after=None
[2024-12-07T17:38:24.120+0000] {processor.py:208} INFO - Processing /home/airflow/.local/lib/python3.12/site-packages/airflow/example_dags/tutorial_objectstorage.py took 0.291 seconds
[2024-12-07T17:38:54.788+0000] {processor.py:186} INFO - Started process (PID=9246) to work on /home/airflow/.local/lib/python3.12/site-packages/airflow/example_dags/tutorial_objectstorage.py
[2024-12-07T17:38:54.803+0000] {processor.py:914} INFO - Processing file /home/airflow/.local/lib/python3.12/site-packages/airflow/example_dags/tutorial_objectstorage.py for tasks to queue
[2024-12-07T17:38:54.810+0000] {logging_mixin.py:190} INFO - [2024-12-07T17:38:54.809+0000] {dagbag.py:588} INFO - Filling up the DagBag from /home/airflow/.local/lib/python3.12/site-packages/airflow/example_dags/tutorial_objectstorage.py
[2024-12-07T17:38:54.841+0000] {processor.py:925} INFO - DAG(s) 'tutorial_objectstorage' retrieved from /home/airflow/.local/lib/python3.12/site-packages/airflow/example_dags/tutorial_objectstorage.py
[2024-12-07T17:38:54.891+0000] {logging_mixin.py:190} INFO - [2024-12-07T17:38:54.891+0000] {dag.py:3239} INFO - Sync 1 DAGs
[2024-12-07T17:38:54.953+0000] {logging_mixin.py:190} INFO - [2024-12-07T17:38:54.952+0000] {dag.py:4180} INFO - Setting next_dagrun for tutorial_objectstorage to None, run_after=None
[2024-12-07T17:38:55.059+0000] {processor.py:208} INFO - Processing /home/airflow/.local/lib/python3.12/site-packages/airflow/example_dags/tutorial_objectstorage.py took 0.293 seconds
[2024-12-07T17:39:25.490+0000] {processor.py:186} INFO - Started process (PID=9540) to work on /home/airflow/.local/lib/python3.12/site-packages/airflow/example_dags/tutorial_objectstorage.py
[2024-12-07T17:39:25.492+0000] {processor.py:914} INFO - Processing file /home/airflow/.local/lib/python3.12/site-packages/airflow/example_dags/tutorial_objectstorage.py for tasks to queue
[2024-12-07T17:39:25.495+0000] {logging_mixin.py:190} INFO - [2024-12-07T17:39:25.495+0000] {dagbag.py:588} INFO - Filling up the DagBag from /home/airflow/.local/lib/python3.12/site-packages/airflow/example_dags/tutorial_objectstorage.py
[2024-12-07T17:39:25.510+0000] {processor.py:925} INFO - DAG(s) 'tutorial_objectstorage' retrieved from /home/airflow/.local/lib/python3.12/site-packages/airflow/example_dags/tutorial_objectstorage.py
[2024-12-07T17:39:25.538+0000] {logging_mixin.py:190} INFO - [2024-12-07T17:39:25.537+0000] {dag.py:3239} INFO - Sync 1 DAGs
[2024-12-07T17:39:25.569+0000] {logging_mixin.py:190} INFO - [2024-12-07T17:39:25.569+0000] {dag.py:4180} INFO - Setting next_dagrun for tutorial_objectstorage to None, run_after=None
[2024-12-07T17:39:25.610+0000] {processor.py:208} INFO - Processing /home/airflow/.local/lib/python3.12/site-packages/airflow/example_dags/tutorial_objectstorage.py took 0.129 seconds
[2024-12-07T17:39:55.983+0000] {processor.py:186} INFO - Started process (PID=9829) to work on /home/airflow/.local/lib/python3.12/site-packages/airflow/example_dags/tutorial_objectstorage.py
[2024-12-07T17:39:55.985+0000] {processor.py:914} INFO - Processing file /home/airflow/.local/lib/python3.12/site-packages/airflow/example_dags/tutorial_objectstorage.py for tasks to queue
[2024-12-07T17:39:55.990+0000] {logging_mixin.py:190} INFO - [2024-12-07T17:39:55.989+0000] {dagbag.py:588} INFO - Filling up the DagBag from /home/airflow/.local/lib/python3.12/site-packages/airflow/example_dags/tutorial_objectstorage.py
[2024-12-07T17:39:56.018+0000] {processor.py:925} INFO - DAG(s) 'tutorial_objectstorage' retrieved from /home/airflow/.local/lib/python3.12/site-packages/airflow/example_dags/tutorial_objectstorage.py
[2024-12-07T17:39:56.076+0000] {logging_mixin.py:190} INFO - [2024-12-07T17:39:56.076+0000] {dag.py:3239} INFO - Sync 1 DAGs
[2024-12-07T17:39:56.214+0000] {logging_mixin.py:190} INFO - [2024-12-07T17:39:56.212+0000] {dag.py:4180} INFO - Setting next_dagrun for tutorial_objectstorage to None, run_after=None
[2024-12-07T17:39:56.363+0000] {processor.py:208} INFO - Processing /home/airflow/.local/lib/python3.12/site-packages/airflow/example_dags/tutorial_objectstorage.py took 0.396 seconds
[2024-12-07T17:40:27.542+0000] {processor.py:186} INFO - Started process (PID=10117) to work on /home/airflow/.local/lib/python3.12/site-packages/airflow/example_dags/tutorial_objectstorage.py
[2024-12-07T17:40:27.544+0000] {processor.py:914} INFO - Processing file /home/airflow/.local/lib/python3.12/site-packages/airflow/example_dags/tutorial_objectstorage.py for tasks to queue
[2024-12-07T17:40:27.559+0000] {logging_mixin.py:190} INFO - [2024-12-07T17:40:27.558+0000] {dagbag.py:588} INFO - Filling up the DagBag from /home/airflow/.local/lib/python3.12/site-packages/airflow/example_dags/tutorial_objectstorage.py
[2024-12-07T17:40:27.590+0000] {processor.py:925} INFO - DAG(s) 'tutorial_objectstorage' retrieved from /home/airflow/.local/lib/python3.12/site-packages/airflow/example_dags/tutorial_objectstorage.py
[2024-12-07T17:40:27.669+0000] {logging_mixin.py:190} INFO - [2024-12-07T17:40:27.668+0000] {dag.py:3239} INFO - Sync 1 DAGs
[2024-12-07T17:40:27.784+0000] {logging_mixin.py:190} INFO - [2024-12-07T17:40:27.783+0000] {dag.py:4180} INFO - Setting next_dagrun for tutorial_objectstorage to None, run_after=None
[2024-12-07T17:40:27.986+0000] {processor.py:208} INFO - Processing /home/airflow/.local/lib/python3.12/site-packages/airflow/example_dags/tutorial_objectstorage.py took 0.472 seconds
[2024-12-07T17:40:58.743+0000] {processor.py:186} INFO - Started process (PID=10408) to work on /home/airflow/.local/lib/python3.12/site-packages/airflow/example_dags/tutorial_objectstorage.py
[2024-12-07T17:40:58.745+0000] {processor.py:914} INFO - Processing file /home/airflow/.local/lib/python3.12/site-packages/airflow/example_dags/tutorial_objectstorage.py for tasks to queue
[2024-12-07T17:40:58.748+0000] {logging_mixin.py:190} INFO - [2024-12-07T17:40:58.747+0000] {dagbag.py:588} INFO - Filling up the DagBag from /home/airflow/.local/lib/python3.12/site-packages/airflow/example_dags/tutorial_objectstorage.py
[2024-12-07T17:40:58.763+0000] {processor.py:925} INFO - DAG(s) 'tutorial_objectstorage' retrieved from /home/airflow/.local/lib/python3.12/site-packages/airflow/example_dags/tutorial_objectstorage.py
[2024-12-07T17:40:58.787+0000] {logging_mixin.py:190} INFO - [2024-12-07T17:40:58.787+0000] {dag.py:3239} INFO - Sync 1 DAGs
[2024-12-07T17:40:58.804+0000] {logging_mixin.py:190} INFO - [2024-12-07T17:40:58.803+0000] {dag.py:4180} INFO - Setting next_dagrun for tutorial_objectstorage to None, run_after=None
[2024-12-07T17:40:59.482+0000] {processor.py:208} INFO - Processing /home/airflow/.local/lib/python3.12/site-packages/airflow/example_dags/tutorial_objectstorage.py took 0.748 seconds
[2024-12-07T17:41:30.013+0000] {processor.py:186} INFO - Started process (PID=10700) to work on /home/airflow/.local/lib/python3.12/site-packages/airflow/example_dags/tutorial_objectstorage.py
[2024-12-07T17:41:30.014+0000] {processor.py:914} INFO - Processing file /home/airflow/.local/lib/python3.12/site-packages/airflow/example_dags/tutorial_objectstorage.py for tasks to queue
[2024-12-07T17:41:30.017+0000] {logging_mixin.py:190} INFO - [2024-12-07T17:41:30.016+0000] {dagbag.py:588} INFO - Filling up the DagBag from /home/airflow/.local/lib/python3.12/site-packages/airflow/example_dags/tutorial_objectstorage.py
[2024-12-07T17:41:30.029+0000] {processor.py:925} INFO - DAG(s) 'tutorial_objectstorage' retrieved from /home/airflow/.local/lib/python3.12/site-packages/airflow/example_dags/tutorial_objectstorage.py
[2024-12-07T17:41:30.063+0000] {logging_mixin.py:190} INFO - [2024-12-07T17:41:30.062+0000] {dag.py:3239} INFO - Sync 1 DAGs
[2024-12-07T17:41:30.094+0000] {logging_mixin.py:190} INFO - [2024-12-07T17:41:30.094+0000] {dag.py:4180} INFO - Setting next_dagrun for tutorial_objectstorage to None, run_after=None
[2024-12-07T17:41:30.126+0000] {processor.py:208} INFO - Processing /home/airflow/.local/lib/python3.12/site-packages/airflow/example_dags/tutorial_objectstorage.py took 0.121 seconds
[2024-12-07T17:42:00.752+0000] {processor.py:186} INFO - Started process (PID=10992) to work on /home/airflow/.local/lib/python3.12/site-packages/airflow/example_dags/tutorial_objectstorage.py
[2024-12-07T17:42:00.754+0000] {processor.py:914} INFO - Processing file /home/airflow/.local/lib/python3.12/site-packages/airflow/example_dags/tutorial_objectstorage.py for tasks to queue
[2024-12-07T17:42:00.758+0000] {logging_mixin.py:190} INFO - [2024-12-07T17:42:00.757+0000] {dagbag.py:588} INFO - Filling up the DagBag from /home/airflow/.local/lib/python3.12/site-packages/airflow/example_dags/tutorial_objectstorage.py
[2024-12-07T17:42:00.772+0000] {processor.py:925} INFO - DAG(s) 'tutorial_objectstorage' retrieved from /home/airflow/.local/lib/python3.12/site-packages/airflow/example_dags/tutorial_objectstorage.py
[2024-12-07T17:42:00.801+0000] {logging_mixin.py:190} INFO - [2024-12-07T17:42:00.800+0000] {dag.py:3239} INFO - Sync 1 DAGs
[2024-12-07T17:42:00.820+0000] {logging_mixin.py:190} INFO - [2024-12-07T17:42:00.820+0000] {dag.py:4180} INFO - Setting next_dagrun for tutorial_objectstorage to None, run_after=None
[2024-12-07T17:42:00.843+0000] {processor.py:208} INFO - Processing /home/airflow/.local/lib/python3.12/site-packages/airflow/example_dags/tutorial_objectstorage.py took 0.104 seconds
[2024-12-07T17:42:31.241+0000] {processor.py:186} INFO - Started process (PID=11283) to work on /home/airflow/.local/lib/python3.12/site-packages/airflow/example_dags/tutorial_objectstorage.py
[2024-12-07T17:42:31.243+0000] {processor.py:914} INFO - Processing file /home/airflow/.local/lib/python3.12/site-packages/airflow/example_dags/tutorial_objectstorage.py for tasks to queue
[2024-12-07T17:42:31.246+0000] {logging_mixin.py:190} INFO - [2024-12-07T17:42:31.246+0000] {dagbag.py:588} INFO - Filling up the DagBag from /home/airflow/.local/lib/python3.12/site-packages/airflow/example_dags/tutorial_objectstorage.py
[2024-12-07T17:42:31.259+0000] {processor.py:925} INFO - DAG(s) 'tutorial_objectstorage' retrieved from /home/airflow/.local/lib/python3.12/site-packages/airflow/example_dags/tutorial_objectstorage.py
[2024-12-07T17:42:31.285+0000] {logging_mixin.py:190} INFO - [2024-12-07T17:42:31.285+0000] {dag.py:3239} INFO - Sync 1 DAGs
[2024-12-07T17:42:31.304+0000] {logging_mixin.py:190} INFO - [2024-12-07T17:42:31.304+0000] {dag.py:4180} INFO - Setting next_dagrun for tutorial_objectstorage to None, run_after=None
[2024-12-07T17:42:31.338+0000] {processor.py:208} INFO - Processing /home/airflow/.local/lib/python3.12/site-packages/airflow/example_dags/tutorial_objectstorage.py took 0.106 seconds
[2024-12-07T17:43:01.564+0000] {processor.py:186} INFO - Started process (PID=11573) to work on /home/airflow/.local/lib/python3.12/site-packages/airflow/example_dags/tutorial_objectstorage.py
[2024-12-07T17:43:01.570+0000] {processor.py:914} INFO - Processing file /home/airflow/.local/lib/python3.12/site-packages/airflow/example_dags/tutorial_objectstorage.py for tasks to queue
[2024-12-07T17:43:01.577+0000] {logging_mixin.py:190} INFO - [2024-12-07T17:43:01.576+0000] {dagbag.py:588} INFO - Filling up the DagBag from /home/airflow/.local/lib/python3.12/site-packages/airflow/example_dags/tutorial_objectstorage.py
[2024-12-07T17:43:01.598+0000] {processor.py:925} INFO - DAG(s) 'tutorial_objectstorage' retrieved from /home/airflow/.local/lib/python3.12/site-packages/airflow/example_dags/tutorial_objectstorage.py
[2024-12-07T17:43:01.636+0000] {logging_mixin.py:190} INFO - [2024-12-07T17:43:01.635+0000] {dag.py:3239} INFO - Sync 1 DAGs
[2024-12-07T17:43:01.677+0000] {logging_mixin.py:190} INFO - [2024-12-07T17:43:01.677+0000] {dag.py:4180} INFO - Setting next_dagrun for tutorial_objectstorage to None, run_after=None
[2024-12-07T17:43:01.720+0000] {processor.py:208} INFO - Processing /home/airflow/.local/lib/python3.12/site-packages/airflow/example_dags/tutorial_objectstorage.py took 0.175 seconds
[2024-12-07T17:43:32.281+0000] {processor.py:186} INFO - Started process (PID=11861) to work on /home/airflow/.local/lib/python3.12/site-packages/airflow/example_dags/tutorial_objectstorage.py
[2024-12-07T17:43:32.283+0000] {processor.py:914} INFO - Processing file /home/airflow/.local/lib/python3.12/site-packages/airflow/example_dags/tutorial_objectstorage.py for tasks to queue
[2024-12-07T17:43:32.286+0000] {logging_mixin.py:190} INFO - [2024-12-07T17:43:32.285+0000] {dagbag.py:588} INFO - Filling up the DagBag from /home/airflow/.local/lib/python3.12/site-packages/airflow/example_dags/tutorial_objectstorage.py
[2024-12-07T17:43:32.300+0000] {processor.py:925} INFO - DAG(s) 'tutorial_objectstorage' retrieved from /home/airflow/.local/lib/python3.12/site-packages/airflow/example_dags/tutorial_objectstorage.py
[2024-12-07T17:43:32.329+0000] {logging_mixin.py:190} INFO - [2024-12-07T17:43:32.328+0000] {dag.py:3239} INFO - Sync 1 DAGs
[2024-12-07T17:43:32.349+0000] {logging_mixin.py:190} INFO - [2024-12-07T17:43:32.349+0000] {dag.py:4180} INFO - Setting next_dagrun for tutorial_objectstorage to None, run_after=None
[2024-12-07T17:43:32.376+0000] {processor.py:208} INFO - Processing /home/airflow/.local/lib/python3.12/site-packages/airflow/example_dags/tutorial_objectstorage.py took 0.102 seconds
