[2024-12-07T17:22:26.961+0000] {processor.py:186} INFO - Started process (PID=206) to work on /home/airflow/.local/lib/python3.12/site-packages/airflow/example_dags/tutorial_dag.py
[2024-12-07T17:22:26.967+0000] {processor.py:914} INFO - Processing file /home/airflow/.local/lib/python3.12/site-packages/airflow/example_dags/tutorial_dag.py for tasks to queue
[2024-12-07T17:22:26.973+0000] {logging_mixin.py:190} INFO - [2024-12-07T17:22:26.973+0000] {dagbag.py:588} INFO - Filling up the DagBag from /home/airflow/.local/lib/python3.12/site-packages/airflow/example_dags/tutorial_dag.py
[2024-12-07T17:22:26.995+0000] {processor.py:925} INFO - DAG(s) 'tutorial_dag' retrieved from /home/airflow/.local/lib/python3.12/site-packages/airflow/example_dags/tutorial_dag.py
[2024-12-07T17:22:27.409+0000] {logging_mixin.py:190} INFO - [2024-12-07T17:22:27.408+0000] {override.py:1911} INFO - Created Permission View: can delete on DAG:tutorial_dag
[2024-12-07T17:22:27.445+0000] {logging_mixin.py:190} INFO - [2024-12-07T17:22:27.444+0000] {override.py:1911} INFO - Created Permission View: can read on DAG:tutorial_dag
[2024-12-07T17:22:27.463+0000] {logging_mixin.py:190} INFO - [2024-12-07T17:22:27.463+0000] {override.py:1911} INFO - Created Permission View: can edit on DAG:tutorial_dag
[2024-12-07T17:22:27.492+0000] {logging_mixin.py:190} INFO - [2024-12-07T17:22:27.490+0000] {override.py:1911} INFO - Created Permission View: menu access on DAG Run:tutorial_dag
[2024-12-07T17:22:27.512+0000] {logging_mixin.py:190} INFO - [2024-12-07T17:22:27.512+0000] {override.py:1911} INFO - Created Permission View: can delete on DAG Run:tutorial_dag
[2024-12-07T17:22:27.534+0000] {logging_mixin.py:190} INFO - [2024-12-07T17:22:27.533+0000] {override.py:1911} INFO - Created Permission View: can read on DAG Run:tutorial_dag
[2024-12-07T17:22:27.563+0000] {logging_mixin.py:190} INFO - [2024-12-07T17:22:27.562+0000] {override.py:1911} INFO - Created Permission View: can create on DAG Run:tutorial_dag
[2024-12-07T17:22:27.565+0000] {logging_mixin.py:190} INFO - [2024-12-07T17:22:27.564+0000] {dag.py:3239} INFO - Sync 1 DAGs
[2024-12-07T17:22:27.603+0000] {logging_mixin.py:190} INFO - [2024-12-07T17:22:27.603+0000] {dag.py:3262} INFO - Creating ORM DAG for tutorial_dag
[2024-12-07T17:22:27.605+0000] {logging_mixin.py:190} INFO - [2024-12-07T17:22:27.605+0000] {dag.py:4180} INFO - Setting next_dagrun for tutorial_dag to None, run_after=None
[2024-12-07T17:22:27.647+0000] {processor.py:208} INFO - Processing /home/airflow/.local/lib/python3.12/site-packages/airflow/example_dags/tutorial_dag.py took 0.706 seconds
[2024-12-07T17:23:09.789+0000] {processor.py:186} INFO - Started process (PID=498) to work on /home/airflow/.local/lib/python3.12/site-packages/airflow/example_dags/tutorial_dag.py
[2024-12-07T17:23:09.792+0000] {processor.py:914} INFO - Processing file /home/airflow/.local/lib/python3.12/site-packages/airflow/example_dags/tutorial_dag.py for tasks to queue
[2024-12-07T17:23:09.797+0000] {logging_mixin.py:190} INFO - [2024-12-07T17:23:09.796+0000] {dagbag.py:588} INFO - Filling up the DagBag from /home/airflow/.local/lib/python3.12/site-packages/airflow/example_dags/tutorial_dag.py
[2024-12-07T17:23:09.811+0000] {processor.py:925} INFO - DAG(s) 'tutorial_dag' retrieved from /home/airflow/.local/lib/python3.12/site-packages/airflow/example_dags/tutorial_dag.py
[2024-12-07T17:23:09.882+0000] {logging_mixin.py:190} INFO - [2024-12-07T17:23:09.881+0000] {dag.py:3239} INFO - Sync 1 DAGs
[2024-12-07T17:23:09.925+0000] {logging_mixin.py:190} INFO - [2024-12-07T17:23:09.924+0000] {dag.py:4180} INFO - Setting next_dagrun for tutorial_dag to None, run_after=None
[2024-12-07T17:23:09.982+0000] {processor.py:208} INFO - Processing /home/airflow/.local/lib/python3.12/site-packages/airflow/example_dags/tutorial_dag.py took 0.204 seconds
[2024-12-07T17:23:40.474+0000] {processor.py:186} INFO - Started process (PID=784) to work on /home/airflow/.local/lib/python3.12/site-packages/airflow/example_dags/tutorial_dag.py
[2024-12-07T17:23:40.476+0000] {processor.py:914} INFO - Processing file /home/airflow/.local/lib/python3.12/site-packages/airflow/example_dags/tutorial_dag.py for tasks to queue
[2024-12-07T17:23:40.479+0000] {logging_mixin.py:190} INFO - [2024-12-07T17:23:40.479+0000] {dagbag.py:588} INFO - Filling up the DagBag from /home/airflow/.local/lib/python3.12/site-packages/airflow/example_dags/tutorial_dag.py
[2024-12-07T17:23:40.489+0000] {processor.py:925} INFO - DAG(s) 'tutorial_dag' retrieved from /home/airflow/.local/lib/python3.12/site-packages/airflow/example_dags/tutorial_dag.py
[2024-12-07T17:23:40.512+0000] {logging_mixin.py:190} INFO - [2024-12-07T17:23:40.512+0000] {dag.py:3239} INFO - Sync 1 DAGs
[2024-12-07T17:23:40.530+0000] {logging_mixin.py:190} INFO - [2024-12-07T17:23:40.530+0000] {dag.py:4180} INFO - Setting next_dagrun for tutorial_dag to None, run_after=None
[2024-12-07T17:23:41.470+0000] {processor.py:208} INFO - Processing /home/airflow/.local/lib/python3.12/site-packages/airflow/example_dags/tutorial_dag.py took 1.006 seconds
[2024-12-07T17:24:14.065+0000] {processor.py:186} INFO - Started process (PID=1075) to work on /home/airflow/.local/lib/python3.12/site-packages/airflow/example_dags/tutorial_dag.py
[2024-12-07T17:24:14.067+0000] {processor.py:914} INFO - Processing file /home/airflow/.local/lib/python3.12/site-packages/airflow/example_dags/tutorial_dag.py for tasks to queue
[2024-12-07T17:24:14.076+0000] {logging_mixin.py:190} INFO - [2024-12-07T17:24:14.075+0000] {dagbag.py:588} INFO - Filling up the DagBag from /home/airflow/.local/lib/python3.12/site-packages/airflow/example_dags/tutorial_dag.py
[2024-12-07T17:24:14.099+0000] {processor.py:925} INFO - DAG(s) 'tutorial_dag' retrieved from /home/airflow/.local/lib/python3.12/site-packages/airflow/example_dags/tutorial_dag.py
[2024-12-07T17:24:14.175+0000] {logging_mixin.py:190} INFO - [2024-12-07T17:24:14.174+0000] {dag.py:3239} INFO - Sync 1 DAGs
[2024-12-07T17:24:14.206+0000] {logging_mixin.py:190} INFO - [2024-12-07T17:24:14.206+0000] {dag.py:4180} INFO - Setting next_dagrun for tutorial_dag to None, run_after=None
[2024-12-07T17:24:14.246+0000] {processor.py:208} INFO - Processing /home/airflow/.local/lib/python3.12/site-packages/airflow/example_dags/tutorial_dag.py took 0.206 seconds
[2024-12-07T17:24:48.100+0000] {processor.py:186} INFO - Started process (PID=1334) to work on /home/airflow/.local/lib/python3.12/site-packages/airflow/example_dags/tutorial_dag.py
[2024-12-07T17:24:48.103+0000] {processor.py:914} INFO - Processing file /home/airflow/.local/lib/python3.12/site-packages/airflow/example_dags/tutorial_dag.py for tasks to queue
[2024-12-07T17:24:48.108+0000] {logging_mixin.py:190} INFO - [2024-12-07T17:24:48.107+0000] {dagbag.py:588} INFO - Filling up the DagBag from /home/airflow/.local/lib/python3.12/site-packages/airflow/example_dags/tutorial_dag.py
[2024-12-07T17:24:48.120+0000] {processor.py:925} INFO - DAG(s) 'tutorial_dag' retrieved from /home/airflow/.local/lib/python3.12/site-packages/airflow/example_dags/tutorial_dag.py
[2024-12-07T17:24:48.157+0000] {logging_mixin.py:190} INFO - [2024-12-07T17:24:48.156+0000] {dag.py:3239} INFO - Sync 1 DAGs
[2024-12-07T17:24:48.197+0000] {logging_mixin.py:190} INFO - [2024-12-07T17:24:48.197+0000] {dag.py:4180} INFO - Setting next_dagrun for tutorial_dag to None, run_after=None
[2024-12-07T17:24:48.267+0000] {processor.py:208} INFO - Processing /home/airflow/.local/lib/python3.12/site-packages/airflow/example_dags/tutorial_dag.py took 0.180 seconds
[2024-12-07T17:25:18.670+0000] {processor.py:186} INFO - Started process (PID=1624) to work on /home/airflow/.local/lib/python3.12/site-packages/airflow/example_dags/tutorial_dag.py
[2024-12-07T17:25:18.671+0000] {processor.py:914} INFO - Processing file /home/airflow/.local/lib/python3.12/site-packages/airflow/example_dags/tutorial_dag.py for tasks to queue
[2024-12-07T17:25:18.676+0000] {logging_mixin.py:190} INFO - [2024-12-07T17:25:18.675+0000] {dagbag.py:588} INFO - Filling up the DagBag from /home/airflow/.local/lib/python3.12/site-packages/airflow/example_dags/tutorial_dag.py
[2024-12-07T17:25:18.686+0000] {processor.py:925} INFO - DAG(s) 'tutorial_dag' retrieved from /home/airflow/.local/lib/python3.12/site-packages/airflow/example_dags/tutorial_dag.py
[2024-12-07T17:25:18.716+0000] {logging_mixin.py:190} INFO - [2024-12-07T17:25:18.715+0000] {dag.py:3239} INFO - Sync 1 DAGs
[2024-12-07T17:25:18.743+0000] {logging_mixin.py:190} INFO - [2024-12-07T17:25:18.743+0000] {dag.py:4180} INFO - Setting next_dagrun for tutorial_dag to None, run_after=None
[2024-12-07T17:25:18.781+0000] {processor.py:208} INFO - Processing /home/airflow/.local/lib/python3.12/site-packages/airflow/example_dags/tutorial_dag.py took 0.121 seconds
[2024-12-07T17:25:49.315+0000] {processor.py:186} INFO - Started process (PID=1915) to work on /home/airflow/.local/lib/python3.12/site-packages/airflow/example_dags/tutorial_dag.py
[2024-12-07T17:25:49.316+0000] {processor.py:914} INFO - Processing file /home/airflow/.local/lib/python3.12/site-packages/airflow/example_dags/tutorial_dag.py for tasks to queue
[2024-12-07T17:25:49.320+0000] {logging_mixin.py:190} INFO - [2024-12-07T17:25:49.320+0000] {dagbag.py:588} INFO - Filling up the DagBag from /home/airflow/.local/lib/python3.12/site-packages/airflow/example_dags/tutorial_dag.py
[2024-12-07T17:25:49.335+0000] {processor.py:925} INFO - DAG(s) 'tutorial_dag' retrieved from /home/airflow/.local/lib/python3.12/site-packages/airflow/example_dags/tutorial_dag.py
[2024-12-07T17:25:49.378+0000] {logging_mixin.py:190} INFO - [2024-12-07T17:25:49.377+0000] {dag.py:3239} INFO - Sync 1 DAGs
[2024-12-07T17:25:49.410+0000] {logging_mixin.py:190} INFO - [2024-12-07T17:25:49.410+0000] {dag.py:4180} INFO - Setting next_dagrun for tutorial_dag to None, run_after=None
[2024-12-07T17:25:49.451+0000] {processor.py:208} INFO - Processing /home/airflow/.local/lib/python3.12/site-packages/airflow/example_dags/tutorial_dag.py took 0.145 seconds
[2024-12-07T17:26:19.784+0000] {processor.py:186} INFO - Started process (PID=2202) to work on /home/airflow/.local/lib/python3.12/site-packages/airflow/example_dags/tutorial_dag.py
[2024-12-07T17:26:19.785+0000] {processor.py:914} INFO - Processing file /home/airflow/.local/lib/python3.12/site-packages/airflow/example_dags/tutorial_dag.py for tasks to queue
[2024-12-07T17:26:19.791+0000] {logging_mixin.py:190} INFO - [2024-12-07T17:26:19.790+0000] {dagbag.py:588} INFO - Filling up the DagBag from /home/airflow/.local/lib/python3.12/site-packages/airflow/example_dags/tutorial_dag.py
[2024-12-07T17:26:19.807+0000] {processor.py:925} INFO - DAG(s) 'tutorial_dag' retrieved from /home/airflow/.local/lib/python3.12/site-packages/airflow/example_dags/tutorial_dag.py
[2024-12-07T17:26:19.858+0000] {logging_mixin.py:190} INFO - [2024-12-07T17:26:19.858+0000] {dag.py:3239} INFO - Sync 1 DAGs
[2024-12-07T17:26:19.928+0000] {logging_mixin.py:190} INFO - [2024-12-07T17:26:19.923+0000] {dag.py:4180} INFO - Setting next_dagrun for tutorial_dag to None, run_after=None
[2024-12-07T17:26:19.997+0000] {processor.py:208} INFO - Processing /home/airflow/.local/lib/python3.12/site-packages/airflow/example_dags/tutorial_dag.py took 0.223 seconds
[2024-12-07T17:26:50.844+0000] {processor.py:186} INFO - Started process (PID=2493) to work on /home/airflow/.local/lib/python3.12/site-packages/airflow/example_dags/tutorial_dag.py
[2024-12-07T17:26:50.845+0000] {processor.py:914} INFO - Processing file /home/airflow/.local/lib/python3.12/site-packages/airflow/example_dags/tutorial_dag.py for tasks to queue
[2024-12-07T17:26:50.849+0000] {logging_mixin.py:190} INFO - [2024-12-07T17:26:50.848+0000] {dagbag.py:588} INFO - Filling up the DagBag from /home/airflow/.local/lib/python3.12/site-packages/airflow/example_dags/tutorial_dag.py
[2024-12-07T17:26:50.859+0000] {processor.py:925} INFO - DAG(s) 'tutorial_dag' retrieved from /home/airflow/.local/lib/python3.12/site-packages/airflow/example_dags/tutorial_dag.py
[2024-12-07T17:26:50.891+0000] {logging_mixin.py:190} INFO - [2024-12-07T17:26:50.891+0000] {dag.py:3239} INFO - Sync 1 DAGs
[2024-12-07T17:26:50.916+0000] {logging_mixin.py:190} INFO - [2024-12-07T17:26:50.915+0000] {dag.py:4180} INFO - Setting next_dagrun for tutorial_dag to None, run_after=None
[2024-12-07T17:26:50.950+0000] {processor.py:208} INFO - Processing /home/airflow/.local/lib/python3.12/site-packages/airflow/example_dags/tutorial_dag.py took 0.117 seconds
[2024-12-07T17:27:21.210+0000] {processor.py:186} INFO - Started process (PID=2784) to work on /home/airflow/.local/lib/python3.12/site-packages/airflow/example_dags/tutorial_dag.py
[2024-12-07T17:27:21.211+0000] {processor.py:914} INFO - Processing file /home/airflow/.local/lib/python3.12/site-packages/airflow/example_dags/tutorial_dag.py for tasks to queue
[2024-12-07T17:27:21.216+0000] {logging_mixin.py:190} INFO - [2024-12-07T17:27:21.215+0000] {dagbag.py:588} INFO - Filling up the DagBag from /home/airflow/.local/lib/python3.12/site-packages/airflow/example_dags/tutorial_dag.py
[2024-12-07T17:27:21.227+0000] {processor.py:925} INFO - DAG(s) 'tutorial_dag' retrieved from /home/airflow/.local/lib/python3.12/site-packages/airflow/example_dags/tutorial_dag.py
[2024-12-07T17:27:21.263+0000] {logging_mixin.py:190} INFO - [2024-12-07T17:27:21.262+0000] {dag.py:3239} INFO - Sync 1 DAGs
[2024-12-07T17:27:21.287+0000] {logging_mixin.py:190} INFO - [2024-12-07T17:27:21.287+0000] {dag.py:4180} INFO - Setting next_dagrun for tutorial_dag to None, run_after=None
[2024-12-07T17:27:21.324+0000] {processor.py:208} INFO - Processing /home/airflow/.local/lib/python3.12/site-packages/airflow/example_dags/tutorial_dag.py took 0.123 seconds
[2024-12-07T17:27:51.441+0000] {processor.py:186} INFO - Started process (PID=3075) to work on /home/airflow/.local/lib/python3.12/site-packages/airflow/example_dags/tutorial_dag.py
[2024-12-07T17:27:51.442+0000] {processor.py:914} INFO - Processing file /home/airflow/.local/lib/python3.12/site-packages/airflow/example_dags/tutorial_dag.py for tasks to queue
[2024-12-07T17:27:51.446+0000] {logging_mixin.py:190} INFO - [2024-12-07T17:27:51.445+0000] {dagbag.py:588} INFO - Filling up the DagBag from /home/airflow/.local/lib/python3.12/site-packages/airflow/example_dags/tutorial_dag.py
[2024-12-07T17:27:51.455+0000] {processor.py:925} INFO - DAG(s) 'tutorial_dag' retrieved from /home/airflow/.local/lib/python3.12/site-packages/airflow/example_dags/tutorial_dag.py
[2024-12-07T17:27:51.481+0000] {logging_mixin.py:190} INFO - [2024-12-07T17:27:51.481+0000] {dag.py:3239} INFO - Sync 1 DAGs
[2024-12-07T17:27:51.506+0000] {logging_mixin.py:190} INFO - [2024-12-07T17:27:51.506+0000] {dag.py:4180} INFO - Setting next_dagrun for tutorial_dag to None, run_after=None
[2024-12-07T17:27:51.536+0000] {processor.py:208} INFO - Processing /home/airflow/.local/lib/python3.12/site-packages/airflow/example_dags/tutorial_dag.py took 0.105 seconds
[2024-12-07T17:28:22.252+0000] {processor.py:186} INFO - Started process (PID=3364) to work on /home/airflow/.local/lib/python3.12/site-packages/airflow/example_dags/tutorial_dag.py
[2024-12-07T17:28:22.254+0000] {processor.py:914} INFO - Processing file /home/airflow/.local/lib/python3.12/site-packages/airflow/example_dags/tutorial_dag.py for tasks to queue
[2024-12-07T17:28:22.258+0000] {logging_mixin.py:190} INFO - [2024-12-07T17:28:22.258+0000] {dagbag.py:588} INFO - Filling up the DagBag from /home/airflow/.local/lib/python3.12/site-packages/airflow/example_dags/tutorial_dag.py
[2024-12-07T17:28:22.275+0000] {processor.py:925} INFO - DAG(s) 'tutorial_dag' retrieved from /home/airflow/.local/lib/python3.12/site-packages/airflow/example_dags/tutorial_dag.py
[2024-12-07T17:28:22.328+0000] {logging_mixin.py:190} INFO - [2024-12-07T17:28:22.327+0000] {dag.py:3239} INFO - Sync 1 DAGs
[2024-12-07T17:28:22.362+0000] {logging_mixin.py:190} INFO - [2024-12-07T17:28:22.361+0000] {dag.py:4180} INFO - Setting next_dagrun for tutorial_dag to None, run_after=None
[2024-12-07T17:28:22.429+0000] {processor.py:208} INFO - Processing /home/airflow/.local/lib/python3.12/site-packages/airflow/example_dags/tutorial_dag.py took 0.190 seconds
[2024-12-07T17:28:56.399+0000] {processor.py:186} INFO - Started process (PID=3650) to work on /home/airflow/.local/lib/python3.12/site-packages/airflow/example_dags/tutorial_dag.py
[2024-12-07T17:28:56.401+0000] {processor.py:914} INFO - Processing file /home/airflow/.local/lib/python3.12/site-packages/airflow/example_dags/tutorial_dag.py for tasks to queue
[2024-12-07T17:28:56.406+0000] {logging_mixin.py:190} INFO - [2024-12-07T17:28:56.405+0000] {dagbag.py:588} INFO - Filling up the DagBag from /home/airflow/.local/lib/python3.12/site-packages/airflow/example_dags/tutorial_dag.py
[2024-12-07T17:28:56.422+0000] {processor.py:925} INFO - DAG(s) 'tutorial_dag' retrieved from /home/airflow/.local/lib/python3.12/site-packages/airflow/example_dags/tutorial_dag.py
[2024-12-07T17:28:56.484+0000] {logging_mixin.py:190} INFO - [2024-12-07T17:28:56.483+0000] {dag.py:3239} INFO - Sync 1 DAGs
[2024-12-07T17:28:56.545+0000] {logging_mixin.py:190} INFO - [2024-12-07T17:28:56.544+0000] {dag.py:4180} INFO - Setting next_dagrun for tutorial_dag to None, run_after=None
[2024-12-07T17:28:56.644+0000] {processor.py:208} INFO - Processing /home/airflow/.local/lib/python3.12/site-packages/airflow/example_dags/tutorial_dag.py took 0.267 seconds
[2024-12-07T17:29:27.086+0000] {processor.py:186} INFO - Started process (PID=3943) to work on /home/airflow/.local/lib/python3.12/site-packages/airflow/example_dags/tutorial_dag.py
[2024-12-07T17:29:27.093+0000] {processor.py:914} INFO - Processing file /home/airflow/.local/lib/python3.12/site-packages/airflow/example_dags/tutorial_dag.py for tasks to queue
[2024-12-07T17:29:27.101+0000] {logging_mixin.py:190} INFO - [2024-12-07T17:29:27.098+0000] {dagbag.py:588} INFO - Filling up the DagBag from /home/airflow/.local/lib/python3.12/site-packages/airflow/example_dags/tutorial_dag.py
[2024-12-07T17:29:27.122+0000] {processor.py:925} INFO - DAG(s) 'tutorial_dag' retrieved from /home/airflow/.local/lib/python3.12/site-packages/airflow/example_dags/tutorial_dag.py
[2024-12-07T17:29:27.179+0000] {logging_mixin.py:190} INFO - [2024-12-07T17:29:27.179+0000] {dag.py:3239} INFO - Sync 1 DAGs
[2024-12-07T17:29:27.226+0000] {logging_mixin.py:190} INFO - [2024-12-07T17:29:27.226+0000] {dag.py:4180} INFO - Setting next_dagrun for tutorial_dag to None, run_after=None
[2024-12-07T17:29:27.266+0000] {processor.py:208} INFO - Processing /home/airflow/.local/lib/python3.12/site-packages/airflow/example_dags/tutorial_dag.py took 0.197 seconds
[2024-12-07T17:29:57.631+0000] {processor.py:186} INFO - Started process (PID=4234) to work on /home/airflow/.local/lib/python3.12/site-packages/airflow/example_dags/tutorial_dag.py
[2024-12-07T17:29:57.632+0000] {processor.py:914} INFO - Processing file /home/airflow/.local/lib/python3.12/site-packages/airflow/example_dags/tutorial_dag.py for tasks to queue
[2024-12-07T17:29:57.635+0000] {logging_mixin.py:190} INFO - [2024-12-07T17:29:57.634+0000] {dagbag.py:588} INFO - Filling up the DagBag from /home/airflow/.local/lib/python3.12/site-packages/airflow/example_dags/tutorial_dag.py
[2024-12-07T17:29:57.644+0000] {processor.py:925} INFO - DAG(s) 'tutorial_dag' retrieved from /home/airflow/.local/lib/python3.12/site-packages/airflow/example_dags/tutorial_dag.py
[2024-12-07T17:29:57.672+0000] {logging_mixin.py:190} INFO - [2024-12-07T17:29:57.672+0000] {dag.py:3239} INFO - Sync 1 DAGs
[2024-12-07T17:29:57.693+0000] {logging_mixin.py:190} INFO - [2024-12-07T17:29:57.692+0000] {dag.py:4180} INFO - Setting next_dagrun for tutorial_dag to None, run_after=None
[2024-12-07T17:29:57.725+0000] {processor.py:208} INFO - Processing /home/airflow/.local/lib/python3.12/site-packages/airflow/example_dags/tutorial_dag.py took 0.102 seconds
[2024-12-07T17:30:28.204+0000] {processor.py:186} INFO - Started process (PID=4520) to work on /home/airflow/.local/lib/python3.12/site-packages/airflow/example_dags/tutorial_dag.py
[2024-12-07T17:30:28.205+0000] {processor.py:914} INFO - Processing file /home/airflow/.local/lib/python3.12/site-packages/airflow/example_dags/tutorial_dag.py for tasks to queue
[2024-12-07T17:30:28.209+0000] {logging_mixin.py:190} INFO - [2024-12-07T17:30:28.208+0000] {dagbag.py:588} INFO - Filling up the DagBag from /home/airflow/.local/lib/python3.12/site-packages/airflow/example_dags/tutorial_dag.py
[2024-12-07T17:30:28.218+0000] {processor.py:925} INFO - DAG(s) 'tutorial_dag' retrieved from /home/airflow/.local/lib/python3.12/site-packages/airflow/example_dags/tutorial_dag.py
[2024-12-07T17:30:28.245+0000] {logging_mixin.py:190} INFO - [2024-12-07T17:30:28.245+0000] {dag.py:3239} INFO - Sync 1 DAGs
[2024-12-07T17:30:28.268+0000] {logging_mixin.py:190} INFO - [2024-12-07T17:30:28.268+0000] {dag.py:4180} INFO - Setting next_dagrun for tutorial_dag to None, run_after=None
[2024-12-07T17:30:28.303+0000] {processor.py:208} INFO - Processing /home/airflow/.local/lib/python3.12/site-packages/airflow/example_dags/tutorial_dag.py took 0.109 seconds
[2024-12-07T17:30:58.480+0000] {processor.py:186} INFO - Started process (PID=4810) to work on /home/airflow/.local/lib/python3.12/site-packages/airflow/example_dags/tutorial_dag.py
[2024-12-07T17:30:58.481+0000] {processor.py:914} INFO - Processing file /home/airflow/.local/lib/python3.12/site-packages/airflow/example_dags/tutorial_dag.py for tasks to queue
[2024-12-07T17:30:58.484+0000] {logging_mixin.py:190} INFO - [2024-12-07T17:30:58.484+0000] {dagbag.py:588} INFO - Filling up the DagBag from /home/airflow/.local/lib/python3.12/site-packages/airflow/example_dags/tutorial_dag.py
[2024-12-07T17:30:58.497+0000] {processor.py:925} INFO - DAG(s) 'tutorial_dag' retrieved from /home/airflow/.local/lib/python3.12/site-packages/airflow/example_dags/tutorial_dag.py
[2024-12-07T17:30:58.522+0000] {logging_mixin.py:190} INFO - [2024-12-07T17:30:58.521+0000] {dag.py:3239} INFO - Sync 1 DAGs
[2024-12-07T17:30:58.545+0000] {logging_mixin.py:190} INFO - [2024-12-07T17:30:58.545+0000] {dag.py:4180} INFO - Setting next_dagrun for tutorial_dag to None, run_after=None
[2024-12-07T17:30:58.572+0000] {processor.py:208} INFO - Processing /home/airflow/.local/lib/python3.12/site-packages/airflow/example_dags/tutorial_dag.py took 0.100 seconds
[2024-12-07T17:31:28.997+0000] {processor.py:186} INFO - Started process (PID=5091) to work on /home/airflow/.local/lib/python3.12/site-packages/airflow/example_dags/tutorial_dag.py
[2024-12-07T17:31:28.999+0000] {processor.py:914} INFO - Processing file /home/airflow/.local/lib/python3.12/site-packages/airflow/example_dags/tutorial_dag.py for tasks to queue
[2024-12-07T17:31:29.004+0000] {logging_mixin.py:190} INFO - [2024-12-07T17:31:29.004+0000] {dagbag.py:588} INFO - Filling up the DagBag from /home/airflow/.local/lib/python3.12/site-packages/airflow/example_dags/tutorial_dag.py
[2024-12-07T17:31:29.029+0000] {processor.py:925} INFO - DAG(s) 'tutorial_dag' retrieved from /home/airflow/.local/lib/python3.12/site-packages/airflow/example_dags/tutorial_dag.py
[2024-12-07T17:31:29.063+0000] {logging_mixin.py:190} INFO - [2024-12-07T17:31:29.063+0000] {dag.py:3239} INFO - Sync 1 DAGs
[2024-12-07T17:31:29.093+0000] {logging_mixin.py:190} INFO - [2024-12-07T17:31:29.093+0000] {dag.py:4180} INFO - Setting next_dagrun for tutorial_dag to None, run_after=None
[2024-12-07T17:31:29.120+0000] {processor.py:208} INFO - Processing /home/airflow/.local/lib/python3.12/site-packages/airflow/example_dags/tutorial_dag.py took 0.137 seconds
[2024-12-07T17:31:59.524+0000] {processor.py:186} INFO - Started process (PID=5382) to work on /home/airflow/.local/lib/python3.12/site-packages/airflow/example_dags/tutorial_dag.py
[2024-12-07T17:31:59.526+0000] {processor.py:914} INFO - Processing file /home/airflow/.local/lib/python3.12/site-packages/airflow/example_dags/tutorial_dag.py for tasks to queue
[2024-12-07T17:31:59.530+0000] {logging_mixin.py:190} INFO - [2024-12-07T17:31:59.530+0000] {dagbag.py:588} INFO - Filling up the DagBag from /home/airflow/.local/lib/python3.12/site-packages/airflow/example_dags/tutorial_dag.py
[2024-12-07T17:31:59.551+0000] {processor.py:925} INFO - DAG(s) 'tutorial_dag' retrieved from /home/airflow/.local/lib/python3.12/site-packages/airflow/example_dags/tutorial_dag.py
[2024-12-07T17:31:59.599+0000] {logging_mixin.py:190} INFO - [2024-12-07T17:31:59.599+0000] {dag.py:3239} INFO - Sync 1 DAGs
[2024-12-07T17:31:59.631+0000] {logging_mixin.py:190} INFO - [2024-12-07T17:31:59.631+0000] {dag.py:4180} INFO - Setting next_dagrun for tutorial_dag to None, run_after=None
[2024-12-07T17:31:59.694+0000] {processor.py:208} INFO - Processing /home/airflow/.local/lib/python3.12/site-packages/airflow/example_dags/tutorial_dag.py took 0.183 seconds
[2024-12-07T17:32:30.062+0000] {processor.py:186} INFO - Started process (PID=5672) to work on /home/airflow/.local/lib/python3.12/site-packages/airflow/example_dags/tutorial_dag.py
[2024-12-07T17:32:30.064+0000] {processor.py:914} INFO - Processing file /home/airflow/.local/lib/python3.12/site-packages/airflow/example_dags/tutorial_dag.py for tasks to queue
[2024-12-07T17:32:30.067+0000] {logging_mixin.py:190} INFO - [2024-12-07T17:32:30.067+0000] {dagbag.py:588} INFO - Filling up the DagBag from /home/airflow/.local/lib/python3.12/site-packages/airflow/example_dags/tutorial_dag.py
[2024-12-07T17:32:30.078+0000] {processor.py:925} INFO - DAG(s) 'tutorial_dag' retrieved from /home/airflow/.local/lib/python3.12/site-packages/airflow/example_dags/tutorial_dag.py
[2024-12-07T17:32:30.122+0000] {logging_mixin.py:190} INFO - [2024-12-07T17:32:30.121+0000] {dag.py:3239} INFO - Sync 1 DAGs
[2024-12-07T17:32:30.155+0000] {logging_mixin.py:190} INFO - [2024-12-07T17:32:30.155+0000] {dag.py:4180} INFO - Setting next_dagrun for tutorial_dag to None, run_after=None
[2024-12-07T17:32:30.193+0000] {processor.py:208} INFO - Processing /home/airflow/.local/lib/python3.12/site-packages/airflow/example_dags/tutorial_dag.py took 0.138 seconds
[2024-12-07T17:33:00.453+0000] {processor.py:186} INFO - Started process (PID=5959) to work on /home/airflow/.local/lib/python3.12/site-packages/airflow/example_dags/tutorial_dag.py
[2024-12-07T17:33:00.455+0000] {processor.py:914} INFO - Processing file /home/airflow/.local/lib/python3.12/site-packages/airflow/example_dags/tutorial_dag.py for tasks to queue
[2024-12-07T17:33:00.459+0000] {logging_mixin.py:190} INFO - [2024-12-07T17:33:00.458+0000] {dagbag.py:588} INFO - Filling up the DagBag from /home/airflow/.local/lib/python3.12/site-packages/airflow/example_dags/tutorial_dag.py
[2024-12-07T17:33:00.469+0000] {processor.py:925} INFO - DAG(s) 'tutorial_dag' retrieved from /home/airflow/.local/lib/python3.12/site-packages/airflow/example_dags/tutorial_dag.py
[2024-12-07T17:33:00.505+0000] {logging_mixin.py:190} INFO - [2024-12-07T17:33:00.505+0000] {dag.py:3239} INFO - Sync 1 DAGs
[2024-12-07T17:33:00.526+0000] {logging_mixin.py:190} INFO - [2024-12-07T17:33:00.526+0000] {dag.py:4180} INFO - Setting next_dagrun for tutorial_dag to None, run_after=None
[2024-12-07T17:33:00.581+0000] {processor.py:208} INFO - Processing /home/airflow/.local/lib/python3.12/site-packages/airflow/example_dags/tutorial_dag.py took 0.140 seconds
[2024-12-07T17:33:30.915+0000] {processor.py:186} INFO - Started process (PID=6248) to work on /home/airflow/.local/lib/python3.12/site-packages/airflow/example_dags/tutorial_dag.py
[2024-12-07T17:33:30.916+0000] {processor.py:914} INFO - Processing file /home/airflow/.local/lib/python3.12/site-packages/airflow/example_dags/tutorial_dag.py for tasks to queue
[2024-12-07T17:33:30.919+0000] {logging_mixin.py:190} INFO - [2024-12-07T17:33:30.919+0000] {dagbag.py:588} INFO - Filling up the DagBag from /home/airflow/.local/lib/python3.12/site-packages/airflow/example_dags/tutorial_dag.py
[2024-12-07T17:33:30.930+0000] {processor.py:925} INFO - DAG(s) 'tutorial_dag' retrieved from /home/airflow/.local/lib/python3.12/site-packages/airflow/example_dags/tutorial_dag.py
[2024-12-07T17:33:30.956+0000] {logging_mixin.py:190} INFO - [2024-12-07T17:33:30.956+0000] {dag.py:3239} INFO - Sync 1 DAGs
[2024-12-07T17:33:30.977+0000] {logging_mixin.py:190} INFO - [2024-12-07T17:33:30.977+0000] {dag.py:4180} INFO - Setting next_dagrun for tutorial_dag to None, run_after=None
[2024-12-07T17:33:31.009+0000] {processor.py:208} INFO - Processing /home/airflow/.local/lib/python3.12/site-packages/airflow/example_dags/tutorial_dag.py took 0.102 seconds
[2024-12-07T17:34:01.823+0000] {processor.py:186} INFO - Started process (PID=6539) to work on /home/airflow/.local/lib/python3.12/site-packages/airflow/example_dags/tutorial_dag.py
[2024-12-07T17:34:01.825+0000] {processor.py:914} INFO - Processing file /home/airflow/.local/lib/python3.12/site-packages/airflow/example_dags/tutorial_dag.py for tasks to queue
[2024-12-07T17:34:01.828+0000] {logging_mixin.py:190} INFO - [2024-12-07T17:34:01.827+0000] {dagbag.py:588} INFO - Filling up the DagBag from /home/airflow/.local/lib/python3.12/site-packages/airflow/example_dags/tutorial_dag.py
[2024-12-07T17:34:01.837+0000] {processor.py:925} INFO - DAG(s) 'tutorial_dag' retrieved from /home/airflow/.local/lib/python3.12/site-packages/airflow/example_dags/tutorial_dag.py
[2024-12-07T17:34:01.865+0000] {logging_mixin.py:190} INFO - [2024-12-07T17:34:01.865+0000] {dag.py:3239} INFO - Sync 1 DAGs
[2024-12-07T17:34:01.885+0000] {logging_mixin.py:190} INFO - [2024-12-07T17:34:01.884+0000] {dag.py:4180} INFO - Setting next_dagrun for tutorial_dag to None, run_after=None
[2024-12-07T17:34:01.913+0000] {processor.py:208} INFO - Processing /home/airflow/.local/lib/python3.12/site-packages/airflow/example_dags/tutorial_dag.py took 0.098 seconds
[2024-12-07T17:34:32.696+0000] {processor.py:186} INFO - Started process (PID=6830) to work on /home/airflow/.local/lib/python3.12/site-packages/airflow/example_dags/tutorial_dag.py
[2024-12-07T17:34:32.697+0000] {processor.py:914} INFO - Processing file /home/airflow/.local/lib/python3.12/site-packages/airflow/example_dags/tutorial_dag.py for tasks to queue
[2024-12-07T17:34:32.701+0000] {logging_mixin.py:190} INFO - [2024-12-07T17:34:32.701+0000] {dagbag.py:588} INFO - Filling up the DagBag from /home/airflow/.local/lib/python3.12/site-packages/airflow/example_dags/tutorial_dag.py
[2024-12-07T17:34:32.711+0000] {processor.py:925} INFO - DAG(s) 'tutorial_dag' retrieved from /home/airflow/.local/lib/python3.12/site-packages/airflow/example_dags/tutorial_dag.py
[2024-12-07T17:34:32.738+0000] {logging_mixin.py:190} INFO - [2024-12-07T17:34:32.738+0000] {dag.py:3239} INFO - Sync 1 DAGs
[2024-12-07T17:34:32.760+0000] {logging_mixin.py:190} INFO - [2024-12-07T17:34:32.759+0000] {dag.py:4180} INFO - Setting next_dagrun for tutorial_dag to None, run_after=None
[2024-12-07T17:34:32.791+0000] {processor.py:208} INFO - Processing /home/airflow/.local/lib/python3.12/site-packages/airflow/example_dags/tutorial_dag.py took 0.102 seconds
[2024-12-07T17:35:03.032+0000] {processor.py:186} INFO - Started process (PID=7116) to work on /home/airflow/.local/lib/python3.12/site-packages/airflow/example_dags/tutorial_dag.py
[2024-12-07T17:35:03.033+0000] {processor.py:914} INFO - Processing file /home/airflow/.local/lib/python3.12/site-packages/airflow/example_dags/tutorial_dag.py for tasks to queue
[2024-12-07T17:35:03.037+0000] {logging_mixin.py:190} INFO - [2024-12-07T17:35:03.036+0000] {dagbag.py:588} INFO - Filling up the DagBag from /home/airflow/.local/lib/python3.12/site-packages/airflow/example_dags/tutorial_dag.py
[2024-12-07T17:35:03.048+0000] {processor.py:925} INFO - DAG(s) 'tutorial_dag' retrieved from /home/airflow/.local/lib/python3.12/site-packages/airflow/example_dags/tutorial_dag.py
[2024-12-07T17:35:03.075+0000] {logging_mixin.py:190} INFO - [2024-12-07T17:35:03.075+0000] {dag.py:3239} INFO - Sync 1 DAGs
[2024-12-07T17:35:03.095+0000] {logging_mixin.py:190} INFO - [2024-12-07T17:35:03.094+0000] {dag.py:4180} INFO - Setting next_dagrun for tutorial_dag to None, run_after=None
[2024-12-07T17:35:03.120+0000] {processor.py:208} INFO - Processing /home/airflow/.local/lib/python3.12/site-packages/airflow/example_dags/tutorial_dag.py took 0.098 seconds
[2024-12-07T17:35:34.279+0000] {processor.py:186} INFO - Started process (PID=7407) to work on /home/airflow/.local/lib/python3.12/site-packages/airflow/example_dags/tutorial_dag.py
[2024-12-07T17:35:34.281+0000] {processor.py:914} INFO - Processing file /home/airflow/.local/lib/python3.12/site-packages/airflow/example_dags/tutorial_dag.py for tasks to queue
[2024-12-07T17:35:34.284+0000] {logging_mixin.py:190} INFO - [2024-12-07T17:35:34.284+0000] {dagbag.py:588} INFO - Filling up the DagBag from /home/airflow/.local/lib/python3.12/site-packages/airflow/example_dags/tutorial_dag.py
[2024-12-07T17:35:34.294+0000] {processor.py:925} INFO - DAG(s) 'tutorial_dag' retrieved from /home/airflow/.local/lib/python3.12/site-packages/airflow/example_dags/tutorial_dag.py
[2024-12-07T17:35:34.319+0000] {logging_mixin.py:190} INFO - [2024-12-07T17:35:34.319+0000] {dag.py:3239} INFO - Sync 1 DAGs
[2024-12-07T17:35:34.337+0000] {logging_mixin.py:190} INFO - [2024-12-07T17:35:34.337+0000] {dag.py:4180} INFO - Setting next_dagrun for tutorial_dag to None, run_after=None
[2024-12-07T17:35:34.368+0000] {processor.py:208} INFO - Processing /home/airflow/.local/lib/python3.12/site-packages/airflow/example_dags/tutorial_dag.py took 0.098 seconds
[2024-12-07T17:36:05.288+0000] {processor.py:186} INFO - Started process (PID=7699) to work on /home/airflow/.local/lib/python3.12/site-packages/airflow/example_dags/tutorial_dag.py
[2024-12-07T17:36:05.294+0000] {processor.py:914} INFO - Processing file /home/airflow/.local/lib/python3.12/site-packages/airflow/example_dags/tutorial_dag.py for tasks to queue
[2024-12-07T17:36:05.300+0000] {logging_mixin.py:190} INFO - [2024-12-07T17:36:05.299+0000] {dagbag.py:588} INFO - Filling up the DagBag from /home/airflow/.local/lib/python3.12/site-packages/airflow/example_dags/tutorial_dag.py
[2024-12-07T17:36:05.320+0000] {processor.py:925} INFO - DAG(s) 'tutorial_dag' retrieved from /home/airflow/.local/lib/python3.12/site-packages/airflow/example_dags/tutorial_dag.py
[2024-12-07T17:36:05.373+0000] {logging_mixin.py:190} INFO - [2024-12-07T17:36:05.373+0000] {dag.py:3239} INFO - Sync 1 DAGs
[2024-12-07T17:36:05.395+0000] {logging_mixin.py:190} INFO - [2024-12-07T17:36:05.395+0000] {dag.py:4180} INFO - Setting next_dagrun for tutorial_dag to None, run_after=None
[2024-12-07T17:36:05.422+0000] {processor.py:208} INFO - Processing /home/airflow/.local/lib/python3.12/site-packages/airflow/example_dags/tutorial_dag.py took 0.175 seconds
[2024-12-07T17:36:36.877+0000] {processor.py:186} INFO - Started process (PID=7965) to work on /home/airflow/.local/lib/python3.12/site-packages/airflow/example_dags/tutorial_dag.py
[2024-12-07T17:36:36.902+0000] {processor.py:914} INFO - Processing file /home/airflow/.local/lib/python3.12/site-packages/airflow/example_dags/tutorial_dag.py for tasks to queue
[2024-12-07T17:36:36.918+0000] {logging_mixin.py:190} INFO - [2024-12-07T17:36:36.918+0000] {dagbag.py:588} INFO - Filling up the DagBag from /home/airflow/.local/lib/python3.12/site-packages/airflow/example_dags/tutorial_dag.py
[2024-12-07T17:36:36.983+0000] {processor.py:925} INFO - DAG(s) 'tutorial_dag' retrieved from /home/airflow/.local/lib/python3.12/site-packages/airflow/example_dags/tutorial_dag.py
[2024-12-07T17:36:37.130+0000] {logging_mixin.py:190} INFO - [2024-12-07T17:36:37.129+0000] {dag.py:3239} INFO - Sync 1 DAGs
[2024-12-07T17:36:37.234+0000] {logging_mixin.py:190} INFO - [2024-12-07T17:36:37.233+0000] {dag.py:4180} INFO - Setting next_dagrun for tutorial_dag to None, run_after=None
[2024-12-07T17:36:37.633+0000] {processor.py:208} INFO - Processing /home/airflow/.local/lib/python3.12/site-packages/airflow/example_dags/tutorial_dag.py took 0.780 seconds
[2024-12-07T17:37:09.047+0000] {processor.py:186} INFO - Started process (PID=8257) to work on /home/airflow/.local/lib/python3.12/site-packages/airflow/example_dags/tutorial_dag.py
[2024-12-07T17:37:09.055+0000] {processor.py:914} INFO - Processing file /home/airflow/.local/lib/python3.12/site-packages/airflow/example_dags/tutorial_dag.py for tasks to queue
[2024-12-07T17:37:09.063+0000] {logging_mixin.py:190} INFO - [2024-12-07T17:37:09.061+0000] {dagbag.py:588} INFO - Filling up the DagBag from /home/airflow/.local/lib/python3.12/site-packages/airflow/example_dags/tutorial_dag.py
[2024-12-07T17:37:09.093+0000] {processor.py:925} INFO - DAG(s) 'tutorial_dag' retrieved from /home/airflow/.local/lib/python3.12/site-packages/airflow/example_dags/tutorial_dag.py
[2024-12-07T17:37:09.171+0000] {logging_mixin.py:190} INFO - [2024-12-07T17:37:09.170+0000] {dag.py:3239} INFO - Sync 1 DAGs
[2024-12-07T17:37:09.227+0000] {logging_mixin.py:190} INFO - [2024-12-07T17:37:09.226+0000] {dag.py:4180} INFO - Setting next_dagrun for tutorial_dag to None, run_after=None
[2024-12-07T17:37:09.355+0000] {processor.py:208} INFO - Processing /home/airflow/.local/lib/python3.12/site-packages/airflow/example_dags/tutorial_dag.py took 0.326 seconds
[2024-12-07T17:37:40.074+0000] {processor.py:186} INFO - Started process (PID=8545) to work on /home/airflow/.local/lib/python3.12/site-packages/airflow/example_dags/tutorial_dag.py
[2024-12-07T17:37:40.076+0000] {processor.py:914} INFO - Processing file /home/airflow/.local/lib/python3.12/site-packages/airflow/example_dags/tutorial_dag.py for tasks to queue
[2024-12-07T17:37:40.080+0000] {logging_mixin.py:190} INFO - [2024-12-07T17:37:40.080+0000] {dagbag.py:588} INFO - Filling up the DagBag from /home/airflow/.local/lib/python3.12/site-packages/airflow/example_dags/tutorial_dag.py
[2024-12-07T17:37:40.092+0000] {processor.py:925} INFO - DAG(s) 'tutorial_dag' retrieved from /home/airflow/.local/lib/python3.12/site-packages/airflow/example_dags/tutorial_dag.py
[2024-12-07T17:37:40.127+0000] {logging_mixin.py:190} INFO - [2024-12-07T17:37:40.126+0000] {dag.py:3239} INFO - Sync 1 DAGs
[2024-12-07T17:37:40.149+0000] {logging_mixin.py:190} INFO - [2024-12-07T17:37:40.148+0000] {dag.py:4180} INFO - Setting next_dagrun for tutorial_dag to None, run_after=None
[2024-12-07T17:37:40.177+0000] {processor.py:208} INFO - Processing /home/airflow/.local/lib/python3.12/site-packages/airflow/example_dags/tutorial_dag.py took 0.114 seconds
[2024-12-07T17:38:10.889+0000] {processor.py:186} INFO - Started process (PID=8836) to work on /home/airflow/.local/lib/python3.12/site-packages/airflow/example_dags/tutorial_dag.py
[2024-12-07T17:38:10.892+0000] {processor.py:914} INFO - Processing file /home/airflow/.local/lib/python3.12/site-packages/airflow/example_dags/tutorial_dag.py for tasks to queue
[2024-12-07T17:38:10.897+0000] {logging_mixin.py:190} INFO - [2024-12-07T17:38:10.896+0000] {dagbag.py:588} INFO - Filling up the DagBag from /home/airflow/.local/lib/python3.12/site-packages/airflow/example_dags/tutorial_dag.py
[2024-12-07T17:38:10.916+0000] {processor.py:925} INFO - DAG(s) 'tutorial_dag' retrieved from /home/airflow/.local/lib/python3.12/site-packages/airflow/example_dags/tutorial_dag.py
[2024-12-07T17:38:10.961+0000] {logging_mixin.py:190} INFO - [2024-12-07T17:38:10.961+0000] {dag.py:3239} INFO - Sync 1 DAGs
[2024-12-07T17:38:10.998+0000] {logging_mixin.py:190} INFO - [2024-12-07T17:38:10.997+0000] {dag.py:4180} INFO - Setting next_dagrun for tutorial_dag to None, run_after=None
[2024-12-07T17:38:11.045+0000] {processor.py:208} INFO - Processing /home/airflow/.local/lib/python3.12/site-packages/airflow/example_dags/tutorial_dag.py took 0.166 seconds
[2024-12-07T17:38:41.652+0000] {processor.py:186} INFO - Started process (PID=9127) to work on /home/airflow/.local/lib/python3.12/site-packages/airflow/example_dags/tutorial_dag.py
[2024-12-07T17:38:41.654+0000] {processor.py:914} INFO - Processing file /home/airflow/.local/lib/python3.12/site-packages/airflow/example_dags/tutorial_dag.py for tasks to queue
[2024-12-07T17:38:41.657+0000] {logging_mixin.py:190} INFO - [2024-12-07T17:38:41.657+0000] {dagbag.py:588} INFO - Filling up the DagBag from /home/airflow/.local/lib/python3.12/site-packages/airflow/example_dags/tutorial_dag.py
[2024-12-07T17:38:41.668+0000] {processor.py:925} INFO - DAG(s) 'tutorial_dag' retrieved from /home/airflow/.local/lib/python3.12/site-packages/airflow/example_dags/tutorial_dag.py
[2024-12-07T17:38:41.692+0000] {logging_mixin.py:190} INFO - [2024-12-07T17:38:41.692+0000] {dag.py:3239} INFO - Sync 1 DAGs
[2024-12-07T17:38:41.713+0000] {logging_mixin.py:190} INFO - [2024-12-07T17:38:41.713+0000] {dag.py:4180} INFO - Setting next_dagrun for tutorial_dag to None, run_after=None
[2024-12-07T17:38:41.741+0000] {processor.py:208} INFO - Processing /home/airflow/.local/lib/python3.12/site-packages/airflow/example_dags/tutorial_dag.py took 0.096 seconds
[2024-12-07T17:39:12.149+0000] {processor.py:186} INFO - Started process (PID=9416) to work on /home/airflow/.local/lib/python3.12/site-packages/airflow/example_dags/tutorial_dag.py
[2024-12-07T17:39:12.151+0000] {processor.py:914} INFO - Processing file /home/airflow/.local/lib/python3.12/site-packages/airflow/example_dags/tutorial_dag.py for tasks to queue
[2024-12-07T17:39:12.156+0000] {logging_mixin.py:190} INFO - [2024-12-07T17:39:12.155+0000] {dagbag.py:588} INFO - Filling up the DagBag from /home/airflow/.local/lib/python3.12/site-packages/airflow/example_dags/tutorial_dag.py
[2024-12-07T17:39:12.168+0000] {processor.py:925} INFO - DAG(s) 'tutorial_dag' retrieved from /home/airflow/.local/lib/python3.12/site-packages/airflow/example_dags/tutorial_dag.py
[2024-12-07T17:39:12.192+0000] {logging_mixin.py:190} INFO - [2024-12-07T17:39:12.192+0000] {dag.py:3239} INFO - Sync 1 DAGs
[2024-12-07T17:39:12.211+0000] {logging_mixin.py:190} INFO - [2024-12-07T17:39:12.210+0000] {dag.py:4180} INFO - Setting next_dagrun for tutorial_dag to None, run_after=None
[2024-12-07T17:39:12.236+0000] {processor.py:208} INFO - Processing /home/airflow/.local/lib/python3.12/site-packages/airflow/example_dags/tutorial_dag.py took 0.098 seconds
[2024-12-07T17:39:42.898+0000] {processor.py:186} INFO - Started process (PID=9705) to work on /home/airflow/.local/lib/python3.12/site-packages/airflow/example_dags/tutorial_dag.py
[2024-12-07T17:39:42.899+0000] {processor.py:914} INFO - Processing file /home/airflow/.local/lib/python3.12/site-packages/airflow/example_dags/tutorial_dag.py for tasks to queue
[2024-12-07T17:39:42.903+0000] {logging_mixin.py:190} INFO - [2024-12-07T17:39:42.902+0000] {dagbag.py:588} INFO - Filling up the DagBag from /home/airflow/.local/lib/python3.12/site-packages/airflow/example_dags/tutorial_dag.py
[2024-12-07T17:39:42.919+0000] {processor.py:925} INFO - DAG(s) 'tutorial_dag' retrieved from /home/airflow/.local/lib/python3.12/site-packages/airflow/example_dags/tutorial_dag.py
[2024-12-07T17:39:42.950+0000] {logging_mixin.py:190} INFO - [2024-12-07T17:39:42.950+0000] {dag.py:3239} INFO - Sync 1 DAGs
[2024-12-07T17:39:42.972+0000] {logging_mixin.py:190} INFO - [2024-12-07T17:39:42.972+0000] {dag.py:4180} INFO - Setting next_dagrun for tutorial_dag to None, run_after=None
[2024-12-07T17:39:43.001+0000] {processor.py:208} INFO - Processing /home/airflow/.local/lib/python3.12/site-packages/airflow/example_dags/tutorial_dag.py took 0.114 seconds
[2024-12-07T17:40:13.501+0000] {processor.py:186} INFO - Started process (PID=9996) to work on /home/airflow/.local/lib/python3.12/site-packages/airflow/example_dags/tutorial_dag.py
[2024-12-07T17:40:13.503+0000] {processor.py:914} INFO - Processing file /home/airflow/.local/lib/python3.12/site-packages/airflow/example_dags/tutorial_dag.py for tasks to queue
[2024-12-07T17:40:13.506+0000] {logging_mixin.py:190} INFO - [2024-12-07T17:40:13.505+0000] {dagbag.py:588} INFO - Filling up the DagBag from /home/airflow/.local/lib/python3.12/site-packages/airflow/example_dags/tutorial_dag.py
[2024-12-07T17:40:13.515+0000] {processor.py:925} INFO - DAG(s) 'tutorial_dag' retrieved from /home/airflow/.local/lib/python3.12/site-packages/airflow/example_dags/tutorial_dag.py
[2024-12-07T17:40:13.542+0000] {logging_mixin.py:190} INFO - [2024-12-07T17:40:13.541+0000] {dag.py:3239} INFO - Sync 1 DAGs
[2024-12-07T17:40:13.563+0000] {logging_mixin.py:190} INFO - [2024-12-07T17:40:13.563+0000] {dag.py:4180} INFO - Setting next_dagrun for tutorial_dag to None, run_after=None
[2024-12-07T17:40:13.596+0000] {processor.py:208} INFO - Processing /home/airflow/.local/lib/python3.12/site-packages/airflow/example_dags/tutorial_dag.py took 0.102 seconds
[2024-12-07T17:40:44.422+0000] {processor.py:186} INFO - Started process (PID=10287) to work on /home/airflow/.local/lib/python3.12/site-packages/airflow/example_dags/tutorial_dag.py
[2024-12-07T17:40:44.424+0000] {processor.py:914} INFO - Processing file /home/airflow/.local/lib/python3.12/site-packages/airflow/example_dags/tutorial_dag.py for tasks to queue
[2024-12-07T17:40:44.427+0000] {logging_mixin.py:190} INFO - [2024-12-07T17:40:44.426+0000] {dagbag.py:588} INFO - Filling up the DagBag from /home/airflow/.local/lib/python3.12/site-packages/airflow/example_dags/tutorial_dag.py
[2024-12-07T17:40:44.436+0000] {processor.py:925} INFO - DAG(s) 'tutorial_dag' retrieved from /home/airflow/.local/lib/python3.12/site-packages/airflow/example_dags/tutorial_dag.py
[2024-12-07T17:40:44.462+0000] {logging_mixin.py:190} INFO - [2024-12-07T17:40:44.462+0000] {dag.py:3239} INFO - Sync 1 DAGs
[2024-12-07T17:40:44.481+0000] {logging_mixin.py:190} INFO - [2024-12-07T17:40:44.481+0000] {dag.py:4180} INFO - Setting next_dagrun for tutorial_dag to None, run_after=None
[2024-12-07T17:40:44.510+0000] {processor.py:208} INFO - Processing /home/airflow/.local/lib/python3.12/site-packages/airflow/example_dags/tutorial_dag.py took 0.096 seconds
[2024-12-07T17:41:14.926+0000] {processor.py:186} INFO - Started process (PID=10578) to work on /home/airflow/.local/lib/python3.12/site-packages/airflow/example_dags/tutorial_dag.py
[2024-12-07T17:41:14.928+0000] {processor.py:914} INFO - Processing file /home/airflow/.local/lib/python3.12/site-packages/airflow/example_dags/tutorial_dag.py for tasks to queue
[2024-12-07T17:41:14.932+0000] {logging_mixin.py:190} INFO - [2024-12-07T17:41:14.931+0000] {dagbag.py:588} INFO - Filling up the DagBag from /home/airflow/.local/lib/python3.12/site-packages/airflow/example_dags/tutorial_dag.py
[2024-12-07T17:41:14.954+0000] {processor.py:925} INFO - DAG(s) 'tutorial_dag' retrieved from /home/airflow/.local/lib/python3.12/site-packages/airflow/example_dags/tutorial_dag.py
[2024-12-07T17:41:15.005+0000] {logging_mixin.py:190} INFO - [2024-12-07T17:41:15.005+0000] {dag.py:3239} INFO - Sync 1 DAGs
[2024-12-07T17:41:15.047+0000] {logging_mixin.py:190} INFO - [2024-12-07T17:41:15.046+0000] {dag.py:4180} INFO - Setting next_dagrun for tutorial_dag to None, run_after=None
[2024-12-07T17:41:15.113+0000] {processor.py:208} INFO - Processing /home/airflow/.local/lib/python3.12/site-packages/airflow/example_dags/tutorial_dag.py took 0.198 seconds
[2024-12-07T17:41:45.640+0000] {processor.py:186} INFO - Started process (PID=10865) to work on /home/airflow/.local/lib/python3.12/site-packages/airflow/example_dags/tutorial_dag.py
[2024-12-07T17:41:45.642+0000] {processor.py:914} INFO - Processing file /home/airflow/.local/lib/python3.12/site-packages/airflow/example_dags/tutorial_dag.py for tasks to queue
[2024-12-07T17:41:45.654+0000] {logging_mixin.py:190} INFO - [2024-12-07T17:41:45.650+0000] {dagbag.py:588} INFO - Filling up the DagBag from /home/airflow/.local/lib/python3.12/site-packages/airflow/example_dags/tutorial_dag.py
[2024-12-07T17:41:45.677+0000] {processor.py:925} INFO - DAG(s) 'tutorial_dag' retrieved from /home/airflow/.local/lib/python3.12/site-packages/airflow/example_dags/tutorial_dag.py
[2024-12-07T17:41:45.740+0000] {logging_mixin.py:190} INFO - [2024-12-07T17:41:45.740+0000] {dag.py:3239} INFO - Sync 1 DAGs
[2024-12-07T17:41:45.797+0000] {logging_mixin.py:190} INFO - [2024-12-07T17:41:45.796+0000] {dag.py:4180} INFO - Setting next_dagrun for tutorial_dag to None, run_after=None
[2024-12-07T17:41:45.890+0000] {processor.py:208} INFO - Processing /home/airflow/.local/lib/python3.12/site-packages/airflow/example_dags/tutorial_dag.py took 0.264 seconds
[2024-12-07T17:42:16.608+0000] {processor.py:186} INFO - Started process (PID=11157) to work on /home/airflow/.local/lib/python3.12/site-packages/airflow/example_dags/tutorial_dag.py
[2024-12-07T17:42:16.609+0000] {processor.py:914} INFO - Processing file /home/airflow/.local/lib/python3.12/site-packages/airflow/example_dags/tutorial_dag.py for tasks to queue
[2024-12-07T17:42:16.612+0000] {logging_mixin.py:190} INFO - [2024-12-07T17:42:16.612+0000] {dagbag.py:588} INFO - Filling up the DagBag from /home/airflow/.local/lib/python3.12/site-packages/airflow/example_dags/tutorial_dag.py
[2024-12-07T17:42:16.621+0000] {processor.py:925} INFO - DAG(s) 'tutorial_dag' retrieved from /home/airflow/.local/lib/python3.12/site-packages/airflow/example_dags/tutorial_dag.py
[2024-12-07T17:42:16.644+0000] {logging_mixin.py:190} INFO - [2024-12-07T17:42:16.644+0000] {dag.py:3239} INFO - Sync 1 DAGs
[2024-12-07T17:42:16.664+0000] {logging_mixin.py:190} INFO - [2024-12-07T17:42:16.664+0000] {dag.py:4180} INFO - Setting next_dagrun for tutorial_dag to None, run_after=None
[2024-12-07T17:42:16.690+0000] {processor.py:208} INFO - Processing /home/airflow/.local/lib/python3.12/site-packages/airflow/example_dags/tutorial_dag.py took 0.089 seconds
[2024-12-07T17:42:47.041+0000] {processor.py:186} INFO - Started process (PID=11448) to work on /home/airflow/.local/lib/python3.12/site-packages/airflow/example_dags/tutorial_dag.py
[2024-12-07T17:42:47.042+0000] {processor.py:914} INFO - Processing file /home/airflow/.local/lib/python3.12/site-packages/airflow/example_dags/tutorial_dag.py for tasks to queue
[2024-12-07T17:42:47.045+0000] {logging_mixin.py:190} INFO - [2024-12-07T17:42:47.044+0000] {dagbag.py:588} INFO - Filling up the DagBag from /home/airflow/.local/lib/python3.12/site-packages/airflow/example_dags/tutorial_dag.py
[2024-12-07T17:42:47.056+0000] {processor.py:925} INFO - DAG(s) 'tutorial_dag' retrieved from /home/airflow/.local/lib/python3.12/site-packages/airflow/example_dags/tutorial_dag.py
[2024-12-07T17:42:47.085+0000] {logging_mixin.py:190} INFO - [2024-12-07T17:42:47.084+0000] {dag.py:3239} INFO - Sync 1 DAGs
[2024-12-07T17:42:47.125+0000] {logging_mixin.py:190} INFO - [2024-12-07T17:42:47.124+0000] {dag.py:4180} INFO - Setting next_dagrun for tutorial_dag to None, run_after=None
[2024-12-07T17:42:47.168+0000] {processor.py:208} INFO - Processing /home/airflow/.local/lib/python3.12/site-packages/airflow/example_dags/tutorial_dag.py took 0.137 seconds
[2024-12-07T17:43:17.389+0000] {processor.py:186} INFO - Started process (PID=11740) to work on /home/airflow/.local/lib/python3.12/site-packages/airflow/example_dags/tutorial_dag.py
[2024-12-07T17:43:17.390+0000] {processor.py:914} INFO - Processing file /home/airflow/.local/lib/python3.12/site-packages/airflow/example_dags/tutorial_dag.py for tasks to queue
[2024-12-07T17:43:17.393+0000] {logging_mixin.py:190} INFO - [2024-12-07T17:43:17.392+0000] {dagbag.py:588} INFO - Filling up the DagBag from /home/airflow/.local/lib/python3.12/site-packages/airflow/example_dags/tutorial_dag.py
[2024-12-07T17:43:17.401+0000] {processor.py:925} INFO - DAG(s) 'tutorial_dag' retrieved from /home/airflow/.local/lib/python3.12/site-packages/airflow/example_dags/tutorial_dag.py
[2024-12-07T17:43:17.423+0000] {logging_mixin.py:190} INFO - [2024-12-07T17:43:17.423+0000] {dag.py:3239} INFO - Sync 1 DAGs
[2024-12-07T17:43:17.441+0000] {logging_mixin.py:190} INFO - [2024-12-07T17:43:17.441+0000] {dag.py:4180} INFO - Setting next_dagrun for tutorial_dag to None, run_after=None
[2024-12-07T17:43:17.468+0000] {processor.py:208} INFO - Processing /home/airflow/.local/lib/python3.12/site-packages/airflow/example_dags/tutorial_dag.py took 0.087 seconds
