[2024-12-19T14:45:42.757+0000] {__init__.py:54} DEBUG - Loading core task runner: StandardTaskRunner
[2024-12-19T14:45:42.788+0000] {base_task_runner.py:73} DEBUG - Planning to run as the  user
[2024-12-19T14:45:42.797+0000] {local_task_job_runner.py:123} INFO - ::group::Pre task execution logs
[2024-12-19T14:45:42.813+0000] {taskinstance.py:2625} DEBUG - <TaskInstance: tiktok_dag.fetch_all_user_data manual__2024-12-19T14:45:32.539790+00:00 [queued]> dependency 'Previous Dagrun State' PASSED: True, The task did not have depends_on_past set.
[2024-12-19T14:45:42.813+0000] {taskinstance.py:2625} DEBUG - <TaskInstance: tiktok_dag.fetch_all_user_data manual__2024-12-19T14:45:32.539790+00:00 [queued]> dependency 'Task Instance Not Running' PASSED: True, Task is not in running state.
[2024-12-19T14:45:42.814+0000] {taskinstance.py:2625} DEBUG - <TaskInstance: tiktok_dag.fetch_all_user_data manual__2024-12-19T14:45:32.539790+00:00 [queued]> dependency 'Task Instance State' PASSED: True, Task state queued was valid.
[2024-12-19T14:45:42.822+0000] {taskinstance.py:2625} DEBUG - <TaskInstance: tiktok_dag.fetch_all_user_data manual__2024-12-19T14:45:32.539790+00:00 [queued]> dependency 'Not In Retry Period' PASSED: True, The task instance was not marked for retrying.
[2024-12-19T14:45:42.822+0000] {taskinstance.py:2613} INFO - Dependencies all met for dep_context=non-requeueable deps ti=<TaskInstance: tiktok_dag.fetch_all_user_data manual__2024-12-19T14:45:32.539790+00:00 [queued]>
[2024-12-19T14:45:42.832+0000] {taskinstance.py:2625} DEBUG - <TaskInstance: tiktok_dag.fetch_all_user_data manual__2024-12-19T14:45:32.539790+00:00 [queued]> dependency 'Pool Slots Available' PASSED: True, There are enough open slots in default_pool to execute the task
[2024-12-19T14:45:42.833+0000] {taskinstance.py:2625} DEBUG - <TaskInstance: tiktok_dag.fetch_all_user_data manual__2024-12-19T14:45:32.539790+00:00 [queued]> dependency 'Previous Dagrun State' PASSED: True, The task did not have depends_on_past set.
[2024-12-19T14:45:42.839+0000] {taskinstance.py:2625} DEBUG - <TaskInstance: tiktok_dag.fetch_all_user_data manual__2024-12-19T14:45:32.539790+00:00 [queued]> dependency 'Task Concurrency' PASSED: True, Task concurrency is not set.
[2024-12-19T14:45:42.839+0000] {taskinstance.py:2625} DEBUG - <TaskInstance: tiktok_dag.fetch_all_user_data manual__2024-12-19T14:45:32.539790+00:00 [queued]> dependency 'Not In Retry Period' PASSED: True, The task instance was not marked for retrying.
[2024-12-19T14:45:42.840+0000] {taskinstance.py:2613} INFO - Dependencies all met for dep_context=requeueable deps ti=<TaskInstance: tiktok_dag.fetch_all_user_data manual__2024-12-19T14:45:32.539790+00:00 [queued]>
[2024-12-19T14:45:42.840+0000] {taskinstance.py:2866} INFO - Starting attempt 1 of 2
[2024-12-19T14:45:42.869+0000] {taskinstance.py:2889} INFO - Executing <Task(PythonOperator): fetch_all_user_data> on 2024-12-19 14:45:32.539790+00:00
[2024-12-19T14:45:42.882+0000] {logging_mixin.py:190} WARNING - /home/***/.local/lib/python3.12/site-packages/***/task/task_runner/standard_task_runner.py:70 DeprecationWarning: This process (pid=10589) is multi-threaded, use of fork() may lead to deadlocks in the child.
[2024-12-19T14:45:42.884+0000] {standard_task_runner.py:72} INFO - Started process 10608 to run task
[2024-12-19T14:45:42.884+0000] {standard_task_runner.py:104} INFO - Running: ['***', 'tasks', 'run', 'tiktok_dag', 'fetch_all_user_data', 'manual__2024-12-19T14:45:32.539790+00:00', '--job-id', '91', '--raw', '--subdir', 'DAGS_FOLDER/tiktok_dag.py', '--cfg-path', '/tmp/tmp83e804f1']
[2024-12-19T14:45:42.888+0000] {standard_task_runner.py:105} INFO - Job 91: Subtask fetch_all_user_data
[2024-12-19T14:45:42.889+0000] {cli_action_loggers.py:79} DEBUG - Calling callbacks: [<function default_action_log at 0x7f2a69185da0>]
[2024-12-19T14:45:43.080+0000] {task_command.py:467} INFO - Running <TaskInstance: tiktok_dag.fetch_all_user_data manual__2024-12-19T14:45:32.539790+00:00 [running]> on host 00d1ef865b53
[2024-12-19T14:45:43.184+0000] {taskinstance.py:2384} DEBUG - Clearing XCom data
[2024-12-19T14:45:43.206+0000] {retries.py:95} DEBUG - Running RenderedTaskInstanceFields.write with retries. Try 1 of 3
[2024-12-19T14:45:43.247+0000] {retries.py:95} DEBUG - Running RenderedTaskInstanceFields._do_delete_old_records with retries. Try 1 of 3
[2024-12-19T14:45:43.261+0000] {taskinstance.py:3132} INFO - Exporting env vars: AIRFLOW_CTX_DAG_OWNER='***' AIRFLOW_CTX_DAG_ID='tiktok_dag' AIRFLOW_CTX_TASK_ID='fetch_all_user_data' AIRFLOW_CTX_EXECUTION_DATE='2024-12-19T14:45:32.539790+00:00' AIRFLOW_CTX_TRY_NUMBER='1' AIRFLOW_CTX_DAG_RUN_ID='manual__2024-12-19T14:45:32.539790+00:00'
[2024-12-19T14:45:43.263+0000] {__init__.py:115} DEBUG - Preparing lineage inlets and outlets
[2024-12-19T14:45:43.264+0000] {__init__.py:154} DEBUG - inlets: [], outlets: []
[2024-12-19T14:45:43.265+0000] {taskinstance.py:731} INFO - ::endgroup::
[2024-12-19T14:45:43.287+0000] {tiktok_dag.py:51} INFO - Fetching data for all usernames...
[2024-12-19T14:45:43.305+0000] {tiktok_dag.py:53} INFO - Usernames pulled from XCom: ['mrbeast', 'jadeanna', 'feyenoord']
[2024-12-19T14:45:43.306+0000] {tiktok_dag.py:59} INFO - Fetching data for username: mrbeast
[2024-12-19T14:45:43.307+0000] {tiktok_etl.py:114} INFO - Checking token expiry: {'token': 'Bearer clt.2.2FPqi0MGZIXZZ3clzQTNgyPDqxrcckxt1d-KDYDU4OFr7UMQYh3pHDTym9rRjGwCNZCJ-Oh2yVQv7VAjzbHf8w*0', 'expires_at': 1734447290.981219}
[2024-12-19T14:45:43.307+0000] {tiktok_etl.py:77} INFO - Fetching new token...
[2024-12-19T14:45:43.310+0000] {tiktok_etl.py:87} INFO - Requesting TikTok API with URL: https://open.tiktokapis.com/v2/oauth/token/, Headers: {'Content-Type': 'application/x-www-form-urlencoded'}, Body: {'client_key': 'awppjtwldd6o69ll', 'client_secret': 'prK149Sj8dYCkxgvuXMHkaEMG8pw2yIL', 'grant_type': 'client_credentials'}
[2024-12-19T14:45:43.318+0000] {connectionpool.py:1051} DEBUG - Starting new HTTPS connection (1): open.tiktokapis.com:443
[2024-12-19T14:45:44.168+0000] {connectionpool.py:546} DEBUG - https://open.tiktokapis.com:443 "POST /v2/oauth/token/ HTTP/11" 200 153
[2024-12-19T14:45:44.173+0000] {tiktok_etl.py:103} INFO - New token obtained: Bearer clt.2.8KpbWF-sHxIND142lj_QSg7WeBn5BuREdC5vTU1YOi9N7a58lW4ROrABrMyfHd4nizf3dRprLX_4M1ewLRwD2Q*1, expires at 2024-12-19 16:45:44.172287
[2024-12-19T14:45:44.175+0000] {tiktok_etl.py:133} INFO - Now in function tiktok_get_user_info, getting mrbeast
[2024-12-19T14:45:44.182+0000] {tiktok_etl.py:140} INFO - Requesting TikTok API with URL: https://open.tiktokapis.com/v2/research/user/info/, Headers: {'Authorization': 'Bearer clt.2.8KpbWF-sHxIND142lj_QSg7WeBn5BuREdC5vTU1YOi9N7a58lW4ROrABrMyfHd4nizf3dRprLX_4M1ewLRwD2Q*1', 'Content-Type': 'application/json'}, Body: {'username': 'mrbeast'}
[2024-12-19T14:45:44.185+0000] {connectionpool.py:1051} DEBUG - Starting new HTTPS connection (1): open.tiktokapis.com:443
[2024-12-19T14:45:44.677+0000] {connectionpool.py:546} DEBUG - https://open.tiktokapis.com:443 "POST /v2/research/user/info/?fields=display_name%2Cbio_description%2Cis_verified%2Cfollower_count%2Cfollowing_count%2Clikes_count%2Cvideo_count HTTP/11" 200 235
[2024-12-19T14:45:44.683+0000] {tiktok_etl.py:143} INFO - Call is done...
[2024-12-19T14:45:44.684+0000] {tiktok_etl.py:150} INFO - Now in function tiktok_get_user_info, getting resp {'data': {'bio_description': 'I want to make the world a better place', 'display_name': 'MrBeast', 'follower_count': 106712028, 'following_count': 362, 'is_verified': True, 'likes_count': 1058550463, 'video_count': 388}, 'error': {'code': 'ok', 'message': '', 'log_id': '20241219144543C4B9167096671E064AE4'}}
[2024-12-19T14:45:44.687+0000] {logging_mixin.py:190} WARNING - /home/***/.local/lib/python3.12/site-packages/pymongo/_csot.py:119 UserWarning: MongoClient opened before fork. May not be entirely fork-safe, proceed with caution. See PyMongo's documentation for details: https://www.mongodb.com/docs/languages/python/pymongo-driver/current/faq/#is-pymongo-fork-safe-
[2024-12-19T14:45:44.690+0000] {logger.py:100} DEBUG - {"message": "Server selection started", "selector": "<function writable_server_selector at 0x7f2a4f2cdc60>", "operation": "insert", "topologyDescription": "<TopologyDescription id: 676431960148651ce2d13304, topology_type: Unknown, servers: [<ServerDescription ('mongodb', 27017) server_type: Unknown, rtt: None>]>", "clientId": {"$oid": "676431960148651ce2d13304"}}
[2024-12-19T14:45:44.691+0000] {logger.py:100} DEBUG - {"message": "Waiting for suitable server to become available", "selector": "<function writable_server_selector at 0x7f2a4f2cdc60>", "operation": "insert", "topologyDescription": "<TopologyDescription id: 676431960148651ce2d13304, topology_type: Unknown, servers: [<ServerDescription ('mongodb', 27017) server_type: Unknown, rtt: None>]>", "clientId": {"$oid": "676431960148651ce2d13304"}, "remainingTimeMS": 29}
[2024-12-19T14:45:44.695+0000] {logger.py:100} DEBUG - {"message": "Server selection succeeded", "selector": "<function writable_server_selector at 0x7f2a4f2cdc60>", "operation": "insert", "topologyDescription": "<TopologyDescription id: 676431960148651ce2d13304, topology_type: Single, servers: [<ServerDescription ('mongodb', 27017) server_type: Standalone, rtt: 0.0017394860042259097>]>", "clientId": {"$oid": "676431960148651ce2d13304"}, "serverHost": "mongodb", "serverPort": 27017}
[2024-12-19T14:45:44.758+0000] {logger.py:100} DEBUG - {"clientId": {"$oid": "676431960148651ce2d13304"}, "message": "Command started", "command": "{\"insert\": \"user_info\", \"ordered\": true, \"lsid\": {\"id\": {\"$binary\": {\"base64\": \"W9JBLjOiQjqyny9UD+JiBg==\", \"subType\": \"04\"}}}, \"$db\": \"tiktok_db\", \"documents\": [{\"bio_description\": \"I want to make the world a better place\", \"display_name\": \"MrBeast\", \"follower_count\": 106712028, \"following_count\": 362, \"is_verified\": true, \"likes_count\": 1058550463, \"video_count\": 388, \"username\": \"mrbeast\", \"timestamp\": {\"$date\": \"2024-12-19T14:45:44.684Z\"}, \"_id\": {\"$oid\": \"676431980994c42e69d13305\"}}]}", "commandName": "insert", "databaseName": "tiktok_db", "requestId": 596516649, "operationId": 596516649, "driverConnectionId": 1, "serverConnectionId": 1398, "serverHost": "mongodb", "serverPort": 27017}
[2024-12-19T14:45:44.810+0000] {logger.py:100} DEBUG - {"clientId": {"$oid": "676431960148651ce2d13304"}, "message": "Command succeeded", "durationMS": 51.318000000000005, "reply": "{\"n\": 1, \"ok\": 1.0}", "commandName": "insert", "databaseName": "tiktok_db", "requestId": 596516649, "operationId": 596516649, "driverConnectionId": 1, "serverConnectionId": 1398, "serverHost": "mongodb", "serverPort": 27017}
[2024-12-19T14:45:44.811+0000] {tiktok_etl.py:204} INFO - Data for mrbeast inserted into MongoDB successfully.
[2024-12-19T14:45:44.884+0000] {tiktok_dag.py:62} INFO - Successfully fetched data for username: mrbeast
[2024-12-19T14:45:44.886+0000] {tiktok_dag.py:59} INFO - Fetching data for username: jadeanna
[2024-12-19T14:45:44.886+0000] {tiktok_etl.py:114} INFO - Checking token expiry: {'token': 'Bearer clt.2.8KpbWF-sHxIND142lj_QSg7WeBn5BuREdC5vTU1YOi9N7a58lW4ROrABrMyfHd4nizf3dRprLX_4M1ewLRwD2Q*1', 'expires_at': 1734626744.1722875}
[2024-12-19T14:45:44.887+0000] {tiktok_etl.py:133} INFO - Now in function tiktok_get_user_info, getting jadeanna
[2024-12-19T14:45:44.887+0000] {tiktok_etl.py:140} INFO - Requesting TikTok API with URL: https://open.tiktokapis.com/v2/research/user/info/, Headers: {'Authorization': 'Bearer clt.2.8KpbWF-sHxIND142lj_QSg7WeBn5BuREdC5vTU1YOi9N7a58lW4ROrABrMyfHd4nizf3dRprLX_4M1ewLRwD2Q*1', 'Content-Type': 'application/json'}, Body: {'username': 'jadeanna'}
[2024-12-19T14:45:44.889+0000] {connectionpool.py:1051} DEBUG - Starting new HTTPS connection (1): open.tiktokapis.com:443
[2024-12-19T14:45:45.246+0000] {connectionpool.py:546} DEBUG - https://open.tiktokapis.com:443 "POST /v2/research/user/info/?fields=display_name%2Cbio_description%2Cis_verified%2Cfollower_count%2Cfollowing_count%2Clikes_count%2Cvideo_count HTTP/11" 200 293
[2024-12-19T14:45:45.247+0000] {tiktok_etl.py:143} INFO - Call is done...
[2024-12-19T14:45:45.249+0000] {tiktok_etl.py:150} INFO - Now in function tiktok_get_user_info, getting resp {'data': {'is_verified': True, 'likes_count': 152895280, 'video_count': 2518, 'bio_description': '🧸 founder @bi yù \n🎙️ 1/4 @Confession Club \n💌 jadeanna@ad-venturestudios.com', 'display_name': 'Jade Anna', 'follower_count': 1786559, 'following_count': 1392}, 'error': {'code': 'ok', 'message': '', 'log_id': '20241219144544D830C6E22BFE64057CB9'}}
[2024-12-19T14:45:45.250+0000] {logger.py:100} DEBUG - {"message": "Server selection started", "selector": "<function writable_server_selector at 0x7f2a4f2cdc60>", "operation": "insert", "topologyDescription": "<TopologyDescription id: 676431960148651ce2d13304, topology_type: Single, servers: [<ServerDescription ('mongodb', 27017) server_type: Standalone, rtt: 0.0017394860042259097>]>", "clientId": {"$oid": "676431960148651ce2d13304"}}
[2024-12-19T14:45:45.251+0000] {logger.py:100} DEBUG - {"message": "Server selection succeeded", "selector": "<function writable_server_selector at 0x7f2a4f2cdc60>", "operation": "insert", "topologyDescription": "<TopologyDescription id: 676431960148651ce2d13304, topology_type: Single, servers: [<ServerDescription ('mongodb', 27017) server_type: Standalone, rtt: 0.0017394860042259097>]>", "clientId": {"$oid": "676431960148651ce2d13304"}, "serverHost": "mongodb", "serverPort": 27017}
[2024-12-19T14:45:45.252+0000] {logger.py:100} DEBUG - {"clientId": {"$oid": "676431960148651ce2d13304"}, "message": "Command started", "command": "{\"insert\": \"user_info\", \"ordered\": true, \"lsid\": {\"id\": {\"$binary\": {\"base64\": \"W9JBLjOiQjqyny9UD+JiBg==\", \"subType\": \"04\"}}}, \"$db\": \"tiktok_db\", \"documents\": [{\"is_verified\": true, \"likes_count\": 152895280, \"video_count\": 2518, \"bio_description\": \"\\ud83e\\uddf8 founder @bi y\\u00f9 \\n\\ud83c\\udf99\\ufe0f 1/4 @Confession Club \\n\\ud83d\\udc8c jadeanna@ad-venturestudios.com\", \"display_name\": \"Jade Anna\", \"follower_count\": 1786559, \"following_count\": 1392, \"username\": \"jadeanna\", \"timestamp\": {\"$date\": \"2024-12-19T14:45:45.250Z\"}, \"_id\": {\"$oid\": \"676431990994c42e69d13307\"}}]}", "commandName": "insert", "databaseName": "tiktok_db", "requestId": 1189641421, "operationId": 1189641421, "driverConnectionId": 1, "serverConnectionId": 1398, "serverHost": "mongodb", "serverPort": 27017}
[2024-12-19T14:45:45.256+0000] {logger.py:100} DEBUG - {"clientId": {"$oid": "676431960148651ce2d13304"}, "message": "Command succeeded", "durationMS": 3.965, "reply": "{\"n\": 1, \"ok\": 1.0}", "commandName": "insert", "databaseName": "tiktok_db", "requestId": 1189641421, "operationId": 1189641421, "driverConnectionId": 1, "serverConnectionId": 1398, "serverHost": "mongodb", "serverPort": 27017}
[2024-12-19T14:45:45.257+0000] {tiktok_etl.py:204} INFO - Data for jadeanna inserted into MongoDB successfully.
[2024-12-19T14:45:45.277+0000] {tiktok_dag.py:62} INFO - Successfully fetched data for username: jadeanna
[2024-12-19T14:45:45.279+0000] {tiktok_dag.py:59} INFO - Fetching data for username: feyenoord
[2024-12-19T14:45:45.280+0000] {tiktok_etl.py:114} INFO - Checking token expiry: {'token': 'Bearer clt.2.8KpbWF-sHxIND142lj_QSg7WeBn5BuREdC5vTU1YOi9N7a58lW4ROrABrMyfHd4nizf3dRprLX_4M1ewLRwD2Q*1', 'expires_at': 1734626744.1722875}
[2024-12-19T14:45:45.280+0000] {tiktok_etl.py:133} INFO - Now in function tiktok_get_user_info, getting feyenoord
[2024-12-19T14:45:45.281+0000] {tiktok_etl.py:140} INFO - Requesting TikTok API with URL: https://open.tiktokapis.com/v2/research/user/info/, Headers: {'Authorization': 'Bearer clt.2.8KpbWF-sHxIND142lj_QSg7WeBn5BuREdC5vTU1YOi9N7a58lW4ROrABrMyfHd4nizf3dRprLX_4M1ewLRwD2Q*1', 'Content-Type': 'application/json'}, Body: {'username': 'feyenoord'}
[2024-12-19T14:45:45.282+0000] {connectionpool.py:1051} DEBUG - Starting new HTTPS connection (1): open.tiktokapis.com:443
[2024-12-19T14:45:45.637+0000] {connectionpool.py:546} DEBUG - https://open.tiktokapis.com:443 "POST /v2/research/user/info/?fields=display_name%2Cbio_description%2Cis_verified%2Cfollower_count%2Cfollowing_count%2Clikes_count%2Cvideo_count HTTP/11" 200 290
[2024-12-19T14:45:45.638+0000] {tiktok_etl.py:143} INFO - Call is done...
[2024-12-19T14:45:45.639+0000] {tiktok_etl.py:150} INFO - Now in function tiktok_get_user_info, getting resp {'data': {'is_verified': True, 'likes_count': 33329866, 'video_count': 1104, 'bio_description': 'The official TikTok account of Feyenoord Rotterdam. \n\n𝙵𝚘𝚞𝚗𝚍𝚎𝚍 in 𝟷𝟿𝟶𝟾', 'display_name': 'Feyenoord', 'follower_count': 1792887, 'following_count': 16}, 'error': {'code': 'ok', 'message': '', 'log_id': '20241219144544D71A8AE16222F805E3DC'}}
[2024-12-19T14:45:45.640+0000] {logger.py:100} DEBUG - {"message": "Server selection started", "selector": "<function writable_server_selector at 0x7f2a4f2cdc60>", "operation": "insert", "topologyDescription": "<TopologyDescription id: 676431960148651ce2d13304, topology_type: Single, servers: [<ServerDescription ('mongodb', 27017) server_type: Standalone, rtt: 0.0017394860042259097>]>", "clientId": {"$oid": "676431960148651ce2d13304"}}
[2024-12-19T14:45:45.642+0000] {logger.py:100} DEBUG - {"message": "Server selection succeeded", "selector": "<function writable_server_selector at 0x7f2a4f2cdc60>", "operation": "insert", "topologyDescription": "<TopologyDescription id: 676431960148651ce2d13304, topology_type: Single, servers: [<ServerDescription ('mongodb', 27017) server_type: Standalone, rtt: 0.0017394860042259097>]>", "clientId": {"$oid": "676431960148651ce2d13304"}, "serverHost": "mongodb", "serverPort": 27017}
[2024-12-19T14:45:45.643+0000] {logger.py:100} DEBUG - {"clientId": {"$oid": "676431960148651ce2d13304"}, "message": "Command started", "command": "{\"insert\": \"user_info\", \"ordered\": true, \"lsid\": {\"id\": {\"$binary\": {\"base64\": \"W9JBLjOiQjqyny9UD+JiBg==\", \"subType\": \"04\"}}}, \"$db\": \"tiktok_db\", \"documents\": [{\"is_verified\": true, \"likes_count\": 33329866, \"video_count\": 1104, \"bio_description\": \"The official TikTok account of Feyenoord Rotterdam. \\n\\n\\ud835\\ude75\\ud835\\ude98\\ud835\\ude9e\\ud835\\ude97\\ud835\\ude8d\\ud835\\ude8e\\ud835\\ude8d in \\ud835\\udff7\\ud835\\udfff\\ud835\\udff6\\ud835\\udffe\", \"display_name\": \"Feyenoord\", \"follower_count\": 1792887, \"following_count\": 16, \"username\": \"feyenoord\", \"timestamp\": {\"$date\": \"2024-12-19T14:45:45.640Z\"}, \"_id\": {\"$oid\": \"676431990994c42e69d13309\"}}]}", "commandName": "insert", "databaseName": "tiktok_db", "requestId": 1025202362, "operationId": 1025202362, "driverConnectionId": 1, "serverConnectionId": 1398, "serverHost": "mongodb", "serverPort": 27017}
[2024-12-19T14:45:45.645+0000] {logger.py:100} DEBUG - {"clientId": {"$oid": "676431960148651ce2d13304"}, "message": "Command succeeded", "durationMS": 1.987, "reply": "{\"n\": 1, \"ok\": 1.0}", "commandName": "insert", "databaseName": "tiktok_db", "requestId": 1025202362, "operationId": 1025202362, "driverConnectionId": 1, "serverConnectionId": 1398, "serverHost": "mongodb", "serverPort": 27017}
[2024-12-19T14:45:45.646+0000] {tiktok_etl.py:204} INFO - Data for feyenoord inserted into MongoDB successfully.
[2024-12-19T14:45:45.665+0000] {tiktok_dag.py:62} INFO - Successfully fetched data for username: feyenoord
[2024-12-19T14:45:45.666+0000] {python.py:240} INFO - Done. Returned value was: None
[2024-12-19T14:45:45.667+0000] {__init__.py:77} DEBUG - Lineage called with inlets: [], outlets: []
[2024-12-19T14:45:45.679+0000] {taskinstance.py:340} INFO - ::group::Post task execution logs
[2024-12-19T14:45:45.680+0000] {taskinstance.py:352} INFO - Marking task as SUCCESS. dag_id=tiktok_dag, task_id=fetch_all_user_data, run_id=manual__2024-12-19T14:45:32.539790+00:00, execution_date=20241219T144532, start_date=20241219T144542, end_date=20241219T144545
[2024-12-19T14:45:45.696+0000] {cli_action_loggers.py:98} DEBUG - Calling callbacks: []
[2024-12-19T14:45:45.725+0000] {local_task_job_runner.py:266} INFO - Task exited with return code 0
[2024-12-19T14:45:45.749+0000] {dagrun.py:968} DEBUG - number of tis tasks for <DagRun tiktok_dag @ 2024-12-19 14:45:32.539790+00:00: manual__2024-12-19T14:45:32.539790+00:00, state:running, queued_at: 2024-12-19 14:45:32.912368+00:00. externally triggered: True>: 2 task(s)
[2024-12-19T14:45:45.750+0000] {taskinstance.py:3895} INFO - 0 downstream tasks scheduled from follow-on schedule check
[2024-12-19T14:45:45.755+0000] {local_task_job_runner.py:245} INFO - ::endgroup::
