[2024-12-09T18:26:26.571+0000] {local_task_job_runner.py:123} INFO - ::group::Pre task execution logs
[2024-12-09T18:26:26.697+0000] {taskinstance.py:2613} INFO - Dependencies all met for dep_context=non-requeueable deps ti=<TaskInstance: example_bash_operator.run_after_loop manual__2024-12-09T18:25:55+00:00 [queued]>
[2024-12-09T18:26:26.779+0000] {taskinstance.py:2613} INFO - Dependencies all met for dep_context=requeueable deps ti=<TaskInstance: example_bash_operator.run_after_loop manual__2024-12-09T18:25:55+00:00 [queued]>
[2024-12-09T18:26:26.791+0000] {taskinstance.py:2866} INFO - Starting attempt 1 of 1
[2024-12-09T18:26:26.981+0000] {taskinstance.py:2889} INFO - Executing <Task(BashOperator): run_after_loop> on 2024-12-09 18:25:55+00:00
[2024-12-09T18:26:27.047+0000] {logging_mixin.py:190} WARNING - /home/***/.local/lib/python3.12/site-packages/***/task/task_runner/standard_task_runner.py:70 DeprecationWarning: This process (pid=19038) is multi-threaded, use of fork() may lead to deadlocks in the child.
[2024-12-09T18:26:27.065+0000] {standard_task_runner.py:72} INFO - Started process 19106 to run task
[2024-12-09T18:26:27.077+0000] {standard_task_runner.py:104} INFO - Running: ['***', 'tasks', 'run', 'example_bash_operator', 'run_after_loop', 'manual__2024-12-09T18:25:55+00:00', '--job-id', '22', '--raw', '--subdir', '/home/***/.local/lib/python3.12/site-packages/***/example_dags/example_bash_operator.py', '--cfg-path', '/tmp/tmpnnarw30b']
[2024-12-09T18:26:27.103+0000] {standard_task_runner.py:105} INFO - Job 22: Subtask run_after_loop
[2024-12-09T18:26:27.385+0000] {task_command.py:467} INFO - Running <TaskInstance: example_bash_operator.run_after_loop manual__2024-12-09T18:25:55+00:00 [running]> on host ad295016f549
[2024-12-09T18:26:27.834+0000] {taskinstance.py:3132} INFO - Exporting env vars: AIRFLOW_CTX_DAG_OWNER='***' AIRFLOW_CTX_DAG_ID='example_bash_operator' AIRFLOW_CTX_TASK_ID='run_after_loop' AIRFLOW_CTX_EXECUTION_DATE='2024-12-09T18:25:55+00:00' AIRFLOW_CTX_TRY_NUMBER='1' AIRFLOW_CTX_DAG_RUN_ID='manual__2024-12-09T18:25:55+00:00'
[2024-12-09T18:26:27.842+0000] {logging_mixin.py:190} INFO - Task instance is in running state
[2024-12-09T18:26:27.843+0000] {logging_mixin.py:190} INFO -  Previous state of the Task instance: queued
[2024-12-09T18:26:27.850+0000] {logging_mixin.py:190} INFO - Current task name:run_after_loop state:running start_date:2024-12-09 18:26:26.712087+00:00
[2024-12-09T18:26:27.853+0000] {logging_mixin.py:190} INFO - Dag name:example_bash_operator and current dag run status:running
[2024-12-09T18:26:27.856+0000] {taskinstance.py:731} INFO - ::endgroup::
[2024-12-09T18:26:27.864+0000] {subprocess.py:78} INFO - Tmp dir root location: /tmp
[2024-12-09T18:26:27.873+0000] {subprocess.py:88} INFO - Running command: ['/usr/bin/bash', '-c', 'echo https://***.apache.org/']
[2024-12-09T18:26:27.937+0000] {subprocess.py:99} INFO - Output:
[2024-12-09T18:26:27.939+0000] {subprocess.py:106} INFO - https://***.apache.org/
[2024-12-09T18:26:27.942+0000] {subprocess.py:110} INFO - Command exited with return code 0
[2024-12-09T18:26:28.086+0000] {taskinstance.py:340} INFO - ::group::Post task execution logs
[2024-12-09T18:26:28.088+0000] {taskinstance.py:352} INFO - Marking task as SUCCESS. dag_id=example_bash_operator, task_id=run_after_loop, run_id=manual__2024-12-09T18:25:55+00:00, execution_date=20241209T182555, start_date=20241209T182626, end_date=20241209T182628
[2024-12-09T18:26:28.146+0000] {logging_mixin.py:190} INFO - Task instance in success state
[2024-12-09T18:26:28.151+0000] {logging_mixin.py:190} INFO -  Previous state of the Task instance: running
[2024-12-09T18:26:28.152+0000] {logging_mixin.py:190} INFO - Dag name:example_bash_operator queued_at:2024-12-09 18:26:09.121855+00:00
[2024-12-09T18:26:28.154+0000] {logging_mixin.py:190} INFO - Task hostname:ad295016f549 operator:BashOperator
[2024-12-09T18:26:28.231+0000] {local_task_job_runner.py:266} INFO - Task exited with return code 0
[2024-12-09T18:26:28.342+0000] {taskinstance.py:3895} INFO - 0 downstream tasks scheduled from follow-on schedule check
[2024-12-09T18:26:28.351+0000] {local_task_job_runner.py:245} INFO - ::endgroup::
