[2024-12-09T18:26:18.386+0000] {local_task_job_runner.py:123} INFO - ::group::Pre task execution logs
[2024-12-09T18:26:18.467+0000] {taskinstance.py:2613} INFO - Dependencies all met for dep_context=non-requeueable deps ti=<TaskInstance: example_bash_operator.also_run_this manual__2024-12-09T18:25:55+00:00 [queued]>
[2024-12-09T18:26:18.559+0000] {taskinstance.py:2613} INFO - Dependencies all met for dep_context=requeueable deps ti=<TaskInstance: example_bash_operator.also_run_this manual__2024-12-09T18:25:55+00:00 [queued]>
[2024-12-09T18:26:18.584+0000] {taskinstance.py:2866} INFO - Starting attempt 1 of 1
[2024-12-09T18:26:19.000+0000] {taskinstance.py:2889} INFO - Executing <Task(BashOperator): also_run_this> on 2024-12-09 18:25:55+00:00
[2024-12-09T18:26:19.047+0000] {standard_task_runner.py:104} INFO - Running: ['***', 'tasks', 'run', 'example_bash_operator', 'also_run_this', 'manual__2024-12-09T18:25:55+00:00', '--job-id', '18', '--raw', '--subdir', '/home/***/.local/lib/python3.12/site-packages/***/example_dags/example_bash_operator.py', '--cfg-path', '/tmp/tmp0plzbxxg']
[2024-12-09T18:26:19.066+0000] {logging_mixin.py:190} WARNING - /home/***/.local/lib/python3.12/site-packages/***/task/task_runner/standard_task_runner.py:70 DeprecationWarning: This process (pid=18937) is multi-threaded, use of fork() may lead to deadlocks in the child.
[2024-12-09T18:26:19.114+0000] {standard_task_runner.py:105} INFO - Job 18: Subtask also_run_this
[2024-12-09T18:26:19.205+0000] {standard_task_runner.py:72} INFO - Started process 18998 to run task
[2024-12-09T18:26:19.813+0000] {task_command.py:467} INFO - Running <TaskInstance: example_bash_operator.also_run_this manual__2024-12-09T18:25:55+00:00 [running]> on host ad295016f549
[2024-12-09T18:26:20.758+0000] {taskinstance.py:3132} INFO - Exporting env vars: AIRFLOW_CTX_DAG_OWNER='***' AIRFLOW_CTX_DAG_ID='example_bash_operator' AIRFLOW_CTX_TASK_ID='also_run_this' AIRFLOW_CTX_EXECUTION_DATE='2024-12-09T18:25:55+00:00' AIRFLOW_CTX_TRY_NUMBER='1' AIRFLOW_CTX_DAG_RUN_ID='manual__2024-12-09T18:25:55+00:00'
[2024-12-09T18:26:20.765+0000] {logging_mixin.py:190} INFO - Task instance is in running state
[2024-12-09T18:26:20.766+0000] {logging_mixin.py:190} INFO -  Previous state of the Task instance: queued
[2024-12-09T18:26:20.767+0000] {logging_mixin.py:190} INFO - Current task name:also_run_this state:running start_date:2024-12-09 18:26:18.473203+00:00
[2024-12-09T18:26:20.776+0000] {logging_mixin.py:190} INFO - Dag name:example_bash_operator and current dag run status:running
[2024-12-09T18:26:20.781+0000] {taskinstance.py:731} INFO - ::endgroup::
[2024-12-09T18:26:20.787+0000] {subprocess.py:78} INFO - Tmp dir root location: /tmp
[2024-12-09T18:26:20.804+0000] {subprocess.py:88} INFO - Running command: ['/usr/bin/bash', '-c', 'echo "ti_key=example_bash_operator__also_run_this__20241209"']
[2024-12-09T18:26:20.865+0000] {subprocess.py:99} INFO - Output:
[2024-12-09T18:26:20.877+0000] {subprocess.py:106} INFO - ti_key=example_bash_operator__also_run_this__20241209
[2024-12-09T18:26:20.879+0000] {subprocess.py:110} INFO - Command exited with return code 0
[2024-12-09T18:26:20.946+0000] {taskinstance.py:340} INFO - ::group::Post task execution logs
[2024-12-09T18:26:20.948+0000] {taskinstance.py:352} INFO - Marking task as SUCCESS. dag_id=example_bash_operator, task_id=also_run_this, run_id=manual__2024-12-09T18:25:55+00:00, execution_date=20241209T182555, start_date=20241209T182618, end_date=20241209T182620
[2024-12-09T18:26:21.003+0000] {logging_mixin.py:190} INFO - Task instance in success state
[2024-12-09T18:26:21.009+0000] {logging_mixin.py:190} INFO -  Previous state of the Task instance: running
[2024-12-09T18:26:21.012+0000] {logging_mixin.py:190} INFO - Dag name:example_bash_operator queued_at:2024-12-09 18:26:09.121855+00:00
[2024-12-09T18:26:21.014+0000] {logging_mixin.py:190} INFO - Task hostname:ad295016f549 operator:BashOperator
[2024-12-09T18:26:21.056+0000] {local_task_job_runner.py:266} INFO - Task exited with return code 0
[2024-12-09T18:26:21.087+0000] {local_task_job_runner.py:245} INFO - ::endgroup::
