[2024-12-18T20:10:38.103+0000] {__init__.py:54} DEBUG - Loading core task runner: StandardTaskRunner
[2024-12-18T20:10:38.130+0000] {base_task_runner.py:73} DEBUG - Planning to run as the  user
[2024-12-18T20:10:38.138+0000] {local_task_job_runner.py:123} INFO - ::group::Pre task execution logs
[2024-12-18T20:10:38.151+0000] {taskinstance.py:2625} DEBUG - <TaskInstance: tiktok_dag.fetch_all_user_data manual__2024-12-18T20:10:32.326443+00:00 [queued]> dependency 'Previous Dagrun State' PASSED: True, The task did not have depends_on_past set.
[2024-12-18T20:10:38.152+0000] {taskinstance.py:2625} DEBUG - <TaskInstance: tiktok_dag.fetch_all_user_data manual__2024-12-18T20:10:32.326443+00:00 [queued]> dependency 'Task Instance Not Running' PASSED: True, Task is not in running state.
[2024-12-18T20:10:38.152+0000] {taskinstance.py:2625} DEBUG - <TaskInstance: tiktok_dag.fetch_all_user_data manual__2024-12-18T20:10:32.326443+00:00 [queued]> dependency 'Task Instance State' PASSED: True, Task state queued was valid.
[2024-12-18T20:10:38.161+0000] {taskinstance.py:2625} DEBUG - <TaskInstance: tiktok_dag.fetch_all_user_data manual__2024-12-18T20:10:32.326443+00:00 [queued]> dependency 'Not In Retry Period' PASSED: True, The task instance was not marked for retrying.
[2024-12-18T20:10:38.162+0000] {taskinstance.py:2613} INFO - Dependencies all met for dep_context=non-requeueable deps ti=<TaskInstance: tiktok_dag.fetch_all_user_data manual__2024-12-18T20:10:32.326443+00:00 [queued]>
[2024-12-18T20:10:38.168+0000] {taskinstance.py:2625} DEBUG - <TaskInstance: tiktok_dag.fetch_all_user_data manual__2024-12-18T20:10:32.326443+00:00 [queued]> dependency 'Pool Slots Available' PASSED: True, There are enough open slots in default_pool to execute the task
[2024-12-18T20:10:38.169+0000] {taskinstance.py:2625} DEBUG - <TaskInstance: tiktok_dag.fetch_all_user_data manual__2024-12-18T20:10:32.326443+00:00 [queued]> dependency 'Previous Dagrun State' PASSED: True, The task did not have depends_on_past set.
[2024-12-18T20:10:38.177+0000] {taskinstance.py:2625} DEBUG - <TaskInstance: tiktok_dag.fetch_all_user_data manual__2024-12-18T20:10:32.326443+00:00 [queued]> dependency 'Task Concurrency' PASSED: True, Task concurrency is not set.
[2024-12-18T20:10:38.178+0000] {taskinstance.py:2625} DEBUG - <TaskInstance: tiktok_dag.fetch_all_user_data manual__2024-12-18T20:10:32.326443+00:00 [queued]> dependency 'Not In Retry Period' PASSED: True, The task instance was not marked for retrying.
[2024-12-18T20:10:38.178+0000] {taskinstance.py:2613} INFO - Dependencies all met for dep_context=requeueable deps ti=<TaskInstance: tiktok_dag.fetch_all_user_data manual__2024-12-18T20:10:32.326443+00:00 [queued]>
[2024-12-18T20:10:38.179+0000] {taskinstance.py:2866} INFO - Starting attempt 1 of 2
[2024-12-18T20:10:38.201+0000] {taskinstance.py:2889} INFO - Executing <Task(PythonOperator): fetch_all_user_data> on 2024-12-18 20:10:32.326443+00:00
[2024-12-18T20:10:38.214+0000] {logging_mixin.py:190} WARNING - /home/***/.local/lib/python3.12/site-packages/***/task/task_runner/standard_task_runner.py:70 DeprecationWarning: This process (pid=2791) is multi-threaded, use of fork() may lead to deadlocks in the child.
[2024-12-18T20:10:38.216+0000] {standard_task_runner.py:72} INFO - Started process 2796 to run task
[2024-12-18T20:10:38.215+0000] {standard_task_runner.py:104} INFO - Running: ['***', 'tasks', 'run', 'tiktok_dag', 'fetch_all_user_data', 'manual__2024-12-18T20:10:32.326443+00:00', '--job-id', '85', '--raw', '--subdir', 'DAGS_FOLDER/tiktok_dag.py', '--cfg-path', '/tmp/tmpneivwz92']
[2024-12-18T20:10:38.219+0000] {standard_task_runner.py:105} INFO - Job 85: Subtask fetch_all_user_data
[2024-12-18T20:10:38.222+0000] {cli_action_loggers.py:79} DEBUG - Calling callbacks: [<function default_action_log at 0x7f2a69185da0>]
[2024-12-18T20:10:38.281+0000] {task_command.py:467} INFO - Running <TaskInstance: tiktok_dag.fetch_all_user_data manual__2024-12-18T20:10:32.326443+00:00 [running]> on host 00d1ef865b53
[2024-12-18T20:10:38.347+0000] {taskinstance.py:2384} DEBUG - Clearing XCom data
[2024-12-18T20:10:38.365+0000] {retries.py:95} DEBUG - Running RenderedTaskInstanceFields.write with retries. Try 1 of 3
[2024-12-18T20:10:38.396+0000] {retries.py:95} DEBUG - Running RenderedTaskInstanceFields._do_delete_old_records with retries. Try 1 of 3
[2024-12-18T20:10:38.409+0000] {taskinstance.py:3132} INFO - Exporting env vars: AIRFLOW_CTX_DAG_OWNER='***' AIRFLOW_CTX_DAG_ID='tiktok_dag' AIRFLOW_CTX_TASK_ID='fetch_all_user_data' AIRFLOW_CTX_EXECUTION_DATE='2024-12-18T20:10:32.326443+00:00' AIRFLOW_CTX_TRY_NUMBER='1' AIRFLOW_CTX_DAG_RUN_ID='manual__2024-12-18T20:10:32.326443+00:00'
[2024-12-18T20:10:38.410+0000] {__init__.py:115} DEBUG - Preparing lineage inlets and outlets
[2024-12-18T20:10:38.411+0000] {__init__.py:154} DEBUG - inlets: [], outlets: []
[2024-12-18T20:10:38.412+0000] {taskinstance.py:731} INFO - ::endgroup::
[2024-12-18T20:10:38.433+0000] {tiktok_dag.py:51} INFO - Fetching data for all usernames...
[2024-12-18T20:10:38.448+0000] {tiktok_dag.py:53} INFO - Usernames pulled from XCom: ['mrbeast', 'jadeanna', 'feyenoord']
[2024-12-18T20:10:38.449+0000] {tiktok_dag.py:59} INFO - Fetching data for username: mrbeast
[2024-12-18T20:10:38.450+0000] {tiktok_etl.py:114} INFO - Checking token expiry: {'token': 'Bearer clt.2.2FPqi0MGZIXZZ3clzQTNgyPDqxrcckxt1d-KDYDU4OFr7UMQYh3pHDTym9rRjGwCNZCJ-Oh2yVQv7VAjzbHf8w*0', 'expires_at': 1734447290.981219}
[2024-12-18T20:10:38.451+0000] {tiktok_etl.py:77} INFO - Fetching new token...
[2024-12-18T20:10:38.452+0000] {tiktok_etl.py:87} INFO - Requesting TikTok API with URL: https://open.tiktokapis.com/v2/oauth/token/, Headers: {'Content-Type': 'application/x-www-form-urlencoded'}, Body: {'client_key': 'awppjtwldd6o69ll', 'client_secret': 'prK149Sj8dYCkxgvuXMHkaEMG8pw2yIL', 'grant_type': 'client_credentials'}
[2024-12-18T20:10:38.457+0000] {connectionpool.py:1051} DEBUG - Starting new HTTPS connection (1): open.tiktokapis.com:443
[2024-12-18T20:10:39.498+0000] {connectionpool.py:546} DEBUG - https://open.tiktokapis.com:443 "POST /v2/oauth/token/ HTTP/11" 200 153
[2024-12-18T20:10:39.500+0000] {tiktok_etl.py:103} INFO - New token obtained: Bearer clt.2.2FPqi0MGZIXZZ3clzQTNg45weFCPI0XW8fVcN68h1QNw8fQgBhztPW969_eCNeda8-COwyIW1XZlKy_FlGlj3A*0, expires at 2024-12-18 22:10:39.499712
[2024-12-18T20:10:39.502+0000] {tiktok_etl.py:133} INFO - Now in function tiktok_get_user_info, getting mrbeast
[2024-12-18T20:10:39.503+0000] {tiktok_etl.py:140} INFO - Requesting TikTok API with URL: https://open.tiktokapis.com/v2/research/user/info/, Headers: {'Authorization': 'Bearer clt.2.2FPqi0MGZIXZZ3clzQTNg45weFCPI0XW8fVcN68h1QNw8fQgBhztPW969_eCNeda8-COwyIW1XZlKy_FlGlj3A*0', 'Content-Type': 'application/json'}, Body: {'username': 'mrbeast'}
[2024-12-18T20:10:39.506+0000] {connectionpool.py:1051} DEBUG - Starting new HTTPS connection (1): open.tiktokapis.com:443
[2024-12-18T20:10:40.168+0000] {connectionpool.py:546} DEBUG - https://open.tiktokapis.com:443 "POST /v2/research/user/info/?fields=display_name%2Cbio_description%2Cis_verified%2Cfollower_count%2Cfollowing_count%2Clikes_count%2Cvideo_count HTTP/11" 200 236
[2024-12-18T20:10:40.170+0000] {tiktok_etl.py:143} INFO - Call is done...
[2024-12-18T20:10:40.170+0000] {tiktok_etl.py:150} INFO - Now in function tiktok_get_user_info, getting resp {'data': {'likes_count': 1057820243, 'video_count': 388, 'bio_description': 'I want to make the world a better place', 'display_name': 'MrBeast', 'follower_count': 106706811, 'following_count': 362, 'is_verified': True}, 'error': {'code': 'ok', 'message': '', 'log_id': '20241218201038EC209A1AB9CC0D0EAD61'}}
[2024-12-18T20:10:40.176+0000] {logging_mixin.py:190} WARNING - /home/***/.local/lib/python3.12/site-packages/pymongo/_csot.py:119 UserWarning: MongoClient opened before fork. May not be entirely fork-safe, proceed with caution. See PyMongo's documentation for details: https://www.mongodb.com/docs/languages/python/pymongo-driver/current/faq/#is-pymongo-fork-safe-
[2024-12-18T20:10:40.179+0000] {logger.py:100} DEBUG - {"message": "Server selection started", "selector": "<function writable_server_selector at 0x7f2a4f2cdbc0>", "operation": "insert", "topologyDescription": "<TopologyDescription id: 67632c3d102cc953dc26ad31, topology_type: Unknown, servers: [<ServerDescription ('mongodb', 27017) server_type: Unknown, rtt: None>]>", "clientId": {"$oid": "67632c3d102cc953dc26ad31"}}
[2024-12-18T20:10:40.181+0000] {logger.py:100} DEBUG - {"message": "Waiting for suitable server to become available", "selector": "<function writable_server_selector at 0x7f2a4f2cdbc0>", "operation": "insert", "topologyDescription": "<TopologyDescription id: 67632c3d102cc953dc26ad31, topology_type: Unknown, servers: [<ServerDescription ('mongodb', 27017) server_type: Unknown, rtt: None>]>", "clientId": {"$oid": "67632c3d102cc953dc26ad31"}, "remainingTimeMS": 29}
[2024-12-18T20:10:40.183+0000] {logger.py:100} DEBUG - {"message": "Server selection succeeded", "selector": "<function writable_server_selector at 0x7f2a4f2cdbc0>", "operation": "insert", "topologyDescription": "<TopologyDescription id: 67632c3d102cc953dc26ad31, topology_type: Single, servers: [<ServerDescription ('mongodb', 27017) server_type: Standalone, rtt: 0.0017193630046676844>]>", "clientId": {"$oid": "67632c3d102cc953dc26ad31"}, "serverHost": "mongodb", "serverPort": 27017}
[2024-12-18T20:10:40.216+0000] {logger.py:100} DEBUG - {"clientId": {"$oid": "67632c3d102cc953dc26ad31"}, "message": "Command started", "command": "{\"insert\": \"user_info\", \"ordered\": true, \"lsid\": {\"id\": {\"$binary\": {\"base64\": \"IUywFBmjRKCBaF3NzekMSg==\", \"subType\": \"04\"}}}, \"$db\": \"tiktok_db\", \"documents\": [{\"likes_count\": 1057820243, \"video_count\": 388, \"bio_description\": \"I want to make the world a better place\", \"display_name\": \"MrBeast\", \"follower_count\": 106706811, \"following_count\": 362, \"is_verified\": true, \"username\": \"mrbeast\", \"timestamp\": {\"$date\": \"2024-12-18T20:10:40.173Z\"}, \"_id\": {\"$oid\": \"67632c40b1c408c18c26ad32\"}}]}", "commandName": "insert", "databaseName": "tiktok_db", "requestId": 596516649, "operationId": 596516649, "driverConnectionId": 1, "serverConnectionId": 382, "serverHost": "mongodb", "serverPort": 27017}
[2024-12-18T20:10:40.223+0000] {logger.py:100} DEBUG - {"clientId": {"$oid": "67632c3d102cc953dc26ad31"}, "message": "Command succeeded", "durationMS": 7.426, "reply": "{\"n\": 1, \"ok\": 1.0}", "commandName": "insert", "databaseName": "tiktok_db", "requestId": 596516649, "operationId": 596516649, "driverConnectionId": 1, "serverConnectionId": 382, "serverHost": "mongodb", "serverPort": 27017}
[2024-12-18T20:10:40.224+0000] {tiktok_etl.py:204} INFO - Data for mrbeast inserted into MongoDB successfully.
[2024-12-18T20:10:40.253+0000] {tiktok_dag.py:62} INFO - Successfully fetched data for username: mrbeast
[2024-12-18T20:10:40.256+0000] {tiktok_dag.py:59} INFO - Fetching data for username: jadeanna
[2024-12-18T20:10:40.257+0000] {tiktok_etl.py:114} INFO - Checking token expiry: {'token': 'Bearer clt.2.2FPqi0MGZIXZZ3clzQTNg45weFCPI0XW8fVcN68h1QNw8fQgBhztPW969_eCNeda8-COwyIW1XZlKy_FlGlj3A*0', 'expires_at': 1734559839.4997125}
[2024-12-18T20:10:40.258+0000] {tiktok_etl.py:133} INFO - Now in function tiktok_get_user_info, getting jadeanna
[2024-12-18T20:10:40.258+0000] {tiktok_etl.py:140} INFO - Requesting TikTok API with URL: https://open.tiktokapis.com/v2/research/user/info/, Headers: {'Authorization': 'Bearer clt.2.2FPqi0MGZIXZZ3clzQTNg45weFCPI0XW8fVcN68h1QNw8fQgBhztPW969_eCNeda8-COwyIW1XZlKy_FlGlj3A*0', 'Content-Type': 'application/json'}, Body: {'username': 'jadeanna'}
[2024-12-18T20:10:40.260+0000] {connectionpool.py:1051} DEBUG - Starting new HTTPS connection (1): open.tiktokapis.com:443
[2024-12-18T20:10:40.566+0000] {connectionpool.py:546} DEBUG - https://open.tiktokapis.com:443 "POST /v2/research/user/info/?fields=display_name%2Cbio_description%2Cis_verified%2Cfollower_count%2Cfollowing_count%2Clikes_count%2Cvideo_count HTTP/11" 200 290
[2024-12-18T20:10:40.568+0000] {tiktok_etl.py:143} INFO - Call is done...
[2024-12-18T20:10:40.569+0000] {tiktok_etl.py:150} INFO - Now in function tiktok_get_user_info, getting resp {'data': {'following_count': 1392, 'is_verified': True, 'likes_count': 152868327, 'video_count': 2517, 'bio_description': '🧸 founder @bi yù \n🎙️ 1/4 @Confession Club \n💌 jadeanna@ad-venturestudios.com', 'display_name': 'Jade Anna', 'follower_count': 1786480}, 'error': {'code': 'ok', 'message': '', 'log_id': '20241218201039E9EEA1E285E4E0105D39'}}
[2024-12-18T20:10:40.570+0000] {logger.py:100} DEBUG - {"message": "Server selection started", "selector": "<function writable_server_selector at 0x7f2a4f2cdbc0>", "operation": "insert", "topologyDescription": "<TopologyDescription id: 67632c3d102cc953dc26ad31, topology_type: Single, servers: [<ServerDescription ('mongodb', 27017) server_type: Standalone, rtt: 0.0017193630046676844>]>", "clientId": {"$oid": "67632c3d102cc953dc26ad31"}}
[2024-12-18T20:10:40.571+0000] {logger.py:100} DEBUG - {"message": "Server selection succeeded", "selector": "<function writable_server_selector at 0x7f2a4f2cdbc0>", "operation": "insert", "topologyDescription": "<TopologyDescription id: 67632c3d102cc953dc26ad31, topology_type: Single, servers: [<ServerDescription ('mongodb', 27017) server_type: Standalone, rtt: 0.0017193630046676844>]>", "clientId": {"$oid": "67632c3d102cc953dc26ad31"}, "serverHost": "mongodb", "serverPort": 27017}
[2024-12-18T20:10:40.573+0000] {logger.py:100} DEBUG - {"clientId": {"$oid": "67632c3d102cc953dc26ad31"}, "message": "Command started", "command": "{\"insert\": \"user_info\", \"ordered\": true, \"lsid\": {\"id\": {\"$binary\": {\"base64\": \"IUywFBmjRKCBaF3NzekMSg==\", \"subType\": \"04\"}}}, \"$db\": \"tiktok_db\", \"documents\": [{\"following_count\": 1392, \"is_verified\": true, \"likes_count\": 152868327, \"video_count\": 2517, \"bio_description\": \"\\ud83e\\uddf8 founder @bi y\\u00f9 \\n\\ud83c\\udf99\\ufe0f 1/4 @Confession Club \\n\\ud83d\\udc8c jadeanna@ad-venturestudios.com\", \"display_name\": \"Jade Anna\", \"follower_count\": 1786480, \"username\": \"jadeanna\", \"timestamp\": {\"$date\": \"2024-12-18T20:10:40.569Z\"}, \"_id\": {\"$oid\": \"67632c40b1c408c18c26ad34\"}}]}", "commandName": "insert", "databaseName": "tiktok_db", "requestId": 1189641421, "operationId": 1189641421, "driverConnectionId": 1, "serverConnectionId": 382, "serverHost": "mongodb", "serverPort": 27017}
[2024-12-18T20:10:40.575+0000] {logger.py:100} DEBUG - {"clientId": {"$oid": "67632c3d102cc953dc26ad31"}, "message": "Command succeeded", "durationMS": 2.034, "reply": "{\"n\": 1, \"ok\": 1.0}", "commandName": "insert", "databaseName": "tiktok_db", "requestId": 1189641421, "operationId": 1189641421, "driverConnectionId": 1, "serverConnectionId": 382, "serverHost": "mongodb", "serverPort": 27017}
[2024-12-18T20:10:40.576+0000] {tiktok_etl.py:204} INFO - Data for jadeanna inserted into MongoDB successfully.
[2024-12-18T20:10:40.595+0000] {tiktok_dag.py:62} INFO - Successfully fetched data for username: jadeanna
[2024-12-18T20:10:40.596+0000] {tiktok_dag.py:59} INFO - Fetching data for username: feyenoord
[2024-12-18T20:10:40.597+0000] {tiktok_etl.py:114} INFO - Checking token expiry: {'token': 'Bearer clt.2.2FPqi0MGZIXZZ3clzQTNg45weFCPI0XW8fVcN68h1QNw8fQgBhztPW969_eCNeda8-COwyIW1XZlKy_FlGlj3A*0', 'expires_at': 1734559839.4997125}
[2024-12-18T20:10:40.598+0000] {tiktok_etl.py:133} INFO - Now in function tiktok_get_user_info, getting feyenoord
[2024-12-18T20:10:40.598+0000] {tiktok_etl.py:140} INFO - Requesting TikTok API with URL: https://open.tiktokapis.com/v2/research/user/info/, Headers: {'Authorization': 'Bearer clt.2.2FPqi0MGZIXZZ3clzQTNg45weFCPI0XW8fVcN68h1QNw8fQgBhztPW969_eCNeda8-COwyIW1XZlKy_FlGlj3A*0', 'Content-Type': 'application/json'}, Body: {'username': 'feyenoord'}
[2024-12-18T20:10:40.600+0000] {connectionpool.py:1051} DEBUG - Starting new HTTPS connection (1): open.tiktokapis.com:443
[2024-12-18T20:10:40.876+0000] {connectionpool.py:546} DEBUG - https://open.tiktokapis.com:443 "POST /v2/research/user/info/?fields=display_name%2Cbio_description%2Cis_verified%2Cfollower_count%2Cfollowing_count%2Clikes_count%2Cvideo_count HTTP/11" 200 291
[2024-12-18T20:10:40.877+0000] {tiktok_etl.py:143} INFO - Call is done...
[2024-12-18T20:10:40.878+0000] {tiktok_etl.py:150} INFO - Now in function tiktok_get_user_info, getting resp {'data': {'following_count': 16, 'is_verified': True, 'likes_count': 33319360, 'video_count': 1104, 'bio_description': 'The official TikTok account of Feyenoord Rotterdam. \n\n𝙵𝚘𝚞𝚗𝚍𝚎𝚍 in 𝟷𝟿𝟶𝟾', 'display_name': 'Feyenoord', 'follower_count': 1792476}, 'error': {'code': 'ok', 'message': '', 'log_id': '20241218201039D4276CDBA65EAD0F0594'}}
[2024-12-18T20:10:40.879+0000] {logger.py:100} DEBUG - {"message": "Server selection started", "selector": "<function writable_server_selector at 0x7f2a4f2cdbc0>", "operation": "insert", "topologyDescription": "<TopologyDescription id: 67632c3d102cc953dc26ad31, topology_type: Single, servers: [<ServerDescription ('mongodb', 27017) server_type: Standalone, rtt: 0.0017193630046676844>]>", "clientId": {"$oid": "67632c3d102cc953dc26ad31"}}
[2024-12-18T20:10:40.880+0000] {logger.py:100} DEBUG - {"message": "Server selection succeeded", "selector": "<function writable_server_selector at 0x7f2a4f2cdbc0>", "operation": "insert", "topologyDescription": "<TopologyDescription id: 67632c3d102cc953dc26ad31, topology_type: Single, servers: [<ServerDescription ('mongodb', 27017) server_type: Standalone, rtt: 0.0017193630046676844>]>", "clientId": {"$oid": "67632c3d102cc953dc26ad31"}, "serverHost": "mongodb", "serverPort": 27017}
[2024-12-18T20:10:40.881+0000] {logger.py:100} DEBUG - {"clientId": {"$oid": "67632c3d102cc953dc26ad31"}, "message": "Command started", "command": "{\"insert\": \"user_info\", \"ordered\": true, \"lsid\": {\"id\": {\"$binary\": {\"base64\": \"IUywFBmjRKCBaF3NzekMSg==\", \"subType\": \"04\"}}}, \"$db\": \"tiktok_db\", \"documents\": [{\"following_count\": 16, \"is_verified\": true, \"likes_count\": 33319360, \"video_count\": 1104, \"bio_description\": \"The official TikTok account of Feyenoord Rotterdam. \\n\\n\\ud835\\ude75\\ud835\\ude98\\ud835\\ude9e\\ud835\\ude97\\ud835\\ude8d\\ud835\\ude8e\\ud835\\ude8d in \\ud835\\udff7\\ud835\\udfff\\ud835\\udff6\\ud835\\udffe\", \"display_name\": \"Feyenoord\", \"follower_count\": 1792476, \"username\": \"feyenoord\", \"timestamp\": {\"$date\": \"2024-12-18T20:10:40.879Z\"}, \"_id\": {\"$oid\": \"67632c40b1c408c18c26ad36\"}}]}", "commandName": "insert", "databaseName": "tiktok_db", "requestId": 1025202362, "operationId": 1025202362, "driverConnectionId": 1, "serverConnectionId": 382, "serverHost": "mongodb", "serverPort": 27017}
[2024-12-18T20:10:40.882+0000] {logger.py:100} DEBUG - {"clientId": {"$oid": "67632c3d102cc953dc26ad31"}, "message": "Command succeeded", "durationMS": 1.863, "reply": "{\"n\": 1, \"ok\": 1.0}", "commandName": "insert", "databaseName": "tiktok_db", "requestId": 1025202362, "operationId": 1025202362, "driverConnectionId": 1, "serverConnectionId": 382, "serverHost": "mongodb", "serverPort": 27017}
[2024-12-18T20:10:40.883+0000] {tiktok_etl.py:204} INFO - Data for feyenoord inserted into MongoDB successfully.
[2024-12-18T20:10:40.902+0000] {tiktok_dag.py:62} INFO - Successfully fetched data for username: feyenoord
[2024-12-18T20:10:40.903+0000] {python.py:240} INFO - Done. Returned value was: None
[2024-12-18T20:10:40.904+0000] {__init__.py:77} DEBUG - Lineage called with inlets: [], outlets: []
[2024-12-18T20:10:40.917+0000] {taskinstance.py:340} INFO - ::group::Post task execution logs
[2024-12-18T20:10:40.918+0000] {taskinstance.py:352} INFO - Marking task as SUCCESS. dag_id=tiktok_dag, task_id=fetch_all_user_data, run_id=manual__2024-12-18T20:10:32.326443+00:00, execution_date=20241218T201032, start_date=20241218T201038, end_date=20241218T201040
[2024-12-18T20:10:40.934+0000] {cli_action_loggers.py:98} DEBUG - Calling callbacks: []
[2024-12-18T20:10:40.975+0000] {local_task_job_runner.py:266} INFO - Task exited with return code 0
[2024-12-18T20:10:40.998+0000] {dagrun.py:968} DEBUG - number of tis tasks for <DagRun tiktok_dag @ 2024-12-18 20:10:32.326443+00:00: manual__2024-12-18T20:10:32.326443+00:00, state:running, queued_at: 2024-12-18 20:10:32.430647+00:00. externally triggered: True>: 2 task(s)
[2024-12-18T20:10:40.999+0000] {taskinstance.py:3895} INFO - 0 downstream tasks scheduled from follow-on schedule check
[2024-12-18T20:10:41.004+0000] {local_task_job_runner.py:245} INFO - ::endgroup::
