[2024-12-17T17:10:56.639+0000] {__init__.py:54} DEBUG - Loading core task runner: StandardTaskRunner
[2024-12-17T17:10:56.669+0000] {base_task_runner.py:73} DEBUG - Planning to run as the  user
[2024-12-17T17:10:56.675+0000] {local_task_job_runner.py:123} INFO - ::group::Pre task execution logs
[2024-12-17T17:10:56.690+0000] {taskinstance.py:2625} DEBUG - <TaskInstance: tiktok_dag.load_usernames manual__2024-12-17T17:10:54.785410+00:00 [queued]> dependency 'Trigger Rule' PASSED: True, The task instance did not have any upstream tasks.
[2024-12-17T17:10:56.691+0000] {taskinstance.py:2625} DEBUG - <TaskInstance: tiktok_dag.load_usernames manual__2024-12-17T17:10:54.785410+00:00 [queued]> dependency 'Task Instance State' PASSED: True, Task state queued was valid.
[2024-12-17T17:10:56.691+0000] {taskinstance.py:2625} DEBUG - <TaskInstance: tiktok_dag.load_usernames manual__2024-12-17T17:10:54.785410+00:00 [queued]> dependency 'Task Instance Not Running' PASSED: True, Task is not in running state.
[2024-12-17T17:10:56.692+0000] {taskinstance.py:2625} DEBUG - <TaskInstance: tiktok_dag.load_usernames manual__2024-12-17T17:10:54.785410+00:00 [queued]> dependency 'Not In Retry Period' PASSED: True, The task instance was not marked for retrying.
[2024-12-17T17:10:56.692+0000] {taskinstance.py:2625} DEBUG - <TaskInstance: tiktok_dag.load_usernames manual__2024-12-17T17:10:54.785410+00:00 [queued]> dependency 'Previous Dagrun State' PASSED: True, The task did not have depends_on_past set.
[2024-12-17T17:10:56.703+0000] {taskinstance.py:2613} INFO - Dependencies all met for dep_context=non-requeueable deps ti=<TaskInstance: tiktok_dag.load_usernames manual__2024-12-17T17:10:54.785410+00:00 [queued]>
[2024-12-17T17:10:56.704+0000] {taskinstance.py:2625} DEBUG - <TaskInstance: tiktok_dag.load_usernames manual__2024-12-17T17:10:54.785410+00:00 [queued]> dependency 'Trigger Rule' PASSED: True, The task instance did not have any upstream tasks.
[2024-12-17T17:10:56.704+0000] {taskinstance.py:2625} DEBUG - <TaskInstance: tiktok_dag.load_usernames manual__2024-12-17T17:10:54.785410+00:00 [queued]> dependency 'Not In Retry Period' PASSED: True, The task instance was not marked for retrying.
[2024-12-17T17:10:56.705+0000] {taskinstance.py:2625} DEBUG - <TaskInstance: tiktok_dag.load_usernames manual__2024-12-17T17:10:54.785410+00:00 [queued]> dependency 'Previous Dagrun State' PASSED: True, The task did not have depends_on_past set.
[2024-12-17T17:10:56.706+0000] {taskinstance.py:2625} DEBUG - <TaskInstance: tiktok_dag.load_usernames manual__2024-12-17T17:10:54.785410+00:00 [queued]> dependency 'Task Concurrency' PASSED: True, Task concurrency is not set.
[2024-12-17T17:10:56.711+0000] {taskinstance.py:2625} DEBUG - <TaskInstance: tiktok_dag.load_usernames manual__2024-12-17T17:10:54.785410+00:00 [queued]> dependency 'Pool Slots Available' PASSED: True, There are enough open slots in default_pool to execute the task
[2024-12-17T17:10:56.717+0000] {taskinstance.py:2613} INFO - Dependencies all met for dep_context=requeueable deps ti=<TaskInstance: tiktok_dag.load_usernames manual__2024-12-17T17:10:54.785410+00:00 [queued]>
[2024-12-17T17:10:56.717+0000] {taskinstance.py:2866} INFO - Starting attempt 1 of 2
[2024-12-17T17:10:56.736+0000] {taskinstance.py:2889} INFO - Executing <Task(PythonOperator): load_usernames> on 2024-12-17 17:10:54.785410+00:00
[2024-12-17T17:10:56.745+0000] {logging_mixin.py:190} WARNING - /home/***/.local/lib/python3.12/site-packages/***/task/task_runner/standard_task_runner.py:70 DeprecationWarning: This process (pid=567) is multi-threaded, use of fork() may lead to deadlocks in the child.
[2024-12-17T17:10:56.748+0000] {standard_task_runner.py:72} INFO - Started process 569 to run task
[2024-12-17T17:10:56.745+0000] {standard_task_runner.py:104} INFO - Running: ['***', 'tasks', 'run', 'tiktok_dag', 'load_usernames', 'manual__2024-12-17T17:10:54.785410+00:00', '--job-id', '51', '--raw', '--subdir', 'DAGS_FOLDER/tiktok_dag.py', '--cfg-path', '/tmp/tmp1opne__t']
[2024-12-17T17:10:56.749+0000] {standard_task_runner.py:105} INFO - Job 51: Subtask load_usernames
[2024-12-17T17:10:56.750+0000] {cli_action_loggers.py:79} DEBUG - Calling callbacks: [<function default_action_log at 0x7f8722155da0>]
[2024-12-17T17:10:56.807+0000] {task_command.py:467} INFO - Running <TaskInstance: tiktok_dag.load_usernames manual__2024-12-17T17:10:54.785410+00:00 [running]> on host 8ee198177aea
[2024-12-17T17:10:56.867+0000] {taskinstance.py:2384} DEBUG - Clearing XCom data
[2024-12-17T17:10:56.886+0000] {retries.py:95} DEBUG - Running RenderedTaskInstanceFields.write with retries. Try 1 of 3
[2024-12-17T17:10:56.915+0000] {retries.py:95} DEBUG - Running RenderedTaskInstanceFields._do_delete_old_records with retries. Try 1 of 3
[2024-12-17T17:10:56.927+0000] {taskinstance.py:3132} INFO - Exporting env vars: AIRFLOW_CTX_DAG_OWNER='***' AIRFLOW_CTX_DAG_ID='tiktok_dag' AIRFLOW_CTX_TASK_ID='load_usernames' AIRFLOW_CTX_EXECUTION_DATE='2024-12-17T17:10:54.785410+00:00' AIRFLOW_CTX_TRY_NUMBER='1' AIRFLOW_CTX_DAG_RUN_ID='manual__2024-12-17T17:10:54.785410+00:00'
[2024-12-17T17:10:56.928+0000] {__init__.py:115} DEBUG - Preparing lineage inlets and outlets
[2024-12-17T17:10:56.930+0000] {__init__.py:154} DEBUG - inlets: [], outlets: []
[2024-12-17T17:10:56.931+0000] {taskinstance.py:731} INFO - ::endgroup::
[2024-12-17T17:10:56.950+0000] {tiktok_dag.py:43} INFO - Successfully loaded 3 usernames from /opt/***/dags/influencers.csv
[2024-12-17T17:10:56.951+0000] {tiktok_dag.py:44} INFO - Usernames loaded: ['mrbeast', 'jadeanna', 'feyenoord']
[2024-12-17T17:10:56.969+0000] {python.py:240} INFO - Done. Returned value was: None
[2024-12-17T17:10:56.970+0000] {__init__.py:77} DEBUG - Lineage called with inlets: [], outlets: []
[2024-12-17T17:10:56.981+0000] {taskinstance.py:340} INFO - ::group::Post task execution logs
[2024-12-17T17:10:56.982+0000] {taskinstance.py:352} INFO - Marking task as SUCCESS. dag_id=tiktok_dag, task_id=load_usernames, run_id=manual__2024-12-17T17:10:54.785410+00:00, execution_date=20241217T171054, start_date=20241217T171056, end_date=20241217T171056
[2024-12-17T17:10:56.996+0000] {cli_action_loggers.py:98} DEBUG - Calling callbacks: []
[2024-12-17T17:10:57.044+0000] {local_task_job_runner.py:266} INFO - Task exited with return code 0
[2024-12-17T17:10:57.068+0000] {dagrun.py:968} DEBUG - number of tis tasks for <DagRun tiktok_dag @ 2024-12-17 17:10:54.785410+00:00: manual__2024-12-17T17:10:54.785410+00:00, state:running, queued_at: 2024-12-17 17:10:54.801880+00:00. externally triggered: True>: 2 task(s)
[2024-12-17T17:10:57.069+0000] {dagrun.py:989} DEBUG - number of scheduleable tasks for <DagRun tiktok_dag @ 2024-12-17 17:10:54.785410+00:00: manual__2024-12-17T17:10:54.785410+00:00, state:running, queued_at: 2024-12-17 17:10:54.801880+00:00. externally triggered: True>: 1 task(s)
[2024-12-17T17:10:57.070+0000] {taskinstance.py:2625} DEBUG - <TaskInstance: tiktok_dag.fetch_all_user_data manual__2024-12-17T17:10:54.785410+00:00 [None]> dependency 'Previous Dagrun State' PASSED: True, The task did not have depends_on_past set.
[2024-12-17T17:10:57.071+0000] {taskinstance.py:2625} DEBUG - <TaskInstance: tiktok_dag.fetch_all_user_data manual__2024-12-17T17:10:54.785410+00:00 [None]> dependency 'Not In Retry Period' PASSED: True, The task instance was not marked for retrying.
[2024-12-17T17:10:57.072+0000] {taskinstance.py:2613} DEBUG - Dependencies all met for dep_context=None ti=<TaskInstance: tiktok_dag.fetch_all_user_data manual__2024-12-17T17:10:54.785410+00:00 [None]>
[2024-12-17T17:10:57.077+0000] {taskinstance.py:3895} INFO - 1 downstream tasks scheduled from follow-on schedule check
[2024-12-17T17:10:57.083+0000] {local_task_job_runner.py:245} INFO - ::endgroup::
